200000,2154270,2119,0,1,0,0,0,0.0067,0.0082,0.0112,0.0075,0.0126,0.0094,0.0101,0.0123,0.0119,0.0499,0.0499,0.0063,0.0104,0.0128,0.0097,0.0019,0.2307
400000,4197558,4434,0,1,0,0,0,0.0135,0.0215,0.0271,0.0161,0.0185,0.0213,0.0219,0.0257,0.0225,0.1263,0.1247,0.0216,0.0192,0.0214,0.0248,0.0060,0.5322
600000,6184487,6894,0,1,0,0,0,0.0172,0.0316,0.0368,0.0245,0.0295,0.0297,0.0261,0.0322,0.0271,0.1666,0.1645,0.0328,0.0282,0.0292,0.0426,0.0106,0.7292
800000,8111711,9487,0,1,0,0,0,0.0261,0.0330,0.0403,0.0380,0.0274,0.0343,0.0397,0.0502,0.0397,0.1897,0.1891,0.0327,0.0357,0.0433,0.0531,0.0156,0.8879
1000000,10012677,12112,0,1,0,0,0,0.0405,0.0393,0.0436,0.0413,0.0421,0.0397,0.0404,0.0493,0.0465,0.2166,0.2156,0.0425,0.0370,0.0406,0.0453,0.0214,1.0016
1200000,11899027,14748,0,1,0,0,0,0.0373,0.0562,0.0457,0.0490,0.0456,0.0524,0.0428,0.0526,0.0455,0.2075,0.2068,0.0460,0.0441,0.0503,0.0522,0.0264,1.0603
1400000,13699554,17400,0,1,0,0,0,0.0410,0.0500,0.0523,0.0466,0.0467,0.0548,0.0502,0.0558,0.0601,0.2865,0.2860,0.0475,0.0462,0.0514,0.0631,0.0328,1.2709
1600000,15531395,20031,0,1,0,0,0,0.0382,0.0452,0.0604,0.0490,0.0508,0.0605,0.0476,0.0591,0.0553,0.2580,0.2571,0.0531,0.0641,0.0595,0.0628,0.0377,1.2585
1800000,17319009,22568,0,2,0,0,0,0.0421,0.0660,0.0575,0.0481,0.0516,0.0687,0.0529,0.0678,0.0602,0.3069,0.3052,0.0537,0.0549,0.0702,0.0703,0.0421,1.4183
2000000,19063341,25164,0,2,0,0,0,0.0610,0.0618,0.0656,0.0600,0.0692,0.0607,0.0630,0.0705,0.0629,0.3066,0.3064,0.0675,0.0645,0.0559,0.0678,0.0481,1.4913
2200000,20784108,27733,0,2,0,0,0,0.0528,0.0702,0.0717,0.0695,0.0578,0.0622,0.0655,0.0719,0.0660,0.3379,0.3391,0.0624,0.0627,0.0643,0.0682,0.0540,1.5762
2400000,22488159,30233,0,2,0,0,0,0.0576,0.0640,0.0733,0.0581,0.0632,0.0717,0.0606,0.0904,0.0568,0.3325,0.3311,0.0637,0.0715,0.0681,0.0685,0.0584,1.5896
2600000,24228377,32739,0,2,0,0,0,0.0569,0.0590,0.0601,0.0653,0.0603,0.0829,0.0588,0.0664,0.0643,0.3004,0.2994,0.0646,0.0616,0.0729,0.0694,0.0637,1.5062
2800000,25981749,35224,0,2,0,0,0,0.0602,0.0735,0.0669,0.0781,0.0713,0.0822,0.0690,0.0849,0.0712,0.2658,0.2678,0.0752,0.0744,0.0737,0.0782,0.0682,1.5606
3000000,27663820,37718,0,2,0,0,0,0.0605,0.0813,0.0764,0.0640,0.0614,0.0767,0.0707,0.0788,0.0872,0.3013,0.3014,0.0779,0.0919,0.0752,0.0940,0.0738,1.6725
3200000,29267851,40175,0,2,0,0,0,0.0612,0.0867,0.0904,0.0642,0.0815,0.0764,0.0728,0.0895,0.0832,0.3760,0.3780,0.0753,0.0970,0.0952,0.0958,0.0806,1.9038
3400000,30907675,42601,0,2,0,0,0,0.0716,0.0757,0.0810,0.0702,0.0715,0.0990,0.0672,0.0842,0.0848,0.3422,0.3437,0.0828,0.0788,0.0848,0.0879,0.0841,1.8095
3600000,32566164,44979,0,2,0,0,0,0.0726,0.0806,0.0825,0.0764,0.0711,0.0811,0.0687,0.0982,0.0824,0.3224,0.3244,0.0784,0.0801,0.0812,0.0915,0.0888,1.7805
3800000,34157604,47400,0,2,0,0,0,0.0826,0.0921,0.0798,0.0813,0.0735,0.0935,0.0801,0.0921,0.0780,0.3499,0.3521,0.0874,0.0884,0.0886,0.0937,0.0944,1.9076
4000000,35761768,49764,0,2,0,0,0,0.0744,0.0781,0.0920,0.0901,0.0861,0.0895,0.0750,0.1044,0.0894,0.3374,0.3405,0.0773,0.0829,0.0924,0.1099,0.0998,1.9192
4200000,37410860,52157,0,2,0,0,0,0.0778,0.0802,0.0886,0.0756,0.0731,0.0989,0.0760,0.0942,0.0990,0.3020,0.3068,0.0850,0.0821,0.0820,0.0931,0.1039,1.8182
4400000,38971294,54528,0,2,0,0,0,0.0857,0.0837,0.0899,0.0927,0.0901,0.0979,0.0916,0.1135,0.0970,0.3481,0.3514,0.0894,0.0977,0.1040,0.1121,0.1089,2.0539
4600000,40580163,56787,0,2,0,0,0,0.0765,0.0759,0.0889,0.0805,0.0851,0.0977,0.0868,0.0884,0.0917,0.3451,0.3517,0.0888,0.0916,0.0938,0.0940,0.1133,1.9499
4800000,42161477,59096,0,2,0,0,0,0.0819,0.0926,0.0912,0.0848,0.0810,0.1000,0.0905,0.1041,0.0911,0.3104,0.3140,0.1064,0.0884,0.0896,0.1076,0.1195,1.9530
5000000,43779486,61338,0,2,0,0,0,0.0777,0.0880,0.0859,0.0787,0.0821,0.0872,0.0879,0.1002,0.0896,0.2924,0.2969,0.0777,0.0932,0.0979,0.0971,0.1211,1.8536
5200000,45298654,63563,0,2,0,0,0,0.0930,0.0965,0.1149,0.0912,0.0975,0.1074,0.0959,0.1089,0.1026,0.3611,0.3663,0.0970,0.1006,0.0926,0.1093,0.1276,2.1625
5400000,46880390,65764,0,2,0,0,0,0.0879,0.1019,0.0942,0.0834,0.0849,0.1114,0.0895,0.0997,0.0919,0.3037,0.3079,0.0954,0.0947,0.0951,0.0946,0.1317,1.9678
5600000,48445722,67980,1,3,0,0,0,0.0876,0.1072,0.1031,0.0963,0.0950,0.0977,0.1014,0.1041,0.0897,0.3392,0.3444,0.0966,0.0951,0.0972,0.0998,0.1377,2.0921
[EVENT] Viable replicators have appeared!
5800000,49969094,70177,1,3,0,0,0,0.1009,0.0912,0.0966,0.0929,0.0941,0.1145,0.0870,0.1087,0.0920,0.3577,0.3636,0.1055,0.1070,0.1109,0.1314,0.1405,2.1945
6000000,51469566,72434,1,3,0,0,0,0.0938,0.1147,0.1143,0.0961,0.1080,0.1006,0.1019,0.1186,0.1040,0.3840,0.3897,0.1113,0.1084,0.1014,0.1216,0.1468,2.3152
6200000,52973035,74585,1,3,0,0,0,0.0882,0.1065,0.1154,0.1062,0.1065,0.1106,0.1075,0.1363,0.1132,0.3802,0.3872,0.1225,0.1141,0.1122,0.1292,0.1514,2.3872
6400000,54491429,76730,1,3,0,0,0,0.0895,0.0990,0.1103,0.0954,0.1092,0.1044,0.0976,0.1124,0.1097,0.3568,0.3617,0.1062,0.1100,0.1039,0.1168,0.1540,2.2370
6600000,55977556,78899,1,3,0,0,0,0.1027,0.1307,0.1115,0.1099,0.1100,0.1211,0.1097,0.1389,0.1207,0.4021,0.4085,0.1085,0.1175,0.1157,0.1199,0.1610,2.4885
6800000,57502175,81046,1,3,0,0,0,0.0898,0.0985,0.0969,0.0955,0.0958,0.1142,0.0980,0.1105,0.1007,0.3663,0.3725,0.1079,0.0954,0.1237,0.1249,0.1639,2.2546
7000000,58970163,83148,1,3,0,0,0,0.1109,0.1126,0.1026,0.1093,0.1168,0.1206,0.1189,0.1233,0.1208,0.3627,0.3685,0.1220,0.1108,0.1087,0.1272,0.1684,2.4041
7200000,60489604,85215,1,3,0,0,0,0.1000,0.1084,0.1121,0.0997,0.1035,0.1076,0.0947,0.1079,0.1084,0.3098,0.3161,0.1017,0.1048,0.1053,0.1056,0.1739,2.1594
7400000,61987048,87232,1,3,0,0,0,0.1081,0.1079,0.1114,0.1049,0.1121,0.1221,0.1134,0.1182,0.1050,0.3836,0.3894,0.1181,0.1212,0.1183,0.1315,0.1778,2.4428
7600000,63465631,89245,1,3,0,0,0,0.1097,0.1135,0.1241,0.1040,0.1061,0.1100,0.1174,0.1220,0.1182,0.3608,0.3672,0.1162,0.1125,0.1210,0.1158,0.1806,2.3992
7800000,64919893,91209,1,3,0,0,0,0.1051,0.1104,0.1206,0.1057,0.1138,0.1237,0.1180,0.1110,0.1240,0.3981,0.4042,0.1205,0.1148,0.1156,0.1257,0.1855,2.4967
8000000,66371133,93320,1,3,0,0,0,0.1081,0.1151,0.1226,0.1243,0.1261,0.1190,0.1128,0.1380,0.1085,0.3926,0.3985,0.1181,0.1177,0.1104,0.1417,0.1889,2.5423
8200000,67813796,95306,1,3,0,0,0,0.1110,0.1220,0.1204,0.1216,0.1244,0.1270,0.1260,0.1240,0.1266,0.3954,0.4051,0.1304,0.1159,0.1336,0.1239,0.1956,2.6030
8400000,69238163,97360,1,3,0,0,0,0.1156,0.1073,0.1288,0.1169,0.1293,0.1275,0.1170,0.1313,0.1198,0.3625,0.3699,0.1264,0.1276,0.1303,0.1240,0.1969,2.5312
8600000,70649989,99352,1,3,0,0,0,0.1209,0.1286,0.1374,0.1224,0.1231,0.1274,0.1255,0.1400,0.1288,0.3959,0.4042,0.1284,0.1299,0.1311,0.1300,0.2026,2.6762
8800000,72079958,101276,1,3,0,0,0,0.1140,0.1290,0.1380,0.1150,0.1144,0.1394,0.1211,0.1366,0.1287,0.4400,0.4490,0.1224,0.1250,0.1315,0.1329,0.2039,2.7408
9000000,73505331,103166,1,3,0,0,0,0.1263,0.1344,0.1389,0.1291,0.1339,0.1292,0.1311,0.1592,0.1254,0.3806,0.3885,0.1195,0.1301,0.1361,0.1478,0.2107,2.7208
9200000,74899378,105123,1,3,0,0,0,0.1211,0.1390,0.1464,0.1177,0.1155,0.1334,0.1222,0.1408,0.1403,0.4634,0.4726,0.1296,0.1388,0.1326,0.1513,0.2147,2.8795
9400000,76302563,107059,1,3,0,0,0,0.1250,0.1336,0.1297,0.1283,0.1239,0.1308,0.1175,0.1327,0.1295,0.3825,0.3927,0.1336,0.1200,0.1358,0.1439,0.2166,2.6761
9600000,77670743,108968,1,3,0,0,0,0.1237,0.1309,0.1283,0.1171,0.1312,0.1599,0.1256,0.1492,0.1371,0.3940,0.4050,0.1273,0.1381,0.1373,0.1503,0.2211,2.7760
9800000,79066822,110804,1,3,0,0,0,0.1318,0.1222,0.1457,0.1355,0.1265,0.1337,0.1253,0.1332,0.1384,0.4254,0.4343,0.1266,0.1134,0.1430,0.1408,0.2266,2.8025
10000000,80465040,112678,1,3,0,0,0,0.1265,0.1273,0.1464,0.1239,0.1412,0.1345,0.1173,0.1342,0.1346,0.3818,0.3934,0.1389,0.1279,0.1242,0.1517,0.2284,2.7322
10200000,81833311,114538,1,3,0,0,0,0.1286,0.1325,0.1601,0.1293,0.1350,0.1350,0.1285,0.1422,0.1501,0.3903,0.4012,0.1312,0.1346,0.1286,0.1547,0.2339,2.8158
10400000,83178543,116358,1,3,0,0,0,0.1292,0.1288,0.1335,0.1322,0.1358,0.1403,0.1331,0.1498,0.1452,0.3984,0.4094,0.1300,0.1366,0.1717,0.1711,0.2392,2.8843
10600000,84570972,118110,1,3,0,0,0,0.1315,0.1259,0.1370,0.1288,0.1268,0.1472,0.1406,0.1379,0.1403,0.3802,0.3908,0.1312,0.1368,0.1375,0.1602,0.2412,2.7938
10800000,85883811,119962,2,3,0,0,0,0.1367,0.1365,0.1492,0.1398,0.1368,0.1508,0.1368,0.1435,0.1417,0.4115,0.4224,0.1418,0.1364,0.1318,0.1629,0.2459,2.9245
11000000,87231039,121802,2,3,0,0,0,0.1337,0.1376,0.1359,0.1272,0.1336,0.1438,0.1292,0.1483,0.1377,0.4179,0.4266,0.1479,0.1343,0.1527,0.1467,0.2499,2.9029
11200000,88534803,123560,2,3,0,0,0,0.1338,0.1421,0.1552,0.1425,0.1421,0.1482,0.1566,0.1746,0.1473,0.4337,0.4473,0.1560,0.1439,0.1646,0.1509,0.2533,3.0921
11400000,89853633,125292,2,3,0,0,0,0.1469,0.1474,0.1541,0.1493,0.1571,0.1563,0.1410,0.1586,0.1577,0.4026,0.4129,0.1471,0.1508,0.1485,0.1651,0.2569,3.0522
11600000,91144722,126975,2,3,0,0,0,0.1477,0.1432,0.1562,0.1606,0.1437,0.1548,0.1385,0.1708,0.1531,0.4223,0.4349,0.1458,0.1479,0.1495,0.1623,0.2595,3.0907
11800000,92459780,128656,2,3,0,0,0,0.1402,0.1455,0.1463,0.1446,0.1427,0.1499,0.1430,0.1564,0.1402,0.4344,0.4488,0.1472,0.1404,0.1476,0.1740,0.2641,3.0652
12000000,93776636,130413,2,3,0,0,0,0.1363,0.1444,0.1465,0.1512,0.1432,0.1528,0.1453,0.1508,0.1587,0.4426,0.4555,0.1529,0.1579,0.1497,0.1758,0.2651,3.1287
12200000,95098307,132122,2,3,0,0,0,0.1481,0.1464,0.1522,0.1460,0.1477,0.1648,0.1355,0.1578,0.1504,0.4277,0.4401,0.1523,0.1428,0.1660,0.1591,0.2680,3.1048
12400000,96420575,133775,2,3,0,0,0,0.1374,0.1469,0.1525,0.1328,0.1495,0.1485,0.1312,0.1581,0.1443,0.4072,0.4210,0.1420,0.1521,0.1455,0.1471,0.2726,2.9886
12600000,97672668,135418,2,3,0,0,0,0.1472,0.1441,0.1678,0.1555,0.1571,0.1657,0.1566,0.1624,0.1599,0.4792,0.4961,0.1523,0.1580,0.1694,0.1607,0.2769,3.3088
12800000,98996839,137071,2,3,0,0,0,0.1439,0.1476,0.1544,0.1477,0.1451,0.1614,0.1362,0.1638,0.1438,0.3887,0.4026,0.1487,0.1538,0.1597,0.1653,0.2801,3.0428
13000000,100302313,138678,2,3,0,0,0,0.1511,0.1656,0.1661,0.1559,0.1504,0.1616,0.1469,0.1624,0.1589,0.4250,0.4408,0.1513,0.1558,0.1567,0.1885,0.2848,3.2216
13200000,101585133,140385,2,3,0,0,0,0.1532,0.1411,0.1646,0.1537,0.1535,0.1643,0.1528,0.1640,0.1626,0.4382,0.4549,0.1485,0.1664,0.1582,0.1631,0.2872,3.2262
13400000,102826198,142050,2,3,0,0,0,0.1567,0.1577,0.1613,0.1568,0.1653,0.1747,0.1767,0.1586,0.1741,0.4426,0.4589,0.1627,0.1663,0.1754,0.1884,0.2925,3.3690
13600000,104103020,143735,2,3,0,0,0,0.1570,0.1613,0.1633,0.1518,0.1739,0.1702,0.1460,0.1748,0.1486,0.4278,0.4428,0.1411,0.1615,0.1695,0.1719,0.2939,3.2552
13800000,105404041,145359,2,3,0,0,0,0.1492,0.1520,0.1609,0.1444,0.1520,0.1612,0.1514,0.1760,0.1556,0.4153,0.4335,0.1595,0.1529,0.1560,0.1812,0.2979,3.1990
14000000,106679302,146930,2,3,0,0,0,0.1523,0.1438,0.1641,0.1500,0.1573,0.1709,0.1469,0.1604,0.1546,0.4089,0.4251,0.1685,0.1610,0.1657,0.1686,0.2994,3.1974
14200000,107949150,148554,2,3,0,0,0,0.1544,0.1482,0.1767,0.1579,0.1575,0.1662,0.1561,0.1608,0.1618,0.4224,0.4368,0.1606,0.1637,0.1494,0.1946,0.3039,3.2710
14400000,109178728,150064,1,3,0,0,0,0.1542,0.1610,0.1702,0.1489,0.1537,0.1777,0.1621,0.1689,0.1665,0.4580,0.4737,0.1726,0.1542,0.1627,0.1763,0.3087,3.3693
14600000,110457127,151603,2,3,0,0,0,0.1660,0.1662,0.1689,0.1655,0.1564,0.1661,0.1572,0.1620,0.1619,0.4100,0.4266,0.1588,0.1701,0.1710,0.1766,0.3121,3.2952
14800000,111695372,153228,2,3,0,0,0,0.1479,0.1703,0.1848,0.1511,0.1527,0.1561,0.1508,0.1745,0.1584,0.4586,0.4759,0.1551,0.1609,0.1677,0.1780,0.3154,3.3580
15000000,112964384,154810,2,3,0,0,0,0.1603,0.1557,0.1730,0.1555,0.1684,0.1755,0.1499,0.1753,0.1636,0.4051,0.4211,0.1725,0.1588,0.1692,0.1694,0.3182,3.2916
15200000,114189458,156336,1,3,0,0,0,0.1674,0.1742,0.1777,0.1568,0.1746,0.1798,0.1458,0.1795,0.1598,0.4792,0.4990,0.1843,0.1593,0.1804,0.1857,0.3213,3.5249
15400000,115399242,157797,1,3,0,0,0,0.1623,0.1605,0.1789,0.1645,0.1640,0.1684,0.1546,0.1827,0.1664,0.4111,0.4294,0.1694,0.1607,0.1739,0.1887,0.3263,3.3619
15600000,116617762,159301,1,3,0,0,0,0.1696,0.1684,0.1737,0.1745,0.1828,0.1778,0.1554,0.1793,0.1721,0.4579,0.4765,0.1692,0.1758,0.1840,0.1836,0.3271,3.5279
15800000,117850936,160822,1,3,0,0,0,0.1658,0.1640,0.1843,0.1729,0.1747,0.1658,0.1749,0.1847,0.1764,0.4270,0.4426,0.1669,0.1754,0.1763,0.1954,0.3312,3.4783
16000000,119048325,162326,1,3,0,0,0,0.1706,0.1680,0.1816,0.1680,0.1676,0.1739,0.1481,0.1772,0.1580,0.4252,0.4432,0.1760,0.1828,0.1724,0.1929,0.3328,3.4382
16200000,120251727,163794,1,3,0,0,0,0.1697,0.1721,0.1943,0.1758,0.1763,0.1898,0.1689,0.1822,0.1899,0.4838,0.5014,0.1797,0.1675,0.1844,0.1839,0.3363,3.6560
16400000,121449658,165198,1,3,0,0,0,0.1645,0.1872,0.1761,0.1605,0.1756,0.1698,0.1658,0.1706,0.1777,0.4419,0.4589,0.1702,0.1658,0.1788,0.1687,0.3396,3.4717
16600000,122618964,166591,1,3,0,0,0,0.1741,0.1635,0.1776,0.1741,0.1720,0.1758,0.1787,0.1781,0.1852,0.4490,0.4669,0.1733,0.1849,0.1759,0.2087,0.3426,3.5801
16800000,123800850,167986,1,3,0,0,0,0.1618,0.1790,0.1988,0.1754,0.1839,0.1801,0.1641,0.1849,0.1698,0.4929,0.5110,0.1720,0.1737,0.1800,0.2016,0.3454,3.6744
17000000,124988564,169375,2,3,0,0,0,0.1752,0.1681,0.1813,0.1679,0.1674,0.1879,0.1651,0.1865,0.1787,0.4752,0.4916,0.1765,0.1786,0.1784,0.1927,0.3481,3.6194
17200000,126184227,170778,3,3,0,0,0,0.1731,0.1711,0.1799,0.1805,0.1746,0.1864,0.1625,0.1779,0.1694,0.4266,0.4455,0.1800,0.1712,0.1853,0.1832,0.3505,3.5177
17400000,127373892,172157,3,4,0,0,0,0.1716,0.1718,0.1745,0.1598,0.1660,0.1744,0.1674,0.1734,0.1752,0.4362,0.4560,0.1959,0.1786,0.1718,0.1807,0.3551,3.5085
17600000,128514156,173502,3,4,0,0,0,0.1795,0.1768,0.1853,0.1821,0.1858,0.2047,0.1668,0.1831,0.1825,0.5029,0.5215,0.1840,0.1801,0.2015,0.2037,0.3569,3.7973
17800000,129726747,174860,3,4,0,0,0,0.1756,0.1806,0.1806,0.1592,0.1626,0.1787,0.1730,0.1844,0.1823,0.4508,0.4697,0.1824,0.1779,0.1895,0.1912,0.3599,3.5984
18000000,130899946,176157,4,4,0,0,0,0.1844,0.1862,0.1899,0.1726,0.1661,0.1752,0.1674,0.1820,0.1853,0.5040,0.5255,0.1874,0.1826,0.1832,0.2064,0.3621,3.7603
18200000,132076403,177544,4,4,0,1,0,0.1735,0.1760,0.1717,0.1787,0.1670,0.1818,0.1730,0.2011,0.1816,0.4478,0.4707,0.1760,0.1843,0.1694,0.1926,0.3668,3.6121
18400000,133250859,178882,3,4,0,0,0,0.1727,0.1698,0.1877,0.1708,0.1725,0.1777,0.1651,0.1771,0.1832,0.4534,0.4731,0.1817,0.1683,0.1783,0.1873,0.3658,3.5846
18600000,134407719,180247,3,4,0,0,0,0.1790,0.1863,0.1946,0.1801,0.1745,0.1847,0.1749,0.1826,0.1803,0.4617,0.4825,0.1753,0.1744,0.1950,0.2154,0.3727,3.7142
18800000,135566984,181579,3,4,0,0,0,0.1796,0.1880,0.1999,0.1786,0.1733,0.1916,0.1816,0.2057,0.1831,0.4752,0.4967,0.1932,0.1862,0.1984,0.2024,0.3722,3.8056
19000000,136704430,182818,3,4,0,0,0,0.1786,0.1939,0.1937,0.1825,0.1870,0.1974,0.1762,0.2050,0.1847,0.4567,0.4799,0.1669,0.1854,0.1878,0.2253,0.3773,3.7783
19200000,137830941,184104,2,4,0,0,0,0.1859,0.1720,0.1922,0.1772,0.1763,0.1848,0.1801,0.1861,0.1791,0.5014,0.5246,0.1970,0.1871,0.1873,0.1989,0.3796,3.8097
19400000,138933889,185298,2,4,0,0,0,0.1795,0.1819,0.1802,0.1782,0.1740,0.2008,0.1736,0.2043,0.1956,0.4898,0.5108,0.1885,0.1770,0.1896,0.1941,0.3802,3.7979
19600000,140022632,186551,1,3,0,0,0,0.1856,0.1660,0.1994,0.1767,0.1831,0.2031,0.1779,0.2028,0.1853,0.4949,0.5167,0.1911,0.1922,0.1957,0.2119,0.3849,3.8673
19800000,141161131,187828,1,3,0,0,0,0.1812,0.1761,0.1791,0.1767,0.1789,0.1977,0.1777,0.1984,0.1972,0.4751,0.4943,0.1818,0.1763,0.1945,0.2058,0.3878,3.7786
20000000,142265659,189099,1,3,0,0,0,0.1861,0.1919,0.1959,0.1915,0.1917,0.1948,0.1792,0.1962,0.1912,0.4835,0.5074,0.1946,0.1830,0.2041,0.1885,0.3880,3.8676
20200000,143385097,190358,1,3,0,0,0,0.1915,0.1855,0.1977,0.1792,0.1852,0.2033,0.1761,0.2022,0.1862,0.4917,0.5147,0.1980,0.1996,0.2136,0.2223,0.3908,3.9375
20400000,144486097,191564,1,3,0,0,0,0.1869,0.1768,0.1828,0.1860,0.1976,0.1990,0.1792,0.2082,0.1943,0.5122,0.5357,0.2010,0.1807,0.1925,0.2074,0.3961,3.9366
20600000,145570563,192756,1,3,0,0,0,0.1857,0.1984,0.2014,0.1895,0.2055,0.1982,0.1812,0.2027,0.1917,0.5069,0.5262,0.2171,0.2033,0.2043,0.2049,0.3942,4.0112
20800000,146713581,193936,1,3,0,0,0,0.1917,0.1741,0.2167,0.1782,0.1915,0.1872,0.1702,0.2012,0.1894,0.4737,0.4965,0.1793,0.1807,0.2068,0.2058,0.3983,3.8413
21000000,147750035,195136,2,3,0,0,0,0.1947,0.2039,0.2059,0.1869,0.1900,0.2112,0.2010,0.2238,0.2125,0.5483,0.5714,0.1964,0.2176,0.2140,0.2306,0.4033,4.2115
21200000,148877750,196322,2,3,1,0,1,0.1894,0.1866,0.2069,0.1800,0.1866,0.1909,0.1692,0.1878,0.1932,0.4533,0.4784,0.1734,0.1843,0.1925,0.2095,0.4033,3.7854
21400000,149975453,197474,2,3,0,0,0,0.1915,0.1900,0.1917,0.1865,0.1894,0.2027,0.1748,0.2194,0.1975,0.5372,0.5579,0.1957,0.1950,0.1976,0.2129,0.4055,4.0455
21600000,151089538,198643,2,3,0,0,0,0.1923,0.2064,0.2071,0.2036,0.1835,0.1975,0.1841,0.1911,0.1905,0.4879,0.5115,0.1966,0.1948,0.2060,0.2188,0.4107,3.9825
21800000,152176123,199849,2,3,0,0,0,0.1836,0.1926,0.2042,0.1867,0.1912,0.2029,0.1728,0.2050,0.1847,0.5187,0.5451,0.2050,0.2007,0.2108,0.2201,0.4114,4.0355
22000000,153302861,201005,2,3,0,0,0,0.1837,0.1787,0.1961,0.1813,0.1936,0.1842,0.1669,0.1902,0.1905,0.4840,0.5123,0.1904,0.2019,0.1842,0.1860,0.4143,3.8383
22200000,154385064,202149,2,3,0,0,0,0.2006,0.1860,0.2139,0.1901,0.1911,0.2053,0.1773,0.2135,0.1974,0.4958,0.5162,0.1903,0.1899,0.2047,0.2167,0.4146,4.0034
22400000,155477344,203310,3,3,0,1,0,0.1842,0.1802,0.2063,0.1796,0.1883,0.1968,0.1671,0.1955,0.1997,0.4569,0.4853,0.2057,0.1954,0.1945,0.2171,0.4174,3.8701
22600000,156579048,204502,4,4,0,0,0,0.1882,0.1802,0.1923,0.1786,0.1810,0.1979,0.1859,0.1931,0.1984,0.4450,0.4678,0.1976,0.1843,0.2053,0.2121,0.4225,3.8303
22800000,157658938,205608,2,3,0,1,0,0.1822,0.1885,0.2065,0.1873,0.1971,0.1895,0.1844,0.2073,0.2005,0.4474,0.4742,0.1982,0.1890,0.2234,0.2133,0.4228,3.9115
23000000,158724434,206787,2,3,0,0,0,0.1951,0.2107,0.2079,0.1944,0.1921,0.2091,0.1878,0.2094,0.2030,0.5059,0.5309,0.2111,0.2045,0.2102,0.2292,0.4275,4.1288
23200000,159825592,207888,2,3,0,0,0,0.2013,0.1927,0.2263,0.1878,0.2019,0.2111,0.1829,0.2035,0.1861,0.4845,0.5111,0.2212,0.2110,0.2039,0.2102,0.4294,4.0650
23400000,160915691,208940,2,3,0,0,0,0.1933,0.2029,0.2056,0.1895,0.1935,0.1893,0.1657,0.1985,0.1872,0.4536,0.4811,0.1999,0.2001,0.1941,0.2156,0.4331,3.9031
23600000,161978822,210030,3,3,0,0,0,0.1934,0.1956,0.2280,0.1920,0.2093,0.2098,0.1920,0.2155,0.2231,0.4935,0.5190,0.2056,0.2107,0.2154,0.2250,0.4317,4.1597
23800000,162991899,211182,2,3,0,1,0,0.1964,0.2059,0.2052,0.1931,0.1975,0.2141,0.1918,0.2186,0.2044,0.5216,0.5460,0.2038,0.2304,0.2023,0.2304,0.4359,4.1972
24000000,164017121,212221,2,3,0,0,0,0.2006,0.1918,0.2212,0.2013,0.1995,0.2210,0.1997,0.2199,0.2150,0.5611,0.5843,0.2157,0.2095,0.2104,0.2278,0.4372,4.3160
24200000,165046695,213214,3,3,0,1,5,0.1875,0.1899,0.1942,0.1801,0.1790,0.1915,0.1755,0.2006,0.1916,0.5079,0.5343,0.1882,0.1760,0.1889,0.2005,0.4396,3.9255
24400000,166066422,214306,4,3,0,0,0,0.1998,0.1882,0.2202,0.1889,0.2093,0.1996,0.1885,0.1939,0.1934,0.5572,0.5816,0.2022,0.2051,0.2164,0.2175,0.4442,4.2061
24600000,167087655,215283,3,3,0,0,0,0.1929,0.1822,0.2135,0.2015,0.2021,0.2135,0.2006,0.2009,0.1959,0.5139,0.5395,0.1976,0.2050,0.1973,0.2474,0.4446,4.1485
24800000,168092752,216341,3,3,0,0,0,0.2024,0.1992,0.2076,0.2023,0.2075,0.2275,0.2125,0.2314,0.2117,0.5146,0.5400,0.2161,0.2040,0.2227,0.2351,0.4449,4.2797
25000000,169150989,217332,3,3,0,1,4,0.2013,0.1911,0.1976,0.1887,0.2010,0.2047,0.1860,0.2190,0.1807,0.4658,0.4899,0.2066,0.1830,0.1887,0.2099,0.4476,3.9616
25200000,170217181,218367,3,3,0,0,0,0.2073,0.1982,0.2035,0.1990,0.2009,0.2074,0.1894,0.2198,0.2012,0.4992,0.5237,0.2290,0.2077,0.2061,0.2179,0.4500,4.1603
25400000,171246318,219302,2,3,0,0,0,0.2056,0.1999,0.2033,0.1930,0.2003,0.2266,0.1924,0.2064,0.2236,0.4875,0.5143,0.2030,0.2223,0.2185,0.2262,0.4531,4.1760
25600000,172314957,220366,2,3,0,0,0,0.1911,0.1942,0.2122,0.1979,0.1907,0.2101,0.1900,0.2013,0.1993,0.4808,0.5088,0.1980,0.2034,0.2076,0.2250,0.4555,4.0660
25800000,173279439,221352,2,3,0,0,0,0.2018,0.2004,0.2081,0.1985,0.1995,0.2242,0.1956,0.2189,0.2032,0.5231,0.5494,0.2296,0.2237,0.2139,0.2480,0.4577,4.2958
26000000,174273806,222257,2,3,0,0,0,0.1967,0.2027,0.2070,0.1974,0.2000,0.2034,0.1912,0.2128,0.2011,0.5531,0.5798,0.2145,0.2042,0.2192,0.2051,0.4570,4.2451
26200000,175292838,223183,2,3,0,0,0,0.2036,0.1963,0.2308,0.2076,0.1972,0.2182,0.1993,0.2110,0.2210,0.5227,0.5474,0.2186,0.2032,0.2214,0.2410,0.4604,4.2997
26400000,176302180,224199,2,3,0,0,0,0.2143,0.1986,0.2164,0.2179,0.2042,0.2224,0.2024,0.2131,0.2196,0.5293,0.5552,0.2179,0.2053,0.2088,0.2562,0.4610,4.3426
26600000,177306810,225209,2,3,0,0,0,0.2106,0.2207,0.2214,0.2146,0.2045,0.2131,0.1995,0.2210,0.2045,0.5538,0.5809,0.2256,0.2103,0.2186,0.2447,0.4658,4.4095
26800000,178291304,226102,2,3,0,0,0,0.2063,0.2017,0.2185,0.2129,0.2047,0.2226,0.1997,0.2135,0.2063,0.5638,0.5900,0.2281,0.2183,0.2223,0.2239,0.4665,4.3990
27000000,179294666,226999,2,3,0,0,0,0.2208,0.2226,0.2458,0.2088,0.2236,0.2349,0.1961,0.2198,0.2397,0.5011,0.5253,0.2155,0.2107,0.2227,0.2537,0.4696,4.4108
27200000,180294271,227968,2,3,0,0,0,0.2062,0.2108,0.2206,0.2117,0.2240,0.2140,0.1995,0.2223,0.2379,0.5084,0.5360,0.2301,0.2192,0.2205,0.2406,0.4678,4.3698
27400000,181316608,228931,2,3,0,0,0,0.2126,0.1966,0.2253,0.2127,0.2221,0.2254,0.2086,0.2187,0.2052,0.5294,0.5566,0.2161,0.2111,0.1981,0.2239,0.4696,4.3319
27600000,182318175,229822,2,3,0,0,0,0.2128,0.2055,0.2273,0.2021,0.2016,0.2221,0.2132,0.2250,0.2287,0.5425,0.5709,0.2031,0.1991,0.2165,0.2357,0.4746,4.3808
27800000,183338063,230701,3,4,0,0,0,0.2036,0.2024,0.2179,0.1966,0.2143,0.2153,0.2062,0.2136,0.2224,0.4872,0.5160,0.2253,0.2117,0.2084,0.2180,0.4780,4.2369
28000000,184371438,231570,3,4,0,0,0,0.2047,0.2095,0.2140,0.2082,0.2127,0.2187,0.2087,0.2203,0.2199,0.5177,0.5451,0.2047,0.2041,0.2212,0.2216,0.4767,4.3076
28200000,185402951,232419,3,6,0,0,0,0.1989,0.2014,0.2132,0.1997,0.2045,0.2179,0.1976,0.2263,0.2157,0.5012,0.5308,0.2217,0.1996,0.2095,0.2230,0.4797,4.2408
28400000,186399764,233255,3,6,0,0,0,0.2115,0.2156,0.2166,0.1994,0.2042,0.2131,0.2028,0.2115,0.2160,0.5523,0.5774,0.2192,0.2111,0.2200,0.2410,0.4825,4.3942
28600000,187409241,234140,4,6,0,0,2,0.2082,0.2046,0.2197,0.2098,0.2121,0.2080,0.1982,0.2165,0.2284,0.5268,0.5555,0.2170,0.2023,0.2284,0.2216,0.4823,4.3395
28800000,188379986,234983,4,6,0,0,0,0.2149,0.2050,0.2291,0.2150,0.2035,0.2218,0.2069,0.2175,0.2358,0.5861,0.6163,0.2199,0.2105,0.2243,0.2586,0.4848,4.5500
29000000,189361954,235784,4,6,0,0,0,0.2046,0.2089,0.2160,0.2134,0.2154,0.2349,0.1993,0.2261,0.2136,0.5475,0.5750,0.2302,0.2375,0.2133,0.2419,0.4864,4.4638
29200000,190285424,236707,4,6,0,1,1,0.2220,0.2156,0.2307,0.2114,0.2210,0.2393,0.2133,0.2354,0.2191,0.5883,0.6159,0.2137,0.2142,0.2402,0.2520,0.4905,4.6224
29400000,191255944,237616,4,6,0,0,0,0.2209,0.2017,0.2227,0.2027,0.2283,0.2279,0.2150,0.2367,0.2245,0.5440,0.5744,0.2236,0.2233,0.2348,0.2261,0.4920,4.4985
29600000,192238680,238456,4,6,0,0,0,0.2302,0.2101,0.2282,0.2186,0.2140,0.2281,0.2094,0.2155,0.2201,0.5197,0.5471,0.2263,0.2238,0.2266,0.2326,0.4940,4.4442
29800000,193213585,239285,4,6,0,0,2,0.2131,0.2037,0.2162,0.2073,0.2113,0.2144,0.2018,0.2438,0.2094,0.5256,0.5529,0.2127,0.1974,0.2182,0.2348,0.4944,4.3571
30000000,194144765,240071,4,6,0,0,2,0.2259,0.2118,0.2328,0.2202,0.2208,0.2226,0.2236,0.2261,0.2207,0.5685,0.5979,0.2196,0.2210,0.2445,0.2418,0.4945,4.5923
30200000,195114172,240830,4,6,0,0,0,0.2218,0.2113,0.2317,0.2188,0.2195,0.2396,0.2188,0.2329,0.2313,0.5720,0.6029,0.2092,0.2450,0.2301,0.2502,0.4965,4.6314
30400000,196013988,241592,4,6,0,0,0,0.2251,0.2267,0.2362,0.2204,0.2249,0.2385,0.2305,0.2334,0.2573,0.6608,0.6915,0.2365,0.2121,0.2372,0.2629,0.4990,4.8930
30600000,196968108,242433,4,6,0,0,0,0.2283,0.2056,0.2328,0.2210,0.2226,0.2446,0.2231,0.2451,0.2258,0.5464,0.5723,0.2124,0.2244,0.2273,0.2492,0.4996,4.5805
30800000,197899123,243217,4,6,0,0,0,0.2206,0.2164,0.2311,0.2226,0.2152,0.2227,0.2172,0.2441,0.2293,0.5901,0.6192,0.2249,0.2177,0.2367,0.2498,0.5033,4.6606
31000000,198884591,244026,4,6,0,0,0,0.2131,0.2023,0.2324,0.2175,0.2188,0.2366,0.2102,0.2273,0.2137,0.5146,0.5433,0.2220,0.2276,0.2384,0.2429,0.5029,4.4635
31200000,199840760,244885,5,6,1,0,4,0.2198,0.2253,0.2263,0.2218,0.2106,0.2424,0.2309,0.2101,0.2455,0.5260,0.5574,0.2281,0.2158,0.2358,0.2361,0.5061,4.5378
31400000,200791522,245674,5,6,0,0,0,0.2271,0.2287,0.2380,0.2194,0.2203,0.2343,0.2193,0.2457,0.2174,0.5945,0.6214,0.2289,0.2270,0.2368,0.2513,0.5082,4.7184
31600000,201728903,246437,5,6,0,0,1,0.2179,0.2046,0.2285,0.2139,0.2155,0.2380,0.2060,0.2405,0.2226,0.5666,0.5953,0.2277,0.2091,0.2375,0.2425,0.5094,4.5758
31800000,202694864,247192,6,6,0,0,1,0.2152,0.2209,0.2388,0.2131,0.2199,0.2550,0.2386,0.2310,0.2336,0.5460,0.5763,0.2367,0.2318,0.2276,0.2641,0.5103,4.6587
32000000,203623332,248009,7,6,0,0,1,0.2145,0.2074,0.2211,0.2052,0.2046,0.2345,0.2099,0.2314,0.2251,0.5440,0.5747,0.2103,0.2189,0.2237,0.2420,0.5113,4.4787
32200000,204592410,248774,8,6,0,0,2,0.2151,0.2137,0.2265,0.2219,0.2293,0.2469,0.2133,0.2336,0.2371,0.5558,0.5851,0.2320,0.2306,0.2330,0.2362,0.5113,4.6215
32400000,205537229,249589,7,6,0,0,3,0.2108,0.2032,0.2186,0.2183,0.2105,0.2239,0.2171,0.2328,0.2330,0.5127,0.5421,0.2335,0.2228,0.2284,0.2601,0.5151,4.4829
32600000,206500094,250439,8,6,0,0,0,0.2205,0.2173,0.2301,0.2138,0.2245,0.2293,0.2096,0.2270,0.2309,0.5264,0.5554,0.2186,0.2178,0.2264,0.2489,0.5180,4.5145
32800000,207435237,251190,8,6,0,1,7,0.2197,0.2146,0.2185,0.2194,0.2055,0.2275,0.2167,0.2284,0.2200,0.5723,0.6016,0.2280,0.2231,0.2247,0.2338,0.5186,4.5723
33000000,208312761,251901,5,6,0,1,13,0.2306,0.2404,0.2552,0.2149,0.2178,0.2402,0.2178,0.2369,0.2342,0.5921,0.6213,0.2472,0.2263,0.2387,0.2551,0.5211,4.7896
33200000,209242485,252634,5,6,0,0,9,0.2213,0.2139,0.2462,0.2147,0.2212,0.2309,0.2146,0.2459,0.2274,0.5726,0.6043,0.2364,0.2204,0.2183,0.2512,0.5213,4.6606
33400000,210141359,253431,5,6,0,0,12,0.2250,0.2317,0.2351,0.2073,0.2353,0.2286,0.2176,0.2454,0.2299,0.5956,0.6220,0.2235,0.2295,0.2162,0.2381,0.5226,4.7033
33600000,211035831,254119,4,6,0,0,1,0.2306,0.2235,0.2331,0.2371,0.2235,0.2445,0.2361,0.2517,0.2381,0.5244,0.5540,0.2291,0.2338,0.2556,0.2742,0.5249,4.7141
33800000,211972925,254843,4,6,0,0,0,0.2164,0.2137,0.2315,0.2185,0.2223,0.2338,0.2084,0.2388,0.2370,0.5264,0.5536,0.2057,0.2193,0.2332,0.2563,0.5283,4.5433
34000000,212863560,255535,4,6,0,0,0,0.2266,0.2244,0.2521,0.2208,0.2209,0.2445,0.2283,0.2574,0.2419,0.5973,0.6260,0.2343,0.2278,0.2375,0.2769,0.5263,4.8429
34200000,213774108,256290,4,6,0,0,0,0.2230,0.2272,0.2420,0.2147,0.2204,0.2268,0.2086,0.2267,0.2371,0.4838,0.5136,0.2397,0.2214,0.2281,0.2571,0.5298,4.4998
34400000,214661303,257013,6,6,0,2,6,0.2236,0.2187,0.2470,0.2290,0.2262,0.2353,0.2147,0.2455,0.2333,0.5783,0.6064,0.2204,0.2255,0.2417,0.2427,0.5321,4.7204
34600000,215519690,257694,6,6,0,0,1,0.2474,0.2217,0.2448,0.2236,0.2344,0.2357,0.2321,0.2503,0.2463,0.6161,0.6451,0.2303,0.2607,0.2339,0.2755,0.5309,4.9288
34800000,216448822,258370,5,6,0,0,0,0.2293,0.2112,0.2268,0.2176,0.2291,0.2404,0.2012,0.2110,0.2338,0.5517,0.5843,0.2327,0.2210,0.2239,0.2476,0.5348,4.5964
35000000,217371674,259056,5,6,0,1,28,0.2371,0.2233,0.2306,0.2246,0.2183,0.2372,0.2077,0.2466,0.2296,0.5211,0.5541,0.2330,0.2377,0.2368,0.2627,0.5361,4.6365
35200000,218295116,259766,5,6,0,0,4,0.2313,0.2279,0.2651,0.2503,0.2338,0.2368,0.2234,0.2424,0.2306,0.5472,0.5761,0.2377,0.2298,0.2422,0.2612,0.5368,4.7726
35400000,219217784,260443,5,6,0,0,1,0.2357,0.2320,0.2501,0.2106,0.2141,0.2440,0.2396,0.2526,0.2340,0.5440,0.5762,0.2536,0.2241,0.2387,0.2646,0.5397,4.7535
35600000,220049251,261143,5,6,1,0,0,0.2406,0.2317,0.2579,0.2372,0.2552,0.2680,0.2400,0.2612,0.2470,0.5736,0.6029,0.2584,0.2367,0.2426,0.2774,0.5406,4.9712
35800000,220929104,261753,5,6,0,0,3,0.2273,0.2311,0.2533,0.2353,0.2386,0.2344,0.2191,0.2400,0.2340,0.5451,0.5763,0.2369,0.2352,0.2354,0.2625,0.5403,4.7448
36000000,221861248,262427,5,6,0,0,0,0.2238,0.2131,0.2572,0.2197,0.2277,0.2272,0.2240,0.2349,0.2355,0.5073,0.5416,0.2284,0.2191,0.2345,0.2314,0.5434,4.5688
36200000,222765251,263108,5,6,0,0,0,0.2254,0.2268,0.2310,0.2198,0.2273,0.2395,0.2186,0.2351,0.2229,0.5767,0.6050,0.2262,0.2351,0.2354,0.2676,0.5434,4.7359
36400000,223606201,263743,5,6,0,0,0,0.2457,0.2514,0.2611,0.2344,0.2221,0.2438,0.2325,0.2512,0.2371,0.5970,0.6269,0.2404,0.2350,0.2544,0.2733,0.5464,4.9526
36600000,224462234,264391,5,6,0,0,0,0.2380,0.2261,0.2553,0.2186,0.2286,0.2404,0.2233,0.2344,0.2398,0.6118,0.6444,0.2323,0.2302,0.2428,0.2711,0.5468,4.8840
36800000,225283203,265105,7,6,0,0,1,0.2279,0.2278,0.2437,0.2364,0.2188,0.2419,0.2457,0.2576,0.2346,0.5692,0.5964,0.2378,0.2257,0.2516,0.2659,0.5478,4.8290
37000000,226142802,265696,7,6,0,0,0,0.2327,0.2558,0.2454,0.2198,0.2288,0.2333,0.2392,0.2521,0.2485,0.6242,0.6545,0.2401,0.2262,0.2516,0.2657,0.5496,4.9675
37200000,227043556,266290,6,6,0,0,9,0.2371,0.2196,0.2470,0.2235,0.2264,0.2404,0.2244,0.2399,0.2313,0.5581,0.5868,0.2465,0.2296,0.2566,0.2857,0.5500,4.8027
37400000,227906819,266978,6,6,0,0,0,0.2334,0.2323,0.2493,0.2276,0.2265,0.2613,0.2300,0.2460,0.2374,0.5736,0.6026,0.2411,0.2304,0.2498,0.2754,0.5529,4.8695
37600000,228834296,267662,7,6,0,0,3,0.2240,0.2075,0.2202,0.2212,0.2224,0.2266,0.2097,0.2356,0.2273,0.5785,0.6109,0.2200,0.2222,0.2505,0.2594,0.5532,4.6891
37800000,229699297,268302,7,6,0,1,0,0.2263,0.2259,0.2499,0.2505,0.2479,0.2588,0.2212,0.2431,0.2227,0.6058,0.6341,0.2146,0.2312,0.2308,0.2834,0.5542,4.9003
38000000,230567971,268943,7,6,0,0,0,0.2293,0.2164,0.2457,0.2357,0.2205,0.2376,0.2155,0.2364,0.2315,0.5499,0.5803,0.2383,0.2297,0.2457,0.2598,0.5561,4.7283
38200000,231433138,269551,8,6,1,0,5,0.2288,0.2438,0.2413,0.2294,0.2246,0.2452,0.2277,0.2291,0.2329,0.5501,0.5800,0.2272,0.2238,0.2355,0.2948,0.5578,4.7720
38400000,232245998,270166,10,6,0,0,19,0.2504,0.2555,0.2552,0.2455,0.2425,0.2500,0.2360,0.2641,0.2625,0.6393,0.6683,0.2408,0.2389,0.2437,0.2671,0.5570,5.1170
38600000,233095066,270767,8,6,0,1,20,0.2357,0.2431,0.2411,0.2200,0.2352,0.2545,0.2217,0.2657,0.2534,0.5903,0.6170,0.2422,0.2485,0.2488,0.2894,0.5586,4.9653
38800000,233945893,271339,9,6,0,2,9,0.2312,0.2296,0.2563,0.2177,0.2307,0.2540,0.2322,0.2607,0.2447,0.6132,0.6417,0.2471,0.2434,0.2490,0.2678,0.5614,4.9806
39000000,234831687,271882,10,7,0,0,0,0.2260,0.2262,0.2457,0.2212,0.2360,0.2298,0.2314,0.2329,0.2344,0.5945,0.6255,0.2408,0.2391,0.2455,0.2692,0.5619,4.8601
39200000,235702518,272556,8,8,2,0,38,0.2288,0.2116,0.2336,0.2372,0.2317,0.2399,0.2352,0.2449,0.2397,0.5992,0.6299,0.2575,0.2273,0.2452,0.2621,0.5632,4.8871
39400000,236542988,273200,7,8,0,0,0,0.2412,0.2261,0.2544,0.2311,0.2370,0.2541,0.2283,0.2498,0.2576,0.5226,0.5546,0.2388,0.2337,0.2503,0.2490,0.5681,4.7968
39600000,237390277,273792,8,8,0,0,40,0.2362,0.2290,0.2372,0.2393,0.2292,0.2423,0.2167,0.2632,0.2328,0.6233,0.6535,0.2423,0.2368,0.2485,0.2436,0.5658,4.9397
39800000,238253867,274406,8,8,0,0,0,0.2388,0.2205,0.2396,0.2293,0.2225,0.2356,0.2270,0.2403,0.2376,0.5642,0.5950,0.2435,0.2402,0.2372,0.2646,0.5673,4.8033
40000000,239103184,274986,7,8,0,0,16,0.2360,0.2170,0.2408,0.2407,0.2235,0.2450,0.2299,0.2625,0.2498,0.5902,0.6240,0.2406,0.2422,0.2575,0.3013,0.5677,4.9687
40200000,239910586,275543,8,8,0,0,0,0.2471,0.2454,0.2599,0.2399,0.2474,0.2462,0.2315,0.2423,0.2499,0.5970,0.6247,0.2568,0.2345,0.2272,0.2694,0.5702,4.9894
40400000,240754256,276135,7,8,0,0,0,0.2337,0.2354,0.2575,0.2290,0.2227,0.2472,0.2307,0.2485,0.2433,0.5982,0.6293,0.2404,0.2448,0.2528,0.2752,0.5706,4.9594
40600000,241618514,276710,6,8,0,0,0,0.2406,0.2450,0.2575,0.2301,0.2322,0.2603,0.2231,0.2428,0.2444,0.5285,0.5625,0.2353,0.2409,0.2484,0.2753,0.5747,4.8415
40800000,242468409,277285,6,8,0,0,0,0.2514,0.2164,0.2522,0.2359,0.2475,0.2501,0.2281,0.2493,0.2411,0.5442,0.5770,0.2480,0.2348,0.2555,0.2595,0.5739,4.8650
41000000,243290132,277793,6,8,0,0,0,0.2406,0.2232,0.2590,0.2482,0.2276,0.2573,0.2585,0.2645,0.2418,0.6281,0.6601,0.2390,0.2669,0.2528,0.2865,0.5724,5.1265
41200000,244148191,278348,7,8,0,0,0,0.2451,0.2329,0.2443,0.2317,0.2464,0.2497,0.2143,0.2372,0.2502,0.5912,0.6250,0.2651,0.2322,0.2426,0.2734,0.5764,4.9575
41400000,244991612,278871,7,9,0,0,0,0.2310,0.2285,0.2725,0.2393,0.2360,0.2577,0.2346,0.2272,0.2387,0.5785,0.6090,0.2528,0.2376,0.2491,0.2816,0.5764,4.9506
41600000,245844555,279396,8,9,0,0,0,0.2534,0.2338,0.2460,0.2554,0.2511,0.2574,0.2179,0.2520,0.2589,0.5693,0.5963,0.2506,0.2407,0.2609,0.2702,0.5781,4.9921
41800000,246654476,279922,8,10,0,2,2,0.2430,0.2414,0.2402,0.2283,0.2480,0.2634,0.2439,0.2536,0.2507,0.5968,0.6280,0.2406,0.2418,0.2450,0.2890,0.5799,5.0337
42000000,247477643,280488,9,11,1,1,1,0.2485,0.2375,0.2495,0.2253,0.2378,0.2427,0.2328,0.2580,0.2325,0.5876,0.6202,0.2501,0.2484,0.2582,0.2508,0.5789,4.9589
42200000,248252430,281022,9,11,0,0,22,0.2402,0.2198,0.2431,0.2376,0.2323,0.2631,0.2220,0.2657,0.2622,0.6415,0.6716,0.2329,0.2598,0.2477,0.2727,0.5809,5.0930
42400000,249088542,281614,8,11,0,0,1,0.2313,0.2343,0.2575,0.2303,0.2323,0.2379,0.2337,0.2565,0.2419,0.6059,0.6354,0.2434,0.2400,0.2382,0.2606,0.5839,4.9632
42600000,249927199,282175,9,11,0,0,0,0.2333,0.2205,0.2530,0.2312,0.2330,0.2366,0.2098,0.2617,0.2434,0.6296,0.6605,0.2478,0.2351,0.2321,0.2840,0.5825,4.9942
42800000,250727908,282685,8,11,0,0,1,0.2430,0.2246,0.2513,0.2388,0.2397,0.2603,0.2296,0.2686,0.2452,0.6192,0.6512,0.2491,0.2315,0.2527,0.2753,0.5851,5.0653
43000000,251558086,283209,8,11,0,0,0,0.2531,0.2615,0.2544,0.2424,0.2429,0.2565,0.2361,0.2927,0.2578,0.5834,0.6165,0.2692,0.2355,0.2516,0.3045,0.5871,5.1451
43200000,252347096,283749,9,11,0,0,0,0.2489,0.2351,0.2570,0.2460,0.2541,0.2517,0.2341,0.2710,0.2455,0.6139,0.6467,0.2614,0.2427,0.2503,0.2646,0.5861,5.1091
43400000,253141911,284170,9,11,0,2,23,0.2592,0.2490,0.2648,0.2491,0.2560,0.2586,0.2487,0.2504,0.2475,0.6104,0.6422,0.2420,0.2519,0.2499,0.2615,0.5868,5.1279
43600000,253962080,284640,9,11,0,0,1,0.2422,0.2288,0.2587,0.2294,0.2460,0.2592,0.2319,0.2536,0.2571,0.6410,0.6698,0.2348,0.2357,0.2633,0.2689,0.5884,5.1087
43800000,254766495,285141,10,11,0,0,0,0.2414,0.2406,0.2548,0.2262,0.2390,0.2495,0.2441,0.2510,0.2338,0.6528,0.6835,0.2198,0.2360,0.2522,0.2710,0.5877,5.0833
44000000,255548636,285651,8,11,0,2,9,0.2484,0.2424,0.2573,0.2426,0.2397,0.2520,0.2290,0.2510,0.2370,0.6257,0.6526,0.2410,0.2483,0.2481,0.2536,0.5919,5.0606
44200000,256321579,286188,9,11,0,0,1,0.2373,0.2537,0.2392,0.2377,0.2435,0.2400,0.2335,0.2496,0.2533,0.6145,0.6443,0.2822,0.2537,0.2480,0.3317,0.5929,5.1549
44400000,257115833,286633,11,11,0,0,8,0.2436,0.2410,0.2633,0.2433,0.2437,0.2593,0.2321,0.2717,0.2453,0.6758,0.7073,0.2474,0.2509,0.2413,0.2794,0.5909,5.2364
44600000,257932497,287094,12,11,0,2,16,0.2530,0.2318,0.2725,0.2409,0.2340,0.2586,0.2401,0.2582,0.2598,0.5770,0.6098,0.2388,0.2392,0.2669,0.2692,0.5949,5.0447
44800000,258713234,287602,12,11,0,0,1,0.2569,0.2453,0.2491,0.2358,0.2404,0.2594,0.2487,0.2552,0.2438,0.6516,0.6806,0.2699,0.2538,0.2735,0.2786,0.5960,5.2385
45000000,259506188,288132,13,11,0,0,9,0.2490,0.2428,0.2520,0.2390,0.2567,0.2527,0.2356,0.2721,0.2642,0.6488,0.6818,0.2486,0.2438,0.2622,0.2731,0.5954,5.2180
45200000,260317137,288610,12,11,0,0,2,0.2460,0.2435,0.2639,0.2302,0.2430,0.2624,0.2487,0.2491,0.2531,0.5895,0.6214,0.2519,0.2539,0.2511,0.2860,0.5972,5.0909
45400000,261193070,289102,13,11,0,2,47,0.2370,0.2449,0.2359,0.2331,0.2435,0.2541,0.2264,0.2348,0.2544,0.5099,0.5401,0.2414,0.2275,0.2531,0.2635,0.5998,4.7994
45600000,261971420,289561,12,11,0,2,20,0.2407,0.2442,0.2613,0.2359,0.2512,0.2504,0.2508,0.2587,0.2775,0.6307,0.6591,0.2633,0.2640,0.2592,0.3094,0.5975,5.2541
45800000,262677167,289995,11,11,0,0,20,0.2613,0.2752,0.2886,0.2407,0.2556,0.2617,0.2432,0.2817,0.2631,0.6536,0.6813,0.2861,0.2564,0.2670,0.2898,0.6007,5.4061
46000000,263420949,290467,11,11,0,2,8,0.2504,0.2182,0.2918,0.2462,0.2493,0.2673,0.2557,0.2710,0.2609,0.6905,0.7232,0.2598,0.2663,0.2557,0.3091,0.6006,5.4160
46200000,264216410,290957,13,11,0,0,0,0.2453,0.2405,0.2557,0.2437,0.2468,0.2600,0.2415,0.2648,0.2695,0.5803,0.6127,0.2520,0.2623,0.2521,0.2782,0.6011,5.1065
46400000,265012267,291429,14,11,0,2,21,0.2505,0.2335,0.2427,0.2268,0.2447,0.2605,0.2442,0.2517,0.2460,0.5652,0.5991,0.2424,0.2474,0.2556,0.2905,0.6026,5.0033
46600000,265777660,291902,16,11,0,0,1,0.2531,0.2270,0.2510,0.2479,0.2479,0.2536,0.2284,0.2735,0.2414,0.6630,0.6958,0.2556,0.2394,0.2569,0.2729,0.6044,5.2117
46800000,266541092,292361,17,11,1,1,12,0.2579,0.2630,0.2569,0.2425,0.2622,0.2669,0.2573,0.2583,0.2636,0.6141,0.6436,0.2689,0.2433,0.2667,0.2750,0.6048,5.2449
47000000,267329365,292796,16,11,0,0,46,0.2409,0.2471,0.2536,0.2526,0.2473,0.2757,0.2313,0.2394,0.2599,0.6220,0.6521,0.2412,0.2399,0.2703,0.2763,0.6058,5.1556
47200000,268066854,293290,15,11,0,2,34,0.2627,0.2520,0.2705,0.2541,0.2754,0.2535,0.2455,0.2906,0.2730,0.6554,0.6855,0.2694,0.2540,0.2643,0.3019,0.6067,5.4144
47400000,268832686,293720,15,11,2,3,30,0.2548,0.2322,0.2899,0.2401,0.2373,0.2681,0.2513,0.2538,0.2511,0.6138,0.6418,0.2426,0.2517,0.2372,0.3075,0.6093,5.1826
47600000,269557439,294208,15,11,0,0,11,0.2500,0.2449,0.2810,0.2445,0.2532,0.2576,0.2447,0.2604,0.2737,0.6592,0.6906,0.2543,0.2534,0.2658,0.3026,0.6082,5.3439
47800000,270337124,294602,14,11,0,2,32,0.2482,0.2325,0.2677,0.2485,0.2429,0.2429,0.2472,0.2490,0.2494,0.6086,0.6423,0.2629,0.2593,0.2619,0.2819,0.6109,5.1562
48000000,271059091,295056,15,11,0,2,11,0.2569,0.2450,0.2478,0.2235,0.2651,0.2582,0.2562,0.2617,0.2772,0.6864,0.7194,0.2419,0.2662,0.2858,0.2886,0.6118,5.3917
48200000,271760218,295506,15,12,2,1,30,0.2593,0.2546,0.2606,0.2503,0.2419,0.2576,0.2424,0.2559,0.2654,0.6362,0.6671,0.2688,0.2712,0.2493,0.2933,0.6104,5.2843
48400000,272545418,295941,13,12,1,1,32,0.2465,0.2571,0.2493,0.2430,0.2528,0.2481,0.2480,0.2475,0.2517,0.6314,0.6624,0.2748,0.2476,0.2575,0.2717,0.6129,5.2023
48600000,273260118,296353,13,12,1,1,24,0.2462,0.2615,0.2905,0.2290,0.2501,0.2445,0.2441,0.2643,0.2652,0.6948,0.7266,0.2470,0.2531,0.2712,0.2809,0.6122,5.3812
48800000,273998317,296798,13,12,0,0,29,0.2484,0.2495,0.2465,0.2395,0.2389,0.2602,0.2429,0.2609,0.2672,0.6336,0.6634,0.2506,0.2581,0.2561,0.2813,0.6124,5.2094
49000000,274749038,297187,12,12,0,1,2,0.2497,0.2354,0.2754,0.2424,0.2463,0.2608,0.2485,0.2907,0.2481,0.6604,0.6905,0.2470,0.2349,0.2474,0.2994,0.6180,5.2949
49200000,275518485,297598,13,13,0,0,23,0.2531,0.2445,0.2702,0.2391,0.2387,0.2586,0.2311,0.2518,0.2582,0.6384,0.6674,0.2601,0.2431,0.2510,0.2677,0.6155,5.1885
49400000,276300701,297996,13,13,0,0,12,0.2349,0.2538,0.2506,0.2260,0.2300,0.2635,0.2278,0.2553,0.2549,0.5853,0.6183,0.2410,0.2416,0.2430,0.2865,0.6187,5.0310
49600000,277004773,298341,14,13,1,1,38,0.2650,0.2580,0.2578,0.2384,0.2472,0.2494,0.2326,0.2391,0.2643,0.6558,0.6863,0.2605,0.2501,0.2490,0.2779,0.6154,5.2468
49800000,277729362,298757,15,13,0,1,32,0.2472,0.2419,0.2771,0.2313,0.2413,0.2491,0.2346,0.2726,0.2630,0.6638,0.6977,0.2628,0.2498,0.2625,0.2899,0.6180,5.3025
50000000,278455746,299184,15,13,0,0,50,0.2658,0.2444,0.2745,0.2513,0.2560,0.2633,0.2327,0.2692,0.2648,0.6183,0.6504,0.2626,0.2650,0.2532,0.2934,0.6201,5.2850
50200000,279158342,299573,17,13,0,0,34,0.2497,0.2535,0.2887,0.2414,0.2440,0.2794,0.2283,0.2485,0.2479,0.6131,0.6434,0.2420,0.2540,0.2655,0.2930,0.6202,5.2126
50400000,279921817,299952,17,13,0,0,55,0.2461,0.2499,0.2595,0.2456,0.2504,0.2589,0.2416,0.2566,0.2579,0.5900,0.6211,0.2616,0.2429,0.2568,0.2751,0.6191,5.1331
50600000,280684512,300395,17,13,1,2,41,0.2617,0.2394,0.2754,0.2528,0.2627,0.2509,0.2520,0.2763,0.2525,0.6057,0.6391,0.2694,0.2608,0.2707,0.2902,0.6215,5.2811
50800000,281419891,300860,18,14,0,1,34,0.2547,0.2575,0.2730,0.2419,0.2463,0.2776,0.2309,0.2831,0.2625,0.6734,0.7038,0.2587,0.2624,0.2723,0.3124,0.6237,5.4341
51000000,282134723,301317,20,14,0,0,197,0.2509,0.2533,0.2492,0.2407,0.2305,0.2684,0.2258,0.2564,0.2552,0.6623,0.6947,0.2549,0.2485,0.2555,0.2831,0.6234,5.2528
51200000,282853745,301693,20,14,0,0,31,0.2663,0.2330,0.2650,0.2531,0.2394,0.2875,0.2418,0.2773,0.2453,0.6616,0.6924,0.2465,0.2452,0.2601,0.2893,0.6243,5.3281
51400000,283568352,302135,19,15,0,1,11,0.2693,0.2636,0.2664,0.2455,0.2558,0.2851,0.2489,0.2730,0.2521,0.6977,0.7303,0.2755,0.2741,0.2655,0.2897,0.6259,5.5186
51600000,284306275,302531,17,15,0,0,11,0.2610,0.2602,0.2692,0.2796,0.2731,0.2813,0.2470,0.2910,0.2777,0.6622,0.6921,0.2723,0.2718,0.2662,0.3178,0.6260,5.5486
51800000,285061001,302956,15,15,0,0,2,0.2541,0.2498,0.2594,0.2568,0.2560,0.2664,0.2474,0.2604,0.2676,0.5799,0.6119,0.2771,0.2562,0.2708,0.3039,0.6271,5.2449
52000000,285778799,303378,14,15,0,1,2,0.2534,0.2363,0.2790,0.2572,0.2390,0.2796,0.2458,0.2660,0.2693,0.6022,0.6321,0.2634,0.2601,0.2526,0.3236,0.6288,5.2885
52200000,286492825,303751,17,16,0,2,32,0.2561,0.2452,0.2870,0.2503,0.2701,0.2664,0.2498,0.3098,0.2520,0.6446,0.6772,0.2565,0.2566,0.2720,0.3175,0.6281,5.4393
52400000,287223981,304010,16,16,0,3,40,0.2629,0.2515,0.2766,0.2466,0.2513,0.2772,0.2529,0.2957,0.2446,0.5736,0.6050,0.2643,0.2609,0.2738,0.2876,0.6286,5.2530
52600000,287933695,304477,16,17,0,0,14,0.2461,0.2557,0.2568,0.2475,0.2430,0.2732,0.2391,0.2569,0.2693,0.6094,0.6422,0.2716,0.2460,0.2654,0.2838,0.6293,5.2353
52800000,288713217,304919,17,17,2,3,53,0.2565,0.2475,0.2512,0.2514,0.2527,0.2568,0.2387,0.2690,0.2624,0.5756,0.6041,0.2537,0.2632,0.2524,0.2840,0.6307,5.1501
53000000,289437833,305249,19,18,0,1,14,0.2586,0.2540,0.2761,0.2488,0.2574,0.2577,0.2366,0.2776,0.2723,0.6056,0.6380,0.2493,0.2552,0.2625,0.2964,0.6326,5.2787
53200000,290138017,305591,18,19,1,1,4,0.2564,0.2652,0.2795,0.2515,0.2469,0.2731,0.2623,0.2725,0.2670,0.7135,0.7433,0.2785,0.2799,0.2717,0.3062,0.6308,5.5981
53400000,290886933,305910,17,19,0,1,3,0.2520,0.2426,0.2614,0.2509,0.2573,0.2591,0.2349,0.2661,0.2664,0.6344,0.6692,0.2571,0.2512,0.2662,0.2748,0.6337,5.2773
53600000,291625641,306274,15,19,0,2,2,0.2471,0.2565,0.2628,0.2524,0.2380,0.2583,0.2404,0.2640,0.2593,0.6825,0.7140,0.2520,0.2581,0.2534,0.2726,0.6347,5.3460
53800000,292283478,306631,15,19,0,2,16,0.2598,0.2791,0.2634,0.2603,0.2575,0.2768,0.2478,0.2932,0.2671,0.6672,0.6958,0.2806,0.2559,0.2738,0.3250,0.6344,5.5377
54000000,293030920,307006,17,21,0,0,18,0.2429,0.2437,0.2792,0.2560,0.2494,0.2703,0.2306,0.2734,0.2643,0.6333,0.6670,0.2744,0.2546,0.2860,0.2710,0.6351,5.3311
54200000,293715561,307375,16,21,0,2,24,0.2547,0.2637,0.2730,0.2525,0.2557,0.2801,0.2275,0.2686,0.2714,0.6619,0.6914,0.2797,0.2565,0.2633,0.3255,0.6366,5.4622
54400000,294404162,307730,15,21,0,1,21,0.2723,0.2734,0.2497,0.2588,0.2642,0.2730,0.2435,0.2797,0.2787,0.6271,0.6567,0.2901,0.2743,0.2686,0.2705,0.6369,5.4174
54600000,295108379,308098,12,21,3,2,21,0.2599,0.2397,0.2781,0.2379,0.2540,0.2743,0.2638,0.2529,0.2635,0.6623,0.6914,0.2521,0.2499,0.2645,0.2816,0.6375,5.3634
54800000,295834832,308437,11,22,0,2,18,0.2543,0.2677,0.2889,0.2426,0.2572,0.2912,0.2425,0.2854,0.2523,0.6708,0.7057,0.2574,0.2540,0.2657,0.2983,0.6380,5.4721
55000000,296523303,308794,11,22,1,1,14,0.2563,0.2695,0.2603,0.2667,0.2540,0.2644,0.2485,0.2678,0.2638,0.7121,0.7427,0.2596,0.2586,0.2751,0.2818,0.6386,5.5197
55200000,297184756,309139,10,22,0,3,12,0.2661,0.2474,0.2811,0.2458,0.2654,0.2819,0.2356,0.2911,0.2593,0.6959,0.7292,0.2765,0.2548,0.2777,0.2912,0.6412,5.5401
55400000,297882195,309499,9,9,0,1,0,0.2540,0.2573,0.2881,0.2702,0.2593,0.2893,0.2714,0.2887,0.2721,0.6619,0.6972,0.2912,0.2695,0.2679,0.3078,0.6398,5.5856
55600000,298622869,309866,9,9,0,0,0,0.2728,0.2332,0.2708,0.2371,0.2479,0.2673,0.2471,0.2765,0.2704,0.6405,0.6735,0.2578,0.2491,0.2558,0.2864,0.6414,5.3276
55800000,299316029,310249,10,9,1,2,3,0.2873,0.2516,0.2818,0.2705,0.2558,0.2604,0.2459,0.2627,0.2612,0.6200,0.6530,0.2715,0.2658,0.2790,0.2791,0.6433,5.3887
56000000,300004683,310641,10,9,0,2,4,0.2724,0.2551,0.2566,0.2516,0.2572,0.2739,0.2534,0.2639,0.2876,0.6587,0.6936,0.2548,0.2503,0.2587,0.3003,0.6445,5.4324
56200000,300640323,310966,11,9,0,1,0,0.2709,0.2529,0.2782,0.2562,0.2580,0.2778,0.2617,0.2917,0.2831,0.7031,0.7349,0.2643,0.2678,0.2993,0.3194,0.6424,5.6617
56400000,301329949,311276,9,9,0,1,1,0.2576,0.2632,0.2599,0.2459,0.2616,0.2846,0.2531,0.2676,0.2571,0.6589,0.6907,0.2714,0.2639,0.2784,0.2891,0.6442,5.4474
56600000,302055479,311581,9,9,0,0,1,0.2564,0.2498,0.2767,0.2782,0.2575,0.2768,0.2429,0.2788,0.2505,0.6584,0.6904,0.2557,0.2575,0.2621,0.3017,0.6430,5.4362
56800000,302684056,311915,9,9,0,0,1,0.2748,0.2646,0.2801,0.2512,0.2541,0.2790,0.2619,0.2945,0.2692,0.7269,0.7606,0.2774,0.2821,0.2961,0.2911,0.6450,5.7085
57000000,303412028,312273,8,9,0,0,1,0.2515,0.2650,0.2744,0.2400,0.2480,0.2620,0.2391,0.2530,0.2564,0.6439,0.6790,0.2549,0.2671,0.2696,0.2885,0.6469,5.3393
57200000,304096223,312584,8,9,0,0,0,0.2801,0.2764,0.2843,0.2619,0.2637,0.2894,0.2680,0.2709,0.2707,0.6390,0.6715,0.2788,0.2816,0.2873,0.3145,0.6448,5.5828
57400000,304779708,312815,8,9,1,0,2,0.2604,0.2437,0.2720,0.2617,0.2576,0.2749,0.2443,0.2547,0.2470,0.6447,0.6767,0.2715,0.2573,0.2807,0.3149,0.6484,5.4104
57600000,305510205,313226,7,9,0,3,3,0.2460,0.2573,0.2701,0.2592,0.2519,0.2784,0.2571,0.2678,0.2744,0.6519,0.6832,0.2830,0.2674,0.2555,0.2802,0.6479,5.4313
57800000,306257330,313608,7,9,0,0,0,0.2588,0.2517,0.2665,0.2780,0.2438,0.2714,0.2611,0.2727,0.2712,0.6205,0.6553,0.2562,0.2590,0.2840,0.2882,0.6492,5.3876
58000000,306972322,313933,8,9,0,0,1,0.2654,0.2581,0.2801,0.2586,0.2681,0.2969,0.2381,0.2905,0.2562,0.6280,0.6611,0.2515,0.2509,0.2589,0.2967,0.6502,5.4093
58200000,307668984,314254,8,9,1,0,1,0.2681,0.2808,0.2738,0.2458,0.2490,0.2797,0.2618,0.2762,0.2639,0.6908,0.7230,0.2752,0.2525,0.2748,0.2860,0.6516,5.5531
58400000,308366897,314657,8,9,0,1,2,0.2664,0.2597,0.2621,0.2542,0.2554,0.2820,0.2334,0.2703,0.2685,0.6216,0.6580,0.2737,0.2557,0.2809,0.2730,0.6527,5.3675
58600000,309027782,314937,9,9,0,0,14,0.2662,0.2684,0.2735,0.2693,0.2758,0.2789,0.2568,0.2723,0.2732,0.7340,0.7665,0.2938,0.2531,0.2765,0.3211,0.6527,5.7322
58800000,309729320,315193,9,9,1,0,1,0.2652,0.2686,0.2784,0.2734,0.2723,0.2748,0.2490,0.2590,0.2789,0.6432,0.6744,0.2838,0.2711,0.2691,0.2954,0.6531,5.5097
59000000,310423795,315445,9,9,0,0,1,0.2641,0.2713,0.2999,0.2585,0.2601,0.2642,0.2647,0.2838,0.2715,0.6586,0.6903,0.2450,0.2925,0.2826,0.3352,0.6533,5.5955
59200000,311088578,315788,9,10,0,0,1,0.2530,0.2708,0.2859,0.2836,0.2732,0.2760,0.2605,0.2877,0.2737,0.6951,0.7257,0.2745,0.2819,0.2925,0.2944,0.6533,5.6817
59400000,311778402,316091,9,11,0,0,1,0.2628,0.2661,0.2648,0.2544,0.2464,0.2718,0.2457,0.2748,0.2563,0.6877,0.7216,0.2536,0.2705,0.2790,0.3111,0.6537,5.5204
59600000,312471652,316379,9,11,0,1,10,0.2658,0.2583,0.2850,0.2501,0.2498,0.2746,0.2324,0.2659,0.2467,0.6363,0.6674,0.2840,0.2442,0.2735,0.2730,0.6551,5.3620
59800000,313175498,316733,9,11,0,0,0,0.2724,0.2637,0.2854,0.2632,0.2645,0.2661,0.2528,0.2856,0.2635,0.6418,0.6792,0.2800,0.2604,0.2888,0.2863,0.6553,5.5091
60000000,313824504,317076,9,11,0,0,0,0.2600,0.2732,0.2935,0.2543,0.2537,0.2735,0.2319,0.2943,0.2769,0.6746,0.7051,0.2780,0.2673,0.2840,0.2973,0.6570,5.5746
60200000,314543991,317354,10,11,0,2,31,0.2727,0.2587,0.2612,0.2589,0.2657,0.2762,0.2658,0.2620,0.2483,0.6210,0.6548,0.2633,0.2449,0.2743,0.2953,0.6566,5.3796
60400000,315179849,317718,10,11,0,0,1,0.2815,0.2756,0.2872,0.2688,0.2765,0.2931,0.2675,0.2775,0.2763,0.7032,0.7377,0.2673,0.2844,0.2811,0.3018,0.6589,5.7383
60600000,315846377,318039,10,11,1,0,16,0.2506,0.2608,0.2668,0.2459,0.2545,0.2793,0.2573,0.2749,0.2737,0.7302,0.7638,0.2496,0.2624,0.2707,0.3363,0.6558,5.6325
60800000,316505198,318382,10,11,0,1,3,0.2647,0.2491,0.2729,0.2631,0.2576,0.2818,0.2539,0.2890,0.2848,0.6833,0.7168,0.2723,0.2584,0.2666,0.2953,0.6575,5.5671
61000000,317195236,318672,10,11,0,1,4,0.2622,0.2622,0.2705,0.2472,0.2643,0.2855,0.2550,0.2769,0.2734,0.6363,0.6714,0.2733,0.2591,0.2699,0.3095,0.6620,5.4789
61200000,317876387,319005,11,11,0,1,3,0.2610,0.2643,0.2826,0.2714,0.2658,0.2826,0.2524,0.2875,0.2635,0.6694,0.7054,0.2658,0.2609,0.2613,0.3190,0.6629,5.5758
61400000,318533970,319271,12,11,0,2,41,0.2678,0.2785,0.2860,0.2476,0.2499,0.2734,0.2434,0.2612,0.2888,0.6915,0.7275,0.2701,0.2770,0.2742,0.3031,0.6627,5.6026
61600000,319221365,319565,11,11,2,0,2,0.2654,0.2594,0.2718,0.2512,0.2539,0.2706,0.2445,0.2617,0.2618,0.6712,0.7034,0.2834,0.2566,0.2628,0.3202,0.6633,5.5012
61800000,319988408,319897,10,11,0,0,1,0.2563,0.2481,0.2647,0.2393,0.2554,0.2633,0.2540,0.2524,0.2561,0.5922,0.6271,0.2542,0.2387,0.2471,0.3056,0.6629,5.2173
62000000,320634590,320148,11,11,0,1,16,0.2799,0.2841,0.2845,0.2779,0.2798,0.2638,0.2633,0.2934,0.2588,0.6981,0.7330,0.2659,0.2523,0.2837,0.2912,0.6629,5.6727
62200000,321290607,320392,12,11,0,0,9,0.2630,0.2536,0.2899,0.2533,0.2616,0.2811,0.2557,0.2803,0.2900,0.7121,0.7460,0.2690,0.2773,0.2798,0.3086,0.6636,5.6850
62400000,322001655,320696,10,11,0,1,3,0.2679,0.2583,0.2818,0.2462,0.2603,0.2643,0.2354,0.2732,0.2685,0.5902,0.6247,0.2646,0.2700,0.2808,0.2993,0.6613,5.3469
62600000,322649657,321003,12,11,0,1,3,0.2837,0.2781,0.2912,0.2708,0.2641,0.3134,0.2862,0.2969,0.2847,0.7184,0.7503,0.2704,0.2763,0.2874,0.3048,0.6659,5.8428
62800000,323246728,321268,12,11,0,0,0,0.2716,0.2828,0.2847,0.2615,0.2752,0.2960,0.2522,0.3002,0.2771,0.7780,0.8154,0.2944,0.2757,0.2853,0.3293,0.6631,5.9425
63000000,323881211,321550,11,9,0,0,9,0.2872,0.2961,0.2860,0.2725,0.2736,0.2924,0.2629,0.3189,0.2854,0.6456,0.6836,0.3088,0.2806,0.2776,0.3160,0.6666,5.7537
63200000,324536665,321802,12,9,0,0,1,0.2696,0.2981,0.2756,0.2606,0.2728,0.2748,0.2439,0.2734,0.3019,0.6791,0.7148,0.2543,0.2737,0.2839,0.3106,0.6664,5.6535
63400000,325174869,322068,11,9,0,0,1,0.2576,0.2580,0.2841,0.2625,0.2710,0.2849,0.2695,0.2865,0.2937,0.6832,0.7185,0.2728,0.2622,0.2796,0.2997,0.6659,5.6496
63600000,325875092,322424,10,9,2,1,3,0.2704,0.2680,0.2810,0.2683,0.2705,0.2673,0.2454,0.2755,0.2898,0.6169,0.6516,0.2844,0.2694,0.2707,0.3161,0.6664,5.5118
63800000,326522071,322686,10,9,0,0,4,0.2786,0.2732,0.2918,0.2736,0.2735,0.2766,0.2602,0.2699,0.2914,0.7060,0.7382,0.2732,0.2679,0.2990,0.2865,0.6688,5.7282
64000000,327180823,323013,10,9,0,0,1,0.2794,0.2771,0.2684,0.2797,0.2684,0.2818,0.2415,0.2752,0.2666,0.6823,0.7159,0.2842,0.2707,0.3163,0.3139,0.6684,5.6898
64200000,327820560,323244,9,9,0,0,2,0.2658,0.2752,0.2904,0.2675,0.2641,0.2823,0.2664,0.2735,0.2841,0.6654,0.6990,0.2804,0.2885,0.2821,0.2987,0.6691,5.6527
64400000,328524690,323569,9,9,0,0,0,0.2684,0.2498,0.2875,0.2501,0.2659,0.2804,0.2613,0.2746,0.2490,0.6091,0.6443,0.2644,0.2644,0.2586,0.2649,0.6714,5.3641
64600000,329213660,323893,10,9,0,0,4,0.2588,0.2712,0.2655,0.2557,0.2609,0.2674,0.2607,0.2694,0.2619,0.6158,0.6490,0.2641,0.2889,0.2881,0.2837,0.6728,5.4341
64800000,329917469,324218,10,9,0,0,0,0.2653,0.2435,0.2745,0.2413,0.2541,0.2833,0.2377,0.2605,0.2671,0.6945,0.7277,0.2748,0.2636,0.2701,0.2937,0.6702,5.5220
65000000,330540034,324471,8,9,0,1,11,0.2672,0.2623,0.2672,0.2541,0.2880,0.2843,0.2593,0.2857,0.2843,0.7312,0.7652,0.2949,0.2646,0.2724,0.3075,0.6703,5.7585
65200000,331162967,324751,9,9,0,0,2,0.2655,0.2780,0.2744,0.2818,0.2601,0.2931,0.2591,0.2904,0.2586,0.6660,0.6971,0.2553,0.2630,0.2746,0.3093,0.6732,5.5995
65400000,331818638,325096,9,9,0,1,1,0.2650,0.2615,0.2621,0.2660,0.2648,0.2884,0.2631,0.2767,0.2953,0.6760,0.7107,0.2764,0.2479,0.2983,0.3166,0.6735,5.6422
65600000,332444708,325397,9,9,0,0,2,0.2595,0.2457,0.2645,0.2554,0.2581,0.2614,0.2504,0.2819,0.2522,0.7046,0.7378,0.2824,0.2937,0.2691,0.2979,0.6731,5.5879
65800000,333051023,325709,9,9,0,0,0,0.2581,0.2761,0.3019,0.2517,0.2598,0.2741,0.2554,0.2928,0.2652,0.7282,0.7655,0.2788,0.2870,0.2614,0.3023,0.6746,5.7327
66000000,333702567,325953,9,9,2,0,2,0.2625,0.2697,0.2960,0.2566,0.2597,0.2721,0.2465,0.2856,0.2868,0.7203,0.7556,0.2693,0.2776,0.2928,0.3229,0.6741,5.7481
66200000,334332548,326225,9,9,0,0,3,0.2726,0.2656,0.3074,0.2809,0.2759,0.2829,0.2794,0.2818,0.2864,0.7090,0.7438,0.2903,0.2631,0.2553,0.3236,0.6772,5.7952
66400000,334951572,326479,9,9,0,0,0,0.2751,0.2606,0.2907,0.2581,0.2553,0.2676,0.2694,0.2665,0.2812,0.7197,0.7519,0.2992,0.2719,0.2941,0.2928,0.6765,5.7305
66600000,335582774,326721,9,9,0,0,0,0.2753,0.2624,0.2646,0.2536,0.2700,0.2728,0.2516,0.2931,0.2650,0.7057,0.7403,0.2909,0.2486,0.2613,0.3096,0.6754,5.6400
66800000,336208001,326900,11,9,0,0,4,0.2766,0.2525,0.2830,0.2665,0.2591,0.2786,0.2570,0.2931,0.2980,0.7006,0.7327,0.2836,0.2750,0.2894,0.2930,0.6769,5.7154
67000000,336843167,327111,10,9,0,1,1,0.2828,0.2825,0.2911,0.2836,0.2781,0.2795,0.2621,0.2942,0.2929,0.7009,0.7346,0.2753,0.2793,0.2960,0.3164,0.6764,5.8257
67200000,337521056,327388,10,9,0,0,1,0.2521,0.2535,0.2909,0.2458,0.2577,0.2703,0.2728,0.2876,0.2783,0.7001,0.7331,0.2805,0.2591,0.2788,0.3053,0.6789,5.6448
67400000,338165911,327698,10,9,2,0,3,0.2823,0.2734,0.2906,0.2829,0.2762,0.3010,0.2554,0.2856,0.2701,0.6678,0.7043,0.2651,0.2712,0.2704,0.3262,0.6784,5.7011
67600000,338775376,327936,10,9,0,0,4,0.2774,0.2768,0.2922,0.2652,0.2566,0.2800,0.2659,0.3039,0.2463,0.7156,0.7474,0.2746,0.2686,0.3129,0.3103,0.6795,5.7732
67800000,339433294,328148,9,9,0,0,2,0.2756,0.2588,0.2899,0.2586,0.2877,0.2905,0.2650,0.2962,0.2931,0.6687,0.7035,0.2921,0.2601,0.2964,0.3383,0.6795,5.7540
68000000,340072301,328397,11,9,0,0,2,0.2576,0.2589,0.3026,0.2573,0.2541,0.2967,0.2584,0.2831,0.2628,0.6497,0.6857,0.2760,0.2564,0.2802,0.2808,0.6811,5.5416
68200000,340675896,328612,12,9,0,0,1,0.2810,0.2777,0.3140,0.2511,0.2619,0.2902,0.2708,0.2646,0.2863,0.6854,0.7226,0.2717,0.2773,0.2776,0.3190,0.6796,5.7310
68400000,341294994,328875,13,9,0,0,1,0.2779,0.2764,0.2768,0.2455,0.2638,0.2588,0.2513,0.2657,0.2838,0.6850,0.7188,0.2643,0.2739,0.2754,0.2908,0.6826,5.5910
68600000,341918867,329136,14,9,0,0,5,0.2629,0.2749,0.2799,0.2457,0.2492,0.2822,0.2457,0.2667,0.3039,0.6826,0.7141,0.2874,0.2613,0.2914,0.3117,0.6810,5.6407
68800000,342575563,329451,14,9,0,1,5,0.2693,0.2557,0.2894,0.2539,0.2681,0.2763,0.2590,0.2836,0.2788,0.6498,0.6821,0.2721,0.2455,0.2723,0.3123,0.6845,5.5529
69000000,343193498,329699,12,9,0,1,1,0.2772,0.2851,0.2908,0.2724,0.2641,0.2836,0.2707,0.2916,0.2756,0.7249,0.7608,0.2775,0.2798,0.2851,0.2966,0.6830,5.8187
69200000,343791017,329934,12,9,0,0,1,0.2923,0.2804,0.2774,0.2728,0.2759,0.2852,0.2520,0.2668,0.2819,0.6387,0.6706,0.2838,0.2728,0.2942,0.2948,0.6841,5.6235
69400000,344379187,330199,12,9,0,0,2,0.2733,0.2720,0.2985,0.2729,0.2693,0.2999,0.2675,0.2793,0.3016,0.7074,0.7398,0.2771,0.2870,0.2796,0.3288,0.6828,5.8366
69600000,345037993,330453,14,10,0,0,48,0.2564,0.2648,0.2752,0.2430,0.2623,0.2628,0.2402,0.2581,0.2737,0.6883,0.7214,0.2770,0.2444,0.2553,0.2912,0.6853,5.4994
69800000,345681503,330641,13,10,0,0,24,0.2785,0.2650,0.2733,0.2564,0.2609,0.2767,0.2693,0.2868,0.2765,0.6897,0.7263,0.2612,0.2851,0.2806,0.3161,0.6848,5.6873
70000000,346308429,330825,12,10,0,0,0,0.2807,0.2864,0.3030,0.2447,0.2695,0.2907,0.2746,0.2943,0.2759,0.6801,0.7144,0.2828,0.2793,0.2843,0.3189,0.6875,5.7671
70200000,346924458,331022,13,10,0,1,6,0.2799,0.2797,0.2874,0.2754,0.2623,0.2683,0.2564,0.2808,0.3011,0.7435,0.7756,0.2953,0.2904,0.2878,0.3360,0.6857,5.9056
70400000,347577078,331208,12,10,0,0,3,0.2832,0.2550,0.2704,0.2519,0.2593,0.2855,0.2440,0.2852,0.2785,0.6703,0.7027,0.2906,0.2721,0.2854,0.3020,0.6854,5.6214
70600000,348161057,331397,12,10,1,2,4,0.2803,0.2915,0.2767,0.2819,0.2835,0.3109,0.2676,0.3239,0.2832,0.7018,0.7340,0.2881,0.2718,0.2855,0.3279,0.6859,5.8944
70800000,348746940,331578,13,10,0,0,3,0.2715,0.2671,0.2688,0.2699,0.2742,0.2749,0.2601,0.2842,0.2842,0.7503,0.7831,0.2916,0.2871,0.3005,0.3114,0.6857,5.8647
71000000,349332501,331790,14,10,0,0,7,0.2866,0.2599,0.2905,0.2605,0.2724,0.2834,0.2750,0.2804,0.2898,0.6502,0.6842,0.2888,0.2905,0.2903,0.2925,0.6875,5.6825
71200000,349984072,331998,15,11,2,0,3,0.2650,0.2649,0.2684,0.2535,0.2461,0.2632,0.2453,0.2916,0.2569,0.6955,0.7299,0.2786,0.2763,0.2511,0.3160,0.6891,5.5914
71400000,350574906,332265,15,11,0,1,19,0.2771,0.2796,0.2970,0.2804,0.2904,0.2913,0.2529,0.2792,0.2897,0.7215,0.7545,0.2695,0.2873,0.2751,0.3464,0.6879,5.8797
71600000,351135161,332459,15,11,0,1,3,0.2662,0.2737,0.3003,0.2607,0.2634,0.2849,0.2497,0.2721,0.3095,0.7418,0.7712,0.3126,0.2883,0.2889,0.3459,0.6881,5.9174
71800000,351790575,332697,16,11,1,1,17,0.2705,0.2497,0.2641,0.2652,0.2624,0.2597,0.2576,0.2840,0.2799,0.6720,0.7081,0.2646,0.2714,0.2805,0.2825,0.6890,5.5611
72000000,352397039,332883,15,11,0,1,3,0.2795,0.2544,0.3059,0.2704,0.2772,0.2936,0.2651,0.3016,0.2895,0.7406,0.7750,0.2951,0.2707,0.2852,0.3119,0.6894,5.9049
72200000,352972294,333175,13,7,0,2,26,0.2681,0.2708,0.2939,0.2661,0.2848,0.2976,0.2810,0.3020,0.2871,0.7244,0.7610,0.2904,0.2771,0.2911,0.3422,0.6892,5.9265
72400000,353519087,333430,13,8,0,2,12,0.2763,0.2791,0.2880,0.2556,0.2751,0.2923,0.2582,0.2850,0.2693,0.7768,0.8097,0.2841,0.2733,0.2926,0.3253,0.6884,5.9290
72600000,354128519,333622,14,8,0,1,4,0.2798,0.2820,0.2781,0.2619,0.2627,0.2895,0.2541,0.2841,0.2784,0.6985,0.7337,0.2739,0.2718,0.2766,0.3140,0.6918,5.7308
72800000,354732038,333862,15,8,0,0,1,0.2889,0.2944,0.2749,0.2828,0.2683,0.2973,0.2670,0.2942,0.2655,0.6572,0.6916,0.2988,0.2726,0.2744,0.3285,0.6921,5.7484
73000000,355320563,334070,14,8,0,0,3,0.2706,0.2680,0.2905,0.2878,0.2703,0.2799,0.2744,0.2985,0.3139,0.6849,0.7199,0.3021,0.2806,0.2985,0.3308,0.6910,5.8617
73200000,355898497,334323,15,9,0,1,12,0.2806,0.2775,0.2936,0.2852,0.2745,0.3091,0.2644,0.3070,0.2762,0.7283,0.7634,0.2805,0.2830,0.2998,0.3359,0.6918,5.9507
73400000,356568197,334558,17,10,0,1,18,0.2651,0.2618,0.2793,0.2610,0.2598,0.2860,0.2714,0.2869,0.2941,0.6852,0.7188,0.2710,0.2660,0.2716,0.2850,0.6928,5.6559
73600000,357167771,334807,18,10,0,0,4,0.2645,0.2927,0.2860,0.2731,0.2797,0.2896,0.2585,0.2923,0.2932,0.7019,0.7335,0.2791,0.2883,0.2846,0.3014,0.6925,5.8109
73800000,357794199,335041,18,10,0,3,15,0.2707,0.2753,0.2662,0.2730,0.2543,0.2805,0.2606,0.2809,0.2880,0.6556,0.6908,0.2681,0.2759,0.2870,0.2933,0.6931,5.6133
74000000,358384596,335299,17,9,0,1,5,0.2709,0.2551,0.2622,0.2599,0.2758,0.2975,0.2614,0.2974,0.2737,0.7679,0.8052,0.2738,0.2766,0.2848,0.3156,0.6956,5.8735
74200000,359018210,335499,18,10,0,0,12,0.2648,0.2721,0.2904,0.2792,0.2502,0.2776,0.2648,0.2901,0.2603,0.6929,0.7264,0.2707,0.2749,0.2815,0.3218,0.6958,5.7133
74400000,359573198,335658,19,13,0,4,103,0.2788,0.2856,0.2971,0.2682,0.2725,0.2978,0.2614,0.3006,0.3032,0.7148,0.7478,0.2774,0.2937,0.3086,0.3300,0.6963,5.9338
74600000,360139309,335848,20,13,0,2,17,0.2793,0.3059,0.3028,0.2770,0.2670,0.2950,0.2695,0.2971,0.2774,0.6775,0.7116,0.2714,0.2818,0.2973,0.3152,0.6944,5.8204
74800000,360703914,336099,19,13,0,4,11,0.2734,0.2773,0.2760,0.2711,0.2652,0.2912,0.2723,0.2793,0.2866,0.7195,0.7508,0.2885,0.2924,0.2810,0.3410,0.6963,5.8620
75000000,361225164,336355,21,13,0,1,17,0.2821,0.2920,0.2857,0.2649,0.2706,0.2987,0.2647,0.2943,0.3049,0.7612,0.7959,0.3121,0.2919,0.2925,0.3101,0.6970,6.0187
75200000,361770791,336538,25,14,1,6,35,0.2961,0.2678,0.2999,0.2763,0.2832,0.3137,0.2516,0.3089,0.2863,0.7754,0.8083,0.3003,0.2899,0.3088,0.3309,0.6980,6.0953
75400000,362375269,336780,25,14,0,0,19,0.2827,0.2793,0.2762,0.2688,0.2870,0.2974,0.2638,0.2995,0.2884,0.7182,0.7535,0.2689,0.2777,0.3119,0.3546,0.6962,5.9241
75600000,362980523,337018,24,14,0,3,18,0.2757,0.2741,0.3075,0.2663,0.2773,0.2786,0.2676,0.3071,0.2846,0.6998,0.7362,0.2682,0.2592,0.2976,0.3240,0.6992,5.8231
75800000,363581434,337223,23,15,0,2,11,0.2731,0.2655,0.2991,0.2616,0.2660,0.2959,0.2706,0.2765,0.2957,0.6638,0.6981,0.2882,0.2836,0.2977,0.3264,0.6985,5.7603
76000000,364208457,337384,25,17,1,2,25,0.2676,0.2636,0.2905,0.2578,0.2788,0.2912,0.2644,0.2944,0.2783,0.6393,0.6738,0.2820,0.2696,0.2747,0.3181,0.6971,5.6412
76200000,364821543,337576,22,17,0,0,1,0.3000,0.2833,0.2944,0.2650,0.2677,0.2978,0.2616,0.2887,0.3125,0.6670,0.6971,0.2747,0.2797,0.2924,0.3196,0.6998,5.8014
76400000,365429923,337772,24,18,1,3,21,0.2811,0.2549,0.2782,0.2661,0.2755,0.2991,0.2556,0.2895,0.2705,0.6727,0.7055,0.2685,0.2695,0.2993,0.3064,0.7002,5.6926
76600000,365977418,337949,24,19,0,6,64,0.2804,0.2933,0.3058,0.2597,0.2527,0.2973,0.2847,0.2989,0.2862,0.7287,0.7627,0.2929,0.2899,0.2779,0.3293,0.7015,5.9420
76800000,366564449,338127,22,19,0,2,6,0.3061,0.2654,0.3014,0.2778,0.2844,0.3003,0.2713,0.3044,0.3101,0.7277,0.7605,0.2851,0.2856,0.2917,0.3591,0.7018,6.0326
77000000,367145073,338344,22,19,1,1,10,0.2755,0.2600,0.2983,0.2929,0.2671,0.2846,0.2742,0.3002,0.2770,0.7319,0.7684,0.2873,0.2784,0.2703,0.2977,0.7006,5.8642
77200000,367797051,338558,22,21,0,2,13,0.2767,0.2702,0.2747,0.2606,0.2620,0.2721,0.2557,0.2756,0.2852,0.6523,0.6852,0.2700,0.2722,0.2750,0.2865,0.7009,5.5748
77400000,368396179,338782,21,21,0,2,19,0.2673,0.2732,0.3098,0.2577,0.2661,0.2989,0.2656,0.2890,0.2749,0.6707,0.7070,0.2854,0.2857,0.2814,0.3211,0.7006,5.7542
77600000,368995776,339017,21,21,1,2,8,0.2660,0.2682,0.2894,0.2576,0.2782,0.2896,0.2642,0.2914,0.3129,0.6953,0.7310,0.2915,0.2858,0.2943,0.2978,0.7013,5.8145
77800000,369493278,339160,22,21,0,1,11,0.2966,0.2648,0.2832,0.2622,0.2709,0.3093,0.2772,0.3283,0.2934,0.7964,0.8289,0.2868,0.2679,0.2836,0.3440,0.7007,6.0943
78000000,370077045,339366,20,19,1,2,38,0.2769,0.2788,0.3105,0.2668,0.2680,0.3012,0.2925,0.2934,0.3070,0.7257,0.7583,0.2842,0.2847,0.2937,0.3266,0.7031,5.9715
78200000,370632039,339474,18,19,2,2,6,0.2780,0.2779,0.2812,0.2560,0.2689,0.2925,0.2679,0.2951,0.2772,0.7227,0.7601,0.2931,0.2869,0.3078,0.3102,0.7035,5.8790
78400000,371194940,339673,18,20,0,3,14,0.2853,0.2722,0.3022,0.2760,0.2722,0.2989,0.2710,0.2927,0.2969,0.6646,0.6990,0.2954,0.2825,0.2931,0.3296,0.7024,5.8340
78600000,371705976,339789,17,20,0,1,14,0.2982,0.3171,0.2898,0.2712,0.2880,0.3036,0.2833,0.3057,0.2727,0.7546,0.7895,0.2856,0.2910,0.3092,0.3494,0.7034,6.1124
78800000,372292557,340035,15,15,0,0,0,0.2746,0.2885,0.2892,0.2745,0.2756,0.2889,0.2692,0.2890,0.3035,0.6802,0.7122,0.2801,0.2794,0.2884,0.3296,0.7040,5.8271
79000000,372895320,340217,16,15,1,0,4,0.2868,0.2612,0.2758,0.2780,0.2760,0.2856,0.2590,0.2786,0.2758,0.7020,0.7365,0.2884,0.2661,0.3070,0.2962,0.7035,5.7764
79200000,373480539,340396,15,15,0,1,14,0.2724,0.2946,0.3018,0.2726,0.2824,0.2935,0.2648,0.3007,0.2900,0.6906,0.7268,0.2847,0.2778,0.2867,0.3173,0.7044,5.8610
79400000,374000533,340551,15,16,0,2,13,0.2869,0.2798,0.3071,0.2766,0.2906,0.3153,0.2846,0.3278,0.2942,0.7159,0.7506,0.2986,0.3066,0.3048,0.3493,0.7042,6.0930
79600000,374523736,340684,15,16,1,1,3,0.2884,0.2826,0.2986,0.2843,0.2799,0.2991,0.2658,0.3008,0.2895,0.7901,0.8246,0.3094,0.2973,0.3249,0.3607,0.7061,6.2023
79800000,375154082,340916,15,16,0,0,3,0.2675,0.2737,0.2850,0.2567,0.2626,0.2854,0.2653,0.2958,0.2603,0.7133,0.7492,0.2976,0.2749,0.2928,0.3137,0.7058,5.7996
80000000,375695433,341066,16,18,1,1,16,0.2755,0.2523,0.2902,0.2848,0.2884,0.3033,0.2689,0.3011,0.2981,0.7417,0.7734,0.3124,0.2838,0.2928,0.3228,0.7064,5.9957
80200000,376279779,341272,13,18,1,3,16,0.2722,0.2683,0.2883,0.2780,0.2776,0.2966,0.2647,0.2843,0.2920,0.7298,0.7636,0.3016,0.2774,0.2932,0.2705,0.7073,5.8655
80400000,376837322,341496,13,18,0,0,1,0.2876,0.2847,0.2875,0.2722,0.2631,0.2990,0.2723,0.2875,0.2975,0.7290,0.7618,0.2698,0.2756,0.3050,0.3318,0.7092,5.9336
80600000,377396452,341678,14,18,0,0,17,0.2807,0.2714,0.2838,0.2924,0.2637,0.2864,0.2555,0.3020,0.3000,0.6839,0.7160,0.2844,0.2906,0.2898,0.3240,0.7091,5.8339
80800000,377964582,341821,14,18,1,0,3,0.2890,0.2610,0.2793,0.2694,0.2894,0.2972,0.2509,0.3024,0.2760,0.7575,0.7921,0.3049,0.2748,0.2863,0.3024,0.7104,5.9427
81000000,378523231,341928,14,18,0,0,15,0.2803,0.2529,0.3015,0.2585,0.2656,0.2728,0.2889,0.2917,0.3025,0.7365,0.7685,0.3022,0.2623,0.2973,0.3536,0.7065,5.9417
81200000,379032188,342150,14,18,0,0,28,0.2898,0.2726,0.3152,0.2663,0.2909,0.3023,0.2727,0.3244,0.3138,0.7678,0.8021,0.2906,0.2947,0.2841,0.3579,0.7079,6.1531
81400000,379574156,342334,14,18,0,0,2,0.2728,0.2874,0.2858,0.2815,0.2730,0.2914,0.3012,0.3240,0.3074,0.7596,0.7970,0.3155,0.2714,0.2892,0.3018,0.7106,6.0694
81600000,380113878,342488,17,18,1,1,5,0.2871,0.3071,0.3248,0.2798,0.2868,0.2986,0.2640,0.3062,0.2893,0.7483,0.7830,0.3111,0.2879,0.2795,0.3435,0.7101,6.1071
81800000,380708795,342632,12,18,1,1,23,0.2818,0.2515,0.2887,0.2789,0.2704,0.2792,0.2654,0.2960,0.2833,0.7077,0.7399,0.3035,0.2858,0.2967,0.3347,0.7110,5.8746
82000000,381278653,342754,11,18,1,0,12,0.2755,0.2867,0.2886,0.2836,0.2713,0.2901,0.2672,0.2974,0.3056,0.6956,0.7276,0.2728,0.2754,0.2723,0.3127,0.7091,5.8313
82200000,381850332,342954,11,18,0,0,0,0.2747,0.2693,0.3040,0.2638,0.2734,0.2896,0.2713,0.2997,0.2757,0.6847,0.7188,0.2953,0.2706,0.2760,0.2891,0.7105,5.7665
82400000,382384310,343125,11,18,0,0,0,0.2800,0.2668,0.2862,0.2790,0.2808,0.2930,0.2788,0.3127,0.2966,0.7500,0.7822,0.2907,0.3002,0.3103,0.3286,0.7122,6.0481
82600000,382834775,343261,14,18,0,0,27,0.2895,0.2756,0.3138,0.2772,0.2883,0.3173,0.2772,0.2957,0.3048,0.7906,0.8265,0.2963,0.2939,0.3077,0.3707,0.7112,6.2363
82800000,383326645,343383,14,18,0,0,13,0.2958,0.2781,0.3316,0.2593,0.2760,0.2980,0.2823,0.3052,0.3064,0.7564,0.7864,0.3086,0.2756,0.2870,0.3777,0.7122,6.1364
83000000,383860149,343585,15,18,0,3,14,0.2652,0.2573,0.2943,0.2736,0.2928,0.2884,0.3003,0.2942,0.2822,0.7572,0.7898,0.2861,0.3023,0.2999,0.3331,0.7115,6.0284
83200000,384432292,343753,15,18,0,2,14,0.2826,0.2909,0.2967,0.2602,0.2637,0.2937,0.2622,0.2786,0.2769,0.7002,0.7382,0.3023,0.2927,0.2790,0.3133,0.7108,5.8418
83400000,385008713,343936,17,21,0,0,3,0.2878,0.2730,0.2826,0.2805,0.3001,0.2855,0.2718,0.3146,0.2895,0.7137,0.7466,0.2758,0.2484,0.2934,0.3392,0.7126,5.9149
83600000,385610578,344170,16,21,1,0,15,0.2690,0.2820,0.2977,0.2687,0.2638,0.2859,0.2454,0.2785,0.2853,0.6941,0.7306,0.2828,0.2760,0.2974,0.3004,0.7137,5.7715
83800000,386150584,344295,17,21,0,2,9,0.2839,0.2817,0.2949,0.2811,0.2840,0.3064,0.2866,0.3029,0.2900,0.7283,0.7638,0.2777,0.2685,0.3058,0.2876,0.7133,5.9564
84000000,386644504,344396,17,21,1,1,44,0.2787,0.2638,0.3140,0.2602,0.2792,0.3272,0.2856,0.3067,0.2941,0.7781,0.8144,0.2830,0.2781,0.3111,0.3265,0.7117,6.1123
84200000,387152461,344557,17,21,1,1,4,0.2776,0.2807,0.3151,0.2872,0.2830,0.2949,0.2836,0.2969,0.2895,0.6942,0.7286,0.2950,0.2791,0.3029,0.3268,0.7150,5.9502
84400000,387661392,344698,19,21,0,0,4,0.2890,0.2789,0.3002,0.2636,0.2808,0.3076,0.2787,0.3053,0.2915,0.7987,0.8327,0.2906,0.2724,0.3191,0.3616,0.7145,6.1853
84600000,388215297,344898,19,21,0,0,3,0.2764,0.2694,0.2657,0.2697,0.2796,0.2915,0.2565,0.2985,0.2849,0.7431,0.7787,0.2786,0.2798,0.2855,0.3027,0.7145,5.8751
84800000,388762202,345122,20,21,1,0,34,0.2730,0.2873,0.2631,0.2619,0.2743,0.2920,0.2604,0.2893,0.3000,0.6690,0.7013,0.3081,0.2901,0.3122,0.3403,0.7166,5.8388
85000000,389347296,345279,21,21,2,0,21,0.2887,0.2715,0.3130,0.2749,0.2782,0.2939,0.2693,0.2903,0.2963,0.7097,0.7446,0.2832,0.2771,0.2920,0.3275,0.7159,5.9260
85200000,389872349,345425,19,21,1,0,2,0.2787,0.2799,0.3007,0.2682,0.2752,0.3016,0.2650,0.2976,0.2985,0.7443,0.7812,0.2950,0.2907,0.2771,0.3017,0.7151,5.9706
85400000,390428129,345553,19,21,0,3,33,0.2732,0.2633,0.3031,0.2628,0.2715,0.2767,0.2687,0.2705,0.2757,0.6863,0.7209,0.2973,0.2823,0.2878,0.3135,0.7161,5.7698
85600000,391023317,345797,21,21,1,1,13,0.2775,0.2628,0.2728,0.2691,0.2669,0.2730,0.2602,0.2752,0.2737,0.6838,0.7198,0.2917,0.2687,0.2703,0.2999,0.7170,5.6823
85800000,391492565,345946,19,21,0,1,11,0.2796,0.2725,0.2949,0.2789,0.3036,0.3205,0.2937,0.2900,0.2952,0.7874,0.8195,0.3229,0.3032,0.3293,0.3558,0.7164,6.2632
86000000,391992834,346086,19,21,0,1,6,0.2955,0.2879,0.3082,0.2783,0.2959,0.3063,0.2875,0.2857,0.2998,0.7647,0.7991,0.2982,0.2840,0.3137,0.3651,0.7168,6.1868
86200000,392457666,346181,20,21,1,0,25,0.2883,0.2915,0.2950,0.2801,0.2912,0.2977,0.2927,0.2873,0.2943,0.7966,0.8299,0.2989,0.3109,0.3181,0.3396,0.7150,6.2272
86400000,393056961,346330,22,21,0,4,17,0.2767,0.2693,0.2829,0.2590,0.2671,0.2875,0.2668,0.2843,0.2747,0.6832,0.7173,0.2911,0.2957,0.2811,0.3339,0.7184,5.7888
86600000,393669827,346483,24,21,0,3,20,0.2762,0.2690,0.2888,0.2772,0.2706,0.2813,0.2833,0.2814,0.2960,0.6867,0.7187,0.2712,0.2663,0.2815,0.3073,0.7158,5.7711
86800000,394142696,346599,23,21,0,0,1,0.3151,0.3023,0.3020,0.3072,0.2975,0.3102,0.2850,0.3050,0.3084,0.7028,0.7379,0.2969,0.2786,0.3284,0.3423,0.7189,6.1387
87000000,394680196,346782,25,21,0,0,8,0.2773,0.2985,0.2764,0.2796,0.2754,0.3000,0.2583,0.3099,0.3074,0.7416,0.7756,0.2728,0.2817,0.2911,0.3480,0.7177,6.0114
87200000,395265367,346973,25,21,1,4,15,0.2792,0.2795,0.2915,0.2650,0.2795,0.2879,0.2887,0.2753,0.3033,0.6420,0.6772,0.2771,0.2912,0.2961,0.3174,0.7191,5.7700
87400000,395802669,347207,26,21,0,1,10,0.2789,0.2780,0.2839,0.2843,0.2749,0.3067,0.2566,0.2950,0.2909,0.6574,0.6933,0.2839,0.2835,0.2784,0.3186,0.7167,5.7812
87600000,396363030,347336,24,21,4,3,28,0.2718,0.2874,0.2861,0.2719,0.2726,0.2807,0.2585,0.2614,0.2931,0.6972,0.7331,0.2885,0.2742,0.2875,0.3277,0.7194,5.8113
87800000,396857367,347501,24,21,1,3,31,0.2959,0.2993,0.3139,0.3015,0.2837,0.2848,0.2609,0.3151,0.2958,0.7798,0.8136,0.2914,0.2691,0.3176,0.3519,0.7205,6.1946
88000000,397380959,347652,22,21,0,2,95,0.2704,0.2749,0.2902,0.2834,0.2761,0.2790,0.2672,0.2948,0.3059,0.7471,0.7825,0.3012,0.2933,0.3055,0.3452,0.7201,6.0369
88200000,397917592,347739,23,21,1,0,31,0.2964,0.2650,0.2821,0.2711,0.2774,0.2958,0.2905,0.3146,0.2982,0.6739,0.7036,0.2829,0.2784,0.3284,0.3317,0.7223,5.9122
88400000,398401160,347842,23,21,1,0,23,0.2942,0.2881,0.3075,0.2940,0.2820,0.2954,0.2908,0.3107,0.3092,0.7714,0.8051,0.2978,0.2953,0.2783,0.3381,0.7196,6.1776
88600000,398877116,348004,24,21,1,1,21,0.2842,0.2595,0.2903,0.2849,0.2761,0.3174,0.3017,0.3036,0.3077,0.7702,0.8032,0.3054,0.3055,0.3367,0.3521,0.7206,6.2192
88800000,399345168,348057,21,21,1,0,24,0.2859,0.3056,0.3040,0.2721,0.3029,0.3400,0.2745,0.3341,0.3257,0.8174,0.8551,0.3080,0.3050,0.3097,0.3671,0.7197,6.4268
89000000,399805930,348205,24,21,0,3,36,0.2939,0.2746,0.3134,0.2788,0.3037,0.3208,0.2750,0.3032,0.3159,0.8046,0.8364,0.2890,0.3102,0.2933,0.3301,0.7190,6.2619
89200000,400330470,348378,26,21,0,1,41,0.2842,0.2906,0.3001,0.2845,0.2952,0.3112,0.2625,0.3226,0.2924,0.6991,0.7360,0.2955,0.2784,0.3164,0.3383,0.7216,6.0285
89400000,400839814,348473,26,21,1,3,41,0.2799,0.2959,0.3210,0.2658,0.2801,0.3112,0.2712,0.2998,0.2716,0.8223,0.8580,0.3171,0.2851,0.3029,0.3750,0.7218,6.2785
89600000,401280335,348596,26,21,1,1,45,0.3041,0.2865,0.3079,0.3084,0.2971,0.3306,0.2844,0.3200,0.3049,0.8294,0.8624,0.3057,0.2826,0.3125,0.3499,0.7224,6.4090
89800000,401798938,348768,27,21,0,3,10,0.2813,0.2673,0.3118,0.2599,0.2858,0.2833,0.2693,0.3091,0.2883,0.7399,0.7735,0.2914,0.2868,0.3208,0.3747,0.7213,6.0646
90000000,402336551,348889,26,21,1,1,48,0.2737,0.2921,0.3049,0.2785,0.2843,0.2955,0.2959,0.2947,0.2976,0.7206,0.7527,0.3048,0.2902,0.3177,0.3238,0.7225,6.0495
90200000,402852203,349081,23,21,2,1,66,0.2956,0.2925,0.2914,0.2801,0.2797,0.2997,0.2601,0.3049,0.2965,0.8402,0.8747,0.2917,0.2808,0.3233,0.3159,0.7229,6.2501
90400000,403343832,349175,24,21,0,1,51,0.2922,0.2947,0.3096,0.2784,0.3073,0.2926,0.2823,0.2979,0.3168,0.7699,0.8041,0.3127,0.2787,0.3107,0.3170,0.7242,6.1890
90600000,403801101,349351,25,21,0,0,14,0.3007,0.2798,0.2963,0.2799,0.2958,0.3257,0.2851,0.3011,0.2964,0.8067,0.8407,0.3114,0.2846,0.3174,0.3169,0.7240,6.2626
90800000,404351251,349495,24,21,0,3,20,0.2762,0.2556,0.2810,0.2758,0.2757,0.3078,0.2786,0.3001,0.2926,0.7191,0.7536,0.3118,0.2762,0.2939,0.3045,0.7226,5.9252
91000000,404906895,349605,24,21,2,0,58,0.3061,0.2820,0.3156,0.2778,0.2709,0.3090,0.2622,0.2999,0.2923,0.6839,0.7217,0.2960,0.2965,0.3101,0.3056,0.7240,5.9537
91200000,405417060,349743,23,21,0,2,18,0.2974,0.2772,0.3027,0.2645,0.2878,0.2851,0.2645,0.2895,0.3009,0.7189,0.7545,0.2852,0.2842,0.2910,0.3094,0.7253,5.9382
91400000,405880530,349844,22,21,0,2,4,0.2900,0.2972,0.3121,0.2808,0.2941,0.3090,0.2771,0.3158,0.3307,0.8130,0.8513,0.2824,0.3012,0.3296,0.3554,0.7246,6.3643
91600000,406419289,349948,21,21,0,0,40,0.2901,0.2904,0.3193,0.2763,0.3049,0.3047,0.2735,0.2898,0.2818,0.7314,0.7624,0.2849,0.2810,0.3061,0.3293,0.7263,6.0522
91800000,406919526,350072,20,21,0,2,30,0.2855,0.2803,0.2923,0.2812,0.2936,0.3139,0.2655,0.3065,0.2969,0.7856,0.8215,0.3312,0.2720,0.3057,0.3393,0.7264,6.1974
92000000,407436093,350168,16,21,3,0,34,0.2791,0.2926,0.2929,0.2686,0.2876,0.3099,0.2665,0.3127,0.2917,0.7946,0.8283,0.3018,0.2711,0.3017,0.3321,0.7255,6.1566
92200000,407953715,350333,17,21,0,0,12,0.3005,0.3060,0.3117,0.2729,0.2911,0.2968,0.2789,0.3157,0.2911,0.7640,0.7978,0.2992,0.2689,0.2996,0.3402,0.7261,6.1604
92400000,408409671,350410,17,21,0,1,7,0.2870,0.3016,0.3227,0.2948,0.2912,0.3127,0.2960,0.3113,0.3071,0.8019,0.8361,0.2947,0.2753,0.3054,0.3460,0.7253,6.3091
92600000,408875714,350539,16,21,2,0,15,0.3010,0.3024,0.3137,0.2827,0.2753,0.3195,0.2798,0.3273,0.3185,0.7977,0.8345,0.2852,0.2946,0.2907,0.3452,0.7261,6.2942
92800000,409378794,350629,16,21,1,0,8,0.2812,0.2831,0.2895,0.2767,0.2916,0.3286,0.2796,0.3113,0.2866,0.7501,0.7802,0.2882,0.3218,0.3013,0.3243,0.7275,6.1215
93000000,409840264,350768,15,21,0,0,13,0.2941,0.3027,0.2927,0.2667,0.2904,0.2899,0.2813,0.3100,0.3195,0.7549,0.7898,0.3163,0.2985,0.3283,0.3814,0.7269,6.2434
93200000,410363356,350881,16,21,0,1,15,0.2884,0.2943,0.3130,0.2850,0.2814,0.2957,0.2659,0.3021,0.2855,0.7218,0.7552,0.2861,0.3011,0.3056,0.3336,0.7266,6.0414
93400000,410913841,350999,16,21,0,0,2,0.2838,0.2715,0.3024,0.2844,0.2864,0.2941,0.2633,0.3001,0.2952,0.7129,0.7496,0.3087,0.2670,0.2869,0.3128,0.7260,5.9453
93600000,411407158,351109,15,21,0,1,15,0.2844,0.2765,0.3048,0.2759,0.2919,0.3000,0.3107,0.3029,0.2883,0.7797,0.8158,0.2881,0.3199,0.3106,0.3648,0.7288,6.2431
93800000,411904948,351263,16,21,2,0,11,0.2856,0.2961,0.3244,0.2613,0.2926,0.3074,0.2857,0.2946,0.2988,0.7686,0.8072,0.3071,0.3009,0.2904,0.3492,0.7277,6.1977
94000000,412361386,351367,15,21,1,1,4,0.2994,0.2852,0.2967,0.2741,0.2933,0.3125,0.2944,0.3166,0.2757,0.8032,0.8355,0.2959,0.2970,0.3164,0.3448,0.7281,6.2690
94200000,412880738,351551,18,21,0,2,9,0.2907,0.2693,0.2835,0.2646,0.2840,0.3088,0.2565,0.3021,0.3049,0.7539,0.7878,0.3013,0.2873,0.2950,0.3602,0.7279,6.0779
94400000,413417521,351654,20,21,0,2,10,0.2930,0.2721,0.3252,0.2893,0.3019,0.3006,0.2811,0.3051,0.3192,0.7342,0.7689,0.2955,0.2903,0.2984,0.3391,0.7292,6.1432
94600000,413965911,351803,20,21,0,1,2,0.2975,0.2743,0.2924,0.2776,0.2934,0.2772,0.2826,0.3039,0.2831,0.7154,0.7539,0.2919,0.2900,0.3039,0.3247,0.7295,5.9913
94800000,414459452,351933,21,21,0,1,19,0.2898,0.2794,0.3143,0.2804,0.2851,0.2978,0.2876,0.3191,0.2930,0.8303,0.8674,0.3249,0.2881,0.3154,0.3566,0.7297,6.3590
95000000,414998858,352082,21,21,0,2,6,0.2982,0.2771,0.2978,0.2611,0.2903,0.3025,0.2757,0.2928,0.2836,0.7198,0.7542,0.2865,0.2864,0.2791,0.3504,0.7286,5.9842
95200000,415435201,352233,24,21,0,3,26,0.3033,0.2916,0.3295,0.2938,0.2885,0.3192,0.2656,0.3058,0.2984,0.7917,0.8289,0.2947,0.3053,0.3082,0.3466,0.7283,6.2995
95400000,415960717,352361,24,21,0,1,9,0.2957,0.2879,0.2922,0.2843,0.2823,0.2918,0.2915,0.2990,0.3178,0.7187,0.7542,0.3105,0.2764,0.2981,0.3166,0.7321,6.0492
95600000,416493713,352544,25,21,1,0,8,0.2981,0.2723,0.3112,0.2655,0.2818,0.2996,0.2822,0.3029,0.3001,0.6840,0.7157,0.2911,0.2842,0.3082,0.3374,0.7321,5.9666
95800000,417024535,352696,26,21,1,1,2,0.2911,0.2878,0.3144,0.2936,0.3051,0.3235,0.2880,0.3089,0.2891,0.7437,0.7765,0.2993,0.3110,0.3077,0.3730,0.7305,6.2434
96000000,417504188,352753,24,21,2,1,42,0.2919,0.2872,0.3052,0.2828,0.2949,0.3116,0.2643,0.3269,0.3075,0.8014,0.8337,0.3112,0.3284,0.2861,0.3415,0.7318,6.3064
96200000,417971988,352850,22,21,0,1,8,0.3003,0.3003,0.3228,0.2864,0.3119,0.3177,0.2857,0.3171,0.3133,0.8071,0.8414,0.3023,0.2847,0.3013,0.3486,0.7313,6.3722
96400000,418470933,353030,22,21,0,0,1,0.3136,0.2827,0.2976,0.2743,0.2986,0.3157,0.2970,0.3316,0.3052,0.7743,0.8119,0.2957,0.3032,0.2909,0.3305,0.7306,6.2534
96600000,418936263,353170,23,21,0,0,1,0.2928,0.2924,0.3026,0.2634,0.2795,0.2948,0.2776,0.3227,0.3203,0.8550,0.8894,0.2860,0.2826,0.3135,0.3278,0.7308,6.3312
96800000,419494159,353305,22,21,0,0,0,0.2967,0.2687,0.2990,0.2767,0.2683,0.2898,0.2776,0.2883,0.2915,0.6636,0.6993,0.2927,0.2892,0.2893,0.3498,0.7324,5.8729
97000000,420036614,353498,24,21,0,1,18,0.2777,0.2652,0.2872,0.2764,0.2843,0.2955,0.2922,0.2844,0.2933,0.8049,0.8412,0.3070,0.2988,0.2866,0.3211,0.7311,6.1468
97200000,420437298,353588,24,21,0,2,6,0.3001,0.2849,0.3295,0.2934,0.2966,0.3158,0.2796,0.3047,0.2866,0.8156,0.8507,0.3464,0.3284,0.2989,0.3624,0.7324,6.4261
97400000,421005455,353772,24,21,1,2,20,0.2797,0.2911,0.2945,0.2784,0.2607,0.2842,0.2699,0.2951,0.3037,0.7670,0.8051,0.2910,0.3005,0.2977,0.3415,0.7318,6.0918
97600000,421440426,353880,23,21,1,1,16,0.2962,0.2908,0.3068,0.2702,0.2849,0.3080,0.2861,0.2986,0.3024,0.8299,0.8604,0.3068,0.2816,0.2865,0.3423,0.7334,6.2849
97800000,422020097,354026,23,21,0,2,19,0.2808,0.2584,0.3053,0.2770,0.2892,0.2962,0.2880,0.2854,0.2942,0.7116,0.7460,0.3040,0.2793,0.3040,0.3493,0.7321,6.0008
98000000,422450485,354125,24,21,0,0,4,0.3035,0.2989,0.3184,0.2852,0.2972,0.3063,0.2968,0.2920,0.3164,0.7859,0.8180,0.3010,0.2964,0.3028,0.3418,0.7345,6.2952
98200000,422917302,354221,25,21,0,0,4,0.2945,0.3017,0.3019,0.2738,0.2991,0.3244,0.2853,0.2941,0.3351,0.7295,0.7601,0.2985,0.3013,0.3316,0.3447,0.7357,6.2114
98400000,423401143,354377,27,21,0,1,4,0.2915,0.2916,0.3080,0.2849,0.2913,0.3101,0.2879,0.3135,0.2917,0.6997,0.7350,0.3182,0.2953,0.3056,0.3369,0.7357,6.0971
98600000,423794603,354441,24,21,1,0,18,0.3238,0.2990,0.3344,0.3206,0.3122,0.3345,0.2798,0.3250,0.3249,0.8188,0.8526,0.3390,0.3159,0.2945,0.3773,0.7336,6.5859
98800000,424343132,354548,23,21,0,3,1,0.2874,0.2846,0.2986,0.2777,0.2993,0.3040,0.2743,0.2933,0.2922,0.6970,0.7334,0.2839,0.3072,0.2996,0.3219,0.7345,5.9889
99000000,424881871,354650,22,21,0,0,5,0.2824,0.2866,0.3076,0.2921,0.2902,0.3085,0.2806,0.3057,0.2899,0.7028,0.7411,0.3045,0.2962,0.3052,0.3246,0.7339,6.0519
99200000,425339103,354805,23,21,0,0,12,0.3000,0.3060,0.3037,0.2822,0.3224,0.3158,0.2682,0.2827,0.2941,0.8313,0.8637,0.3125,0.2925,0.3011,0.3852,0.7348,6.3963
99400000,425799715,354892,23,21,1,2,15,0.3056,0.2984,0.3041,0.2802,0.2925,0.3083,0.2902,0.3274,0.2799,0.7089,0.7426,0.3140,0.2880,0.3069,0.3281,0.7365,6.1117
99600000,426227570,354959,24,21,0,2,11,0.2985,0.2802,0.3079,0.2995,0.3161,0.3181,0.2682,0.3235,0.3211,0.7559,0.7948,0.2949,0.2856,0.2717,0.3808,0.7349,6.2518
99800000,426659927,355069,24,21,0,2,8,0.3083,0.3014,0.3079,0.2720,0.2941,0.3098,0.2712,0.3424,0.3247,0.8524,0.8905,0.3078,0.2863,0.3225,0.3600,0.7336,6.4847
100000000,427145984,355203,23,21,0,1,7,0.3035,0.2787,0.2957,0.2855,0.2908,0.2928,0.2724,0.2940,0.2908,0.7885,0.8239,0.2845,0.3002,0.3021,0.3187,0.7370,6.1591
Report usecs used: 3250169
That is 3 seconds
Setup usecs used: 0
That is 0 seconds
Seeding usecs used: 1773213
That is 1 seconds
Random usecs used: 8247191
That is 8 seconds
Execute usecs used: 6477995
That is 6 seconds
Cell Splitting usecs used: 1725420
That is 1 seconds

real	0m29.126s
user	0m28.992s
sys	0m0.087s
