200000,9031509,10164,0,2,0,0,0,0.0233,0.0328,0.0372,0.0274,0.0270,0.0361,0.0343,0.0435,0.0371,0.1765,0.1777,0.0353,0.0333,0.0342,0.0461,0.0120,0.8136
400000,17968507,22239,0,2,0,0,0,0.0497,0.0659,0.0693,0.0554,0.0582,0.0637,0.0966,0.0733,0.0590,0.4462,0.2818,0.0659,0.0961,0.0656,0.1191,0.0381,1.7038
600000,26833900,34482,0,2,0,0,0,0.0703,0.0794,0.0875,0.0720,0.0769,0.0784,0.0770,0.0895,0.0808,0.3271,0.3274,0.0780,0.0871,0.0844,0.0869,0.0644,1.7671
800000,35160716,46308,0,2,0,0,0,0.0815,0.0983,0.1087,0.0827,0.0880,0.0961,0.0927,0.1079,0.0972,0.3432,0.3467,0.0998,0.0883,0.0942,0.1011,0.0900,2.0163
1000000,43311303,57808,0,2,0,0,0,0.0925,0.1082,0.1079,0.0940,0.1798,0.1037,0.1008,0.1116,0.1095,0.3483,0.3529,0.1041,0.1107,0.1032,0.2046,0.1116,2.3434
1200000,51332359,69070,0,2,0,0,0,0.1052,0.2148,0.1178,0.1042,0.1168,0.1226,0.1107,0.1191,0.1202,0.7073,0.7144,0.1176,0.1167,0.1163,0.1155,0.1325,3.1516
1400000,59141536,79821,0,2,0,0,0,0.1067,0.1141,0.2456,0.1133,0.1152,0.1279,0.1161,0.1293,0.1224,0.3528,0.3603,0.1194,0.1198,0.1188,0.2416,0.1518,2.6551
1600000,66880418,90285,0,2,0,0,0,0.1154,0.1253,0.1326,0.1182,0.1226,0.1430,0.1183,0.1387,0.1334,0.3795,0.3856,0.2438,0.1256,0.1271,0.3713,0.1707,2.9510
1800000,74190756,99982,0,2,0,0,0,0.1233,0.1287,0.1437,0.1244,0.1316,0.1381,0.1333,0.1456,0.1339,0.7745,0.7859,0.1344,0.1368,0.1434,0.5190,0.3585,4.0551
2000000,81527705,109656,1,4,0,3,14,0.1322,0.1422,0.1427,0.1313,0.1358,0.1390,0.1352,0.1382,0.1438,0.3898,0.3968,0.1432,0.1427,0.1396,0.1446,0.2016,2.7989
[EVENT] Viable replicators have appeared!
2200000,88621825,118570,1,5,0,0,0,0.2690,0.1458,0.1484,0.2715,0.2753,0.2899,0.1388,0.1460,0.2945,0.7948,0.8087,0.1454,0.1447,0.1466,0.1497,0.2168,4.3861
2400000,95443966,127253,2,5,0,0,0,0.1419,0.2947,0.1591,0.1410,0.1454,0.1559,0.1437,0.1561,0.1561,1.1933,1.2161,0.1544,0.2941,0.1519,0.1547,0.2293,4.8878
2600000,102157112,135630,2,3,2,1,3,0.1473,0.1492,0.1713,0.1461,0.1508,0.1601,0.1416,0.1576,0.1579,0.4033,0.4125,0.1571,0.1512,0.1580,0.1638,0.2424,3.0701
2800000,108742513,143649,3,5,0,0,0,0.1560,0.1605,0.1650,0.1522,0.1564,0.1688,0.1587,0.1686,0.1618,0.4185,0.4259,0.1644,0.1595,0.1664,0.1642,0.2530,3.2000
3000000,115383290,151743,3,5,0,1,9,0.1566,0.1642,0.1706,0.1576,0.3102,0.1659,0.3074,0.3317,0.1645,0.8215,0.8413,0.3264,0.1649,0.1645,0.3295,0.2648,4.8415
3200000,121797991,159359,3,5,0,0,0,0.1576,0.1679,0.1707,0.3179,0.4765,0.3416,0.1624,0.1771,0.3371,1.2591,0.4411,0.1688,0.3300,0.1769,0.1780,0.2766,5.1393
3400000,128078278,166682,3,5,0,1,9,0.1684,0.1724,0.1923,0.1688,0.1683,0.5175,0.3321,0.1813,0.5040,1.6541,0.8650,0.1747,0.1704,0.3469,0.1857,0.2874,6.0892
3600000,134179973,173701,4,5,0,0,1,0.1719,0.1778,0.1817,0.1682,0.1711,0.1846,0.1667,0.1930,0.1799,0.4367,0.4508,0.1811,0.1751,0.1830,0.1862,0.2960,3.5036
3800000,140333009,180603,4,5,0,0,6,0.3487,0.1755,0.1821,0.3448,0.3442,0.1800,0.1732,0.1935,0.1784,0.8702,0.8982,0.3627,0.1797,0.3595,0.1893,0.6020,5.5819
4000000,146237326,187177,5,5,0,1,6,0.1834,0.1808,0.1914,0.1808,0.1857,0.1862,0.1751,0.1926,0.1859,0.4363,0.4499,0.1870,0.1898,0.1897,0.3860,0.3155,3.8160
4200000,152081572,193526,4,5,0,0,3,0.3637,0.3581,0.1849,0.3603,0.3605,0.3806,0.1723,0.1882,0.1866,0.4298,0.4435,0.1834,0.1771,0.1867,0.1863,0.3230,4.4849
4400000,157739737,199507,5,5,0,0,6,0.1866,0.1886,0.2008,0.1818,0.5444,0.5734,0.3628,0.2002,0.3813,0.4286,0.4435,0.1943,0.1913,0.1854,0.3876,0.6545,5.3053
4600000,163248357,205116,4,5,0,0,2,0.1882,0.1806,0.2028,0.1865,0.1906,0.1989,0.1907,0.1904,0.1966,0.4382,0.4503,0.1963,0.1963,0.1967,0.1989,0.3395,3.7416
4800000,168781280,210680,4,6,0,0,2,0.1947,0.1934,0.2062,0.3739,0.1880,0.2025,0.1878,0.2039,0.2035,0.8874,0.9147,0.3888,0.1983,0.1974,0.4018,0.3465,5.2885
5000000,174360318,216093,4,6,0,0,0,0.1947,0.1860,0.1999,0.1886,0.1907,0.1972,0.1872,0.1995,0.2057,0.4422,0.4563,0.1951,0.1982,0.1962,0.2154,0.3537,3.8066
5200000,179926702,221391,5,7,0,1,3,0.1938,0.1906,0.2041,0.1861,0.1895,0.2006,0.1940,0.1984,0.2003,0.4708,0.4871,0.1988,0.1965,0.1990,0.2106,0.3600,3.8801
5400000,185280099,226297,4,7,0,2,12,0.1928,0.1960,0.2113,0.1980,0.1978,0.2010,0.1964,0.2084,0.1995,0.4658,0.4820,0.2059,0.1999,0.4100,0.2092,0.3666,4.1406
5600000,190579161,231152,5,8,0,0,0,0.2089,0.2045,0.2176,0.1974,0.2038,0.2081,0.1931,0.2137,0.2084,0.9322,0.9640,0.2137,0.2030,0.2128,0.2135,0.3738,4.9686
5800000,195752951,235723,12,8,2,1,113,0.2016,0.2046,0.2179,0.1975,0.4113,0.4203,0.4011,0.4344,0.2102,1.4000,1.4503,0.4229,0.2036,0.2083,0.2121,0.3781,6.9740
6000000,200903410,240337,11,8,3,0,25,0.1067,0.1048,0.1136,0.1032,0.1014,0.1054,0.1010,0.3236,0.1042,0.2527,0.2608,0.1031,0.1072,0.1056,0.2155,0.1959,2.4048
6200000,206170727,244737,19,8,4,0,54,0.0703,0.0688,0.1484,0.0696,0.0715,0.0741,0.0679,0.0751,0.0705,0.1597,0.1652,0.1400,0.0717,0.0714,0.2142,0.1320,1.6704
6400000,211181629,249028,22,8,1,2,114,0.2125,0.2123,0.6747,0.2031,0.2038,0.4453,0.2002,0.2253,0.2217,0.4715,0.9920,0.2135,0.2127,0.2115,0.8748,0.7974,6.3723
6600000,215980747,253024,24,8,7,1,193,0.2137,0.2113,0.2260,0.2056,0.2109,0.2241,0.2032,0.2256,0.2130,0.5212,0.5410,0.2198,0.2116,0.2201,0.2335,0.4042,4.2848
6800000,220811002,256717,25,8,1,0,112,0.2177,0.2113,0.4521,0.2123,0.2205,0.2206,0.2171,0.2250,0.2259,1.0188,1.0548,0.2215,0.2189,0.2244,0.4683,0.4098,5.8190
7000000,225751003,260648,19,8,3,0,84,0.1073,0.1084,0.1112,0.1050,0.1068,0.1091,0.1066,0.1094,0.1075,0.2433,0.2522,0.1099,0.1057,0.1080,0.3429,0.2072,2.3403
7200000,230502375,264272,20,8,1,0,89,0.2186,0.2183,0.2253,0.2140,0.4245,0.2277,0.4265,0.4434,0.2299,0.5195,0.5361,0.4408,0.2251,0.2216,0.9071,0.8232,6.3015
7400000,235354359,267813,21,8,0,1,15,0.2226,0.2169,0.2331,0.2182,0.2168,0.2339,0.2183,0.2251,0.2165,1.0048,1.0401,0.2221,0.4435,0.2225,0.2214,0.4215,5.5774
7600000,240161301,271289,19,8,2,4,50,0.2226,0.2087,0.2375,0.2189,0.2211,0.2360,0.2074,0.2340,0.2191,0.4946,0.5136,0.2239,0.2175,0.2295,0.2228,0.4253,4.3326
7800000,244643915,274274,18,8,2,0,87,0.4562,0.4483,0.2410,0.2227,0.2161,0.4830,0.4296,0.2338,0.2254,0.5080,0.5262,0.2268,0.2277,0.4706,0.4717,0.4311,5.8181
8000000,249148749,277254,19,8,2,2,57,0.2217,0.2191,0.4762,0.2196,0.2228,0.2294,0.2144,0.2302,0.2282,1.0070,1.0453,0.2290,0.4463,0.6922,0.2374,0.4335,6.3523
8200000,253676428,280343,16,9,1,3,63,0.2175,0.2213,0.2282,0.2243,0.2173,0.2333,0.4374,0.2363,0.2315,0.5174,0.5389,0.2222,0.2166,0.2289,0.4770,0.4401,4.8880
8400000,257995530,283204,18,12,2,2,144,0.4543,0.4517,0.4766,0.4586,0.2258,0.4760,0.2240,0.2374,0.2343,1.0519,1.0920,0.4631,0.2277,0.2321,0.2471,0.8969,7.4496
8600000,262491533,286198,20,14,4,2,64,0.2250,0.2149,0.6912,0.2243,0.4335,0.6921,0.4380,0.4665,0.2256,1.5479,1.6029,0.2289,0.2237,0.4576,0.2392,1.3141,9.2255
8800000,266781414,288915,24,14,6,3,324,0.2303,0.2319,0.2432,0.2258,0.2266,0.2379,0.2225,0.2361,0.2306,0.5063,0.5244,0.2302,0.2292,0.2317,0.2422,0.4505,4.4994
9000000,271217113,291544,18,12,3,5,189,0.4524,0.2303,0.2404,0.4470,0.2217,0.2319,0.2190,0.2436,0.2352,0.5212,0.5425,0.4607,0.2320,0.2325,0.2449,0.8908,5.6461
9200000,275374948,294125,17,12,1,1,32,0.2325,0.2298,0.2406,0.2251,0.2262,0.2419,0.2179,0.2475,0.2328,0.5443,0.5628,0.2415,0.2351,0.2368,0.2485,0.4573,4.6208
9400000,279783521,296650,21,12,1,7,79,0.2325,0.2306,0.2466,0.2307,0.2275,0.4706,0.2211,0.2350,0.2320,1.0317,1.0677,0.2451,0.2375,0.2379,0.2432,0.4607,5.8503
9600000,284036744,299096,20,12,4,5,105,0.2374,0.2340,0.2423,0.2308,0.2272,0.2386,0.2313,0.2485,0.2368,1.5362,1.5935,0.2382,0.2308,0.2324,0.2507,0.4646,6.6733
9800000,288030139,301416,17,15,3,3,44,0.2350,0.2357,0.4876,0.2257,0.2303,0.4814,0.4605,0.4979,0.2472,2.1068,0.5589,0.4839,0.2401,0.2431,0.2462,0.4685,7.4490
10000000,291978851,303795,17,13,0,1,9,0.4717,0.2319,0.7368,0.2319,0.2310,0.2414,0.6862,0.7429,0.4880,2.6385,1.1264,0.7203,0.4742,0.2392,0.4867,0.9343,10.6812
10200000,296251847,306088,19,9,4,2,93,0.7015,0.2273,0.2506,0.2289,0.4591,0.4869,0.2251,0.9881,0.2360,3.1358,0.5276,0.2456,0.2358,0.4804,0.2401,0.4710,9.1397
10400000,300308083,308347,16,9,1,2,37,0.9232,0.2425,0.2517,0.4621,0.6791,0.7216,0.2258,1.2216,0.2433,0.5687,1.1017,0.2380,0.4742,0.2506,0.4836,0.4781,8.5655
10600000,304172945,310435,19,11,2,2,36,0.2379,0.2334,0.5100,0.7053,0.2353,0.9890,0.4758,0.2494,0.4920,1.1279,1.6903,0.2464,0.2473,0.5073,0.2584,0.4815,8.6871
10800000,308027879,312423,18,11,2,2,47,0.2430,0.2348,0.2485,0.2372,0.2376,0.2609,0.2396,0.2595,0.2446,0.5151,0.5365,0.2455,0.2431,0.2418,0.5153,0.4820,4.9850
11000000,311706002,314263,23,11,3,2,100,0.2411,0.2444,0.2533,0.2388,0.2485,0.2565,0.2326,0.2550,0.2553,0.5463,0.5638,0.2571,0.2567,0.2524,0.2661,0.4860,4.8539
11200000,315536941,316142,23,11,3,3,141,0.4730,0.2501,0.2568,0.4678,0.4864,0.5015,0.4634,0.5100,0.4931,0.5448,1.1168,0.5031,0.2481,0.4907,0.5217,0.9669,8.2941
11400000,319363385,318078,24,13,3,0,132,0.2445,0.2370,0.2513,0.2312,0.2404,0.2465,0.2417,0.2506,0.2424,0.5400,0.5595,0.2451,0.2438,0.2571,0.2522,1.4682,5.7515
11600000,323150210,319847,23,16,6,0,218,0.2477,0.4778,0.5057,0.2394,0.2416,0.2495,0.2414,0.2550,0.2492,0.5597,0.5796,0.2548,0.2479,0.2566,0.5139,0.4942,5.6139
11800000,326826586,321445,28,20,7,2,631,0.2414,0.7306,0.2508,0.4866,0.2352,0.2493,0.2340,0.5205,0.2484,1.1352,0.5782,0.2522,0.4883,0.5143,0.2502,1.0029,7.4179
12000000,330540700,323098,24,20,1,3,112,0.4868,0.9750,0.2558,0.2361,0.2372,0.2595,0.2288,0.2630,0.2448,1.6592,0.5532,0.2494,0.7211,0.2548,0.2529,0.4957,7.3733
12200000,334182460,324764,21,20,1,1,65,0.1215,0.1215,0.1278,0.2389,0.1205,0.2551,0.2357,0.2608,0.1234,0.2719,0.5589,0.2539,0.4876,0.2561,0.1317,0.2497,3.8148
12400000,337675779,326311,23,10,1,0,128,0.2515,0.2477,0.5241,0.2459,0.2516,0.7814,0.2369,0.2515,0.2544,1.1229,1.7235,0.2620,0.2545,0.7704,0.2665,0.5019,7.9466
12600000,341305933,327882,25,11,2,0,105,0.1253,0.1257,0.1280,0.1207,0.1226,0.1309,0.1167,0.2534,0.1254,0.2796,0.2891,0.1262,0.1223,0.1265,0.1326,0.5024,2.8275
12800000,344963476,329347,23,11,3,2,148,0.4921,0.4956,0.5045,0.4781,0.2467,0.5117,0.4595,0.2616,0.2528,1.1117,1.1452,0.2603,0.2451,0.5000,0.5172,0.5088,7.9909
13000000,348510183,330776,26,11,4,4,178,0.2497,0.7581,0.2674,0.2388,0.2524,0.7869,0.2402,0.2569,0.2601,0.5341,1.7373,0.2641,0.2512,0.7695,0.2620,1.0320,8.1604
13200000,351980574,332176,32,15,8,6,354,0.5014,0.2529,0.5345,0.2481,0.2544,1.0264,0.4804,0.5099,0.5101,0.5689,0.5895,0.2599,0.4956,1.0080,0.2692,1.5221,9.0312
13400000,355313455,333433,30,15,5,7,230,0.2530,0.2564,0.2588,0.2455,0.2495,0.2604,0.2450,0.2594,0.2615,1.1609,1.2014,0.2579,0.2552,0.2488,0.2625,0.5145,6.1908
13600000,358746145,334710,30,15,6,2,65,0.5040,0.2449,0.5181,0.2438,0.2470,0.2603,0.2370,0.2530,0.2569,1.7613,1.8200,0.5120,0.5043,0.2543,0.5277,0.5152,8.6597
13800000,362101268,336034,29,10,3,2,66,0.1318,0.1271,0.1357,0.1281,0.1298,0.1361,0.1244,0.1399,0.1351,1.1477,0.2930,0.1374,0.1328,0.1322,0.1426,0.2648,3.4384
14000000,365453031,337401,29,10,2,3,80,0.2581,0.2565,0.2656,0.2498,0.2513,0.2640,0.2440,0.2701,0.2588,0.5757,0.5972,0.2620,0.2639,0.2673,0.2666,1.0488,5.5995
14200000,368803207,338665,30,10,4,2,82,0.2550,0.2579,0.5263,0.2474,0.2479,0.2656,0.4851,0.2647,0.2645,1.1429,1.1821,0.2621,0.2585,0.5305,0.2705,0.5193,6.9801
14400000,372068177,339846,28,9,4,4,49,0.2541,0.2592,0.2704,0.2514,0.2453,0.2754,0.2549,0.2700,0.5221,0.5737,0.5949,0.2638,0.2595,0.2702,0.5408,0.5222,5.6280
14600000,375390013,341050,31,9,4,9,123,0.2600,0.2575,0.2760,0.2494,0.2550,0.2649,0.2440,0.2744,0.2539,0.5605,0.5802,0.2610,0.2481,0.2628,0.2743,0.5250,5.0470
14800000,378574022,342197,29,9,1,10,80,0.2534,0.2533,0.5423,0.2511,0.2504,0.2677,0.4904,0.2616,0.2592,1.1584,1.1996,0.2640,0.2601,0.2577,0.2806,1.0489,7.2988
15000000,381717790,343268,31,12,7,2,118,0.2616,0.5070,0.8170,0.2544,0.2530,0.2732,0.7351,0.2764,0.5234,1.7390,1.7977,0.5231,0.2538,0.2663,0.2773,0.5287,9.2867
15200000,384879610,344427,28,10,1,1,15,0.2641,0.2516,0.2820,0.2513,0.2575,0.2622,0.2425,0.2699,0.2636,0.5565,0.5783,0.2749,0.2586,0.2642,0.2861,0.5284,5.0917
15400000,388036846,345277,32,10,2,5,133,0.2583,0.2597,0.2724,0.2468,0.2604,0.2765,0.2519,0.2671,0.2666,0.5773,0.5962,0.2535,0.2593,0.2603,0.2765,1.0596,5.6423
15600000,391242559,346289,31,11,4,2,137,0.2594,0.2620,0.2668,0.2508,0.2501,0.2632,0.2543,0.2630,0.2579,1.1668,0.5991,0.2669,0.2606,0.2663,0.5545,0.5331,5.9747
15800000,394273766,347322,34,13,2,4,314,0.5163,0.2555,0.2755,0.2532,0.5011,0.5338,0.2487,0.5296,0.2712,0.5972,1.2068,0.5359,0.2569,0.2610,0.2821,0.5349,7.0597
16000000,397329271,348233,29,14,4,3,118,0.2582,0.2554,0.5503,0.5011,0.2527,0.8013,0.2567,0.8016,0.2714,1.2191,1.8528,0.2624,0.2597,0.5396,0.5602,1.0748,9.7173
16200000,400446314,349097,37,15,3,1,175,0.5236,0.5126,0.2732,0.2602,0.5146,0.2651,0.2577,0.2656,0.2672,1.8253,0.6136,0.2713,0.5328,0.8075,0.2809,0.5374,8.0086
16400000,403611245,350014,35,15,2,2,272,0.2603,0.2643,0.2747,0.2585,0.2588,0.2651,0.2455,0.2725,0.2723,0.5821,0.6034,0.2724,0.7843,0.2645,0.2829,1.0644,6.2258
16600000,406657671,350936,37,19,2,0,279,0.5261,0.2584,0.2777,0.2531,0.5259,0.5380,0.2534,0.5422,0.5412,1.1653,1.2063,0.5349,1.0509,0.2682,0.2885,1.6171,9.8473
16800000,409646546,351803,40,22,8,6,404,0.2625,0.2545,0.2639,0.2585,0.2578,0.2685,0.2484,0.2811,0.2613,0.6051,0.6270,0.2644,0.2575,0.2675,0.2813,0.5416,5.2007
17000000,412624884,352636,47,22,3,3,194,0.2617,0.2627,0.2828,0.2567,0.2624,0.2718,0.2500,0.5570,0.2676,1.1989,0.6181,0.2810,0.2632,0.2677,0.2807,0.5435,6.1258
17200000,415511483,353370,58,23,4,9,389,0.1373,0.1318,0.1429,0.1329,0.1316,0.1394,0.1329,0.1388,0.1362,0.3119,0.3208,0.1444,0.1355,0.1394,0.1402,0.2744,2.6905
17400000,418505286,354213,55,28,8,9,410,0.5382,0.2697,0.5630,0.2534,0.2635,0.2814,0.2641,0.2768,0.2696,1.2314,1.2688,0.2700,0.2638,0.5496,0.2832,0.5428,7.3894
17600000,421358793,354956,52,31,5,8,723,0.2640,0.5334,0.8370,0.5068,0.2567,0.2810,0.2513,0.2747,0.2677,0.6174,0.6399,0.2791,0.2562,0.8089,0.5716,1.0795,7.7252
17800000,424311722,355742,57,33,5,2,779,0.2658,0.8011,0.2791,0.2631,0.5164,0.2757,0.2654,0.2790,0.2723,1.1865,1.2307,0.5428,0.2598,0.2769,0.2843,1.6186,8.6175
18000000,427350408,356533,61,35,5,4,1697,0.2649,0.2667,0.2754,0.2559,0.7963,0.2719,0.5296,0.2699,0.2675,1.8330,1.8977,0.8401,0.2647,0.2664,0.5716,0.5475,9.4191
18200000,430024847,357225,61,36,7,1,1256,0.2674,0.2718,0.2755,0.2619,0.2593,0.2711,0.2567,0.2750,0.2724,0.6237,0.6421,0.2824,0.2701,0.2654,0.2915,1.1097,5.8960
18400000,432751633,357693,65,38,5,2,1142,0.2670,0.2743,0.2820,0.2681,0.2659,0.2714,0.2620,0.2828,0.2694,1.2220,1.2633,0.2792,0.2666,0.2751,0.2989,0.5532,6.6013
18600000,435413210,358340,66,41,7,6,642,0.2691,0.5377,0.2869,0.5326,0.2680,0.5445,0.2621,0.5654,0.5517,1.8428,1.9043,0.2685,0.5351,0.2726,0.5876,1.1034,10.3323
18800000,438248774,358941,56,41,3,5,475,0.2711,0.2594,0.2796,0.2524,0.2624,0.2784,0.2636,0.8680,0.2673,2.4979,2.5821,0.5526,0.2589,0.2680,0.8918,0.5510,10.6045
19000000,441031529,359544,51,43,5,4,418,0.1324,0.1329,0.1392,0.1285,0.1363,0.1432,0.1328,0.1414,0.1392,1.5449,1.5964,0.1385,0.1333,0.1367,0.1464,0.2778,5.1999
19200000,443778527,360189,53,44,7,8,481,0.2692,0.2697,0.2830,0.2589,0.5289,0.2758,0.2573,0.2875,0.2834,0.6173,0.6429,0.2947,0.2699,0.5407,0.2991,1.0865,6.4647
19400000,446536525,360713,54,46,2,5,320,0.2644,0.2751,0.2786,0.2577,0.2598,0.2824,0.2478,0.2736,0.2764,0.6122,0.6325,0.2741,0.2729,0.2687,0.2877,1.6762,6.4400
19600000,449081969,361370,58,47,5,12,216,0.2657,0.5436,0.2880,0.5224,0.2715,0.2733,0.2653,0.5483,0.2782,1.2660,0.6773,0.2863,0.5429,0.2782,0.5789,0.5578,7.4438
19800000,451732142,361942,59,50,3,6,408,0.2704,0.8078,0.2844,0.2681,0.2642,0.2862,0.2735,0.8325,0.2673,0.6284,0.6488,0.2759,0.2711,0.2721,0.8691,0.5582,7.0780
20000000,454606829,362611,61,53,10,6,307,0.5348,1.0586,0.2832,0.5193,0.2644,0.2788,0.5242,0.2793,0.5387,1.2259,0.6320,0.2704,0.2775,0.2842,0.2846,1.1039,8.3597
20200000,457228218,363090,67,55,7,9,686,0.8075,0.2693,0.2821,0.2592,0.2644,0.5631,0.8010,0.2780,0.8243,0.6300,1.2865,0.5548,0.5549,0.2833,0.2940,1.6741,9.6264
20400000,459939762,363608,71,57,9,6,624,0.2705,0.2641,0.2866,0.2628,0.2703,0.2758,0.2613,0.5711,0.2721,1.2434,1.9412,0.8514,0.2664,0.2737,0.2932,2.2877,9.8915
20600000,462526358,364124,67,58,10,8,383,0.2740,0.5234,0.5668,0.2616,0.2651,0.5535,0.5262,0.8388,0.2776,1.8432,0.6457,1.1071,0.2727,0.2704,0.5804,0.5611,9.3675
20800000,465015689,364636,64,59,7,8,249,0.5479,0.7940,0.2933,0.2675,0.5369,0.2919,0.2626,1.1269,0.2859,0.6279,0.6477,1.3821,0.5549,0.2831,0.2976,0.5644,8.7645
21000000,467364701,365152,66,61,5,2,164,0.2711,1.0810,0.2889,0.2628,0.8159,0.2823,0.2667,0.2767,0.2793,1.2870,1.3269,0.2795,0.8448,0.2709,0.2922,1.1407,9.2666
21200000,469756576,365449,59,64,15,8,203,0.5528,0.2732,0.2910,0.2702,0.2697,0.2845,0.2595,0.2873,0.2830,0.5989,0.6183,0.2853,0.2743,0.2816,0.2973,1.7103,6.8372
21400000,472095184,365896,60,65,9,5,271,0.2779,0.2772,0.2944,0.5274,0.2744,0.2873,0.2604,0.2935,0.2829,0.6679,0.6873,0.2795,0.2855,0.2868,0.2914,0.5663,5.8400
21600000,474545668,366404,61,65,13,3,317,0.5475,0.2663,0.2907,0.2625,0.2684,0.2877,0.2681,0.5877,0.5639,1.3266,1.3640,0.2806,0.2642,0.5648,0.5914,0.5652,8.2996
21800000,477029690,366813,60,68,10,3,321,0.8244,0.2753,0.2893,0.2645,0.2723,0.2895,0.2663,0.2896,0.8437,0.6143,0.6340,0.2792,0.5386,0.2801,0.2891,1.1267,7.3768
22000000,479384799,367225,67,66,22,3,586,0.2774,0.2636,0.2904,0.2596,0.2662,0.2869,0.2622,0.2798,0.2931,0.6564,0.6799,0.2775,0.2755,0.2807,0.2949,0.5680,5.5120
22200000,481901934,367742,71,66,8,6,402,0.2731,0.2706,0.5830,0.2703,0.5289,0.2926,0.2637,0.2872,0.5776,1.2743,1.3170,0.2738,0.2783,0.5690,0.2949,1.1374,8.4915
22400000,484366600,368190,76,69,13,8,481,0.2766,0.5435,0.8736,0.2689,0.7990,0.2918,0.2670,0.5676,0.8628,1.9142,1.9768,0.2936,0.5597,0.2767,0.2952,1.7131,11.7802
22600000,486713519,368646,78,74,14,10,377,0.5451,0.2706,0.2988,0.5248,1.0414,0.2835,0.2630,0.2878,0.2875,2.4657,2.5479,0.2856,0.8123,0.2780,0.5805,0.5683,11.3406
22800000,488804108,369029,85,74,14,6,588,0.2736,0.2834,0.6028,0.8117,0.2723,0.5833,0.2690,0.5861,0.5786,0.6768,0.6980,0.5707,1.1262,0.5792,0.3002,1.1544,9.3663
23000000,491146073,369283,93,74,15,6,778,0.2750,0.2760,0.2889,0.2767,0.2737,0.2826,0.2702,0.2897,0.2943,0.6396,0.6557,0.2902,0.2779,0.2768,0.5983,0.5702,5.8359
23200000,493514936,369682,86,74,17,4,561,0.2794,0.2803,0.2889,0.2702,0.5376,0.2876,0.2784,0.5691,0.2856,0.6694,0.6863,0.2865,0.2904,0.5540,0.2961,0.5711,6.4308
23400000,495814635,370060,88,74,21,7,557,0.2791,0.2684,0.5985,0.2706,0.2759,0.5918,0.2595,0.2809,0.2866,0.6299,0.6488,0.5776,0.2789,0.2917,0.2987,0.5700,6.4071
23600000,498137667,370445,92,74,19,7,620,0.5444,0.2700,0.2912,0.5277,0.2763,0.2852,0.5162,0.5617,0.2849,1.2579,1.2940,0.2764,0.2874,0.5591,0.2981,0.5713,8.1019
23800000,500278201,370800,106,74,19,12,807,0.2746,0.2741,0.2869,0.2689,0.2775,0.2892,0.2741,0.2924,0.2904,0.6763,0.6923,0.2805,0.2760,0.2892,0.3050,1.1783,6.2257
24000000,502650992,371202,110,74,18,8,814,0.2713,0.2675,0.2954,0.2650,0.2693,0.2818,0.2680,0.2825,0.2903,1.2888,1.3237,0.2799,0.2886,0.2782,0.6075,0.5702,7.1280
24200000,504907529,371505,104,74,13,12,595,0.5553,0.5422,0.2878,0.5398,0.2760,0.5777,0.2659,0.5865,0.5803,0.6306,2.0002,0.2890,0.2771,0.2771,0.2959,0.5723,8.5536
24400000,507281780,371786,99,74,16,11,683,0.2842,0.2861,0.3031,0.2775,0.5484,0.2871,0.2726,0.2913,0.3018,0.6301,0.6511,0.2896,0.2844,0.2806,0.3043,1.1230,6.4151
24600000,509661918,372214,84,74,7,16,314,0.5753,0.5727,0.6062,0.5569,0.2792,0.5878,0.2645,0.5939,0.6105,0.6020,1.3084,0.5778,0.2758,0.2745,0.6094,0.5693,8.8642
24800000,511940465,372561,88,74,7,9,315,0.2760,0.2786,0.3053,0.2611,0.2701,0.2880,0.2663,0.2996,0.2903,1.2236,1.9329,0.2870,0.2763,0.2832,0.3084,0.5751,7.4218
25000000,514201547,372818,91,74,12,10,403,0.2782,0.2724,0.2975,0.2616,0.2737,0.2823,0.2720,0.2856,0.2857,0.6657,0.6827,0.2893,0.5524,0.2841,0.6035,0.5762,6.1629
25200000,516319488,373261,102,74,6,4,404,0.2800,0.2753,0.3012,0.2801,0.2791,0.2902,0.5645,0.2931,0.2831,1.3627,1.3986,0.2854,0.8667,0.2879,0.3069,0.5757,7.9304
25400000,518674148,373643,105,74,10,2,593,0.2820,0.2870,0.3000,0.2718,0.2691,0.5688,0.2739,0.2816,0.2869,1.9738,2.0302,0.2809,0.2818,0.2777,0.3042,0.5751,8.5449
25600000,520839237,374036,95,74,10,5,527,0.2828,0.2800,0.3077,0.2737,0.2820,0.2899,0.2694,0.2882,0.2903,2.6079,2.6831,0.2826,0.2723,0.2830,0.3005,0.5762,9.5695
25800000,522874505,374452,93,74,7,8,586,0.2833,0.1442,0.1506,0.1382,0.1367,0.1469,0.1383,0.1514,0.1490,0.3385,1.6868,0.1460,0.2837,0.2851,0.1540,0.2894,4.6220
26000000,524902199,374763,92,74,5,6,321,0.0938,0.0960,0.1013,0.0957,0.1846,0.1962,0.0952,0.1015,0.1004,0.2208,0.2275,0.0986,0.0981,0.0969,0.2073,0.3872,2.4009
26200000,527058924,375038,93,74,5,6,347,0.0675,0.0699,0.0737,0.0671,0.0668,0.0724,0.0664,0.0720,0.0709,0.1549,0.1604,0.0717,0.0703,0.0706,0.2321,0.1422,1.5288
26400000,529096454,375329,95,74,14,3,978,0.0573,0.0588,0.0608,0.0560,0.0591,0.0622,0.0559,0.0608,0.0593,0.1323,0.1358,0.0585,0.0590,0.0579,0.0634,0.2302,1.2675
26600000,531244138,375623,95,74,11,3,592,0.2840,0.2890,0.2998,0.2755,0.2772,0.2936,0.2685,0.6030,0.5941,1.3408,1.3758,0.2863,0.2824,0.2879,0.6300,1.7488,9.1366
26800000,533383564,375902,89,74,8,4,331,0.2851,0.2737,0.3023,0.2787,0.2758,0.5787,0.2682,0.2960,0.2843,1.9666,2.0201,0.2989,0.2819,0.2804,0.9160,0.5793,9.1858
27000000,535522805,376144,90,74,10,1,142,0.1412,0.1468,0.1480,0.1367,0.1406,0.1497,0.1383,0.1459,0.1463,0.3211,0.3321,0.1444,0.1421,0.1431,0.1534,0.2875,2.8173
27200000,537628605,376415,83,74,5,7,76,0.5634,0.2845,0.3050,0.2719,0.2784,0.5922,0.2702,0.2992,0.2948,0.6418,1.3263,0.2879,0.2869,0.5771,0.6058,0.5800,7.4654
27400000,539639536,376730,84,74,7,6,111,0.2845,0.2723,0.6086,0.2746,0.5618,0.3002,0.2779,0.2981,0.2955,1.3360,2.0609,0.5903,0.2936,0.2862,0.9364,1.1778,9.8547
27600000,541511078,377026,81,74,9,5,99,0.2905,0.5585,0.9135,0.2754,0.2833,0.6066,0.5575,0.2946,0.5900,0.6435,2.7467,0.2860,0.5917,0.2908,1.2427,1.7713,11.9426
27800000,543625030,377345,90,74,8,3,408,0.2798,0.2838,0.2989,0.2752,0.5513,0.2949,0.2816,0.2912,0.2898,0.6465,0.6659,0.2892,0.2894,0.3067,1.5095,0.5805,7.1342
28000000,545554537,377624,95,74,7,7,189,0.2842,0.2895,0.3019,0.2844,0.2843,0.2961,0.2800,0.3010,0.2913,0.6763,0.6962,0.2879,0.2789,0.2937,0.3115,0.5827,5.7397
28200000,547465977,377803,89,74,16,7,232,0.1423,0.1494,0.1531,0.1363,0.1418,0.2948,0.2753,0.1551,0.1474,0.6669,0.6862,0.2892,0.1422,0.1460,0.1550,0.2921,3.9731
28400000,549689525,378131,89,74,15,5,483,0.2778,0.2798,0.2999,0.2786,0.2764,0.2927,0.2731,0.2929,0.5889,0.6482,2.0431,0.2965,0.2730,0.5805,0.3002,0.5817,7.5833
28600000,551620711,378423,93,74,11,5,444,0.2841,0.2827,0.2942,0.2795,0.5653,0.2885,0.5436,0.5986,0.8952,1.3416,2.7724,0.5877,0.5647,0.8708,0.3114,1.1702,11.6507
28800000,553592709,378594,96,74,10,12,299,0.2947,0.2918,0.3120,0.2800,0.8182,0.5770,0.8164,0.3077,0.2920,0.6499,3.3349,0.2936,0.8322,0.2912,0.3123,1.7082,11.4120
29000000,555564625,378898,89,74,6,7,265,0.2837,0.2833,0.3043,0.5771,1.1505,0.2915,1.1483,0.6288,0.2916,1.3575,4.2386,0.2989,1.1654,0.6020,0.6328,0.5837,13.8379
29200000,557561244,379181,89,74,9,3,280,0.2902,0.2954,0.3039,0.2765,0.2804,0.2963,0.2769,0.2984,0.2901,0.6648,0.6853,0.2990,0.2925,0.2981,0.3132,1.1573,6.3183
29400000,559398596,379286,83,74,1,9,248,0.2814,0.2869,0.2955,0.2740,0.2798,0.3022,0.2789,0.3067,0.2948,1.3283,1.3699,0.2920,0.2895,0.2912,0.3080,0.5854,7.0644
29600000,561362953,379410,78,74,3,4,209,0.2907,0.2804,0.2926,0.2800,0.2809,0.3002,0.2798,0.2994,0.2956,1.9768,2.0382,0.5933,0.2934,0.2972,0.6168,1.1642,9.5794
29800000,563307101,379684,72,74,3,7,494,0.1423,0.1439,0.1522,0.1423,0.1402,0.1420,0.1354,0.3004,0.1493,1.3267,0.3341,0.1432,0.1417,0.1472,0.4662,0.2879,4.2949
30000000,565162115,379830,73,74,2,1,248,0.2899,0.2787,0.3022,0.2811,0.5570,0.2979,0.5478,0.9042,0.5859,3.3003,1.3368,0.2925,0.5709,0.2999,1.2348,0.5851,11.6649
30200000,567027911,380006,65,74,3,4,143,0.2891,0.2796,0.3072,0.2763,0.2877,0.2881,0.2791,0.2937,0.3056,0.6651,0.6854,0.5970,0.8589,0.2979,1.5360,0.5877,7.8342
30400000,568872597,380124,61,74,2,0,157,0.2905,0.5730,0.3076,0.5704,0.5870,0.5919,0.2802,0.3014,0.6115,0.6581,1.3874,0.9090,0.2853,0.6146,0.3139,0.5853,8.8671
30600000,570751054,380319,58,74,2,3,81,0.2888,0.2876,0.3018,0.2889,0.8658,0.2970,0.2809,0.3096,0.8948,1.3458,0.7110,1.1993,0.5814,0.2995,0.3106,1.1685,9.4313
30800000,572569108,380578,53,74,1,3,50,0.2920,0.5694,0.2934,0.2771,0.2881,0.3027,0.2748,0.3068,0.3100,1.9876,1.3924,0.2988,0.2981,0.2811,0.6110,1.7158,9.4991
31000000,574304702,380767,62,74,3,4,319,0.2939,0.3074,0.3148,0.2869,0.2973,0.3017,0.5602,0.6241,0.3130,2.7071,2.1204,0.6086,0.6101,0.3034,0.3321,0.5905,10.5715
31200000,576068371,380892,63,74,9,17,683,0.2898,0.1485,0.1572,0.1380,0.1459,0.3008,0.4230,0.4626,0.3099,1.6775,1.3939,0.4589,0.1491,0.1465,0.3251,0.2942,6.8210
31400000,577769765,381090,64,74,5,9,511,0.2842,0.2984,0.3153,0.2773,0.5730,0.3005,0.2855,0.2939,0.3041,0.6885,0.7048,0.3108,0.2870,0.2942,0.3236,0.5910,6.1320
31600000,579584819,381200,67,74,11,4,395,0.2816,0.2827,0.3117,0.2746,0.2847,0.2971,0.2904,0.3016,0.2965,1.3897,1.4255,0.3018,0.2967,0.2890,0.6489,1.1778,8.1502
31800000,581011503,381390,68,74,3,4,149,0.5817,0.2927,0.3085,0.2874,0.5903,0.6157,0.2850,0.6167,0.3143,0.7094,2.1774,0.6027,0.5933,0.5979,0.9830,1.7887,11.3447
32000000,582646063,381671,76,74,8,24,1230,0.2963,0.5958,0.6053,0.5790,0.8740,0.3153,0.5666,0.9282,0.2928,1.4159,0.7241,0.3007,0.8841,0.3018,0.3204,2.3772,11.3775
32200000,584470841,381893,75,74,6,19,642,0.2749,0.9011,0.9160,0.2666,0.2671,0.6209,0.8549,0.2949,0.2936,0.6794,1.4454,0.2945,0.2788,0.2993,0.2991,3.0349,11.0211
32400000,585865627,381957,73,74,5,20,391,0.2993,0.2887,0.3290,0.2941,0.2911,0.3092,0.2933,0.5998,0.3108,1.3743,2.1522,0.2990,0.3061,0.6157,0.3232,0.5914,8.6774
32600000,587482489,382102,80,74,10,21,871,0.5677,0.3005,0.3043,0.2864,0.2809,0.2965,0.3029,0.3053,0.3111,2.0021,2.7546,0.3005,0.5900,0.3054,0.3205,0.5953,9.8239
32800000,589233384,382407,75,74,7,14,783,0.2905,0.2967,0.3088,0.2757,0.2872,0.2984,0.2798,0.3074,0.2991,0.6660,0.6804,0.3141,0.3074,0.2976,0.3152,0.5913,5.8156
33000000,590803784,382517,77,74,11,22,769,0.2976,0.2922,0.6284,0.2970,0.2913,0.3055,0.2889,0.3070,0.3059,0.6690,1.3877,0.3075,0.2929,0.3052,0.6483,0.5904,7.2149
33200000,592416444,382637,69,74,7,18,734,0.5917,0.5899,0.3154,0.2870,0.5811,0.3214,0.5672,0.3053,0.6127,0.6740,0.6959,0.3078,0.5946,0.3154,0.3202,1.1794,8.2592
33400000,594002049,382841,67,74,7,11,916,0.2881,0.3062,0.3110,0.2889,0.2847,0.2987,0.2824,0.3037,0.3027,0.6924,0.7132,0.3073,0.2899,0.3027,0.3155,0.5905,5.8779
33600000,595870447,383085,68,74,6,12,623,0.2888,0.5986,0.3011,0.2752,0.2789,0.6065,0.2705,0.2970,0.6059,0.6451,1.3967,0.2942,0.2904,0.6052,0.3013,1.1935,8.2490
33800000,597552021,383261,74,74,14,7,482,0.2847,0.2888,0.3015,0.2859,0.2846,0.3125,0.2779,0.3036,0.2998,1.3403,2.1188,0.3025,0.2973,0.9122,0.3123,0.5924,8.5151
34000000,599104077,383478,77,74,12,20,384,0.2936,0.5634,0.5966,0.2857,0.2964,0.6068,0.2885,0.3065,0.2974,1.9471,0.6657,0.2938,0.3006,1.1969,0.3051,0.5927,8.8367
34200000,600440140,383539,76,74,9,12,681,0.2941,0.2897,0.3064,0.2847,0.2832,0.3083,0.2908,0.3080,0.3138,0.7036,0.7238,0.3188,0.2937,0.3009,0.3292,1.2016,6.5506
34400000,601643973,383584,77,74,6,16,756,0.1523,0.1570,0.1660,0.1457,0.1518,0.1589,0.1513,0.1609,0.3099,0.3677,0.3759,0.1539,0.1553,0.3026,0.1707,0.3057,3.3856
34600000,603085966,383543,80,74,3,16,763,0.5971,0.6113,0.3257,0.2876,0.2914,0.6274,0.2819,0.3191,0.9331,1.4441,1.4826,0.2943,0.6136,0.3099,0.6717,0.5971,9.6879
34800000,604486512,383620,80,74,8,16,517,0.2907,0.3011,0.3126,0.2922,0.2864,0.3194,0.2923,0.3052,0.3089,0.7168,0.7366,0.3031,0.3002,0.3076,0.3319,0.5971,6.0020
35000000,605826000,383686,81,74,10,21,734,0.3036,0.2964,0.3082,0.3042,0.2892,0.3187,0.2909,0.3153,0.3075,1.4788,1.5159,0.3116,0.3069,0.6302,0.3331,0.5955,7.9060
35200000,607402168,383799,84,74,7,14,496,0.2947,0.2971,0.3007,0.2945,0.2950,0.3116,0.2860,0.3125,0.3021,0.6786,0.6955,0.3045,0.2901,0.3027,0.3109,0.5944,5.8710
35400000,608844370,383911,83,74,6,21,584,0.5779,0.2974,0.3152,0.5613,0.2919,0.3147,0.2834,0.2962,0.3116,1.3734,1.4057,0.3049,0.2960,0.3059,0.3283,0.5960,7.8598
35600000,610554859,384068,89,74,10,22,682,0.4384,0.1376,0.1511,0.1417,0.2914,0.3140,0.2849,0.1494,0.3010,1.0391,1.0643,0.2986,0.1464,0.1478,0.3188,0.2927,5.5170
35800000,612040660,384082,89,74,7,17,545,0.2936,0.2905,0.3244,0.2946,0.2850,0.3016,0.2878,0.3075,0.2975,2.8360,0.7306,0.3047,0.2952,0.3042,0.3200,0.5956,8.0688
36000000,613584188,384174,86,74,13,16,678,0.5850,0.5772,0.6307,0.2803,0.5737,0.6143,0.5743,0.6108,0.2988,0.7063,1.4559,0.2980,0.5958,0.6129,0.3075,1.1911,9.9127
36200000,615117126,384306,77,74,10,22,858,0.2974,0.2935,0.3160,0.2862,0.2899,0.2985,0.2909,0.3179,0.3088,0.6774,0.6930,0.3002,0.2919,0.3068,0.3065,0.5921,5.8669
36400000,616659159,384583,92,74,7,10,640,0.2911,0.2861,0.3070,0.2948,0.5806,0.3037,0.2846,0.6289,0.3063,1.3595,0.6954,0.3060,0.2942,0.2978,0.3152,1.1912,7.7424
36600000,618239776,384573,95,74,10,14,794,0.2923,0.2922,0.3037,0.2858,0.2854,0.3175,0.2945,0.2972,0.2965,0.6999,0.7170,0.3050,0.2936,0.3076,0.3232,1.7679,7.0793
36800000,619623663,384637,91,74,16,12,335,0.1495,0.1501,0.1611,0.1437,0.1460,0.1556,0.1457,0.1565,0.1532,0.3566,0.7206,0.1526,0.1537,0.1539,0.3244,0.3022,3.5252
37000000,620867532,384789,84,74,11,19,530,0.0999,0.1108,0.1020,0.0988,0.0956,0.1077,0.1007,0.1102,0.1060,0.2480,0.2536,0.1090,0.1033,0.1081,0.1139,0.2036,2.0713
37200000,622323704,384927,87,74,10,11,343,0.2916,0.2973,0.3154,0.2896,0.2877,0.3124,0.5866,0.3089,0.3030,0.6839,0.7067,0.2983,0.3018,0.2979,0.3251,0.5966,6.2030
37400000,623382233,384965,82,74,7,12,222,0.3035,0.2925,0.6394,0.5970,0.5918,0.6392,0.8925,0.3156,0.3214,1.4285,1.4680,0.3208,0.3117,0.6142,0.6594,1.2003,10.5958
37600000,624677915,385043,79,74,7,9,157,0.3042,0.3076,0.3171,0.2945,0.2838,0.3055,0.2945,0.3104,0.3110,0.7240,0.7465,0.3089,0.3112,0.3077,0.3209,0.5970,6.0446
37800000,626370259,385414,85,74,5,7,420,0.1443,0.1476,0.1544,0.1410,0.1461,0.1523,0.1416,0.1576,0.1487,0.3494,0.3584,0.1550,0.1483,0.1511,0.1518,0.2993,2.9467
38000000,627662395,385415,91,74,10,16,801,0.2971,0.6075,0.6323,0.5812,0.2909,0.6209,0.2892,0.3149,0.3116,0.6996,0.7165,0.3215,0.5971,0.3150,0.3331,1.2076,8.1357
38200000,629050965,385702,86,74,9,13,1252,0.2961,0.2884,0.3081,0.2928,0.2962,0.3046,0.2798,0.3211,0.2966,0.7062,0.7277,0.3093,0.3040,0.3101,0.3321,0.5973,5.9704
38400000,630406463,385804,87,74,5,8,485,0.2949,0.2907,0.6555,0.3005,0.2792,0.3014,0.2834,0.3220,0.3037,1.4917,1.5341,0.3018,0.3029,0.2985,0.6847,0.5976,8.2427
38600000,631810587,385808,80,74,6,14,697,0.2897,0.3033,0.3052,0.2852,0.2912,0.6020,0.2868,0.3208,0.3018,0.7249,0.7427,0.3071,0.3074,0.3142,0.9941,0.5956,6.9720
38800000,632955469,385892,79,74,8,9,496,0.5859,0.6065,0.6218,0.5706,0.5799,0.3218,0.5731,0.3218,0.6012,1.4406,1.4775,0.3065,0.6218,0.6266,0.3454,1.1850,10.7860
39000000,634168109,385866,84,74,5,13,245,0.2945,0.3082,0.9404,0.2911,0.2924,0.6329,0.8578,0.3105,0.3122,2.1621,2.2180,0.3097,0.3009,0.9390,0.6793,1.7748,12.6236
39200000,635451539,385941,82,74,2,10,261,0.2946,0.2948,0.3067,0.2875,0.5924,0.9546,1.1705,0.3046,0.2889,0.7076,0.7248,0.6247,0.3055,0.3035,1.0212,0.5983,8.7802
39400000,636959603,386028,77,74,6,14,573,0.2942,0.2930,0.3148,0.2883,0.2950,1.2256,1.4189,0.3081,0.5855,1.3750,1.4079,0.3014,0.3009,0.6036,1.3034,0.5992,10.9149
39600000,638304471,386085,76,74,7,7,405,0.5960,0.5854,0.3185,0.2859,0.2883,0.3116,0.2804,0.3164,0.3031,0.7273,0.7440,0.2985,0.2963,0.3052,0.3294,1.2070,7.1931
39800000,639726603,386252,79,74,4,7,178,0.4473,0.1442,0.3172,0.1487,0.1456,0.1523,0.1499,0.3108,0.1498,0.3565,0.3648,0.3011,0.2953,0.1509,0.3248,0.9008,4.6599
40000000,641151901,386386,86,74,5,11,105,0.2959,0.5896,0.3120,0.5912,0.2972,0.6273,0.2919,0.9354,0.6163,0.7341,0.7527,0.3053,0.3052,0.2993,0.3224,2.4386,9.7142
40200000,642436652,386484,81,74,4,11,129,0.3009,0.8705,0.3183,0.2957,0.3013,0.3076,0.3010,0.3208,0.3116,0.7069,0.7246,0.3069,0.2968,0.3148,0.6457,0.6011,6.9247
40400000,643681485,386466,79,74,4,9,221,0.2993,0.1526,0.1558,0.2951,0.1418,0.1590,0.3018,0.3234,0.1558,0.3534,0.7315,0.3032,0.3017,0.3150,0.1663,0.2952,4.4511
40600000,645013376,386430,72,74,3,10,120,0.2970,0.2939,0.6285,0.2895,0.2885,0.3055,0.2891,0.3148,0.6201,1.4120,2.1947,0.9184,0.9081,0.3034,0.3375,1.1945,10.5954
40800000,646299760,386520,74,74,2,16,218,0.2982,0.1566,0.1599,0.2945,0.1510,0.1610,0.2919,0.3080,0.1605,0.3590,1.4496,0.1582,0.1522,0.1609,0.1644,0.8938,5.3195
41000000,647594171,386701,75,74,3,14,331,0.2977,0.3122,0.3144,0.3046,0.2997,0.3092,0.2940,0.9290,0.3063,1.4203,3.6479,0.6281,0.3090,0.6370,0.3389,0.6001,10.9485
41200000,648800213,386797,78,74,4,15,402,0.3058,0.3040,0.3229,0.6141,0.2871,0.3160,0.3052,1.2585,0.6286,2.1565,0.7219,0.9585,0.3038,0.3021,0.3216,0.6007,9.7072
41400000,650034835,386898,84,74,7,17,706,0.2990,0.2960,0.3053,0.2842,0.2865,0.3099,0.2841,0.3051,0.3004,0.7317,0.7486,1.2545,0.2959,0.5977,0.3233,1.1925,7.8146
41600000,651373314,387025,80,74,10,22,759,0.2943,0.3032,0.3222,0.2917,0.2912,0.3184,0.2887,0.3175,0.3095,0.7218,1.4727,0.3083,0.3097,0.3130,0.3189,0.6030,6.7843
41800000,652539909,387106,72,74,3,18,329,0.2970,0.2999,0.3172,0.2893,0.2877,0.3162,0.2885,0.3200,0.3188,1.4517,2.2221,0.3075,0.3044,0.2987,0.3393,0.6013,8.2594
42000000,653661622,387137,77,74,5,10,586,0.6074,0.2945,0.3182,0.2931,0.2967,0.3208,0.2855,0.6504,0.3138,2.2219,0.7284,0.3173,0.3104,0.6201,0.3173,1.2290,9.1248
42200000,654924969,387175,79,74,6,9,1564,0.2959,0.2932,0.6265,0.2918,0.5904,0.3117,0.2871,0.3083,0.3025,2.9416,1.4758,0.6214,0.2983,0.9222,0.3292,1.8219,11.7177
42400000,656271540,387214,85,74,10,12,897,0.3018,0.2895,0.9170,0.5761,0.2963,0.3143,0.2945,0.6149,0.3076,3.4966,2.1088,0.3005,0.2977,0.3071,0.6393,0.6012,11.6633
42600000,657321063,387170,89,74,11,20,1305,0.6126,0.3006,0.3291,0.3021,0.2884,0.6381,0.3004,0.9441,0.3068,4.2917,2.8911,0.6234,0.6123,0.3121,0.9936,1.2194,14.9657
42800000,658495050,387245,95,74,10,14,1078,0.2998,0.5871,0.3203,0.2933,0.2883,0.3121,0.2912,0.3140,0.3214,4.9452,3.5881,0.3153,0.3101,0.6158,0.3262,0.6047,13.7327
43000000,659728767,387404,96,74,14,17,1352,0.3010,0.2920,0.3210,0.2905,0.2939,0.3150,0.5900,0.3171,0.3210,5.8361,4.4386,0.3068,0.6256,0.9495,0.3360,0.6015,16.1356
43200000,661166793,387518,89,69,10,19,1288,0.3020,0.2895,0.3068,0.2857,0.2903,0.3009,0.2933,0.3057,0.3043,0.7111,0.7302,0.3046,0.2898,0.3014,0.3223,0.6006,5.9383
43400000,662233677,387465,89,69,10,16,1262,0.1540,0.1503,0.1564,0.1489,0.1494,0.1563,0.1552,0.1614,0.3123,0.7173,0.7374,0.1568,0.1475,0.3050,0.1724,0.3039,4.0846
43600000,663276409,387585,76,70,7,9,488,0.3037,0.3073,0.3342,0.2897,0.2943,0.3118,0.2957,0.3241,0.3150,2.1223,0.7650,0.3056,0.3063,0.3148,0.3414,0.6064,7.5374
43800000,664288761,387613,84,75,2,13,843,0.3018,0.6305,0.3239,0.5950,0.6031,0.3193,0.2970,0.3249,0.3162,0.7506,1.5806,0.3141,0.6233,0.3032,0.3496,1.2471,8.8802
44000000,665592935,387702,87,78,5,13,1033,0.3048,0.3017,0.6451,0.2871,0.8990,0.3156,0.5830,0.3267,0.3124,0.6922,0.7107,0.3093,0.9246,0.6103,0.6741,1.8479,9.7446
44200000,666633557,387759,81,79,5,12,760,0.3056,0.3041,0.3261,0.5630,0.2927,0.3171,0.2933,0.6268,0.3022,0.7476,0.7636,0.6125,0.3010,0.3068,0.3320,0.6065,7.0010
44400000,667530799,387591,81,79,8,14,856,0.6300,0.6353,0.3202,0.9019,0.6217,0.6654,0.6093,1.0038,0.6364,1.5389,1.5758,0.9664,0.6356,0.3104,0.3529,0.6063,12.0104
44600000,668744611,387812,83,81,7,10,498,0.4597,0.1617,0.1666,0.1555,0.4577,0.1604,0.1520,0.1560,0.1552,0.3738,1.1562,0.6324,0.1558,0.1546,0.1752,0.3081,4.9806
44800000,669960502,387995,85,82,6,8,519,0.2987,0.2924,0.3196,0.6010,0.2999,0.3112,0.2892,0.6312,0.3092,0.7086,0.7261,0.3089,0.2973,0.2920,0.3293,0.6009,6.6155
45000000,670959115,388098,80,82,9,1,295,0.5970,0.5965,0.3236,0.8846,0.5968,0.3200,0.2980,0.9400,0.6183,0.7410,1.4659,0.6225,0.5946,0.3135,0.3403,1.1937,10.4463
45200000,671984596,388143,78,82,5,10,244,0.3060,0.3163,0.6575,0.2941,0.9150,0.6749,0.2948,0.3390,0.3250,1.5040,2.2815,0.9619,0.3214,0.3083,0.3479,0.6072,10.4547
45400000,673112185,388067,82,83,4,9,422,0.1589,0.1541,0.1651,0.1593,0.1545,0.1605,0.1524,0.1668,0.1674,0.3678,0.3789,0.1669,0.1548,0.1613,0.1821,0.3105,3.1612
45600000,674393018,388203,81,84,7,11,364,0.3024,0.2909,0.3225,0.2914,0.6004,0.3066,0.2932,0.3269,0.6354,1.4652,1.5074,0.6404,0.3140,0.6320,0.3356,1.2209,9.4851
45800000,675327313,388331,91,87,3,12,518,0.6193,0.3073,0.3219,0.5991,0.9279,0.6463,0.3108,0.6592,0.3125,0.7300,0.7463,0.9813,0.6358,0.3135,0.6704,1.8592,10.6406
46000000,676444453,388420,94,92,4,23,1145,0.3034,0.3098,0.6237,0.2976,1.1827,0.9312,0.5926,0.9456,0.6081,0.7426,0.7618,0.3074,0.3104,0.6186,0.3298,0.6033,9.4687
46200000,677501885,388489,96,92,9,24,1202,0.3020,0.6301,0.9539,0.6043,0.2946,1.2704,0.2954,1.2876,0.3204,0.7268,0.7457,0.3357,0.3134,0.3086,0.3471,1.2188,9.9547
46400000,678675128,388651,96,93,8,16,633,0.6048,0.9447,1.2792,0.2969,0.5919,1.5785,0.2907,0.3157,0.6212,1.4508,0.7385,0.3163,0.3005,0.3093,0.6744,0.6021,10.9155
46600000,679539954,388578,103,94,9,21,814,0.3059,0.3112,0.3187,0.3038,0.3095,0.3345,0.3065,0.3246,0.9342,2.2194,1.5200,0.3103,0.3114,0.3160,0.3487,0.6063,9.0809
46800000,680582780,388613,95,96,7,16,567,0.2986,0.3049,0.3214,0.2954,0.3059,0.6536,0.2881,0.6441,0.3185,0.7470,0.7664,0.6087,0.6396,0.2999,0.3282,0.6039,7.4242
47000000,681679173,388643,90,99,3,6,576,0.2957,0.3045,0.3194,0.2972,0.2972,0.3184,0.3044,0.3166,0.3191,1.4373,1.4749,0.3107,0.3145,0.3062,0.3312,0.6047,7.5520
47200000,682653753,388746,92,102,9,18,910,0.3057,0.3116,0.3192,0.3012,0.3022,0.3255,0.3056,0.6229,0.6315,2.1399,2.1942,0.3128,0.3140,0.3191,0.3464,0.6080,9.6597
47400000,683693139,388769,80,102,2,12,647,0.2949,0.2986,0.3279,0.6182,0.6303,0.6672,0.3040,0.3179,0.3025,3.0387,0.7394,0.6594,0.3171,0.6611,0.3371,0.6053,10.1196
47600000,684530416,388752,76,103,4,11,491,0.3015,0.2968,0.3278,0.3013,0.9188,0.3286,0.3130,0.3240,0.3256,3.7589,1.4971,0.3167,0.6333,0.3204,0.3315,1.2061,11.5013
47800000,685584744,388849,73,104,2,10,509,0.3044,0.3014,0.3276,0.2995,0.2950,0.3456,0.3039,0.6449,0.3247,4.5146,2.2479,0.3146,0.3075,0.3140,0.6692,0.6061,12.1209
48000000,686586069,388817,77,106,9,10,735,0.2992,0.3067,0.3190,0.2937,0.2875,0.3147,0.2931,0.3284,0.3136,0.7404,0.7594,0.3172,0.2997,0.3159,0.3285,1.1950,6.7120
48200000,687723280,388825,75,109,7,6,471,0.3023,0.3050,0.3322,0.5873,0.3008,0.6260,0.5992,0.6496,0.3163,0.7421,1.5112,0.6292,0.6134,0.6188,0.3323,0.6068,9.0722
48400000,688409013,388837,73,111,4,5,442,0.6237,0.6218,0.6764,0.9097,0.3061,0.9601,0.9200,0.9996,0.3204,1.5046,2.3170,0.9683,0.9474,0.9536,0.3397,1.2337,14.6022
48600000,689125397,388800,77,111,5,12,697,0.1585,0.1630,0.1610,0.1584,0.1597,0.1614,0.1562,0.1740,0.1656,0.3949,0.4051,0.1621,0.1609,0.1636,0.1731,0.9137,3.8311
48800000,690201785,388800,81,112,7,13,644,0.6191,0.3074,0.3237,0.6196,0.2994,0.6424,0.3020,0.3146,0.3059,1.4942,1.5324,0.6408,0.6374,0.6377,0.6776,0.6050,9.9591
49000000,690974858,388838,77,114,5,14,522,0.1539,0.3105,0.1643,0.1550,0.3064,0.1605,0.1543,0.1673,0.1633,0.3723,0.3807,0.1605,0.1560,0.1622,0.1756,0.3053,3.4482
49200000,692110498,388979,78,119,8,10,1016,0.3064,0.3132,0.3313,0.3096,0.2985,0.3148,0.2773,0.3188,0.3094,0.7215,0.7398,0.3183,0.3137,0.3039,0.3427,0.6043,6.1232
49400000,692945916,389016,85,120,5,12,758,0.1484,0.3108,0.3297,0.1502,0.1502,0.1651,0.1511,0.1633,0.1574,0.3685,0.3781,0.1580,0.1530,0.1634,0.1724,0.2962,3.4157
49600000,693639114,388998,85,120,11,14,1068,0.3086,0.9464,0.9933,0.3018,0.3050,0.3131,0.2962,0.3230,0.6369,0.7553,0.7730,0.6429,0.3146,0.3143,0.6907,1.2123,9.1274
Report usecs used: 2783063
That is 2 seconds
Setup usecs used: 1
That is 0 seconds
Seeding usecs used: 5878067
That is 5 seconds
Random usecs used: 31215573
That is 31 seconds
Execute usecs used: 105792799
That is 105 seconds
Cell Splitting usecs used: 11654444
That is 11 seconds
Report usecs used: 3644923
That is 3 seconds
Setup usecs used: 0
That is 0 seconds
Seeding usecs used: 4588753
That is 4 seconds
Random usecs used: 23856609
That is 23 seconds
Execute usecs used: 118061885
That is 118 seconds
Cell Splitting usecs used: 10681020
That is 10 seconds
Report usecs used: 2110394
That is 2 seconds
Setup usecs used: 1
That is 0 seconds
Seeding usecs used: 4672568
That is 4 seconds
Random usecs used: 23910127
That is 23 seconds
Report usecs used: 2109493
That is 2 seconds
Setup usecs used: 0
That is 0 seconds
Seeding usecs used: 4657660
That is 4 seconds
Random usecs used: 23987077
That is 23 seconds
Execute usecs used: 118892179
That is 118 seconds
Cell Splitting usecs used: 10808525
That is 10 seconds
Execute usecs used: 118873221
That is 118 seconds
Cell Splitting usecs used: 10794512
That is 10 seconds
Thread 0 executed 454553268 instructions
Thread 1 executed 455164898 instructions
Thread 2 executed 454022266 instructions
Thread 3 executed 907097181 instructions
Total: -2024129683

real	3m0.355s
user	11m56.188s
sys	0m2.328s
