200000,9291952,10685,0,1,0,0,0,0.0222,0.0378,0.0293,0.0237,0.0291,0.0366,0.0348,0.0375,0.0321,0.1698,0.1675,0.0369,0.0321,0.0358,0.0397,0.0123,0.7771
400000,18040757,22694,1,3,0,0,0,0.0464,0.0618,0.0780,0.0553,0.0592,0.0663,0.0592,0.0750,0.0654,0.4755,0.3089,0.0687,0.0727,0.0678,0.0711,0.0390,1.6704
[EVENT] Viable replicators have appeared!
600000,26517653,34585,1,3,0,0,0,0.1090,0.0808,0.0888,0.0744,0.0734,0.0850,0.1360,0.0886,0.1415,0.3425,0.6432,0.0871,0.1499,0.1523,0.0972,0.1019,2.4516
800000,34907318,46346,1,3,0,0,0,0.0807,0.0975,0.1001,0.0802,0.0864,0.0898,0.2217,0.1838,0.2321,0.3396,0.3418,0.0975,0.0875,0.2345,0.1018,0.0895,2.4647
1000000,43216449,58016,1,3,0,0,0,0.0880,0.0982,0.1089,0.0898,0.0937,0.1059,0.1037,0.1131,0.1023,0.3639,0.3683,0.1001,0.1093,0.1055,0.1118,0.1121,2.1745
1200000,50887624,68769,1,3,0,0,0,0.0990,0.1161,0.1192,0.1035,0.1001,0.1109,0.2183,0.2341,0.1115,0.7433,0.7541,0.1118,0.1101,0.1154,0.1224,0.1320,3.3018
1400000,58460513,79125,1,3,0,0,0,0.1047,0.1076,0.1219,0.1063,0.1140,0.1180,0.1226,0.3563,0.2284,1.1034,1.1176,0.2260,0.2292,0.1149,0.2476,0.1507,4.5689
1600000,66116102,89380,2,3,0,0,0,0.1132,0.1221,0.1296,0.1171,0.1205,0.1253,0.1164,0.1316,0.1294,0.3754,0.3838,0.1237,0.1254,0.1264,0.1280,0.3117,2.6795
1800000,73499649,99142,3,4,0,0,1,0.1234,0.1230,0.2643,0.1230,0.1290,0.1323,0.1230,0.1398,0.1313,0.3782,0.7741,0.1309,0.1344,0.1346,0.1375,0.1843,3.1629
2000000,80716932,108765,3,4,0,0,2,0.1350,0.1409,0.1442,0.1290,0.1364,0.1448,0.1348,0.1492,0.1386,0.3777,0.3847,0.1478,0.1408,0.1377,0.2787,0.1991,2.9195
2200000,87712995,117731,3,4,0,0,3,0.1333,0.1421,0.1486,0.1334,0.1382,0.2949,0.1320,0.3021,0.1473,0.4013,0.4103,0.2925,0.1417,0.2775,0.4315,0.2130,3.7396
2400000,94800349,126905,3,4,0,0,6,0.1389,0.1488,0.1529,0.1387,0.1428,0.1542,0.1469,0.1529,0.1486,0.3781,0.3844,0.1523,0.1466,0.1468,0.1544,0.2268,2.9142
2600000,101501540,135162,3,4,1,0,3,0.1498,0.1479,0.1547,0.1459,0.1519,0.1634,0.1563,0.1578,0.1590,0.4091,0.4200,0.1546,0.1572,0.1543,0.1620,0.2391,3.0830
2800000,108144807,143279,2,4,1,0,4,0.1525,0.1557,0.1663,0.2922,0.1549,0.3269,0.3076,0.1665,0.1653,0.8320,0.8530,0.3052,0.1582,0.3085,0.1660,0.2509,4.7617
3000000,114398345,150922,2,4,0,0,0,0.3178,0.3242,0.3385,0.4607,0.3260,0.1700,0.4706,0.3437,0.3384,0.4359,1.3292,0.1653,0.3236,0.1665,0.3494,0.2627,6.1223
3200000,120888154,158838,3,4,0,1,42,0.4576,0.1661,0.4939,0.5965,0.4710,0.3401,0.1664,0.4974,0.4970,0.8550,1.7073,0.3250,0.1666,0.1747,0.5109,0.2732,7.6986
3400000,127165474,166160,1,3,0,1,3,0.1677,0.1753,0.1805,0.7597,0.6435,0.1759,0.1662,0.1815,0.1759,0.4255,0.4350,0.1746,0.1719,0.1741,0.1788,0.2847,4.4707
3600000,133199015,173115,1,3,0,0,0,0.3411,0.1673,0.3649,0.1691,0.1678,0.1787,0.1764,0.1830,0.1776,0.8473,0.8713,0.3562,0.3540,0.1786,0.3689,0.5831,5.4852
3800000,139311622,179977,3,4,0,0,10,0.0853,0.0887,0.0900,0.0836,0.0860,0.0889,0.1744,0.1828,0.0868,0.6419,0.2248,0.0891,0.2628,0.0868,0.2755,0.1515,2.6989
4000000,145475365,186677,6,5,2,0,56,0.1741,0.1798,0.1867,0.1714,0.1751,0.1843,0.1791,0.1865,0.1808,0.4434,0.4547,0.1838,0.1807,0.1786,0.1849,0.3122,3.5561
4200000,151245422,192773,5,5,0,0,4,0.3598,0.1773,0.3892,0.1754,0.3590,0.1907,0.1856,0.1902,0.3756,0.9038,0.4622,0.1932,0.3700,0.1865,0.1864,0.6411,5.3457
4400000,156951506,198980,8,5,0,1,46,0.1832,0.1920,0.1939,0.1812,0.1831,0.1939,0.1871,0.1984,0.1932,0.4467,0.4602,0.1870,0.1848,0.1888,0.1995,0.9665,4.3394
4600000,162670922,204861,7,5,1,0,96,0.0917,0.0947,0.1000,0.0911,0.0930,0.1000,0.0934,0.1973,0.0960,0.2234,0.2312,0.0965,0.0933,0.1923,0.1974,0.1703,2.1617
4800000,168193708,210384,7,6,0,2,67,0.3713,0.1860,0.2027,0.3679,0.3703,0.2007,0.3711,0.2008,0.3864,0.4622,0.4772,0.1946,0.2003,0.1990,0.1948,0.3448,4.7300
5000000,173578807,215669,4,5,1,3,84,0.1956,0.1906,0.2029,0.1902,0.1946,0.2053,0.1935,0.2088,0.2018,0.4512,0.4655,0.2003,0.2029,0.4059,0.2053,0.3513,4.0659
5200000,179045610,220801,7,6,0,0,14,0.1930,0.1931,0.2021,0.3760,0.3811,0.2038,0.3825,0.4096,0.1976,0.9127,0.4875,0.3902,0.2003,0.1985,0.2060,0.3583,5.2923
5400000,184316265,225859,6,6,0,0,4,0.2000,0.1935,0.2180,0.1981,0.2014,0.2077,0.1985,0.2074,0.2074,0.4821,0.5006,0.1961,0.2062,0.2050,0.2150,0.3661,4.0032
5600000,189707083,230818,5,6,0,0,2,0.1984,0.3825,0.4239,0.1944,0.2014,0.2055,0.3887,0.2075,0.1968,0.9407,0.9752,0.2041,0.4002,0.2040,0.2134,0.3731,5.7097
5800000,195004506,235631,4,6,0,0,0,0.2024,0.1948,0.2169,0.2004,0.2059,0.2130,0.2055,0.2137,0.2102,0.4815,0.4992,0.2124,0.1993,0.2087,0.2178,0.3776,4.0592
6000000,200005577,240022,4,6,0,0,0,0.2050,0.2057,0.2280,0.2021,0.2043,0.2111,0.1988,0.2197,0.2141,0.4928,1.0124,0.2139,0.2126,0.2134,0.4369,0.3859,4.8565
6200000,205102664,244366,5,6,0,1,4,0.1044,0.1012,0.2224,0.2029,0.1034,0.1076,0.1040,0.1085,0.2121,0.4870,0.2504,0.2147,0.1032,0.2112,0.1069,0.1956,2.8355
6400000,210170093,248738,7,6,0,0,2,0.2048,0.2178,0.2234,0.2029,0.2003,0.2174,0.2008,0.2142,0.2207,0.4711,0.4905,0.2061,0.4098,0.6303,0.2149,0.3953,4.7202
6600000,215103112,252818,7,6,1,2,20,0.2080,0.4272,0.2164,0.4128,0.2056,0.4358,0.2008,0.2153,0.4444,0.9522,0.4968,0.2177,0.2179,0.2140,0.4433,0.7966,6.1048
6800000,220050940,256647,9,6,2,2,39,0.2141,0.2078,0.2269,0.2065,0.2135,0.2298,0.2053,0.2202,0.6635,0.4755,0.4935,0.2203,0.2240,0.2264,0.2275,0.4061,4.6607
7000000,224937035,260368,10,6,0,0,9,0.4277,0.2135,0.2246,0.2073,0.2104,0.4582,0.2082,0.4567,0.2152,0.4931,0.5123,0.2201,0.2132,0.2153,0.4556,0.8162,5.5475
7200000,229699361,263913,12,10,3,6,86,0.6541,0.2161,0.2244,0.2092,0.4317,0.6867,0.2092,0.6857,0.4434,1.0041,0.5142,0.4449,0.4418,0.2166,0.2168,1.2538,7.8527
7400000,234592445,267551,12,15,2,9,78,0.8377,0.2087,0.2244,0.2099,0.2083,0.8700,0.4083,0.8799,0.6383,0.4865,0.5059,0.2169,0.6440,0.2153,0.2304,1.6136,8.3980
7600000,239302995,270947,12,15,0,3,62,0.2239,0.2170,0.2278,0.2081,0.2183,1.1110,0.2091,1.1359,0.2270,0.4913,0.5094,0.2272,0.2155,0.4442,0.2337,0.4246,6.3240
7800000,243847002,274200,17,15,1,1,97,0.4476,0.4347,0.4616,0.4248,0.2197,1.3544,0.2138,0.2321,0.4508,0.9836,1.0187,0.2238,0.2210,0.2218,0.4647,0.4287,7.8018
8000000,248392634,277441,16,15,0,3,58,0.6633,0.6459,0.6910,0.2175,0.4371,0.2382,0.2163,0.2357,0.2296,0.5004,1.5194,0.4436,0.4386,0.2325,0.2401,0.8529,7.8020
8200000,252893845,280508,18,15,1,4,72,0.2261,0.2210,0.9184,0.2139,0.2227,0.2341,0.2193,0.2348,0.2304,0.5283,0.5451,0.2394,0.6629,0.2339,0.2390,1.2826,6.4519
8400000,257285685,283328,14,15,1,1,217,0.2259,0.2308,1.1615,0.4379,0.4468,0.2355,0.4407,0.4739,0.2287,0.5218,1.0952,0.4747,0.8922,0.4611,0.4727,1.7417,9.5411
8600000,261660542,286208,14,15,5,0,73,0.2259,0.2232,0.2377,0.2215,0.2248,0.2299,0.2187,0.2390,0.2353,0.5483,0.5666,0.2387,1.1291,0.2332,0.7227,0.4466,5.9413
8800000,266152319,289021,15,11,1,0,24,0.2277,0.2263,0.2397,0.2219,0.2254,0.2378,0.2191,0.2304,0.2306,0.5112,0.5310,0.2323,0.2260,0.2279,0.2377,0.4496,4.4743
9000000,270431891,291728,14,11,1,1,24,0.2297,0.2234,0.2436,0.2210,0.2301,0.2474,0.2222,0.2416,0.2337,1.0475,1.0832,0.2395,0.2332,0.2401,0.2411,0.9039,6.0810
9200000,274583632,294264,16,11,0,0,28,0.4708,0.2312,0.2414,0.2272,0.2258,0.2429,0.2288,0.2419,0.2372,1.6016,1.6578,0.2325,0.2301,0.4844,0.4953,0.4558,7.5047
9400000,278812999,296803,18,11,3,0,81,0.2318,0.4564,0.4874,0.2278,0.4520,0.2329,0.2240,0.4817,0.2315,0.5127,0.5333,0.4739,0.2339,0.7252,0.2459,0.9164,6.6668
9600000,283165339,299302,19,11,3,4,91,0.2279,0.2327,0.7105,0.2228,0.6651,0.2338,0.4409,0.6971,0.2304,0.5254,0.5437,0.6906,0.4487,0.2362,0.2515,1.3431,7.7003
9800000,287305340,301642,19,11,1,6,101,0.2378,0.2309,0.2440,0.2250,0.2364,0.2378,0.6869,0.2447,0.4789,1.0652,0.5428,0.2390,0.2261,0.2309,0.2463,0.4662,5.8388
10000000,291545785,303941,19,11,4,0,188,0.2355,0.2306,0.2432,0.2263,0.2347,0.2420,0.2279,0.2408,0.2385,0.5107,0.5325,0.2368,0.2370,0.4693,0.2403,0.4679,4.8139
10200000,295583517,306148,15,11,3,1,81,0.2371,0.4695,0.4867,0.4491,0.4630,0.4828,0.4566,0.4802,0.4758,1.0577,1.0971,0.2448,0.4699,0.7057,0.4918,0.4749,8.5426
10400000,299568863,308245,16,11,2,3,17,0.2433,0.2374,0.2512,0.2297,0.2293,0.2465,0.2326,0.7273,0.2479,1.5863,1.6452,0.2428,0.2434,0.2402,0.7356,0.4758,7.8144
10600000,303796881,310379,15,11,0,0,11,0.2329,0.2346,0.2458,0.2310,0.2295,0.2418,0.2292,0.2525,0.2424,0.5132,0.5352,0.2434,0.2266,0.2313,0.2516,0.4762,4.6170
10800000,307846583,312448,19,11,1,5,77,0.4778,0.2309,0.5019,0.2285,0.4686,0.5011,0.2303,0.5018,0.4978,0.5386,1.1081,0.2361,0.2390,0.2403,0.2516,0.4789,6.7311
11000000,311761916,314277,17,11,3,5,47,0.2407,0.2382,0.2441,0.2349,0.2386,0.2445,0.4639,0.7658,0.2461,0.5487,0.5682,0.2454,0.2364,0.4842,0.2549,0.4839,5.7386
11200000,315485823,316119,17,11,2,6,75,0.2401,0.2474,0.2606,0.2341,0.2383,0.2479,0.2291,0.2531,0.2536,0.5446,0.5658,0.2438,0.2420,0.2489,0.2575,0.4884,4.7952
11400000,319233433,318006,15,8,4,1,54,0.2388,0.2373,0.2566,0.4696,0.2350,0.2466,0.2408,0.2508,0.2440,0.5361,0.5586,0.4925,0.2447,0.2449,0.2641,0.4923,5.2526
11600000,323055886,319769,17,10,3,2,124,0.2412,0.2394,0.2623,0.2390,0.2412,0.2545,0.2405,0.2451,0.2520,0.5601,0.5824,0.2564,0.2350,0.4860,0.5185,0.4934,5.3471
11800000,326838819,321531,15,13,4,4,161,0.4888,0.4838,0.2565,0.4854,0.2480,0.2463,0.2435,0.5058,0.2570,0.5474,0.5720,0.5142,0.2410,0.7461,0.2623,0.4964,6.5945
12000000,330472503,323403,19,14,2,3,104,0.2481,0.2454,0.2585,0.2380,0.2372,0.2531,0.2333,0.2551,0.2595,1.1082,1.1556,0.2495,0.2445,0.9991,0.2611,0.4978,6.7441
12200000,334196721,325017,17,15,5,3,160,0.4884,0.2346,0.2611,0.2393,0.2467,0.2502,0.2402,0.2560,0.2525,1.6559,1.7219,0.2527,0.4917,1.2298,0.5234,0.4998,8.8441
12400000,337874223,326548,17,16,4,6,156,0.7458,0.2445,0.2657,0.2424,0.4934,0.5072,0.2334,0.5236,0.5046,2.2617,2.3466,0.2485,0.2391,0.2544,0.7906,1.0170,10.9183
12600000,341469948,328051,15,16,2,6,88,0.2517,0.2415,0.5293,0.2379,0.2419,0.7515,0.4765,0.7740,0.2585,2.7881,2.8918,0.5019,0.2490,0.5056,0.2562,0.5040,11.4592
12800000,344967722,329422,17,18,4,3,107,0.5051,0.2412,0.2569,0.2419,0.4863,1.0188,0.7267,0.2586,0.2532,3.3856,0.5622,0.7585,0.2494,0.7670,0.5235,1.0190,11.2538
13000000,348651308,330889,21,20,5,5,88,0.2453,0.2467,0.2580,0.2391,0.2409,0.2546,0.2388,0.2561,0.2527,0.5612,0.5802,0.2461,0.2433,0.2524,0.2521,0.5089,4.8764
13200000,352299721,332408,23,24,2,6,159,0.2501,0.2446,0.2583,0.2392,0.4788,0.2536,0.2410,0.5105,0.2567,1.1130,1.1547,0.2517,0.2455,0.2498,0.2634,0.5117,6.5225
13400000,355782164,333778,21,24,4,2,161,0.1239,0.1252,0.2576,0.1205,0.3642,0.1313,0.1200,0.1328,0.1302,0.8412,0.2873,0.1244,0.2476,0.1224,0.1274,0.2541,3.5101
13600000,359341175,335035,19,16,0,1,129,0.2455,0.2428,0.2615,0.2431,0.2525,0.2556,0.2423,0.5315,0.2637,0.5714,0.5939,0.2480,0.2506,0.2474,0.2747,1.0291,5.7535
13800000,362742115,336250,20,16,1,0,127,0.2493,0.2495,0.2634,0.2461,0.4985,0.2612,0.2377,0.2648,0.2555,0.5492,0.5693,0.2549,0.5043,0.5081,0.2646,0.5169,5.6936
14000000,365918892,337508,20,12,6,3,119,0.2561,0.2578,0.5353,0.2519,0.2470,0.2643,0.2512,0.2643,0.2658,1.1421,1.1824,0.5198,0.2519,0.2572,0.2772,1.0493,7.2734
14200000,369296762,338668,16,8,1,0,30,0.5121,0.2544,0.8033,0.5001,0.4942,0.5285,0.4962,0.2617,0.2511,0.5597,0.5824,0.7788,0.2503,0.2612,0.2665,0.5211,7.3217
14400000,372577525,339845,21,9,4,2,61,0.2559,0.2483,1.0424,0.7302,0.7374,0.2649,0.7235,0.2677,0.2658,0.5727,1.1612,1.0223,0.2582,0.2690,0.5312,1.0316,9.3823
14600000,375987740,341039,19,12,4,3,94,0.2533,0.2431,0.2633,0.2488,0.2485,0.2579,0.2457,0.2593,0.2636,1.1740,1.7927,1.2983,0.2513,0.2553,0.2664,0.5224,7.8437
14800000,379416497,342153,23,14,4,1,39,0.2484,0.2518,0.5242,0.2373,0.4910,0.2549,0.2358,0.5213,0.2617,1.7402,2.3781,0.2587,0.2481,0.5045,0.2680,1.0422,9.4661
15000000,382500240,343175,25,15,6,4,84,0.5038,0.5044,0.7853,0.2600,0.7312,0.2777,0.4866,0.7738,0.2640,2.2682,0.6029,0.5150,0.2631,0.7588,0.2802,1.5378,10.8128
15200000,385716274,344283,24,15,1,4,123,0.2584,0.2523,0.2719,0.2570,0.2561,0.2710,0.2519,0.2664,0.2619,2.8449,1.1988,0.2610,0.5231,1.0232,0.2790,0.5301,9.0069
15400000,388895264,345366,32,17,13,3,192,0.5213,0.2552,0.5461,0.2595,0.2440,0.2656,0.5083,0.2729,0.5314,0.5870,0.6041,0.2641,0.2516,0.2600,0.2671,1.0687,6.7069
15600000,392219803,346438,27,20,8,1,219,0.7717,0.2471,0.2613,0.2456,0.2526,0.2654,0.2565,0.2647,0.2573,0.5918,0.6163,0.2607,0.2550,0.2573,0.2815,1.5886,6.6734
15800000,395456352,347396,25,20,6,4,52,0.2579,0.2557,0.2641,0.2439,0.5076,0.2695,0.2584,0.2684,0.2645,1.1848,1.2307,0.2648,0.2606,0.5178,0.2796,2.1242,8.4523
16000000,398635842,348383,30,20,8,3,149,0.5144,0.5176,0.2714,0.2614,0.2541,0.5328,0.2526,0.2659,0.2665,1.7909,1.8595,0.2627,0.2742,0.7910,0.2757,0.5362,8.9268
16200000,401789721,349414,32,22,10,4,399,0.2624,0.2534,0.2784,0.2526,0.2576,0.2657,0.5095,0.2724,0.2779,2.3677,2.4585,0.2645,0.5338,0.2630,0.5467,0.5355,9.5997
16400000,404676338,350277,38,23,9,5,274,0.2590,0.2641,0.2776,0.2582,0.2621,0.2792,0.2498,0.2781,0.2638,0.6108,0.6292,0.2710,0.2616,0.2604,0.2811,1.0829,5.7891
16600000,407775444,351149,43,26,6,2,276,0.2543,0.5087,0.2770,0.2532,0.2553,0.5449,0.2578,0.2663,0.2762,0.6150,1.2494,0.2625,0.5140,0.2723,0.2804,0.5385,6.6257
16800000,410696328,352002,43,27,13,3,274,0.5284,0.8052,0.5699,0.2666,0.2615,0.2695,0.2605,0.2731,0.2690,0.6080,0.6271,0.2739,0.2631,0.2657,0.2796,0.5406,6.3618
17000000,413242524,352626,45,27,5,3,277,0.2701,0.2722,0.2971,0.2678,0.2663,0.2857,0.2711,0.2740,0.2810,0.6251,0.6484,0.2712,0.2693,0.2765,0.3000,1.0881,5.9638
17200000,416231816,353487,43,28,11,4,323,0.5125,0.2610,0.2749,0.5077,0.5054,0.2678,0.2455,0.2705,0.2658,0.5958,0.6159,0.5211,0.2624,0.2649,0.2787,1.5729,7.2229
17400000,419005796,354151,48,28,15,3,618,0.7936,0.5303,0.2810,0.2637,0.2617,0.5433,0.5215,0.5450,0.2748,0.6097,1.2607,0.7977,0.2679,0.2731,0.2818,0.5444,8.0500
17600000,422071047,355068,50,31,8,6,651,0.1288,0.1288,0.1332,0.1256,0.1270,0.1276,0.1268,0.1316,0.1323,0.2988,0.3102,0.1356,0.1295,0.1273,0.1376,0.2713,2.5718
17800000,424933643,355641,48,32,6,8,409,0.2608,0.2664,0.2717,0.5049,0.2605,0.2755,0.5066,0.2860,0.2704,0.6087,0.6292,0.2757,0.2763,0.2699,0.5613,1.0762,6.6000
18000000,427872956,356380,46,32,5,5,403,0.2610,0.2601,0.5653,0.2591,0.5245,0.5631,0.2535,0.5706,0.5489,1.2220,1.2648,0.5545,0.5402,0.5513,0.8756,0.5486,9.3631
18200000,430748337,357118,42,33,7,10,712,0.2655,0.5173,0.8445,0.2647,0.7715,0.8354,0.5027,0.8476,0.8100,1.8005,1.8623,0.8129,0.2659,0.2795,1.1399,0.5483,12.3687
18400000,433596675,357932,35,34,5,9,218,0.2701,0.2616,0.2823,0.2696,0.2570,1.0956,0.2634,1.1093,0.2752,0.5878,2.4328,0.2690,0.2694,0.2741,0.2848,0.5507,8.7527
18600000,436329650,358563,32,36,3,10,187,0.1303,0.1287,0.1358,0.1314,0.1303,0.6943,0.2639,0.7020,0.1353,0.6157,0.3268,0.1336,0.1307,0.1351,0.1333,0.2709,4.1983
18800000,439183207,359367,34,37,3,7,62,0.2687,0.2611,0.2804,0.2700,0.2579,0.2821,0.2563,0.2906,0.2778,1.8139,1.2596,0.2751,0.2671,0.2711,0.2715,1.0906,7.6937
19000000,441968731,359999,31,37,9,17,301,0.2664,0.2684,0.2790,0.2596,0.2654,0.2849,0.2631,0.5692,0.2880,0.6065,0.6255,0.5592,0.2640,0.2689,0.2842,0.5524,5.9047
19200000,444639460,360779,29,38,3,13,274,0.2663,0.2698,0.2778,0.2632,0.2756,0.2804,0.2574,0.2782,0.2762,0.6464,0.6640,0.2782,0.2750,0.2753,0.5670,0.5539,5.7048
19400000,447477394,361400,32,24,2,4,258,0.2675,0.5331,0.2875,0.2559,0.2625,0.2831,0.5176,0.2726,0.5532,1.2676,0.6366,0.5515,0.2666,0.5469,0.2863,0.5542,7.3428
19600000,450189063,361919,36,24,1,4,204,0.2715,0.2690,0.2883,0.2653,0.2715,0.2828,0.2657,0.2839,0.2812,0.6118,0.6328,0.2745,0.2679,0.2745,0.2710,0.5555,5.3671
19800000,452932138,362562,44,24,2,2,142,0.5404,0.5380,0.2795,0.2574,0.2637,0.2826,0.2525,0.2741,0.5587,1.2299,0.6439,0.2666,0.2691,0.2805,0.2803,1.1076,7.3247
20000000,455725429,363223,47,24,6,7,207,0.7722,0.2570,0.5364,0.5030,0.5127,0.2769,0.4965,0.2688,0.2692,1.7665,0.6256,0.5303,0.5215,0.5361,0.2776,0.5578,8.7081
20200000,458402957,363897,41,24,6,11,120,0.2688,0.2680,0.8401,0.2622,0.2680,0.5648,0.2539,0.5680,0.5617,0.6005,1.2789,0.2740,0.2730,0.2747,0.2841,0.5585,7.3991
20400000,460967407,364425,42,26,3,11,53,0.5429,0.5340,0.2765,0.5232,0.2677,0.8286,0.2589,0.8519,0.8364,1.2268,1.9149,0.2844,0.5416,0.2787,0.5819,0.5594,10.3077
20600000,463477002,364800,42,26,5,10,105,0.2700,0.2755,0.2844,0.2621,0.2690,0.2786,0.2598,1.1396,0.2701,1.8619,2.5748,0.2727,0.2717,0.5595,0.2891,1.1243,10.2631
20800000,465897122,365210,42,26,4,6,72,0.5532,0.5617,0.5803,0.5338,0.5441,0.5699,0.5358,0.2922,0.5629,2.5378,3.2850,0.5657,0.2734,0.8592,0.5987,0.5620,13.4155
21000000,468323497,365638,41,26,9,15,114,0.8109,0.8212,0.2848,0.7886,0.7953,0.8350,0.7949,0.2830,0.2815,3.0760,3.8187,0.8276,0.2791,0.2767,0.2909,1.1083,15.3725
21200000,470739627,366129,47,27,2,6,138,0.2701,0.2746,0.2943,1.0482,1.0638,0.2884,0.2636,0.5584,0.2737,0.6319,0.6531,1.1095,0.5500,0.5609,0.2988,1.6622,9.8013
21400000,473472141,366628,47,29,1,4,279,0.1334,0.1329,0.2895,0.1279,0.6636,0.2857,0.2586,0.1427,0.1365,0.6150,0.6363,0.6899,0.1361,0.1392,0.2901,0.2805,4.9578
21600000,475877419,366982,42,30,7,7,124,0.2769,0.2721,0.2860,0.2617,0.2651,0.2777,0.7917,0.2879,0.5626,0.6540,0.6756,0.2908,0.5527,0.2801,0.3098,1.1359,7.1806
21800000,478410750,367513,43,32,6,9,189,0.5493,0.5380,0.5653,0.2649,0.5357,0.2767,0.2546,0.2709,0.8449,0.6179,0.6403,0.5661,0.2631,0.2703,0.5951,1.7006,8.7536
22000000,480700081,367843,46,36,3,12,187,0.2743,0.2726,0.2856,0.5469,0.2668,0.2771,0.5354,0.2910,0.2829,0.6326,0.6518,0.2782,0.2797,0.2775,0.2954,2.3130,7.7607
22200000,483188787,368422,53,38,1,7,557,0.5380,0.5284,0.2829,0.2613,0.2708,0.5510,0.7800,0.5638,0.5542,1.2221,1.2616,0.5404,0.5508,0.2861,0.2973,2.7885,11.2772
22400000,485711478,368915,57,38,12,5,293,0.2715,0.7953,0.2835,0.5285,0.5372,0.8306,0.2641,0.2878,0.8395,0.6281,0.6471,0.8231,0.8280,0.2724,0.2946,0.5655,8.6966
22600000,487968806,369133,48,38,8,20,137,0.5452,1.0793,0.2952,0.7998,0.8102,1.1259,0.2668,0.5841,0.2940,0.6454,0.6616,1.1208,1.1154,0.5544,0.3032,1.1401,11.3414
22800000,490392820,369494,56,39,5,13,259,0.2765,1.3458,0.2950,0.2663,0.2733,0.2776,0.2687,0.2795,0.2768,0.6240,0.6439,0.2848,0.2705,0.2815,0.6026,0.5681,6.8349
23000000,492595906,369939,58,40,7,11,255,0.2792,0.2803,0.2970,0.2694,0.2753,0.2781,0.2635,0.2976,0.2855,1.2735,1.3137,0.2894,0.2775,0.2838,0.3084,0.5716,6.8438
23200000,494836963,370397,54,40,9,15,347,0.2770,0.2690,0.2940,0.2716,0.2691,0.2888,0.5298,0.2959,0.5633,1.8974,1.9604,0.2885,0.2750,0.2873,0.3088,1.1390,9.2150
23400000,497038229,370640,49,41,8,6,180,0.2763,0.2787,0.2958,0.2679,0.2715,0.2925,0.2633,0.2893,0.2882,0.6281,0.6500,0.2798,0.2770,0.2856,0.6154,0.5707,5.8304
23600000,499286948,370952,49,42,2,5,214,0.2782,0.5341,0.2918,0.2798,0.2734,0.3024,0.2655,0.2991,0.2825,1.2680,1.3083,0.2833,0.2863,0.2831,0.3103,0.5714,7.1173
23800000,501526999,371439,55,43,5,5,198,0.2764,0.2873,0.2956,0.2732,0.2835,0.2882,0.2693,0.2936,0.2932,0.6480,0.6707,0.3009,0.2781,0.2929,0.3044,0.5716,5.6269
24000000,503652809,371804,57,44,7,18,322,0.2827,0.2746,0.2912,0.2681,0.2660,0.5800,0.5450,0.2863,0.2849,1.3108,1.3563,0.2777,0.2825,0.2844,0.2970,0.5730,7.4604
24200000,505803655,372023,56,45,5,13,231,0.1382,0.1373,0.1445,0.1330,0.1367,0.1422,0.1331,0.1474,0.1380,0.3282,0.3379,0.1434,0.1398,0.1415,0.1519,0.2837,2.7767
24400000,508250631,372426,53,46,6,8,167,0.5423,0.5486,0.2855,0.5222,0.2728,0.2852,0.2683,0.2895,0.2973,0.6546,0.6725,0.5532,0.5553,0.2723,0.5654,0.5713,7.1564
24600000,510409756,372722,50,47,4,11,164,0.2820,0.2810,0.2871,0.2895,0.2761,0.2895,0.2691,0.5810,0.5941,0.6724,0.6893,0.2881,0.8567,0.5641,0.8764,1.1595,8.2560
24800000,512425787,373019,53,47,4,8,238,0.5604,0.2882,0.3006,0.2776,0.2869,0.2978,0.2747,0.8670,0.2954,0.6873,1.3880,0.5733,1.1299,0.2945,0.3166,1.7202,9.5584
25000000,514506749,373447,52,49,1,7,384,0.8395,0.5704,0.6018,0.5577,0.2758,0.2883,0.5427,0.2904,0.5891,0.6544,2.0741,0.8593,1.4219,0.2862,0.2991,2.3086,12.4592
25200000,516646782,373714,59,50,3,16,558,0.2773,0.2792,0.9038,0.8403,0.2819,0.5804,0.2644,0.5949,0.8876,0.6389,2.7602,0.2898,1.7220,0.2861,0.2944,2.9152,13.8162
25400000,518844291,374119,57,50,3,10,259,0.5562,0.2843,0.2981,0.2695,0.5481,0.2813,0.2707,0.2850,0.2940,0.6553,0.6797,0.2863,0.2825,0.2794,0.3037,3.4917,9.0656
25600000,521093317,374366,54,52,13,1,325,0.2813,0.2830,0.2942,0.5413,0.2800,0.2936,0.2684,0.2987,0.5759,1.3227,1.3700,0.5804,0.2802,0.5580,0.3119,0.5751,8.1146
25800000,523131469,374582,47,54,5,10,167,0.2826,0.2834,0.2918,0.8221,0.2809,0.6062,0.2692,0.2849,0.2916,0.6745,0.6955,0.2872,0.5662,0.2891,0.6340,0.5794,7.1385
26000000,525376475,374891,41,58,8,12,178,0.5534,0.2846,0.2952,1.0601,0.2728,0.8711,0.5368,0.2879,0.2849,0.6626,0.6858,0.2866,0.8154,0.2819,0.3073,1.1359,8.6222
26200000,527361891,375114,40,62,5,12,126,0.2852,0.2873,0.2992,0.2739,0.2814,0.2890,0.2736,0.3062,0.3019,0.6615,0.6804,0.3027,0.2924,0.2952,0.3083,0.5783,5.7165
26400000,529223829,375391,37,62,2,7,71,0.2829,0.2772,0.3022,0.2787,0.2877,0.2960,0.2730,0.2956,0.2845,1.3570,1.3968,0.2864,0.2868,0.2918,0.3210,0.5804,7.0980
26600000,531193138,375579,42,64,2,12,155,0.5559,0.2849,0.2870,0.5507,0.5610,0.2970,0.5349,0.2897,0.2888,0.6930,0.7152,0.5724,0.5553,0.2910,0.6216,0.5803,7.6787
26800000,533283616,375779,42,64,0,9,89,0.8282,0.2758,0.2934,0.2742,0.2789,0.2927,0.2714,0.5809,0.2899,1.3457,1.3889,0.8559,0.2837,0.5739,0.3048,0.5800,8.7182
27000000,535171983,376065,42,66,3,13,136,0.2832,0.2904,0.2994,0.2732,0.2794,0.2975,0.2707,0.3014,0.2894,0.6888,0.7064,0.3023,0.2849,0.3060,0.3184,1.1505,6.3419
27200000,537127049,376343,51,66,1,17,177,0.2812,0.2795,0.2985,0.2832,0.2809,0.2970,0.2807,0.2979,0.2897,1.3786,1.4160,0.2937,0.2957,0.2882,0.6370,0.5820,7.4800
27400000,539126062,376610,62,67,4,16,209,0.5622,0.2819,0.2953,0.5516,0.5589,0.2991,0.5643,0.2975,0.5742,2.0272,2.0840,0.2969,0.2870,0.2967,0.3097,0.5819,9.8683
27600000,541038762,376808,57,69,2,13,230,0.2831,0.2790,0.2960,0.2792,0.2773,0.3062,0.2744,0.2943,0.2904,0.6819,0.7022,0.2875,0.2920,0.2891,0.3105,1.1623,6.3053
27800000,543055900,377112,57,71,3,16,251,0.2903,0.2796,0.2844,0.5686,0.5663,0.3062,0.2797,0.5955,0.2978,0.6549,0.6719,0.5840,0.2934,0.5957,0.2963,0.5806,7.1451
28000000,544997927,377269,47,72,4,16,165,0.2880,0.5424,0.5635,0.8111,0.2813,0.2939,0.5433,0.8577,0.3038,1.3052,1.3405,0.8356,0.2895,0.8587,0.3180,0.5855,10.0180
28200000,546872882,377500,44,74,4,16,75,0.2833,0.2895,0.3055,0.2709,0.2739,0.2947,0.2673,0.2811,0.2936,0.6684,0.6860,0.2882,0.2878,0.2888,0.3085,0.5816,5.6690
28400000,548723110,377741,43,75,2,14,96,0.1416,0.1415,0.2982,0.1436,0.2791,0.1462,0.1324,0.1454,0.1510,0.3338,0.3447,0.1467,0.1487,0.1441,0.3095,0.2910,3.2975
28600000,550711454,378059,42,75,3,17,293,0.5589,0.2897,0.8906,0.5584,0.8235,0.2978,0.2728,0.5896,0.6007,1.3304,1.3742,0.2877,0.5782,0.5664,0.3077,1.1588,10.4852
28800000,552585798,378329,41,75,2,6,185,0.2837,0.2926,0.2967,0.2819,0.2751,0.2946,0.5705,0.2992,0.2934,2.0543,2.1198,0.5946,0.8798,0.2897,0.2909,1.7719,10.8886
29000000,554552191,378699,40,79,3,17,179,0.2848,0.5589,0.3077,0.2880,0.2743,0.2957,0.2706,0.2878,0.3024,2.6127,2.6925,0.3050,0.2882,0.2915,0.5739,0.5855,10.2195
29200000,556321405,378876,36,81,3,10,357,0.2874,0.3029,0.3015,0.2768,0.2746,0.3006,0.2771,0.3086,0.2955,3.3622,3.4669,0.3020,0.2925,0.2927,0.9012,0.5842,11.8268
29400000,558282990,379150,44,84,5,20,325,0.5582,0.2873,0.5978,0.2759,0.2773,0.3022,0.5484,0.5949,0.5816,3.9823,4.1039,0.2948,0.5698,0.5759,0.3017,0.5828,14.4347
29600000,560272942,379392,55,85,12,26,481,0.2779,0.2835,0.2998,0.2654,0.2745,0.2958,0.2731,0.2903,0.2859,0.6714,0.6905,0.2825,0.2894,0.2908,0.3048,0.5842,5.6596
29800000,561912719,379613,61,85,3,18,209,0.1424,0.1520,0.1558,0.2723,0.2815,0.3015,0.2818,0.1583,0.2923,0.3664,0.7166,0.2967,0.2920,0.1480,0.3130,0.2984,4.4690
30000000,563745151,379743,59,86,6,9,282,0.2873,0.2955,0.2998,0.2782,0.2865,0.2888,0.2790,0.2972,0.2859,0.6865,0.7053,0.2878,0.2822,0.2856,0.3074,0.5849,5.7379
30200000,565695164,379896,73,88,11,24,523,0.2876,0.2790,0.3055,0.2832,0.2831,0.3016,0.2666,0.2968,0.2906,0.6569,0.6751,0.3055,0.2905,0.2854,0.3036,0.5839,5.6949
30400000,567437208,380161,76,91,3,22,498,0.2891,0.5621,0.5954,0.5516,0.5606,0.3084,0.2814,0.3073,0.5809,0.6926,1.3698,0.2993,0.2927,0.5822,0.3094,1.1589,8.7416
30600000,569148284,380349,66,97,10,24,623,0.2874,0.2884,0.9050,0.2813,0.2869,0.6140,0.2844,0.6190,0.8927,0.6947,0.7140,0.3022,0.5970,0.8931,0.6409,1.7737,10.0748
30800000,570789136,380531,66,98,6,25,414,0.5763,0.2942,0.2980,0.2816,0.5754,0.3094,0.2845,0.9297,0.3023,1.3949,1.4350,0.3080,0.2910,1.1946,0.3137,0.5892,9.3778
31000000,572628682,380681,71,100,9,12,822,0.2858,0.5865,0.3058,0.2812,0.2886,0.2943,0.2693,1.2355,0.2934,2.0821,2.1439,0.2868,0.5817,0.2891,0.3024,0.5855,10.1117
31200000,574428478,380886,72,100,15,20,607,0.2882,0.1461,0.3042,0.1429,0.1462,0.1517,0.1423,0.1566,0.1577,1.3615,1.4013,0.1505,0.1503,0.2908,0.3049,0.3016,5.5967
31400000,576042599,381031,68,102,3,26,659,0.2852,0.2883,0.9437,0.2796,0.2816,0.3001,0.5680,0.3082,0.3040,0.6816,3.6076,0.3034,0.2869,0.9091,0.3087,1.2152,10.8709
31600000,577841843,381119,73,102,7,20,432,0.2849,0.3019,0.3118,0.5505,0.5638,0.3077,0.2798,0.6072,0.5918,1.3495,4.2102,0.5859,0.2942,1.1752,0.3099,0.5894,12.3136
31800000,579478007,381289,69,102,13,28,428,0.2817,0.2926,0.3026,0.8236,0.2901,0.3003,0.2816,0.3072,0.2992,0.6895,0.7120,0.2915,0.2921,1.4664,0.6308,0.5892,7.8505
32000000,581118405,381383,64,104,6,14,360,0.5691,0.2832,0.3037,0.2868,0.5803,0.3075,0.2752,0.3011,0.5986,1.3858,0.7048,0.5960,0.2912,1.7679,0.9513,0.5888,9.7913
32200000,582790110,381593,58,106,6,17,309,0.2861,0.2924,0.6143,0.2864,0.2891,0.6080,0.2854,0.3123,0.2924,0.6994,0.7217,0.8857,0.2965,0.2985,1.2614,0.5890,8.0187
32400000,584238919,381749,55,107,6,6,169,0.2867,0.2974,0.3104,0.5756,0.2923,0.3127,0.2776,0.2998,0.3081,1.4033,1.4496,1.1865,0.2949,0.6123,0.3136,0.5905,8.8113
32600000,585850735,381925,58,109,4,14,310,0.2899,0.2826,0.3025,0.2785,0.2810,0.2964,0.2753,0.3146,0.2987,0.6691,0.6890,0.2934,0.2960,0.3006,0.6365,0.5896,6.0938
32800000,587476893,382008,54,112,3,12,225,0.5646,0.5591,0.3088,0.5496,0.2883,0.3062,0.2834,0.3076,0.5889,0.7029,0.7232,0.3041,0.2863,0.2986,0.3238,0.5922,6.9875
33000000,589055527,382081,60,113,5,14,232,0.2954,0.2907,0.3094,0.2762,0.2883,0.3142,0.2775,0.3053,0.2967,1.4392,1.4812,0.3008,0.2950,0.2925,0.6608,1.2159,8.3390
33200000,590683343,382285,64,118,12,33,277,0.2898,0.5739,0.6043,0.2855,0.2799,0.3011,0.2804,0.2988,0.5905,0.7086,0.7268,0.5937,0.2811,0.2969,0.3096,0.5896,7.0105
33400000,592048061,382366,67,116,5,20,181,0.2955,0.2929,0.3157,0.2961,0.2922,0.3038,0.2850,0.3035,0.3111,0.7075,0.7250,0.3033,0.2972,0.3111,0.3150,0.5927,5.9475
33600000,593656682,382546,63,118,6,24,235,0.2931,0.2881,0.3176,0.2775,0.2860,0.3006,0.2910,0.3099,0.2920,0.6810,0.6953,0.2998,0.3006,0.3067,0.3133,1.1617,6.4141
33800000,595173391,382600,63,120,5,23,306,0.5853,0.5808,0.3061,0.5672,0.5808,0.6142,0.5828,0.3053,0.6002,0.7003,1.4178,0.6123,0.2997,0.3057,0.3268,0.5917,8.9770
34000000,596893293,382700,71,124,4,13,222,0.8570,0.8497,0.6087,0.2795,0.2766,0.3094,0.2844,0.2982,0.3110,0.6653,0.6859,0.2960,0.2944,0.2956,0.3051,1.1659,7.7827
34200000,598467372,382799,71,125,11,20,274,0.2929,0.2916,0.3165,0.2811,0.2809,0.3078,0.2772,0.6151,0.2959,0.7024,1.4312,0.6131,0.2897,0.2976,0.3198,1.7950,8.4078
34400000,600016370,382905,66,125,4,10,150,0.2873,0.5876,0.6153,0.2868,0.5654,0.3150,0.5671,0.3012,0.3104,0.7037,0.7250,0.2949,0.5894,0.2973,0.3146,0.5928,7.3538
34600000,601707922,383156,62,127,7,18,181,0.2883,0.2935,0.2951,0.5721,0.8486,0.6082,0.2795,0.3121,0.2904,1.3795,1.4178,0.3040,0.2888,0.3008,0.3086,1.1834,8.9706
34800000,603127160,383215,67,127,6,11,392,0.2900,0.2876,0.3111,0.2903,0.2878,0.3131,0.2825,0.3135,0.3049,0.7160,0.7315,0.3094,0.5807,0.3014,0.3234,1.7390,7.3823
35000000,604598660,383306,64,127,6,13,653,0.2911,0.2898,0.2990,0.2763,0.2809,0.3103,0.2826,0.3070,0.3054,0.6887,0.7088,0.2980,0.2813,0.3057,0.3228,0.5944,5.8420
35200000,605837823,383455,77,130,8,21,199,0.2937,0.2796,0.3051,0.2894,0.3019,0.3171,0.2942,0.3156,0.3021,1.4060,0.7293,0.3000,0.2953,0.3018,0.3302,0.5946,6.6560
35400000,607141094,383403,80,131,14,16,304,0.2952,0.2879,0.3122,0.2819,0.2808,0.3118,0.3008,0.3081,0.3050,0.7111,0.7300,0.3120,0.3086,0.3010,0.6425,1.1629,6.8517
35600000,608581219,383617,83,133,8,19,178,0.2943,0.2909,0.6334,0.2847,0.2924,0.6117,0.2798,0.3034,0.3001,1.4252,1.4648,0.3017,0.5913,0.6023,0.3146,1.7537,9.7443
35800000,609955017,383688,79,134,9,19,332,0.3002,0.5947,0.3167,0.2902,0.5922,0.9366,0.2940,0.6323,0.6164,0.7151,0.7292,0.3033,0.3012,0.3075,0.6372,2.3952,9.9618
36000000,611219664,383713,76,135,12,14,221,0.6049,0.3053,0.6352,0.2827,0.2951,1.2609,0.2815,0.3155,0.3102,1.4350,1.4686,0.3203,0.6186,0.6157,0.3224,0.5948,9.6665
36200000,612642976,383767,68,135,7,15,188,0.8879,0.6003,0.9385,0.5708,0.2875,0.3151,0.2821,0.6091,0.6143,2.1226,2.1731,0.2936,0.2960,0.3036,0.6325,1.1816,12.1084
36400000,614095082,383931,71,138,12,21,375,0.2917,0.2930,1.2144,0.2835,0.2843,0.2994,0.2840,0.8982,0.2971,0.7105,2.8403,0.5890,0.5818,0.5957,0.3052,0.5929,10.3613
36600000,615680055,384122,63,141,7,15,351,0.2914,0.2982,0.3022,0.2906,0.2887,0.3188,0.2896,0.3130,0.3075,0.7170,0.7371,0.3046,0.2842,0.3055,0.6385,0.5930,6.2799
36800000,617181605,384278,67,142,8,17,170,0.2932,0.2948,0.3070,0.2893,0.1448,0.1528,0.2898,0.1599,0.3060,0.7100,0.7304,0.3017,0.1496,0.3025,0.1665,0.3022,4.9005
37000000,618511099,384471,65,142,9,7,282,0.0975,0.1005,0.1007,0.0973,0.0984,0.2070,0.2901,0.1035,0.1008,0.2376,0.7317,0.1031,0.1003,0.0988,0.2186,0.1974,2.8835
37200000,620099061,384680,69,142,5,15,167,0.2882,0.2939,0.3119,0.2801,0.2904,0.2949,0.2784,0.3004,0.3038,1.3945,2.9213,0.3117,0.2848,0.2879,0.3021,0.5901,8.7344
37400000,621494945,384747,76,142,3,9,122,0.5698,0.3040,0.3070,0.2846,0.2869,0.3065,0.2760,0.3289,0.6045,0.7416,0.7633,0.3018,0.2898,0.3009,0.3138,1.1614,7.1405
37600000,622826472,384844,73,142,7,17,147,0.2921,0.2955,0.3188,0.2984,0.2869,0.3152,0.2819,0.3077,0.3020,0.7036,0.7237,0.3030,0.3070,0.3002,0.3271,0.5986,5.9618
37800000,624199197,384846,71,142,4,16,322,0.2992,0.3000,0.6464,0.5957,0.2843,0.6350,0.2956,0.3080,0.6182,1.4501,1.4903,0.6322,0.3014,0.2997,0.6572,0.5949,9.4083
38000000,625580704,385135,73,137,2,13,250,0.2917,0.3014,0.2959,0.2924,0.2899,0.3176,0.2813,0.3172,0.3108,0.6994,0.7138,0.2981,0.3071,0.2998,0.3167,0.5979,5.9308
38200000,626771165,385129,68,137,6,21,289,0.1453,0.1468,0.1491,0.1420,0.1394,0.1448,0.1444,0.1525,0.1529,0.3604,0.3693,0.1493,0.1400,0.1494,0.1587,0.2918,2.9360
38400000,628066892,385156,60,134,3,7,81,0.5847,0.5846,0.3044,0.2826,0.5699,0.3089,0.2863,0.3120,0.3023,1.4445,1.4821,0.3156,0.5818,0.3047,0.3285,1.1801,9.1730
38600000,629470041,385242,59,134,6,9,312,0.2928,0.2947,0.6029,0.2850,0.3050,0.6225,0.3011,0.6297,0.5995,2.1794,2.2346,0.6141,0.8857,0.6046,0.3118,0.5959,11.3591
38800000,631002469,385290,63,135,5,8,367,0.2959,0.2922,0.3158,0.5650,0.2872,0.3010,0.5793,0.3162,0.2996,0.6992,2.8751,0.3108,0.2895,0.8808,0.3254,0.5959,9.2291
39000000,632323482,385421,62,134,2,17,201,0.2874,0.2910,0.3069,0.8620,0.2903,0.6079,0.2965,0.3118,0.3071,0.7102,0.7260,0.3012,0.2974,0.3042,0.6413,1.2053,7.7464
39200000,633625487,385427,63,134,10,17,169,0.2908,0.3064,0.3086,0.2833,0.2836,0.9192,0.2926,0.6252,0.3027,1.4373,1.4741,0.2979,0.3018,0.6129,0.9878,0.5956,9.3195
39400000,634760074,385479,72,134,11,13,330,0.5732,0.5946,0.6270,0.5692,0.5661,0.3127,0.2878,0.3166,0.5959,0.7511,0.7685,0.5920,0.5905,0.9073,1.2944,1.1739,10.5209
39600000,635946862,385677,68,134,9,12,251,0.2945,0.2944,0.3135,0.2953,0.8670,0.6304,0.2920,0.3159,0.3170,1.4830,1.5187,0.9105,0.2997,0.2987,1.6315,0.5998,10.3618
39800000,637249465,385797,69,40,6,5,151,0.1490,0.1563,0.1603,0.1437,0.1470,0.4690,0.1434,0.1576,0.1571,1.0926,0.3774,0.1575,0.3012,0.1563,0.1618,0.5990,4.5294
40000000,638487000,385824,73,135,5,7,172,0.2870,0.2923,0.3139,0.2962,0.2866,1.2713,0.2839,0.6502,0.3043,2.9867,0.7500,0.3207,0.3028,0.3158,0.6776,0.5975,9.9367
40200000,639793417,385827,81,138,11,9,329,0.2947,0.2920,0.3037,0.5875,0.2954,0.3180,0.2923,0.3174,0.6098,0.7142,0.7325,0.3167,0.3026,0.3046,0.9963,0.5960,7.2735
40400000,641108353,385967,85,140,3,16,280,0.2923,0.2957,0.5968,0.2870,0.5748,0.3083,0.2900,0.3121,0.3012,0.7308,0.7506,0.2996,0.2846,0.6077,1.2941,0.5984,7.8240
40600000,642433674,386023,87,141,7,21,330,0.3063,0.2975,0.3164,0.2942,0.3051,0.3038,0.2854,0.3072,0.3065,1.4611,1.4966,0.3076,0.2950,0.9263,0.3208,1.2078,8.7379
40800000,643580573,386039,89,143,10,23,836,0.5949,0.5934,0.3205,0.3002,0.3004,0.6053,0.5629,0.3151,0.6067,2.1440,2.1972,0.3180,0.2982,0.3115,0.6400,0.5987,10.7069
41000000,644832547,386165,100,144,13,18,673,0.8927,0.8940,0.6430,0.5906,0.5955,0.9297,0.8676,0.6338,0.9300,2.9025,0.7404,0.3014,0.6088,0.3138,0.3305,0.5989,12.7730
41200000,645975418,386174,112,145,12,16,1415,0.2976,0.2987,0.3159,0.2956,0.2928,1.2702,0.2896,0.3174,1.2467,3.6551,1.4898,0.3086,0.3121,0.3122,0.6648,0.6000,11.9671
41400000,647250817,386318,108,146,21,27,1651,0.2935,0.2958,0.3289,0.2932,0.2913,1.5731,0.2862,0.6342,0.3260,4.3159,2.1935,0.3010,0.6129,0.6225,0.3482,0.5985,13.3146
41600000,648522539,386478,117,147,23,25,1459,0.1483,0.2958,0.3201,0.2886,0.1468,0.1586,0.1445,0.1579,0.3244,0.3507,0.3595,0.1556,0.1534,0.1494,0.1596,0.3021,3.6152
41800000,649748002,386569,113,148,12,19,1649,0.5820,0.2983,0.9464,0.2947,0.2943,0.3120,0.5752,0.3112,0.3073,1.4084,1.4455,0.3050,0.2976,0.3130,0.3293,1.2008,9.2209
42000000,650848387,386677,117,150,13,16,1147,0.3045,0.3062,0.3281,0.3003,0.2987,0.3170,0.2970,0.3256,0.3183,2.1400,2.1972,0.3146,0.3059,0.6178,0.3253,0.6024,9.2987
42200000,652190848,386751,121,150,12,21,1392,0.2912,0.2981,0.3055,0.2810,0.2853,0.2965,0.2803,0.3085,0.3007,0.7145,0.7295,0.3064,0.2939,0.3015,0.3232,0.5981,5.9142
42400000,653357261,386835,116,150,14,25,844,0.3058,0.6032,0.3086,0.5787,0.5815,0.3198,0.2934,0.3086,0.6135,0.7102,0.7307,0.6247,0.3059,0.3118,0.3208,0.5996,7.5168
42600000,654489529,386978,124,150,17,20,502,0.2974,0.9323,0.3150,0.8955,0.2919,0.3121,0.2926,0.3287,0.9501,1.4615,0.7460,0.9562,0.6132,0.6362,0.3287,1.2226,10.5801
42800000,655525981,387079,126,151,13,19,707,0.5982,0.3010,0.3244,1.2101,0.5927,0.3184,0.2903,0.3206,0.3102,2.1893,1.4817,0.3037,0.3031,0.3050,0.3224,1.8448,11.0157
43000000,656808986,387168,115,153,11,31,510,0.1578,0.1512,0.1604,0.1486,0.1565,0.1570,0.1492,0.1662,0.1592,1.4224,1.0868,0.1634,0.1488,0.1545,0.1693,0.3076,4.8588
43200000,658171229,387239,96,154,8,8,388,0.2936,0.2939,0.3090,0.2923,0.2869,0.3050,0.2824,0.3203,0.3083,0.7049,0.7249,0.3161,0.2943,0.3070,0.6637,0.5991,6.3017
43400000,659316279,387354,82,154,4,19,197,0.5750,0.2912,0.3100,0.2890,0.2936,0.3163,0.5673,0.3146,0.5980,1.4030,0.7545,0.6177,0.3077,0.3172,0.3290,0.6027,7.8868
43600000,660475472,387434,82,157,7,22,475,0.2912,0.2823,0.3177,0.2912,0.2963,0.3139,0.2867,0.3251,0.3133,2.1294,0.7459,0.3052,0.3111,0.3011,0.6574,0.6006,7.7684
43800000,661587908,387455,91,157,8,11,383,0.3049,0.2989,0.3292,0.5890,0.5916,0.6371,0.5891,0.6501,0.3189,0.7253,0.7491,0.3220,0.3058,0.6242,0.9991,0.5978,8.6320
44000000,662660875,387589,107,157,5,17,623,0.2940,0.3093,0.3269,0.2955,0.2929,0.3146,0.2911,0.9950,0.3057,0.7334,0.7546,0.3097,0.3084,0.3241,0.3259,1.2201,7.4009
44200000,663799309,387712,125,158,5,24,1036,0.2971,0.2913,0.3087,0.2952,0.2919,0.3107,0.3005,0.3041,0.3083,0.7049,0.7251,0.3048,0.2906,0.3084,0.3193,0.5995,5.9604
44400000,664987879,387755,125,162,14,29,450,0.2964,0.2904,0.3269,0.3010,0.2891,0.3119,0.2883,0.3091,0.6076,1.4159,0.7502,0.3117,0.2961,0.3119,0.6364,0.6026,7.3456
44600000,666033282,387846,122,164,14,39,577,0.2992,0.5881,0.6302,0.5833,0.3014,0.3053,0.2902,0.6216,0.9181,2.1336,0.7549,0.6197,0.5999,0.6187,0.9532,1.1961,11.4134
44800000,667119956,387963,116,164,12,26,1059,0.6029,0.9041,0.3269,0.2965,0.6073,0.6271,0.2967,0.3284,1.2283,2.8534,1.4932,0.9469,0.9070,0.9399,0.3433,0.6033,13.3050
45000000,668093498,387947,122,164,22,21,815,0.8820,0.3101,0.6457,0.5796,0.8896,0.3240,0.5804,0.3177,0.3167,3.5080,2.2075,0.3263,1.1867,0.3173,0.6706,1.1904,14.2527
45200000,669203933,387993,120,165,12,30,799,0.2857,0.3011,0.3241,0.2913,1.2500,0.3150,0.3033,0.3111,0.3034,0.7206,0.7397,0.3172,0.2958,0.3078,0.3165,1.8719,8.2547
45400000,670358546,388049,128,167,16,23,695,0.2996,0.6069,0.3202,0.2923,1.5665,0.3144,0.2875,0.3139,0.3251,1.4673,0.7538,0.3235,0.2948,0.3090,0.6313,2.5027,10.6087
45600000,671480728,388163,120,167,15,37,840,0.3048,0.2978,0.3158,0.2922,0.2968,0.3208,0.3051,0.3225,0.3047,2.1620,1.4967,0.3105,0.3110,0.3120,0.3361,0.6019,8.2907
45800000,672483015,388309,115,167,17,16,878,0.1529,0.1584,0.1602,0.1533,0.1526,0.1642,0.3036,0.1613,0.1615,0.3702,1.1227,0.3093,0.1587,0.1585,0.3329,0.3043,4.3244
46000000,673566086,388397,116,167,15,14,696,0.2887,0.2962,0.6489,0.6025,0.2978,0.3176,0.2864,0.6417,0.3118,0.7178,0.7354,0.3212,0.3090,0.3117,0.3159,1.2218,7.6243
46200000,674587927,388353,113,167,8,21,478,0.3041,0.3116,0.3281,0.2953,0.5843,0.3196,0.2917,0.3227,0.3171,1.4323,0.7406,0.3217,0.6104,0.6212,0.3223,0.6025,7.7256
46400000,675854242,388479,117,167,7,16,844,0.2866,0.2922,0.3084,0.2900,0.2935,0.3103,0.2927,0.3106,0.3093,0.7406,0.7623,0.6353,0.3000,0.2994,0.3295,1.1991,6.9598
46600000,676872577,388520,120,167,16,15,1103,0.2978,0.3134,0.3123,0.2932,0.2940,0.3066,0.3098,0.3190,0.3210,1.4734,1.5138,0.9673,0.6174,0.3112,0.6590,0.6030,8.9121
46800000,677848137,388597,113,168,17,10,1037,0.3024,0.3147,0.3135,0.3007,0.3007,0.3163,0.3046,0.3241,0.3094,0.7499,0.7691,0.3066,0.3116,0.3207,0.9723,0.6044,6.8209
47000000,679035059,388634,110,168,10,10,1046,0.2939,0.2989,0.6248,0.2900,0.6042,0.6370,0.5968,0.3164,0.6249,0.6912,0.7094,0.3128,0.6182,0.6298,0.3251,0.6018,8.1752
47200000,680209470,388848,109,170,5,16,757,0.2998,0.6021,0.3186,0.3052,0.3053,0.3091,0.2905,0.3348,0.3033,0.7004,0.7209,0.3102,0.3071,0.3035,0.3190,0.6015,6.3312
47400000,681120968,388964,109,171,5,26,549,0.3018,0.9205,0.6521,0.6162,0.3004,0.6236,0.5821,0.6626,0.3297,1.4672,1.5042,0.6316,0.6266,0.3089,0.6657,0.6040,10.7973
47600000,682103194,389052,121,173,14,22,638,0.3089,0.3047,0.3185,0.3015,0.3113,0.3096,0.3009,0.3214,0.3207,0.7139,0.7302,0.3169,0.3109,0.3274,0.3265,0.6042,6.1277
47800000,682898592,389151,121,175,9,33,679,0.2972,0.6293,0.3172,0.2988,0.3096,0.3205,0.2904,0.3210,0.3207,0.7330,0.7539,0.3204,0.3108,0.3209,0.3372,0.6066,6.4874
48000000,683794713,389196,125,177,9,37,992,0.5882,0.3151,0.3220,0.2928,0.5927,0.3125,0.5764,0.6315,0.3094,1.4244,1.4692,0.3176,0.3066,0.6247,0.3293,0.6026,9.0149
48200000,684642787,389227,133,178,14,39,1182,0.1505,0.1576,0.1628,0.1506,0.1491,0.1645,0.1495,0.1642,0.1619,0.3718,0.3816,0.1610,0.1554,0.1580,0.1722,0.3047,3.1154
48400000,685592774,389222,138,179,16,41,945,0.3050,0.6275,0.3201,0.6045,0.3000,0.3068,0.3040,0.6691,0.3187,1.5144,0.7717,0.3177,0.6255,0.6304,0.6822,1.2292,9.5267
48600000,686414034,389217,134,181,18,38,915,0.2965,0.3226,0.3237,0.3038,0.3069,0.3276,0.3063,0.3279,0.3310,0.7495,0.7697,0.3144,0.3302,0.3266,0.3417,1.8350,7.5136
48800000,687185111,389325,143,182,24,42,1312,0.3062,0.3095,0.3273,0.3081,0.3087,0.3418,0.3035,0.3417,0.3350,0.7321,0.7482,0.3306,0.3139,0.3164,0.3489,0.6074,6.2794
49000000,687833742,389194,144,183,22,32,1686,0.3023,0.3231,0.3214,0.3038,0.3023,0.3267,0.3199,0.3324,0.3236,0.7666,0.7859,0.3230,0.3242,0.3215,0.3395,0.6107,6.3269
49200000,688714360,389302,139,186,17,39,1113,0.3044,0.3161,0.6363,0.3071,0.2994,0.3183,0.2949,0.6469,0.3251,1.4936,0.7540,0.3174,0.3157,0.6456,0.3367,1.2091,8.5205
49400000,689742595,389378,131,187,16,27,844,0.1489,0.1525,0.1635,0.1480,0.1441,0.1558,0.1518,0.1594,0.1596,0.3552,0.3660,0.1522,0.1569,0.1576,0.1682,0.2981,3.0378
49600000,690832353,389439,131,190,16,30,1023,0.2977,0.3178,0.3206,0.6008,0.5900,0.3170,0.2890,0.3319,0.3145,0.6981,0.7186,0.3149,0.3137,0.3058,0.6694,1.2091,7.6088
49800000,691489176,389383,138,193,17,31,842,0.6151,0.3242,0.3178,0.3004,0.9102,0.3225,0.5944,0.6663,0.3371,1.4838,0.7879,0.6434,0.3163,0.3299,1.0211,1.8411,10.8112
50000000,692063149,389367,144,194,19,35,992,0.9152,0.6310,0.6367,0.3064,1.1949,0.3422,0.3074,0.3258,0.6531,0.7887,0.8094,0.3219,0.6224,0.6408,0.3417,2.4029,11.2405
Report usecs used: 2765239
Report usecs used: 2009793
That is 2 seconds
Setup usecs used: 0
That is 0 seconds
Seeding usecs used: 4429540
That is 4 seconds
Random usecs used: 24073551
That is 24 seconds
Execute usecs used: 113807772
That is 113 seconds
Cell Splitting usecs used: 10284185
That is 10 seconds
That is 2 seconds
Setup usecs used: 0
That is 0 seconds
Seeding usecs used: 5838041
That is 5 seconds
Random usecs used: 30647869
That is 30 seconds
Execute usecs used: 99395585
That is 99 seconds
Cell Splitting usecs used: 11647290
That is 11 seconds
Report usecs used: 3548669
That is 3 seconds
Setup usecs used: 0
That is 0 seconds
Seeding usecs used: 4388096
That is 4 seconds
Random usecs used: 23743906
That is 23 seconds
Execute usecs used: 113011444
That is 113 seconds
Cell Splitting usecs used: 10205140
That is 10 seconds
Report usecs used: 2012422
That is 2 seconds
Setup usecs used: 0
That is 0 seconds
Seeding usecs used: 4399790
That is 4 seconds
Random usecs used: 24040564
That is 24 seconds
Execute usecs used: 113684052
That is 113 seconds
Cell Splitting usecs used: 10314775
That is 10 seconds
Thread 0 executed 455459350 instructions
Thread 1 executed 466280236 instructions
Thread 2 executed 466182252 instructions
Thread 3 executed 902827274 instructions
Total: 2290749112

real	2m54.029s
user	11m30.908s
sys	0m2.318s
