200000,8275346,9519,0,2,0,0,0,0.0271,0.0315,0.0314,0.0262,0.0306,0.0330,0.0308,0.0393,0.0323,0.1799,0.1788,0.0268,0.0314,0.0336,0.0373,0.0111,0.7811
400000,15812300,19713,0,1,0,0,0,0.0474,0.0575,0.0616,0.0536,0.0602,0.0725,0.0691,0.0725,0.0676,0.5176,0.5154,0.0864,0.0624,0.1001,0.0711,0.0363,1.9514
600000,22770200,29705,0,2,0,0,0,0.0314,0.0366,0.0408,0.0337,0.0337,0.0414,0.0380,0.0428,0.0412,0.1799,0.1794,0.0377,0.0444,0.0421,0.0414,0.0299,0.8945
800000,29629694,39467,0,2,0,0,0,0.0818,0.0887,0.1051,0.0789,0.0830,0.0944,0.0932,0.1076,0.0923,0.3685,0.3719,0.0968,0.0917,0.0972,0.0970,0.1436,2.0917
1000000,36105937,48794,1,3,0,0,0,0.0465,0.0495,0.0528,0.0501,0.0510,0.0554,0.0517,0.0542,0.0527,0.2056,0.2049,0.0519,0.0549,0.0527,0.0567,0.0522,1.1427
[EVENT] Viable replicators have appeared!
1200000,42665139,58039,0,2,0,1,0,0.1900,0.2105,0.2157,0.2032,0.2039,0.1139,0.2125,0.1243,0.1151,0.4065,0.4071,0.1123,0.1152,0.1148,0.2303,0.1255,3.1007
[EVENT] Viable replicators have gone extinct. Please reserve a moment of silence.
1400000,49049206,67015,0,2,0,0,0,0.0558,0.0620,0.0598,0.0541,0.0595,0.0630,0.0567,0.0625,0.0604,0.2148,0.2172,0.0650,0.0612,0.0602,0.0624,0.0719,1.2864
1600000,55214732,75629,0,2,0,0,0,0.0388,0.0431,0.0435,0.0394,0.0406,0.0440,0.0431,0.0458,0.0434,0.1461,0.1483,0.0419,0.0393,0.0433,0.0442,0.0535,0.8984
1800000,61164479,83859,0,2,0,0,0,0.0303,0.0325,0.0364,0.0305,0.0325,0.0365,0.0335,0.0364,0.0349,0.1081,0.1100,0.0350,0.0336,0.0333,0.0369,0.0441,0.7044
2000000,66953514,91706,1,3,0,0,0,0.1290,0.1406,0.1477,0.1361,0.1395,0.1512,0.1388,0.1500,0.1481,0.4590,0.4641,0.1482,0.1475,0.1368,0.1498,0.1942,2.9805
[EVENT] Viable replicators have appeared!
2200000,72665994,99492,0,2,0,0,0,0.0719,0.0762,0.0827,0.0720,0.0766,0.0785,0.0782,0.0775,0.0755,0.2426,0.2477,0.0803,0.0756,0.0784,0.0822,0.1054,1.6014
[EVENT] Viable replicators have gone extinct. Please reserve a moment of silence.
2400000,78295229,107115,0,2,0,0,0,0.2888,0.3012,0.1650,0.1420,0.1483,0.1704,0.1550,0.3251,0.1560,0.4751,0.4846,0.1555,0.1521,0.3120,0.1671,0.4344,4.0327
2600000,83570893,114078,0,2,0,0,0,0.1531,0.1645,0.3454,0.1601,0.1652,0.1756,0.1585,0.1849,0.3262,0.5039,0.5117,0.1690,0.1681,0.1676,0.3458,0.6799,4.3795
2800000,88821763,120808,0,2,0,0,0,0.0782,0.0804,0.2605,0.0789,0.0806,0.0870,0.0819,0.0895,0.0861,0.2467,0.5077,0.0825,0.0804,0.0861,0.0861,0.1244,2.1370
3000000,94041535,127585,0,2,0,0,0,0.0554,0.0560,0.0589,0.0543,0.0568,0.0568,0.0553,0.0593,0.0609,0.1603,0.1649,0.0571,0.0553,0.0564,0.0610,0.0871,1.1558
3200000,99062552,133991,0,2,0,0,0,0.0431,0.0451,0.0503,0.0428,0.0435,0.0447,0.0440,0.0474,0.0458,0.1270,0.1296,0.0464,0.0471,0.0446,0.0481,0.0683,0.9179
3400000,104027280,140272,0,2,0,0,0,0.0353,0.0351,0.0780,0.0693,0.0350,0.0747,0.0361,0.0764,0.0749,0.1977,0.2022,0.0740,0.0729,0.0716,0.0392,0.1113,1.2837
3600000,108994410,146542,0,2,0,0,0,0.1785,0.1761,0.1989,0.1781,0.1830,0.2012,0.1755,0.1946,0.1925,0.5347,0.5457,0.1895,0.1782,0.1914,0.1972,0.8398,4.3548
3800000,113874037,152644,0,2,0,0,0,0.1966,0.1986,0.4009,0.1895,0.1889,0.1979,0.3537,0.2031,0.2090,0.5121,1.0597,0.1922,0.3692,0.3931,0.3994,1.1284,6.1924
4000000,118633762,158347,2,3,0,0,0,0.1883,0.1931,0.2054,0.3830,0.1953,0.2068,0.1922,0.2120,0.1954,0.5233,0.5385,0.1982,0.2036,0.2094,0.6161,1.4762,5.7366
[EVENT] Viable replicators have appeared!
4200000,123272498,163807,1,3,0,0,0,0.0949,0.1962,0.1068,0.0993,0.0956,0.1020,0.0979,0.1025,0.1043,0.5286,0.2735,0.1026,0.0990,0.0970,0.1044,0.9028,3.1073
4400000,127869230,169226,3,4,0,1,2,0.1285,0.0693,0.0710,0.0651,0.1305,0.1391,0.0662,0.0746,0.1427,0.1772,0.3638,0.0706,0.1340,0.1311,0.1421,0.7134,2.6192
4600000,132492150,174488,5,5,1,0,19,0.5835,0.4079,0.4251,0.1933,0.1952,0.2185,0.4002,0.4378,0.6391,0.5495,1.6458,0.4218,0.1987,0.2035,0.6375,0.3434,7.5008
4800000,136969310,179505,4,5,0,0,2,0.7949,0.2072,0.2156,0.3951,0.2082,0.2207,0.2020,0.2285,0.2163,1.1180,2.2389,0.2132,0.2154,0.2093,0.8677,0.7001,8.2511
5000000,141312371,184364,3,5,0,0,12,1.0081,0.2191,0.4345,0.2131,0.2115,0.2248,0.2029,0.2199,0.4317,1.6784,0.5691,0.4400,0.2076,0.4256,0.2261,1.0650,7.7772
5200000,145771698,189228,3,5,0,0,19,0.2087,0.2081,0.2178,0.2099,0.2078,0.2214,0.2104,0.2193,0.2124,0.5306,0.5494,0.2154,0.2176,0.2079,0.2233,0.3694,4.2293
5400000,150068074,193874,4,5,0,1,1,0.1095,0.1137,0.1151,0.1067,0.1140,0.1177,0.1060,0.1193,0.1096,0.2782,0.2874,0.1140,0.1125,0.1123,0.1227,0.3734,2.4121
5600000,154186980,198317,2,5,0,0,0,0.0722,0.1494,0.1559,0.0692,0.0736,0.1542,0.0719,0.0774,0.1493,0.1930,0.1982,0.0755,0.0723,0.0740,0.1616,0.3772,2.1250
5800000,158461252,202752,2,5,0,0,0,0.2165,0.2259,0.6973,0.2187,0.4440,0.2335,0.2201,0.2417,0.6673,1.1365,1.1713,0.2267,0.2324,0.2210,0.7206,0.3912,7.2646
6000000,162670023,206998,2,5,0,0,0,0.2209,0.1057,0.1141,0.1097,0.3363,0.2336,0.1137,0.1201,0.4550,0.2867,0.2974,0.2274,0.1100,0.1131,0.4800,0.1978,3.5217
6200000,166776966,211121,5,5,0,3,1,0.6754,0.2282,0.2496,0.2226,0.2261,0.2369,0.4552,0.2433,0.2337,0.5828,1.2044,0.2393,0.2423,0.4706,0.2371,0.4063,6.1536
6400000,170831786,215152,6,5,2,0,3,0.1122,0.1154,0.1184,0.2258,0.1157,0.1200,0.3400,0.1238,0.1224,0.2886,0.2990,0.1193,0.1180,0.1150,0.1224,0.4101,2.8660
6600000,174845821,219230,8,5,1,0,8,0.2313,0.2336,0.2450,0.2307,0.2421,0.2441,0.2319,0.2541,0.2492,0.6003,0.6220,0.2512,0.2342,0.2450,0.2537,0.4198,4.7878
6800000,178813383,222990,7,5,1,0,5,0.4739,0.2354,0.4877,0.4673,0.4787,0.2506,0.4661,0.5137,0.4957,0.5941,1.2371,0.4916,0.4709,0.2409,0.2464,0.4261,7.5762
7000000,182762350,226687,7,5,1,0,13,0.2393,0.2402,0.2567,0.7028,0.2340,0.2511,0.7031,0.7641,0.2516,1.1808,1.8466,0.2434,0.7131,0.4804,0.2601,0.4318,8.7990
7200000,186624000,230010,8,5,0,0,8,0.4889,0.2484,0.2550,0.2415,0.2436,0.5202,0.9619,0.2632,0.2548,1.7918,2.5007,0.2482,0.9745,0.2428,0.2632,0.4390,9.9376
7400000,190435565,233419,7,5,1,0,34,0.2439,0.2406,0.2616,0.2414,0.2480,0.2642,0.2504,0.2593,0.5189,2.3582,3.0817,0.2629,0.2491,0.2502,0.2683,0.4428,9.4417
7600000,194277024,236914,8,5,1,0,18,0.1273,0.1223,0.1311,0.1307,0.1276,0.1372,0.1242,0.1321,0.1283,0.3249,0.3363,0.1287,0.1267,0.1276,0.1372,0.4465,2.7887
7800000,197972867,240125,9,5,0,0,5,0.2462,0.2499,0.2634,0.2505,0.2525,0.2695,0.2537,0.2665,0.2568,0.6291,0.6523,0.2626,0.2547,0.2631,0.2653,0.4548,5.0909
8000000,201645341,243306,9,5,0,0,6,0.2513,0.2491,0.2674,0.2410,0.2516,0.2585,0.2468,0.2681,0.2590,0.6419,0.6627,0.2670,0.2490,0.2576,0.2746,0.4615,5.1069
8200000,205221852,246291,9,5,1,0,7,0.1225,0.1222,0.1317,0.1231,0.2521,0.1340,0.1245,0.2701,0.2617,0.6284,0.6507,0.1247,0.1258,0.2603,0.1363,0.2304,3.6985
8400000,208902845,249244,9,5,2,0,4,0.2551,0.5003,0.2672,0.2465,0.7593,0.2589,0.4890,0.2691,0.2636,1.8846,0.6570,0.5121,0.2607,0.2647,0.5477,0.4714,7.9071
8600000,212563952,252329,11,5,1,0,43,0.5110,0.2591,0.2742,0.2536,1.0072,0.5197,0.7394,0.5364,0.2603,2.5301,0.6922,0.2720,0.5154,0.2597,0.2847,0.9408,9.8560
8800000,216084908,255166,12,5,0,0,53,0.7747,0.5239,0.5514,0.5015,1.2747,0.2764,1.0027,0.8130,0.2788,3.2396,1.4152,0.5483,0.7758,0.5280,0.5706,0.4798,13.5543
9000000,219587628,257985,10,5,0,0,51,0.2579,0.2638,0.2856,0.2502,0.2655,0.2769,0.2639,0.2752,0.2692,0.6205,0.6470,0.2642,0.2544,0.2713,0.2918,0.4857,5.2430
9200000,223071337,260695,8,5,2,0,12,0.2582,0.2656,0.2754,0.2589,0.2693,0.2754,0.2628,0.2791,0.2723,0.6275,0.6524,0.2789,0.2639,0.2706,0.2703,0.4906,5.2711
9400000,226526571,263384,8,5,1,0,8,0.1300,0.1333,0.1395,0.1283,0.1324,0.1346,0.1351,0.1403,0.1343,0.3316,0.3439,0.1378,0.1277,0.1380,0.1411,0.2491,2.6771
9600000,230070168,265995,10,5,1,2,1,0.5205,0.5222,0.5555,0.2554,0.5245,0.5436,0.5302,0.2744,0.5385,0.6526,0.6772,0.5496,0.2588,0.2653,0.5556,0.4994,7.7234
9800000,233494021,268565,10,5,1,3,219,0.2630,0.2680,0.2794,0.2634,0.2634,0.2772,0.2655,0.2959,0.2763,1.3209,1.3712,0.8160,0.2686,0.2722,0.2879,0.5014,7.2902
10000000,236660406,270891,10,5,1,0,5,0.5344,0.5386,0.5701,0.2640,0.2721,0.2940,0.2619,0.2877,0.2861,0.6663,0.6907,0.2787,0.2600,0.5574,0.2938,1.0105,7.0663
10200000,240054432,273379,11,5,1,0,10,0.2721,0.2809,0.2868,0.2687,0.5417,0.2900,0.5155,0.3033,0.5602,0.6457,0.6719,0.5511,0.2787,0.2692,0.2859,0.5094,6.5309
10400000,243288312,275623,11,5,0,0,5,0.1326,0.1337,0.2823,0.1334,0.4091,0.2865,0.3903,0.2954,0.4220,0.3173,0.6674,0.1372,0.1362,0.1389,0.1382,0.5102,4.5307
10600000,246560770,277761,12,5,0,1,3,0.2685,0.2709,0.2889,0.2657,0.2694,0.8628,0.2654,0.2860,1.1345,0.6464,2.0337,0.2712,0.2760,0.2730,0.5681,1.5559,9.5366
10800000,249748716,279933,12,5,0,0,10,0.2692,0.2688,0.2949,0.2684,0.2740,0.2946,0.2717,0.5778,0.2726,1.2995,2.7025,0.2854,0.2673,0.2776,0.2794,0.5198,8.4234
11000000,252959252,282126,11,5,2,0,17,0.1406,0.1388,0.1446,0.1389,0.1406,0.1435,0.1397,0.1461,0.1532,0.3412,0.3528,0.1460,0.1390,0.1465,0.1523,0.2643,2.8280
11200000,256169742,284180,11,5,0,0,7,0.2756,0.2803,0.2937,0.2634,0.2738,0.2839,0.2635,0.2965,0.2909,1.3881,1.4355,0.2855,0.2745,0.5828,0.2977,0.5269,7.3126
11400000,259362383,286170,10,5,1,1,6,0.1390,0.2739,0.1528,0.1372,0.1410,0.1465,0.1354,0.1481,0.1430,0.3451,0.3579,0.1462,0.1384,0.1376,0.2963,0.5292,3.3677
11600000,262526500,288051,10,5,2,1,12,0.2832,0.2816,0.2971,0.2753,0.2808,0.2947,0.2810,0.2919,0.2890,1.3742,1.4266,0.2949,0.2811,0.2891,0.3046,0.5353,7.0803
11800000,265636298,290186,10,5,0,0,7,0.2798,0.2701,0.2891,0.2702,0.2792,0.2950,0.2696,0.2897,0.2832,0.6860,0.7124,0.2958,0.2842,0.2844,0.3021,0.5355,5.6263
12000000,268862107,292071,10,5,0,0,9,0.1392,0.1390,0.1443,0.1377,0.1371,0.1446,0.1350,0.1495,0.1491,0.3524,0.3643,0.1441,0.1401,0.1474,0.1471,0.2714,2.8421
12200000,272004932,293970,11,5,0,0,1,0.2812,0.5651,0.2980,0.2746,0.5500,0.2927,0.2713,0.2910,0.5867,1.4041,1.4578,0.2944,0.2851,0.5849,0.2968,0.5441,8.2778
12400000,275199200,295844,11,5,1,0,4,0.2764,0.2786,0.2937,0.2752,0.2832,0.3054,0.2815,0.2868,0.2989,2.0668,0.7144,0.5931,0.2854,0.2953,0.2922,0.5459,7.3728
12600000,278316656,297586,13,5,1,0,5,0.2848,0.2829,0.5995,0.5515,0.5752,0.3038,0.2881,0.5846,0.2908,2.7683,1.4409,0.8885,0.5673,0.5927,0.5986,0.5502,11.1677
12800000,281187112,299279,14,7,1,3,15,0.2828,0.5719,0.8934,0.8337,0.2866,0.3102,0.2898,0.8795,0.5866,0.7013,2.1632,0.3067,0.2863,0.2953,0.9094,0.5534,10.1499
13000000,284039487,300922,10,7,0,6,30,0.2918,0.2766,1.2226,0.2885,0.2872,0.3057,0.2932,0.3103,0.3058,1.4504,2.9633,0.2902,0.5872,0.2993,0.3160,0.5541,10.0422
13200000,287057637,302542,10,7,0,0,4,0.5864,0.2885,0.3071,0.2880,0.2948,0.3158,0.2895,0.2985,0.2997,0.6943,0.7207,0.3049,0.2816,0.3012,0.6195,0.5564,6.4468
13400000,289894683,304095,9,7,1,1,2,0.8710,0.2910,0.2973,0.2795,0.5830,0.3057,0.5578,0.3064,0.5975,0.7276,0.7523,0.6071,0.2888,0.2910,0.3118,1.1138,8.1815
13600000,292805303,305580,10,7,2,0,11,1.1549,0.2912,0.6009,0.2740,0.2858,0.5997,0.2787,0.6101,0.8946,0.7002,1.4828,0.2942,0.2942,0.2976,0.2991,0.5629,8.9208
13800000,295825195,307321,8,7,1,3,10,0.2899,0.2893,0.3123,0.2719,0.2907,0.3038,0.2944,0.3224,0.3035,0.7068,0.7327,0.2931,0.2838,0.2901,0.3071,0.5665,5.8583
14000000,298674571,308921,9,7,1,1,10,0.1422,0.1452,0.1500,0.1386,0.1438,0.1475,0.1442,0.1535,0.1473,0.3432,0.3539,0.1483,0.1465,0.1474,0.1575,0.2800,2.8890
14200000,301396027,310359,11,7,1,0,4,0.5851,0.2819,0.3175,0.5634,0.5858,0.3082,0.5858,0.3073,0.6100,0.6934,0.7233,0.5952,0.2989,0.3036,0.3095,0.5680,7.6369
14400000,304342817,311889,10,7,1,0,6,0.1470,0.1461,0.1615,0.4266,0.1486,0.3129,0.1504,0.3081,0.1539,0.3558,0.3698,0.1520,0.1479,0.1543,0.3150,0.2875,3.7374
14600000,307027893,313299,10,8,1,1,7,0.3022,0.2895,0.3196,0.2889,0.2972,0.3190,0.2979,0.3135,0.3165,0.7891,0.8141,0.6052,0.2978,0.3099,0.9366,0.5742,7.0710
14800000,309741469,314508,9,7,0,0,4,0.3012,0.3006,0.3278,0.2836,0.3022,0.3169,0.2964,0.3298,0.3140,0.7292,0.7522,0.3071,0.3032,0.3070,0.3283,0.5765,6.0759
15000000,312736538,315848,9,7,0,0,1,0.2970,0.2963,0.1501,0.1374,0.1451,0.1521,0.1432,0.3181,0.1551,0.3540,0.3672,0.1501,0.3021,0.3049,0.1521,0.2869,3.7117
15200000,315536729,317230,9,7,3,1,11,0.2923,0.2971,0.3100,0.2889,0.3008,0.3155,0.5702,0.3153,0.3148,1.4469,1.5003,0.3001,0.3008,0.3093,0.3193,0.5782,7.7597
15400000,318157257,318700,14,7,0,1,7,0.5914,0.2995,0.3210,0.2924,0.3058,0.3223,0.3101,0.3424,0.3104,2.2379,2.3093,0.6142,0.3103,0.3117,0.6450,0.5828,10.1066
15600000,320933839,319955,15,7,0,1,7,0.3000,0.2958,0.3170,0.2881,0.2914,0.3237,0.2863,0.3220,0.3034,0.7182,0.7463,0.3119,0.3060,0.3025,0.3337,0.5861,6.0323
15800000,323570054,321087,13,7,0,0,72,0.1539,0.1487,0.1642,0.1423,0.1530,0.1656,0.1492,0.1586,0.1540,0.3858,0.3996,0.1524,0.1482,0.1480,0.1648,0.2950,3.0833
16000000,326276557,322216,16,7,2,0,19,0.3050,0.2993,0.3182,0.2910,0.2979,0.3151,0.3004,0.3159,0.3010,0.7711,0.7993,0.3070,0.3048,0.3074,0.3130,0.5893,6.1355
16200000,328975222,323405,19,7,1,0,12,0.3060,0.3070,0.3200,0.2906,0.2972,0.3175,0.2921,0.3236,0.3131,0.7332,1.5681,0.3098,0.3005,0.3094,0.3229,1.1859,7.4969
16400000,331605823,324543,17,7,1,4,9,0.2949,0.6118,0.6466,0.5773,0.2946,0.6286,0.2985,0.3163,0.6260,1.4902,0.7792,0.6293,0.6118,0.3237,0.6419,0.5925,9.3630
16600000,334148957,325587,18,8,1,3,20,0.3031,0.3087,0.3363,0.2963,0.3116,0.3135,0.2967,0.3294,0.3174,2.2137,1.5261,0.9456,0.3086,0.3223,0.9642,1.1859,10.2792
16800000,336645525,326735,18,8,1,0,11,0.3072,0.3007,0.3137,0.3036,0.3059,0.3291,0.3019,0.3203,0.3182,2.9495,2.2870,0.3255,0.3173,0.3103,0.3311,0.5967,9.9180
17000000,339132615,327743,16,7,1,4,20,0.2966,0.3089,0.3206,0.2913,0.2982,0.3204,0.2964,0.3124,0.3168,0.7607,0.7847,0.3205,0.3123,0.3135,0.3310,0.5975,6.1818
17200000,341686738,328831,14,7,0,0,20,0.3008,0.3043,0.1545,0.1487,0.2989,0.3255,0.1491,0.3129,0.3153,0.7665,0.4007,0.1638,0.3069,0.1574,0.1665,0.5986,4.8706
17400000,344139487,329818,14,7,1,0,6,0.9025,0.9039,0.6181,0.5909,0.8881,0.9734,0.3053,0.9460,0.9404,2.2831,1.5952,0.6374,0.9153,0.6269,0.6489,1.7768,15.5521
17600000,346539180,330756,14,7,1,0,3,0.3062,0.3097,0.3288,0.3013,0.3060,0.3257,0.3116,0.3240,0.3338,0.8179,0.8458,0.3264,0.3169,0.3150,0.3391,0.6047,6.4128
17800000,348872693,331803,16,7,1,2,8,0.3141,0.3061,0.3329,0.3039,0.3003,0.3385,0.3088,0.3202,0.6608,1.6377,1.6901,0.6654,0.6390,0.3100,0.3294,0.6037,9.0610
18000000,351319536,332787,22,7,0,5,18,0.3161,0.1558,0.1662,0.3053,0.1565,0.1659,0.3049,0.3309,0.4927,1.1996,0.4038,0.1637,0.1579,0.1613,0.1755,0.6055,5.2618
18200000,353802367,333822,24,8,0,2,29,0.1044,0.1083,0.1090,0.1033,0.1059,0.1088,0.1071,0.1078,0.1103,0.2489,0.2577,0.1079,0.1040,0.1103,0.1149,0.2050,2.1137
18400000,356138770,334792,22,9,1,3,16,0.6136,0.3202,0.3389,0.6119,0.3094,0.3233,0.3030,0.6468,0.3266,1.5034,1.5580,0.3265,0.6026,0.6486,0.3240,0.6108,9.3676
18600000,358590050,335606,24,12,0,4,18,0.3116,0.6479,0.3318,0.3110,0.6185,0.3406,0.6200,0.3334,0.6469,0.7798,0.8070,0.6617,0.9300,0.9906,0.6686,1.2352,10.2344
18800000,361045730,336442,26,13,6,4,26,0.1596,0.1515,0.1720,0.1534,0.1618,0.1582,0.1580,0.1659,0.1694,0.3817,0.3961,0.1655,0.1592,0.1604,0.1659,0.9215,3.8002
19000000,363447591,337360,27,13,2,3,20,0.3215,0.3100,0.3315,0.3036,0.3009,0.3255,0.3107,0.3267,0.3293,0.8062,0.8341,0.3264,0.3315,0.3247,0.3257,0.6122,6.4206
19200000,365821217,338223,29,15,3,5,32,0.1607,0.1571,0.3309,0.3043,0.1608,0.1664,0.3066,0.3326,0.1661,0.8059,0.4143,0.1655,0.3264,0.1614,0.1722,0.6132,4.7443
19400000,368033147,339021,28,15,1,2,24,0.6449,0.3231,0.3281,0.9155,0.6437,0.6677,0.3136,0.3441,0.6697,2.4179,1.6614,0.6719,0.9729,0.6567,0.6998,0.6149,12.5457
19600000,370359509,339800,30,17,1,4,11,0.3177,0.3121,0.6605,0.3110,0.3161,0.3236,0.3027,0.3266,0.3315,0.7896,0.8169,0.3182,1.2682,0.3144,0.3359,1.2209,8.2659
19800000,372742052,340507,32,18,1,4,46,0.3161,0.6227,0.9911,0.2959,0.3160,0.3349,0.6118,0.3159,0.6565,1.6005,1.6576,0.6454,0.3204,0.6387,0.6762,1.8477,11.8473
20000000,375065503,341289,27,17,5,5,53,0.6429,0.3286,0.3300,0.3092,0.3174,0.3211,0.9340,0.6630,0.3228,2.4277,2.5210,1.0031,0.6471,0.3277,1.0338,0.6186,12.7480
20200000,377350239,342093,28,17,8,3,28,0.4799,0.1669,0.1694,0.1539,0.1569,0.1681,0.1560,0.4942,0.1669,0.4132,0.4264,0.1641,0.4806,0.1611,0.1736,0.6198,4.5511
20400000,379636162,342911,29,19,5,3,44,0.3206,0.6469,0.3407,0.6116,0.3364,0.6646,0.3185,0.3436,0.3329,1.5681,1.6244,0.3282,1.2515,0.3178,0.6795,0.6228,10.3080
20600000,381745956,343581,28,19,5,2,54,0.3155,0.3284,0.6716,0.3097,0.3168,0.3247,0.6353,0.3385,0.6780,0.7982,0.8226,0.3296,0.3179,0.3305,0.3341,1.2645,8.1161
20800000,383902970,344265,26,17,2,2,20,0.3256,0.3133,0.3365,0.6378,0.3223,0.6642,0.3155,0.3393,0.3423,1.6393,1.6884,0.3336,0.3276,0.3252,0.3609,0.6247,8.8963
21000000,386197743,344976,25,17,9,1,28,0.3229,0.6124,0.6746,0.9416,0.3190,0.3355,0.3092,0.3483,0.3225,2.4155,2.4921,0.6549,0.3119,0.3229,0.6924,0.6250,11.7006
21200000,388348591,345620,28,18,8,2,33,0.3227,0.3203,0.3458,0.3154,0.3244,0.3536,0.3083,0.3345,0.3362,3.2245,3.3285,0.3366,0.3359,0.3347,0.3458,0.6267,11.4939
21400000,390661240,346393,32,18,6,5,231,0.3160,0.3280,0.3419,0.3152,0.3151,0.3325,0.3211,0.3168,0.3410,3.9879,4.1217,0.3250,0.3246,0.3358,0.3477,0.6291,12.9994
21600000,392834898,347137,33,18,6,5,237,0.3218,0.3159,0.3512,0.3090,0.6412,0.3368,0.3199,0.3334,0.3516,4.8893,5.0516,0.3325,0.3274,0.3320,0.3436,0.6281,15.1854
21800000,394904925,347757,35,18,6,5,160,0.6467,0.3260,0.3403,0.3134,0.9397,0.3326,0.3084,0.6706,0.3427,5.6240,5.8123,0.3389,0.3302,0.6556,0.6893,0.6311,18.3015
22000000,396895194,348343,35,18,2,4,203,0.3197,0.6503,0.3536,0.3227,0.3192,0.3475,0.3214,1.0134,0.3256,6.4602,6.6836,0.3376,0.3287,0.9844,1.0283,0.6304,20.4263
22200000,399064627,349021,39,19,6,3,230,0.3274,0.3167,0.3415,0.3089,0.3257,0.3310,0.3068,0.3314,0.3471,0.7774,0.8061,0.3276,0.3265,0.3317,0.3323,0.6310,6.4691
22400000,401119526,349664,37,21,2,2,130,0.3273,0.3364,0.3556,0.3196,0.3254,0.3454,0.3304,0.3505,0.6967,1.6280,0.8770,0.6713,0.3373,0.3188,0.6899,0.6339,8.5435
22600000,403282176,350309,36,21,13,3,127,0.3266,0.6501,0.6869,0.6416,0.6358,0.3550,0.6336,0.3405,1.0331,0.7682,0.7955,0.3359,0.3370,0.3344,0.3396,0.6341,8.8478
22800000,405496702,350859,34,21,7,3,240,0.3214,0.1613,0.1683,0.1604,0.4771,0.1663,0.1532,0.1763,0.1678,0.4252,0.4379,0.1664,0.1654,0.3307,0.1761,0.6340,4.2878
23000000,407612375,351471,33,21,4,0,157,0.3179,0.3311,0.3267,0.3081,0.3071,0.3371,0.3143,0.3466,0.3341,0.7713,0.8018,0.3278,0.3328,0.3234,0.3407,0.6372,6.4581
23200000,409744970,352066,32,21,9,4,283,0.3179,0.1662,0.1753,0.3151,0.1723,0.3470,0.1691,0.1780,0.1736,0.4102,0.4267,0.1740,0.1749,0.3273,0.1917,0.6372,4.3564
23400000,411624699,352616,33,21,7,4,337,0.3313,0.6529,0.3365,0.9611,0.6778,0.3290,0.3265,0.7122,0.6888,1.6581,1.7211,0.3486,0.3553,1.0068,0.3513,0.6399,11.0970
23600000,413688368,353224,33,22,5,3,154,0.1679,0.1617,0.1735,0.1580,0.1650,0.1773,0.1580,0.1780,0.1765,0.4118,1.2803,0.1719,0.1697,0.6697,0.1850,0.3216,4.7260
23800000,415825488,353833,33,23,6,7,291,0.1110,0.2185,0.1178,0.1093,0.1108,0.1219,0.1043,0.1182,0.1186,0.2724,1.1305,0.2315,0.1152,0.5546,0.1166,0.4294,3.9806
24000000,417760715,354298,28,23,8,3,305,0.3244,0.3337,0.3697,0.3225,0.3275,0.7310,0.6437,0.3422,0.3292,0.8349,0.8624,0.3285,0.3138,0.3388,0.3581,1.9380,8.6984
24200000,419845790,354813,30,23,4,7,331,0.3338,0.3246,0.3502,0.6351,0.3288,0.3482,0.3279,0.3471,0.6554,1.6524,1.7035,0.3527,0.3301,0.3323,0.3552,0.6420,9.0196
24400000,421911181,355280,34,23,2,2,321,0.3326,0.3191,0.3321,0.3194,0.3278,0.3363,0.3192,0.3516,0.3193,2.5000,2.5872,0.3421,0.3333,0.3333,0.3548,0.6425,10.0505
24600000,424008854,355744,33,24,10,1,147,0.1640,0.3248,0.1728,0.1601,0.1647,0.3374,0.3164,0.1763,0.1693,0.4229,0.4374,0.1733,0.1665,0.1696,0.1683,0.3225,3.8462
24800000,426112267,356221,34,24,3,1,197,0.3280,0.3386,0.3386,0.3308,0.3259,0.3503,0.3262,0.3389,0.3314,0.8043,0.8355,0.3391,0.3345,0.3447,0.3505,0.6440,6.6612
25000000,428064419,356703,30,24,6,3,84,0.3296,0.3309,0.3441,0.3282,0.3239,0.3511,0.6561,0.3562,0.3538,1.6545,1.7163,0.3398,0.3374,0.6871,0.3560,0.6437,9.1088
25200000,430056322,357307,32,24,0,3,138,0.3273,0.3412,0.3444,0.6537,0.3270,0.3555,0.3159,0.6967,0.3513,0.8324,2.5498,0.3475,0.3315,0.3285,0.7164,0.6458,9.4649
25400000,432037437,357802,35,24,9,1,346,0.3343,0.3349,0.3539,0.3376,0.3319,0.3590,0.3196,0.3498,0.3525,0.8192,3.4640,0.3538,0.6780,0.3438,0.3578,1.3095,10.3994
25600000,433801341,358201,33,24,7,1,472,0.3338,0.3408,0.3535,0.3370,0.3287,0.3584,0.3461,0.3460,0.3622,0.8840,0.9137,0.3499,0.3424,0.3443,0.3621,0.6468,6.9496
25800000,435767653,358708,35,24,8,0,269,0.3265,0.3336,0.3365,0.3233,0.3146,0.3347,0.3233,0.3477,0.3401,0.8121,0.8422,0.3462,0.3254,0.3382,0.3595,0.6488,6.6526
26000000,437743961,359166,31,24,9,3,487,0.3311,0.3423,0.3669,0.3327,0.3216,0.3620,0.3225,0.3440,0.3482,0.8327,0.8607,0.3538,0.3365,0.3315,0.3454,0.6490,6.7809
26200000,439636292,359582,30,24,1,0,369,0.3317,0.3409,0.3449,0.6597,0.3261,0.3394,0.3274,0.3613,0.6975,0.8358,0.8634,0.3429,0.6791,0.6731,0.3568,1.3057,8.7857
26400000,441435467,360046,30,25,3,1,363,0.3387,0.6778,0.6877,0.3258,0.6581,0.6836,0.3236,0.7107,0.3547,1.7080,1.7660,0.3537,1.0121,1.0017,0.7171,0.6508,11.9702
26600000,443435479,360408,34,25,4,1,203,0.1663,0.1636,0.1690,0.1649,0.1633,0.1754,0.1756,0.1780,0.1751,0.4314,0.4449,0.1684,0.1650,0.1776,0.1767,0.6504,3.7456
26800000,445319487,360759,39,25,3,0,388,0.3225,0.3253,0.3494,0.3347,0.3351,0.3548,0.3204,0.3672,0.3284,0.8440,0.8711,0.3686,0.3231,0.3364,0.3473,1.9412,8.0695
27000000,447249457,361171,35,25,9,2,297,0.3348,0.3256,0.3444,0.3156,0.3232,0.7084,0.3278,0.7180,0.3430,0.8062,1.7215,0.3324,0.3298,0.3543,0.7041,2.6259,10.6152
27200000,449156037,361564,37,24,3,2,202,0.6757,0.6580,0.6968,0.3268,0.3394,1.0559,0.6437,0.3619,0.6871,1.7082,2.6470,0.3551,0.3304,0.3320,0.3494,0.6499,11.8173
27400000,450886277,362029,36,25,8,1,306,1.0144,0.3495,0.3482,0.3206,0.6729,0.3642,0.3365,0.3519,0.3661,2.6153,3.5944,0.3413,0.3427,0.3467,0.3690,1.3111,13.0446
27600000,452948957,362514,37,27,7,4,491,0.1654,0.3415,0.3474,0.1601,0.5000,0.3623,0.3303,0.3523,0.3616,0.4106,0.4249,0.1751,0.3400,0.3402,0.3636,0.9779,5.9531
27800000,454838472,362878,38,29,6,0,253,0.1104,0.3424,0.3481,0.2104,0.1101,0.3547,0.3297,0.3538,0.1154,0.5615,0.2973,0.1136,0.3387,0.1116,0.1146,0.8702,4.6824
28000000,456570005,363312,34,29,8,4,404,0.6646,0.3469,1.3762,0.9551,0.3458,0.3706,1.3142,1.4127,0.6980,0.8546,0.8820,0.3526,1.3368,0.6816,0.3703,3.2076,15.1695
28200000,458401207,363584,28,29,4,3,176,0.3329,0.3398,0.3644,0.3283,0.3258,0.3395,0.3318,0.3463,0.3363,0.8367,0.8682,0.3483,0.3403,0.3445,0.3615,0.6544,6.7991
28400000,460166776,363912,32,30,4,4,123,0.1648,0.1670,0.1755,0.1599,0.1621,0.1793,0.1576,0.1731,0.1697,0.4209,0.4339,0.1755,0.1634,0.1725,0.1849,0.6546,3.7147
28600000,461909252,364205,33,32,2,5,388,0.3347,0.3386,0.3685,0.3386,0.6447,0.7061,0.3363,0.7099,0.3416,0.8974,0.9210,0.3660,0.6545,0.3378,0.3563,1.9241,9.5760
28800000,463636581,364637,34,34,7,2,115,0.3298,0.3290,0.3582,0.3187,0.3285,0.3614,0.3323,0.3456,0.3344,0.8772,1.8356,0.3549,0.3467,0.3397,0.3610,2.5969,9.7499
29000000,465411906,364888,34,35,4,4,174,0.6525,0.3532,0.3579,0.3380,0.3376,0.3553,0.3391,0.3505,0.3559,0.8501,0.8736,0.3474,0.3586,0.3396,0.3744,3.1980,9.7819
29200000,467082671,365162,35,35,2,2,228,1.0128,0.7169,0.7171,0.3307,0.3423,0.7283,0.3359,0.7201,0.3382,1.7492,1.8017,0.7022,0.7115,0.3541,0.3564,3.9621,14.8795
29400000,468921301,365487,35,36,7,2,283,0.6696,0.1699,0.5383,0.1624,0.3360,0.1841,0.1634,0.1718,0.1711,1.2789,0.4206,0.1773,0.5207,0.3443,0.1754,0.3287,5.8125
29600000,470758290,365866,35,37,8,6,317,1.6245,0.3342,1.3847,0.3299,0.3354,0.6980,0.6419,0.6960,0.3626,3.3418,1.7133,0.3701,0.3463,1.0029,0.3688,0.6569,14.2074
29800000,472330482,366217,36,38,2,1,175,0.3478,0.3354,0.3661,0.3337,0.3388,0.3783,0.3292,0.3580,0.3648,0.8851,0.9150,0.3647,0.3526,0.3384,0.3891,0.6599,7.0569
30000000,473985011,366351,36,38,4,7,241,0.3352,0.3378,0.3515,0.3206,0.3404,0.3769,0.3408,0.3628,0.3628,0.8738,0.9038,0.3523,0.3385,0.3400,0.3447,0.6613,6.9430
30200000,475715826,366737,28,38,7,7,169,0.3306,0.6761,0.7239,0.6379,0.3324,0.7308,0.3213,0.3574,0.7274,0.9131,0.9443,0.7073,0.6754,0.6757,0.3784,1.3118,10.4439
30400000,477232460,367006,25,38,3,4,112,0.1653,0.1664,0.1782,0.1611,0.1662,0.1789,0.1666,0.1815,0.1722,0.4186,0.4325,0.1689,0.1683,0.1722,0.1830,0.3241,3.4040
30600000,478807254,367168,25,36,2,2,129,0.3408,0.3541,0.3673,0.3372,0.3399,0.3605,0.3397,0.7422,0.3680,1.7645,1.8244,0.3536,0.6909,0.3335,0.3854,1.3167,10.2188
30800000,480588899,367602,29,37,1,2,155,0.3367,0.3305,0.3604,0.3364,0.3341,0.3624,0.3171,0.3547,0.3613,0.8349,0.8691,0.3518,0.3377,0.3530,0.3545,0.6628,6.8578
31000000,482380685,367940,27,25,3,3,217,0.1693,0.1729,0.1786,0.1704,0.1708,0.1797,0.1639,0.1809,0.3556,0.8493,0.4475,0.3555,0.1725,0.1776,0.3617,0.6632,4.7694
31200000,484037158,368191,31,18,0,3,293,0.2241,0.1076,0.1127,0.1093,0.1139,0.2419,0.1082,0.1199,0.1169,0.2708,0.2792,0.1176,0.1127,0.2331,0.1244,0.2189,2.6113
31400000,485680091,368501,31,24,4,3,234,0.3450,0.3257,0.3465,0.3366,0.3325,0.3640,0.3248,0.3689,0.3479,0.8656,0.8981,0.3475,0.3268,0.3504,0.3773,0.6634,6.9208
31600000,487191351,368659,36,24,2,3,92,0.3381,0.6686,0.3574,0.3225,0.3333,0.3733,0.3340,0.3572,0.6961,0.9237,0.9517,0.3684,0.3470,0.3542,0.3691,0.6647,7.7592
31800000,488653422,368867,41,24,3,8,177,0.3519,0.3465,0.3713,0.3368,0.3526,0.3676,0.3401,0.3660,0.3667,0.9170,0.9473,0.3716,0.3468,0.7003,0.3901,1.3267,8.1994
32000000,490197493,369210,40,24,4,4,86,0.3409,0.3552,0.3680,0.3386,0.3432,0.3709,0.3410,0.3905,0.3518,0.8961,0.9228,0.3663,0.3496,0.3497,0.3769,2.0089,8.4701
32200000,491713072,369466,40,24,3,5,117,0.1731,0.1708,0.1788,0.1648,0.1689,0.1765,0.1600,0.1739,0.1746,0.4318,0.4444,0.1761,0.1705,0.1731,0.1811,1.3487,4.4671
32400000,493379440,369779,46,24,7,9,252,0.1169,0.1202,0.1224,0.1146,0.1164,0.1316,0.1104,0.1285,0.1251,0.5871,0.3119,0.1181,0.1225,0.1183,0.1323,0.2291,2.7053
32600000,494746212,370008,47,27,6,9,206,0.3453,0.3434,0.3607,0.3628,0.3504,0.3750,0.3341,0.3643,0.3669,0.9593,0.9845,0.3696,0.3514,0.3569,0.3791,0.6691,7.2729
32800000,496296490,370183,43,29,12,3,181,0.3428,0.3394,0.3829,0.3329,0.3476,0.3635,0.3448,0.7458,0.3677,0.9068,0.9361,0.3670,0.3431,0.3575,0.3693,1.3396,8.1867
33000000,497806204,370386,49,24,4,3,107,0.6821,0.6929,0.7634,0.6631,0.6817,0.7105,0.6698,1.1074,0.3660,0.9019,0.9300,0.3643,0.6771,0.7057,0.7389,0.6656,11.3203
33200000,499413520,370651,48,24,4,10,165,0.3400,0.3444,0.3572,0.3338,0.3532,0.3643,0.3310,0.3669,0.3642,0.8780,0.9040,0.3658,0.3401,0.3638,0.3659,0.6665,7.0391
33400000,500957512,370798,57,24,2,7,67,0.3438,0.3429,0.3545,0.6757,0.3350,0.7368,0.6661,0.3659,0.3661,1.7582,1.8128,0.3604,0.3384,0.3501,0.3779,0.6698,9.8542
33600000,502553014,371182,54,24,2,8,284,0.1729,0.1763,0.1795,0.1697,0.1719,0.1817,0.1777,0.1751,0.1772,1.3350,0.4730,0.1797,0.1695,0.1773,0.3675,0.3360,4.6201
33800000,504162181,371399,53,24,3,12,82,0.2304,0.1152,0.1255,0.1137,0.1145,0.1204,0.1144,0.1277,0.1201,0.2904,0.3008,0.1190,0.1165,0.2328,0.1234,0.2206,2.5856
34000000,505699516,371658,54,24,8,14,209,1.0205,0.3335,0.3678,0.3447,0.3368,0.7193,0.6700,0.3665,0.3541,0.8999,0.9284,0.7058,0.3424,0.3400,0.3765,1.3181,9.4242
34200000,507412054,371950,59,26,4,14,131,0.3433,0.6844,0.7260,0.3205,0.6678,0.3682,1.0045,0.7219,0.3575,0.8572,1.8038,0.3503,0.6807,0.6945,0.7310,1.9773,12.2889
34400000,508919688,372140,66,26,7,10,167,0.3366,0.3337,0.3524,0.3314,0.3459,0.3552,0.3388,0.3607,0.7285,1.7385,2.7182,0.3526,0.3367,1.0755,0.3756,0.6701,10.7506
34600000,510324498,372266,69,27,7,10,197,0.3509,0.3492,0.3559,0.6808,0.7065,0.3842,0.3336,0.3833,0.3631,2.6585,3.6813,0.3512,0.3365,1.4437,0.3796,0.6721,13.4304
34800000,511753661,372353,73,29,8,18,281,0.3502,0.3440,0.3629,0.3358,0.3467,0.3615,0.3270,0.3675,0.3596,0.8903,0.9182,0.3561,0.3524,0.3541,0.3689,0.6715,7.0668
35000000,513314616,372592,69,29,11,20,271,0.3484,0.3463,0.3601,0.3235,0.3320,0.3645,0.3412,0.3487,0.3589,0.8937,0.9177,0.3569,0.3474,0.3647,0.3831,0.6710,7.0581
35200000,514859044,372807,72,30,6,13,282,0.3441,0.3398,0.3679,0.3456,0.3504,0.3679,0.6543,0.3728,0.3584,1.7384,1.7888,0.3621,0.3342,0.6988,0.7335,1.3134,10.4704
35400000,516426338,373002,69,33,12,24,303,0.1740,0.1693,0.1793,0.1679,0.3463,0.1789,0.1685,0.1782,0.1823,0.4370,0.4517,0.1761,0.1656,0.1750,0.1841,0.9961,4.3301
35600000,517835081,373254,71,34,7,13,245,0.6854,0.3584,0.7180,0.3448,0.3467,0.7294,0.6638,0.7333,0.3593,1.7773,0.9486,0.3873,0.6759,0.6987,0.7547,0.6715,10.8529
35800000,519251622,373409,80,36,3,25,299,0.3417,0.3500,0.3642,0.3348,0.3491,0.3788,0.3339,0.3699,0.3700,0.8982,0.9240,0.3692,0.3459,0.3601,0.3618,1.3629,7.8144
36000000,520786662,373774,82,36,7,23,248,0.6924,0.3632,0.7306,0.6819,0.3431,0.7396,0.6715,0.3586,0.7400,1.7574,1.8131,0.7270,0.7034,0.7188,0.7436,0.6727,12.4567
36200000,522130886,373974,81,37,6,12,247,0.3470,0.3705,1.0848,0.3365,0.3430,1.1040,1.0153,0.3703,0.3810,0.8924,2.7040,0.3549,0.3642,1.0732,1.1146,1.3362,13.1918
36400000,523589437,374054,79,37,5,16,124,0.6877,0.7104,1.4662,0.3385,0.3364,1.4671,0.3274,0.3621,0.3727,1.7849,0.9151,0.7229,0.3464,0.3480,0.3600,0.6740,11.2197
36600000,524999753,374261,70,37,5,22,177,0.1742,0.1770,0.9033,0.3411,0.3465,0.9130,0.3311,0.1900,0.3811,1.3527,0.4877,0.5359,0.3468,0.1801,0.1944,0.6743,7.5293
36800000,526330114,374495,70,36,0,16,120,0.3567,0.3618,0.3766,0.3449,0.3495,0.3540,0.3463,0.3761,0.3720,0.9135,0.9393,0.3846,0.3620,0.3538,0.4048,0.6734,7.2693
37000000,527566055,374516,66,36,3,18,153,0.1778,0.1826,0.1893,0.1670,0.3561,0.3702,0.1740,0.1928,0.3763,0.9199,0.9452,0.1902,0.1815,0.3556,0.3985,0.6728,5.8496
37200000,528894342,374681,81,39,4,14,421,0.3580,0.3450,0.3798,0.3544,0.3450,0.3922,0.3503,0.3757,0.3574,0.9397,0.9659,0.3802,0.3539,0.3498,0.3907,0.6739,7.3119
37400000,530323825,374873,77,39,4,13,673,0.1688,0.1740,0.1880,0.1699,0.1710,0.1783,0.1724,0.1899,0.1777,0.9105,0.4481,0.1768,0.1784,0.3428,0.1819,0.6733,4.5018
37600000,531666960,375137,82,42,7,17,598,0.3545,0.3342,0.3824,0.3540,0.3526,0.3665,0.3564,0.3522,0.3783,0.8880,0.9197,0.3646,0.3673,0.3644,0.3751,0.6727,7.1828
37800000,533029867,375311,78,43,4,18,505,0.3480,0.3572,0.7642,0.3496,0.7085,0.3663,0.6931,0.7365,0.3849,0.8573,0.8843,0.3880,0.3557,0.7318,0.3715,1.3584,9.6553
38000000,534322742,375468,77,45,12,19,526,0.3486,0.3642,0.3665,0.3415,0.3510,0.3624,0.3509,0.3706,0.3793,0.9203,0.9473,0.3777,0.3524,0.3690,0.3912,0.6755,7.2684
38200000,535708587,375645,74,45,7,25,802,0.1698,0.1744,0.1880,0.1721,0.1739,0.1856,0.1833,0.1860,0.1880,0.4506,0.4645,0.1859,0.1786,0.1797,0.1992,0.6756,3.9551
38400000,536931807,375846,72,47,6,12,311,0.3524,0.7196,0.7689,0.3321,0.7011,0.7557,0.3519,0.7661,0.3614,1.8782,1.9292,0.7687,0.7382,0.7339,0.3773,2.0790,13.6137
38600000,538364544,376023,74,47,5,14,356,0.3506,0.1736,0.1889,0.1746,0.1780,0.1878,0.1762,0.5680,0.1903,0.4390,0.4518,0.1807,0.1785,0.5468,0.1963,1.3714,5.5525
38800000,539617936,376182,79,47,4,20,541,0.1172,0.1172,0.1188,0.2309,0.2377,0.1225,0.1162,0.1271,0.1227,0.6007,0.3159,0.1218,0.1226,0.4843,0.1237,1.1396,4.2187
39000000,541042180,376437,75,47,5,13,308,0.1738,0.1765,0.0918,0.2606,0.2637,0.0903,0.0842,0.0935,0.0899,0.6784,0.4716,0.1833,0.1790,0.4540,0.1874,0.1703,3.6484
39200000,542442513,376669,72,49,6,13,290,1.0468,1.0757,0.7425,0.3423,1.4002,0.7314,0.3509,0.3701,0.3625,3.6573,0.9553,0.3615,1.0662,0.3534,0.3864,1.3646,14.5670
39400000,543619738,376713,78,52,7,25,312,0.3548,0.3640,0.3697,0.3469,0.3560,0.3794,0.3524,0.3870,0.3938,0.9298,0.9561,0.3699,0.3477,0.7240,0.3849,0.6778,7.6941
39600000,544918220,377006,86,53,11,13,376,0.1743,0.1844,0.1957,0.1728,0.1732,0.1849,0.1723,0.1900,0.3826,0.4352,0.9293,0.1919,0.1780,0.5457,0.3918,0.6780,5.1801
39800000,546117381,377171,87,54,13,20,517,0.3685,0.3640,0.3872,0.3535,0.3683,0.7500,0.6888,0.3821,0.3846,0.9273,0.9555,0.7529,0.3620,0.3699,0.4011,0.6797,8.4954
40000000,547360797,377182,91,58,9,27,358,0.3599,0.1868,0.1879,0.1734,0.1823,0.1934,0.1731,0.1873,0.1862,0.4817,0.4939,0.1863,0.3659,0.1831,0.1954,0.6791,4.4157
40200000,548637999,377274,97,60,15,21,459,0.3486,0.3685,0.3952,0.3293,0.7379,0.3788,0.3373,0.3775,0.3704,1.8878,1.9420,0.3776,1.1002,0.3683,0.7865,0.6796,10.7856
40400000,550130189,377422,101,61,11,25,245,0.6940,0.3611,0.7605,0.3360,1.0682,0.3635,0.6799,0.3668,0.3695,2.7149,2.7965,0.3616,1.4171,0.3517,0.3781,0.6759,13.6954
40600000,551494918,377490,88,62,11,22,402,0.1732,0.1752,0.1775,0.1728,0.1747,0.1861,0.1773,0.1881,0.1890,0.4676,0.4814,0.1779,0.1717,0.3608,0.1915,0.6768,4.1415
40800000,552683054,377617,101,62,4,19,317,0.7102,0.7043,0.3848,0.6989,0.3462,0.7524,0.7175,0.3695,0.7671,1.8966,1.9528,0.7517,0.7021,1.1131,0.3949,0.6803,12.9422
41000000,553935538,377823,102,53,9,20,426,0.3506,1.0455,0.3716,1.0319,0.3525,1.1125,0.3506,0.7414,0.3647,0.9102,0.9370,0.3790,0.3628,1.4377,0.7787,0.6776,11.2042
41200000,555059430,377897,112,53,12,15,833,0.3520,0.7096,0.3796,0.7006,0.1802,0.1909,0.1705,0.5648,0.3720,0.9202,0.9472,0.3811,0.3571,0.9061,0.1985,0.6786,8.0091
41400000,556234893,378020,116,53,11,27,748,0.3699,0.3657,0.3770,1.7681,0.3492,0.7710,0.7042,1.5283,0.3908,0.9211,0.9474,0.3614,0.3646,0.3564,0.3984,2.0561,12.0294
41600000,557444343,378152,116,55,7,23,657,0.7142,0.7024,0.7289,2.0655,0.3537,1.1302,1.0429,0.3701,0.3577,1.8498,0.9737,0.7194,0.7232,0.7101,0.7793,2.6911,15.9122
41800000,558861713,378312,115,56,15,10,540,0.3609,0.3466,0.3757,0.3378,0.3492,0.3622,0.3552,0.3637,0.3696,0.9207,0.9497,0.3703,0.3510,0.3665,0.4011,3.3864,9.9665
42000000,560117391,378393,113,56,10,16,511,0.3585,0.3603,0.3754,0.3423,0.3693,0.3889,0.3600,0.3789,0.3858,0.9017,0.9314,0.3752,0.3794,0.3722,0.3769,0.6813,7.3374
42200000,561387600,378562,108,59,9,19,609,0.3558,0.3385,0.3644,0.3427,0.3429,0.3736,0.3353,0.3721,0.3717,0.8998,0.9292,0.3698,0.3593,0.3616,0.3713,0.6825,7.1702
42400000,562731946,378713,104,63,11,22,654,0.6988,0.6952,0.3570,0.3391,0.6814,0.7206,0.6793,0.3765,0.3780,0.9343,1.8675,0.7245,0.3564,0.7095,0.3767,0.6781,10.5728
42600000,563724800,378740,107,63,13,16,621,0.1808,0.1683,0.1899,0.1741,0.1726,0.1904,0.1821,0.1885,0.1892,0.9479,1.4315,0.1827,0.1794,0.1852,0.3942,0.3410,5.2979
42800000,564911746,378873,106,64,12,17,539,0.1161,0.1157,0.1226,0.1123,0.1124,0.1243,0.1090,0.1225,0.1175,0.2995,0.3087,0.1216,0.1180,0.1207,0.1266,0.4523,2.6000
43000000,566067315,378980,102,64,11,10,501,0.0918,0.1744,0.0979,0.0899,0.0912,0.0954,0.0884,0.1051,0.0998,0.4552,0.4692,0.0980,0.1777,0.0919,0.1008,0.5111,2.8378
43200000,567366375,379092,108,65,14,7,674,0.3541,0.3474,0.3707,0.3383,0.3676,0.3749,0.3539,0.3711,0.3612,0.9124,0.9384,0.3738,0.3596,0.3699,0.3810,0.6815,7.2559
43400000,568519139,379290,104,65,13,6,754,0.3597,0.3390,0.3651,0.3513,0.3863,0.3892,0.6990,0.3782,0.3813,0.9071,0.9337,0.3786,0.3669,0.3632,0.7505,1.3504,8.6996
43600000,569686263,379449,110,65,14,1,779,0.1750,0.1798,0.1891,0.1716,0.1787,0.1959,0.1725,0.1966,0.1873,0.4924,0.5067,0.1940,0.3613,0.1805,0.2046,1.0161,4.6020
43800000,570811795,379553,109,66,14,9,821,0.7081,0.7083,0.7622,0.6874,0.7202,0.7785,0.6989,0.3942,0.3904,1.9491,2.0008,0.7681,1.0818,0.3744,0.8036,2.6866,15.5125
44000000,571860756,379664,123,67,19,4,1037,0.3549,0.3685,0.3964,1.0428,1.0786,1.1811,0.3546,0.3811,0.4077,2.9182,2.9993,0.3832,0.3681,0.3597,0.3858,0.6820,13.6619
44200000,573139049,379807,137,67,22,5,949,0.3507,0.3592,0.3709,0.3516,0.3501,0.3735,0.3492,0.3837,0.3684,3.7745,3.8809,0.3792,0.3480,0.3664,0.3806,0.6791,13.0660
44400000,574404009,379931,129,69,25,9,1418,0.7105,0.3460,0.3780,0.3439,0.3465,0.3840,0.7028,0.3885,0.3734,4.7709,4.9058,0.3623,0.7234,0.3545,0.7687,0.6807,16.5398
44600000,575600503,380040,136,70,22,7,1431,0.3573,0.7041,0.3753,0.3371,0.3677,0.3888,0.3516,0.7712,0.4058,0.9832,1.0121,0.3925,0.3681,0.3620,1.1410,1.3488,9.6669
44800000,576835050,380153,147,71,32,6,1877,0.3555,0.3597,0.3767,0.3447,0.3510,0.3701,0.3626,1.1480,0.3948,0.9339,0.9586,0.7745,0.7256,0.3557,1.5148,0.6834,10.0095
45000000,578131590,380299,148,72,36,8,1513,0.3514,0.3487,0.3588,0.3513,0.3620,0.3726,0.3377,0.3787,0.3742,0.9409,0.9664,0.3882,0.3630,0.7146,0.3764,0.6794,7.6642
45200000,579163246,380451,149,73,22,6,1343,0.3537,0.3772,0.3927,0.3526,0.3493,0.3686,0.3497,0.3821,0.3813,0.9542,0.9785,0.3908,0.3668,0.3724,0.4079,0.6835,7.4612
45400000,580254771,380412,157,73,34,6,1577,0.3532,0.3710,0.7429,0.6911,0.3460,0.3902,0.6893,0.3800,0.3721,0.8958,1.8688,0.3805,0.3715,0.3862,0.7847,0.6831,9.7064
45600000,581424609,380572,156,76,22,11,1126,0.3606,0.3448,1.1179,1.0291,0.3538,0.3895,0.3490,0.3765,0.7761,1.8364,2.8341,0.3766,0.3560,0.3546,0.3646,1.3637,12.5832
45800000,582429809,380735,152,78,25,16,1297,0.1685,0.1784,0.1906,0.6979,0.1724,0.1865,0.1784,0.3760,0.1919,0.4598,0.4723,0.1854,0.3582,0.1804,0.3768,1.0325,5.4061
46000000,583597641,380956,153,79,21,16,1561,0.3536,0.7301,0.3687,0.3490,0.3534,0.3774,0.3449,0.3846,0.3760,1.8325,1.8835,0.3892,0.3760,0.7317,0.3784,0.6817,9.9105
46200000,584711009,381027,146,80,22,9,1132,0.3561,1.0979,0.7302,0.3478,0.3552,0.3834,0.3437,0.3984,0.7592,2.7554,2.8358,0.3680,0.7301,1.0901,0.3958,0.6832,13.6305
46400000,585846555,381217,155,81,25,10,1154,0.3551,0.3565,0.3703,0.3531,0.3446,0.3785,0.3464,0.3789,0.3737,3.6866,3.7935,0.3730,0.3686,0.3564,0.4022,0.6830,12.9208
46600000,586889069,381238,144,81,28,5,1133,0.7092,0.3609,0.3780,0.6889,0.6968,0.7427,0.6848,0.7491,0.7280,4.6074,0.9916,0.3806,0.3603,0.7282,0.4188,0.6828,13.9079
46800000,587782715,381284,150,82,39,7,1060,0.1789,0.1839,0.1846,0.1737,0.1812,0.1874,0.1812,0.1938,0.1878,0.4665,0.4801,0.1877,0.1851,0.1841,0.1957,0.3400,3.6916
47000000,588684399,381280,159,84,20,9,1101,0.7404,0.7258,0.7461,0.7051,0.3598,0.4006,0.7106,0.7794,0.7630,1.8663,1.9176,0.7654,0.7434,0.7348,0.3851,0.6871,13.0305
47200000,589615444,381362,170,85,23,12,1360,0.3590,0.3505,0.4015,0.3575,0.3556,0.3971,0.3572,0.3787,0.4013,0.9579,0.9839,0.3804,0.3701,0.3692,0.3871,0.6840,7.4911
47400000,590748306,381451,171,85,28,16,1384,0.3571,0.1823,0.1877,0.3460,0.1772,0.1919,0.1776,0.3780,0.1827,0.4744,0.4875,0.1881,0.3650,0.1792,0.3834,0.6844,4.9426
47600000,591821297,381570,169,86,31,17,1392,0.3573,0.2407,0.1238,0.3471,0.2362,0.2532,0.2327,0.3765,0.1251,0.3037,0.3136,0.1176,0.3636,0.1221,0.1275,0.6842,4.3249
47800000,592917502,381839,185,91,21,18,1032,0.3705,0.3674,0.3931,0.3687,0.3650,0.3838,0.3529,0.3904,0.3848,0.9780,1.0049,0.3780,0.3572,0.7211,0.7753,0.6868,8.2778
48000000,594022943,381878,204,92,31,21,1535,0.1744,0.1727,0.1858,0.1699,0.1793,0.1931,0.1741,0.1904,0.1907,0.4681,0.4821,0.1851,0.1773,0.1772,0.1876,0.6853,3.9931
48200000,595089339,382007,213,94,35,20,1843,0.3620,0.3707,0.3877,0.7037,0.7108,0.3946,0.3630,0.3825,0.3986,1.0091,1.0382,0.7311,0.3712,0.3590,0.7849,0.6845,9.0515
48400000,595930286,382001,227,96,48,14,2030,0.3610,0.3816,0.3968,0.3686,0.3643,0.3829,0.3630,0.4003,0.3817,1.0081,1.0342,0.3891,0.3938,0.3819,0.4204,1.3858,8.4135
48600000,597015840,382141,237,97,45,15,2751,0.3609,0.3821,0.3868,0.3480,0.3459,0.3784,0.3652,0.3709,0.3888,0.9889,1.0119,0.3748,0.3717,0.3706,0.3984,0.6856,7.5287
48800000,597990348,382231,246,98,51,13,2497,0.3559,0.7501,0.7944,0.7096,0.3650,0.3902,0.3478,0.3866,0.3972,1.9304,1.9786,0.7554,0.7659,0.7616,0.4081,1.3801,12.4768
49000000,598981840,382358,243,98,38,15,2185,0.1788,0.1828,0.1872,0.1754,0.1730,0.1867,0.1772,0.1887,0.1971,0.4962,0.5067,0.1938,0.1834,0.1908,0.2103,0.3461,3.7743
49200000,600102503,382489,212,98,31,18,1774,0.7183,0.3758,0.3735,0.7062,0.3586,0.7621,0.3407,0.3713,0.3741,1.9180,1.9647,0.7710,0.3681,0.3743,0.3879,0.6854,10.8501
49400000,600987038,382558,221,99,47,15,2173,0.3511,0.3848,0.7808,0.3548,0.7076,1.1603,0.7052,0.3757,0.3885,2.9189,0.9912,1.1687,0.3609,0.7505,0.4210,0.6857,12.5056
49600000,601999884,382582,193,104,26,20,1664,0.3575,0.3610,0.3927,0.7171,0.3538,0.3991,0.3589,0.3830,0.3807,0.9674,0.9921,0.3924,0.7235,1.1238,0.4041,1.3770,9.6842
49800000,603131569,382760,187,104,25,19,1367,0.7224,0.3689,0.7652,0.3575,0.3550,0.3940,0.3455,0.3794,0.3548,1.9276,0.9881,0.7707,0.3548,1.4888,0.7816,0.6841,11.0384
50000000,604162593,382840,178,104,28,20,1341,0.1810,0.1792,0.1893,0.1772,0.1829,0.1950,0.1852,0.1985,0.1868,0.5002,0.5124,0.1952,0.1913,0.1899,0.2007,0.6853,4.1502
50200000,605104003,382927,168,105,23,25,1316,0.3685,0.3623,0.3889,0.3615,0.7363,0.3954,0.3595,0.7809,0.3757,0.9493,0.9812,0.3948,0.7524,0.7592,0.4283,2.0596,10.4536
50400000,605878211,382952,182,105,21,12,1618,0.1764,0.1884,0.1901,0.3598,0.1810,0.1919,0.1865,0.1982,0.1893,0.4879,0.5005,0.1950,0.1864,0.1794,0.2192,1.3798,5.0099
50600000,606800598,383035,171,108,29,12,1692,0.1244,0.1250,0.1292,0.1218,0.1181,0.1308,0.1216,0.1308,0.1321,0.3346,0.3438,0.1295,0.1295,0.1314,0.1346,0.2308,2.5681
50800000,607643952,383055,170,112,32,12,1936,0.3645,0.3763,0.3953,0.3713,0.3645,0.3852,0.7216,0.4043,0.3862,0.9691,0.9912,0.3764,0.3727,0.3794,0.4004,1.3724,8.6307
51000000,608512417,383165,178,113,31,11,1846,0.3624,0.3878,0.3957,0.3422,0.3501,0.3963,0.3396,0.4049,0.3604,0.9890,1.0185,0.3789,0.3689,0.3684,0.4125,0.6881,7.5637
51200000,609541403,383300,173,115,20,20,1182,0.3639,0.3729,0.3864,0.3583,0.3605,0.3896,0.3432,0.3867,0.3870,0.9645,0.9929,0.3872,0.3859,0.3604,0.3959,0.6873,7.5226
51400000,610415689,383368,164,116,24,5,1142,0.1899,0.1876,0.1935,0.1823,0.1833,0.1922,0.1988,0.2074,0.1974,0.4804,0.4925,0.1928,0.1890,0.1883,0.2116,0.3471,3.8341
51600000,611371126,383373,165,116,17,8,1160,0.1238,0.1266,0.2603,0.2390,0.2434,0.2622,0.1275,0.1321,0.1227,0.6430,0.6605,0.2621,0.1221,0.1212,0.1340,0.4605,4.0410
51800000,612295231,383425,174,119,18,14,1104,0.7281,0.7445,0.3822,1.0721,1.0623,0.3798,0.7262,0.7803,0.3885,2.9303,3.0064,0.3735,0.7195,0.3764,0.7688,2.0578,16.4966
52000000,613202376,383488,162,120,33,15,2017,0.1767,0.1831,0.1946,0.1723,0.1747,0.3813,0.1844,0.1979,0.1962,0.4662,0.4786,0.1925,0.1827,0.3775,0.1994,1.3771,5.1351
52200000,614140146,383524,174,122,30,21,1936,0.3735,0.7266,0.4017,0.3729,0.7118,0.3925,0.3801,0.3760,0.3954,1.8850,1.9344,0.7609,0.3712,0.3788,0.7999,0.6873,10.9479
52400000,614971278,383577,184,123,36,17,1661,0.7304,1.1141,0.3936,0.3754,1.0827,0.3840,0.7611,0.7699,0.7943,2.8786,2.9520,0.3712,0.7424,0.7665,0.3940,1.3908,15.9009
52600000,615828879,383595,193,124,28,25,1955,0.3654,0.3656,0.4025,0.3716,0.3572,0.3769,0.3475,0.3831,0.3901,0.9560,0.9801,0.3705,0.3867,0.3734,0.4100,0.6876,7.5242
52800000,616687433,383625,185,124,30,13,1548,0.3652,0.3681,0.3854,0.7241,0.3695,0.7748,0.3738,0.3782,0.7732,0.9388,0.9682,0.7603,0.7505,0.7444,0.8164,1.3643,10.8552
53000000,617544641,383635,194,124,45,18,1775,0.3710,0.7370,0.4091,0.3588,0.3635,0.3877,0.3806,0.3919,1.1396,1.8718,1.9255,0.3939,0.3830,0.3766,1.2047,0.6867,11.3814
53200000,618323299,383755,195,127,40,15,3328,0.3722,0.5604,0.1953,0.1785,0.3686,0.3986,0.1821,0.3968,0.7726,1.4294,1.4698,0.1912,0.1790,0.1747,0.1961,0.6894,7.7547
53400000,619287484,383826,196,127,29,24,1384,0.1201,0.1204,0.1278,0.1154,0.1158,0.1275,0.1151,0.1280,0.1276,0.3092,0.3158,0.1298,0.1163,0.1257,0.1324,0.6890,2.9157
53600000,620317022,383971,198,127,30,15,1465,0.3713,0.3674,0.7705,0.7051,0.7245,0.7737,0.7082,0.7757,0.7913,0.9346,1.9232,0.3875,0.3712,0.7596,0.4103,0.6895,11.4637
53800000,621137874,383928,195,127,35,21,1171,0.3650,0.3752,0.3856,0.3652,0.3568,0.3948,0.3687,0.3849,0.3787,1.0087,1.0347,0.3819,0.3779,0.3741,0.4026,0.6920,7.6467
54000000,622279907,384000,201,128,50,23,1593,0.7174,0.3518,0.3615,0.3400,0.3510,0.3804,0.3533,0.3856,0.3835,0.9545,0.9764,0.3644,0.3710,0.3723,0.3865,0.6863,7.7358
54200000,623043694,384012,205,130,25,30,1163,0.3677,0.3791,0.3914,0.3731,0.3715,0.3799,0.3661,0.4130,0.3954,0.9925,1.0192,0.3916,0.3910,0.3811,0.4136,0.6909,7.7169
54400000,623886015,384107,195,134,30,34,1223,0.1839,0.1880,0.1947,0.1791,0.1790,0.1881,0.1796,0.1934,0.1915,0.4689,0.4825,0.2037,0.1920,0.1963,0.1983,0.3420,3.7609
54600000,624693514,384371,201,135,26,40,1756,0.1179,0.1221,0.1268,0.1179,0.1206,0.1238,0.1195,0.1293,0.1287,0.3162,0.3256,0.1263,0.1202,0.1229,0.1315,0.4546,2.7037
54800000,625615214,384490,190,135,34,18,1339,0.7130,0.7309,0.7747,0.7047,0.7186,0.7676,0.3632,0.7762,0.7515,1.9211,1.9776,0.7579,0.7347,0.7308,0.7939,2.0439,15.2602
55000000,626451160,384541,189,135,35,23,1289,0.1815,0.1877,0.1969,0.1811,0.1830,0.1924,0.1858,0.2050,0.1985,1.4379,1.4829,0.1969,0.1871,0.5481,0.2044,1.3646,7.1337
55200000,627316608,384629,202,136,29,24,1595,0.7464,0.7543,0.3931,0.7220,0.7437,0.7883,0.7322,0.8333,0.3833,3.8723,3.9909,0.3894,0.3776,0.3813,0.8314,3.4919,19.4312
55400000,628206890,384653,188,136,21,21,1040,0.5522,0.1786,0.3935,0.5336,0.1818,0.5868,0.1876,0.6040,0.1992,2.4239,0.4942,0.1979,0.1844,0.3729,0.6161,2.0957,9.8023
55600000,629208944,384881,194,137,32,16,1417,0.3549,0.3666,0.3844,0.3437,0.3711,0.3825,0.3668,0.3888,0.3965,5.7513,1.9787,0.3704,0.3609,0.3597,0.4150,0.6894,13.2805
55800000,629999500,384768,179,138,27,26,1022,0.3575,0.3824,0.4209,0.3483,0.3676,0.3801,0.3744,0.3825,0.3811,0.9905,1.0176,0.3875,0.3617,0.3683,0.4201,0.6914,7.6319
56000000,630891448,384783,167,140,20,15,709,0.7169,0.7393,0.3835,0.7062,0.7353,0.7622,0.3626,0.7726,0.3815,0.9914,1.0164,0.7781,0.3584,0.3817,0.8222,1.3701,11.2784
56200000,631830444,384870,163,143,21,34,1051,0.3452,0.3490,0.3785,0.3472,0.3631,0.3859,0.3568,0.3997,0.3702,0.9534,0.9823,0.3867,0.3672,0.3555,0.4076,0.6926,7.4408
56400000,632662794,384829,172,144,13,15,784,0.3633,0.3762,0.3929,0.6982,0.7260,0.7631,0.7128,0.7760,0.7603,0.9781,1.9678,0.3920,0.7518,0.3868,0.8145,1.3688,12.2286
56600000,633445752,384791,180,145,27,13,754,0.3685,0.1932,0.1948,0.1824,0.5451,0.5742,0.5383,0.5814,0.5740,0.4915,1.4870,0.4021,0.5574,0.3878,0.1889,1.0300,8.2967
56800000,634227905,384827,192,146,20,18,972,0.1196,0.1215,0.1286,0.1176,0.1202,0.1287,0.1182,0.1354,0.1257,0.3303,0.3390,0.1247,0.1194,0.1202,0.1342,0.2276,2.5109
57000000,635209087,384889,181,148,24,23,803,0.1787,0.1822,0.0973,0.1754,0.1790,0.1895,0.0870,0.0992,0.1877,0.2588,0.2641,0.0944,0.0890,0.0944,0.0990,0.1726,2.4482
57200000,635998333,384974,180,150,24,25,778,1.0969,0.3747,0.7816,0.3567,0.3626,1.1471,0.7168,0.7980,0.4060,2.0230,2.0721,0.3731,0.7189,0.7665,0.3953,0.6903,13.0796
57400000,636876966,385120,179,153,24,14,711,0.1869,0.1922,0.2033,0.1768,0.1881,0.1957,0.1892,0.1965,0.2014,0.4811,0.4959,0.1916,0.1926,0.1887,0.2176,0.3490,3.8465
57600000,637659195,385175,168,156,18,24,620,0.1212,0.1270,0.1342,0.1246,0.1234,0.1266,0.1201,0.1349,0.1327,0.3254,0.3356,0.1288,0.1240,0.1291,0.1388,0.4626,2.7890
57800000,638433079,385245,187,158,17,15,590,0.1806,0.0873,0.0937,0.0897,0.1774,0.0934,0.0892,0.0958,0.0954,0.4833,0.4964,0.0925,0.1812,0.0930,0.0974,0.5185,2.9650
58000000,639138855,385282,189,158,8,19,847,0.3649,0.3730,0.3886,0.3634,0.3632,0.4036,0.3582,0.3998,0.3889,0.9771,1.0036,0.3843,0.3722,0.3743,0.4283,0.6929,7.6362
58200000,639741369,385252,176,160,21,30,731,0.1802,0.1866,0.1871,0.1786,0.1776,0.1969,0.1760,0.2016,0.1942,0.5051,0.5180,0.1860,0.1855,0.1845,0.2111,0.3375,3.8064
58400000,640563161,385273,188,160,28,22,923,0.3644,0.3692,0.3922,0.3527,0.3691,0.3870,0.7220,0.3864,0.3758,0.9711,0.9963,0.3743,0.3710,0.3918,0.8225,0.6907,8.3364
58600000,641313659,385326,175,161,21,11,689,0.1787,0.1783,0.1896,0.1735,0.1814,0.1928,0.5439,0.3815,0.1933,0.5000,0.5149,0.3850,0.3779,0.3895,0.1925,0.6910,5.2640
58800000,641986082,385491,177,162,24,24,848,0.1222,0.1337,0.1299,0.1235,0.2437,0.1327,0.1267,0.1334,0.1290,0.6730,0.3491,0.3807,0.3833,0.1302,0.2684,0.6909,4.1504
59000000,642729626,385619,182,166,15,27,850,0.3618,0.3746,0.3931,0.7208,0.3574,0.3863,0.3676,0.3986,0.4143,0.9877,1.0126,0.3932,0.3836,0.3791,0.4105,0.6933,8.0346
59200000,643444438,385706,173,167,21,19,833,0.3655,0.3752,0.4000,0.3657,0.3812,0.3951,0.3507,0.4066,0.3872,1.0105,1.0374,0.3901,0.3795,0.3729,0.4070,0.6917,7.7161
59400000,644073890,385601,183,168,20,26,1191,0.3646,0.3763,0.3882,0.3383,0.3605,0.3840,0.3848,0.4018,0.3982,2.0518,2.1003,0.3856,0.3838,0.3871,0.4116,0.6917,9.8087
59600000,644815805,385699,186,169,23,34,929,0.3711,0.3649,0.3929,0.3541,0.3787,0.3915,0.3541,0.3871,0.3957,3.0714,3.1513,0.3917,0.3699,0.3642,0.4097,0.6935,11.8418
59800000,645530583,385829,194,169,20,22,981,0.1895,0.1831,0.1957,0.1842,0.1824,0.1955,0.1820,0.2024,0.1960,2.0455,2.0968,0.3864,0.1893,0.1943,0.2093,0.3489,7.1812
60000000,646432001,385841,182,170,17,25,741,0.1217,0.1212,0.2582,0.1177,0.1230,0.1309,0.1265,0.1297,0.1306,0.3160,0.3238,0.1285,0.1204,0.1238,0.1383,0.4631,2.8734
60200000,647206896,385879,187,169,27,27,811,0.7385,0.3583,0.3743,0.3650,0.3657,0.3929,0.3463,0.3848,0.3758,1.9509,2.0042,0.3822,0.3909,0.3803,0.8008,0.6914,10.3023
60400000,647850393,385913,171,169,29,23,817,0.1836,0.1893,0.2015,0.1817,0.1761,0.1911,0.1879,0.1964,0.2030,0.5076,1.5055,0.1940,0.3817,0.1941,0.2090,0.3527,5.0554
60600000,648693120,385938,173,172,21,28,732,0.3593,0.3644,0.7953,0.3508,0.3582,0.7663,0.7286,0.3946,0.3868,2.0365,4.0703,0.7798,1.1372,0.3879,0.8273,0.6931,14.4366
60800000,649606382,386089,175,176,31,22,943,0.3601,0.3565,0.3890,0.3493,0.7085,0.3843,0.3575,0.3686,0.3940,2.9674,4.9929,0.3733,0.3987,0.3755,0.3936,0.6925,13.8617
61000000,650266521,386101,186,177,23,20,1159,0.3650,0.3675,0.3870,0.3640,0.3636,0.3799,0.3620,0.3881,0.4009,3.9289,5.9556,0.4047,0.3652,0.3862,0.4098,0.6914,15.5198
61200000,651031766,386119,188,178,22,21,1617,0.3530,0.3547,0.7684,0.3500,0.7254,0.3873,0.3558,0.3667,0.3890,5.0262,7.1094,0.3829,0.7326,0.7730,0.4038,1.3954,19.8737
61400000,651737141,386278,197,182,33,16,1006,0.3605,0.3689,0.4084,0.3656,0.3613,0.3885,0.3575,0.3887,0.3733,1.0118,1.0369,0.3920,0.3732,0.3931,0.8221,0.6936,8.0955
61600000,652433755,386242,205,182,30,20,1239,0.7486,0.7435,0.3928,0.7447,0.7379,0.7843,0.3776,0.8170,0.3894,2.0184,1.0137,0.3797,0.7651,0.3914,1.2393,0.6949,12.2381
61800000,653237682,386438,224,183,38,23,2752,0.5604,0.1798,0.1932,0.1859,0.5552,0.1978,0.1668,0.1972,0.3917,0.4788,0.4921,0.1880,0.1925,0.1919,0.8214,0.6951,5.6877
62000000,654027570,386509,230,184,39,25,1947,0.1197,0.1250,0.1313,0.1217,0.1196,0.1302,0.1243,0.1283,0.1277,0.3322,0.3409,0.1308,0.1203,0.1274,0.1396,0.2311,2.5501
62200000,654661875,386430,244,184,41,26,1936,0.3810,0.3626,0.3971,0.3489,0.7208,0.3915,0.3600,0.4104,0.3961,1.0062,1.0330,0.4022,0.3758,0.3683,0.8200,1.3871,9.1609
62400000,655203032,386424,253,186,46,29,2387,0.7472,0.3971,0.3939,0.3610,0.3881,0.8030,0.3869,0.3999,0.4133,1.9991,2.0508,0.4213,0.3829,0.3926,1.2386,0.6946,11.4705
62600000,655999917,386546,245,188,42,28,1459,0.3697,0.3597,0.3788,0.3692,0.3705,1.2224,0.3759,0.4247,0.3847,2.9957,3.0708,0.3938,0.3814,0.7776,0.3867,0.6973,12.9587
62800000,656563292,386511,250,190,34,30,1581,0.1849,0.1839,0.1984,0.1803,0.1783,0.1944,0.1848,0.1937,0.2029,0.5013,0.5166,0.1914,0.1881,0.1865,0.2150,0.6962,4.1967
63000000,657103387,386436,232,192,27,24,1365,0.7290,0.3685,0.3901,0.3677,0.7275,0.7747,0.3689,0.7750,0.8043,0.9999,1.0298,0.7773,0.3735,0.7474,0.3886,0.6928,10.3149
63200000,657770982,386493,223,194,30,27,1063,0.3648,0.3808,0.4021,0.3696,0.3776,0.3863,0.3760,0.4193,1.2034,1.0283,1.0487,0.3780,0.3857,0.3914,0.8263,0.6935,9.0319
63400000,658365504,386466,217,194,38,28,1255,0.3740,0.3840,0.4008,0.3703,0.3820,0.4067,0.3686,0.3990,0.3938,1.0036,1.0302,0.3902,0.3950,0.3757,0.4056,0.6961,7.7755
63600000,659043321,386394,196,194,20,14,901,0.3730,0.3757,0.3957,0.3759,0.3642,0.4031,0.3854,0.3912,0.3988,1.0066,1.0344,0.3819,0.3967,0.3875,0.4022,0.6927,7.7648
63800000,659800016,386446,189,194,27,32,905,0.1784,0.1861,0.2015,0.1769,0.1804,0.1958,0.1858,0.1938,0.1906,0.4583,0.4723,0.1923,0.1854,0.1890,0.2005,0.6930,4.0801
64000000,660614310,386453,187,195,32,24,1013,0.3618,0.7509,0.3893,0.3626,0.3569,0.3754,0.3694,0.4318,0.3860,0.9737,1.0019,0.3904,0.3658,0.3607,0.4056,0.6934,7.9755
64200000,661373997,386560,191,198,16,37,796,0.7272,0.3625,0.3842,0.3779,0.3737,0.4103,0.3680,0.4184,0.4000,1.0083,1.0304,0.3870,0.3768,0.3636,0.8229,1.3744,9.1856
64400000,662132829,386523,188,200,22,19,1366,0.3661,0.3780,0.4055,0.3723,0.7314,0.7904,0.3568,0.4021,0.7949,1.9849,2.0360,0.7699,0.7425,0.3866,1.1931,0.6921,12.4026
64600000,662743972,386539,213,200,29,25,1533,0.3738,0.1934,0.3878,0.1925,0.5517,0.6021,0.3705,0.2002,0.6018,1.4909,1.5293,0.1992,0.5631,0.1929,0.2117,0.3423,8.0033
64800000,663403094,386602,230,200,46,26,1622,0.3735,0.7609,0.3834,0.7609,1.4943,0.4043,1.1005,0.3908,1.6360,3.9896,0.9749,0.3816,1.5244,0.8007,0.8327,1.3914,17.2000
65000000,664157614,386554,220,201,25,15,1661,0.1871,0.1995,0.1970,0.1861,0.1851,0.1944,0.1754,0.1961,0.2011,0.5074,0.5226,0.1953,0.1894,0.1939,0.2050,0.3494,3.8848
65200000,665000719,386700,234,201,32,22,1512,0.1247,0.2523,0.1263,0.1213,0.1203,0.1339,0.1247,0.1319,0.2588,0.3526,0.7098,0.1345,0.2482,0.1286,0.1358,0.4646,3.5684
65400000,665578173,386734,237,202,30,36,1728,0.0934,0.0942,0.1062,0.0922,0.0926,0.0959,0.0912,0.1023,0.1007,0.2556,0.2622,0.1023,0.2803,0.0966,0.1098,0.5225,2.4981
65600000,666163116,386825,247,202,37,21,1752,0.3744,0.3861,0.3865,0.3697,0.3602,0.3927,0.3651,0.8167,0.4079,1.0038,2.0712,0.7995,0.3794,0.3902,0.8509,0.6947,10.0490
65800000,666835295,386946,265,204,41,17,2171,0.3616,0.3852,0.3833,0.3629,0.3749,0.4010,0.3574,0.4024,0.3968,0.9816,1.0054,0.3895,0.3532,0.3779,0.4078,0.6917,7.6325
66000000,667517535,387014,255,206,34,26,1702,0.3636,0.3696,0.4236,0.3695,0.3796,0.3926,0.3639,0.4082,0.3974,1.0255,1.0539,0.3860,0.3863,0.3729,0.8175,0.6949,8.2051
66200000,668164166,387109,248,209,50,16,1913,0.3743,0.3881,0.8480,0.7484,0.3644,0.8342,0.3561,0.4026,0.3846,0.9766,2.1133,0.3800,0.3733,0.3787,1.2716,0.6929,10.8873
66400000,668641975,387012,243,209,50,24,1913,0.3629,0.3693,0.3814,0.3600,0.3717,0.3935,0.3576,0.7901,0.3858,2.0155,3.1389,0.4102,0.3879,0.3744,0.4095,0.6985,11.2072
66600000,669245699,387086,255,210,37,19,2049,0.3703,0.3740,0.3894,0.3547,0.3719,0.3874,0.3698,0.4188,0.4005,1.0216,1.0501,0.3929,0.3819,0.3957,0.4058,0.6947,7.7793
66800000,669871162,387186,257,211,42,24,2125,0.3613,0.3913,0.4070,0.3633,0.3851,0.3980,0.3789,0.4074,0.3923,1.0384,1.0611,0.4155,0.4028,0.3819,0.4297,1.3604,8.5744
67000000,670375611,387136,237,213,34,18,1291,0.3791,0.3899,0.4065,0.3680,0.3664,0.8034,0.3692,0.4129,0.4009,2.0244,2.0755,0.4114,0.3753,0.3896,0.4183,0.6927,10.2834
67200000,670802237,387119,239,215,26,27,1193,0.1848,0.1969,0.2104,0.1884,0.1878,0.2057,0.1825,0.2029,0.3966,1.5384,1.5748,0.1951,0.1976,0.1936,0.1946,0.3479,6.1981
67400000,671462282,387126,258,217,30,24,1371,0.3682,0.3616,0.3783,0.3593,0.3691,0.4037,0.7266,0.4061,0.3850,4.0678,4.1660,0.7757,0.3827,0.3911,0.7940,0.6947,15.0296
67600000,672098062,387074,258,217,31,34,1254,0.3661,0.7576,0.7708,0.7354,0.3690,0.8158,0.3487,0.4023,0.3807,1.0210,1.0509,1.1758,0.3719,0.7913,0.3949,1.4037,11.1558
67800000,672561601,387193,261,219,26,40,1311,0.3699,0.3842,1.1462,0.3811,0.3665,1.2061,0.3855,0.3858,0.3995,2.0113,2.0604,0.3847,0.3910,0.4205,0.8076,0.6936,11.7940
68000000,673074140,387222,264,221,33,32,1715,0.3742,0.3970,0.4013,0.3593,0.3587,0.3993,0.7567,0.8011,0.3973,3.0183,3.0950,0.4079,0.3944,0.8145,0.4183,0.6947,13.0879
68200000,673619858,387255,248,224,27,45,1211,0.3708,0.3665,0.4007,0.3585,0.3889,0.3949,0.3825,0.4120,0.3832,0.9697,0.9949,0.3950,0.3784,0.4152,0.4120,0.6935,7.7167
68400000,674494179,387301,240,225,30,28,1229,0.3698,0.3751,0.3899,0.3604,0.3615,0.3981,0.3537,0.3826,0.4006,0.9638,0.9917,0.3812,0.3738,0.3918,0.4019,0.6927,7.5885
68600000,675108166,387212,233,226,29,32,1186,0.3657,0.3582,0.4004,0.3617,0.3645,0.3961,0.3628,0.3984,0.3887,0.9936,1.0160,0.3729,0.3739,0.3951,0.4152,0.6937,7.6568
68800000,675782258,387337,241,226,34,26,1328,0.3706,0.3622,0.3966,0.1768,0.1909,0.2040,0.1832,0.1907,0.1928,1.0034,1.0283,0.1930,0.3718,0.1856,0.2023,0.6935,5.9459
69000000,676329430,387337,242,227,25,36,1413,0.1242,0.3670,0.4008,0.2365,0.2542,0.1315,0.1222,0.1419,0.1340,0.3409,0.3489,0.2604,0.3703,0.2483,0.2696,0.6937,4.4444
69200000,676943947,387432,227,228,19,24,798,0.7409,1.4723,1.5879,1.0674,1.1269,0.7831,0.7230,0.8339,0.8036,1.9866,2.0331,0.3906,1.4871,1.1257,1.2040,0.6930,18.0590
69400000,677385871,387458,220,228,25,23,1007,0.3690,0.3724,0.4120,0.3580,0.3655,0.3906,0.3692,0.3989,0.3850,1.0648,1.0908,0.3971,0.4011,1.5409,0.4271,1.4059,9.7482
69600000,677931298,387460,201,230,18,21,1267,0.7359,0.7501,0.4008,0.7258,0.3754,0.4140,0.3677,0.7907,0.7833,2.0455,2.0954,0.7881,0.3893,1.9287,0.4320,0.6921,13.7146
69800000,678240737,387452,219,230,17,35,1107,0.5556,0.5668,0.2044,0.5519,0.2002,0.4138,0.3736,0.6021,0.2010,1.5436,1.5807,0.1936,0.3881,0.1933,0.2140,0.6935,8.4764
70000000,678704783,387446,206,230,28,33,855,1.4820,1.5001,0.3964,1.4711,0.3734,1.2218,0.3760,1.6195,0.3968,4.1257,4.2289,0.7704,1.1542,0.7853,0.4306,0.6970,21.0292
70200000,679311967,387516,202,230,22,42,938,1.8366,0.3839,0.7966,0.3769,0.3770,0.3913,0.3768,0.4030,0.8085,5.0254,0.9992,0.3848,1.5138,0.3677,0.8252,1.3792,16.2458
70400000,679866825,387577,210,230,16,32,1019,0.3814,0.3936,0.3934,0.3642,0.3718,0.4095,0.3650,0.4069,0.3927,1.0004,1.0228,0.4002,0.4001,0.3830,0.4258,0.6952,7.8060
70600000,680463448,387572,208,230,21,53,1011,0.3594,0.3802,0.4075,0.3591,0.3631,0.3952,0.3676,0.4015,0.3950,1.0673,1.0904,0.4164,0.3825,0.3876,0.3938,0.6947,7.8612
70800000,681181199,387562,222,231,20,38,1113,0.7323,0.7591,0.8255,0.3518,0.7441,0.3843,0.3745,0.3993,0.3849,0.9843,2.1093,0.3830,0.3851,0.7833,0.8068,0.6928,11.1003
71000000,681643941,387566,254,233,42,56,2013,1.0889,1.1316,1.2111,0.7241,1.1026,0.4059,0.7381,0.8005,0.3883,1.9712,3.1048,0.7805,0.3975,1.1796,0.4172,0.6956,16.1377
71200000,682362041,387741,269,237,39,41,1916,0.3901,0.3819,0.4037,0.3758,0.3738,0.3975,1.1295,0.4182,0.4092,2.9566,0.9764,1.1990,0.3787,0.3938,0.8102,0.6969,11.6915
71400000,682841892,387816,300,238,39,46,2092,0.3664,0.7720,0.4124,0.7575,0.3675,0.4177,0.3844,0.4086,0.4089,4.0358,2.0431,0.4079,0.7794,0.3996,0.3994,0.6947,13.0554
71600000,683138732,387880,312,238,68,32,2676,0.3903,0.3792,0.4096,0.3676,0.7358,0.4103,0.3836,0.4081,0.4166,5.0037,3.0724,0.4138,0.3912,0.7800,0.4394,1.3757,15.3771
71800000,683555206,387918,311,240,50,54,1932,0.1806,0.1881,0.1962,0.1781,0.1912,0.2016,0.1722,0.1962,0.2004,0.5117,0.5224,0.2030,0.1876,0.1921,0.2047,1.0399,4.5660
72000000,684107099,387934,321,241,38,36,2313,0.3666,0.3831,0.3833,0.3593,0.7609,0.8321,0.3816,0.8003,0.8034,2.0671,2.1126,0.8073,0.3830,0.7841,0.8258,2.7941,14.8447
72200000,684640959,387985,330,242,52,57,2542,0.3662,0.3893,0.3901,0.3598,0.3780,0.3961,0.3844,1.1726,0.4009,1.0260,1.0512,0.3962,0.3791,0.3861,0.3976,3.3987,11.2722
72400000,685014451,388008,319,245,39,42,2062,0.3706,0.4117,0.3934,0.3599,0.7705,0.3951,0.3811,0.4044,0.3970,2.0769,2.1287,0.4041,0.3795,0.3935,0.4267,0.6967,10.3897
72600000,685445251,387993,319,247,41,43,2320,0.3780,0.3799,0.4318,0.3840,0.3926,0.4208,0.3636,0.4069,0.3998,0.9809,1.0035,0.4115,0.3783,0.3876,0.4255,0.6958,7.8403
72800000,685870775,387935,319,247,38,49,2007,0.3771,0.7528,0.8231,0.3676,0.3837,0.3991,0.3749,0.4097,0.7882,1.9975,1.0700,0.7970,0.3930,0.3794,0.8250,1.3709,11.5090
73000000,686436282,387969,301,248,41,33,2223,0.3758,0.3793,0.4000,0.3764,0.3859,0.4184,0.3547,0.4069,0.4123,1.0656,1.0872,0.3865,0.3793,0.3764,0.4178,0.6975,7.9199
73200000,686857067,387861,283,248,39,45,1855,0.7403,0.3823,0.7893,0.3823,0.7656,0.4117,0.3733,0.4141,0.4003,1.0127,1.0362,0.4096,0.3858,0.7433,0.4267,1.3738,10.0474
73400000,687389801,387756,297,248,40,44,2188,0.3681,0.3890,0.3997,0.3706,0.3654,0.3827,0.3816,0.4080,0.3952,1.0056,1.0356,0.3887,0.3825,0.3944,0.4336,0.6980,7.7989
73600000,687985448,387858,318,248,46,56,2416,0.1858,0.1946,0.1921,0.1868,0.1934,0.2014,0.1844,0.2066,0.1932,0.4839,0.4995,0.2048,0.1979,0.1960,0.2019,0.3464,3.8685
73800000,688525841,387848,320,250,42,61,2098,0.7437,0.3878,0.7842,0.3813,0.3688,0.4270,0.7603,0.3991,0.7895,1.9911,2.0450,0.4051,0.7888,0.3967,0.4375,1.3922,12.4979
74000000,688817467,387804,329,250,54,57,2690,1.1113,0.7693,1.1712,0.7603,0.7486,0.8343,1.1275,0.7935,1.1772,3.0056,3.0823,0.7964,1.1571,0.7760,0.8677,0.6949,18.8731
74200000,689203545,387704,334,250,41,65,2503,0.1851,0.1960,0.1970,0.1786,0.1800,0.2012,0.7593,0.2068,0.1957,0.5072,0.5193,0.1928,0.7786,0.1955,0.2128,0.6961,5.4020
74400000,689437536,387665,335,251,38,55,2237,0.1266,0.1261,0.1449,0.1274,0.1263,0.1378,0.1275,0.1407,0.1327,0.3502,0.3595,0.1388,0.1357,0.1360,0.2861,0.2337,2.8302
74600000,689948358,387663,350,251,60,66,3096,0.1870,0.0969,0.2058,0.0921,0.1872,0.1050,0.1884,0.0952,0.1023,0.2475,0.2534,0.0962,0.0962,0.0959,0.3195,0.3502,2.7188
74800000,690385821,387688,373,251,45,65,2650,1.1175,0.3991,0.4067,0.3560,1.1225,0.8112,0.3618,0.7929,0.8047,2.0687,1.0967,0.7836,0.7603,0.7573,0.4082,2.1069,14.1538
75000000,690913216,387741,395,252,54,81,3077,1.4628,0.7916,0.8095,0.7059,1.4768,1.2044,0.3601,1.1783,1.1988,3.0247,2.0929,1.1742,1.1478,1.1517,0.4017,2.7741,20.9552
75200000,691275438,387916,434,253,72,63,3730,0.1872,0.1920,0.1858,0.1814,0.1796,0.8089,0.1833,0.2032,0.2013,0.5086,0.5205,0.7942,0.1874,0.1953,0.2194,1.7426,6.4907
75400000,691534780,387858,439,256,90,77,3794,0.1196,0.1322,0.1310,0.1213,0.1225,0.1353,0.1287,0.1312,0.1378,0.3603,0.3690,0.1414,0.1295,0.1292,0.1469,1.4005,3.8368
75600000,691967054,387863,404,256,70,64,3425,0.3675,0.7827,0.4134,0.3678,0.3666,0.4049,0.3737,0.4202,0.4119,2.0702,2.1210,0.8335,0.7681,0.3842,0.8263,0.6926,11.6045
75800000,692471843,387879,407,259,48,67,2260,0.1795,0.1893,0.4006,0.1772,0.1755,0.4055,0.1823,0.1963,0.4077,1.5643,0.5240,0.6129,0.1829,0.1925,0.2030,0.6948,6.2883
76000000,692991501,387961,409,260,47,70,2998,0.1260,0.1243,0.3987,0.2392,0.2393,0.1352,0.1241,0.1357,0.1357,0.3311,0.6886,0.1337,0.1263,0.2536,0.1430,0.2332,3.5677
76200000,693289718,387922,414,261,70,76,3503,0.0953,0.0950,0.1011,0.0931,0.0948,0.2054,0.0957,0.2052,0.2058,0.2571,0.2634,0.1021,0.0993,0.2886,0.2139,0.3498,2.7656
76400000,693584268,387838,407,262,67,55,2647,0.3930,0.7865,0.8091,0.3895,0.3816,1.2584,0.7793,1.2636,1.2533,2.0284,1.0148,0.8308,0.3890,0.4001,1.2834,2.1087,15.3695
76600000,694069854,387841,403,264,51,65,2813,0.3551,0.3804,1.2032,0.3564,0.3605,0.4006,0.3716,1.6683,0.3935,3.0469,2.0578,0.4045,0.3783,0.7715,1.6901,0.6962,14.5349
76800000,694660874,387980,382,264,57,72,3204,0.3708,0.3920,0.3921,0.3767,0.3595,0.4078,0.3788,0.4113,0.4251,1.0111,1.0369,0.3980,0.3843,0.3777,0.4146,0.6919,7.8288
77000000,695346542,388040,387,264,57,53,2825,0.3670,0.3905,0.3918,0.3662,0.3603,0.1978,0.1779,0.1993,0.4125,0.4943,1.0244,0.3968,0.3783,0.3782,0.2101,0.6938,6.4392
77200000,695922490,388084,391,265,52,53,2345,0.3765,0.3760,0.3988,0.3566,0.3540,0.3943,0.3568,0.3953,0.3930,1.0440,1.0741,0.3976,0.3656,0.3818,0.4143,0.6977,7.7764
77400000,696515338,388109,406,265,39,56,2255,0.3635,0.3695,0.7986,0.7141,0.3794,0.7832,0.7055,0.7868,0.7956,2.0273,2.0815,0.7891,0.7492,0.7711,0.3983,1.3881,13.9007
77600000,697047669,388183,416,264,53,63,3153,0.1787,0.1890,0.1924,0.1718,0.1764,0.2046,0.1801,0.1955,0.2026,1.5109,1.5528,0.5866,0.1918,0.1958,0.2009,0.3499,6.2800
77800000,697695489,388320,406,264,51,61,2641,0.3851,0.3992,0.4043,0.7251,0.3807,0.4003,0.3605,0.3928,0.3809,0.9863,4.1795,0.3928,0.3746,0.7748,0.7988,0.6947,12.0302
78000000,698032623,388284,383,265,46,60,2225,0.3810,0.2032,0.2089,0.5371,0.1935,0.4002,0.2000,0.1988,0.2130,0.5282,0.5424,0.1992,0.1945,0.5812,0.6126,0.6969,5.8909
78200000,698472390,388320,373,266,66,61,2380,0.3674,0.7823,0.8301,0.3636,0.3715,0.3970,0.7625,0.3968,0.4123,2.0518,1.0468,0.8096,0.7715,1.5301,0.4423,2.0626,13.3981
78400000,699029838,388349,361,267,53,48,2353,0.3703,1.1508,1.2062,0.3653,0.7369,0.7794,0.3733,0.3924,0.4191,1.0485,1.0723,0.3921,0.3701,0.3925,0.4163,0.6949,10.1805
78600000,699481230,388333,358,268,45,42,1468,0.3733,1.5518,0.4042,0.3796,0.3833,1.1935,0.3844,0.3979,0.4088,2.1351,2.1817,0.8166,0.3769,0.3885,0.8439,0.6959,12.9153
78800000,700124987,388457,372,271,50,39,1935,0.3633,0.3739,0.3966,0.3706,0.3570,0.3937,0.3747,0.3930,0.3866,1.0272,1.0581,0.3867,0.3688,0.3845,0.4098,0.6960,7.7403
79000000,700464770,388442,396,273,49,37,2180,0.1866,0.1918,0.2065,0.1841,0.1823,0.3957,0.3794,0.2076,0.2113,0.5208,0.5293,0.2023,0.1866,0.1919,0.2207,0.6963,4.6931
79200000,701005820,388513,389,273,58,43,1830,0.3728,0.3871,0.3841,0.3494,0.7345,0.3889,0.3675,0.3899,0.4061,1.0078,1.0342,0.3797,0.7495,0.3974,0.4047,0.6969,8.4503
79400000,701257421,388461,388,273,60,49,2274,0.1987,0.3843,0.3909,0.1976,0.2013,0.2001,0.3659,0.3942,0.4146,1.0187,1.0459,0.1959,0.5749,0.3948,0.4208,0.3523,6.7510
79600000,701773871,388535,381,274,55,45,2298,0.7701,0.3853,0.3929,0.3624,0.7543,0.7895,0.3743,0.4010,0.4041,3.0289,3.1084,0.7896,0.3950,1.1641,0.4276,0.6963,14.2438
79800000,702361664,388617,345,276,36,37,1510,0.3698,0.3622,0.4049,0.3587,0.3639,0.3839,0.3754,0.3990,0.3880,3.9852,4.0927,0.4032,0.3723,1.5495,0.4313,0.6984,14.9383
80000000,702772367,388594,329,276,44,39,1427,0.3818,0.4147,0.4014,0.3889,0.3830,0.4064,0.3903,0.4105,0.4142,1.0325,1.0594,0.4014,0.3872,0.3884,0.4484,0.6985,8.0071
80200000,703133784,388528,327,276,38,39,1291,0.3822,0.3889,0.7989,0.3703,0.7498,0.4137,0.7490,0.8260,0.4086,2.0751,2.1275,0.4043,0.3797,0.7846,0.4532,0.6972,12.0091
80400000,703572477,388463,301,276,33,44,1282,0.3679,0.3849,1.1941,0.7331,0.3884,0.4059,0.3882,1.2263,0.4076,3.0696,3.1426,0.3870,0.3983,0.4019,0.4055,0.6968,13.9979
80600000,704059486,388515,313,276,29,57,1153,0.3679,0.3788,0.4169,0.3648,0.3784,0.4024,0.3744,0.3977,0.4195,4.0665,4.1617,0.3913,0.3648,0.3836,0.4152,0.6978,13.9815
80800000,704570283,388574,312,279,26,46,1403,0.3787,0.3956,0.8049,0.3763,0.7456,0.4185,0.3730,0.7842,0.4032,5.0038,5.1197,0.3967,0.3820,0.7784,0.4163,0.6961,17.4730
81000000,705038544,388613,322,283,38,48,1522,0.3733,0.3767,0.4038,0.3708,0.3822,0.4200,0.7545,0.3905,0.4182,6.1947,6.3403,0.8183,0.7744,0.3821,0.4084,0.6957,19.5040
81200000,705473968,388573,331,283,51,46,1538,0.1858,0.1945,0.4057,0.1891,0.1952,0.2086,0.1879,0.3998,0.2085,0.4877,0.4987,0.6055,0.1980,0.1965,0.4201,0.6965,5.2781
81400000,706041688,388587,339,283,41,44,1578,0.3623,0.7603,0.3932,0.7434,0.7571,0.8057,0.3742,1.1984,0.8115,1.9842,2.0339,1.6120,0.3771,0.3663,0.3908,0.6967,13.6670
81600000,706506962,388596,321,285,36,55,1473,0.3878,1.1450,0.7891,1.1265,0.3822,0.3861,0.7550,1.6403,1.2332,1.0618,3.1513,0.4025,0.7584,0.7416,0.4099,0.6965,15.0670
81800000,707017488,388607,328,286,52,28,1654,0.7571,1.5161,0.4041,0.3732,0.3808,0.4100,0.3829,0.4080,0.4002,2.0582,1.0257,0.8176,0.3818,1.1079,0.4204,0.6986,11.5429
82000000,707326923,388654,337,288,43,40,1645,1.1561,1.9378,0.8120,0.3755,0.7817,0.8222,0.4016,0.8291,0.8204,0.9896,1.0118,1.2444,0.7809,0.3915,0.8536,1.4161,14.6243
82200000,707695939,388630,332,293,40,45,1667,1.4681,2.2342,1.1683,0.7440,0.3764,1.2034,0.3704,0.4180,1.2097,1.0156,1.0358,1.5891,0.3820,0.3963,1.2324,0.6942,15.5378
82400000,708111584,388632,342,293,65,40,2342,0.3861,0.3781,1.5840,1.1214,0.7612,0.4193,0.3863,0.8263,0.4133,2.0671,1.0660,2.0092,0.7815,0.4089,1.6517,0.6963,14.9568
82600000,708502467,388509,345,294,59,39,2130,0.1916,0.1910,0.2093,0.1864,0.1874,0.2017,0.1899,0.2068,0.2074,0.5362,0.5471,0.2094,0.2015,0.1994,1.0343,0.6965,5.1958
82800000,709034890,388657,329,296,37,49,1904,0.1242,0.1293,0.1317,0.1188,0.1188,0.1253,0.1162,0.1305,0.1257,0.3370,0.7120,0.1251,0.1247,0.1223,0.1323,0.6970,3.3707
83000000,709309205,388550,334,296,37,46,1704,0.0919,0.0978,0.1021,0.0969,0.0921,0.1021,0.0951,0.1031,0.1000,0.2527,0.2588,0.1018,0.1041,0.0982,0.1074,0.6973,2.5013
83200000,709796412,388550,345,296,49,29,2627,0.7505,0.7761,0.3985,0.7620,0.7556,0.8114,0.3753,0.8298,0.4072,1.0274,1.0566,0.4080,0.3785,0.7817,0.8652,0.6967,11.0805
83400000,710218376,388551,339,296,44,35,2438,0.3825,0.3989,0.4132,0.3666,0.3815,0.4138,0.7421,0.4063,0.7848,2.0099,2.0655,0.4076,0.3820,0.3849,0.4312,0.6959,10.6668
83600000,710685295,388567,344,295,53,41,2554,0.3785,0.3842,0.3927,0.3741,0.3791,0.4101,0.3716,0.3957,0.4088,1.0338,1.0553,0.4072,0.3720,0.3893,0.4290,0.6949,7.8761
83800000,710941681,388540,365,295,56,45,2530,0.7739,0.7875,0.8246,0.3689,0.3908,0.4162,0.3755,0.7917,0.4092,2.0887,2.1387,0.3951,0.7653,0.7893,0.4298,1.4082,13.1535
84000000,711282547,388553,356,297,62,53,2721,0.1804,0.1915,0.6175,0.3706,0.3806,0.4152,0.3706,0.1922,0.4084,0.4951,1.5785,0.3996,0.5827,0.5875,0.4260,0.3470,7.5433
84200000,711641664,388510,392,298,68,64,3630,0.3660,0.7512,1.6156,1.0948,0.3888,1.2202,0.3674,0.7783,1.1904,1.0321,4.1232,1.1853,1.5198,1.5214,1.2603,1.3714,19.7861
84400000,711746944,388512,405,298,72,47,3143,0.1824,0.1891,1.0138,0.7360,0.1904,0.2139,0.1892,0.2040,0.8036,0.5644,0.5770,0.1998,0.2022,0.1987,0.2112,1.0331,6.7085
84600000,712189788,388496,396,300,59,57,3031,0.1217,0.1256,0.1300,0.1172,0.1251,0.1327,0.1228,0.1267,0.1306,0.3394,0.3480,0.1330,0.1259,0.1269,0.1366,0.9223,3.2646
84800000,712564325,388496,387,300,55,46,2852,0.3740,0.4069,0.3928,0.3679,0.7509,0.8167,0.3734,0.4082,0.4132,1.0304,1.0561,0.7960,0.7685,0.3851,0.8078,0.6956,9.8435
85000000,713187280,388562,375,303,37,61,2506,0.3584,0.3802,0.3848,0.3445,1.1128,0.3940,0.7576,0.3912,0.3735,2.0782,2.1251,1.2066,0.3769,0.3739,0.4124,0.6979,11.7680
85200000,713569569,388651,374,304,43,46,2064,0.3632,0.3838,0.7853,0.7106,0.3798,0.4129,0.3617,0.3902,0.3869,3.1647,3.2342,0.3999,0.3907,0.3898,0.4234,1.3957,13.5728
85400000,713869866,388682,379,304,42,51,1932,0.3816,0.3952,1.1806,1.0578,0.7655,0.8227,0.7570,0.4099,0.4061,4.1411,4.2341,0.7991,0.4103,0.3791,0.4762,0.6999,17.3163
85600000,714363658,388727,396,306,47,58,2758,0.3722,0.7811,1.6078,1.4617,0.3706,0.4106,0.3761,0.4005,0.4053,5.2355,5.3521,1.2093,0.3687,0.7768,0.3931,1.4143,20.9354
85800000,714691616,388675,397,306,43,62,2386,0.3756,1.1821,0.3861,0.3735,0.3721,0.8266,0.7756,0.8009,0.4174,1.0993,6.4840,1.6355,0.7587,0.3720,0.8179,0.6971,17.3744
86000000,715123464,388648,396,306,43,56,2218,0.1902,0.1973,0.2037,0.1861,0.1829,0.1902,0.1850,0.2151,0.2040,0.5449,0.5579,0.2028,0.2048,0.1992,0.2165,0.6970,4.3778
86200000,715705880,388744,385,306,34,60,2061,0.3647,0.3939,0.3869,0.3530,0.3610,0.3985,0.3806,0.3824,0.3865,0.9849,1.0141,0.3907,0.3965,0.3818,0.4176,0.6964,7.6896
86400000,715860245,388656,366,307,38,56,1709,0.3798,0.7868,0.7914,0.7073,0.3832,0.4270,0.3724,0.4243,0.4160,1.1152,1.1334,0.3999,0.4101,0.3927,0.8317,1.3699,10.3410
86600000,716088468,388636,368,308,43,58,1674,0.1787,0.1939,0.5979,0.1798,0.1870,0.1959,0.1789,0.1896,0.2066,0.5283,0.5360,0.1999,0.1944,0.1882,0.2096,1.0392,5.0040
86800000,716556138,388621,360,308,34,54,1616,0.3716,0.3950,0.4164,0.3788,0.3691,0.4073,0.3566,0.3793,0.4115,1.0142,1.0376,0.3941,0.7898,0.3992,0.4214,0.6985,8.2402
87000000,716955423,388596,356,308,27,59,2745,0.3755,0.3807,0.3997,0.7290,0.3784,0.4203,0.7311,0.4246,0.4145,2.0150,2.0621,0.3986,1.1514,0.3790,0.4221,1.3733,12.0552
87200000,717186808,388593,360,308,46,50,1968,0.3679,0.7656,0.7983,0.3792,0.3771,0.8446,0.3794,0.3961,0.8346,3.1021,3.1716,0.8302,1.5472,0.7772,0.4207,2.0787,17.0703
87400000,717598730,388606,369,308,31,52,1596,0.3710,0.4045,0.3879,0.3556,0.3666,0.3784,0.3638,0.4215,0.4079,1.0781,4.2473,0.3875,0.3744,0.4016,0.8461,0.6990,11.4912
87600000,718093544,388578,387,307,43,51,2364,0.3663,0.1873,0.3869,0.3599,0.3676,0.1950,0.3642,0.1937,0.4054,0.5197,0.5324,0.1934,0.3798,0.3894,0.6320,0.3493,5.8225
87800000,718684260,388655,418,307,54,53,2511,1.1131,0.7492,0.3929,1.1192,1.1375,0.4115,1.1175,0.4018,1.2257,0.9948,2.1150,0.8085,1.1616,1.1745,0.4278,1.4140,15.7648
88000000,718984793,388675,441,307,75,59,3512,0.3699,0.4045,0.3975,0.3653,0.3661,0.4161,0.3913,0.3913,0.4016,1.0551,1.0805,0.3968,0.3892,0.3876,0.4164,0.6968,7.9259
88200000,719582645,388728,457,307,51,72,2974,0.7519,0.3754,0.4082,0.7358,0.7493,0.4181,0.3638,0.3838,0.8189,2.1428,2.1953,0.4132,0.3707,0.3790,0.3937,0.6973,11.5972
88400000,720074946,388842,480,307,56,56,3136,1.1154,0.3831,0.4012,0.3544,0.3718,0.4039,0.3682,0.4006,1.1960,1.0281,3.2314,0.4005,0.7571,0.4044,0.8098,1.3890,13.0147
88600000,720352117,388825,502,307,65,69,3779,0.3700,0.3844,0.4072,0.3732,0.3708,0.4322,0.3698,0.3872,0.4062,1.0441,1.0722,0.4008,0.3951,0.3894,0.4532,0.7000,7.9559
88800000,720564130,388774,525,307,67,72,4118,0.3744,0.3972,0.3927,0.3658,0.3748,0.8610,0.3784,0.4380,0.4206,2.1018,2.1527,0.3965,0.3980,0.4114,0.4484,0.6964,10.6083
89000000,720800583,388756,526,307,72,54,4012,0.3823,0.7734,0.4012,0.3623,0.3799,0.4452,0.3645,0.4106,0.4116,1.0563,1.0800,0.4007,0.3935,0.3816,0.4222,0.6966,8.3618
89200000,721042656,388754,514,307,81,79,3972,0.3646,0.3879,0.4015,0.3633,0.3548,0.4170,0.3536,0.4039,0.3934,1.0899,1.1150,0.4257,0.3731,0.3952,0.4483,0.6979,7.9850
89400000,721523411,388838,504,277,58,61,3953,0.3621,0.3954,0.3991,0.3605,0.3529,0.3970,0.3464,0.4158,0.3893,1.0353,1.0611,0.3952,0.3727,0.3616,0.8726,0.6958,8.2128
89600000,721877618,388875,507,277,72,70,3926,0.7112,0.4136,0.3876,0.7224,0.7141,0.7892,0.7135,0.8181,0.4113,1.0491,1.0776,0.4008,0.7636,0.3605,1.2667,0.6983,11.2974
89800000,722274637,388905,496,279,74,76,4078,0.1893,0.4089,0.3917,0.5438,0.1899,0.5941,0.5391,0.6121,0.2107,1.0292,1.0562,0.4084,0.5739,0.3789,0.2199,0.3502,7.6962
90000000,722753824,388950,474,307,56,64,3192,0.1205,0.1234,0.1242,0.1180,0.1212,0.1321,0.1198,0.1233,0.1228,0.3373,0.3445,0.1288,0.1237,0.1205,0.1338,0.2262,2.5200
90200000,722976310,388948,487,308,57,67,3251,0.1819,0.0933,0.0994,0.0906,0.1801,0.1990,0.0894,0.1912,0.0995,0.2543,0.2608,0.1033,0.0949,0.0943,0.1012,0.3405,2.4736
90400000,723306022,388948,479,308,58,68,3208,0.3714,0.3948,0.3958,0.3632,0.3780,0.4122,0.3687,0.4028,0.4057,1.0442,1.0681,0.4110,0.7703,0.4027,0.4324,0.6980,8.3192
90600000,723555334,388918,497,308,63,74,3008,0.3734,0.4093,0.4017,0.7162,0.7383,0.4169,0.3984,0.7928,0.4019,1.0769,1.1033,0.4002,0.3947,0.3942,0.4378,1.3730,9.8291
90800000,723820617,388885,491,309,69,80,2849,0.1902,0.1930,0.1996,0.1886,0.1913,0.2123,0.1900,0.2066,0.2027,0.5027,0.5164,0.2025,0.1991,0.3910,0.2159,0.3456,4.1475
91000000,724123363,388974,485,310,56,103,3452,0.7604,0.3971,0.8087,0.3782,0.3793,0.4183,0.7709,0.4247,0.8295,2.0449,2.1023,0.4066,0.7962,1.1894,0.4260,1.4034,13.5360
91200000,724442610,388973,506,311,66,73,2782,0.3680,0.3972,0.4104,0.3655,0.3850,0.4078,0.3560,0.4159,1.2373,3.0945,3.1782,0.4074,0.3987,0.3902,0.4493,0.6978,12.9591
91400000,724651227,389055,530,312,83,77,3884,0.3802,0.4047,0.4095,0.3777,0.3730,0.4024,0.3629,0.3989,0.4065,1.1008,1.1228,0.4040,0.4019,0.4050,0.4266,0.6961,8.0731
91600000,725052071,389163,561,315,72,92,3783,0.3688,0.3879,0.3943,0.3555,0.3732,0.4020,0.3598,0.4129,0.4022,1.0726,1.0946,0.3988,0.3866,0.3935,0.4124,0.6962,7.9112
91800000,725199916,389087,574,316,81,74,4263,0.3679,0.3945,0.3997,0.3556,0.3709,0.1932,0.3660,0.1892,0.4135,0.5381,1.1056,0.2056,0.3842,0.3900,0.2177,0.6970,6.5886
92000000,725486367,389088,569,316,79,72,4254,0.1267,0.1375,0.1293,0.1297,0.1259,0.1390,0.1267,0.1359,0.1428,0.3632,0.3722,0.1388,0.1297,0.1303,0.1508,0.6974,3.1759
92200000,725791548,389047,550,322,85,68,3373,0.3717,0.3837,0.3929,0.7636,0.3895,0.4073,0.7632,0.4325,0.4155,1.0135,1.0314,0.4174,0.3994,0.3886,0.8730,0.6977,9.1406
92400000,726140934,389142,549,323,82,54,3976,0.3899,0.4040,0.4210,0.3766,0.3744,0.4338,0.3670,0.4137,0.4194,0.9916,1.0179,0.3909,0.3889,0.4061,0.4269,0.6953,7.9174
92600000,726396089,389112,548,323,83,55,4163,0.3806,0.4020,0.4013,0.3774,0.3829,0.4297,0.3858,0.3923,0.4110,2.0122,2.0612,0.3955,0.3943,0.3966,0.4358,0.6977,9.9562
92800000,726708039,389085,531,324,72,46,3439,0.3667,0.3972,0.3900,0.3692,0.7706,0.4003,0.7670,0.7983,0.3992,3.0702,3.1376,0.4049,0.4036,0.7985,0.4393,0.6997,13.6123
93000000,726883731,389108,535,325,88,61,3706,0.3714,0.3919,0.4008,0.3842,0.3857,0.4225,0.3887,0.4183,0.4127,1.0347,1.0583,0.4080,0.3976,1.2256,0.9034,1.4291,10.0329
93200000,727200103,389128,532,325,87,41,3346,0.3805,0.3895,0.3920,0.3587,0.3612,0.4221,0.3580,0.4078,0.4350,1.0790,1.1040,0.4175,0.3858,0.3931,0.4415,0.6978,8.0237
93400000,727385890,389147,519,326,80,63,2917,0.3751,0.3951,0.4152,0.3820,0.3705,0.4018,0.3654,0.4146,0.4129,2.0889,2.1387,0.4147,0.3938,0.4039,0.4349,0.6997,10.1071
93600000,727732393,389130,508,328,76,44,2652,0.3705,0.3832,0.3839,0.3690,0.3747,0.4099,0.3965,0.4041,0.4127,3.1630,3.2380,0.4212,0.3856,0.3849,0.4177,0.6990,12.2137
93800000,728140417,389182,495,329,66,49,2391,0.3714,0.3759,0.3910,0.3664,0.4013,0.4021,0.7670,0.7987,0.8276,4.1679,4.2661,0.8161,0.7666,0.7677,0.4378,1.3986,17.3221
94000000,728475283,389090,501,330,47,50,3636,0.1928,0.1985,0.2100,0.1880,0.1915,0.2065,0.1889,0.2024,0.6184,2.6013,2.6624,0.2019,0.1953,0.1911,0.2121,1.0501,9.3111
94200000,728839869,389098,531,332,67,61,3136,0.3589,0.3711,0.3844,0.3728,0.3752,0.4001,0.3729,0.4073,0.4077,1.0249,1.0401,0.4151,0.3852,0.3996,0.4139,2.7797,9.9089
94400000,729262368,389099,501,333,68,67,3043,0.7227,0.3792,0.7676,0.3750,0.7528,0.7929,0.7174,0.3873,0.8064,2.0554,1.0730,0.8312,0.7699,0.7801,0.8379,3.4330,15.4818
94600000,729657889,389071,506,336,58,68,2847,0.1853,0.1926,0.1984,0.1846,0.1781,0.1993,0.1821,0.2011,0.1981,1.5388,0.5179,0.2054,0.5835,0.1917,0.2106,0.3472,5.3149
94800000,729664890,388934,496,338,50,44,2462,0.2517,0.2595,0.1329,0.1247,0.1282,0.2696,0.1236,0.1395,0.1411,1.4081,0.3850,0.1348,0.1307,0.1322,0.1460,0.4632,4.3709
95000000,729803766,388876,500,339,52,64,2552,0.0995,0.1009,0.0996,0.0962,0.0980,0.1035,0.0957,0.1066,0.1105,0.2877,0.2937,0.1055,0.1051,0.0997,0.2238,0.1778,2.2040
95200000,730130064,388861,512,339,67,53,3453,0.3579,0.3940,0.4086,0.3607,0.3763,0.4033,0.3635,0.3899,0.4044,2.2477,2.2949,0.4140,0.3865,0.3811,0.4394,0.6986,10.3207
95400000,730537607,388966,515,340,56,72,2330,0.3629,0.3849,0.4033,0.3638,0.3766,0.3964,0.3639,0.4005,0.4137,1.6421,1.6779,0.4174,0.3873,0.3801,0.4351,0.6986,9.1046
95600000,730548793,388896,496,340,62,79,2444,0.3850,0.4064,1.2311,1.1182,1.1343,1.2101,1.1133,1.2350,1.2575,4.3681,4.4667,0.4217,0.3963,1.1523,0.4647,0.6982,21.0588
95800000,731056920,388987,529,342,47,51,2530,0.1856,0.3998,0.2072,0.1772,0.7533,0.2003,0.1858,0.1975,0.8332,0.5131,0.5247,0.2050,0.1846,0.1914,0.2005,0.6973,5.6565
96000000,731281660,388927,526,342,69,63,2688,0.2477,0.1320,0.1386,0.1222,0.6277,0.2734,0.1246,0.1372,0.1401,0.3505,0.3587,0.1388,0.2537,0.2605,0.1456,0.2353,3.6865
96200000,731475471,388992,555,344,71,79,3888,1.1493,0.8147,0.8225,0.7611,2.3085,1.2588,0.7492,0.8324,0.8427,2.1762,2.2326,0.8232,1.1661,1.2035,0.4561,1.4243,19.0209
96400000,731834857,389049,546,346,64,67,3502,1.5247,0.4020,0.3985,0.3763,0.3729,1.6556,1.0901,0.3804,0.4143,3.1354,3.2189,1.2334,0.3902,0.3982,0.8920,0.6965,16.5795
96600000,732075938,388925,539,346,64,71,2945,0.3669,0.3985,0.4000,0.7527,0.3593,0.4275,0.3758,0.4058,0.4147,1.0801,1.1115,0.4146,0.3970,0.3852,1.3261,0.6983,9.3138
96800000,732350633,388846,542,346,57,72,2742,0.3701,0.3918,0.3928,0.3852,0.3871,0.4116,0.3679,0.4015,0.4246,1.0965,1.1171,0.4002,0.3869,0.7717,0.4329,1.3861,9.1239
97000000,732538891,388866,581,346,84,61,3248,0.3674,0.3933,0.4113,0.3756,0.3737,0.4018,0.3766,0.4258,0.3996,1.0577,1.0830,0.3948,0.3949,0.4083,0.8569,0.6980,8.4188
97200000,732738252,388809,569,346,63,56,2884,0.3709,0.8179,0.4062,0.3717,0.7693,0.8366,0.7837,0.4018,0.4098,1.0743,1.0995,0.8212,0.3795,0.3878,1.3294,1.4311,11.6908
97400000,733066165,388798,596,346,68,57,3585,0.3721,0.3825,0.3863,0.3704,0.3840,0.3986,0.3736,0.8005,0.4078,2.1081,2.1656,0.3953,0.3771,0.7719,0.4007,0.6987,10.7930
97600000,733408271,388794,558,346,63,54,3692,0.3682,0.3708,0.3948,0.3854,0.3873,0.4226,0.3711,0.4141,0.8315,1.0542,1.0775,0.4217,0.3813,0.3892,0.8198,0.6976,8.7868
97800000,733514141,388840,557,349,65,65,3224,0.3838,0.3823,0.4022,0.3853,0.3693,0.4302,0.3872,0.4235,0.4233,1.0767,1.1044,0.4176,0.3913,0.4012,1.2620,0.6991,8.9393
98000000,733858335,388828,540,350,59,53,2307,0.1876,0.1958,0.2025,0.1839,0.1857,0.2104,0.1852,0.2015,0.1995,1.0616,1.0888,0.2104,0.1843,0.1930,0.2148,0.6978,5.4029
98200000,734337916,388917,523,353,52,61,2263,0.1238,0.2516,0.1385,0.1233,0.2463,0.1348,0.1209,0.2670,0.1424,0.3500,0.3573,0.1287,0.1233,0.1283,0.2816,0.2307,3.1485
98400000,734591915,388976,521,356,54,48,2318,0.3852,0.3690,0.8341,0.3728,0.3893,0.4132,0.7559,0.3992,0.4110,2.1394,2.1916,0.3935,0.3822,0.3858,1.2962,0.6980,11.8164
98600000,734838067,388988,529,356,51,78,2496,0.3798,0.3919,0.4020,0.3663,0.3881,0.3921,1.1055,0.4186,0.4145,3.1359,3.2172,0.4047,0.7678,0.3836,0.4574,0.6972,13.3226
Report usecs used: 2504851
Report usecs used: 5201518
That is 2 seconds
That is 5 seconds
Setup usecs used: 0
That is 0 seconds
Seeding usecs used: 5065533
That is 5 seconds
Random usecs used: 30234378
That is 30 seconds
Execute usecs used: 126663354
That is 126 seconds
Setup usecs used: 0
Cell Splitting usecs used: 11429339
That is 0 seconds
That is 11 seconds
Seeding usecs used: 5148771
That is 5 seconds
Random usecs used: 30688534
That is 30 seconds
Execute usecs used: 128338853
That is 128 seconds
Cell Splitting usecs used: 11593367
That is 11 seconds
Report usecs used: 1495312
That is 1 seconds
Setup usecs used: 0
That is 0 seconds
Seeding usecs used: 3126034
That is 3 seconds
Random usecs used: 28232768
That is 28 seconds
Execute usecs used: 134856488
That is 134 seconds
Cell Splitting usecs used: 15446949
That is 15 seconds
Report usecs used: 1352279
That is 1 seconds
Setup usecs used: 0
That is 0 seconds
Seeding usecs used: 2793002
That is 2 seconds
Random usecs used: 25964887
That is 25 seconds
Execute usecs used: 134407295
That is 134 seconds
Cell Splitting usecs used: 17368885
That is 17 seconds

real	3m18.218s
user	13m2.486s
sys	0m5.933s
