### FIRST RUN ###
200000,38329210,50288,0,2,0,0,0,0.0952,0.1142,0.1185,0.1022,0.1043,0.1185,0.1148,0.1231,0.1163,0.3024,0.3073,0.1151,0.1137,0.1132,0.1198,0.0900,2.1685
400000,69413159,93214,0,2,0,1,0,0.0727,0.0782,0.0819,0.0753,0.1213,0.0809,0.1288,0.1383,0.0793,0.3102,0.3162,0.0791,0.1302,0.1285,0.0788,0.1352,2.0350
600000,97447325,130000,1,3,0,0,4,0.0571,0.0591,0.1123,0.0573,0.0567,0.0610,0.0574,0.0625,0.0594,0.3134,0.1221,0.1094,0.0589,0.1394,0.1063,0.0806,1.5130
[EVENT] Viable replicators have appeared!
800000,123046056,161275,2,4,1,1,6,0.0881,0.0911,0.0510,0.0478,0.0880,0.0929,0.0891,0.0501,0.0921,0.0921,0.1817,0.1277,0.0483,0.0484,0.1227,0.0699,1.3812
1000000,147020685,188783,1,11,0,0,0,0.1774,0.1767,0.1861,0.3331,0.4691,0.1822,0.4758,0.1802,0.1788,0.6470,0.9567,0.6095,0.3400,0.1746,0.1722,0.2692,5.5287
1200000,169317291,212175,1,4,0,0,0,0.3569,0.3521,0.3728,0.1814,0.1821,0.1912,0.1840,0.3674,0.1890,0.3457,0.3554,0.1876,0.5106,0.3502,0.3414,0.2895,4.7572
1400000,190632190,232401,1,4,0,0,1,0.2716,0.2712,0.1037,0.0982,0.0968,0.1013,0.1870,0.1009,0.1927,0.1785,0.3566,0.0994,0.0984,0.0993,0.2612,0.2987,2.8156
1600000,210465333,249338,3,4,0,0,0,0.2463,0.0661,0.1375,0.1301,0.0645,0.0666,0.0658,0.1348,0.0661,0.2365,0.3584,0.0662,0.0651,0.1311,0.2365,0.1075,2.1792
1800000,228793865,263894,5,6,0,4,7,0.9255,0.3959,0.2073,0.5807,0.3884,0.4023,0.3900,0.6045,0.3973,1.0597,1.4279,0.3956,0.3921,0.5850,0.1930,0.6495,8.9946
2000000,246656225,276520,4,6,0,3,27,0.2056,0.2056,0.2140,0.2008,0.2008,0.2075,0.2011,0.8062,0.5967,1.4111,0.3782,0.2025,0.5870,0.2000,0.3836,0.3435,6.3442
2200000,263756819,287951,10,5,7,5,340,0.2074,0.4099,0.4249,0.3986,0.2033,0.2157,0.2057,0.9975,0.7898,1.7481,0.3846,0.4072,0.2082,0.4024,0.5725,0.6879,8.2638
2400000,279764517,297458,12,11,4,4,230,0.2095,0.3121,0.1088,0.1043,0.1054,0.2139,0.1033,0.6062,0.5008,1.0635,0.1982,0.1066,0.2093,0.3051,0.3874,0.1811,4.7156
2600000,294876999,305665,20,14,15,3,547,0.6408,0.8498,0.4438,0.4225,0.4265,0.6536,0.4203,1.4482,1.2295,2.5372,0.7951,0.4329,0.6383,0.8302,0.9899,0.3688,13.1274
2800000,310151442,313617,19,21,12,8,506,0.8205,0.2169,0.2230,0.6074,0.6130,0.8329,0.2138,1.5791,0.2169,2.7612,1.1421,0.2205,0.8146,0.9956,1.1316,0.7197,13.1088
3000000,324771627,320616,16,28,13,2,694,0.5233,0.2179,0.2243,0.1063,0.1064,0.5294,0.2140,0.9082,0.2186,1.5856,0.1961,0.2202,0.5179,0.6106,0.1017,0.5515,6.8319
3200000,338945231,326800,19,34,14,5,670,1.2390,0.6476,0.6636,0.4240,0.4228,1.2527,0.6300,1.9889,0.2237,3.4661,0.7842,0.6493,1.2273,1.4036,0.4087,1.4568,16.8884
3400000,352778415,332328,17,33,12,7,501,0.1111,0.1115,0.4477,0.1074,0.1085,0.7463,0.4257,0.1129,0.2238,1.9481,0.2005,0.1091,0.1104,0.8185,0.1025,0.9297,6.6139
3600000,365601268,336905,13,33,4,11,208,0.4505,0.4535,1.1361,0.4371,0.4383,1.7341,1.0797,0.2287,0.2260,4.3287,0.8204,0.4459,0.4474,1.8758,0.4235,2.2704,16.7962
3800000,377925453,341313,17,33,1,2,106,0.2277,0.6743,1.3491,0.6505,0.2213,0.2314,0.2225,0.2283,0.2293,4.6413,1.2226,0.2290,0.6647,2.0589,0.2169,0.4011,13.4687
4000000,389697318,344946,14,33,6,3,120,0.4639,0.9347,0.2369,0.2224,0.4508,0.4715,0.4540,0.4688,0.4689,5.2487,1.6930,0.4703,0.9200,0.2297,0.4444,0.8228,14.0008
4200000,401221778,348352,11,33,2,2,115,0.2296,0.2287,0.2367,0.2253,0.6633,0.6930,0.2249,0.2318,0.2265,5.5221,2.0733,0.2328,0.2298,0.4489,0.6507,0.4082,12.5256
4400000,412310336,351732,14,13,3,1,176,0.4646,0.4675,0.4791,0.2223,0.9017,0.2330,0.4523,0.2308,0.2312,6.0547,2.5402,0.4717,0.4634,0.6890,0.8829,0.8287,15.6131
4600000,423201861,354248,18,13,6,5,34,0.3450,0.3455,0.3561,0.2248,0.5548,0.1224,0.3359,0.1220,0.2325,0.2153,1.4544,0.3493,0.3434,0.1200,0.5438,0.6148,6.2800
4800000,433303448,356795,20,13,6,16,243,0.0791,0.0801,0.0824,0.0768,0.4448,0.0799,0.0766,0.1606,0.2340,0.2857,1.1124,0.3107,0.0783,0.1587,0.0744,0.5484,3.8828
5000000,443326121,359222,19,30,10,10,82,0.2360,0.4768,0.4917,0.4602,1.5640,0.4776,0.4599,0.7213,0.2362,1.2775,3.7723,1.1636,0.4661,0.7108,0.4443,0.4181,13.3765
5200000,452704440,360893,28,30,3,9,431,0.4774,0.7239,0.2425,0.6979,0.2304,0.2418,0.2318,0.9739,0.4789,0.4264,4.2683,1.4174,0.7087,0.9566,0.2260,0.8462,13.1483
5400000,461874157,362932,24,15,10,9,267,0.2363,0.9682,0.4910,0.2326,0.2294,0.4849,0.2304,1.2261,0.7196,0.8577,4.7537,1.6671,0.2296,1.1996,0.4562,1.2772,15.2594
5600000,471119903,364859,39,33,13,15,1163,0.1206,0.1202,0.3661,0.1165,0.2312,0.3615,0.1164,0.7286,0.4762,0.6420,2.5816,0.1204,0.1188,0.1186,0.3402,0.2141,6.7730
5800000,479799336,366319,39,34,20,22,1039,0.4696,0.2414,0.2473,0.2343,0.2330,0.9368,0.4534,0.2466,1.1552,1.6626,5.3959,0.2397,0.4639,0.4632,0.2316,0.4266,13.1011
6000000,488437700,367776,41,30,12,11,932,0.7066,0.2419,0.4941,0.4671,0.4665,0.2433,0.6818,0.4918,0.2384,0.4327,0.4454,0.4807,0.6981,0.7001,0.4597,0.4290,7.6773
6200000,496276616,368736,45,30,11,14,1378,0.1199,0.2397,0.3725,0.1153,0.1168,0.2419,0.1159,0.3694,0.1209,0.4354,0.4480,0.3641,0.4698,0.4699,0.3467,0.4297,4.7759
6400000,504833427,370162,67,30,18,31,1455,0.4719,0.6991,0.9628,0.2365,0.4574,0.7100,0.2334,0.2457,0.4767,1.2693,1.3057,0.2408,0.2366,0.2380,0.8999,1.2587,9.9425
6600000,512989900,371548,45,18,23,31,1165,0.2407,0.9742,0.2468,0.2355,0.2326,0.2417,0.2370,0.4988,0.7407,1.7580,1.8100,0.2393,0.4870,0.2390,0.2281,1.7490,10.1586
6800000,520971322,372778,44,25,17,15,1039,0.4781,0.2441,0.2487,0.2360,0.2380,0.2473,0.4695,0.2473,0.9647,2.1502,0.4464,0.4771,0.2417,0.4724,0.2324,2.1417,9.5355
7000000,528525801,374109,43,36,23,12,1385,0.7369,0.4998,0.2478,0.4788,0.2343,0.5009,0.7200,0.2456,1.2383,2.6630,0.9171,0.7375,0.4895,0.7255,0.4731,2.6449,13.5529
7200000,536152466,375283,48,41,21,39,1461,0.1268,0.1257,0.2510,0.1233,0.1229,0.1284,0.4700,0.1298,0.7216,1.5097,0.6782,0.1290,0.1258,0.4744,0.3482,1.4958,6.9604
7400000,543772329,376131,70,42,19,74,1636,0.2420,0.4921,0.2516,0.4757,0.2357,0.4976,1.1602,0.2521,1.6607,3.4094,1.7920,0.2488,0.4876,0.2411,0.2330,0.4359,12.1156
7600000,550138194,377002,67,46,32,63,2613,0.2440,0.1211,0.2526,0.3613,0.1171,0.3769,0.7074,0.2519,0.9678,1.9566,0.2292,0.2490,0.1200,0.2434,0.2336,0.4370,6.8689
7800000,557125312,377891,68,39,24,39,865,0.2452,0.2453,0.7584,0.2425,0.2377,1.0016,1.6559,0.2471,2.1860,4.3651,0.9172,0.2436,0.4829,0.2401,0.7025,1.3128,15.0838
8000000,563181165,378377,65,46,30,42,1357,0.4939,0.2503,1.0246,0.4872,0.4814,0.2486,1.9175,0.5028,2.4626,4.8720,1.3917,0.2488,0.7377,0.4896,0.2362,1.7688,17.6137
8200000,569284777,378913,57,22,20,28,845,0.7496,0.2515,1.2956,0.7360,0.2413,0.5015,0.2417,0.7630,2.7548,5.4013,1.8777,0.5022,0.9916,0.2429,0.4766,2.2371,19.2644
8400000,574839886,379253,49,22,27,24,1742,0.9912,0.4973,1.5464,0.2438,0.4809,0.7533,0.2432,0.2520,2.9941,5.8278,2.3327,0.7556,1.2355,0.2480,0.7167,2.6691,21.7876
8600000,580919872,379748,45,20,8,24,341,0.2491,0.2514,1.7558,0.4772,0.2414,0.2551,0.4783,0.4986,3.1531,6.1036,2.7266,0.2514,1.4422,0.4863,0.9361,3.0303,22.3365
8800000,586931532,380434,51,22,21,21,979,0.4972,0.2482,2.0188,0.7212,0.2365,0.5077,0.2402,0.2513,3.4164,6.5822,3.2023,0.5037,0.2491,0.2448,1.1783,0.4411,20.5388
9000000,592800043,380935,61,44,23,25,766,0.2481,0.2493,2.2970,0.2437,0.4809,0.7653,0.2431,0.2557,3.6992,7.0924,3.6958,0.7585,0.4995,0.2457,0.2389,0.4433,21.4563
9200000,598179090,381629,59,45,24,31,1350,0.2492,0.5044,2.5929,0.2434,0.7339,1.0359,0.4876,0.5144,0.2502,7.6648,4.2243,0.2497,0.7586,0.5007,0.4806,0.8945,21.3851
9400000,603571079,382054,43,35,10,25,252,0.2492,0.7526,2.8267,0.4871,0.9686,0.2552,0.7267,0.2497,0.4985,8.0389,4.6477,0.4959,0.2510,0.7463,0.7150,0.4438,22.3528
9600000,608707878,382431,39,43,12,35,1479,0.2504,0.5022,0.1301,0.1241,0.6031,0.2543,0.1226,0.2511,0.1278,0.2295,2.5503,0.1268,0.2499,0.4968,0.4791,0.2235,6.7215
9800000,613700379,382724,60,49,15,29,514,0.2509,0.0869,0.0890,0.1657,0.0839,0.2543,0.1638,0.2521,0.1702,0.3082,1.8418,0.1699,0.2502,0.4123,0.3988,0.2997,5.1980
10000000,618745874,383015,71,36,34,61,473,0.9887,0.5115,0.5218,0.7294,0.4884,1.0059,0.7259,0.9998,0.7570,1.3658,5.8997,0.7530,0.9884,1.4652,1.4210,0.4462,19.0677
10200000,623678194,383519,65,36,25,57,2074,1.2473,0.7684,0.2554,0.2474,0.7390,1.2683,0.9802,0.2598,1.0162,0.4573,0.4715,0.2559,0.2472,0.2493,1.6815,0.4475,10.5924
10400000,628292597,383634,47,26,12,34,875,0.2513,0.2532,0.5200,0.2479,0.2458,0.2595,1.2385,0.2534,0.2559,0.4649,0.4804,0.5115,0.2518,0.2483,0.2407,0.8996,6.6226
10600000,632883657,384043,88,34,32,19,1484,0.1268,0.2526,0.3921,0.1243,0.2463,0.2568,0.1216,0.2559,0.2570,0.4615,0.4761,0.3808,0.2523,0.2498,0.1239,0.6715,4.6492
10800000,636987519,384354,127,55,83,31,4210,0.1685,0.0863,0.3509,0.0826,0.0814,0.0861,0.0801,0.2556,0.0851,0.1532,0.1578,0.3393,0.2520,0.0854,0.1643,0.5976,3.0261
11000000,641340581,384787,158,39,149,24,8105,0.7484,0.5152,1.2992,0.4930,0.4843,0.5137,0.4838,1.0139,0.5066,0.9217,0.9491,0.2544,0.9941,0.5049,0.7343,2.2193,12.6358
11200000,645394264,384745,132,38,130,37,7667,0.9519,0.7362,1.4775,0.7086,0.2463,0.2597,0.7048,1.2051,0.7338,1.3348,1.3743,0.4968,1.1812,0.2548,0.9297,0.4503,13.0460
11400000,649477213,385141,113,36,84,33,3878,1.2610,0.2568,1.8289,0.9983,0.5110,0.2618,0.2464,1.5334,1.0338,0.4616,0.4769,0.7826,1.5019,0.5220,0.2489,0.9266,12.8518
11600000,653276997,385269,106,36,64,19,3227,0.7605,0.2570,1.0528,0.6249,0.3805,0.2603,0.2462,0.1294,0.6492,0.4642,0.4783,0.5206,0.8843,0.3895,0.2479,0.6905,8.0362
11800000,656874026,385630,94,41,72,29,3480,0.0851,0.0876,0.7875,0.4984,0.0832,0.2609,0.0845,0.0893,0.5186,0.4646,0.4785,0.4332,0.0856,0.3451,0.2487,0.1517,4.7024
12000000,660985783,386069,114,49,66,25,5634,0.0635,0.1300,0.0660,0.4356,0.1242,0.2605,0.0619,0.1314,0.4532,0.1164,0.4780,0.3878,0.1275,0.3221,0.2476,0.1127,3.5185
12200000,664247809,386240,119,49,72,25,8148,0.2543,0.2574,0.5403,2.0417,0.7584,1.3325,0.5042,0.8002,2.1202,0.9472,0.4826,1.8515,0.2605,0.2570,1.2649,0.9151,14.5881
12400000,667803212,386622,98,50,82,27,4914,0.2542,0.2570,0.4027,1.1402,0.5015,0.7925,0.1267,0.1325,1.1811,0.7062,0.4831,0.1292,0.1288,0.2565,0.7516,0.6809,7.9247
12600000,671141366,386757,97,53,42,28,1963,0.2546,0.2569,0.3567,0.8446,0.4183,0.6165,0.1678,0.1767,0.0870,0.6279,0.4837,0.1735,0.0849,0.2558,0.5861,0.6046,5.9957
12800000,674445356,386937,113,56,62,37,3599,0.2539,0.0635,0.3335,0.6960,0.0620,0.5273,0.1878,0.1975,0.1296,0.5876,0.4826,0.0641,0.0629,0.2563,0.0620,0.5663,4.5329
13000000,678006530,387179,132,56,69,39,3983,0.2522,0.2545,0.2633,3.0131,0.4922,2.3513,0.9951,1.0431,0.7770,2.7999,2.3966,0.5117,0.5058,0.2549,0.4917,2.6971,19.0996
13200000,681335651,387320,157,46,80,64,5976,0.1279,0.1325,0.1344,1.6102,0.1268,0.1323,0.6162,0.6446,0.5142,1.6201,1.4287,0.3840,0.3791,0.1283,0.1261,0.2292,8.3348
13400000,684456785,387174,136,55,63,73,6782,0.0839,0.1743,0.0866,1.1576,0.1679,0.0878,0.4926,0.0871,0.0862,1.2397,1.1162,0.0863,0.0859,0.1707,0.1675,0.1507,5.4409
13600000,687067003,387298,138,59,81,101,8820,0.1273,0.1969,0.1330,0.9273,0.1892,0.1322,0.0639,0.1321,0.1300,1.0462,0.9578,0.1296,0.1291,0.1926,0.1892,0.2274,4.9036
13800000,689778438,387472,149,59,67,53,7354,0.0490,0.2091,0.0510,0.7974,0.2013,0.1581,0.0998,0.1573,0.0504,0.0912,0.0938,0.1549,0.1536,0.2054,0.0488,0.0867,2.6078
14000000,692918564,387526,154,59,101,93,7442,0.2533,1.3221,0.5237,0.2487,0.2484,1.0711,0.7572,1.0639,0.5151,0.9352,0.4842,1.0502,1.0433,0.2555,0.4924,0.4515,10.7155
14200000,696090437,387741,125,62,61,87,4332,0.2515,1.5773,0.7881,0.2494,0.4968,1.3292,0.2506,1.3258,0.7683,1.4036,0.9689,1.3074,1.2963,0.5113,0.2505,0.9017,13.6766
14400000,698957754,387956,105,65,59,47,3979,0.4972,0.2602,0.2665,0.2487,0.2495,1.5521,0.2526,1.5493,1.0066,1.8353,1.4271,1.5310,1.5185,0.7572,0.4926,1.3284,14.7730
14600000,701523638,388169,144,72,54,86,7823,0.1256,0.1278,0.1340,0.2500,0.1223,0.9148,0.2545,0.1320,0.6381,1.1606,0.9619,0.9024,0.8961,0.1267,0.3726,0.8941,8.0137
14800000,704040852,388265,145,81,78,127,11300,0.2546,0.2631,0.5369,0.7467,0.2498,0.2636,0.7599,0.2645,0.2627,2.7878,2.4054,2.0601,0.2607,0.2607,0.9911,0.4529,12.8203
15000000,706418113,388134,117,91,57,112,5329,0.1275,0.2638,0.1342,0.1248,0.1242,0.2631,0.5090,0.2644,0.1279,1.6413,0.2478,1.1629,0.1268,0.2604,0.6201,0.4531,6.4514
15200000,708833502,388398,185,97,84,117,9211,0.1697,0.2638,0.1779,0.1660,0.1660,0.0860,0.0815,0.2662,0.0852,1.2632,0.3290,0.8681,0.1704,0.0838,0.5016,0.4532,5.1316
15400000,710742469,388533,250,100,138,200,16623,0.0651,0.2642,0.0691,0.1882,0.1889,0.1326,0.0652,0.2657,0.1308,1.0640,0.3721,0.7148,0.1937,0.1292,0.4384,0.4537,4.7356
15600000,712181754,388447,225,102,176,193,15202,0.2573,1.3159,0.2656,0.2550,1.0037,0.2662,0.5139,1.3243,0.2634,4.7272,1.9833,3.1167,1.0326,0.2564,1.9973,0.4544,19.0333
15800000,714337339,388627,230,105,128,174,11476,0.5213,0.2626,0.5479,0.2520,0.2537,0.5423,0.7873,0.2634,0.2644,5.3857,0.4941,0.2638,0.2590,0.5250,2.3240,0.9256,13.8719
16000000,717060926,388676,232,110,127,171,11316,0.1290,0.2614,0.4050,0.1275,0.1274,0.4012,0.5135,0.2625,0.2620,2.8916,0.4908,0.2634,0.2550,0.3891,0.1251,0.6848,7.5893
16200000,719205442,388651,207,114,100,117,10551,0.0845,0.2605,0.0899,0.0839,0.1685,0.3569,0.4272,0.2646,0.2623,0.1594,0.4923,0.2635,0.2575,0.0858,0.0836,0.6088,3.9490
16400000,721363736,388665,232,120,129,145,12911,0.0632,0.0647,0.0667,0.0624,0.0628,0.3343,0.0626,0.0668,0.0654,0.2376,0.4915,0.0662,0.0648,0.0643,0.0622,0.5701,2.4058
16600000,723182694,388727,179,131,94,130,7296,0.1021,0.1053,0.1083,0.1011,0.1010,0.3199,0.1024,0.1082,0.1066,0.2880,0.4928,0.1064,0.1037,0.1039,0.0513,0.5465,2.8475
16800000,724802729,388869,267,137,130,172,9097,0.2547,0.2621,0.7887,0.2558,0.7392,1.8141,0.7541,0.7932,0.2617,1.8775,2.8836,0.2663,0.7632,0.7590,0.4998,3.1027,16.0758
17000000,726776298,388785,273,143,179,208,11623,0.2550,0.2612,0.5303,0.2525,0.1267,1.0454,0.5064,0.1336,0.2671,1.1838,1.6968,0.2660,0.1292,0.1274,0.1254,0.2256,7.1324
17200000,728856321,389075,249,146,148,189,9085,0.7644,0.2658,1.3348,0.2507,0.2479,2.3642,0.2490,0.2626,0.7986,2.8601,3.9026,0.2633,0.5167,0.2585,0.5029,0.9074,15.7494
17400000,730691056,389239,285,152,165,228,10802,1.0178,0.5371,1.6006,0.2537,0.4987,2.6177,0.5032,0.2676,1.0591,0.4826,0.4954,0.5251,0.2594,0.2586,0.7524,1.3576,12.4865
17600000,731492537,389150,296,156,177,215,13586,1.2675,0.7969,1.8605,0.5082,0.7497,0.2688,0.7559,0.2721,1.3209,0.9670,0.9934,0.7891,0.2658,0.5182,0.2570,1.8020,13.3930
17800000,732566684,388918,319,161,162,208,13160,1.5254,1.0590,2.1307,0.2536,0.2514,0.2679,1.0122,0.5423,0.2699,1.4554,1.4965,0.2668,0.2640,0.7775,0.5168,2.2554,14.3448
18000000,734479820,389041,318,167,202,221,12840,1.7587,1.3052,2.3670,0.5016,0.5017,0.5321,1.2513,0.7963,0.2699,1.9172,1.9718,0.5256,0.5197,0.2550,0.2529,2.6750,17.4011
18200000,735908186,389209,296,174,157,161,9598,0.2551,1.6542,2.7838,0.7836,0.2487,0.8306,1.5884,0.2677,0.5577,2.5213,2.5922,0.2650,0.8126,0.5316,0.5182,3.3002,19.5107
18400000,737540091,389249,318,186,119,186,11464,0.2572,0.2648,3.0285,0.2559,0.5004,1.0875,0.2558,0.2660,0.8195,2.9862,0.5003,0.5296,1.0649,0.7855,0.2529,3.7257,16.5806
18600000,738360488,389184,371,191,169,182,12215,0.2586,0.2717,0.2725,0.5032,0.2567,1.3357,0.5048,0.2707,0.2684,3.4256,0.5091,0.7850,0.2635,0.2617,0.5075,4.1119,13.8066
18800000,740155140,389108,352,199,176,170,9461,0.5094,0.5342,0.5356,0.7470,0.2514,0.2674,0.7565,0.5307,0.5279,3.8550,0.9918,1.0414,0.5217,0.2574,0.7517,4.5090,16.5880
19000000,741406861,388973,371,206,197,179,10613,0.7601,0.2671,0.2755,0.2523,0.5047,0.5322,0.2594,0.2705,0.7908,4.2788,1.4733,0.2630,0.2620,0.5148,0.9948,0.4565,12.1558
19200000,742576398,388697,379,219,176,242,9987,0.5112,0.1316,0.1375,0.2527,0.3786,0.4008,0.2590,0.2698,0.5316,2.3930,0.2482,0.2654,0.2634,0.3882,0.6313,0.2273,7.2896
19400000,743593474,388751,379,222,158,253,9508,0.4293,0.1746,0.1811,0.2518,0.3395,0.3590,0.0836,0.2704,0.4477,1.7821,0.3335,0.2646,0.2640,0.3470,0.5116,0.3013,6.3409
19600000,745157138,389032,413,227,180,251,15197,1.6169,0.2617,0.8405,1.0482,1.3276,1.4021,0.5178,0.2643,0.2669,6.1323,1.5576,0.2596,0.2616,1.3635,0.2531,1.4089,18.7824
19800000,746488577,388952,450,236,210,356,21401,1.7700,0.2632,1.0516,1.2314,1.4948,1.5776,0.7406,0.5156,0.5228,6.2115,1.9504,0.5053,0.5088,1.5369,0.4904,1.7719,22.1429
20000000,747628313,389166,495,242,246,373,21488,2.0884,0.5390,1.3563,1.5245,0.2560,1.8952,1.0227,0.7964,0.8088,6.8975,2.5086,0.7843,0.7846,0.2632,0.7573,0.4564,22.7392
20200000,748175994,389308,501,248,238,365,17616,1.1697,0.4000,0.1354,0.8869,0.2560,1.0810,0.1286,0.5327,0.5380,3.6834,1.5067,0.5237,0.1316,0.2626,0.5097,0.2293,11.9752
20400000,748838749,389023,488,257,228,332,13184,0.8620,0.3563,0.1820,0.6736,0.0867,0.8083,0.0874,0.4425,0.4473,2.6017,1.1660,0.0896,0.1748,0.2629,0.4248,0.1545,8.8203
20600000,749462956,388823,476,266,243,331,17583,0.2594,0.2694,0.7936,2.2081,0.2573,2.6143,0.5085,1.5528,1.5684,8.0370,3.8879,0.5261,0.2638,1.0274,1.4910,0.9063,26.1713
20800000,750605682,388736,456,270,225,365,21597,0.1279,0.2690,0.5326,0.1262,0.1267,1.4472,0.1283,0.1333,0.1334,4.2790,2.2037,0.1314,0.2617,0.6459,0.8768,0.6826,12.1057
21000000,751454791,388722,475,273,221,345,20443,0.2574,0.7999,0.2718,0.5049,0.5069,3.1557,0.5121,0.2679,0.5401,9.0259,4.9004,0.5293,0.7843,1.5486,2.0020,1.8193,27.4263
21200000,751756555,388734,485,277,263,353,22568,0.5147,1.0603,0.2776,0.7584,0.7567,3.3893,0.7626,0.2803,0.8089,9.4074,5.3483,0.2700,0.2681,1.7951,0.2654,2.2567,28.2199
21400000,752980157,388748,520,281,222,337,19533,0.8062,1.3922,0.2699,0.2565,1.0616,0.2694,1.0625,0.2679,1.1255,10.4940,6.1905,0.2668,0.5487,2.1685,0.5319,2.8562,29.5683
21600000,754068197,388952,501,287,240,332,19217,0.2577,1.6202,0.5339,0.5039,1.2851,0.5308,1.2902,0.5327,1.3646,10.6888,6.5179,0.5265,0.7970,0.2612,0.7711,0.4569,27.9386
21800000,755294386,389050,496,290,206,294,14152,0.5209,1.9039,0.8171,0.2528,0.2571,0.8057,1.5547,0.8110,1.6524,0.4783,7.0838,0.7986,0.2586,0.2625,1.0287,0.9182,19.4042
22000000,755961402,389112,581,298,246,342,18863,0.3884,1.0770,0.5418,0.2558,0.1259,0.5382,0.9022,0.5366,0.9550,0.4845,3.7655,0.1348,0.2613,0.2627,0.6405,0.2306,11.1007
22200000,756720098,389294,610,311,249,502,21029,1.0498,2.4629,1.3765,0.2581,0.5114,0.2740,2.1003,1.3639,0.2734,0.4904,8.1809,0.5437,0.7959,0.8004,1.5652,0.4566,22.5034
22400000,757145976,389204,643,310,239,459,17935,1.2946,2.6941,1.6280,0.2590,0.2596,0.2729,2.3200,1.6094,0.5414,0.9716,8.5479,0.2682,1.0484,1.0545,1.8016,0.4587,25.0300
22600000,757609900,389261,753,312,310,532,20975,0.7779,1.4834,0.9521,0.2573,0.2564,0.2735,1.2891,0.9410,0.4082,0.2437,0.2500,0.2686,0.6571,0.1335,1.0297,0.4584,9.6799
22800000,758482192,389250,803,319,325,664,24002,0.0886,1.0634,0.7171,0.0876,0.0868,0.0924,0.9344,0.7092,0.3619,0.3270,0.3354,0.2679,0.5214,0.0912,0.7625,0.4579,6.9048
23000000,758490207,389179,793,319,283,578,18457,0.0654,0.0661,0.0685,0.1292,0.0640,0.0676,0.0652,0.5997,0.3403,0.3680,0.3779,0.0672,0.4573,0.0667,0.0656,0.4585,3.3270
23200000,758857172,389278,830,322,298,643,17740,0.2609,0.5265,0.2743,0.2557,0.2568,0.5387,0.5167,2.6455,1.6179,1.9488,2.0018,0.5318,2.0697,0.5261,0.2573,2.2735,16.5020
23400000,759268596,389417,909,327,307,724,19440,0.2574,0.8096,0.2766,0.2567,0.5164,0.2702,0.7882,0.2669,1.9355,2.4869,2.5543,0.8171,2.3901,0.8017,0.2546,0.4585,15.1407
23600000,759494411,389286,997,332,360,738,27442,0.2602,1.0887,0.5521,0.5166,0.2589,0.2752,1.0571,0.2698,2.2287,3.0040,3.0856,1.0993,0.2618,1.0757,0.5181,0.9245,16.4762
23800000,759580508,389275,1032,340,393,820,27371,0.2600,0.6784,0.1408,0.3862,0.2595,0.1388,0.6587,0.2708,1.2449,1.7419,1.7905,0.6827,0.1319,0.6691,0.3881,0.6907,10.1330
24000000,759857932,389120,1026,350,396,846,23539,0.7740,1.6123,0.5511,1.0231,0.7681,0.5461,1.5607,0.2669,0.2753,3.9436,4.0530,0.2653,0.2677,1.5906,1.0242,1.8281,20.3500
24200000,759902995,389018,1060,356,354,888,25922,1.0292,1.8772,0.8220,0.2562,1.0205,0.8201,0.2637,0.5333,0.5452,4.4106,0.5002,0.5371,0.5335,1.8431,1.2802,2.2782,18.5504
24400000,760369552,388922,1214,360,452,1026,30539,0.1276,0.1325,0.5483,0.2560,0.6428,0.5492,0.2583,0.1337,0.4117,0.2416,0.5016,0.4036,0.1279,0.1274,0.7761,0.2258,5.4642
24600000,760655122,388710,1263,365,473,1091,35086,0.2570,0.5254,1.3347,0.2582,1.4998,1.3319,0.7579,0.5299,0.2712,0.4835,1.4667,1.0505,0.5083,0.5110,0.2631,0.8947,11.9438
24800000,760249168,388489,1286,375,433,1191,31024,0.5163,0.2742,1.6174,0.5182,0.2579,1.6121,1.0165,0.2722,0.2761,0.9687,1.9700,1.3240,0.2654,0.2647,0.5215,1.3568,13.0319
25000000,759985684,388174,1331,381,444,1022,26048,0.2589,0.2738,2.0006,0.8147,0.5322,1.9922,0.2548,0.5635,0.5713,1.5248,2.6084,1.6883,0.5485,0.2661,0.2619,0.4586,14.6187
25200000,760078979,388128,1356,384,436,986,22508,0.5054,0.2719,0.2752,1.0293,0.7610,0.2740,0.5002,0.2691,0.8158,1.9411,2.9825,0.2689,0.2638,0.2666,0.5088,0.4574,11.3911
25400000,759959005,387824,1342,396,456,1011,26650,0.2582,0.2722,0.2752,1.2974,1.0243,0.5494,0.7622,0.5431,0.2764,0.4919,3.5152,0.2716,0.5286,0.5333,0.7719,0.4578,11.8287
25600000,760618124,388001,1270,398,418,960,28868,0.2568,0.2701,0.2738,0.1274,0.1296,0.4088,0.5078,0.4058,0.1352,0.2416,1.9966,0.2704,0.3954,0.1311,0.1289,0.4566,6.1358
25800000,760698630,387890,1312,403,439,947,28345,0.7678,0.8034,0.8172,0.2550,0.5135,1.0877,1.2653,1.0730,0.5375,0.9746,4.4669,0.8061,1.0460,0.2645,0.2546,0.4578,15.3909
26000000,760885105,387909,1227,410,356,830,27029,1.0572,1.1053,1.1201,0.2536,0.2540,1.4028,0.2537,0.2698,0.8290,1.5032,5.1430,0.2695,1.3490,0.5379,0.2577,0.9329,16.5388
26200000,761139984,387859,1262,421,345,874,21281,1.2919,0.2687,1.3674,0.5021,0.5037,1.6392,0.2554,0.5360,1.0783,0.4868,5.5222,0.2721,0.2590,0.2687,0.5142,1.3681,16.1338
26400000,761336395,387684,1212,423,345,859,27615,1.5470,0.5368,1.6305,0.2599,0.2580,0.2704,0.5127,0.8073,1.3473,0.4920,6.0082,0.2716,0.5215,0.5315,0.2531,1.8206,17.0682
26600000,761823081,387710,1265,429,402,1004,29582,0.1319,0.3997,0.1394,0.2578,0.1299,0.1387,0.1323,0.5319,0.1375,0.4900,3.1912,0.2676,0.1340,0.3942,0.1312,0.2331,6.8401
26800000,762043171,387992,1446,434,406,1066,33500,0.5337,1.1028,0.2684,0.2569,0.5237,0.5617,0.5343,1.3825,0.5585,1.5134,7.1815,0.8230,0.5403,1.0856,0.2556,0.9444,18.0664
27000000,761620243,387551,1445,437,449,1163,34112,0.3929,0.6793,0.2712,0.2565,0.1309,0.4171,0.1313,0.8148,0.1401,0.2533,0.2605,0.1368,0.1372,0.6660,0.2580,0.6963,5.6421
27200000,761077161,387374,1512,446,467,1313,38388,0.0865,0.5450,0.0911,0.2572,0.1713,0.3704,0.1714,0.6356,0.1837,0.3324,0.3421,0.1810,0.1809,0.5335,0.2583,0.6174,4.9579
27400000,760715567,387320,1613,452,459,1251,37675,0.1299,0.0690,0.0700,0.0648,0.1925,0.0685,0.0636,0.0684,0.0694,0.3720,0.3830,0.0679,0.2019,0.4657,0.2586,0.5774,3.1225
27600000,760417698,386882,1639,448,514,1222,42143,0.2593,0.5511,0.5560,0.2564,1.0378,0.5509,0.5130,0.2758,0.2774,2.0101,2.0686,0.5423,1.0779,2.1479,0.2638,2.7964,15.1847
27800000,760200150,387083,1639,366,602,1256,40735,0.5103,0.8047,0.8137,0.2586,0.2571,0.8054,0.2578,0.2710,0.5448,2.4369,2.5091,0.2720,0.2647,2.3348,0.2603,3.1551,15.7563
28000000,759946599,386966,1674,372,605,1194,44433,0.7655,1.0749,0.2744,0.2556,0.5130,1.0743,0.5151,0.2674,0.8160,2.9172,0.5003,0.2711,0.2672,0.2660,0.2627,3.6049,13.6455
28200000,759855608,386735,1551,448,471,1079,36727,1.0569,1.3867,0.2775,0.2565,0.2582,0.2749,0.7911,0.5468,1.1227,3.5377,1.0344,0.5553,0.5403,0.5406,0.5360,4.2107,16.9261
28400000,760050050,386544,1494,448,469,896,31749,0.1293,0.1375,0.1353,0.2545,0.1277,0.1367,0.5231,0.1378,0.6951,2.0068,0.7693,0.4122,0.4006,0.4034,0.1320,2.3243,8.7257
28600000,760492056,386600,1411,450,469,910,38542,0.5140,0.5415,0.5407,0.7593,0.2553,0.2721,1.2938,0.2705,0.2694,4.4624,2.0273,0.2707,1.0584,0.2597,0.2580,5.0564,18.1094
28800000,760473178,386555,1392,450,397,893,36448,0.2617,0.2726,0.8253,1.0380,0.2536,0.5492,1.5831,0.2673,0.2747,5.0766,2.5912,0.5465,1.3487,0.5294,0.5266,5.6479,21.5925
29000000,760462422,386971,1499,461,475,937,49279,0.1296,0.2715,0.5505,0.6483,0.2553,0.1356,0.9230,0.2684,0.2750,2.7860,1.5486,0.4096,0.8103,0.3975,0.3924,3.0566,12.8584
29200000,760986665,386868,1465,466,493,963,44791,0.5083,0.7947,0.2738,1.4977,0.7484,0.5332,0.2567,0.7812,0.8000,0.4775,0.4919,1.0523,1.8170,1.0239,1.0100,6.3056,18.3723
29400000,761182238,386522,1346,470,469,986,38219,0.3852,0.5376,0.2725,0.8830,0.5047,0.4052,0.2569,0.5297,0.5398,0.4820,0.2477,0.1324,0.1326,0.6481,0.6387,3.4110,10.0070
29600000,760995945,386557,1410,483,412,1054,39805,0.0849,0.4513,0.0893,0.0855,0.0844,0.3617,0.2577,0.4462,0.4524,0.4867,0.3344,0.0898,0.0877,0.5227,0.5153,2.4395,6.7894
29800000,761119362,386655,1492,493,388,1046,32465,0.2599,0.2698,0.5492,0.5209,0.2580,0.2750,0.2563,1.6651,0.2725,2.0092,1.5471,0.5455,0.5357,1.8957,1.8670,8.0769,20.8035
30000000,760989052,386599,1511,496,448,1215,35136,0.2602,0.2700,0.4059,0.1320,0.2577,0.1416,0.2557,0.1416,0.1421,1.2264,1.0116,0.4037,0.1365,1.0503,0.1361,0.2377,6.2092
30200000,761114536,386686,1496,498,455,999,37991,0.2590,0.2703,0.0901,0.1722,0.0844,0.0906,0.0846,0.0889,0.0887,0.9844,0.8447,0.0880,0.1795,0.0880,0.0858,0.3098,3.8089
30400000,761132760,386710,1564,510,566,1077,40221,1.0391,1.0853,0.5403,0.7757,0.5100,0.5458,0.2577,0.5351,0.5390,3.4454,3.0406,0.5348,0.8065,0.5256,0.5163,1.3871,16.0841
30600000,760962633,386555,1555,512,586,1158,45157,0.2631,1.2609,0.7672,0.9695,0.7246,0.7730,0.4914,0.7617,0.7678,3.6478,3.2921,0.7606,1.0031,0.7442,0.7346,1.7256,18.6870
30800000,761127215,386301,1524,523,484,987,37318,0.5449,1.6529,1.1115,1.3226,1.0504,0.2735,0.2525,0.2673,1.1127,0.4886,0.5022,1.1004,1.3656,0.2637,1.0651,2.3487,14.7224
31000000,760684670,386183,1484,528,456,983,40629,0.1282,0.1355,0.1370,0.1284,0.1284,0.1354,0.1276,0.1354,0.7029,0.4904,0.5040,0.6917,0.8231,0.2657,0.1284,1.4163,6.0783
31200000,760511090,385958,1482,531,439,1098,37433,0.1737,0.1828,0.1834,0.1741,0.1723,0.1844,0.0886,0.1818,0.0951,0.4931,0.5068,0.0938,0.6292,0.2652,0.1732,0.1590,3.7562
31400000,760345654,386030,1530,535,464,1209,40949,0.1951,0.2043,0.2045,0.0650,0.0648,0.2060,0.0642,0.2045,0.0686,0.4930,0.5068,0.1384,0.5384,0.2658,0.1941,0.2343,3.6481
31600000,760024343,386039,1552,539,487,1142,41521,0.2078,0.0542,0.2174,0.0511,0.1033,0.0538,0.0508,0.2176,0.0532,0.4930,0.5065,0.1642,0.4846,0.2655,0.2068,0.2786,3.4084
31800000,759880737,386074,1485,549,493,1209,37590,1.2697,0.5381,1.3320,0.5034,0.2570,0.5351,0.5037,0.2706,0.5308,2.8933,2.9733,1.0707,2.6230,1.5569,1.2648,1.8143,19.9367
32000000,760287055,386124,1569,552,494,1253,40705,1.5193,0.8046,1.5954,0.2563,0.5102,0.2726,0.7572,0.5382,0.7980,3.3681,3.4626,1.3340,2.8672,1.8118,1.5189,2.2609,23.6753
32200000,760343929,385678,1540,563,495,1185,38962,1.7664,0.2737,0.2730,0.5084,0.2532,0.5423,1.0111,0.2768,1.0660,3.8339,3.9417,1.5921,3.1089,2.0655,1.7750,2.7009,24.9888
32400000,760706110,385607,1485,566,479,1120,34535,0.1268,0.1318,0.2721,0.1241,0.1235,0.4085,0.1253,0.2733,0.1312,2.1977,0.2470,0.9455,1.7157,1.1848,0.1286,1.6021,9.7380
32600000,760751553,385773,1550,568,447,1125,34623,0.5166,0.5435,0.2731,0.2551,0.2557,0.2725,0.2570,0.8319,0.2682,5.0098,1.0118,2.2176,3.7933,2.7035,0.2596,3.7523,22.2217
32800000,760456493,386092,1666,570,488,1363,39798,0.2588,0.2792,0.5355,0.2555,0.2571,0.5335,0.5100,0.2713,0.2736,5.2975,1.4733,2.4017,3.9087,2.8581,0.5130,4.0601,23.6869
33000000,760367436,386185,1675,467,522,1257,41271,0.5282,0.2800,0.2720,0.5227,0.5199,0.2779,0.2524,0.5534,0.2772,0.4925,0.5084,0.2701,4.3292,3.2336,0.2646,4.6766,17.2589
33200000,760136265,386024,1730,480,500,1296,41609,0.7744,0.5489,0.5396,0.2560,0.7643,0.5473,0.5051,0.8121,0.5446,0.9764,1.0060,0.5361,0.2667,3.4263,0.5172,5.0286,17.0496
33400000,759775985,386002,1769,482,466,1316,37536,1.0563,0.2770,0.8298,0.5227,1.0476,0.8397,0.2618,1.1107,0.8336,1.5027,1.5464,0.8224,0.5420,3.7967,0.7947,5.6415,21.4255
33600000,759581978,385928,1808,487,619,1327,44987,1.2722,0.5373,1.0692,0.2571,0.2567,1.0809,0.5106,1.3352,1.0724,1.9323,1.9893,1.0618,0.7866,3.9138,0.2573,5.8809,23.2136
33800000,759056510,385798,1695,494,506,1222,44334,1.5773,0.8292,0.2737,0.5245,0.2565,1.3945,0.7889,1.6525,1.3829,2.4957,2.5689,1.3718,1.0838,0.2643,0.2647,6.5495,23.2786
34000000,758631712,385716,1739,503,499,1307,46165,1.8461,1.1117,0.2711,0.7830,0.5127,1.6797,1.0534,0.2716,1.6685,3.0095,3.0974,0.2718,1.3555,0.5348,0.5277,7.0533,25.0479
34200000,758741621,385599,1830,512,498,1356,43650,2.1256,0.2719,0.2728,1.0477,0.2571,1.9680,0.2569,0.2694,1.9603,0.4856,0.4991,0.2687,0.2662,0.8034,0.7932,7.5841,19.1301
34400000,758908393,385807,1848,521,500,1340,43652,1.1885,0.1378,0.2701,0.6512,0.1260,1.1185,0.2573,0.2702,1.1173,0.4826,0.4959,0.2681,0.2637,0.5350,0.5243,0.2282,7.9347
34600000,758625512,385656,1929,525,583,1342,47220,2.5533,0.2743,0.2724,1.5124,0.5023,0.2731,0.7517,0.2714,0.2758,1.4174,1.4561,0.2706,0.7748,1.2999,0.2655,0.4555,12.6265
34800000,758396156,385572,1898,532,552,1374,52796,2.8390,0.2774,0.5518,1.7880,0.2550,0.2750,1.0183,0.5476,0.5518,1.9201,1.9740,0.5466,1.0486,1.5761,0.5265,0.9169,16.6127
35000000,758344923,385634,1998,532,697,1444,63229,0.2556,0.2742,0.2723,1.9972,0.2527,0.2734,0.2585,0.2683,0.8137,2.3577,0.4999,0.8030,0.2700,0.2619,0.7758,1.3490,10.9833
35200000,758267530,385495,2030,532,714,1487,68696,0.2572,0.2704,0.2675,2.2822,0.5084,0.2765,0.2554,0.5437,1.1038,2.8822,1.0116,0.2687,0.2698,0.2659,1.0549,1.8248,13.3430
35400000,758168838,385348,1989,532,638,1358,58174,0.5268,0.5592,0.2769,0.2631,0.2573,0.2780,0.5236,0.8327,1.4177,3.4749,1.5536,0.5464,0.2680,0.5384,0.2636,2.3426,13.9227
35600000,757948793,385030,2034,532,690,1433,74142,0.7722,0.2743,0.5421,0.2561,0.5058,0.2737,0.2578,1.0862,1.6640,3.8885,2.0227,0.2708,0.2697,0.2681,0.5231,0.4559,13.3311
35800000,757762619,384850,1994,535,753,1370,60307,0.1302,0.1411,0.4040,0.2543,0.3779,0.2735,0.2556,0.6734,0.9629,2.1667,1.2524,0.2688,0.2658,0.2674,0.3899,0.4555,8.5395
36000000,758060382,384652,1899,538,623,1274,56321,0.5244,0.5661,1.0961,0.2533,1.0318,0.8367,0.7799,0.2701,2.2526,4.9509,3.0820,0.8194,0.2592,0.8107,1.0668,0.4541,19.0540
36200000,758087106,384680,1985,540,687,1314,62061,0.2558,0.8383,0.2698,0.5061,1.2861,0.2743,1.0318,0.5387,2.5190,0.4891,3.5778,1.0850,0.5213,0.2597,1.3288,0.4545,15.2359
36400000,758028697,384822,2049,541,709,1444,62829,0.2542,0.2746,0.5373,0.7546,1.5248,0.5407,1.2786,0.7989,0.2747,0.9708,4.0395,0.2700,0.2663,0.2620,1.5801,0.4553,14.0824
36600000,758003420,384869,2059,544,631,1477,48397,0.2569,0.2733,0.8192,0.2527,1.8016,0.2749,0.2592,1.0821,0.2738,0.4869,4.5972,0.2714,0.2652,0.2652,0.2635,0.4558,11.8989
36800000,757729347,384874,2131,551,696,1453,53782,0.2579,0.2733,0.5452,0.1284,0.1279,0.2741,0.2584,0.1363,0.2747,0.4898,2.5475,0.2716,0.2634,0.2677,0.2630,0.2286,6.6079
37000000,757357512,384699,2214,555,797,1570,61073,0.2588,0.0935,0.4512,0.0886,0.1718,0.2739,0.2579,0.1832,0.0941,0.1633,0.1684,0.0930,0.2635,0.0900,0.2616,0.3059,3.2188
37200000,757175049,384520,2213,561,626,1585,49448,0.2585,0.2705,0.2694,0.5217,0.2561,1.1037,1.0418,0.8265,0.5566,0.9911,1.0209,0.5516,1.0683,0.5414,1.0554,1.3859,11.7194
37400000,756850811,384484,2408,564,833,1749,60852,0.5127,0.2769,0.5321,0.7682,0.5053,0.2755,1.2817,1.0806,0.8274,1.4677,1.5108,0.8151,0.2625,0.2662,1.3041,0.4560,12.1426
37600000,756604021,384370,2389,567,762,1711,57067,0.2584,0.5510,0.8014,1.0189,0.2568,0.5519,0.2585,1.3447,0.2715,1.9522,2.0086,1.0839,0.5271,0.5273,1.5620,0.4548,13.4289
37800000,755833225,384200,2384,575,778,1625,67039,0.5134,0.2828,1.0651,1.2627,0.2568,0.8230,0.2588,0.2727,0.2806,2.4148,2.4852,1.3446,0.2711,0.7881,1.8049,0.9059,15.0304
38000000,755155753,383906,2272,577,698,1550,50262,0.2594,0.5651,1.3347,1.5179,0.5114,1.0967,0.5197,0.2748,0.5572,2.9020,2.9881,1.6095,0.2664,0.2676,2.0673,0.4569,17.1949
38200000,754701001,383866,2330,582,673,1659,53938,0.5256,0.2797,0.2751,0.2567,0.7759,1.3893,0.2598,0.2734,0.8415,3.4343,0.5039,0.2692,0.2665,0.2657,0.2628,0.9199,10.7994
38400000,754000159,383728,2349,591,671,1788,50406,0.2558,0.5581,0.5553,0.5195,1.0461,0.2745,0.5177,0.5512,0.2749,3.9865,0.5055,0.5473,0.5323,0.5347,0.2562,1.3917,12.3072
38600000,752938794,383529,2349,598,682,1856,49310,0.2578,0.2752,0.2759,0.2556,1.2353,0.2791,0.2568,0.2756,0.2761,4.2137,0.9797,0.7843,0.7677,0.2681,0.5099,1.7563,12.6671
38800000,751695139,383335,2470,611,661,1841,47720,0.2591,0.2746,0.2725,0.1266,0.7534,0.2782,0.2590,0.2734,0.2753,2.3872,0.7505,0.1363,0.5209,0.1318,0.3884,1.1173,8.2045
39000000,750665771,383095,2524,612,671,1924,50098,0.2616,0.8364,0.8259,0.2579,1.7851,0.8363,0.2600,0.2757,0.8353,5.3288,2.0260,0.2746,0.2656,0.5356,1.0472,2.7209,18.3729
39200000,750538153,382997,2553,619,694,1786,51412,0.2586,1.1409,1.1213,0.5207,2.0942,1.1371,0.5214,0.5536,1.1366,5.9763,2.5841,0.5499,0.2685,0.2665,0.2580,3.2614,21.6490
39400000,750162283,382761,2531,625,692,1880,44866,0.2591,0.1365,0.6957,0.1284,1.1744,0.7054,0.1310,0.4118,0.7056,3.2265,0.2481,0.4086,0.1336,0.2650,0.2599,0.2281,9.1176
39600000,749646900,382884,2717,628,657,2064,45315,0.0873,0.1839,0.5527,0.1718,0.8648,0.5610,0.1724,0.3627,0.5605,2.3053,0.3323,0.0914,0.0873,0.2655,0.2593,0.3041,7.1623
39800000,748564900,382695,2855,636,774,2260,59087,0.0650,0.0698,0.0690,0.0656,0.7112,0.4893,0.1933,0.0686,0.4884,1.8443,0.3748,0.0680,0.0665,0.0684,0.2598,0.1155,5.0174
40000000,747636432,382651,2903,644,766,2288,56567,0.2579,0.5505,0.5456,0.5134,0.2565,0.2746,1.0153,0.2672,2.1938,7.7371,1.9750,0.5401,0.5233,0.2690,1.2816,0.4563,18.6570
40200000,746520728,382377,2951,654,771,2201,63377,0.2591,0.4139,0.4094,0.3862,0.1271,0.2759,0.6407,0.2693,1.2393,0.2413,1.2416,0.4061,0.3938,0.2679,0.7761,0.4562,7.8040
40400000,745724127,381974,2878,661,853,2249,65200,0.7605,1.0834,1.0666,1.0060,0.4995,0.8089,1.5021,0.2687,0.2717,0.9583,2.9193,1.0624,1.0337,0.2642,1.7723,1.3427,16.6202
40600000,744954041,381611,2901,656,834,2263,67457,0.5171,0.6918,0.6808,0.6429,0.3796,0.5505,0.8965,0.1310,0.2747,0.7314,1.7471,0.6786,0.6606,0.2656,0.1305,0.9116,9.8902
40800000,744198357,381439,3076,663,775,2357,55832,0.2598,1.7053,1.6663,0.2553,1.0385,1.4097,2.1034,0.5406,0.8401,1.9965,4.1039,1.6678,1.6277,0.2651,0.2633,2.3327,22.0759
41000000,743880443,381166,3047,664,870,2298,68434,0.1273,0.1380,0.9689,0.2568,0.6478,0.8418,1.1800,0.1339,0.5549,1.2387,2.2999,0.1350,0.9489,0.2639,0.2637,1.3933,11.3928
41200000,743470470,381026,2979,664,844,2279,68758,0.0878,0.0935,0.0915,0.2561,0.5138,0.0937,0.0869,0.1793,0.0950,0.1675,1.6881,0.1801,0.0906,0.2648,0.2636,0.1548,4.3072
41400000,743247075,381292,3075,664,892,2139,69971,0.2543,0.5597,0.2668,1.0468,1.8435,0.5633,0.5247,0.8203,0.5672,1.0043,5.7203,0.2710,0.2638,1.0836,1.0777,0.9311,16.7985
41600000,743263458,381475,2938,666,789,2038,60925,0.5082,0.8306,0.2701,0.2549,0.2567,0.8385,0.7793,1.0840,0.8370,1.4792,6.1869,0.2714,0.5256,1.3401,1.3334,1.3784,18.1742
41800000,743112656,381496,3067,670,826,2286,61639,0.7384,0.2733,0.5303,0.2539,0.2540,0.2759,1.0026,1.3076,1.0696,0.4945,0.5104,0.2666,0.2623,0.2645,1.5409,1.7707,10.8154
42000000,742788707,381330,3199,673,847,2399,67279,0.2547,0.2754,0.8077,0.5121,0.2521,0.5571,0.2561,1.6003,1.3662,0.9906,0.5025,0.2700,0.2681,0.2642,0.2652,2.2565,10.6985
42200000,741905479,381351,3289,681,843,2275,71636,0.5037,0.5468,0.2705,0.2555,0.2528,0.2786,0.2550,0.2718,0.2774,1.4595,0.9966,0.2654,0.2616,0.2685,0.2657,2.6614,9.0907
42400000,741047051,381321,3319,694,1024,2529,75908,0.1295,0.1401,0.2681,0.2554,0.2542,0.2792,0.2555,0.1356,0.1374,0.9725,0.7484,0.2692,0.2634,0.2682,0.1295,1.5530,6.0592
42600000,740187939,381059,3417,686,981,2606,79908,0.2552,0.2769,0.2723,0.2529,0.2536,0.8452,0.2535,0.5432,0.2747,2.4598,2.0198,0.2730,0.8003,0.2703,0.5295,0.4539,10.0341
42800000,739531708,381118,3478,689,1059,2623,82745,0.2563,0.2768,0.1341,0.2535,0.1281,0.5626,0.2552,0.1342,0.1370,1.4743,1.2611,0.1348,0.5348,0.2674,0.3995,0.4535,6.6631
43000000,739076423,380779,3401,682,1022,2531,76500,0.7671,0.8287,0.5415,0.2549,0.5096,1.3993,0.7675,0.5365,0.5516,3.4417,3.0290,0.2731,1.3363,0.7987,1.0611,1.3612,17.4578
43200000,738598200,380722,3309,686,876,2391,62423,1.0463,1.1281,0.8180,0.5175,0.7759,1.7140,1.0408,0.8250,0.8355,4.0147,3.6058,0.2709,1.6334,1.0850,0.2616,1.8494,21.4216
43400000,737694614,380632,3535,687,1056,2743,80601,0.2569,1.3500,1.0430,0.2565,0.9869,0.2770,0.2569,0.2697,1.0681,0.4856,3.9113,0.5288,0.2713,1.2937,0.5135,2.2038,14.9731
43600000,736973907,380539,3480,688,1105,2398,87605,0.1270,0.8247,0.6642,0.2553,0.6280,0.2778,0.2562,0.2702,0.6789,0.4857,2.2389,0.4018,0.1312,0.1318,0.3905,0.2222,7.9845
43800000,735481928,380261,3561,686,1062,2449,91063,0.1689,0.6467,0.0884,0.2560,0.0852,0.2792,0.0861,0.2692,0.5477,0.4870,1.6695,0.0893,0.0891,0.1766,0.3510,0.2989,5.5886
44000000,733730264,380054,3675,695,1138,2709,100386,0.7536,2.1805,0.5334,0.2568,0.2564,1.1023,0.2617,0.2721,1.8893,1.9238,5.4121,0.2740,0.2678,0.7862,0.2690,0.4549,16.8937
44200000,732798021,379928,3686,702,1075,2704,92579,1.0015,0.2782,0.2697,0.2547,0.5070,0.2771,0.5119,0.5391,0.2764,2.3825,5.8450,0.5431,0.5305,1.0423,0.5386,0.9026,15.7002
44400000,731801243,379910,3776,707,1021,2797,81473,1.3137,0.2776,0.5511,0.5235,0.2515,0.5730,0.2556,0.8403,0.5699,3.0005,6.6767,0.8459,0.2687,0.2653,0.2594,1.4075,17.8801
44600000,730160221,379709,4023,715,1091,3017,90300,1.5457,0.5537,0.2710,0.2550,0.2581,0.2811,0.5088,0.2721,0.8353,3.4271,7.0414,0.2772,0.5336,0.2731,0.5205,1.8325,18.6861
44800000,729082258,379547,4179,720,1193,3147,98656,0.1257,0.1404,0.2682,0.2540,0.1256,0.1378,0.1266,0.2690,0.1379,1.9658,3.7926,0.2776,0.1311,0.1337,0.3934,0.2248,8.5041
45000000,728173068,379386,4248,726,1198,3048,99670,0.5112,0.2823,0.2681,0.7735,0.5128,0.5627,0.5174,0.8213,0.5566,4.5198,8.2865,0.2759,0.5333,0.5425,1.0733,0.4537,20.4908
45200000,727254812,379087,4124,735,1086,3041,83839,0.3817,0.2799,0.2668,0.5126,0.1286,0.4195,0.3865,0.1362,0.4151,2.4713,4.3376,0.2748,0.3967,0.4039,0.1336,0.4536,11.3982
45400000,725962082,378795,4079,741,1185,3111,95884,0.2567,0.8231,0.7886,1.2497,0.5042,1.0972,1.0055,0.5368,1.0889,5.3011,8.9480,0.8048,1.0380,1.0555,0.5322,1.3382,26.3684
45600000,724321826,378306,4128,746,1200,3175,97728,0.5112,1.0950,0.2717,0.2630,0.2598,1.3640,1.2501,0.2761,0.2778,5.7268,0.5093,1.0636,0.2654,1.3107,0.2726,1.7769,16.4940
45800000,723137538,377916,4049,751,1245,3255,96945,0.7511,1.3358,0.5274,0.5180,0.2532,1.6008,0.2562,0.5351,0.5483,6.0371,0.9939,0.2696,0.5207,1.5372,0.2652,2.1752,18.1249
46000000,722367897,378052,4327,763,1278,3334,85751,1.0338,1.6626,0.2675,0.2532,0.5130,0.2785,0.2553,0.8178,0.8468,6.7520,1.5301,0.5496,0.2628,1.8637,0.2665,0.4528,17.6059
46200000,721079149,377890,4339,771,1233,3326,80769,0.6478,0.9750,0.2693,0.2552,0.1274,0.1389,0.1282,0.1347,0.5647,3.6373,1.0149,0.1357,0.2645,0.1331,0.2657,0.4535,9.1460
46400000,720456520,377783,4487,770,1255,3380,86381,1.5451,2.2163,0.7996,0.2552,0.5051,0.2771,0.5102,0.5339,0.2715,7.7326,2.5228,0.5368,0.7905,0.5321,0.7925,1.3557,21.1769
46600000,718959709,377531,4620,774,1282,3555,88821,1.8034,2.5045,0.2706,0.5121,0.7622,0.5586,0.7653,0.8083,0.5527,8.2362,3.0269,0.8136,1.0596,0.8009,1.0603,1.8133,25.3484
46800000,717184292,377113,4638,775,1318,3464,91897,1.0277,1.3914,0.2717,0.3838,0.5100,0.1410,0.1294,0.1349,0.4139,4.3545,1.7612,0.1377,0.1363,0.5341,0.1330,0.2277,11.6883
47000000,715933850,376757,4562,779,1298,3320,92804,2.3134,3.0669,0.8140,0.2524,0.2541,0.2805,0.5124,0.5391,0.2796,9.2016,0.4891,0.5493,0.5432,1.3383,0.2623,0.4523,21.1484
47200000,714717722,376521,4735,782,1301,3678,97738,1.2676,1.6512,0.5390,0.2549,0.1284,0.2798,0.3817,0.4028,0.2796,4.7730,0.4904,0.4086,0.4046,0.7927,0.2632,0.2295,12.5469
47400000,713792371,376231,4607,781,1284,3416,91719,0.0828,1.2044,0.4500,0.2552,0.1690,0.2792,0.3402,0.3591,0.2783,3.3738,0.4921,0.3632,0.3588,0.6219,0.2627,0.3018,9.1926
47600000,712492415,376214,4712,782,1207,3315,96820,0.2545,0.2822,0.2629,0.2531,0.7829,1.1498,0.2558,0.2692,0.2793,0.4857,0.5004,1.4107,0.2636,0.2656,0.2643,1.3968,8.3768
47800000,711299149,376238,4789,788,1340,3375,99104,0.2532,0.5592,0.2669,0.2601,0.2529,0.2752,0.5090,0.5382,0.2748,0.9697,0.9994,1.6832,0.2650,0.2675,0.5306,1.8476,9.7525
48000000,710329611,376164,4800,796,1409,3607,108964,0.4924,0.8128,0.5179,0.5010,0.4898,0.2807,0.7349,0.2679,0.2777,1.4082,1.4508,1.8654,0.5162,0.5230,0.7695,2.2052,13.1131
48200000,709057471,375626,4689,784,1319,3578,90894,0.1258,0.5496,0.1323,0.1259,0.3734,0.1381,0.4967,0.1335,0.2782,0.9515,0.9803,0.1339,0.3927,0.1328,0.5199,0.2233,5.6880
48400000,708004469,375843,4914,787,1216,3624,97873,0.5174,1.4283,0.2664,0.5188,1.0347,0.5685,0.2518,0.5464,0.8644,2.4684,2.5442,0.5509,1.0894,0.5456,1.3485,0.9180,15.4616
48600000,706671281,375598,5119,794,1354,3826,105614,0.3840,0.8498,0.2657,0.3855,0.1276,0.4232,0.2517,0.1361,0.5708,0.2420,0.2497,0.1372,0.6752,0.4060,0.1344,0.6827,5.9216
48800000,705309835,375396,5127,797,1486,3863,115323,0.0865,0.6571,0.0909,0.0862,0.0866,0.3736,0.0870,0.1817,0.4709,0.3223,0.3326,0.1836,0.0918,0.3593,0.1803,0.6040,4.1944
49000000,703377644,375091,5451,807,1544,4064,124137,0.1293,0.5613,0.0688,0.0658,0.0647,0.3505,0.1300,0.2048,0.4226,0.3650,0.3765,0.0697,0.1368,0.3365,0.2037,0.5652,4.0513
49200000,701614092,374642,5550,811,1723,8394,129305,0.1544,0.5041,0.0539,0.0519,0.1035,0.3358,0.1561,0.2172,0.3928,0.0979,0.4004,0.1114,0.1628,0.3225,0.2168,0.0924,3.3739
49400000,700050388,374561,5674,813,1558,4253,119675,0.2534,0.2780,0.2647,0.2530,0.7695,1.9493,1.0347,1.3514,2.2312,0.4808,0.4958,0.8319,0.2687,0.2668,0.2705,0.9112,11.9107
49600000,698943537,373950,5545,816,1539,4126,114127,0.2527,0.1404,0.1336,0.1270,0.5078,0.1396,0.1276,0.8034,0.1414,0.2416,0.2500,0.1386,0.1344,0.2658,0.2664,0.6777,4.3480
49800000,697096956,373486,5692,824,1611,3976,115667,0.0797,0.1861,0.1758,0.0803,0.4274,0.1857,0.1673,0.0869,0.1859,0.3172,0.3279,0.1827,0.1772,0.2684,0.2680,0.1439,3.2603
50000000,693600738,372536,5901,847,1637,4551,125760,0.7576,1.1363,1.0740,0.7680,1.7867,1.1262,0.2547,0.2692,1.1322,1.9387,2.0017,1.1104,1.0731,0.2674,0.2663,1.3653,16.3277
50200000,692166606,372238,5973,857,1709,4571,119273,0.5047,0.1416,0.6691,0.5097,1.0183,0.7017,0.2533,0.2671,0.7012,1.2041,1.2435,0.6904,0.6677,0.2678,0.2666,0.2257,9.3323
50400000,690884532,372329,6169,864,1751,4692,133309,1.2509,0.5622,0.2662,0.2556,2.2668,1.6625,0.7549,0.2658,1.6652,2.8536,2.9481,1.6352,1.5835,0.7965,0.2663,0.8955,19.9286
50600000,689754473,371950,6200,872,1671,4375,119913,0.7648,0.4265,0.2644,0.1223,1.2868,0.1349,0.1226,0.1304,0.1359,1.6981,1.7538,0.9721,0.1279,0.5388,0.2678,0.6787,9.4257
50800000,688491138,371695,6121,878,1768,4570,130365,1.7379,0.2832,0.2626,0.4897,0.2529,0.5419,0.2538,0.2691,0.2769,3.7881,3.9113,2.1632,0.2677,1.3162,0.2708,1.7705,17.8558
51000000,687227036,371559,6214,880,1677,4209,131604,0.1238,0.1375,0.1296,0.3740,0.2516,0.4126,0.2547,0.2683,0.1370,0.2370,2.2290,1.2319,0.2670,0.1301,0.1313,1.1199,7.4353
51200000,685943772,371114,6085,886,1801,4268,133142,0.0824,0.1848,0.0874,0.0835,0.2516,0.0904,0.0849,0.2692,0.1845,0.3170,0.1626,0.9179,0.0873,0.0870,0.0867,0.1471,3.1243
51400000,685059718,371006,6231,895,1755,4408,135682,0.2496,0.8273,0.5175,0.2513,0.9976,0.5437,0.2527,1.0623,0.8220,1.4100,0.9670,2.9931,0.5274,0.5221,0.2615,0.8834,13.0885
51600000,683957162,370882,6206,895,1701,4400,132838,0.5007,1.1143,0.7864,0.2514,1.2563,0.8244,0.5095,1.3356,1.1046,1.8953,1.4649,3.2818,0.7923,0.7938,0.5276,1.3364,17.7753
51800000,683016387,370752,6310,895,1691,4512,127627,0.7610,1.4139,0.2678,0.2542,0.2558,1.1198,0.2547,0.2651,1.4053,2.4160,1.9917,0.2725,0.2684,0.2672,0.8116,0.4475,12.4725
52000000,682354113,370936,6348,895,1690,4592,138034,1.0014,1.6764,0.5315,0.5034,0.2471,1.3776,0.5016,0.5298,1.6626,2.8638,2.4595,0.2699,0.2639,0.2624,0.2632,0.8879,15.3021
52200000,681864579,370703,6117,895,1683,4215,120637,1.2477,1.9466,0.7941,0.7522,0.2481,1.6476,0.7571,0.7898,1.9314,3.3340,2.9458,0.2713,0.5248,0.5234,0.5253,0.4472,18.6865
52400000,680848077,370161,5965,895,1533,3993,109635,0.1248,0.1379,0.1304,0.1250,0.1269,0.1366,0.1261,0.1349,0.1368,1.9217,1.7330,0.1350,0.1317,0.1325,0.3961,0.4477,6.0770
52600000,679564071,370080,6081,895,1591,4137,117168,0.1675,0.1870,0.0898,0.1678,0.1693,0.1840,0.1689,0.0908,0.1841,1.4336,1.3136,0.1805,0.1768,0.0891,0.3512,0.1515,5.1054
52800000,678265957,369980,6034,902,1521,4091,107789,0.0613,0.2094,0.0646,0.1883,0.1882,0.2066,0.1893,0.1340,0.0674,1.1991,1.1120,0.2020,0.1989,0.0647,0.3290,0.2233,4.6381
53000000,677603976,369881,6021,909,1580,4222,113248,0.2515,0.2772,0.2595,1.0101,1.0122,1.1116,1.0221,0.8071,0.5494,5.3276,4.9892,0.2686,1.0657,0.2668,1.5936,0.4454,20.2576
53200000,676353493,369499,6076,915,1579,4453,107038,0.1270,0.2769,0.1313,0.6242,0.6260,0.6881,0.1285,0.1341,0.4096,2.8681,2.7086,0.1355,0.6571,0.2663,0.1331,0.4461,10.3605
53400000,675551070,369468,6187,894,1565,4460,102572,0.5073,0.2762,0.5287,1.5186,0.2444,1.6693,0.5093,0.5373,0.2758,6.2877,5.9801,0.2708,1.5887,0.2647,0.5283,1.3511,22.3383
53600000,674676866,369578,6259,905,1654,4509,105398,0.3793,0.2762,0.3945,0.1265,0.2486,0.9731,0.3804,0.4029,0.2768,3.3783,3.2323,0.2696,0.9270,0.2654,0.3961,0.8983,12.8253
53800000,672983870,369576,6359,916,1671,4537,119400,0.3359,0.0960,0.0902,0.0866,0.2494,0.7390,0.0845,0.3581,0.2789,2.3997,2.3080,0.2705,0.7038,0.2667,0.3520,0.7465,9.3658
54000000,671026958,369382,6514,921,1691,4829,118174,0.2506,0.2812,0.5283,0.2531,0.2523,0.2838,0.2586,0.2682,0.2759,7.4955,7.2447,0.2744,2.3263,0.2687,1.2951,2.6317,24.1884
54200000,669428053,368870,6637,925,1778,4921,123875,0.2501,0.5574,0.7829,0.2542,0.5044,0.2803,0.5133,0.2681,0.5492,7.8678,7.6355,0.2758,2.5577,0.2677,0.2677,0.4474,23.2794
54400000,668074439,368796,6772,928,1822,5203,124367,0.2503,0.8413,0.2664,0.5088,0.7555,0.5589,0.7662,0.5375,0.2815,8.3603,8.1419,0.2728,0.2588,0.5348,0.5378,0.8962,23.7691
54600000,667441819,368470,6574,942,1755,4769,123378,0.2502,0.2775,0.2601,0.2515,0.2485,0.8554,0.2510,0.2629,0.5667,9.1521,8.9405,0.2712,0.5274,0.2664,0.2645,1.3760,24.0218
54800000,666365986,368121,6626,947,1625,4683,117999,0.5025,0.2796,0.5218,0.2530,0.5016,1.1425,0.5101,0.5310,0.8459,9.6851,9.4873,0.2734,0.7938,0.5335,0.5318,0.4472,26.8401
55000000,665425744,368033,6684,955,1659,4971,111017,0.7528,0.5557,0.7833,0.5082,0.2496,1.4225,0.2560,0.7993,1.1216,10.1749,9.9921,0.2736,1.0579,0.8059,0.2610,0.8950,29.9095
55200000,664620812,367793,6614,959,1830,4907,107340,0.9825,0.8234,0.2624,0.7442,0.4928,1.6672,0.5032,1.0461,0.2746,0.4753,10.2380,0.5381,1.2924,1.0530,0.2635,1.3194,21.9761
55400000,664063169,367759,6559,961,1578,4822,98710,1.2410,1.1131,0.5265,0.2535,0.7465,1.9617,0.2514,1.3176,0.2729,0.9513,10.8372,0.8131,0.2556,1.3277,0.5242,1.7788,24.1721
55600000,662734209,367875,6798,965,1716,4874,114288,0.2458,0.2776,0.7769,0.2514,0.9806,0.2771,0.2540,1.5567,0.2771,1.4064,11.0983,0.2734,0.2626,0.2640,0.2602,0.4466,18.9087
55800000,661509192,367574,6813,976,1691,5048,107090,0.2469,0.2773,0.1285,0.1221,0.1219,0.2774,0.2553,0.1312,0.2775,0.9516,5.9119,0.2713,0.2614,0.1301,0.1287,0.4466,9.9397
56000000,660016800,367336,7009,985,1929,5507,124798,0.7095,0.2782,0.2622,0.4777,0.2515,0.7942,0.7288,0.2667,0.2820,2.2426,11.5026,0.7823,0.7488,0.5087,0.2677,0.4469,20.5504
56200000,658809761,367194,7159,994,1890,5416,133156,0.1199,0.2781,0.2600,0.1216,0.2490,0.1362,0.4961,0.1283,0.2801,0.2267,6.1434,0.5332,0.1261,0.3928,0.2655,0.4462,10.2031
56400000,657467057,366997,7355,1001,1932,5518,132586,0.2454,0.2803,0.2581,0.2517,0.2482,0.2764,1.2715,0.2630,0.8502,0.9355,13.0890,1.3650,0.2589,0.2665,0.2642,0.4464,20.5704
56600000,655973423,366910,7480,1004,1916,5460,128255,0.5019,0.5757,0.5316,0.5144,0.5061,0.2783,1.5816,0.2637,0.2746,0.4736,0.4889,1.6984,0.5332,0.5461,0.5415,0.4464,9.7559
56800000,654292736,366860,7411,1010,1978,5600,133447,0.1258,0.4265,0.3943,0.1285,0.3740,0.1437,0.9059,0.2666,0.1407,0.4749,0.4903,0.9743,0.3957,0.4036,0.4021,0.4472,6.4941
57000000,652407013,366266,7369,1017,1894,5487,127217,0.2525,1.1332,1.0505,0.2556,0.9988,0.5657,2.0561,0.2689,0.5556,0.4798,1.4704,2.2140,0.2629,1.0730,1.0664,1.3370,15.0403
57200000,651493187,366387,7535,1022,1733,5089,123654,0.5064,0.2808,0.2615,0.2467,0.2470,0.8619,0.2505,0.2648,0.2741,0.9638,2.0009,0.2705,0.2624,0.2703,0.2635,1.8226,9.0475
57400000,650781564,366144,7537,1031,1899,5391,128994,0.2435,0.2832,0.2551,0.4935,0.4918,1.1237,0.2480,0.2656,0.5431,0.4719,0.4879,0.5362,0.5165,0.2634,0.5204,2.2396,8.9833
57600000,649465939,365887,7557,1039,1774,5533,119087,0.4914,0.5639,0.5133,0.7462,0.7433,1.4039,0.4971,0.2688,0.8225,0.9422,0.9736,0.8093,0.2601,0.5326,0.7828,2.6934,13.0443
57800000,648038214,365522,7397,1048,1746,5565,115241,0.2478,0.8166,0.2638,0.2539,0.2522,0.2757,0.2511,0.2676,1.0603,1.3680,1.4136,1.0397,0.5057,0.7772,1.0082,3.0130,12.8144
58000000,646973936,365307,7371,1057,1870,5675,119713,0.4917,1.1025,0.5221,0.5046,0.5003,0.5507,0.2524,0.5330,1.3424,1.8439,1.9048,0.2686,0.7680,1.0465,0.2638,3.4733,15.3687
58200000,646205203,365291,7628,1056,1899,5822,128315,0.7261,1.3522,0.7674,0.2481,0.2468,0.8120,0.4964,0.7849,1.5792,2.2566,2.3318,0.5296,1.0023,0.2615,0.2616,3.8232,17.4797
58400000,645022234,365095,7709,1065,2001,5888,138426,0.2475,1.6597,0.2605,0.2498,0.2474,1.1022,0.2525,0.2651,1.8884,2.7693,2.8611,0.8063,1.2814,0.5341,0.5318,4.3416,19.2988
58600000,643749240,365026,7774,1069,1937,5796,137300,0.1206,0.9827,0.2594,0.2481,0.2460,0.6959,0.2524,0.1304,1.0952,1.6362,1.6903,0.1322,0.1287,0.4040,0.1279,0.2180,8.3679
58800000,642566881,365140,7911,1071,1993,5850,134785,0.4956,2.3073,0.7928,0.7618,0.2470,1.7137,0.2494,0.5364,2.5352,3.8369,3.9660,0.2697,0.5216,0.2662,0.5283,0.4441,19.4720
59000000,641502738,364910,7850,1071,1988,5991,135064,0.2455,2.4919,1.0131,0.2510,0.4822,1.9201,0.2514,0.7797,2.7076,4.1453,4.2849,0.2735,0.7639,0.5207,0.7685,0.4442,21.3436
59200000,640263726,364747,8031,1071,2057,6098,274357,0.2465,2.7784,1.2729,0.2552,0.7326,2.2017,0.5064,1.0507,2.9886,4.6188,4.7745,0.2729,0.2623,0.7894,0.2636,0.8896,23.9040
59400000,639111573,364443,7896,1071,1916,5848,130469,0.1227,1.5399,0.7699,0.1240,0.4918,1.2459,0.1232,0.6601,1.6422,2.5578,2.6444,0.2723,0.2612,0.5304,0.1333,0.6688,13.7879
59600000,637990179,364303,7928,1070,1956,5866,136745,0.1642,1.1185,0.0866,0.1662,0.0830,0.9223,0.1653,0.5265,1.1851,1.8596,1.9227,0.2730,0.2616,0.4417,0.1759,0.5941,9.9461
59800000,636878067,364012,7915,1079,2029,5867,137607,0.2461,3.6709,0.5253,0.7526,0.5001,3.0779,0.7580,1.8631,3.8741,6.1186,6.3249,1.0997,1.0548,1.6089,0.2628,2.2489,33.9867
60000000,635344419,363733,8015,1081,1903,5971,128451,0.2468,3.9858,0.2608,1.0094,0.7532,3.3847,0.2523,2.1479,0.2792,6.6454,6.8685,0.2707,1.3274,1.8913,0.2612,2.7143,32.2989
60200000,633952223,363412,7900,1081,1905,5864,122481,0.2458,4.3089,0.2585,1.2721,1.0089,3.6980,0.2532,0.2712,0.5579,7.1813,7.4231,0.5438,0.2586,2.1790,0.2648,3.1872,32.9123
60400000,632510767,363187,8008,1083,1841,5693,116985,0.4966,4.6183,0.5206,1.5336,1.2601,3.9997,0.5075,0.2641,0.8388,7.6989,7.9572,0.8166,0.2614,2.4609,0.5313,3.6532,37.4186
60600000,630817274,363097,8146,1083,1892,6153,127892,0.1249,0.1411,0.1310,0.8902,0.7522,2.1316,0.3809,0.2634,0.5582,4.0625,4.1987,0.5436,0.1299,1.3596,0.3962,2.0409,18.1048
60800000,629131171,363077,8507,1079,2110,6602,129994,0.2460,0.5578,0.2600,1.9650,0.2482,0.2810,0.9877,0.7709,1.3538,8.3033,8.5812,1.3239,0.2555,2.8932,1.0285,4.3826,33.4385
61000000,627791963,362711,8404,1079,2042,6205,133092,0.2481,0.2825,0.5169,2.2149,0.2441,0.5604,0.2489,0.2703,1.6292,8.7702,9.0653,0.2713,0.5140,3.1611,1.2918,4.8268,34.1157
61200000,626661272,362466,8602,1079,1982,12774,144016,0.2437,0.5596,0.7726,0.2454,0.4871,0.8366,0.4963,0.5339,1.8989,9.1833,9.4922,0.5388,0.7675,3.4101,1.5475,0.4429,31.4564
61400000,625062184,362165,8621,1082,2204,6918,148239,0.1244,0.4193,0.1314,0.1256,0.1243,0.5554,0.1280,0.1332,0.1419,4.7635,4.9238,0.1373,0.1295,1.8197,0.8987,0.2247,14.7807
61600000,623472383,361982,8734,1087,2047,6645,136484,0.1634,0.3756,0.0826,0.0820,0.1638,0.4674,0.0803,0.1764,0.1858,3.3711,3.4846,0.0883,0.1712,0.0875,0.0850,0.2957,9.3609
61800000,621860277,361536,8756,1091,2134,6791,139448,0.2457,0.2801,0.5108,0.2551,0.7465,0.2792,0.4973,0.8003,0.2745,0.4642,11.0830,0.5418,0.7835,0.5363,0.2663,1.3431,18.9077
62000000,619976808,361187,8832,1098,2091,6759,137769,0.2452,0.1406,0.3867,0.2504,0.4959,0.2813,0.1268,0.5318,0.2752,0.2335,5.7902,0.4088,0.1300,0.1343,0.2648,0.8939,10.5893
62200000,618699151,361009,8797,1105,2091,6628,137525,0.2486,0.2843,1.0492,0.2494,0.2468,0.2803,0.2526,1.3483,0.2769,0.4605,0.4765,0.2716,0.5248,0.2691,0.2617,2.2676,8.7681
62400000,617371440,360834,8883,1114,2152,6757,133382,0.2466,0.1403,0.6443,0.2513,0.2487,0.2797,0.2521,0.7973,0.2762,0.4618,0.2432,0.2710,0.1296,0.1345,0.2613,0.2241,4.8620
62600000,616054996,360471,9026,1116,2175,6806,143577,0.7468,0.5688,0.2574,0.7608,0.2440,0.8474,0.2494,1.8906,0.8396,1.4086,0.9773,0.8244,0.5190,0.5412,0.7950,0.9005,12.3708
62800000,615120168,360299,9082,1122,2208,6657,137218,0.4933,0.1400,0.2582,0.5027,0.1234,0.1383,0.1252,0.1326,0.1383,0.9304,0.7231,0.1366,0.3849,0.1342,0.1302,0.6701,5.1615
63000000,614086262,360215,9160,1122,2125,6403,126149,1.2642,0.5731,0.2518,1.2857,0.5001,0.5622,0.5069,0.5427,0.5629,2.3789,0.4755,0.5525,1.0483,0.5428,0.2672,1.8249,13.1398
63200000,613271411,359918,8995,1122,2135,6626,140898,1.4621,0.8325,0.4986,0.2477,0.2452,0.2773,0.2494,0.2667,0.2779,0.4585,0.4750,0.8019,0.2559,0.7898,0.2665,2.2018,9.6069
63400000,612505830,360156,8969,1122,2169,6342,141800,1.7091,1.1112,0.7548,0.4993,0.4939,0.2768,0.4995,0.5292,0.5538,0.9189,0.9505,1.0738,0.5126,1.0549,0.5343,2.6445,14.1172
63600000,611614305,359997,8972,1134,2093,6584,138235,0.2426,1.3881,1.0088,0.7467,0.7379,0.5520,0.2527,0.7915,0.8251,1.3804,1.4282,0.2742,0.7668,1.3147,0.2628,3.0748,15.0472
63800000,611270252,360031,9148,1135,2129,6526,132214,0.2423,0.8361,0.6336,0.1237,0.1222,0.1348,0.2515,0.1286,0.5519,0.9240,0.9558,0.2723,0.5104,0.7923,0.1270,0.2190,6.8256
64000000,610031014,359674,9098,1134,2206,6760,134247,0.0828,0.0944,0.0860,0.0844,0.0844,0.1829,0.2512,0.0891,0.4577,0.1548,0.1604,0.2727,0.4245,0.6146,0.1730,0.2945,3.5074
Report usecs used: 10495645
Report usecs used: 12218180
That is 10 seconds
Report usecs used: 12155897
Report usecs used: 12083749
Report usecs used: 10509465
That is 12 seconds
Report usecs used: 12027394
That is 12 seconds
Setup usecs used: 0
That is 0 seconds
That is 10 seconds
Report usecs used: 12135104
Setup usecs used: 0
That is 12 seconds
That is 12 seconds
That is 12 seconds
Setup usecs used: 0
Report usecs used: 12296657
Setup usecs used: 0
That is 0 seconds
Seeding usecs used: 19575949
That is 12 seconds
Setup usecs used: 0
Setup usecs used: 0
Setup usecs used: 0
Report usecs used: 12180132
That is 0 seconds
Seeding usecs used: 14945000
That is 0 seconds
Report usecs used: 10383545
That is 12 seconds
Setup usecs used: 0
That is 0 seconds
Seeding usecs used: 18503011
That is 18 seconds
That is 19 seconds
Seeding usecs used: 15001808
That is 15 seconds
Random usecs used: 92456758
That is 92 seconds
That is 14 seconds
That is 0 seconds
Setup usecs used: 0
Random usecs used: 98582720
That is 98 seconds
Execute usecs used: 1192874301
That is 1192 seconds
Cell Splitting usecs used: 63373659
Seeding usecs used: 19461935
Execute usecs used: 1238079728
That is 10 seconds
That is 0 seconds
Seeding usecs used: 18777565
That is 18 seconds
Random usecs used: 90244193
That is 63 seconds
That is 19 seconds
That is 0 seconds
Random usecs used: 92464552
Setup usecs used: 0
That is 1238 seconds
Cell Splitting usecs used: 52168679
That is 52 seconds
Random usecs used: 90443363
That is 90 seconds
That is 0 seconds
That is 90 seconds
Seeding usecs used: 18583871
That is 18 seconds
Random usecs used: 90451973
That is 90 seconds
Report usecs used: 10323968
Report usecs used: 16601426
Seeding usecs used: 18465762
Seeding usecs used: 18324611
That is 0 seconds
Report usecs used: 10327553
That is 16 seconds
Random usecs used: 98766767
Execute usecs used: 1205763314
That is 18 seconds
Random usecs used: 90346186
That is 90 seconds
Execute usecs used: 1205727533
Seeding usecs used: 14953972
That is 14 seconds
Random usecs used: 92333972
Setup usecs used: 0
That is 98 seconds
That is 10 seconds
That is 1205 seconds
Cell Splitting usecs used: 61564981
That is 61 seconds
That is 18 seconds
That is 1205 seconds
Execute usecs used: 1203696749
That is 10 seconds
Execute usecs used: 1193248761
Random usecs used: 90617895
That is 90 seconds
That is 92 seconds
Setup usecs used: 0
That is 0 seconds
Seeding usecs used: 14317959
That is 14 seconds
Random usecs used: 87955951
That is 87 seconds
That is 1203 seconds
That is 1193 seconds
Execute usecs used: 1206585687
That is 92 seconds
Setup usecs used: 0
Execute usecs used: 1205624319
Cell Splitting usecs used: 61590375
That is 0 seconds
Cell Splitting usecs used: 62060458
That is 1206 seconds
Cell Splitting usecs used: 63180071
Execute usecs used: 1238908380
That is 61 seconds
That is 1205 seconds
Seeding usecs used: 15329268
That is 62 seconds
That is 0 seconds
Cell Splitting usecs used: 61318238
Execute usecs used: 1237592041
Cell Splitting usecs used: 61547280
Seeding usecs used: 14760685
That is 61 seconds
That is 14 seconds
Execute usecs used: 1246211069
That is 61 seconds
That is 1238 seconds
That is 1246 seconds
Cell Splitting usecs used: 50790075
That is 50 seconds
Random usecs used: 92305271
That is 92 seconds
Execute usecs used: 1240512021
That is 1240 seconds
Cell Splitting usecs used: 51588554
That is 51 seconds
That is 1237 seconds
Cell Splitting usecs used: 52333828
That is 52 seconds
Cell Splitting usecs used: 51973524
That is 51 seconds
That is 15 seconds
Random usecs used: 92561902
That is 92 seconds
Execute usecs used: 1229165891
That is 1229 seconds
Cell Splitting usecs used: 52567752
That is 52 seconds
That is 63 seconds
Report usecs used: 12021586
That is 12 seconds
Setup usecs used: 0
That is 0 seconds
Seeding usecs used: 19473827
That is 19 seconds
Random usecs used: 98069288
That is 98 seconds
Execute usecs used: 1194521947
That is 1194 seconds
Cell Splitting usecs used: 63092858
That is 63 seconds
Report usecs used: 10494177
That is 10 seconds
Setup usecs used: 0
That is 0 seconds
Seeding usecs used: 14545869
That is 14 seconds
Random usecs used: 88281523
That is 88 seconds
Execute usecs used: 1243577257
That is 1243 seconds
Cell Splitting usecs used: 51418505
That is 51 seconds
Report usecs used: 10579487
That is 10 seconds
Setup usecs used: 0
That is 0 seconds
Seeding usecs used: 14423989
That is 14 seconds
Random usecs used: 88358489
That is 88 seconds
Execute usecs used: 1242830357
That is 1242 seconds
Cell Splitting usecs used: 51711909
That is 51 seconds
Thread 0 executed 704985106 instructions
Thread 1 executed 708431490 instructions
Thread 2 executed 707733811 instructions
Thread 3 executed 1104963827 instructions
Thread 4 executed 706476463 instructions
Thread 5 executed 1103964741 instructions
Thread 6 executed 710036583 instructions
Thread 7 executed 1100528875 instructions
Thread 8 executed 672910886 instructions
Thread 9 executed 1005959425 instructions
Thread 10 executed 673212082 instructions
Thread 11 executed 1002520201 instructions
Thread 12 executed 1005070965 instructions
Thread 13 executed 1003031389 instructions
Thread 14 executed 673547151 instructions
Thread 15 executed 1004251824 instructions
Total: 13887624819

real	24m51.057s
user	396m49.882s
sys	0m4.126s
### SECOND RUN ###
200000,39745993,52331,1,3,0,0,0,0.0989,0.1123,0.1186,0.1049,0.1062,0.1180,0.1147,0.1227,0.1163,0.2912,0.2959,0.1172,0.1162,0.1180,0.1163,0.1039,2.1712
[EVENT] Viable replicators have appeared!
400000,79441177,106799,3,5,1,2,14,0.2368,0.2618,0.1512,0.1388,0.1412,0.2719,0.2604,0.2817,0.1489,0.6062,0.6173,0.2667,0.1457,0.2677,0.2612,0.1859,4.2435
600000,107419923,142324,4,7,1,3,15,0.1540,0.1617,0.3102,0.2878,0.1558,0.4187,0.1523,0.1653,0.1640,0.3126,0.3202,0.1596,0.1608,0.1587,0.1540,0.4005,3.6363
800000,133341163,173055,3,6,0,0,5,0.1677,0.1728,0.1771,0.1694,0.1697,0.1742,0.1653,0.1758,0.1743,0.6140,0.6299,0.1711,0.3193,0.1689,0.1637,0.2553,3.8686
1000000,158184873,199879,3,6,2,0,3,0.1736,0.0935,0.1825,0.1735,0.0898,0.1791,0.1706,0.0951,0.1783,0.4687,0.4811,0.1771,0.0924,0.1742,0.1698,0.2675,3.1666
1200000,181435450,223231,3,4,0,0,0,0.5096,0.3640,0.1949,0.1833,0.3513,0.1921,0.5019,0.3678,0.5196,1.2140,1.2461,0.1853,0.3588,0.5100,0.1798,0.7968,7.6753
1400000,202395569,242469,3,5,1,1,6,0.7059,0.1969,0.2016,0.1916,0.1890,0.1952,0.6964,0.5679,0.7198,1.5663,1.6091,0.1934,0.5517,0.7070,0.3632,1.1157,9.7706
1600000,222533691,259081,5,5,1,1,20,0.8854,0.3896,0.4030,0.3825,0.1947,0.3929,0.1946,0.7563,0.8980,1.8758,1.9289,0.3873,0.7372,0.1973,0.5434,1.4123,11.5791
1800000,241770390,273524,13,12,8,10,516,0.1027,0.2957,0.1065,0.2905,0.0997,0.2972,0.1003,0.1032,0.1033,1.1114,1.1428,0.1023,0.4673,0.1985,0.3658,0.8719,5.7590
2000000,260449621,285755,17,8,6,4,274,0.1384,0.0720,0.1441,0.0696,0.1351,0.2669,0.1342,0.0732,0.1390,0.1267,0.8798,0.1379,0.0717,0.2006,0.3075,0.6928,3.5893
2200000,277993169,296335,17,14,10,5,235,0.2109,0.2123,0.2188,0.2058,0.6009,0.9956,0.2017,0.4298,0.6182,0.7416,2.9604,0.6125,0.4191,0.7979,1.1027,0.3608,10.6889
2400000,294595770,305500,15,18,5,8,891,0.4234,0.2119,0.4373,0.2091,0.8047,1.2038,0.4052,0.6455,0.8255,1.1127,3.3242,0.8208,0.6294,0.2113,1.2999,0.3690,12.9336
2600000,309726166,313248,18,10,4,10,41,0.6509,0.2140,0.6735,0.4283,0.2137,0.2184,0.2108,0.8823,0.2183,1.5262,3.8097,0.2163,0.8617,0.2150,0.2093,0.7576,11.3061
2800000,325092926,320457,13,9,5,10,57,0.1132,0.1110,0.4431,0.3170,0.2128,0.1134,0.1079,0.5441,0.1121,0.9407,2.0609,0.2171,0.5313,0.1114,0.1071,0.5662,6.6093
3000000,339813080,327042,12,9,7,10,107,0.4392,0.4368,1.0889,0.2144,0.6270,0.4390,0.2145,1.2810,0.4401,0.3868,4.4014,0.6406,0.2214,0.2171,0.2098,0.3896,11.6475
3200000,353948096,332903,15,9,5,14,186,0.6646,0.2211,0.2307,0.2163,0.8499,0.6658,0.4315,1.5151,0.6672,0.7802,4.8304,0.8663,0.4460,0.4424,0.4225,0.3954,13.6453
3400000,367293633,337829,18,16,18,9,780,0.1133,0.2240,0.2317,0.1098,0.5335,0.4458,0.3251,0.8688,0.4463,0.5888,2.6105,0.1135,0.1114,0.3321,0.1074,0.3987,7.5605
3600000,380044137,341923,20,16,23,29,912,0.1514,0.2250,0.0775,0.1467,0.0736,0.3726,0.2895,0.6551,0.3735,0.5253,0.1370,0.0757,0.0754,0.0766,0.1439,0.4009,3.7998
3800000,392865691,346219,19,9,27,6,865,0.6648,0.2280,0.4569,0.2253,0.4333,1.2988,1.0553,2.1158,1.3021,1.9132,0.8099,0.4475,0.2250,0.4478,0.6344,1.5625,13.8206
4000000,405105162,349941,16,12,26,7,827,0.2282,0.2299,0.7043,0.2240,0.6645,1.5568,0.2251,2.3926,1.5575,2.3620,1.2504,0.6868,0.2237,0.6861,0.2199,2.0075,15.2194
4200000,416938083,353128,10,9,10,3,286,0.4537,0.4569,0.9294,0.4430,0.2250,0.2346,0.2221,2.5785,1.7579,2.7184,0.4165,0.9038,0.4471,0.9031,0.4341,0.4150,13.5389
4400000,428228762,356040,17,9,9,4,138,0.2339,0.6924,0.2404,0.6723,0.4517,0.2345,0.4469,0.2358,1.9995,0.4128,0.4261,1.1400,0.6765,1.1382,0.6583,0.8365,10.4958
4600000,438931972,358559,14,9,0,5,253,0.2342,0.4642,0.2395,0.4508,0.3402,0.2347,0.3364,0.2359,0.1166,0.4150,0.4276,0.6887,0.4551,0.6871,0.4408,0.6298,6.3966
4800000,449398072,360615,18,10,4,7,236,0.0790,0.0797,0.0808,0.0766,0.3030,0.0798,0.3002,0.0794,0.1558,0.4173,0.4296,0.5367,0.0773,0.0779,0.0755,0.1420,2.9908
5000000,459729512,362707,30,13,8,17,468,0.1185,0.1184,0.0607,0.0578,0.2841,0.0609,0.0572,0.1194,0.1756,0.4185,0.4308,0.0595,0.0590,0.0589,0.1133,0.2140,2.4067
5200000,469531689,364870,25,16,14,22,508,0.1423,0.1426,0.0487,0.0467,0.2731,0.0478,0.0450,0.1433,0.0470,0.0840,0.4318,0.0472,0.0473,0.0471,0.1362,0.0852,1.8153
5400000,479482353,366821,31,19,19,11,749,0.2376,0.2381,0.4765,0.4558,1.5447,0.2367,0.4483,0.2443,0.4641,0.8267,2.5121,0.4663,0.4649,0.4623,0.2287,0.8401,10.1471
5600000,488888744,368375,30,22,23,12,1135,0.1190,0.1181,0.1237,0.1146,0.1161,0.1189,0.1155,0.2434,0.3523,0.6285,1.4816,0.3533,0.1175,0.3520,0.1134,0.6369,5.1052
5800000,497992670,369624,25,22,5,20,653,0.1589,0.1572,0.1645,0.1532,0.1543,0.0790,0.1539,0.2429,0.3146,0.5609,1.1390,0.0785,0.1573,0.0780,0.1507,0.5703,4.3134
6000000,506496052,371179,21,22,12,10,557,0.7367,0.2417,0.7622,0.7097,0.2310,0.2405,0.7168,0.2413,1.2268,2.1912,4.0108,0.4838,0.7302,0.4819,0.7057,2.2195,15.9298
6200000,514423770,372354,26,22,4,12,203,0.9510,0.2417,0.9883,0.9209,0.4578,0.4776,0.2362,0.2463,0.2464,2.5499,4.3196,0.2436,0.9482,0.2453,0.2350,2.5831,15.8908
6400000,522758464,373556,35,22,25,8,1276,0.1214,0.2422,0.1249,0.5762,0.1186,0.1238,0.2360,0.2457,0.2442,1.4821,2.3664,0.2446,0.5899,0.1217,0.1183,1.5024,8.4586
6600000,530351744,374562,48,22,32,25,1882,0.4861,0.7296,0.4998,1.3939,0.4702,0.4943,0.7093,0.7405,0.7323,3.4102,5.1954,0.2437,1.4203,0.4879,0.2352,0.4396,17.6882
6800000,537827670,375442,64,22,42,27,2495,0.2433,0.9746,0.7479,1.6252,0.7049,0.7396,0.9472,0.9836,0.9773,0.4433,5.6290,0.4933,1.6603,0.7283,0.4699,0.8787,18.2464
7000000,545648521,376360,52,22,26,21,1526,0.2425,0.6065,0.4971,0.9227,0.4677,0.4904,0.5874,0.6111,0.6065,0.4409,0.2282,0.3671,0.9429,0.1231,0.3510,0.2233,7.7085
7200000,552894098,377240,49,22,16,17,1103,0.2430,0.4874,0.4164,0.6973,0.3914,0.0803,0.0788,0.0817,0.4887,0.4405,0.3020,0.0815,0.0795,0.1630,0.3127,0.1455,4.4898
7400000,559824910,377851,52,22,22,25,1240,0.9812,0.2476,1.5096,2.3475,1.4210,0.2502,0.4724,0.4975,1.7248,1.7717,1.3661,0.2450,0.4861,0.7351,0.2385,0.8830,15.1773
7600000,566565381,378806,67,22,32,27,1755,1.2024,0.4882,0.2538,0.2395,1.6228,0.4915,0.2376,0.7352,1.9256,2.1664,1.7851,0.4875,0.7203,0.9625,0.4657,1.3041,15.0880
7800000,573343058,379381,54,19,28,33,1035,0.7196,0.3662,0.1300,0.2400,0.9250,0.3718,0.2378,0.4905,0.1262,1.2987,1.1169,0.1250,0.4811,0.6010,0.3515,0.2254,7.8068
8000000,579686952,380040,52,19,29,32,833,0.2477,0.2470,0.5239,0.7385,2.1510,1.0210,0.7316,0.2521,0.2502,3.1288,2.7667,0.2486,0.2471,1.4863,0.9657,0.4460,15.4522
8200000,585661636,380398,54,19,43,14,421,0.1236,0.2472,0.3895,0.4896,1.1970,0.6369,0.4868,0.2511,0.2515,1.7928,1.6178,0.2480,0.2475,0.1240,0.1179,0.2234,8.4447
8400000,591830660,381133,67,24,42,25,526,0.4918,0.2505,1.0322,1.2094,2.6093,1.5153,1.2043,0.2511,0.7491,3.9983,3.6652,0.7407,0.7396,0.2483,0.4708,0.8898,20.0656
8600000,597559254,381355,72,33,40,18,1575,0.3680,0.1271,0.1318,0.1230,0.1220,0.8725,0.1228,0.1291,0.4960,0.2298,2.0379,0.4922,0.1288,0.2467,0.1222,0.2282,5.9780
8800000,603329348,381970,73,43,39,28,2379,0.0813,0.1669,0.0843,0.1624,0.1616,0.6691,0.1628,0.0836,0.0834,0.3029,1.5221,0.4119,0.1682,0.0823,0.0784,0.1473,4.3684
9000000,608416850,382284,73,53,61,23,1925,0.0613,0.1880,0.0632,0.1823,0.0597,0.0627,0.0591,0.0634,0.0628,0.3407,1.2645,0.0627,0.0615,0.0611,0.0598,0.1105,2.7633
9200000,614243201,382697,72,55,58,24,1423,0.0988,0.0506,0.0515,0.0486,0.0486,0.1012,0.0485,0.1017,0.1005,0.3633,0.0935,0.0506,0.0990,0.0498,0.0954,0.1788,1.5805
9400000,619122690,382860,66,67,48,38,1040,0.1241,0.0837,0.0858,0.0404,0.0806,0.1266,0.0807,0.0426,0.0420,0.0761,0.1564,0.0417,0.1240,0.0415,0.1203,0.0746,1.3410
9600000,624101879,383322,68,74,69,21,948,0.2519,0.7537,0.2600,0.2451,0.7293,1.0154,0.2430,0.2546,0.2525,0.9096,0.4654,0.5042,0.9946,0.2520,0.9648,0.8996,8.9957
9800000,628720581,383458,71,78,71,38,1029,0.2515,0.9912,0.5131,0.4824,0.9581,1.2484,0.4857,0.2539,0.2562,0.4640,0.9322,0.7452,1.2184,0.4978,0.2441,1.3307,10.8729
10000000,633468362,383631,84,87,62,25,1927,0.1255,0.6191,0.3863,0.3620,0.5977,0.1292,0.3638,0.1296,0.2549,0.4605,0.6995,0.1281,0.7305,0.3732,0.1229,0.2277,5.7106
10200000,637450602,383891,82,96,54,26,1219,0.0819,0.0822,0.0850,0.0814,0.4837,0.0833,0.0803,0.0839,0.0833,0.1496,0.6273,0.0843,0.0817,0.0816,0.1638,0.1467,2.4799
10400000,642095377,384009,79,105,51,51,807,0.4954,0.5040,0.5194,0.4902,1.6891,0.5068,0.4858,0.2578,0.2560,0.4611,2.3474,0.2551,0.2530,0.2519,0.7335,0.4520,9.9583
10600000,646436258,384227,84,110,37,85,568,0.2548,0.7716,0.2642,0.2460,0.2459,0.7761,0.7453,0.2582,0.5206,0.9371,2.8880,0.5164,0.5105,0.2533,1.0029,0.9163,11.1070
10800000,651090571,384586,86,118,41,65,1913,0.4991,1.0030,0.5218,0.4866,0.2443,0.2582,0.9702,0.2602,0.7604,1.3741,3.2834,0.7581,0.7464,0.5012,1.2170,0.4533,13.3375
11000000,655137350,384958,73,121,38,46,1392,0.2499,0.2553,0.2641,0.7350,0.4912,0.2564,0.2472,0.5227,0.2562,1.8401,3.7652,0.2574,0.2523,0.7553,0.2478,0.9083,11.3044
11200000,659650287,385433,67,128,31,25,1526,0.1259,0.2530,0.1306,0.1220,0.3668,0.1279,0.1240,0.3886,0.1294,1.1498,2.1141,0.1271,0.2519,0.5020,0.2467,0.6800,6.8397
11400000,663697183,385475,56,143,26,40,1146,0.5111,0.7759,0.2603,0.4964,0.2455,0.2576,0.2491,0.2592,0.2610,2.8243,4.8151,0.2568,0.2546,0.2506,0.7543,1.8476,14.3194
11600000,667771380,385908,51,93,21,26,538,0.7516,1.0157,0.5180,0.2457,0.4853,0.5083,0.4903,0.5118,0.2570,3.2316,5.1950,0.5077,0.5000,0.4986,0.9817,2.2636,17.9617
11800000,671181185,386097,64,138,18,28,870,0.2522,1.3247,0.8069,0.5047,0.7573,0.2615,0.2513,0.7988,0.5297,3.8584,5.9353,0.2554,0.7783,0.7773,0.2461,0.4549,17.7928
12000000,674664847,386405,55,109,19,23,303,0.4933,1.5199,0.2628,0.7319,0.9718,0.5104,0.4907,1.0245,0.2583,4.1616,6.1615,0.5033,1.0029,0.9975,0.2476,0.8899,20.2279
12200000,678098806,386580,51,112,15,24,490,0.7536,1.8018,0.5317,0.9926,0.2477,0.7757,0.2520,1.2999,0.2567,4.6931,6.7374,0.7671,1.2730,1.2668,0.2467,1.3584,23.2542
12400000,681854737,386782,52,112,20,25,1002,0.9827,0.2543,0.2618,0.2469,0.4843,1.0096,0.2470,1.5174,0.2564,5.0075,7.0001,0.9994,1.4816,1.4805,0.4803,0.4539,22.1638
12600000,685426595,386973,45,112,47,23,594,1.2232,0.2576,0.5212,0.4864,0.2539,1.2574,0.4913,0.2611,0.5088,5.4080,7.3875,1.2426,0.2568,1.7152,0.7153,0.4536,22.4397
12800000,688390636,387290,50,93,24,23,676,0.2528,0.2551,0.2672,0.2488,0.2487,0.2656,0.2483,0.2612,0.2594,6.3747,8.5486,0.2585,0.2592,0.2582,0.2488,0.9505,19.2056
13000000,691304679,387443,71,51,30,20,1973,0.1297,0.2557,0.1354,0.1272,0.1272,0.2641,0.2475,0.1356,0.1319,3.3627,4.4321,0.1336,0.1313,0.2572,0.1277,0.2329,10.2318
13200000,693415163,387346,72,50,41,67,2199,0.5091,0.2633,0.5346,0.4999,0.4998,0.2642,0.2542,0.5286,0.5184,7.0002,9.0879,0.5230,0.5165,0.7592,0.5014,0.9109,23.1711
13400000,696210971,387480,65,91,26,44,1630,0.2556,0.2570,0.2645,0.2507,0.2486,0.5292,0.2495,0.8009,0.2596,7.6121,9.7542,0.2557,0.2583,0.2614,0.2514,1.3855,22.8943
13600000,698906652,387527,67,90,32,33,903,0.5140,0.2659,0.5328,0.2519,0.4986,0.7926,0.2564,1.0733,0.5223,8.1450,10.3194,0.5192,0.2627,0.5198,0.5060,1.8552,26.8350
13800000,702058482,387354,92,37,42,40,1338,0.7258,0.2603,0.2645,0.2473,0.7067,0.2615,0.2485,1.2485,0.2596,7.9313,9.9369,0.7335,0.2557,0.2599,0.7164,0.4568,24.5131
14000000,705045226,387642,95,37,72,65,4505,1.0199,0.2651,0.5459,0.2490,0.9897,0.5368,0.2469,1.5757,0.5321,8.8039,10.9242,1.0303,0.2578,0.2566,0.2510,0.9375,28.4222
14200000,707948716,387776,124,37,97,73,7031,0.2539,0.5204,0.8008,0.4934,0.2448,0.2639,0.2482,0.2648,0.2567,9.0664,0.4864,0.2558,0.2524,0.2582,0.4917,1.3717,15.5295
14400000,710370342,388023,104,127,96,68,6580,0.5225,0.8063,0.2686,0.2527,0.5079,0.5408,0.5112,0.2613,0.2578,10.0171,1.0076,0.5295,0.5231,0.2580,0.2532,1.9012,18.4189
14600000,712776012,388024,111,126,80,77,5849,0.2588,0.2619,0.2653,0.2561,0.2493,0.2668,0.7509,0.2629,0.5111,0.4775,0.4913,0.7799,0.7706,0.2593,0.5048,2.3115,8.6778
14800000,715077050,388294,138,69,87,86,7248,0.2553,0.5271,0.2662,0.2497,0.5041,0.5329,1.0088,0.5272,0.2620,0.9577,0.9854,1.0470,1.0371,0.2614,0.2520,0.4587,9.1326
15000000,717726555,388531,124,78,94,70,5934,0.1274,0.1307,0.2657,0.1253,0.3757,0.3984,0.1261,0.1310,0.2619,0.7140,0.7346,0.1314,0.6461,0.1294,0.2528,0.2292,4.7798
slurmstepd: error: *** JOB 2073070 ON ruby210 CANCELLED AT 2023-12-08T10:05:27 DUE TO TIME LIMIT ***
