200000,9056838,10207,0,1,0,0,0,0.0261,0.0266,0.0303,0.0264,0.0316,0.0376,0.0306,0.0348,0.0339,0.1782,0.1784,0.0331,0.0347,0.0387,0.0366,0.0120,0.7895
400000,18034229,22220,0,2,0,0,0,0.0732,0.0606,0.0660,0.0563,0.0890,0.0686,0.0670,0.1070,0.0691,0.3093,0.3108,0.0970,0.0968,0.0700,0.0666,0.0491,1.6563
600000,26635788,34247,0,2,0,0,0,0.0689,0.0826,0.1517,0.1288,0.0751,0.0921,0.0730,0.0841,0.0858,0.3463,0.3449,0.0814,0.0852,0.0853,0.0897,0.0643,1.9390
800000,34873361,45946,0,2,0,0,0,0.0799,0.0952,0.0974,0.0873,0.0866,0.0971,0.0822,0.1067,0.0988,0.3634,0.3641,0.0909,0.0948,0.0966,0.1023,0.0891,2.0324
1000000,43203398,57502,1,3,0,0,1,0.0929,0.1016,0.1083,0.0927,0.0993,0.1108,0.1070,0.1151,0.1015,0.7049,0.7076,0.0998,0.1057,0.1083,0.2068,0.1109,2.9731
[EVENT] Viable replicators have appeared!
1200000,51265856,68769,2,3,0,0,0,0.0976,0.1059,0.2217,0.1036,0.1049,0.1166,0.1067,0.1216,0.1093,1.0634,1.0681,0.1129,0.1111,0.1088,0.1218,0.1324,3.8062
1400000,59242938,79558,2,3,1,0,2,0.2014,0.1174,0.1231,0.2147,0.1155,0.2409,0.2234,0.1277,0.1226,1.3981,1.4066,0.1245,0.1215,0.1221,0.1308,0.2797,5.0701
1600000,66725058,89713,2,3,0,1,2,0.3225,0.1224,0.1350,0.1210,0.1203,0.1332,0.1187,0.1373,0.1317,0.3881,1.8411,0.1225,0.2534,0.1319,0.2754,0.1695,4.5240
1800000,74186138,99617,2,3,0,0,0,0.1228,0.1402,0.1373,0.1240,0.1308,0.1346,0.1305,0.1380,0.1346,0.3916,0.3984,0.1363,0.1366,0.1364,0.1384,0.1852,2.7156
2000000,81471131,109187,2,3,0,0,0,0.1296,0.1399,0.1484,0.1343,0.1395,0.1453,0.1288,0.1480,0.1367,0.7865,0.8010,0.1345,0.1432,0.1410,0.1506,0.2006,3.6077
2200000,88592844,118388,6,5,1,0,17,0.1302,0.1417,0.1497,0.1372,0.1362,0.1479,0.1500,0.1496,0.1454,0.3973,0.4025,0.1398,0.1466,0.1474,0.1505,0.2133,2.8854
2400000,95300986,126943,5,5,1,0,65,0.2788,0.1513,0.1596,0.1433,0.1469,0.3073,0.2997,0.1601,0.1589,0.8115,0.8271,0.1521,0.3067,0.3015,0.1636,0.2279,4.5963
2600000,101792658,135023,5,7,1,0,32,0.1459,0.1545,0.1574,0.1423,0.1453,0.1550,0.1569,0.1598,0.1589,0.4335,0.4429,0.1567,0.1557,0.1591,0.1606,0.2406,3.1250
2800000,108231046,142990,3,7,0,1,11,0.2997,0.3129,0.3203,0.1562,0.3002,0.1786,0.3171,0.3247,0.1645,0.8492,0.8662,0.3272,0.3171,0.3234,0.1666,0.4914,5.7152
3000000,114788573,150883,4,7,0,0,3,0.1543,0.1576,0.4745,0.1562,0.1590,0.3422,0.1615,0.1682,0.1653,1.2502,1.2786,0.1641,0.1631,0.1648,0.1654,0.7369,5.8617
3200000,121158894,158372,7,7,0,3,7,0.1668,0.1692,0.1751,0.1647,0.1626,0.1756,0.1618,0.1729,0.1750,0.4198,0.4300,0.1724,0.1681,0.1685,0.1772,0.2749,3.3346
3400000,127471958,165825,5,5,0,4,15,0.1699,0.3384,0.3544,0.1631,0.1610,0.3438,0.1678,0.1751,0.3474,0.4370,0.8756,0.1716,0.1749,0.1676,0.3521,0.2844,4.6841
3600000,133655334,172952,4,6,0,0,8,0.1715,0.1763,0.1868,0.1700,0.1695,0.1858,0.1693,0.1939,0.1801,0.4384,0.4506,0.1823,0.1786,0.1818,0.1834,0.2949,3.5130
3800000,139734169,179820,4,6,0,0,2,0.1724,0.1766,0.1889,0.1689,0.1794,0.1847,0.1712,0.1911,0.1856,0.4461,0.4601,0.1887,0.1827,0.1784,0.1852,0.3049,3.5652
4000000,145688839,186276,5,6,0,0,3,0.0893,0.0903,0.0951,0.0890,0.0911,0.0938,0.0899,0.0940,0.0898,0.2220,0.2281,0.0904,0.0891,0.0918,0.0939,0.1564,1.7941
4200000,151696354,192739,6,6,0,0,5,0.1800,0.1793,0.1855,0.1813,0.3645,0.3819,0.1823,0.3731,0.3683,0.8606,0.8852,0.3666,0.3590,0.3642,0.1875,0.3213,5.7405
4400000,157504899,199032,5,4,0,0,5,0.3600,0.1880,0.1998,0.1831,0.1881,0.1995,0.1819,0.5634,0.1890,0.4564,1.3417,0.5569,0.5399,0.1962,0.1962,0.6452,6.1852
4600000,163107315,204725,5,4,0,0,3,0.1880,0.1881,0.2037,0.3717,0.1913,0.1986,0.1864,0.2057,0.2063,0.4515,0.4675,0.1953,0.7355,0.1967,0.2001,0.9943,5.1807
4800000,168810405,210433,6,5,0,0,4,0.1936,0.1970,0.2004,0.5439,0.1934,0.2083,0.1935,0.2083,0.2039,0.8946,0.9255,0.2082,0.1994,0.1957,0.3968,1.3016,6.2639
5000000,174533312,216100,5,7,0,0,9,0.3865,0.1950,0.1969,0.1842,0.1890,0.2041,0.3837,0.1979,0.1984,0.4504,0.4656,0.1980,0.1890,0.1867,0.6004,1.6741,5.8999
5200000,180101482,221316,7,8,1,1,7,0.1930,0.3890,0.3990,0.3717,0.3820,0.2058,0.1989,0.4052,0.3919,0.8955,0.9266,0.1968,0.2002,0.3835,0.8077,0.3594,6.7062
5400000,185538737,226483,8,9,1,1,13,0.1992,0.5864,0.6093,0.5662,0.5806,0.4114,0.1996,0.2033,0.2027,0.4689,1.4125,0.1961,0.2007,0.5812,0.2061,0.3658,6.9901
5600000,190842166,231307,8,9,4,1,9,0.1987,0.2042,0.8354,0.7688,0.1989,0.6239,0.1954,0.2157,0.1976,0.9464,0.4913,0.2065,0.4069,0.2071,0.2162,0.3724,6.2855
5800000,196058698,235914,9,9,1,0,5,0.2002,0.2005,0.2112,0.1989,0.2051,0.2125,0.1999,0.2177,0.2067,0.4615,0.4786,0.2048,0.2069,0.2041,0.4259,0.3803,4.2149
6000000,201050638,240405,11,11,3,2,24,0.2088,0.4132,0.4320,0.2011,0.2020,0.4347,0.2019,0.4399,0.2146,0.4672,0.4826,0.4196,0.2080,0.2078,0.6548,0.3843,5.5725
6200000,206297504,244660,10,13,2,1,58,0.2055,0.2014,0.2165,0.1976,0.2017,0.6284,0.1997,0.2111,0.2051,0.4744,0.4914,0.2119,0.2070,0.2146,0.8340,0.3901,5.0903
6400000,211312225,248797,11,18,4,0,54,0.2093,0.4168,0.2244,0.2057,0.4127,0.2187,0.2057,0.2213,0.4203,0.4967,1.0115,0.2201,0.4192,0.2160,1.0610,0.3973,6.3566
6600000,216443697,252982,11,21,4,1,13,0.2090,0.2094,0.2129,0.2009,0.2083,0.2231,0.2076,0.2267,0.2101,0.4786,0.4956,0.2135,0.2061,0.2118,0.2200,0.3997,4.1332
6800000,221410567,256979,10,22,0,0,5,0.2096,0.2132,0.2249,0.2086,0.2077,0.4559,0.2044,0.2281,0.2209,0.9627,0.5065,0.2217,0.2192,0.2248,0.4468,0.4069,5.1618
7000000,226260977,260868,14,22,3,2,52,0.4253,0.2117,0.4575,0.4166,0.2093,0.6828,0.4151,0.2251,0.4388,1.4574,1.0161,0.4450,0.2169,0.4412,0.2212,0.4097,7.6898
7200000,230945583,264318,13,22,0,0,21,0.3213,0.1086,0.3432,0.1046,0.1077,0.1129,0.1081,0.1135,0.1120,0.2704,0.7875,0.1139,0.1097,0.1101,0.1190,0.4140,3.3566
7400000,235591645,267742,12,22,3,1,20,0.8812,0.2121,0.2230,0.4314,0.4416,0.4622,0.4343,0.4511,0.4476,1.0347,2.1150,0.2218,0.4410,0.4466,0.2358,0.4204,8.8997
7600000,240313868,271141,11,22,6,1,14,0.2214,0.2081,0.2277,0.2135,0.2197,0.2307,0.2181,0.2240,0.2221,0.5002,0.5180,0.2332,0.2133,0.2221,0.2336,0.4248,4.3302
7800000,244932646,274494,10,22,1,0,2,0.4423,0.2167,0.2326,0.2182,0.2172,0.2304,0.2175,0.2301,0.4482,0.4949,0.5115,0.2213,0.2196,0.2280,0.2369,0.8589,5.2242
8000000,249575807,277723,10,22,4,0,21,0.2199,0.2207,0.4602,0.2107,0.2173,0.2271,0.4356,0.2321,0.6643,0.5160,0.5316,0.4422,0.2297,0.2226,0.4633,1.2869,6.5802
8200000,254195927,280815,10,22,1,1,11,0.4380,0.4360,0.2294,0.4275,0.2224,0.2327,0.6440,0.4608,0.8769,0.5147,1.0499,0.6574,0.2343,0.2340,0.6843,1.6919,9.0339
8400000,258575790,283814,10,22,1,0,6,0.1149,0.3289,0.1211,0.1099,0.1127,0.1159,0.1073,0.3474,0.5558,0.2447,0.2538,0.1179,0.1119,0.1169,0.1227,1.0728,3.9546
8600000,263154715,286809,10,22,2,0,333,0.2320,0.8786,0.2340,0.2168,0.2232,0.2385,0.2138,0.2447,0.2273,0.9846,1.0220,0.2282,0.2270,0.2280,0.2377,0.4452,6.0815
8800000,267684967,289638,12,22,0,2,8,0.2300,0.1107,0.2372,0.1115,0.1122,0.1179,0.1103,0.1150,0.2292,0.7432,0.2635,0.1146,0.1134,0.1142,0.1206,0.2258,3.0692
9000000,271970720,292202,12,22,1,1,6,0.2291,0.2299,0.2396,0.2283,0.2284,0.2353,0.2304,0.2428,0.2367,0.5404,1.0853,0.2407,0.2349,0.2318,0.2442,0.4550,5.1328
9200000,276337461,294870,11,24,3,1,12,0.4610,0.2323,0.2449,0.2282,0.4585,0.2368,0.4590,0.2442,0.2315,0.4975,1.5983,0.2317,0.4596,0.2404,0.4864,0.4563,6.7664
9400000,280584594,297357,14,26,2,0,14,0.1156,0.1179,0.1241,0.1144,0.1152,0.1197,0.1149,0.1187,0.1187,0.2624,0.2724,0.1209,0.1178,0.1172,0.3678,0.2299,2.5475
9600000,284893492,299918,16,27,2,2,9,0.2306,0.2258,0.4873,0.4523,0.2267,0.4789,0.4551,0.4794,0.2340,1.0391,0.5403,0.4789,0.2344,0.4693,0.2392,0.9171,7.1883
9800000,288814808,302196,18,27,2,0,35,0.4815,0.2437,0.2442,0.2425,0.2371,0.2540,0.2321,0.7379,0.2386,1.6139,0.5619,0.2455,0.2377,0.2432,0.2490,0.4677,6.5303
10000000,292899562,304442,16,27,2,2,18,0.1185,0.1155,0.2475,0.1149,0.2347,0.1221,0.1105,0.1227,0.2373,0.2683,0.2772,0.1218,0.1211,0.1153,0.1227,0.2357,2.6858
10200000,296824471,306528,20,27,4,0,137,0.4713,0.4683,0.2492,0.4591,0.2364,0.2543,0.2228,0.2495,0.2496,0.5464,1.1223,0.2433,0.4825,0.2521,0.2657,0.4756,6.2485
10400000,300887089,308623,20,27,4,4,36,0.2357,0.2315,0.5013,0.6829,0.2355,0.2468,0.2309,0.2444,0.4870,1.0766,1.6648,0.2408,0.2350,0.4910,0.2529,0.4755,7.5326
10600000,304680054,310734,21,27,4,4,114,0.4774,0.4685,0.7569,0.9252,0.2386,0.2570,0.2386,0.2500,0.2530,1.6202,2.2327,0.4891,0.4746,0.7425,0.2603,0.4819,10.1666
10800000,308573477,312654,20,27,1,3,71,0.7128,0.2394,0.2481,0.2323,0.2275,0.2496,0.2266,0.2482,0.2537,2.1450,2.7701,0.2406,0.7069,0.2457,0.5096,0.4827,9.7388
11000000,312409151,314496,17,27,2,1,9,0.1197,0.1247,0.1257,0.1174,0.1212,0.1235,0.1130,0.1261,0.1267,0.2864,0.2962,0.1231,0.1235,0.1267,0.1278,0.2451,2.4270
11200000,316370669,316369,18,27,2,1,29,0.2418,0.2378,0.2493,0.2410,0.2429,0.2503,0.2352,0.2491,0.2475,0.5226,0.5431,0.2444,0.2392,0.2429,0.2515,0.4860,4.7245
11400000,320204614,318203,17,27,1,0,3,0.2429,0.2445,0.2547,0.2386,0.2340,0.2440,0.2348,0.5012,0.2438,1.0678,1.1090,0.2448,0.2385,0.2462,0.2656,0.4899,6.1002
11600000,323992474,319834,17,27,0,1,4,0.2424,0.2450,0.2535,0.4903,0.4865,0.5056,0.4826,0.2555,0.5017,1.6540,1.7197,0.2461,0.4837,0.2539,0.2553,0.4932,8.5690
11800000,327628354,321495,16,27,2,2,7,0.2452,0.2462,0.2650,0.2387,0.2376,0.2573,0.2366,0.2570,0.2534,0.5481,0.5695,0.2520,0.2427,0.2574,0.2593,0.4952,4.8612
12000000,331487936,323159,17,27,2,2,10,0.4921,0.2480,0.2586,0.4683,0.2401,0.2575,0.2354,0.2567,0.5083,1.0896,0.5677,0.2482,0.2468,0.5085,0.5190,0.9878,7.1324
12200000,335172895,324830,18,27,4,2,20,0.2468,0.2490,0.5166,0.7007,0.2420,0.2523,0.2388,0.5053,0.2624,1.6236,0.5798,0.2435,0.2398,0.2470,0.2692,1.4647,7.8815
12400000,338969898,326519,22,27,4,6,50,0.2424,0.2455,0.2563,0.2390,0.2369,0.2546,0.2337,0.2530,0.2476,2.2173,1.1602,0.2521,0.2406,0.2492,0.2506,0.5010,7.0800
12600000,342587587,327987,23,27,1,5,37,0.2477,0.2491,0.2571,0.2450,0.2467,0.2586,0.4777,0.2568,0.2505,0.5738,0.5934,0.2486,0.2566,0.2422,0.2632,1.0101,5.6773
12800000,346274199,329360,19,27,7,3,29,0.2476,0.2513,0.2668,0.2360,0.2472,0.2611,0.7024,0.5117,0.2511,0.5484,0.5685,0.4994,0.2523,0.2525,0.5246,0.5047,6.1257
13000000,349784958,330812,21,27,2,5,66,0.2484,0.2516,0.2586,0.2453,0.2489,0.5224,0.2402,0.2578,0.5064,0.5703,0.5867,0.2578,0.2535,0.2471,0.2686,0.5090,5.4724
13200000,353403253,332111,22,27,4,7,82,0.2494,0.2471,0.2533,0.4857,0.2437,0.2612,0.2385,0.5081,0.2565,1.1244,1.1645,0.5159,0.2517,0.2485,0.5276,0.5106,7.0867
13400000,357033581,333427,23,27,3,4,76,0.4956,0.2506,0.2611,0.2415,0.4901,0.5138,0.2422,0.2551,0.2604,0.5584,0.5807,0.2509,0.5030,0.4976,0.7920,0.5107,6.7037
13600000,360502183,334752,24,27,3,1,62,0.2534,0.2521,0.2575,0.2418,0.2429,0.2585,0.2381,0.2614,0.2584,1.1333,1.1750,0.2529,0.2555,0.2636,0.2651,0.5151,6.1248
13800000,363958918,335974,25,27,3,3,62,0.1253,0.1254,0.1291,0.1233,0.1234,0.1307,0.1286,0.1297,0.1302,0.8544,0.2989,0.1300,0.1267,0.1288,0.2647,0.2587,3.2078
14000000,367347348,337232,27,27,9,4,88,0.2531,0.2554,0.2593,0.2477,0.2424,0.2584,0.2472,0.2662,0.2511,0.5644,0.5847,0.2573,0.2556,0.2733,0.2745,1.0451,5.5355
14200000,370759198,338539,28,27,6,3,91,0.2483,0.2522,0.2668,0.4991,0.4896,0.5185,0.2449,0.2594,0.5122,1.1480,1.1863,0.2647,0.5063,0.2569,0.5405,0.5206,7.7142
14400000,374193169,339665,30,27,9,6,95,0.2527,0.2555,0.2636,0.2474,0.2443,0.2631,0.2373,0.2603,0.7735,1.7275,1.7844,0.2552,0.2568,0.2569,0.2601,0.5199,7.8585
14600000,377370562,340719,36,27,7,4,69,0.2542,0.2477,0.2744,0.2426,0.2510,0.2683,0.2445,0.2641,0.2590,0.5749,0.5961,0.2623,0.2551,0.5143,0.2684,1.0481,5.8249
14800000,380730925,341891,34,27,6,1,48,0.2575,0.2468,0.2652,0.2507,0.2506,0.2631,0.4988,0.2640,0.2615,0.5503,0.5728,0.2558,0.2501,0.2614,0.5468,0.5234,5.5188
15000000,383885742,342891,36,27,0,5,34,0.2564,0.2586,0.5286,0.2442,0.2522,0.2709,0.2437,0.2694,0.2646,0.5842,0.6034,0.2646,0.2607,0.2621,0.8273,0.5272,5.9181
15200000,387147750,344061,45,27,1,2,48,0.2563,0.5146,0.2746,0.2514,0.2511,0.2703,0.2503,0.2703,0.5288,1.1647,1.2046,0.2624,0.2583,0.2524,1.0945,0.5253,7.6299
15400000,390515785,345055,42,27,5,4,36,0.2542,0.7423,0.2637,0.2450,0.2478,0.5232,0.2528,0.5189,0.2619,1.6774,0.5875,0.5051,0.2476,0.5022,1.3156,0.5308,8.6760
15600000,393742891,346096,47,27,5,2,104,0.2599,1.0141,0.2631,0.2486,0.2504,0.2608,0.5091,0.2731,0.2632,0.5778,0.5974,0.2693,0.2610,0.2610,1.6227,1.0750,8.0065
15800000,396752788,347113,48,27,5,4,31,0.2702,0.2575,0.2742,0.2533,0.2630,0.2794,0.2520,0.2778,0.2711,1.1642,0.6041,0.2704,0.2684,0.2684,1.8942,0.5331,7.4013
16000000,399908156,348055,42,27,4,7,75,0.2545,0.2620,0.2687,0.2517,0.2592,0.2658,0.2404,0.2674,0.2625,0.5984,0.6187,0.2649,0.2657,0.2712,0.2764,0.5362,5.1638
16200000,403041916,349068,47,27,10,3,97,0.2592,0.5242,0.2762,0.2556,0.2596,0.2633,0.4857,0.5381,0.2646,1.1885,1.2296,0.5361,0.2673,0.5407,0.2862,0.5358,7.7108
16400000,406173023,350043,48,27,5,1,63,0.2566,0.2588,0.2703,0.2587,0.2589,0.2641,0.2606,0.8054,0.2642,1.7757,1.8339,0.2692,0.2628,0.2660,0.2768,0.5374,8.1194
16600000,409073691,350842,49,27,4,0,65,0.2653,0.2680,0.2740,0.5096,0.2626,0.2698,0.2572,1.0871,0.2782,2.3639,2.4425,0.2692,0.2674,0.5373,0.2816,0.5396,10.1733
16800000,412248192,351793,49,27,7,3,95,0.2650,0.5346,0.2659,0.2515,0.2596,0.2766,0.2496,1.3490,0.5409,2.9563,3.0517,0.5251,0.2566,0.2666,0.5618,0.5404,12.1512
17000000,415488447,352834,52,30,10,5,156,0.2575,0.2619,0.2716,0.2522,0.2582,0.2705,0.2448,0.2725,0.2618,0.5784,0.5972,0.2622,0.2537,0.2600,0.2735,0.5397,5.1157
17200000,418483185,353711,52,31,8,13,183,0.2664,0.2691,0.2802,0.5241,0.2622,0.2754,0.2463,0.2814,0.2689,1.2077,1.2445,0.5440,0.2710,0.5422,0.5644,1.0973,8.1450
17400000,421564201,354623,57,32,5,7,177,0.2672,0.2575,0.2820,0.2587,0.2652,0.2655,0.2509,0.2731,0.2769,0.5921,0.6146,0.2589,0.2642,0.7964,0.2741,0.5421,5.7394
17600000,424519886,355496,56,35,9,4,1080,0.2660,0.2753,0.2775,0.5195,0.2523,0.5352,0.5029,0.5456,0.2785,1.1879,1.2301,0.2776,0.5410,1.0668,0.5644,1.0854,9.4060
17800000,427508982,356265,53,39,7,4,148,0.2616,0.2591,0.2708,0.2590,0.2592,0.2742,0.2513,0.2727,0.2688,1.8107,0.6276,0.2710,0.2551,0.2648,0.2767,0.5451,6.4279
18000000,430588729,357034,53,39,4,4,76,0.2590,0.2620,0.2694,0.5098,0.5201,0.2739,0.2466,0.2696,0.5437,2.3970,0.6064,0.2580,0.2555,0.5342,0.2661,1.0911,8.5625
18200000,433293722,357669,54,36,7,4,264,0.5282,0.5375,0.5456,0.2670,0.2667,0.5549,0.2513,0.5578,0.2823,3.0603,1.2588,0.5389,0.5407,0.2691,0.5600,0.5498,10.5690
18400000,436111165,358475,52,37,8,5,181,0.2676,0.2615,0.2745,0.2564,0.2657,0.2681,0.2507,0.2680,0.2683,0.6175,0.6323,0.2689,0.2641,0.2639,0.2941,0.5479,5.2696
18600000,439015800,359127,53,39,16,2,258,0.5298,0.2631,0.2842,0.5058,0.5223,0.2726,0.5003,0.2871,0.2789,0.5883,1.2234,0.2727,0.2729,0.5310,0.2884,1.0858,7.7066
18800000,441721925,359851,58,42,13,3,790,0.2667,0.2635,0.2753,0.2692,0.2638,0.5540,0.2620,0.2832,0.2785,1.2210,1.8956,0.5536,0.2617,0.8130,0.5861,0.5523,8.5996
19000000,444438083,360448,52,45,8,3,409,0.2678,0.2651,0.2844,0.2538,0.2604,0.2712,0.2670,0.2930,0.2710,1.8205,0.6256,0.2727,0.2688,0.2880,0.2852,1.1033,7.0977
19200000,447110782,360922,55,45,12,5,455,0.2703,0.2718,0.2741,0.2625,0.2585,0.2783,0.2454,0.2809,0.2758,2.4214,1.2647,0.2717,0.2758,0.2723,0.2917,0.5516,7.7666
19400000,449710705,361593,63,46,4,5,442,0.2736,0.2703,0.2856,0.2705,0.2590,0.2752,0.2717,0.5719,0.2774,0.6180,0.6390,0.2707,0.2783,0.2856,0.3019,0.5554,5.7041
19600000,452487659,362285,59,51,10,8,563,0.5347,0.2625,0.2764,0.2587,0.5155,0.2829,0.5127,0.8340,0.5457,0.6193,0.6397,0.5451,0.5442,0.2794,0.3003,1.0933,8.0443
19800000,455172486,362783,65,53,6,9,167,0.2739,0.2709,0.2844,0.2647,0.2585,0.2841,0.2584,1.1024,0.2781,1.2484,1.2880,0.2797,0.8172,0.2737,0.5866,0.5583,8.3274
20000000,457828216,363259,64,54,7,4,94,0.2705,0.2621,0.5635,0.2556,0.2654,0.2813,0.2656,0.2746,0.2828,0.6128,0.6302,0.2707,0.2690,0.2726,0.2845,1.1167,6.1778
20200000,460559791,363812,63,56,5,14,74,0.5432,0.5332,0.8411,0.2637,0.2697,0.2803,0.2656,0.2812,0.2733,0.6097,1.2598,0.2700,0.5430,0.5638,0.2870,1.6804,8.7649
20400000,463120650,364485,62,56,4,4,68,0.8232,0.8129,1.1517,0.2651,0.5492,0.2776,0.2633,0.2887,0.2846,0.5983,0.6213,0.5545,0.2727,0.2732,0.5964,2.2716,9.9041
20600000,465764886,365029,64,58,7,9,87,0.1345,0.1387,0.7124,0.2609,0.4057,0.1432,0.1356,0.2914,0.1403,0.6000,0.3145,0.1378,0.1341,0.2743,0.1509,0.2834,4.2576
20800000,468370409,365537,67,59,11,9,66,0.2750,0.2696,0.2858,0.2586,0.2680,0.2868,0.2681,0.2897,0.2757,1.8110,1.2697,0.5588,0.2856,0.8215,0.2999,0.5609,8.0847
21000000,470862932,366029,66,59,8,12,242,0.2719,0.2676,0.5808,0.2645,0.2657,0.5780,0.2582,0.2839,0.2872,2.4639,1.9321,0.2866,0.2734,0.2837,0.2960,1.1322,9.7255
21200000,473323118,366491,72,63,10,5,153,0.2728,0.2808,0.2846,0.2641,0.2613,0.8550,0.2625,0.2885,0.2857,3.0728,2.5655,0.5726,0.2884,0.2763,0.3078,1.6848,11.8235
21400000,475953604,366907,64,64,3,3,147,0.5348,0.2624,0.2813,0.2630,0.5226,1.1164,0.5132,0.2734,0.5492,3.6424,0.6553,0.2722,0.5460,0.2832,0.2888,2.2099,12.2140
21600000,478532741,367254,63,66,5,4,83,0.2731,0.2653,0.2844,0.2656,0.2726,0.2822,0.2567,0.2893,0.2747,0.6257,0.6477,0.2729,0.2767,0.2900,0.2848,0.5622,5.4237
21800000,481106831,367934,58,68,3,3,251,0.5522,0.2701,0.5745,0.5281,0.2661,0.2839,0.5199,0.2907,0.5519,0.6433,1.3231,0.5480,0.2764,0.5778,0.5707,1.1358,8.9126
22000000,483546773,368337,57,68,9,4,68,0.2712,0.5336,0.2828,0.2677,0.2603,0.2946,0.7683,0.2869,0.2843,0.6345,0.6540,0.2887,0.2783,0.2889,0.8539,0.5676,6.8155
22200000,485986457,368828,63,68,8,4,98,0.2771,0.2815,0.2920,0.2682,0.2754,0.2859,0.2694,0.2888,0.2772,0.6529,0.6755,0.2797,0.2812,0.2841,0.3049,0.5686,5.5624
22400000,488326883,369169,67,68,6,2,142,0.5503,0.2737,0.2969,0.2663,0.5493,0.5709,0.2719,0.2898,0.2847,1.3007,0.6786,0.5661,0.5548,0.2848,0.3055,1.1294,8.1735
22600000,490577310,369677,68,68,6,5,100,0.2773,0.2770,0.5907,0.2719,0.2722,0.2854,0.2610,0.2990,0.2828,0.6464,0.6663,0.2815,0.2776,0.2915,0.2991,1.7042,6.9838
22800000,493019204,370082,71,68,13,5,320,0.2781,0.2748,0.2951,0.2700,0.2753,0.2859,0.2630,0.2884,0.2786,0.6567,0.6755,0.2905,0.2845,0.2838,0.2951,0.5701,5.5653
23000000,495396555,370567,72,68,9,7,410,0.5398,0.5401,0.2860,0.5252,0.5339,0.3014,0.2753,0.2929,0.2887,1.2838,0.6722,0.2966,0.2818,0.2771,0.3046,1.1209,7.8202
23200000,497829378,371028,78,68,12,11,434,0.1358,0.1324,0.1451,0.1324,0.1313,0.1432,0.1331,0.1440,0.1378,0.3247,0.3344,0.1417,0.1371,0.1406,0.3025,0.2819,2.8980
23400000,500240440,371447,74,68,7,6,192,0.2766,0.2773,0.2887,0.2738,0.2701,0.2820,0.2636,0.2859,0.2834,0.6352,0.6539,0.2846,0.2691,0.2903,0.2919,1.1478,6.0741
23600000,502550556,371964,85,67,7,9,266,0.2733,0.2707,0.2864,0.2722,0.2736,0.2793,0.2704,0.2925,0.2889,0.6608,1.3310,0.5704,0.2760,0.5706,0.2894,1.7061,7.9114
23800000,504835461,372380,85,68,5,10,108,0.2802,0.2915,0.5770,0.2733,0.2758,0.2837,0.5326,0.5848,0.2845,1.3330,2.0233,0.8563,0.5489,0.2946,0.2989,0.5717,9.3100
24000000,507078959,372716,87,68,8,12,87,0.2745,0.2701,0.2916,0.2769,0.2666,0.2830,0.2656,0.2888,0.2877,0.6438,2.7187,0.2809,0.2728,0.2912,0.6090,0.5728,7.8939
24200000,509442084,372951,98,68,9,13,83,0.2748,0.5521,0.2986,0.5421,0.5388,0.5701,0.5388,0.2891,0.2836,1.2639,0.6465,0.5645,0.5454,0.2902,0.3012,1.1395,8.6391
24400000,511519087,373260,101,68,11,12,213,0.1402,0.1380,0.1513,0.1382,0.1372,0.1482,0.4091,0.1475,0.1479,0.9590,0.6591,0.1488,0.1396,0.2911,0.1511,0.2869,4.1933
24600000,513668598,373598,100,68,11,12,348,0.2741,0.5520,0.3000,0.2692,0.2740,0.5719,0.2707,0.2921,0.2947,0.6563,0.6775,0.2905,0.2865,0.2902,0.3015,0.5729,6.1742
24800000,515991110,374146,95,68,6,20,156,0.2824,0.2800,0.2876,0.2741,0.5469,0.2900,0.2687,0.5730,0.2932,0.6347,1.3374,0.5763,0.5557,0.2933,0.6006,0.5727,7.6667
25000000,518181540,374494,94,68,3,4,208,0.2782,0.2810,0.2981,0.2777,0.2785,0.2873,0.2738,0.2846,0.5841,1.2844,0.6715,0.8687,0.2769,0.2926,0.9022,0.5760,7.7157
25200000,520293341,374715,90,68,10,8,147,0.2764,0.2811,0.2914,0.2780,0.2785,0.3044,0.5358,0.5669,0.2977,1.9168,1.3346,1.1422,0.5577,0.2942,1.1952,0.5793,10.1302
25400000,522558444,374971,92,68,3,10,88,0.1383,0.1415,0.1522,0.1387,0.1372,0.1511,0.1379,0.1458,0.1441,0.3309,0.3399,0.1478,0.1375,0.1442,0.1498,0.2887,2.8257
25600000,524703386,375178,98,68,5,15,284,0.2779,0.2849,0.2883,0.2739,0.2700,0.2996,0.2670,0.3020,0.2896,0.6581,0.6780,0.2915,0.2829,0.2876,0.3047,0.5768,5.6327
25800000,526755446,375534,98,68,11,10,209,0.2818,0.5661,0.2875,0.5445,0.2717,0.2940,0.2783,0.3040,0.2980,0.6502,0.6678,0.2881,0.2857,0.2844,0.5928,0.5777,6.4726
26000000,528809441,375885,96,67,6,13,194,0.1433,0.1404,0.2882,0.1420,0.1382,0.1486,0.1379,0.1563,0.1480,0.3349,0.3455,0.1481,0.1445,0.1486,0.1571,0.5780,3.2996
26200000,530913339,376045,102,67,12,19,332,0.2792,0.5632,0.2830,0.5684,0.5677,0.6017,0.2723,0.6178,0.2935,0.6431,0.6626,0.6000,0.5711,0.2790,0.3036,0.5766,7.6827
26400000,533105910,376489,115,68,13,12,269,0.1427,0.1408,0.2921,0.1382,0.1376,0.1448,0.1387,0.1442,0.1426,0.6442,0.6647,0.1528,0.1446,0.1477,0.1519,0.2927,3.6201
26600000,535094463,376542,99,68,9,23,578,0.2852,0.2920,0.2954,0.2802,0.2830,0.3054,0.5411,0.3041,0.5680,1.8984,0.6939,0.5911,0.2788,0.3070,0.3131,0.5818,7.8183
26800000,537104347,376727,97,68,6,15,1021,0.2764,0.2817,0.2881,0.2757,0.2826,0.2931,0.2798,0.3046,0.3005,0.6995,0.7184,0.2818,0.2868,0.2900,0.3180,0.5803,5.7570
27000000,539287179,376981,99,68,10,12,186,0.2738,0.5628,0.2995,0.2764,0.2679,0.3006,0.2809,0.5965,0.3009,0.6736,0.6918,0.2840,0.2782,0.2805,0.6142,1.1561,7.1378
27200000,541160406,377155,98,68,13,16,251,0.5598,0.8326,0.2952,0.5476,0.5412,0.2894,0.2735,0.9007,0.5942,1.3485,1.3836,0.5686,0.5570,0.2890,0.9230,0.5820,10.4858
27400000,543083293,377452,95,68,6,15,162,0.2879,0.2983,0.3004,0.8272,0.2782,0.5985,0.2877,0.3134,0.2959,0.6635,0.6850,0.3022,0.2833,0.3096,1.2430,1.1689,8.1430
27600000,545091791,377673,84,68,12,8,207,0.1454,0.1438,0.1464,0.5521,0.2797,0.1445,0.1392,0.1523,0.1488,0.3266,0.3364,0.3004,0.2882,0.3019,0.1522,0.2881,3.8464
27800000,547156232,377916,80,68,10,7,160,0.2870,0.2879,0.5981,0.2763,0.2800,0.2980,0.2717,0.2918,0.3004,1.2953,1.3300,0.3001,0.2902,0.2951,0.3026,1.1491,7.8535
28000000,549090977,378195,77,63,8,8,244,0.5753,0.2835,0.9087,0.5623,0.2844,0.3014,0.5614,0.5902,0.2923,1.9827,2.0357,0.2899,0.5734,0.5947,0.2971,0.5823,10.7152
28200000,550939540,378342,78,68,8,8,220,0.2846,0.5676,1.2026,0.2817,0.2810,0.3079,0.8419,0.3000,0.5679,0.6720,2.7075,0.3020,0.2920,0.2929,0.3187,0.5833,9.8036
28400000,552886928,378593,84,71,5,4,198,0.2857,0.2863,0.2931,0.2742,0.2797,0.2994,0.2844,0.2917,0.2890,1.3463,3.4211,0.5930,0.2796,0.2945,0.3034,0.5803,9.4016
28600000,554865679,378869,82,73,10,9,167,0.2856,0.2859,0.3022,0.2734,0.2773,0.3017,0.2838,0.5977,0.5807,0.6437,0.6654,0.2944,0.5773,0.5968,0.3175,0.5838,6.8673
28800000,556785925,379028,84,76,10,9,312,0.2866,0.2903,0.2906,0.2768,0.2888,0.2922,0.2763,0.3051,0.2974,0.6963,0.7149,0.3018,0.2811,0.2940,0.3260,0.5841,5.8024
29000000,558803260,379108,82,78,4,12,204,0.5715,0.2903,0.2864,0.2786,0.2772,0.2946,0.2784,0.2883,0.2923,0.6720,0.6937,0.2950,0.2862,0.2933,0.3090,1.1636,6.5703
29200000,560516515,379294,82,80,9,7,212,0.2915,0.2884,0.3125,0.2799,0.2872,0.3034,0.2829,0.3034,0.2932,1.3676,1.4070,0.3006,0.2912,0.5964,0.3193,0.5871,7.5115
29400000,562370009,379669,90,80,9,9,349,0.1427,0.2849,0.1481,0.1365,0.1379,0.1512,0.1391,0.1477,0.2948,0.3288,1.0482,0.1444,0.1463,0.1468,0.1498,0.2895,3.8365
29600000,564250483,379948,84,81,6,8,305,0.2772,0.2955,0.2915,0.2731,0.2789,0.2851,0.2750,0.3009,0.2894,0.6790,0.6995,0.2883,0.2853,0.2914,0.3074,0.5838,5.7014
29800000,565878283,380178,85,83,6,15,437,0.2852,0.2871,0.3074,0.2703,0.2788,0.3091,0.2967,0.3042,0.2959,0.6962,0.7184,0.2989,0.2880,0.2947,0.3174,0.5871,5.8352
30000000,567485135,380317,92,84,5,12,578,0.5860,0.3067,0.3021,0.2832,0.2897,0.6221,0.5916,0.6198,0.3158,0.6719,0.6918,0.3005,0.2889,0.3094,0.6397,1.1935,8.0128
30200000,569152797,380551,101,85,6,13,594,0.2877,0.5959,0.6040,0.5675,0.2800,0.3097,0.2883,0.9339,0.3008,0.6722,1.3867,0.6059,0.5759,0.6111,0.3278,1.7849,10.1321
30400000,570958824,380678,107,87,16,13,905,0.2901,0.8693,0.8951,0.8317,0.5525,0.6167,0.2863,0.3086,0.5841,1.3331,2.0490,0.2971,0.8585,0.3015,0.6313,0.5871,11.2921
30600000,572669057,380767,114,88,13,18,1630,0.2887,0.2924,0.3184,0.2864,0.2847,0.2979,0.5642,0.3108,0.8747,1.9870,2.7142,0.3031,0.2938,0.5945,0.3141,0.5889,10.3138
30800000,574594655,381010,108,92,7,10,623,0.1394,0.1437,0.1520,0.1449,0.1403,0.1486,0.1402,0.1519,0.1532,0.3197,0.3295,0.1497,0.1424,0.1471,0.1559,0.2902,2.8487
31000000,576297089,381132,105,95,17,11,687,0.2883,0.5861,0.6160,0.5820,0.5709,0.3077,0.2866,0.3089,0.6145,0.6827,0.7033,0.5989,0.3008,0.2893,0.3271,0.5888,7.6517
31200000,578071175,381226,98,95,10,17,645,0.2825,0.2937,0.3004,0.2842,0.2751,0.2920,0.2881,0.2996,0.2949,0.6766,0.6973,0.2967,0.2996,0.3018,0.3124,0.5890,5.7838
31400000,579708051,381268,94,97,10,16,630,0.5763,0.2833,0.2992,0.2768,0.2876,0.2988,0.2795,0.3015,0.2900,0.6852,0.7029,0.3026,0.3015,0.2946,0.3079,1.1879,6.6756
31600000,581337531,381331,91,98,3,11,111,0.2839,0.2918,0.2991,0.2936,0.2819,0.2964,0.2770,0.3036,0.3031,0.6679,0.6879,0.3026,0.2931,0.2942,0.3144,0.5869,5.7774
31800000,583134043,381482,90,98,7,5,173,0.2889,0.2859,0.5887,0.5602,0.5543,0.3051,0.2753,0.5904,0.3076,0.6820,1.3643,0.5884,0.2875,0.5759,0.6193,0.5886,8.4623
32000000,584756987,381609,96,100,5,12,413,0.2833,0.2925,0.2987,0.2854,0.2797,0.2963,0.2882,0.2980,0.3028,1.3884,0.7293,0.2988,0.2857,0.2986,0.3064,0.5902,6.5221
32200000,586463985,381817,95,104,8,21,353,0.5791,0.5845,0.3056,0.2849,0.5674,0.6066,0.5802,0.3265,0.6071,0.6769,0.6962,0.6035,0.2880,0.6083,0.3176,1.1892,8.8215
32400000,588163551,381991,86,110,5,13,179,0.2880,0.2957,0.6052,0.5739,0.8505,0.3118,0.2733,0.3032,0.9033,1.3544,1.3931,0.2951,0.2946,0.9074,0.3084,0.5893,9.5472
32600000,589966758,382184,82,111,6,8,323,0.2947,0.2981,0.3044,0.2889,0.2926,0.2998,0.2837,0.3068,0.3079,0.6816,0.7016,0.3064,0.2878,0.2982,0.3149,0.5907,5.8579
32800000,591506795,382320,82,113,3,8,89,0.2870,0.2896,0.3032,0.2886,0.2862,0.2960,0.2869,0.3167,0.3071,0.7148,0.7356,0.2968,0.2943,0.2974,0.3189,1.2095,6.5286
33000000,593029161,382420,84,114,2,10,177,0.2895,0.2870,0.3256,0.2885,0.2878,0.3027,0.2875,0.3198,0.3030,0.7289,0.7483,0.3143,0.2893,0.3041,0.3301,0.5931,5.9997
33200000,594637387,382646,87,117,9,8,171,0.1408,0.1460,0.1530,0.1407,0.1423,0.1518,0.1445,0.1621,0.1468,0.3359,0.3462,0.1499,0.1496,0.1518,0.1528,0.2947,2.9091
33400000,596074486,382703,84,121,9,9,382,0.2911,0.2977,0.6036,0.2905,0.5666,0.3091,0.2967,0.3090,0.5883,0.7116,1.4042,0.6044,0.2958,0.6045,0.3276,1.1641,8.6650
33600000,597706120,382800,80,121,6,8,318,0.2942,0.3011,0.3198,0.2846,0.2961,0.3073,0.2835,0.3109,0.3055,1.4050,2.1238,0.2961,0.2948,0.3008,0.3101,1.7676,9.2009
33800000,599302818,382876,82,122,7,10,298,0.2971,0.2949,0.6275,0.2849,0.5808,0.3007,0.5606,0.6064,0.3159,0.7260,0.7437,0.3015,0.3090,0.3003,0.3124,2.3432,8.9048
34000000,600945659,383086,92,123,7,14,769,0.5949,0.2952,0.3069,0.2852,0.2848,0.3073,0.2881,0.9244,0.3035,1.4255,1.4636,0.3094,0.6036,0.2955,0.6354,0.5901,8.9133
34200000,602454789,383197,93,125,9,11,1147,0.2975,0.2942,0.3144,0.2926,0.2959,0.3205,0.2968,0.3136,0.3078,2.1180,0.7229,0.3051,0.2975,0.3097,0.3263,1.1786,7.9914
34400000,604189917,383443,96,126,5,14,524,0.1453,0.1463,0.1516,0.1463,0.1459,0.1523,0.1457,0.1551,0.1508,0.3515,0.3620,0.1536,0.1433,0.1591,0.1653,0.2996,2.9736
34600000,605808818,383450,102,127,7,22,875,0.2886,0.2840,0.3074,0.5783,0.2784,0.3037,0.2785,0.3024,0.2997,1.4563,1.4981,0.3007,0.2963,0.6284,0.6442,0.5911,8.3361
34800000,607161434,383569,99,129,15,12,1698,0.2985,0.3030,0.3177,0.2815,0.2964,0.3178,0.5664,0.3144,0.3109,0.7168,0.7335,0.3099,0.3038,0.9382,0.9635,1.1875,8.1598
35000000,608715018,383734,93,129,12,9,1257,0.3034,0.2946,0.3083,0.2954,0.2758,0.3147,0.2821,0.2957,0.3096,0.6924,0.7094,0.3068,0.3075,0.3012,1.2940,0.5932,6.8840
35200000,610263141,383874,94,132,9,15,1249,0.1477,0.2989,0.1583,0.1493,0.1441,0.1579,0.1430,0.1562,0.1579,0.6903,0.7075,0.1552,0.3031,0.1559,0.1664,0.5923,4.2842
35400000,611525015,383910,90,134,15,14,1650,0.5963,0.9098,0.6299,0.2926,0.3003,0.3145,0.5715,0.6324,0.6271,2.0801,2.1339,0.3155,0.8968,0.3172,0.3446,0.5972,11.5597
35600000,612933620,384070,92,138,10,23,693,0.3013,0.3007,0.3095,0.5870,0.2944,0.3130,0.2898,0.9375,0.9350,0.7214,0.7401,0.6323,0.2978,0.3070,0.6654,0.5972,8.2294
35800000,614324713,384211,84,140,6,14,681,0.6137,0.2892,0.3081,0.2911,0.2814,0.3095,0.2998,1.2976,0.3104,0.6800,0.6969,0.3238,0.3002,0.6274,0.3179,0.5940,7.5408
36000000,615786449,384360,90,141,14,16,652,0.2931,0.2955,0.6195,0.2880,0.2905,0.6057,0.2906,0.3132,0.3075,0.6982,0.7148,0.3062,0.6068,0.3023,0.3294,0.5943,6.8556
36200000,617133924,384503,96,128,18,8,342,0.1475,0.1463,0.1657,0.1465,0.1458,0.1484,0.1398,0.3086,0.1510,0.6940,0.7121,0.1490,0.1474,0.1479,0.1620,0.2956,3.8077
36400000,618683612,384580,92,128,7,11,487,0.2939,0.2968,0.3156,0.2896,0.2868,0.3150,0.2882,0.3191,0.5963,2.0191,2.0719,0.3105,0.5790,0.3067,0.6258,1.1620,10.0762
36600000,620135651,384589,91,109,6,13,398,0.2905,0.6005,0.3050,0.5753,0.5737,0.3077,0.2773,0.3117,0.3038,2.7653,2.8392,0.6133,0.3019,0.3043,0.9413,0.5930,11.9038
36800000,621621364,384742,96,110,13,7,440,0.2883,0.3007,0.6180,0.8616,0.8644,0.6143,0.2892,0.3116,0.2956,3.4992,3.5927,0.9114,0.3042,0.6105,0.3277,1.1915,14.8807
37000000,623175166,384865,97,110,9,9,473,0.2954,0.2923,0.3130,0.2874,0.2875,0.3032,0.2986,0.3055,0.3099,0.6805,4.2094,0.3023,0.2926,0.3081,0.3205,0.5944,9.4005
37200000,624608679,384885,97,110,19,6,774,0.2920,0.2982,0.6255,0.2888,0.5870,0.6202,0.6029,0.6324,0.3052,1.4017,5.1005,0.3150,0.2941,0.3074,0.3177,0.5933,12.5818
37400000,626022850,384974,89,113,12,9,323,0.1493,0.1437,0.1589,0.1411,0.1456,0.1518,0.1472,0.1540,0.1506,0.3619,0.3691,0.1503,0.1540,0.1532,0.1597,0.3012,2.9917
37600000,627387351,385200,95,115,7,5,665,0.3033,0.2958,0.3122,0.2873,0.2896,0.3163,0.2903,0.3201,0.3029,0.6920,0.7096,0.3049,0.2964,0.3062,0.3138,0.5947,5.9356
37800000,628981562,385359,90,116,9,13,369,0.2896,0.2926,0.3121,0.2806,0.2847,0.3010,0.2831,0.3039,0.2971,1.3647,1.3994,0.3033,0.2926,0.2928,0.3142,1.1832,7.7949
38000000,630332483,385472,90,116,12,5,366,0.2973,0.2994,0.3117,0.2885,0.2938,0.3149,0.2941,0.3168,0.3040,0.7022,0.7203,0.3036,0.2967,0.3042,0.3220,1.8281,7.1975
38200000,631677606,385524,89,116,6,4,269,0.2977,0.2933,0.3012,0.2994,0.2920,0.3136,0.5694,0.3025,0.3145,1.4123,1.4554,0.2990,0.2939,0.3095,0.6369,0.5945,7.9851
38400000,632900833,385578,95,107,9,8,346,0.6197,0.2911,0.6255,0.6138,0.2934,0.3029,0.3058,0.3190,0.6419,2.1822,2.2526,0.6318,0.6086,0.6398,0.3424,1.2262,11.8967
38600000,634158433,385606,104,107,8,6,372,0.1490,0.1484,0.1634,0.4499,0.1473,0.3034,0.1569,0.3211,0.1584,0.3642,1.4776,0.1562,0.4569,0.1572,0.3312,0.3043,5.2453
38800000,635398161,385650,99,107,15,13,460,0.2948,0.2923,0.3049,0.2814,0.3027,0.3202,0.2888,0.3094,0.3093,0.7081,0.7275,0.3173,0.2938,0.3049,0.3455,0.5981,5.9991
39000000,636635559,385654,103,107,11,8,375,0.2960,0.2930,0.3271,0.5713,0.2990,0.3175,0.3073,0.3132,0.3190,1.4008,0.7297,0.3119,0.5931,0.3181,0.6637,0.5992,7.6599
39200000,638086227,385601,108,107,10,13,529,0.6073,0.2891,0.3114,0.2888,0.2931,0.3171,0.2871,0.3181,0.6324,2.1414,1.4652,0.6395,0.2991,0.6402,0.3296,1.2200,10.0794
39400000,639218538,385686,100,107,10,9,1115,0.3032,0.2977,0.3304,0.3000,0.5925,0.3183,0.2938,0.3249,0.3204,0.7135,0.7341,0.3234,0.3061,0.3045,0.6585,0.5977,6.7189
39600000,640454421,385747,98,107,5,11,753,0.6002,0.5989,0.3197,0.2853,0.8911,0.3121,0.2920,0.6383,0.3068,1.4365,1.4736,0.3130,0.3063,0.3048,0.9795,0.5958,9.6539
39800000,641610771,385815,102,107,6,16,387,0.8692,0.3031,0.3210,0.5631,1.1568,0.6167,0.5724,0.3137,0.5993,2.1076,2.1637,0.3127,0.5908,0.2971,1.2638,0.5974,12.6482
40000000,642874057,385818,101,107,4,16,229,1.1541,0.5960,0.6317,0.2896,0.3020,0.3043,0.8656,0.6349,0.3152,0.7181,2.8852,0.6196,0.2932,0.2993,1.5881,1.1883,12.6854
40200000,644223222,386019,91,107,7,10,248,0.2920,0.2921,0.3168,0.2914,0.2907,0.3239,0.2942,0.3052,0.3091,0.7008,0.7257,0.3100,0.2987,0.3101,0.3276,1.7905,7.1787
40400000,645353434,386080,91,107,7,14,166,0.2993,0.2989,0.3124,0.2935,0.2977,0.3277,0.6028,0.6215,0.6187,1.4513,1.4924,0.3095,0.6047,0.6241,0.6546,0.5990,9.4079
40600000,646650671,386303,87,107,3,11,136,0.3055,0.2944,0.3115,0.5886,0.2967,0.3162,0.2851,0.3019,0.3135,0.7111,0.7335,0.3112,0.3063,0.2994,0.3259,1.1955,6.8965
40800000,647934322,386409,83,107,10,10,489,0.6044,0.2978,0.3143,0.2912,0.2942,0.6341,0.5799,0.6259,0.3077,1.4075,0.6954,0.3052,0.6195,0.6045,0.3180,0.5952,8.4947
41000000,649008475,386388,86,107,5,9,599,0.3007,0.3106,0.3164,0.2932,0.2966,0.3141,0.2970,0.3124,0.3146,0.7404,0.7578,0.3184,0.2949,0.3196,0.6370,0.5984,6.4222
41200000,650221957,386448,93,107,7,15,857,0.2927,0.2932,0.3116,0.2935,0.2863,0.3102,0.2840,0.3353,0.3089,0.7462,0.7628,0.3092,0.2981,0.3087,0.3163,1.1991,6.6560
41400000,651204073,386292,92,107,9,12,833,0.3045,0.3093,0.3212,0.5909,0.2875,0.6281,0.2911,0.3154,0.6220,1.4725,1.5076,0.6428,0.3048,0.3158,0.3292,0.5975,8.8403
41600000,652265901,386235,91,125,11,9,429,0.3009,0.6064,0.3179,0.8738,0.5839,0.9338,0.5808,0.6403,0.3212,2.1773,0.7507,0.3053,0.6143,0.6290,0.6526,0.5993,10.8874
41800000,653514529,386286,89,125,6,10,579,0.2921,0.9121,0.3090,0.2860,0.2857,0.3055,0.2821,0.3178,0.3092,0.7017,0.7216,0.6263,0.2835,0.9474,0.9985,0.5959,8.1745
42000000,654819352,386426,91,125,12,7,1117,0.5796,1.1818,0.3072,0.2897,0.5692,0.3051,0.2874,0.3135,0.3128,1.3920,1.4319,0.2987,0.5828,1.2322,1.2901,0.5987,10.9729
42200000,656083984,386525,87,125,10,7,1203,0.2940,0.2981,0.3040,0.2886,0.3048,0.3209,0.2905,0.3028,0.3082,2.0966,2.1555,0.3015,0.3089,1.5339,0.3237,0.5998,10.0316
42400000,657227241,386539,101,125,8,13,1168,0.2959,0.3072,0.6150,0.2931,0.3065,0.3222,0.2821,0.3160,0.6131,0.7228,0.7411,0.6087,0.5962,0.3315,0.3360,0.5999,7.2873
42600000,658277219,386574,105,107,10,11,1274,0.2960,0.6265,0.9696,0.6031,0.2921,0.3220,0.2908,0.3078,0.3072,0.7440,1.5586,0.9691,0.9470,0.3188,0.6927,1.2440,10.4895
42800000,659400261,386676,111,107,13,15,1115,0.5944,0.3040,0.3197,0.2954,0.3126,0.3201,0.2915,0.3186,0.3083,0.7167,0.7348,0.3164,0.3046,0.3114,0.3366,1.8226,7.6078
43000000,660586873,386706,108,107,7,6,1158,0.2929,0.2981,0.3109,0.2878,0.2998,0.6276,0.3002,0.3295,0.3169,0.7235,1.4550,0.6233,0.5965,0.3106,0.6473,2.3734,9.7933
43200000,661588341,386756,113,107,11,9,737,0.2872,0.3095,0.3163,0.2893,0.2940,0.3162,0.5975,0.3052,0.3152,0.7175,0.7374,0.9532,0.3099,0.3022,0.9808,0.6008,7.6321
43400000,662745161,386892,107,107,9,9,533,0.3028,0.2997,0.3194,0.2814,0.2955,0.3121,0.2988,0.3125,0.3012,0.7317,0.7515,0.3165,0.2946,0.3059,0.3316,0.6012,6.0564
43600000,663814355,386947,102,107,9,7,1060,0.3020,0.6033,0.6431,0.2875,0.6057,0.6267,0.3000,0.6281,0.6116,1.4373,0.7211,0.3234,0.2936,0.3125,0.3306,1.2042,9.2306
43800000,665022672,386894,95,107,9,2,965,0.2901,0.3025,0.3104,0.2932,0.2927,0.3157,0.2982,0.3216,0.3094,0.7480,0.7634,0.3059,0.2983,0.3116,0.3349,0.6017,6.0976
44000000,666062040,386863,90,107,9,8,839,0.2993,0.3155,0.3129,0.2909,0.2988,0.3131,0.6086,0.3111,0.6446,0.7129,0.7313,0.3130,0.3121,0.6418,0.3458,0.6001,7.0517
44200000,667191338,386973,92,106,7,8,1251,0.2995,0.6246,0.3056,0.5906,0.5977,0.3141,0.2941,0.3287,0.9792,1.4606,0.7488,0.3095,0.3024,0.9643,0.3264,1.2155,9.6617
44400000,668395618,387045,86,106,3,6,990,0.5855,0.3071,0.6084,0.8585,0.2983,0.6041,0.5794,0.3228,1.2438,2.1104,1.4492,0.3190,0.5935,0.3062,0.3226,0.6010,11.1098
44600000,669440672,387080,94,106,14,5,713,0.2975,0.3033,0.9130,0.2948,0.3058,0.3230,0.2888,0.3147,0.3158,2.8291,2.1914,0.3230,0.8963,0.3162,0.3358,0.6022,10.8507
44800000,670596493,387204,95,106,11,6,922,0.2959,0.3001,0.3167,0.2922,0.2955,0.6357,0.2922,0.3205,0.6349,3.5566,2.9334,0.3124,0.3003,0.3076,0.3494,0.5993,11.7426
45000000,671498025,387272,92,106,21,13,1377,0.3054,0.3032,0.3337,0.2934,0.2915,0.3213,0.3033,0.3205,0.3301,0.7670,0.7836,0.3143,0.3015,0.3120,0.3481,0.6034,6.2324
45200000,672696263,387367,92,106,13,9,1068,0.3002,0.2968,0.6641,0.2883,0.2931,0.3111,0.2995,0.3149,0.3171,0.7164,0.7339,0.6485,0.6174,0.3003,0.3117,1.2338,7.6473
45400000,673554978,387537,99,99,19,12,1376,0.3123,0.3127,0.3191,0.3064,0.3038,0.3218,0.3091,0.3181,0.3195,1.4507,1.4884,0.9752,0.3148,0.3213,0.3433,1.8364,9.5529
45600000,674543266,387520,92,100,15,17,1458,0.1521,0.1506,0.3210,0.1546,0.1463,0.3245,0.1485,0.1567,0.3160,1.0960,0.3775,0.6544,0.1521,0.3178,0.1722,1.2233,5.8635
45800000,675605590,387630,90,100,4,11,650,0.6153,0.3004,0.3121,0.2908,0.6104,0.9903,0.6085,0.3153,0.3100,3.0278,1.5456,1.6840,0.3027,0.9718,0.3385,0.6008,12.8240
46000000,676666252,387735,86,100,7,8,1242,0.8964,0.3068,0.6264,0.2976,0.8850,0.3265,0.3060,0.3210,0.6104,0.7616,2.2534,0.3037,0.3128,0.3123,0.6369,1.1784,10.3352
46200000,677610829,387740,81,100,8,12,285,0.2995,0.3043,0.9534,0.2968,0.3170,0.3149,0.2920,0.3190,0.3191,0.7405,0.7602,0.3131,0.3012,0.3134,0.9915,0.6033,7.4391
46400000,678625883,387701,81,100,8,9,443,0.5986,0.6134,0.3218,0.2955,0.3127,0.6281,0.3060,0.6460,0.3220,0.7116,0.7293,0.3147,0.3126,0.6209,0.3414,1.1960,8.2707
46600000,679687868,387788,78,100,10,8,727,0.3087,0.9242,0.3147,0.2886,0.2917,0.3005,0.2931,0.3063,0.3142,1.4426,1.4746,0.3052,0.3010,0.3071,0.3295,1.8039,9.3058
46800000,680694020,387862,81,100,7,17,1098,0.2959,0.3074,0.3082,0.2815,0.2901,0.3078,0.2895,0.3071,0.3093,0.7325,0.7511,0.3040,0.3036,0.3221,0.3384,0.6024,6.0509
47000000,681661949,387792,88,100,5,16,1018,0.2966,0.6160,0.6348,0.2919,0.5845,0.6225,0.2872,0.6135,0.6303,1.4927,1.5301,0.3167,0.2989,0.3114,0.3334,0.6024,9.4627
47200000,682796138,387861,88,100,14,4,1879,0.2991,0.3121,0.3142,0.5801,0.3096,0.3119,0.5828,0.9365,0.9430,0.7125,2.2683,0.3106,0.3131,0.3053,0.3302,0.6018,9.4312
47400000,683924661,387955,81,100,8,8,890,0.2979,0.3034,0.3230,0.2919,0.2951,0.6360,0.2890,1.2518,0.3131,1.4268,3.0051,0.3111,0.3083,0.3154,0.3264,1.2027,10.8971
47600000,685020551,387964,76,100,1,12,521,0.2931,0.3023,0.3183,0.5826,0.6020,0.9734,0.2798,0.3155,0.3134,2.2004,3.8501,0.3039,0.3041,0.3101,0.3258,0.5987,11.8736
47800000,686016428,388043,66,100,2,11,775,0.3043,0.6038,0.3219,0.8669,0.8977,0.3245,0.2938,0.3338,0.3165,2.8717,4.5079,0.6020,0.3048,0.6184,0.6593,0.6037,14.4310
48000000,686636853,387982,68,100,2,9,566,0.1562,0.1549,0.1635,0.5823,0.1578,0.1629,0.1533,0.3321,0.3239,0.3800,0.3887,0.1612,0.3045,0.1626,0.1728,0.3020,4.0586
48200000,687476216,388052,73,100,2,7,449,0.6055,0.6045,0.3285,0.3106,0.2973,0.3146,0.3046,0.3310,0.3036,0.7659,1.5423,0.3281,0.3101,0.3101,0.3530,1.1915,8.2012
48400000,688526289,388131,65,100,3,7,92,0.9313,0.9314,0.3160,0.6138,0.2875,0.6427,0.2961,0.6675,0.3080,0.7198,2.3440,0.3112,0.3096,0.6467,0.6869,1.8468,11.8592
48600000,689571666,388196,61,100,5,11,85,0.2946,1.2521,0.3069,0.2875,0.2988,0.3226,0.2842,0.3210,0.3092,0.7288,0.7487,0.6331,0.3038,0.9619,1.0316,0.6012,8.6861
Report usecs used: 3532977
Report usecs used: 2846408
Report usecs used: 2055181
That is 2 seconds
Setup usecs used: 0
That is 0 seconds
Seeding usecs used: 5955488
That is 5 seconds
That is 2 seconds
That is 3 seconds
Report usecs used: 2071711
Setup usecs used: 0
That is 0 seconds
Seeding usecs used: 4515651
That is 4 seconds
Random usecs used: 23881609
That is 2 seconds
That is 23 seconds
Setup usecs used: 0
Execute usecs used: 116106294
Setup usecs used: 0
That is 116 seconds
Cell Splitting usecs used: 10504010
That is 0 seconds
That is 10 seconds
Seeding usecs used: 4586285
That is 0 seconds
That is 4 seconds
Seeding usecs used: 4471498
That is 4 seconds
Random usecs used: 23840411
Random usecs used: 23817923
That is 23 seconds
That is 23 seconds
Execute usecs used: 115601558
Execute usecs used: 115312741
That is 115 seconds
Random usecs used: 30726950
Cell Splitting usecs used: 10605104
That is 10 seconds
That is 30 seconds
Execute usecs used: 101704925
That is 101 seconds
Cell Splitting usecs used: 11892486
That is 11 seconds
That is 115 seconds
Cell Splitting usecs used: 10357390
That is 10 seconds
Thread 0 executed 443926673 instructions
Thread 1 executed 447910996 instructions
Thread 2 executed 442806249 instructions
Thread 3 executed 900067664 instructions
Total: 2234711582

real	2m56.326s
user	11m40.063s
sys	0m2.262s
