200000,8804078,9955,0,1,0,0,0,0.0236,0.0318,0.0328,0.0313,0.0329,0.0314,0.0289,0.0388,0.0313,0.1819,0.1817,0.0329,0.0363,0.0318,0.0326,0.0113,0.7913
400000,17301745,21316,0,1,0,0,0,0.0253,0.0308,0.0350,0.0266,0.0297,0.0318,0.0328,0.0344,0.0327,0.1486,0.1477,0.0314,0.0326,0.0347,0.0348,0.0184,0.7275
600000,25877223,33386,0,2,0,0,0,0.0219,0.0263,0.0312,0.0255,0.0262,0.0311,0.0275,0.0306,0.0300,0.1193,0.1197,0.0295,0.0286,0.0273,0.0321,0.0220,0.6289
800000,33957006,44801,0,2,0,0,0,0.1394,0.0925,0.0954,0.0850,0.0865,0.0928,0.1654,0.0999,0.0929,0.6806,0.6826,0.0921,0.0925,0.1720,0.0991,0.0859,2.8544
1000000,42149998,56347,2,3,0,0,0,0.0887,0.0966,0.1076,0.0974,0.1013,0.1054,0.0982,0.1082,0.0979,0.3368,0.3403,0.1051,0.1007,0.0991,0.1058,0.1079,2.0968
[EVENT] Viable replicators have appeared!
1200000,49847047,67092,3,5,0,0,5,0.0485,0.0507,0.0537,0.0475,0.0509,0.0531,0.0543,0.0586,0.0526,0.1651,0.1675,0.0527,0.0539,0.0546,0.0609,0.0632,1.0879
1400000,57413851,77636,2,5,0,1,1,0.0355,0.0360,0.0405,0.0370,0.0369,0.0421,0.0377,0.0402,0.0412,0.1237,0.1253,0.0398,0.0389,0.0396,0.0437,0.0499,0.8078
1600000,64664313,87485,5,6,0,0,4,0.0278,0.0289,0.0319,0.0292,0.0287,0.0322,0.0310,0.0320,0.0314,0.0895,0.0909,0.0312,0.0300,0.0311,0.0326,0.0409,0.6194
1800000,71864954,97269,6,7,3,0,14,0.1246,0.1272,0.2634,0.1290,0.1323,0.1322,0.1247,0.2687,0.1392,0.3956,0.3990,0.2531,0.1330,0.1307,0.2635,0.1794,3.1955
2000000,78863598,106366,8,8,0,0,6,0.0627,0.0687,0.0705,0.0646,0.0661,0.0686,0.0679,0.0723,0.0701,0.3887,0.3945,0.0694,0.0649,0.0705,0.2030,0.0966,1.8990
2200000,85738158,115307,6,8,0,0,8,0.1371,0.1392,0.1468,0.1361,0.1368,0.1474,0.1413,0.1512,0.1514,0.4055,0.4146,0.1444,0.1434,0.1451,0.1566,0.2080,2.9048
2400000,92530344,124080,8,8,2,0,6,0.2734,0.1449,0.2951,0.1360,0.2788,0.1473,0.1315,0.3006,0.2965,0.7940,0.8110,0.1502,0.1460,0.1482,0.1479,0.2215,4.4229
2600000,99064371,132416,7,8,0,1,12,0.1440,0.1447,0.1643,0.1446,0.4225,0.3080,0.1484,0.4574,0.1544,0.3763,1.1910,0.1557,0.1484,0.1550,0.3084,0.2350,4.6580
2800000,105414912,140310,6,8,0,1,5,0.1472,0.1537,0.1594,0.2939,0.1516,0.1620,0.1523,0.6231,0.3133,0.4189,0.4253,0.1606,0.1553,0.1594,0.1620,0.4824,4.1204
3000000,111689238,147994,5,8,0,0,3,0.1498,0.1525,0.1702,0.1502,0.1525,0.1624,0.1597,0.1700,0.1629,0.4196,0.4261,0.1608,0.1607,0.1657,0.1651,0.7284,3.6565
3200000,118016175,155470,9,6,0,1,3,0.3045,0.1529,0.1682,0.3055,0.1606,0.1645,0.1577,0.1731,0.1629,0.4101,0.4207,0.3290,0.1620,0.1570,0.1701,0.9997,4.3986
3400000,123972053,162655,8,6,1,1,5,0.1593,0.1642,0.1771,0.1614,0.1615,0.1700,0.1637,0.1731,0.1723,0.4377,0.4484,0.1688,0.1694,0.1738,0.1864,0.2786,3.3659
3600000,130013299,169512,8,6,0,0,0,0.0844,0.0853,0.1785,0.0818,0.0892,0.0888,0.0850,0.1772,0.1758,0.2068,0.2127,0.0899,0.0845,0.1756,0.1834,0.1446,2.1435
3800000,135819508,176035,7,6,0,0,1,0.1697,0.1724,0.1751,0.1719,0.3458,0.3533,0.1727,0.1865,0.1759,0.4503,0.8873,0.1721,0.1725,0.1742,0.5501,0.2988,4.6286
4000000,141688419,182384,10,7,0,4,9,0.1745,0.3432,0.3482,0.3381,0.1738,0.1886,0.1702,0.3671,0.3526,0.4354,1.3254,0.1774,0.3491,0.3509,0.1830,0.3063,5.5838
4200000,147375928,188620,12,7,1,2,26,0.1725,0.1767,0.1845,0.1698,0.1710,0.3788,0.1759,0.1880,0.1907,0.4258,0.4391,0.1848,0.1845,0.1796,0.1863,0.3149,3.7226
4400000,152960318,194438,11,6,1,2,12,0.1798,0.1755,0.1844,0.1727,0.3561,0.1894,0.1769,0.1956,0.3712,0.8611,0.8868,0.1866,0.1791,0.1838,0.1915,0.3230,4.8135
4600000,158546673,200268,10,9,0,1,12,0.1819,0.1822,0.3734,0.1830,0.1835,0.3818,0.1811,0.1929,0.1931,1.2913,1.3296,0.3845,0.1885,0.1966,0.2021,0.6501,6.2955
4800000,164068693,205855,11,9,0,1,5,0.1884,0.1863,0.1972,0.1856,0.3675,0.5745,0.1869,0.2034,0.2013,0.4353,0.4492,0.2007,0.1919,0.1848,0.2018,0.9802,4.9348
5000000,169389959,211157,9,9,0,0,2,0.1868,0.1862,0.1987,0.0886,0.2792,0.3900,0.1849,0.0976,0.0942,0.2210,0.2275,0.1962,0.0937,0.0957,0.1999,0.1698,2.9100
5200000,174603061,216316,7,9,1,0,10,0.1885,0.1898,0.2040,0.1841,0.1857,0.1998,0.1867,0.3975,0.3859,0.4477,0.9233,0.1893,0.1939,0.1917,0.1950,0.6959,4.9588
5400000,180092992,221482,6,9,1,1,3,0.1912,0.1884,0.2010,0.1864,0.1894,0.3915,0.1830,0.1984,0.1959,0.8762,0.4666,0.3750,0.3842,0.1961,0.2091,1.0184,5.4507
5600000,185333880,226285,6,9,0,0,0,0.0978,0.0955,0.1034,0.0966,0.0953,0.1029,0.0974,0.1067,0.1016,0.2253,0.2331,0.2847,0.0992,0.2015,0.2097,0.1818,2.3324
5800000,190326083,230945,5,9,0,0,0,0.2000,0.1993,0.2147,0.1965,0.2026,0.2082,0.1979,0.2190,0.2075,0.4831,0.4977,0.2066,0.2056,0.2033,0.2082,0.7433,4.3934
6000000,195227091,235426,5,9,0,1,1,0.1987,0.1958,0.4284,0.3921,0.1979,0.4239,0.2004,0.4339,0.4148,0.4718,0.4861,0.4081,0.1986,0.2023,0.2128,0.3778,5.2434
6200000,200187520,239738,5,6,0,0,5,0.1056,0.1039,0.3237,0.1002,0.1021,0.1077,0.0999,0.1095,0.1067,0.4750,0.2508,0.1060,0.1027,0.1050,0.2172,0.1939,2.6097
6400000,205081989,243930,8,6,0,2,10,0.4155,0.2089,0.8573,0.3933,0.4055,0.4351,0.1971,0.4357,0.2134,0.4858,0.9939,0.2132,0.4161,0.2189,0.2117,0.3892,6.4904
6600000,209929438,248054,9,8,2,4,107,0.2085,0.2062,1.0817,0.5998,0.6182,0.2186,0.3935,0.2163,0.2103,0.9530,1.4820,0.4269,0.6249,0.4322,0.2188,0.3934,8.2841
6800000,214705415,252059,8,8,0,7,89,0.1073,0.1061,0.6488,0.1062,0.1059,0.1111,0.2999,0.1176,0.2117,0.2395,0.2492,0.1119,0.1052,0.1070,0.2213,0.2020,3.0508
7000000,219295218,255700,6,6,0,0,70,0.2111,0.2081,0.2213,0.2060,0.2058,0.4438,0.2101,0.4614,0.2173,0.5056,0.5206,0.4441,0.4256,0.4353,0.6746,0.8155,6.2063
7200000,223986222,259424,8,6,1,0,26,0.1084,0.1063,0.1182,0.1081,0.1080,0.1141,0.1121,0.1144,0.1173,0.2498,0.2602,0.1111,0.1090,0.1123,0.1166,0.2082,2.1740
7400000,228460556,262914,10,5,0,2,80,0.4311,0.2132,0.2314,0.2112,0.4290,0.4512,0.4402,0.2286,0.4541,0.9938,1.0302,0.4402,0.4314,0.2180,0.2247,0.8280,7.2564
7600000,232954574,266203,7,5,4,2,86,0.2115,0.2160,0.2244,0.2165,0.2118,0.2259,0.2064,0.2240,0.2128,1.5116,1.5650,0.2200,0.2173,0.2170,0.4519,0.4178,6.5499
7800000,237609782,269554,6,5,0,2,7,0.2127,0.2113,0.4420,0.2090,0.2076,0.2238,0.2075,0.4390,0.2118,0.4684,0.4846,0.2224,0.4202,0.4283,0.6537,0.4226,5.4647
8000000,242141214,272809,4,5,0,1,13,0.4316,0.4234,0.6840,0.2087,0.4245,0.4468,0.2186,0.2247,0.2201,0.4794,0.4977,0.2245,0.6424,0.6563,0.8896,0.4253,7.0974
8200000,246434211,275928,4,5,0,1,7,0.2192,0.2267,0.2273,0.2147,0.2207,0.2218,0.2063,0.2302,0.2189,0.9988,1.0345,0.2237,0.2217,0.2171,1.1426,0.4312,6.2556
8400000,250814375,278847,4,5,0,0,3,0.4376,0.2245,0.2350,0.2232,0.2243,0.2308,0.4177,0.4644,0.2304,1.4725,1.5253,0.4467,0.2245,0.4383,0.2361,0.4365,7.4677
8600000,255299208,281793,4,5,0,0,2,0.2226,0.4525,0.2299,0.2161,0.4450,0.2305,0.2195,0.2333,0.2251,1.9621,2.0348,0.2243,0.4528,0.6678,0.2332,0.4396,8.4893
8800000,259527123,284693,7,7,1,0,2,0.4514,0.6763,0.2433,0.4374,0.6722,0.4634,0.4392,0.4640,0.4602,2.4818,2.5741,0.2301,0.6894,0.2304,0.2404,0.4458,11.1992
9000000,263846654,287352,8,7,1,3,0,0.2248,0.2191,0.2439,0.2199,0.2134,0.7004,0.6635,0.2312,0.2276,0.5140,3.1042,0.2335,0.2242,0.2268,0.2367,0.8938,8.3772
9200000,268133842,289973,5,7,2,1,2,0.1125,0.1096,0.1127,0.2196,0.1092,0.1163,0.1087,0.1174,0.1117,0.2574,0.2665,0.1134,0.1079,0.1143,0.1166,0.6713,2.7651
9400000,272218263,292656,8,7,2,1,45,0.2305,0.4592,0.4681,0.6652,0.4441,0.4673,0.4322,0.4731,0.4596,0.5015,0.5200,0.2283,0.2274,0.2348,0.2473,0.4538,6.5123
9600000,276491996,295141,12,8,1,0,114,0.2283,0.2214,0.2386,0.2196,0.2239,0.2414,0.6371,0.6925,0.2293,0.5142,1.0380,0.2315,0.2371,0.4676,0.4740,0.8980,6.7923
9800000,280657289,297586,19,10,3,0,159,0.1131,0.1126,0.1183,0.1107,0.1126,0.1214,0.1120,0.1195,0.1168,0.2452,0.2535,0.1169,0.1119,0.1155,0.1169,0.6819,2.6787
10000000,284707469,299768,17,10,5,1,166,0.4582,0.2261,0.2418,0.2225,0.2258,0.2386,0.4555,0.4927,0.2279,1.0312,1.0690,0.4813,0.4632,0.2419,0.2411,1.8691,8.1858
10200000,288717091,301991,13,10,0,1,59,0.2279,0.2312,0.2410,0.2324,0.2350,0.2408,0.2336,0.7242,0.4688,0.5195,0.5380,0.2398,0.6904,0.2365,0.4862,0.4687,6.0139
10400000,292636582,304174,14,10,0,2,8,0.4639,0.2370,0.2476,0.2306,0.2323,0.2428,0.2271,0.2418,0.2338,0.5335,1.0923,0.2419,0.9302,0.4702,0.2462,0.4714,6.3426
10600000,296660118,306375,16,10,0,1,37,0.3493,0.1150,0.2461,0.2274,0.1175,0.2397,0.1121,0.2423,0.1198,0.2629,0.2719,0.1197,0.1216,0.1232,0.2462,0.4730,3.3875
10800000,300456494,308338,19,10,1,1,3,0.0778,0.0822,0.0817,0.0754,0.0791,0.0831,0.0766,0.0834,0.0809,0.1859,0.1916,0.0821,0.1606,0.0820,0.0844,0.4751,1.9819
11000000,304487253,310342,23,10,1,2,108,0.2346,0.4812,0.4932,0.2272,0.2295,0.4892,0.2207,0.4897,0.4903,0.5271,0.5510,0.4778,0.2267,0.4777,0.2451,0.4774,6.3385
11200000,308167039,312311,32,10,1,1,206,0.2374,0.2371,0.2429,0.2421,0.2336,0.2494,0.2321,0.2485,0.2418,0.5292,0.5468,0.2483,0.2349,0.2423,0.2467,0.4820,4.6951
11400000,311863116,314260,35,10,3,0,105,0.4740,0.4852,0.2524,0.2332,0.2403,0.2555,0.4577,0.2451,0.2458,1.0501,1.0879,0.2437,0.2389,0.4825,0.2517,0.9604,7.2042
11600000,315413170,315948,34,10,4,6,93,0.2421,0.7271,0.2568,0.4691,0.4812,0.5015,0.2379,0.2443,0.2459,1.6122,1.6676,0.2531,0.2465,0.7351,0.2533,0.4887,8.6624
11800000,319064094,317713,34,11,1,0,26,0.2367,0.2465,0.2505,0.2337,0.2431,0.2478,0.2321,0.2450,0.2535,0.5542,2.2455,0.5044,0.2519,0.2454,0.2580,0.4898,6.7380
12000000,322682202,319428,37,12,3,2,64,0.1208,0.1207,0.1302,0.1196,0.1209,0.1285,0.1207,0.1297,0.1276,0.5551,1.4041,0.1222,0.1204,0.2434,0.1297,0.2488,3.9425
12200000,326413706,320982,38,12,1,0,87,0.2394,0.2459,0.2493,0.2367,0.2389,0.2496,0.2420,0.2522,0.2478,0.5306,0.5518,0.2475,0.2433,0.2490,0.2614,0.4958,4.7811
12400000,330029273,322550,36,12,3,6,55,0.4863,0.4943,0.2486,0.2363,0.4853,0.2504,0.2384,0.2642,0.2517,0.5292,0.5498,0.2478,0.2409,0.2556,0.2567,0.4980,5.5334
12600000,333654992,324258,39,12,1,4,50,0.2464,0.2445,0.2509,0.2342,0.2345,0.2508,0.2391,0.2513,0.2474,0.5608,0.5795,0.4942,0.2431,0.4918,0.5099,0.5007,5.5791
12800000,336896969,325602,38,15,3,0,156,0.1219,0.1209,0.1319,0.1180,0.1220,0.1264,0.1215,0.1296,0.1289,0.2846,0.2940,0.1250,0.1252,0.1250,0.1289,0.2482,2.4518
13000000,340346021,327055,31,14,2,1,42,0.2464,0.2444,0.2596,0.2399,0.2420,0.2561,0.2328,0.2563,0.5087,0.5461,0.5641,0.5067,0.5052,0.4976,0.2485,0.5034,5.8578
13200000,343713601,328439,26,14,0,1,22,0.2435,0.2512,0.2571,0.2417,0.4830,0.5150,0.2319,0.2585,0.2483,0.5552,0.5747,0.7697,0.2447,0.2489,0.5096,1.0150,6.6481
13400000,347108452,329832,27,14,1,0,23,0.2509,0.2407,0.5190,0.2401,0.7180,0.7527,0.4639,0.5071,0.2502,1.0882,1.1255,0.9955,0.2475,0.2513,0.7552,0.5094,8.9151
13600000,350516379,331195,28,14,1,1,35,0.4960,0.2379,0.2627,0.2368,0.2485,0.2605,0.2423,0.2527,0.2559,0.5516,0.5704,0.2616,0.2476,0.5062,0.2673,0.5103,5.4082
13800000,353880544,332605,27,15,5,1,63,0.2451,0.2437,0.2551,0.2373,0.2494,0.2597,0.2401,0.5211,0.2564,1.1227,1.1628,0.2553,0.2510,0.2551,0.5432,1.0429,7.1410
14000000,357310990,334016,23,15,0,1,10,0.4910,0.4835,0.2590,0.4721,0.2498,0.2609,0.2393,0.2664,0.2546,0.5488,0.5673,0.4980,0.4926,0.5074,0.7800,0.5114,6.8823
14200000,360687331,335263,27,16,1,1,204,0.7422,0.7218,0.5193,0.7134,0.4878,0.2498,0.2324,0.2547,0.2515,1.0929,1.1286,0.7478,0.7393,0.2502,1.0332,1.0214,10.1862
14400000,363868032,336361,26,16,0,0,29,0.2527,0.2543,0.2677,0.2506,0.2522,0.2697,0.2495,0.2744,0.2599,0.5679,0.5882,0.2597,0.2515,0.2607,0.2705,0.5199,5.0494
14600000,367086782,337556,27,16,3,0,52,0.2555,0.2488,0.2702,0.2454,0.2492,0.2609,0.2481,0.2650,0.2621,0.5702,0.5896,0.2661,0.2563,0.2591,0.2727,1.0406,5.5598
14800000,370270878,338702,27,16,1,2,147,0.2559,0.2525,0.2710,0.2481,0.2493,0.5181,0.2416,0.2666,0.2604,0.5954,0.6144,0.2556,0.5119,0.2600,0.5494,0.5211,5.8712
15000000,373590119,339915,27,16,1,1,130,0.1286,0.1306,0.1323,0.2463,0.2474,0.1310,0.2431,0.1329,0.1284,0.5779,0.2929,0.2595,0.1239,0.1275,0.1370,0.5215,3.5610
15200000,376776567,341015,27,16,4,1,53,0.2505,0.2475,0.2646,0.2473,0.2443,0.5190,0.2464,0.2576,0.2569,0.5632,0.5842,0.2547,0.2526,0.5046,0.2635,1.5305,6.4874
15400000,379924958,342123,23,16,4,1,96,0.2505,0.2483,0.2557,0.4928,0.2515,0.2613,0.2491,0.2591,0.2622,1.1275,1.1705,0.2633,0.5087,0.2590,0.5396,0.5261,6.9253
15600000,383031011,343064,24,16,0,0,31,0.5091,0.4992,0.2692,0.7508,0.5040,0.5242,0.2468,0.2621,0.5173,0.5727,0.5939,0.5305,0.7759,0.2626,0.8323,1.0610,8.7114
15800000,386156396,344174,24,16,2,0,66,0.7557,0.2509,0.2683,0.9925,0.7439,0.7917,0.5000,0.2790,0.7663,0.5941,0.6159,0.2680,0.2550,0.5295,0.2840,1.5735,9.4682
16000000,389203098,345236,23,16,0,0,15,0.2683,0.2640,0.2663,0.2557,0.2571,0.2752,0.2566,0.2677,0.2584,0.5703,0.5891,0.2678,0.2539,0.2686,0.2725,2.1299,6.7215
16200000,392283278,346274,28,16,1,1,37,0.2584,0.2508,0.2639,0.2504,0.2578,0.2604,0.5035,0.2718,0.2631,1.1694,1.2089,0.5281,0.2520,0.2533,0.2860,0.5318,6.8096
16400000,395347644,347197,28,16,4,0,31,0.2589,0.2576,0.2714,0.2528,0.2494,0.2666,0.2508,0.2684,0.2625,0.5886,0.6108,0.2627,0.2522,0.2534,0.2857,1.0544,5.6460
16600000,398298670,348176,26,16,3,3,14,0.2609,0.2616,0.2704,0.2541,0.2556,0.2680,0.2577,0.5406,0.2561,1.1611,1.2075,0.2625,0.2554,0.2580,0.2832,0.5348,6.5874
16800000,401162375,348948,30,16,3,2,135,0.2669,0.2631,0.2822,0.2550,0.2592,0.2711,0.2532,0.2747,0.2647,0.5734,0.5944,0.2659,0.2643,0.2700,0.2769,0.5342,5.1691
17000000,404113858,349761,35,16,5,2,35,0.5199,0.5147,0.2829,0.2554,0.2548,0.2760,0.2478,0.2711,0.5237,0.5970,0.6162,0.5230,0.5243,0.2699,0.2716,0.5380,6.4864
17200000,406915391,350464,33,16,4,3,54,0.2625,0.2618,0.2768,0.2543,0.2552,0.5515,0.2528,0.2655,0.2591,0.6066,0.6278,0.2644,0.2497,0.2619,0.5533,0.5385,5.7417
17400000,409732915,351240,32,16,3,5,49,0.5302,0.2661,0.5535,0.5140,0.2559,0.2761,0.2492,0.2719,0.5287,1.2172,1.2608,0.5272,0.5172,0.2633,0.8406,0.5407,8.6123
17600000,412444643,351916,38,16,5,6,129,0.7867,0.2608,0.2762,0.2566,0.5174,0.5467,0.4978,0.2807,0.7903,1.7946,1.8563,0.7830,0.7750,0.5295,0.2783,1.0718,11.3015
17800000,415348137,352783,37,16,3,5,25,0.1286,0.1258,0.1355,0.1249,0.1215,0.1323,0.1255,0.1344,0.1264,0.2916,0.3010,0.1347,0.1290,0.1283,0.1381,0.2674,2.5451
18000000,418102316,353387,34,16,3,5,39,0.2675,0.2711,0.2684,0.2631,0.2631,0.5503,0.2577,0.2704,0.2631,1.2082,1.2486,0.2631,0.2570,0.2759,0.2709,1.0911,7.2894
18200000,420838089,354032,39,18,2,9,90,0.2682,0.2693,0.2731,0.1308,0.1278,0.4087,0.1230,0.2743,0.2638,0.3011,0.3119,0.1367,0.2602,0.2739,0.1453,0.2744,3.8424
18400000,423562598,354653,36,20,1,9,172,0.2642,0.2631,0.2796,0.2615,0.2646,0.2704,0.2556,0.2764,0.2668,1.1791,1.2185,0.2765,0.2634,0.2789,0.2951,0.5479,6.4616
18600000,426256440,355310,36,21,2,7,137,0.2646,0.2699,0.2807,0.2612,0.2567,0.2724,0.2523,0.2849,0.5377,1.8027,1.8620,0.2733,0.2628,0.5568,0.2798,0.5468,8.2644
18800000,429015278,356011,37,22,3,5,78,0.2610,0.2535,0.2850,0.2602,0.2612,0.2750,0.2518,0.2799,0.2680,0.5873,0.6099,0.2644,0.2630,0.2596,0.2878,0.5478,5.2155
19000000,431782659,356703,39,23,3,10,194,0.2646,0.2553,0.2721,0.5005,0.2544,0.5361,0.2542,0.2753,0.2739,0.6023,0.6222,0.2699,0.5123,0.5241,0.2753,0.5478,6.2403
19200000,434256837,357124,39,23,1,11,224,0.2640,0.1285,0.1370,0.3798,0.2558,0.1347,0.2537,0.2791,0.2748,0.6180,0.6378,0.1350,0.1280,0.4018,0.1421,0.5494,4.7193
19400000,436864450,357785,42,27,3,21,210,0.2727,0.2563,0.2762,0.2632,0.2633,0.2734,0.2652,0.2764,0.2788,1.8369,1.8966,0.2762,0.2715,0.2736,0.5700,0.5521,8.1023
19600000,439588327,358385,45,27,5,9,282,0.2662,0.2614,0.2820,0.2625,0.2609,0.2732,0.5132,0.2802,0.2655,0.6012,0.6234,0.5538,0.2672,0.5472,0.2847,0.5530,6.0955
19800000,442076546,358936,46,27,6,9,178,0.2673,0.5315,0.5605,0.5329,0.5290,0.2799,0.2562,0.2805,0.5378,0.5882,0.6091,0.8391,0.5370,0.2749,0.2846,1.1130,8.0215
20000000,444550665,359435,45,27,8,13,148,0.2645,0.7934,0.2817,0.2588,0.2636,0.2885,0.2595,0.2886,0.2727,1.2088,0.6388,0.2677,0.2644,0.2756,0.2783,0.5549,6.4599
20200000,447067734,359963,48,27,5,19,255,0.1321,0.1320,0.1413,0.1281,0.1300,0.1417,0.2636,0.1372,0.1315,0.3086,0.3191,0.1396,0.1379,0.1350,0.1461,0.5550,3.0788
20400000,449800356,360651,45,27,7,11,163,0.2670,0.2510,0.2778,0.2603,0.2618,0.2792,0.2516,0.2764,0.2687,0.5918,0.6098,0.2686,0.2578,0.2735,0.2881,0.5543,5.2374
20600000,452480730,361332,45,27,3,3,159,0.2694,0.2693,0.2778,0.2587,0.2560,0.2755,0.2666,0.5477,0.2778,0.5990,0.6181,0.2726,0.2719,0.2754,0.2895,1.1030,6.1284
20800000,455190112,361937,47,27,2,3,104,0.5419,0.5391,0.5608,0.2605,0.5183,0.5578,0.2591,0.8237,0.5628,0.6120,1.2550,0.2692,0.5475,0.5492,0.5847,0.5588,9.0004
21000000,457701978,362426,51,27,2,2,54,0.2709,0.2701,0.2805,0.2610,0.7957,0.2721,0.2539,1.1299,0.2727,0.6217,0.6462,0.5474,0.2610,0.8436,0.8898,0.5566,8.1731
21200000,460160204,362927,50,27,6,5,176,0.2637,0.2768,0.2692,0.2556,0.2597,0.2769,0.2684,0.2850,0.2724,0.6230,0.6420,0.2712,0.2718,0.2803,0.2900,0.5595,5.3656
21400000,462656669,363540,48,24,6,13,213,0.2728,0.2675,0.5465,0.2624,0.2634,0.2793,0.2653,0.2864,0.2757,1.2538,1.2941,0.2798,0.2656,0.2763,0.2939,0.5598,6.9425
21600000,465099141,363846,47,24,5,7,188,0.2718,0.2717,0.2883,0.2670,0.2679,0.2773,0.2657,0.2844,0.5685,1.9126,1.9740,0.2802,0.2638,0.2809,0.2932,0.5633,8.3305
21800000,467699828,364416,42,24,4,11,266,0.2709,0.2631,0.2761,0.2612,0.5241,0.2846,0.2624,0.2776,0.2738,0.6006,0.6235,0.2711,0.2735,0.2735,0.2798,1.1050,6.1209
22000000,470211504,364818,36,24,3,6,111,0.5522,0.5433,0.5655,0.5326,0.7996,0.5686,0.2577,0.2837,0.2720,0.6125,0.6353,0.5611,0.5503,0.2819,0.2898,0.5625,7.8685
22200000,472561262,365344,37,24,2,5,103,0.2683,0.2649,0.2812,0.2680,0.2694,0.2798,0.2617,0.2818,0.2738,1.2346,0.6403,0.2773,0.2728,0.2741,0.2940,0.5626,6.0048
22400000,474881344,365813,34,24,7,6,274,0.1376,0.1372,0.1495,0.1326,0.1376,0.1387,0.1386,0.1379,0.1432,0.3291,0.3395,0.1432,0.1398,0.1437,0.1556,0.2866,2.7905
22600000,477042041,366004,35,24,2,7,196,0.2728,0.2798,0.2850,0.2645,0.5435,0.2915,0.2627,0.2938,0.2902,1.3014,1.3433,0.5725,0.2751,0.5712,0.3035,0.5677,7.7184
22800000,479319670,366350,40,26,2,8,122,0.1368,0.1407,0.2846,0.2637,0.4063,0.2921,0.2615,0.1433,0.2822,0.9671,0.9964,0.1386,0.1371,0.4261,0.1490,0.2822,5.3078
23000000,481504926,366773,40,29,2,8,66,0.2754,0.2763,0.2856,0.2718,0.2790,0.8852,0.2693,0.2946,0.2747,2.6170,0.6459,0.2876,0.2706,0.2909,0.6146,1.1487,8.9873
23200000,483764607,367242,40,31,7,9,58,0.2721,0.2789,0.2895,0.2671,0.2652,1.1404,0.2697,0.2843,0.2831,0.6533,0.6710,0.2754,0.2750,0.2851,0.2974,1.6681,7.4755
23400000,486184498,367761,41,32,8,9,182,0.2745,0.2713,0.2834,0.2646,0.2644,0.2762,0.2668,0.2834,0.2720,0.6089,0.6279,0.5580,0.2756,0.5625,0.2916,2.2514,7.6324
23600000,488598221,368206,41,33,1,10,254,0.2748,0.2682,0.2850,0.2556,0.2570,0.2889,0.5299,0.2713,0.2715,1.2198,0.6278,0.2752,0.2705,0.2826,0.2906,2.8267,8.4953
23800000,490965041,368626,45,33,3,10,216,0.2768,0.2779,0.2932,0.2742,0.2646,0.2913,0.2718,0.2838,0.2808,1.8159,1.2515,0.5472,0.2718,0.5555,0.2983,0.5646,7.8191
24000000,493308008,369109,44,35,8,12,393,0.2714,0.2696,0.2809,0.2650,0.2589,0.2811,0.2565,0.2829,0.2642,0.6069,0.6256,0.2755,0.2762,0.2876,0.2836,0.5664,5.3524
24200000,495338519,369376,43,37,10,13,295,0.2776,0.2780,0.2936,0.2668,0.5425,0.2894,0.2743,0.3006,0.2900,0.6340,0.6541,0.2872,0.2751,0.5726,0.5856,0.5715,6.3929
24400000,497497672,369676,37,37,2,4,99,0.5527,0.2798,0.5702,0.5369,0.2734,0.5719,0.2679,0.5854,0.5749,1.2595,1.3005,0.5634,0.5415,0.2811,0.8760,1.1249,10.1599
24600000,499682716,370014,43,38,5,2,61,0.2814,0.2724,0.8596,0.8069,0.2692,0.2892,0.5375,0.8779,0.2790,1.9027,1.9654,0.2871,0.8163,0.5648,0.2921,0.5680,10.8694
24800000,501783066,370400,41,39,6,7,92,0.2834,0.2783,0.2948,0.2659,0.5523,0.2928,0.2614,1.1745,0.5698,0.6315,0.6507,0.2872,0.2771,0.8562,0.5902,0.5715,7.8376
25000000,503786700,370666,39,39,1,7,80,0.2803,0.2702,0.5876,0.2655,0.2763,0.2978,0.2901,1.4455,0.8500,0.6561,1.3173,0.2928,0.2694,0.2956,0.8762,0.5741,8.8447
25200000,505922851,370986,41,40,2,5,96,0.2808,0.2721,0.8827,0.5326,0.2761,0.5737,0.2615,0.2854,0.2820,1.3129,1.9840,0.2895,0.2821,0.5788,0.2992,1.1403,9.5337
25400000,508054945,371284,46,41,2,14,140,0.2783,0.2737,0.2887,0.2716,0.2737,0.2882,0.2817,0.2921,0.2802,0.6317,0.6500,0.2818,0.2782,0.3030,0.6039,1.7341,7.0109
25600000,510227181,371736,52,43,6,17,264,0.2784,0.5448,0.2848,0.2714,0.2737,0.2855,0.5414,0.5880,0.2939,1.2622,0.6599,0.5671,0.5545,0.5811,0.2942,0.5740,7.8549
25800000,512210648,372035,54,45,6,18,226,0.2832,0.2762,0.2924,0.2643,0.2725,0.2874,0.2728,0.2869,0.2850,1.9581,0.6794,0.2771,0.2827,0.2853,0.6017,0.5740,7.1791
26000000,514162648,372459,56,45,7,13,292,0.1398,0.1383,0.1446,0.1365,0.1374,0.1414,0.1371,0.1443,0.1448,0.3286,0.3390,0.1406,0.1434,0.2872,0.1481,0.2863,2.9376
26200000,516178197,372891,57,45,5,23,249,0.2786,0.5590,0.5789,0.2786,0.2670,0.5689,0.2779,0.3042,0.2967,0.6299,0.6521,0.2822,0.5555,0.2887,0.2901,1.1362,7.2446
26400000,518146028,373106,56,45,9,20,407,0.2852,0.2808,0.3001,0.2853,0.2767,0.2993,0.2704,0.3041,0.2970,0.6309,0.6558,0.2951,0.2897,0.2912,0.3164,0.5765,5.6544
26600000,520030895,373425,53,45,5,13,260,0.2842,0.2956,0.2983,0.2732,0.2797,0.2936,0.5538,0.2986,0.2926,1.2933,1.3355,0.2998,0.2822,0.5804,0.3226,0.5786,7.5619
26800000,522249533,373747,53,45,3,13,282,0.5571,0.2748,0.2827,0.2754,0.2662,0.2777,0.2623,0.2871,0.2798,1.9057,1.9653,0.5776,0.2774,0.8663,0.2874,0.5753,9.2183
27000000,524182096,373994,45,45,6,2,257,0.2801,0.2782,0.2886,0.5555,0.5412,0.2868,0.5272,0.3001,0.2841,2.5737,2.6583,0.3027,0.5688,0.2938,0.3049,0.5775,10.6216
27200000,526128647,374378,47,48,3,8,105,0.1426,0.1402,0.1484,0.1364,0.1428,0.1465,0.1371,0.1502,0.1443,0.3305,0.3406,0.2987,0.1460,0.2925,0.1525,0.2918,3.1411
27400000,528191921,374752,48,48,4,10,109,0.2765,0.2797,0.3042,0.2687,0.2733,0.2804,0.5418,0.2929,0.2834,0.6291,0.6488,0.2978,0.2804,0.2866,0.2996,1.1560,6.3991
27600000,530144056,375059,51,53,5,10,180,0.2819,0.2836,0.2943,0.2692,0.2752,0.2900,0.2745,0.3042,0.2940,0.6620,0.6782,0.2896,0.2724,0.3000,0.2907,0.5808,5.6406
27800000,532059441,375493,58,53,12,10,290,0.2839,0.2904,0.5936,0.2729,0.2776,0.2919,0.2831,0.3015,0.2906,1.3128,0.6637,0.3002,0.2823,0.5867,0.2999,1.1645,7.4954
28000000,534013156,375793,56,53,8,12,226,0.5714,0.2766,0.2862,0.5482,0.2697,0.2947,0.2694,0.5931,0.5794,1.9773,1.3426,0.2918,0.2780,0.8762,0.6044,0.5790,9.6378
28200000,535961750,375994,60,56,8,16,282,0.8304,0.2715,0.2955,0.2752,0.5429,0.5808,0.2640,0.2977,0.2909,0.6479,0.6668,0.2908,0.2835,0.2849,0.8850,1.1436,7.8511
28400000,537901968,376246,60,57,10,14,265,0.2811,0.2811,0.3055,0.2749,0.2684,0.2978,0.2738,0.3004,0.2930,0.6570,1.3360,0.2947,0.2879,0.2862,0.3146,0.5820,6.3342
28600000,539811281,376517,62,60,6,16,236,0.5714,0.2793,0.2962,0.2789,0.2768,0.2818,0.2763,0.2922,0.2989,0.6649,0.6816,0.2964,0.2874,0.2902,0.3022,1.1720,6.5466
28800000,541801738,376686,65,62,9,14,302,0.2799,0.2835,0.3060,0.2742,0.2712,0.2867,0.2639,0.2951,0.2979,1.3142,1.3525,0.2923,0.2895,0.2830,0.2992,1.7474,8.1365
29000000,543482903,376852,67,62,7,18,242,0.2850,0.5750,0.3032,0.2782,0.5553,0.2998,0.5393,0.3151,0.2971,0.6863,0.7082,0.2947,0.2848,0.2934,0.3195,2.3198,8.3548
29200000,545477150,377253,64,62,7,13,266,0.2783,0.2816,0.2928,0.2726,0.2748,0.2917,0.2708,0.3037,0.5940,1.3704,0.6858,0.5882,0.2699,0.2845,0.6189,0.5791,7.2571
29400000,547292813,377405,61,62,6,13,251,0.2762,0.2891,0.2952,0.2733,0.2634,0.2940,0.2673,0.2872,0.2975,0.6586,0.6783,0.2952,0.2771,0.2925,0.2892,0.5819,5.6162
29600000,549203890,377616,67,62,6,9,314,0.2801,0.2847,0.2996,0.5413,0.5300,0.3018,0.2697,0.2935,0.2976,1.2935,1.3326,0.3020,0.2882,0.2881,0.2991,0.5822,7.4840
29800000,551087419,377891,69,64,7,18,296,0.1386,0.1339,0.1460,0.1349,0.1393,0.1425,0.1352,0.1449,0.1419,0.3260,0.3357,0.1392,0.1397,0.1442,0.1510,0.2897,2.7827
30000000,552830166,378116,68,65,6,18,256,0.2859,0.2885,0.5985,0.2816,0.5652,0.5789,0.5562,0.5966,0.2978,1.3510,1.3913,0.5762,0.2935,0.2866,0.3117,0.5838,8.8430
30200000,554563063,378397,70,66,8,18,135,0.5710,0.2919,0.8796,0.2843,0.8506,0.8712,0.2765,0.8944,0.2880,2.0045,2.0629,0.2874,0.2835,0.5758,0.3189,0.5848,11.3253
30400000,556496763,378613,80,67,14,13,275,0.2850,0.2866,0.2962,0.5564,0.2782,0.2955,0.2674,0.2930,0.2913,2.6606,2.7413,0.5722,0.2864,0.8578,0.3115,0.5818,10.8611
30600000,558324635,378802,79,67,12,14,291,0.2760,0.5789,0.5955,0.2741,0.5522,0.2825,0.5476,0.5917,0.5883,3.3236,3.4229,0.8696,0.2811,0.2857,0.3088,0.5837,13.3621
30800000,560186309,379051,72,69,12,20,280,0.5607,0.8641,0.8977,0.5572,0.2803,0.3028,0.8267,0.8922,0.3033,0.6315,4.0991,0.2864,0.2861,0.2937,0.3061,0.5835,11.9714
31000000,561876273,379286,78,71,10,18,429,0.2892,0.2897,0.3057,0.2842,0.2838,0.3013,0.2873,0.3139,0.3008,0.6859,0.7045,0.2931,0.2883,0.2972,0.3089,1.1855,6.4192
31200000,563708929,379408,85,73,21,29,376,0.2798,0.2764,0.2921,0.2775,0.2829,0.5841,0.2759,0.2925,0.2936,0.6633,0.6807,0.2939,0.2967,0.3001,0.3059,0.5856,5.9811
31400000,565275383,379468,83,73,8,21,285,0.2911,0.2895,0.3109,0.5533,0.2763,0.8937,0.5582,0.6021,0.6042,1.3553,1.3902,0.5876,0.2834,0.6067,0.6263,0.5894,9.8181
31600000,567041841,379580,88,73,11,19,317,0.2848,0.2841,0.3051,0.2794,0.5433,0.2963,0.2792,0.2958,0.3021,0.6747,0.6911,0.2900,0.2827,0.2872,0.9200,1.1625,7.1783
31800000,568761647,379728,83,73,15,27,245,0.1410,0.1383,0.1454,0.1412,0.4157,0.1425,0.1407,0.1452,0.1442,0.3258,0.3347,0.2937,0.1400,0.1419,0.1538,0.8810,3.8249
32000000,570502708,379880,76,73,7,18,142,0.2862,0.2917,0.3068,0.2757,0.2896,0.2936,0.2833,0.3144,0.5937,1.3323,1.3699,0.8920,0.2921,0.5757,0.3132,0.5870,8.2971
32200000,572218556,379908,75,73,9,14,503,0.2835,0.2817,0.3024,0.2704,0.2843,0.2983,0.5745,0.3001,0.2885,2.0529,2.1080,0.2987,0.2924,0.2938,0.3010,0.5871,8.8173
32400000,573749523,380147,77,76,11,20,215,0.5730,0.2821,0.6030,0.5446,0.2870,0.2978,0.8628,0.3019,0.5897,0.6991,0.7156,0.3069,0.5879,0.5911,0.6224,0.5880,8.4530
32600000,575452320,380393,73,76,7,14,201,0.1379,0.1423,0.1474,0.4149,0.1397,0.1497,0.5701,0.1574,0.4401,0.3208,0.3298,0.2962,0.1453,0.1480,0.1529,0.2953,3.9877
32800000,577325035,380469,74,79,3,24,142,0.2837,0.2873,0.3033,0.2713,0.2830,0.2991,0.2736,0.2958,0.2936,0.6712,0.6888,0.2870,0.2826,0.2915,0.3018,0.5862,5.6999
33000000,578885798,380671,75,80,9,21,230,0.2906,0.5812,0.3003,0.5595,0.2973,0.6184,0.2893,0.3161,0.5913,0.6704,0.6910,0.3032,0.2838,0.2923,0.3405,1.1813,7.6062
33200000,580580471,380879,76,81,16,17,318,0.2855,0.2860,0.3001,0.2866,0.2828,0.3026,0.2748,0.2943,0.3070,1.3545,1.3950,0.2857,0.2951,0.2877,0.3045,0.5891,7.1311
33400000,582209567,381052,74,83,11,18,341,0.2837,0.2860,0.3075,0.2848,0.2780,0.2964,0.5462,0.3055,0.2893,2.0072,2.0665,0.3100,0.2933,0.3035,0.3277,1.1699,9.3555
33600000,583845866,381261,84,83,12,19,645,0.2891,0.2873,0.6210,0.2798,0.5782,0.6152,0.2792,0.3049,0.3068,2.7809,2.8632,0.2910,0.2928,0.6251,0.3165,1.8247,12.5557
33800000,585471555,381399,88,85,19,15,482,0.2865,0.3038,0.3048,0.2804,0.2759,0.2953,0.2829,0.3040,0.2940,0.7010,0.7150,0.2965,0.2836,0.2886,0.6133,0.5888,6.1146
34000000,586956661,381548,94,85,17,32,652,0.2917,0.2926,0.6271,0.2798,0.2848,0.2940,0.2920,0.6171,0.3088,1.3829,1.4178,0.2924,0.5890,0.3056,0.9477,0.5926,8.8158
34200000,588615186,381670,87,86,14,15,485,0.5743,0.5905,0.9309,0.2740,0.5668,0.3020,0.2780,0.3048,0.2971,0.7124,0.7327,0.2926,0.2978,0.6063,1.2712,0.5902,8.6215
34400000,590279766,381834,94,86,14,19,559,0.2882,0.8743,0.3029,0.2823,0.2842,0.2967,0.2774,0.3100,0.2918,1.3812,0.6921,0.3019,0.2949,0.3024,0.3108,1.1752,7.6662
34600000,591885873,381927,90,87,14,24,666,0.2955,0.2858,0.2935,0.2861,0.2806,0.3106,0.2714,0.3145,0.2876,2.0960,1.4111,0.6129,0.2993,0.3058,0.6171,0.5919,8.5597
34800000,593428808,382120,85,88,16,24,343,0.2976,0.2926,0.5973,0.2827,0.2856,0.6108,0.2799,0.6022,0.3038,2.7189,2.0777,0.2993,0.5895,0.6019,0.9112,1.1641,11.9151
35000000,594882941,382182,75,90,7,7,251,0.2989,0.2899,0.9190,0.2819,0.5789,0.3143,0.5699,0.9241,0.3109,0.6755,2.7921,0.3060,0.8912,0.3015,0.3238,0.5930,10.3711
35200000,596345582,382315,73,90,9,11,105,0.1442,0.1463,0.1529,0.1389,0.1447,0.1516,0.1426,0.1500,0.1555,0.3434,0.3524,0.1497,0.1496,0.1501,0.1637,0.5934,3.2289
35400000,598037265,382519,73,91,2,16,147,0.2912,0.2976,0.6109,0.5535,0.2856,0.3007,0.5710,0.3016,0.3001,1.3327,1.3708,0.3021,0.2904,0.5931,0.6349,0.5908,8.6271
35600000,599575898,382578,72,92,6,9,434,0.2895,0.2837,0.2963,0.2824,0.2947,0.2923,0.2749,0.3017,0.2981,0.6989,0.7163,0.2891,0.2879,0.2863,0.9505,1.1837,7.0260
35800000,601034092,382643,68,93,12,18,194,0.2993,0.2977,0.3045,0.2742,0.5958,0.3084,0.2800,0.6313,0.2882,0.6966,1.4578,0.5976,0.2825,0.6010,0.3308,0.5932,7.8388
36000000,602393919,382813,67,93,7,15,335,0.2911,0.2982,0.3125,0.2800,0.2981,0.2999,0.2864,0.3177,0.2990,1.3963,0.7404,0.2966,0.2908,0.3104,0.6393,0.5932,6.9498
36200000,603689729,382869,70,94,6,13,306,0.2966,0.1520,0.1615,0.1469,0.1483,0.3092,0.1459,0.1592,0.3027,1.0609,0.7405,0.1513,0.1531,0.3051,0.1660,0.2961,4.6953
36400000,605183106,383050,70,94,6,8,388,0.2883,0.2790,0.3138,0.2918,0.2944,0.3111,0.2914,0.3001,0.3020,0.6891,0.7089,0.3058,0.2995,0.3050,0.6601,1.1863,6.8265
36600000,606851935,383213,68,95,8,8,350,0.1454,0.1453,0.1486,0.2840,0.1392,0.1486,0.2842,0.1466,0.1453,0.3416,0.3514,0.1438,0.1456,0.1463,0.4911,0.2940,3.5010
36800000,608205122,383322,68,96,7,9,217,0.2926,0.5982,0.3182,0.2849,0.2949,0.3170,0.2917,0.6148,0.6080,1.4141,1.4512,0.6030,0.5974,0.6068,0.3434,0.5970,9.2333
37000000,609710987,383467,66,96,4,12,355,0.2987,0.2949,0.3118,0.2782,0.2950,0.3056,0.2789,0.2997,0.2960,2.0639,0.6663,0.3040,0.2867,0.2934,0.6552,0.5912,7.5195
37200000,611302000,383582,64,96,10,14,240,0.1478,0.1553,0.1562,0.1423,0.1439,0.1506,0.1427,0.1529,0.1499,0.3388,0.3487,0.1468,0.2921,0.1488,0.1600,0.5921,3.3687
37400000,612677214,383632,64,96,5,11,304,0.2942,0.3024,0.3041,0.2874,0.2837,0.3117,0.2855,0.3104,0.3069,0.7364,1.4327,0.3030,0.2947,0.3063,0.3409,0.5964,6.6965
37600000,613926494,383786,67,96,8,18,454,0.2971,0.2994,0.6252,0.5736,0.2948,0.6139,0.2949,0.3176,0.6205,1.4373,2.1592,0.6116,0.5941,0.3048,0.3311,0.5982,9.9732
37800000,615430743,383884,60,99,8,16,398,0.2908,0.2942,0.2893,0.2820,0.2804,0.3039,0.2900,0.3015,0.2961,0.6813,0.7018,0.2926,0.2884,0.2985,0.3249,0.5942,5.8100
38000000,616654712,384055,61,99,6,16,396,0.5892,0.5908,0.3207,0.2841,0.2999,0.6075,0.5857,0.3205,0.3158,0.7104,1.4275,0.5941,0.5921,0.2923,0.3323,0.5997,8.4626
38200000,617994726,384070,56,99,7,9,340,0.2910,0.3045,0.3153,0.5709,0.2966,0.3077,0.2776,0.3085,0.3046,1.4246,2.1658,0.3075,0.2945,0.2895,0.3301,1.2024,8.9910
38400000,619388073,384195,56,100,6,12,294,0.3088,0.3017,0.3198,0.2924,0.2983,0.6111,0.3022,0.3089,0.3022,2.0749,2.8146,0.3147,0.3096,0.3112,0.3232,0.5972,9.7907
38600000,620718838,384366,48,102,7,6,274,0.2913,0.3003,0.3025,0.2842,0.5950,0.9146,0.2887,0.3085,0.3077,0.7041,0.7227,0.3023,0.3082,0.3027,0.6426,0.5962,7.1717
38800000,622150142,384390,48,102,8,8,225,0.5877,0.2949,0.6143,0.5720,0.8829,1.2214,0.2865,0.6244,0.6217,1.3981,0.7126,0.6012,0.5996,0.2985,0.9625,0.5964,10.8744
39000000,623572566,384611,53,103,5,16,277,0.2883,0.2932,0.3001,0.2835,0.2803,0.3093,0.2861,0.2999,0.3066,0.6802,0.6989,0.3014,0.2911,0.2949,0.3218,1.1999,6.4354
39200000,624839243,384534,47,104,3,14,218,0.2985,0.3009,0.3200,0.2963,0.2958,0.3149,0.2877,0.3193,0.3104,0.7029,0.7245,0.3051,0.3084,0.3017,0.3422,0.5984,6.0269
39400000,626271757,384789,48,105,3,13,204,0.5964,0.2944,0.3025,0.5889,0.2929,0.3102,0.2873,0.2950,0.6118,0.6866,1.4249,0.6075,0.2999,0.3008,0.6533,1.1933,8.7456
39600000,627559459,384810,59,109,9,7,432,0.2964,0.2998,0.3229,0.2852,0.2842,0.3042,0.2905,0.3100,0.3061,0.6732,0.6917,0.3017,0.3068,0.6047,0.3214,0.5954,6.1943
39800000,628856723,384941,61,109,16,17,427,0.2965,0.2927,0.3113,0.2883,0.2917,0.3159,0.2783,0.3109,0.3034,0.7154,0.7332,0.3172,0.2976,0.3062,0.3153,0.5965,5.9702
40000000,630148399,384929,63,110,13,17,530,0.5762,0.5822,0.3040,0.5627,0.5794,0.6068,0.2900,0.6097,0.3101,0.6805,1.3903,0.3020,0.2979,0.3122,0.3178,0.5971,8.3187
40200000,631573671,385079,65,114,9,14,315,0.2937,0.2806,0.3040,0.2865,0.2913,0.3045,0.2894,0.3033,0.3042,1.4345,2.2057,0.3025,0.2913,0.3026,0.3217,0.5975,8.1133
40400000,632804358,385023,70,115,8,16,303,0.2999,0.2872,0.5965,0.2926,0.3014,0.3110,0.5649,0.3252,0.5948,2.0922,2.8435,0.2943,0.5831,0.5911,0.3270,1.1672,11.4719
40600000,634022136,385153,72,116,16,16,476,0.6074,0.2960,0.9141,0.5977,0.6032,0.6296,0.8674,0.3105,0.9190,2.8467,0.7123,0.6228,0.8991,0.9147,0.6607,0.5986,12.9997
40800000,635298633,385291,70,117,13,16,338,0.2902,0.2969,0.3084,0.2847,0.2861,0.3080,1.1542,0.6223,1.2340,3.5658,1.4391,0.9235,1.1967,1.2193,0.9899,0.5966,14.7158
41000000,636540929,385489,76,119,13,18,691,0.5897,0.3043,0.3136,0.5701,0.2881,0.6312,1.4695,0.3114,1.5748,4.3844,2.2164,0.3023,1.5333,1.5492,0.3187,1.2100,17.5669
41200000,637787281,385652,77,119,13,18,392,0.3002,0.2960,0.3078,0.2844,0.2910,0.3155,0.2987,0.3151,0.3034,0.7035,0.7187,0.3043,0.3010,0.3081,0.6330,0.5988,6.2793
41400000,639174543,385914,86,120,20,19,501,0.2994,0.2789,0.3134,0.2791,0.2887,0.3012,0.2901,0.3150,0.2984,0.6924,0.7130,0.3073,0.2916,0.6186,0.3013,0.5957,6.1841
41600000,640566610,386131,93,120,22,10,593,0.5878,0.2969,0.2997,0.5623,0.2937,0.6123,0.5701,0.3090,0.3021,1.3759,1.4131,0.6011,0.5907,0.2978,0.6187,0.5982,9.3295
41800000,641711981,386177,98,122,23,19,685,0.1465,0.1532,0.1557,0.1383,0.1406,0.1471,0.1403,0.1534,0.1516,0.3617,0.3713,0.1537,0.1469,0.1496,0.1593,0.2951,2.9643
42000000,642852250,386304,110,125,23,10,780,0.2965,0.3046,0.3132,0.2808,0.2917,0.3120,0.5775,0.3058,0.3118,1.4118,1.4519,0.3077,0.3156,0.6004,0.3276,0.5993,8.0081
42200000,644058316,386343,110,129,26,26,1068,0.2970,0.2965,0.3091,0.2966,0.2879,0.3209,0.2948,0.3141,0.2949,2.1161,0.7115,0.3098,0.2863,0.3097,0.3188,0.5994,7.3632
42400000,645216793,386428,118,130,19,26,1150,0.3013,0.5903,0.6215,0.2932,0.2981,0.6218,0.2949,0.3198,0.3134,2.7701,1.4070,0.2982,0.5847,0.6201,0.6373,1.1888,11.1605
42600000,646328906,386605,109,132,25,22,1035,0.6118,0.3050,0.3058,0.6010,0.2970,0.3158,0.2939,0.6467,0.6342,0.7079,2.1893,0.3153,0.2969,0.3043,0.9867,0.5993,9.4108
42800000,647445459,386633,103,135,29,22,1039,0.8827,0.2912,0.6198,0.2857,0.2937,0.6187,0.2822,0.3229,0.9231,1.4171,0.7446,0.3115,0.3036,0.6043,1.2852,1.1859,10.3724
43000000,648621232,386770,100,135,30,24,1026,0.2979,0.5896,0.3136,0.5718,0.2881,0.3188,0.2851,0.3089,0.3037,2.0889,1.4411,0.6295,0.6014,0.9072,0.3241,0.5980,9.8676
43200000,649831224,386824,96,136,16,15,595,0.3011,0.3024,0.3159,0.2896,0.2888,0.6241,0.2862,0.6106,0.6050,2.7944,2.1676,0.3102,0.9032,1.2189,0.6434,0.6005,12.2620
43400000,650916522,386769,91,139,18,14,700,0.3011,0.3090,0.3221,0.5771,0.3010,0.3052,0.2903,0.3094,0.8893,0.7393,0.7544,0.3106,0.3087,1.5025,0.3209,0.6030,8.1437
43600000,652176109,386904,83,140,22,13,695,0.6245,0.6315,0.6516,0.9177,0.6148,0.6416,0.2991,0.6434,1.2628,1.5003,1.5337,0.3038,0.6257,0.2981,0.6628,0.5998,11.8110
43800000,653318043,387009,75,140,19,11,333,0.2977,0.3020,0.3230,0.2920,0.2873,0.3258,0.2850,0.3151,0.3173,0.6754,0.6961,0.3233,0.3098,0.3116,0.3303,0.5992,5.9909
44000000,654384239,387200,86,140,23,11,713,0.3014,0.3042,0.3156,0.2941,0.2968,0.3110,0.2921,0.3305,0.3131,0.6966,0.7154,0.3168,0.3083,0.3096,0.3181,0.6000,6.0236
44200000,655455515,387170,91,140,17,16,761,0.2975,0.2990,0.3125,0.2970,0.6040,0.3131,0.2872,0.3077,0.3142,0.7196,0.7381,0.3182,0.2926,0.3006,0.6606,0.5997,6.6616
44400000,656450905,387093,102,142,32,22,921,0.2990,0.3007,0.2968,0.2922,0.2923,0.3148,0.3029,0.3233,0.3118,0.7189,0.7400,0.3206,0.3056,0.3111,0.3219,0.6024,6.0544
44600000,657619452,387103,110,143,23,20,797,0.3001,0.1459,0.3092,0.1388,0.2939,0.1561,0.1430,0.1552,0.1539,0.3604,0.3710,0.1564,0.1514,0.3050,0.3200,0.6014,4.0618
44800000,658749588,387204,101,143,33,14,839,0.2900,0.2962,0.3046,0.5766,0.2964,0.3193,0.2900,0.3165,0.3072,1.4214,1.4632,0.6210,0.5937,0.2984,0.3324,1.7940,9.5208
45000000,659752492,387320,106,143,25,22,838,0.3094,0.6012,0.3092,0.3032,0.3027,0.3242,0.3066,0.6549,0.3177,0.6983,0.7173,0.9604,0.3060,0.3155,0.6744,2.4434,9.5445
45200000,660827268,387361,107,143,32,23,1617,0.6099,0.3006,0.3124,0.5988,0.2965,0.3235,0.2970,0.3181,0.3096,0.6977,0.7161,0.3176,0.3112,0.3112,0.9971,0.6034,7.3206
45400000,661715817,387379,112,144,19,12,878,0.3059,0.3067,0.3143,0.2965,0.3120,0.3265,0.2972,0.3172,0.3181,1.4178,1.4543,0.3289,0.3110,0.3163,0.3343,1.2170,8.1740
45600000,662792291,387498,113,144,27,24,1135,0.2925,0.2886,0.3178,0.3027,0.2975,0.3168,0.3009,0.3227,0.3099,0.6940,0.7158,0.3189,0.3007,0.3090,0.3336,0.6029,6.0244
45800000,663952090,387580,116,144,20,22,767,0.3002,0.6163,0.3074,0.2852,0.6088,0.3268,0.6034,0.6658,0.6420,1.4562,1.4991,0.3162,0.6228,0.3076,0.3247,0.6015,9.4839
46000000,664931161,387583,120,144,32,27,1157,0.2981,0.2967,0.3182,0.2931,0.2995,0.6465,0.2892,0.9815,0.9510,0.7111,0.7287,0.6233,0.9127,0.3083,0.6604,1.2018,9.5201
46200000,666067546,387648,135,148,29,23,886,0.2967,0.2970,0.3162,0.2958,0.3006,0.3155,0.2919,1.3053,0.2955,1.4200,1.4568,0.3128,0.2998,0.3135,0.3188,0.6003,8.4365
46400000,667118057,387783,128,148,31,28,1001,0.5848,0.3006,0.3227,0.2998,0.2931,0.3195,0.2992,1.6036,0.3139,2.1104,2.1619,0.3054,0.3018,0.3051,0.3130,0.6022,10.4367
46600000,668054877,387845,122,148,23,24,1117,0.3051,0.3012,0.3174,0.3101,0.2912,0.6280,0.5884,0.3274,0.3202,2.7791,2.8448,0.3189,0.3043,0.3023,0.3343,1.1934,11.4659
46800000,668994952,387883,124,154,25,30,907,0.6162,0.3038,0.3175,0.3011,0.3033,0.3163,0.8959,0.3238,0.3121,3.5763,3.6622,0.3091,0.3062,0.3094,0.3376,0.6047,12.7955
47000000,669872663,387930,119,157,27,21,891,0.8985,0.3038,0.3221,0.2982,0.2832,0.3227,0.2881,0.3149,0.3100,0.7186,4.2883,0.3173,0.3062,0.6188,0.3372,0.6033,10.5310
47200000,670690396,388016,116,157,26,28,931,1.2187,0.3123,0.3236,0.2934,0.5783,0.6542,0.3082,0.3229,0.3126,0.7182,5.1140,0.6435,0.6257,0.9537,0.3389,0.6054,13.3236
47400000,671823106,388020,117,159,8,28,534,0.3059,0.3116,0.3143,0.2827,0.2974,0.3041,0.2905,0.3152,0.3046,1.4265,6.0167,0.3039,0.2994,0.3038,0.3190,1.2313,12.6267
47600000,672687210,388014,121,159,13,34,678,0.6057,0.2995,0.3182,0.5740,0.5890,0.6229,0.2926,0.3219,0.6218,2.2087,6.9045,0.3116,0.3022,0.6115,0.3342,0.6041,15.5223
47800000,673536239,387963,124,161,23,25,1181,0.3028,0.3028,0.3170,0.3027,0.2998,0.3155,0.3040,0.3328,0.3186,0.7277,0.7471,0.3237,0.3168,0.3200,0.3541,0.6057,6.1910
48000000,674540718,388053,121,161,18,31,933,0.2978,0.2964,0.3076,0.2974,0.2850,0.3124,0.6186,0.3216,0.6574,1.5428,1.5797,0.6678,0.6405,0.3054,0.3264,1.2691,9.7257
48200000,675579655,388083,113,161,23,27,853,0.2981,0.3068,0.3115,0.2957,0.2884,0.3111,0.2792,0.3158,0.3076,2.1570,2.2107,0.9325,0.3020,0.3008,0.6234,1.7804,11.0210
48400000,676662954,388082,112,164,21,28,591,0.5995,0.3056,0.6223,0.2954,0.6073,0.3041,0.2941,0.6228,0.6198,2.8971,2.9734,0.3132,0.6124,0.3006,0.3319,0.6031,12.3026
48600000,677922816,388203,113,167,15,22,526,0.2959,0.6106,0.9375,0.2923,0.2970,0.3048,0.5819,0.9414,0.9273,3.6363,3.7315,0.3131,0.2916,0.6064,0.6534,0.6003,15.0215
48800000,678792966,388206,119,168,18,33,495,0.3082,0.3050,0.3274,0.5878,0.5914,0.6312,0.3038,0.3248,1.2305,4.3155,4.4305,0.3280,0.3120,0.3222,0.3627,1.1987,15.8796
49000000,679786474,388338,119,170,17,32,954,0.3004,0.2980,0.3165,0.2988,0.2990,0.3160,0.2953,0.3282,0.3212,0.7093,0.7287,0.3188,0.3095,0.3114,0.3238,1.7945,7.2693
49200000,680607478,388261,112,173,12,26,2205,0.3005,0.3060,0.3079,0.2926,0.2984,0.3248,0.2968,0.3312,0.3134,0.7329,1.4635,0.3200,0.6041,0.3122,0.6699,0.6067,7.4808
49400000,681556127,388334,119,175,17,36,557,0.2978,0.2948,0.6341,0.2923,0.2787,0.3119,0.2969,0.3207,0.6358,0.7518,0.7710,0.3192,0.2998,0.3125,1.0167,1.2210,8.0551
49600000,682510232,388510,128,177,10,32,1202,0.3004,0.2979,0.3220,0.2852,0.2967,0.3293,0.2892,0.2992,0.3028,0.7243,0.7484,0.3135,0.2965,0.3123,0.3441,0.6033,6.0650
49800000,683377244,388582,122,178,20,43,710,0.2929,0.3070,0.3102,0.2900,0.3100,0.3210,0.2795,0.3188,0.3096,0.7451,0.7652,0.3136,0.3061,0.3091,0.3324,0.6055,6.1159
50000000,684297957,388569,115,181,14,38,695,0.2984,0.3053,0.3178,0.2942,0.2933,0.3206,0.2889,0.3278,0.3136,1.4828,1.5219,0.3246,0.6318,0.3162,0.3190,0.6033,7.9594
50200000,685100948,388636,115,183,13,26,1028,0.3023,0.3057,0.6282,0.5846,0.2927,0.3148,0.2991,0.3198,0.6288,0.7501,2.2952,0.3220,0.9295,0.6238,0.3267,0.6051,9.5283
50400000,686026652,388784,109,183,18,25,1100,0.3003,0.5881,0.3206,0.2961,0.2895,0.6149,0.3028,0.3215,0.3085,1.4429,0.7580,0.3212,0.3025,0.3210,0.3345,0.6041,7.4264
50600000,686754080,388700,108,183,25,31,776,0.2991,0.9254,0.6630,0.6093,0.5986,0.9657,0.6218,0.6616,0.3267,0.7626,1.5876,0.6500,0.3073,0.6574,0.3414,0.6048,10.5824
50800000,687739606,388792,115,183,17,44,985,0.2984,0.2918,0.3058,0.2901,0.8686,0.3112,0.8917,0.3079,0.3084,1.4644,2.2833,0.9462,0.6081,0.9452,0.6571,0.6023,11.3806
51000000,688631547,388851,126,183,19,40,765,0.6023,0.3068,0.6275,0.2896,1.1716,0.6350,0.2966,0.6335,0.6213,2.2238,3.0727,1.2824,0.3016,1.2731,1.0107,1.2193,15.5675
51200000,689624875,388976,125,183,16,32,735,0.8884,0.3017,0.3192,0.5579,0.2982,0.9348,0.2708,0.3235,0.3029,0.7427,0.7595,1.5836,0.2968,1.5625,1.3228,0.6057,11.0710
51400000,690444917,389192,138,183,23,35,812,1.2073,0.6150,0.3185,0.3060,0.5897,0.3205,0.3094,0.3274,0.6209,1.4918,1.5269,1.9253,0.3142,1.9062,0.3465,0.6097,12.7352
51600000,691466799,389263,140,183,23,46,1000,0.2983,0.3120,0.3140,0.2896,0.2929,0.3229,0.2851,0.3111,0.3057,0.7311,0.7504,0.3073,0.3041,0.3100,0.3504,0.6026,6.0875
51800000,692253162,389265,132,183,19,25,779,0.5987,0.3065,0.6321,0.2939,0.5912,0.6343,0.5737,0.6387,0.3183,1.4664,1.5042,0.3270,0.3114,0.3185,0.3443,0.6069,9.4660
52000000,693066754,389311,139,183,17,37,896,0.2998,0.3072,0.3227,0.3074,0.8957,0.9581,0.3006,0.3157,0.3116,0.7168,0.7356,0.3103,0.2989,0.3200,0.3356,0.6056,7.3415
52200000,693825753,389329,134,183,20,41,936,0.2926,0.3123,0.3300,0.2892,0.2992,0.3150,0.2929,0.3301,0.3157,1.4606,1.4935,0.3147,0.2951,0.3157,0.3461,0.6065,7.6091
52400000,694537927,389265,122,184,20,43,593,0.3019,0.3203,0.6430,0.5862,0.6030,0.6408,0.5878,0.6585,0.6240,2.2379,0.7973,0.3201,0.3128,0.3167,0.3471,0.6092,9.9067
52600000,695572410,389472,124,184,15,37,685,0.3002,0.3144,0.3183,0.2937,0.2966,0.3215,0.2922,0.3074,0.3160,2.9222,1.5091,0.3077,0.3082,0.3125,0.3283,0.6023,9.0506
52800000,696380512,389586,117,184,19,32,917,0.3015,0.3165,0.1635,0.2932,0.1572,0.1662,0.1581,0.3222,0.3128,0.3815,0.3920,0.3138,0.1630,0.3228,0.1715,0.3143,4.2499
53000000,697351223,389580,105,184,9,22,380,0.9257,0.9631,0.3215,0.8944,0.6191,0.3140,0.3053,0.9937,0.3285,0.7448,0.7604,0.3083,0.3025,0.3128,0.6877,1.2582,10.0402
Report usecs used: 2068148
Report usecs used: 2073524
Report usecs used: 2761916
Report usecs used: 3722704
That is 3 seconds
That is 2 seconds
Setup usecs used: 0
That is 0 seconds
Seeding usecs used: 4421603
That is 4 seconds
Random usecs used: 24454737
That is 24 seconds
Execute usecs used: 118273994
That is 2 seconds
Setup usecs used: 0
That is 0 seconds
Seeding usecs used: 4518363
That is 118 seconds
That is 4 seconds
Cell Splitting usecs used: 10432634
Setup usecs used: 0
That is 0 seconds
That is 10 seconds
Seeding usecs used: 4527441
That is 4 seconds
Random usecs used: 24404022
Random usecs used: 24474775
That is 24 seconds
That is 24 seconds
Execute usecs used: 119521521
That is 2 seconds
Execute usecs used: 119571800
That is 119 seconds
Cell Splitting usecs used: 10529041
That is 10 seconds
Setup usecs used: 0
That is 0 seconds
Seeding usecs used: 5843182
That is 5 seconds
Random usecs used: 31453798
That is 31 seconds
Execute usecs used: 105657100
That is 105 seconds
Cell Splitting usecs used: 11631840
That is 11 seconds
That is 119 seconds
Cell Splitting usecs used: 10532029
That is 10 seconds
Thread 0 executed 484752630 instructions
Thread 1 executed 482493311 instructions
Thread 2 executed 477665658 instructions
Thread 3 executed 908306325 instructions
Total: 2353217924

real	3m0.702s
user	11m57.426s
sys	0m2.285s
