200000,2137996,2139,0,1,0,0,0,0.0035,0.0065,0.0091,0.0051,0.0064,0.0080,0.0042,0.0062,0.0053,0.0498,0.0498,0.0096,0.0094,0.0076,0.0056,0.0019,0.1880
400000,4194499,4476,0,1,0,0,0,0.0120,0.0207,0.0236,0.0171,0.0157,0.0241,0.0180,0.0252,0.0206,0.1078,0.1071,0.0176,0.0192,0.0181,0.0227,0.0061,0.4756
600000,6187345,6980,0,1,0,0,0,0.0181,0.0212,0.0168,0.0233,0.0225,0.0278,0.0223,0.0353,0.0264,0.1714,0.1702,0.0251,0.0290,0.0289,0.0330,0.0109,0.6824
800000,8121282,9560,0,1,0,0,0,0.0258,0.0362,0.0382,0.0393,0.0334,0.0381,0.0367,0.0411,0.0375,0.2042,0.2031,0.0334,0.0367,0.0371,0.0498,0.0153,0.9059
1000000,10012563,12227,0,1,0,0,0,0.0287,0.0424,0.0477,0.0288,0.0309,0.0415,0.0354,0.0477,0.0425,0.2452,0.2451,0.0364,0.0444,0.0420,0.0565,0.0212,1.0363
1200000,11905513,14808,0,2,0,0,0,0.0327,0.0450,0.0406,0.0391,0.0383,0.0526,0.0446,0.0463,0.0449,0.2478,0.2455,0.0518,0.0421,0.0468,0.0457,0.0259,1.0899
1400000,13703642,17406,0,2,0,0,0,0.0414,0.0549,0.0519,0.0489,0.0461,0.0478,0.0547,0.0706,0.0495,0.2843,0.2837,0.0468,0.0557,0.0540,0.0655,0.0318,1.2877
1600000,15494669,20015,0,2,0,0,0,0.0476,0.0508,0.0623,0.0483,0.0507,0.0502,0.0496,0.0665,0.0574,0.2907,0.2878,0.0546,0.0509,0.0517,0.0560,0.0371,1.3121
1800000,17307720,22608,0,2,0,0,0,0.0447,0.0587,0.0585,0.0502,0.0539,0.0667,0.0542,0.0608,0.0638,0.3114,0.3106,0.0609,0.0550,0.0692,0.0669,0.0420,1.4275
2000000,19067805,25206,0,2,0,0,0,0.0549,0.0625,0.0666,0.0626,0.0581,0.0649,0.0680,0.0698,0.0592,0.3405,0.3401,0.0665,0.0684,0.0749,0.0856,0.0477,1.5902
2200000,20819629,27742,0,2,0,0,0,0.0411,0.0589,0.0630,0.0515,0.0541,0.0633,0.0588,0.0637,0.0616,0.3111,0.3107,0.0562,0.0611,0.0554,0.0738,0.0535,1.4377
2400000,22541746,30269,0,2,0,0,0,0.0555,0.0622,0.0708,0.0671,0.0645,0.0684,0.0702,0.0755,0.0696,0.3060,0.3059,0.0579,0.0811,0.0837,0.0724,0.0577,1.5685
2600000,24244656,32844,0,2,0,0,0,0.0615,0.0711,0.0743,0.0713,0.0675,0.0813,0.0649,0.0815,0.0779,0.2897,0.2900,0.0694,0.0816,0.0778,0.0878,0.0640,1.6115
2800000,25992299,35358,0,2,0,0,0,0.0643,0.0728,0.0733,0.0571,0.0648,0.0765,0.0632,0.0684,0.0744,0.3035,0.3041,0.0754,0.0624,0.0680,0.0771,0.0683,1.5737
3000000,27690680,37772,0,2,0,0,0,0.0585,0.0633,0.0722,0.0681,0.0645,0.0857,0.0769,0.0704,0.0841,0.3170,0.3166,0.0702,0.0752,0.0762,0.0973,0.0734,1.6699
3200000,29310973,40232,0,2,0,0,0,0.0704,0.0756,0.0857,0.0787,0.0811,0.0887,0.0776,0.0982,0.0877,0.3792,0.3809,0.0808,0.0834,0.0785,0.0786,0.0796,1.9045
3400000,31000953,42629,0,2,0,0,0,0.0661,0.0727,0.0712,0.0713,0.0645,0.0693,0.0761,0.0823,0.0838,0.3095,0.3118,0.0738,0.0673,0.0797,0.0953,0.0841,1.6788
3600000,32661791,45078,0,2,0,0,0,0.0689,0.0873,0.0762,0.0769,0.0694,0.0863,0.0804,0.0887,0.0826,0.3388,0.3396,0.0838,0.0841,0.0867,0.1132,0.0888,1.8517
3800000,34328281,47487,0,2,0,0,0,0.0672,0.0762,0.0836,0.0749,0.0763,0.0833,0.0768,0.0774,0.0738,0.3073,0.3104,0.0883,0.0850,0.0759,0.0870,0.0943,1.7378
4000000,35959068,49833,0,2,0,0,0,0.0777,0.0814,0.1028,0.0798,0.0873,0.0967,0.0817,0.1074,0.0980,0.3394,0.3409,0.0956,0.0839,0.0879,0.0966,0.0995,1.9567
4200000,37568408,52163,0,2,0,0,0,0.0727,0.0792,0.0835,0.0769,0.0726,0.0961,0.0821,0.0928,0.0882,0.3254,0.3293,0.0872,0.0933,0.0979,0.1053,0.1050,1.8876
4400000,39141462,54501,1,3,0,0,0,0.0788,0.0815,0.0980,0.0824,0.0822,0.1081,0.0887,0.0983,0.1035,0.3503,0.3526,0.0882,0.0828,0.0896,0.1077,0.1088,2.0015
[EVENT] Viable replicators have appeared!
4600000,40738469,56811,1,3,0,0,0,0.0854,0.0936,0.1023,0.0887,0.0884,0.0866,0.1037,0.0957,0.1009,0.3258,0.3293,0.0943,0.0921,0.0974,0.1082,0.1138,2.0063
4800000,42343116,59132,1,3,0,0,0,0.0807,0.0807,0.1014,0.0847,0.0875,0.0981,0.0909,0.1033,0.0842,0.3347,0.3383,0.0956,0.1003,0.0971,0.1002,0.1182,1.9962
5000000,43907283,61382,1,3,0,0,0,0.0807,0.0996,0.1017,0.0952,0.0924,0.1069,0.0920,0.1070,0.1043,0.3633,0.3677,0.0906,0.0910,0.1100,0.1146,0.1231,2.1401
5200000,45476205,63663,1,3,0,0,1,0.0906,0.0948,0.0999,0.0904,0.0965,0.1004,0.0971,0.1099,0.0940,0.3614,0.3666,0.1038,0.1050,0.0929,0.0963,0.1278,2.1274
5400000,47090579,65998,1,3,0,0,1,0.0844,0.0831,0.0947,0.0876,0.0867,0.0901,0.0977,0.1021,0.0904,0.3046,0.3096,0.0910,0.0997,0.0880,0.1093,0.1339,1.9529
5600000,48636027,68263,1,3,0,0,0,0.0883,0.0986,0.1145,0.0990,0.0923,0.1064,0.0952,0.1109,0.1070,0.3653,0.3711,0.1039,0.1152,0.1157,0.1211,0.1378,2.2424
5800000,50167138,70493,1,3,0,0,1,0.0875,0.0879,0.1066,0.0994,0.1066,0.1120,0.1075,0.1140,0.0921,0.3647,0.3692,0.1122,0.0953,0.1019,0.1205,0.1418,2.2193
6000000,51720151,72678,3,3,0,0,0,0.0914,0.0986,0.1135,0.0928,0.0855,0.1005,0.0907,0.1073,0.0957,0.3562,0.3628,0.0981,0.1006,0.0934,0.1140,0.1474,2.1485
6200000,53293648,74883,3,3,0,0,0,0.1002,0.0974,0.1027,0.1052,0.0970,0.1036,0.0948,0.1154,0.1035,0.3530,0.3591,0.1051,0.1094,0.1117,0.1144,0.1517,2.2240
6400000,54816610,77020,5,5,0,0,71,0.0996,0.1058,0.1082,0.1006,0.1029,0.1185,0.1071,0.1299,0.1167,0.3498,0.3551,0.1094,0.1246,0.1196,0.1139,0.1568,2.3183
6600000,56301716,79174,6,6,0,0,0,0.0980,0.1116,0.1112,0.1006,0.1076,0.1088,0.1010,0.1120,0.1055,0.3625,0.3681,0.1066,0.1048,0.1114,0.1179,0.1613,2.2888
6800000,57801117,81266,6,6,0,0,38,0.1041,0.1166,0.1149,0.1062,0.1156,0.1117,0.1135,0.1177,0.0982,0.3469,0.3528,0.1149,0.1211,0.1031,0.1263,0.1658,2.3295
7000000,59272361,83338,6,6,0,0,0,0.1138,0.1253,0.1203,0.1084,0.1201,0.1300,0.1214,0.1316,0.1203,0.3942,0.4007,0.1285,0.1146,0.1222,0.1310,0.1695,2.5522
7200000,60747655,85372,6,6,2,0,165,0.1035,0.1036,0.1162,0.1055,0.1045,0.1192,0.1192,0.1169,0.1200,0.3903,0.3987,0.1204,0.1137,0.1197,0.1260,0.1731,2.4505
7400000,62163203,87417,6,6,0,0,38,0.1157,0.1252,0.1264,0.1209,0.1271,0.1320,0.1269,0.1181,0.1255,0.3926,0.4012,0.1195,0.1412,0.1199,0.1372,0.1766,2.6059
7600000,63621091,89577,6,6,1,0,36,0.1170,0.1202,0.1343,0.1212,0.1093,0.1245,0.1077,0.1255,0.1207,0.3795,0.3865,0.1239,0.1271,0.1188,0.1384,0.1816,2.5364
7800000,65069941,91688,6,6,0,0,107,0.1125,0.1155,0.1277,0.1198,0.1150,0.1229,0.1240,0.1207,0.1213,0.3742,0.3826,0.1138,0.1199,0.1155,0.1291,0.1872,2.5017
8000000,66524080,93739,8,8,0,0,0,0.1188,0.1218,0.1296,0.1190,0.1157,0.1319,0.1267,0.1407,0.1244,0.3520,0.3616,0.1272,0.1258,0.1241,0.1459,0.1911,2.5564
8200000,67997879,95669,6,6,1,0,37,0.1113,0.1077,0.1242,0.1228,0.1300,0.1186,0.1214,0.1231,0.1212,0.3695,0.3776,0.1322,0.1226,0.1434,0.1315,0.1919,2.5491
8400000,69400337,97622,6,6,0,0,36,0.1200,0.1204,0.1232,0.1257,0.1194,0.1242,0.1158,0.1401,0.1301,0.3921,0.4033,0.1268,0.1313,0.1325,0.1484,0.1979,2.6513
8600000,70822028,99604,6,6,0,0,0,0.1176,0.1176,0.1254,0.1157,0.1172,0.1298,0.1204,0.1228,0.1220,0.3828,0.3921,0.1269,0.1310,0.1483,0.1503,0.2035,2.6235
8800000,72214316,101605,5,5,1,0,70,0.1239,0.1344,0.1335,0.1189,0.1283,0.1441,0.1253,0.1425,0.1290,0.3804,0.3890,0.1442,0.1328,0.1406,0.1485,0.2073,2.7229
9000000,73613833,103529,5,5,0,0,0,0.1248,0.1178,0.1327,0.1298,0.1387,0.1399,0.1205,0.1310,0.1335,0.4090,0.4190,0.1320,0.1313,0.1413,0.1497,0.2105,2.7617
9200000,74974871,105350,4,5,1,0,35,0.1236,0.1252,0.1348,0.1203,0.1334,0.1400,0.1291,0.1348,0.1310,0.4082,0.4183,0.1369,0.1338,0.1280,0.1384,0.2145,2.7503
9400000,76379637,107343,5,6,0,0,39,0.1233,0.1398,0.1411,0.1257,0.1294,0.1324,0.1272,0.1465,0.1390,0.3700,0.3808,0.1218,0.1259,0.1452,0.1381,0.2193,2.7058
9600000,77783853,109274,4,6,0,0,25,0.1334,0.1326,0.1379,0.1305,0.1305,0.1344,0.1229,0.1360,0.1316,0.3798,0.3922,0.1182,0.1255,0.1338,0.1462,0.2261,2.7116
9800000,79210275,111171,3,4,0,0,0,0.1152,0.1243,0.1317,0.1206,0.1290,0.1363,0.1266,0.1377,0.1202,0.3194,0.3304,0.1337,0.1238,0.1360,0.1489,0.2260,2.5598
10000000,80574217,113010,3,4,0,0,35,0.1269,0.1282,0.1487,0.1351,0.1368,0.1459,0.1500,0.1536,0.1541,0.4150,0.4263,0.1411,0.1384,0.1384,0.1697,0.2303,2.9385
10200000,81933344,114810,3,4,0,0,0,0.1298,0.1248,0.1413,0.1321,0.1372,0.1411,0.1280,0.1450,0.1484,0.4432,0.4554,0.1298,0.1362,0.1363,0.1302,0.2337,2.8925
10400000,83308376,116689,3,4,0,0,0,0.1274,0.1229,0.1336,0.1296,0.1347,0.1434,0.1312,0.1463,0.1351,0.3955,0.4094,0.1505,0.1471,0.1461,0.1587,0.2400,2.8514
10600000,84688388,118499,3,4,0,0,0,0.1426,0.1295,0.1552,0.1318,0.1349,0.1479,0.1466,0.1412,0.1430,0.4121,0.4231,0.1438,0.1511,0.1366,0.1573,0.2429,2.9398
10800000,86013098,120298,4,5,0,0,134,0.1460,0.1399,0.1512,0.1534,0.1449,0.1562,0.1453,0.1528,0.1596,0.4172,0.4292,0.1541,0.1656,0.1509,0.1593,0.2467,3.0721
11000000,87360496,122078,2,5,0,0,33,0.1431,0.1396,0.1460,0.1401,0.1381,0.1450,0.1261,0.1562,0.1426,0.4258,0.4348,0.1399,0.1359,0.1443,0.1640,0.2495,2.9711
11200000,88705943,123865,2,5,0,0,1,0.1394,0.1361,0.1492,0.1344,0.1387,0.1460,0.1283,0.1600,0.1470,0.4018,0.4130,0.1393,0.1338,0.1490,0.1577,0.2529,2.9266
11400000,90007832,125551,1,3,0,0,0,0.1415,0.1465,0.1562,0.1303,0.1401,0.1615,0.1382,0.1656,0.1450,0.4577,0.4707,0.1513,0.1584,0.1517,0.1550,0.2571,3.1269
11600000,91376877,127318,1,3,0,0,0,0.1420,0.1271,0.1475,0.1383,0.1394,0.1519,0.1240,0.1512,0.1328,0.3796,0.3924,0.1445,0.1333,0.1451,0.1474,0.2602,2.8568
11800000,92694718,129073,1,3,0,0,0,0.1390,0.1340,0.1634,0.1400,0.1329,0.1436,0.1363,0.1564,0.1438,0.4317,0.4440,0.1541,0.1382,0.1581,0.1725,0.2641,3.0520
12000000,94053488,130769,1,3,0,0,0,0.1417,0.1441,0.1495,0.1464,0.1404,0.1498,0.1446,0.1619,0.1488,0.3737,0.3867,0.1374,0.1512,0.1497,0.1576,0.2664,2.9500
12200000,95367879,132411,1,3,0,0,0,0.1398,0.1556,0.1602,0.1474,0.1499,0.1522,0.1452,0.1570,0.1513,0.4119,0.4248,0.1625,0.1390,0.1592,0.1597,0.2711,3.0867
12400000,96675909,134088,1,3,0,0,0,0.1429,0.1425,0.1459,0.1454,0.1530,0.1499,0.1418,0.1506,0.1570,0.4108,0.4226,0.1602,0.1450,0.1414,0.1663,0.2746,3.0499
12600000,97926052,135741,1,3,0,0,0,0.1621,0.1478,0.1477,0.1552,0.1546,0.1625,0.1651,0.1609,0.1461,0.4950,0.5093,0.1646,0.1647,0.1527,0.1766,0.2799,3.3447
12800000,99245403,137371,1,3,0,0,0,0.1430,0.1460,0.1603,0.1392,0.1478,0.1575,0.1535,0.1438,0.1527,0.3950,0.4109,0.1450,0.1478,0.1636,0.1616,0.2831,3.0508
13000000,100542029,139001,1,3,0,0,0,0.1423,0.1582,0.1583,0.1492,0.1489,0.1548,0.1485,0.1652,0.1615,0.4167,0.4341,0.1519,0.1481,0.1539,0.1596,0.2855,3.1367
13200000,101812535,140600,1,3,0,0,0,0.1449,0.1454,0.1689,0.1465,0.1446,0.1553,0.1522,0.1568,0.1595,0.4572,0.4722,0.1514,0.1568,0.1523,0.1757,0.2885,3.2283
13400000,103125531,142264,1,3,0,0,0,0.1545,0.1402,0.1600,0.1415,0.1605,0.1628,0.1550,0.1671,0.1576,0.4026,0.4189,0.1653,0.1561,0.1515,0.1655,0.2928,3.1517
13600000,104406053,143823,1,3,0,0,0,0.1536,0.1595,0.1651,0.1469,0.1554,0.1652,0.1578,0.1662,0.1749,0.4068,0.4224,0.1626,0.1731,0.1688,0.1873,0.2941,3.2596
13800000,105629385,145441,0,2,0,0,0,0.1629,0.1614,0.1744,0.1559,0.1604,0.1701,0.1619,0.1653,0.1665,0.4537,0.4669,0.1571,0.1616,0.1522,0.1711,0.2980,3.3395
[EVENT] Viable replicators have gone extinct. Please reserve a moment of silence.
14000000,106903068,147067,0,2,0,0,0,0.1573,0.1621,0.1586,0.1536,0.1434,0.1697,0.1542,0.1731,0.1571,0.4344,0.4514,0.1622,0.1613,0.1742,0.1832,0.3019,3.2977
14200000,108133562,148642,0,2,0,0,0,0.1576,0.1565,0.1744,0.1514,0.1583,0.1757,0.1458,0.1748,0.1745,0.4442,0.4608,0.1741,0.1643,0.1734,0.1761,0.3033,3.3649
14400000,109355684,150163,0,2,0,0,0,0.1669,0.1655,0.1763,0.1699,0.1687,0.1684,0.1703,0.1836,0.1674,0.4435,0.4581,0.1740,0.1753,0.1832,0.1809,0.3092,3.4611
14600000,110610506,151640,0,2,0,0,0,0.1529,0.1474,0.1742,0.1532,0.1472,0.1613,0.1626,0.1688,0.1573,0.4299,0.4478,0.1522,0.1650,0.1620,0.1658,0.3102,3.2576
14800000,111826539,153131,0,2,0,0,0,0.1716,0.1710,0.1894,0.1601,0.1734,0.1820,0.1741,0.1796,0.1823,0.4318,0.4462,0.1620,0.1744,0.1758,0.1782,0.3144,3.4663
15000000,113065439,154673,1,3,0,0,0,0.1646,0.1586,0.1692,0.1663,0.1673,0.1692,0.1679,0.1706,0.1768,0.4370,0.4537,0.1751,0.1723,0.1699,0.1663,0.3169,3.4016
[EVENT] Viable replicators have appeared!
15200000,114311016,156175,1,4,0,0,0,0.1622,0.1549,0.1818,0.1599,0.1576,0.1682,0.1501,0.1648,0.1684,0.4411,0.4572,0.1609,0.1637,0.1642,0.1845,0.3200,3.3594
15400000,115556951,157693,1,4,0,0,0,0.1718,0.1654,0.1817,0.1657,0.1746,0.1768,0.1498,0.1799,0.1646,0.4327,0.4484,0.1622,0.1525,0.1719,0.1868,0.3238,3.4085
15600000,116711063,159141,1,4,0,0,0,0.1666,0.1641,0.1789,0.1673,0.1648,0.1837,0.1664,0.1843,0.1783,0.5115,0.5299,0.1731,0.1566,0.1877,0.2025,0.3272,3.6429
15800000,117932499,160541,1,4,0,0,1,0.1628,0.1592,0.1716,0.1516,0.1696,0.1812,0.1533,0.1828,0.1756,0.4408,0.4594,0.1776,0.1685,0.1740,0.1925,0.3284,3.4489
16000000,119176524,162050,1,4,0,0,0,0.1631,0.1563,0.1636,0.1542,0.1595,0.1529,0.1497,0.1640,0.1783,0.4424,0.4625,0.1594,0.1628,0.1614,0.1626,0.3321,3.3248
16200000,120417387,163530,1,4,0,0,0,0.1706,0.1639,0.1811,0.1641,0.1608,0.1819,0.1594,0.1876,0.1836,0.4032,0.4219,0.1691,0.1680,0.1695,0.1798,0.3358,3.4001
16400000,121548993,164943,1,4,0,0,0,0.1794,0.1837,0.1904,0.1692,0.1784,0.1820,0.1751,0.1997,0.1832,0.5255,0.5427,0.1948,0.1738,0.1850,0.2024,0.3396,3.8049
16600000,122751292,166297,1,4,0,0,0,0.1599,0.1582,0.1782,0.1646,0.1579,0.1621,0.1574,0.1839,0.1843,0.4898,0.5074,0.1854,0.1751,0.1727,0.1926,0.3427,3.5723
16800000,123947176,167669,1,4,0,0,0,0.1641,0.1608,0.1767,0.1650,0.1669,0.1859,0.1780,0.1796,0.1803,0.4512,0.4717,0.1725,0.1700,0.1726,0.1807,0.3450,3.5209
17000000,125136231,169054,1,4,0,0,0,0.1774,0.1584,0.1908,0.1743,0.1722,0.1821,0.1879,0.1969,0.1844,0.4739,0.4934,0.1821,0.1783,0.1870,0.1904,0.3497,3.6792
17200000,126324777,170470,1,4,0,0,0,0.1775,0.1684,0.1917,0.1698,0.1778,0.1898,0.1652,0.1812,0.1860,0.4702,0.4892,0.1682,0.1845,0.1771,0.1844,0.3506,3.6315
17400000,127495353,171812,1,4,0,0,0,0.1721,0.1745,0.1876,0.1664,0.1719,0.1860,0.1719,0.1916,0.1970,0.4627,0.4821,0.1819,0.1763,0.1714,0.1945,0.3534,3.6414
17600000,128647404,173154,1,4,0,0,0,0.1772,0.1768,0.1853,0.1855,0.1846,0.1997,0.1774,0.1880,0.1868,0.4562,0.4735,0.1941,0.1714,0.1810,0.2032,0.3597,3.7004
17800000,129789744,174503,1,4,0,0,0,0.1821,0.1779,0.1921,0.1893,0.1808,0.2014,0.1781,0.2067,0.1840,0.4313,0.4500,0.1906,0.1774,0.1991,0.2001,0.3584,3.6995
18000000,130951912,175827,2,4,0,0,38,0.1692,0.1696,0.1824,0.1682,0.1661,0.1885,0.1655,0.1818,0.1761,0.4521,0.4733,0.1685,0.1839,0.1727,0.1941,0.3621,3.5742
18200000,132103063,177208,1,4,0,0,63,0.1786,0.1626,0.1848,0.1748,0.1936,0.2023,0.1781,0.2048,0.1897,0.4707,0.4913,0.1799,0.1725,0.2003,0.2000,0.3659,3.7498
18400000,133266265,178543,1,4,0,0,0,0.1858,0.1662,0.1866,0.1884,0.1864,0.1887,0.1722,0.1970,0.1673,0.4701,0.4885,0.1790,0.1789,0.1890,0.1892,0.3682,3.7016
18600000,134348807,179841,1,4,0,0,0,0.1817,0.1830,0.2044,0.1842,0.1908,0.2041,0.1809,0.1980,0.1975,0.5161,0.5343,0.1911,0.1955,0.1918,0.2270,0.3691,3.9495
18800000,135488208,181198,1,4,0,0,0,0.1735,0.1679,0.1897,0.1838,0.1707,0.1806,0.1713,0.1910,0.1877,0.5476,0.5657,0.1983,0.1821,0.1828,0.2021,0.3719,3.8669
19000000,136604353,182427,1,4,0,0,0,0.1716,0.1836,0.1911,0.1796,0.1855,0.1910,0.1704,0.2072,0.1749,0.4955,0.5150,0.1921,0.1799,0.1860,0.2119,0.3757,3.8111
19200000,137684134,183667,2,4,0,0,37,0.1827,0.2016,0.1996,0.1711,0.1920,0.1968,0.1841,0.2004,0.1932,0.5455,0.5671,0.1930,0.1835,0.1916,0.2205,0.3781,4.0007
19400000,138831624,184920,2,4,0,0,0,0.1680,0.1616,0.1885,0.1706,0.1764,0.1743,0.1720,0.2055,0.1907,0.4684,0.4894,0.1800,0.1730,0.1849,0.2006,0.3802,3.6839
19600000,139964161,186178,2,4,0,0,0,0.1798,0.1891,0.1908,0.1797,0.1773,0.1936,0.1860,0.1916,0.1913,0.5032,0.5235,0.1718,0.1832,0.1895,0.2134,0.3834,3.8473
19800000,141108428,187455,2,4,0,0,27,0.1874,0.1945,0.1942,0.1877,0.1814,0.1899,0.1785,0.1883,0.1921,0.4839,0.5061,0.1858,0.1907,0.1953,0.1841,0.3856,3.8253
20000000,142293585,188694,2,4,0,0,0,0.1793,0.1962,0.2013,0.1723,0.1818,0.1931,0.1615,0.2017,0.1921,0.4931,0.5146,0.1887,0.1872,0.1912,0.1968,0.3895,3.8403
20200000,143384291,189905,2,4,0,0,0,0.1872,0.1823,0.1998,0.1833,0.2030,0.2084,0.1818,0.2179,0.1946,0.4796,0.5004,0.1841,0.1785,0.1993,0.1973,0.3910,3.8887
20400000,144468876,191160,2,4,0,0,56,0.1957,0.1880,0.1951,0.1827,0.1860,0.2030,0.1857,0.2145,0.1920,0.5137,0.5323,0.1929,0.1889,0.1920,0.2116,0.3958,3.9699
20600000,145590674,192415,1,4,0,0,0,0.1835,0.1876,0.1961,0.1954,0.1829,0.1980,0.1852,0.1965,0.1941,0.4734,0.4950,0.1848,0.1912,0.2051,0.1928,0.3957,3.8574
20800000,146704578,193553,2,4,0,0,36,0.1939,0.2021,0.1970,0.1828,0.1880,0.1984,0.1939,0.1964,0.1934,0.4731,0.4958,0.1863,0.1974,0.1979,0.2123,0.3987,3.9074
21000000,147833204,194857,2,4,0,0,3,0.1910,0.1812,0.1845,0.1816,0.1783,0.2069,0.1707,0.1985,0.1863,0.4684,0.4901,0.1811,0.1791,0.1892,0.2011,0.4013,3.7895
21200000,148942315,196116,2,4,0,0,0,0.1908,0.2032,0.2048,0.1865,0.1820,0.1928,0.1884,0.1909,0.1934,0.4486,0.4694,0.2069,0.2120,0.1958,0.2097,0.4034,3.8785
21400000,150023037,197299,3,4,0,0,27,0.1844,0.1857,0.1945,0.1934,0.1891,0.2008,0.1932,0.1950,0.2082,0.5258,0.5485,0.1973,0.1974,0.1937,0.2108,0.4068,4.0247
21600000,151112062,198459,3,4,0,0,0,0.1843,0.1865,0.1860,0.1741,0.1864,0.1900,0.1698,0.2065,0.1909,0.5405,0.5615,0.1922,0.1840,0.1881,0.1975,0.4080,3.9464
21800000,152216070,199674,4,4,0,0,2,0.1943,0.1970,0.2012,0.1851,0.1855,0.1945,0.1876,0.2112,0.1952,0.5255,0.5492,0.2032,0.1922,0.2028,0.2105,0.4124,4.0474
22000000,153322524,200792,5,4,0,0,11,0.1948,0.1868,0.1983,0.1942,0.1958,0.2203,0.1871,0.2033,0.2057,0.4755,0.4983,0.1878,0.1965,0.1961,0.2164,0.4118,3.9687
22200000,154382488,201938,5,4,0,0,3,0.1928,0.1903,0.1955,0.1875,0.2028,0.2125,0.1964,0.2044,0.1962,0.4688,0.4898,0.2069,0.1889,0.1991,0.2224,0.4159,3.9701
22400000,155444337,203016,8,5,0,0,5,0.1984,0.1936,0.2212,0.2015,0.2103,0.2253,0.1978,0.2073,0.2056,0.4775,0.5031,0.2004,0.1985,0.2092,0.2297,0.4177,4.0972
22600000,156519165,204055,9,6,1,0,26,0.1918,0.1977,0.1897,0.1906,0.1917,0.2077,0.1897,0.2203,0.2023,0.5154,0.5394,0.2003,0.1977,0.2078,0.2107,0.4206,4.0732
22800000,157580377,205174,8,7,0,3,18,0.1892,0.1859,0.2024,0.1858,0.1915,0.1891,0.1786,0.2167,0.1954,0.5354,0.5547,0.2099,0.1967,0.1986,0.2040,0.4240,4.0580
23000000,158673607,206330,8,7,0,0,20,0.1902,0.2054,0.2047,0.1890,0.1843,0.1947,0.1751,0.1941,0.2088,0.4815,0.5073,0.1993,0.1973,0.2090,0.2226,0.4260,3.9896
23200000,159753418,207399,9,7,0,0,7,0.1821,0.1976,0.2166,0.1856,0.1853,0.2000,0.1923,0.1928,0.1930,0.5356,0.5567,0.2004,0.2101,0.1878,0.1985,0.4286,4.0632
23400000,160820145,208469,11,8,1,0,61,0.1967,0.1769,0.2199,0.1931,0.1953,0.2038,0.2031,0.1961,0.2051,0.5201,0.5430,0.2044,0.2014,0.2188,0.2142,0.4300,4.1220
23600000,161880493,209549,10,8,0,0,12,0.1999,0.1886,0.2031,0.1897,0.2006,0.2157,0.1987,0.2219,0.2033,0.5116,0.5362,0.2028,0.2130,0.2091,0.2104,0.4299,4.1344
23800000,162937097,210609,11,8,0,0,3,0.2070,0.1993,0.2045,0.1853,0.1963,0.2049,0.1824,0.2243,0.2119,0.5353,0.5591,0.2064,0.2042,0.2058,0.2229,0.4335,4.1832
24000000,163981854,211652,11,7,0,2,3,0.1989,0.2007,0.2244,0.2014,0.2103,0.2298,0.1923,0.2251,0.2095,0.4917,0.5169,0.2170,0.2124,0.2196,0.2112,0.4366,4.1978
24200000,165046008,212714,9,7,0,1,1,0.1985,0.1983,0.1997,0.2024,0.1943,0.2152,0.1772,0.2091,0.1909,0.4887,0.5145,0.2001,0.1891,0.2077,0.2375,0.4383,4.0616
24400000,166060618,213747,9,7,0,0,5,0.2076,0.2050,0.2168,0.2100,0.2049,0.2095,0.1998,0.2230,0.2052,0.4739,0.4964,0.2017,0.1928,0.2169,0.2456,0.4416,4.1507
24600000,167143881,214771,11,8,0,0,8,0.1914,0.1879,0.1940,0.2047,0.2064,0.2092,0.1743,0.2134,0.2036,0.4261,0.4501,0.1868,0.1986,0.2036,0.2107,0.4446,3.9054
24800000,168163654,215820,12,9,0,0,4,0.2008,0.2007,0.2139,0.1967,0.2063,0.2301,0.2025,0.2112,0.2052,0.5325,0.5565,0.2110,0.1930,0.2027,0.2267,0.4455,4.2353
25000000,169172435,216829,12,11,0,0,17,0.1995,0.2098,0.1934,0.1962,0.2046,0.2315,0.1890,0.2083,0.2129,0.5305,0.5564,0.2044,0.2052,0.2198,0.2166,0.4480,4.2261
25200000,170234394,217888,12,11,0,0,2,0.2002,0.1942,0.2164,0.2101,0.1954,0.2041,0.1978,0.2139,0.2009,0.4875,0.5112,0.2096,0.2024,0.2098,0.2233,0.4501,4.1268
25400000,171277512,218895,13,12,0,0,6,0.2006,0.2003,0.1974,0.2051,0.2063,0.2216,0.1940,0.2130,0.2073,0.5290,0.5532,0.2036,0.2070,0.2264,0.2339,0.4495,4.2482
25600000,172253229,219833,14,12,0,0,9,0.2009,0.2069,0.2064,0.2129,0.1999,0.2223,0.1979,0.2240,0.2151,0.5505,0.5743,0.2152,0.1887,0.1904,0.2443,0.4526,4.3023
25800000,173288417,220824,13,12,0,0,1,0.2075,0.1861,0.2091,0.1966,0.1939,0.2184,0.1870,0.2042,0.2114,0.5052,0.5304,0.1968,0.1984,0.2022,0.2314,0.4581,4.1367
26000000,174290009,221848,11,12,0,0,1,0.1994,0.2074,0.2129,0.2029,0.2135,0.2044,0.2095,0.2225,0.2008,0.5236,0.5494,0.2028,0.1982,0.2096,0.2358,0.4596,4.2522
26200000,175282173,222798,10,12,0,0,2,0.2099,0.2075,0.2088,0.1960,0.2085,0.2217,0.1992,0.2216,0.2049,0.5046,0.5286,0.2163,0.2140,0.2310,0.2279,0.4614,4.2619
26400000,176301092,223767,9,12,0,1,1,0.2080,0.1957,0.2024,0.2049,0.1993,0.2295,0.1926,0.2082,0.1996,0.5166,0.5392,0.2183,0.1985,0.2157,0.2208,0.4613,4.2105
26600000,177246665,224671,9,12,0,0,1,0.2016,0.2060,0.2263,0.2164,0.2103,0.2207,0.1921,0.2189,0.2205,0.5591,0.5843,0.2363,0.2098,0.2142,0.2404,0.4623,4.4192
26800000,178296183,225649,9,12,0,0,1,0.1990,0.1907,0.2126,0.2039,0.1977,0.2025,0.1965,0.2200,0.2135,0.5171,0.5392,0.2236,0.1977,0.2222,0.2229,0.4643,4.2233
27000000,179266658,226583,7,12,0,0,1,0.2126,0.2077,0.2280,0.2115,0.2108,0.2324,0.2099,0.2249,0.2232,0.5067,0.5325,0.2153,0.2377,0.2292,0.2400,0.4692,4.3918
27200000,180235669,227494,7,12,0,0,0,0.2080,0.1928,0.2264,0.2010,0.2213,0.2252,0.2141,0.2260,0.1977,0.5094,0.5344,0.1955,0.2317,0.2205,0.2255,0.4697,4.2992
27400000,181224681,228418,7,12,0,0,0,0.2127,0.2017,0.2038,0.2042,0.2016,0.2148,0.1984,0.2147,0.2132,0.5646,0.5936,0.2080,0.2123,0.2116,0.2266,0.4725,4.3544
27600000,182259644,229414,7,12,0,0,0,0.2059,0.1978,0.1923,0.1966,0.2007,0.1940,0.1908,0.2178,0.2147,0.5125,0.5348,0.2082,0.2080,0.2120,0.2094,0.4744,4.1698
27800000,183244261,230326,8,12,0,0,0,0.2119,0.2068,0.2248,0.1966,0.2091,0.2166,0.2031,0.2063,0.2116,0.5456,0.5724,0.2185,0.2314,0.2218,0.2350,0.4760,4.3874
28000000,184254229,231269,8,12,0,0,0,0.2097,0.2110,0.2200,0.2018,0.1987,0.2138,0.2074,0.2298,0.2214,0.5326,0.5606,0.2199,0.1992,0.2120,0.2371,0.4775,4.3524
28200000,185248119,232238,8,12,0,0,0,0.2051,0.2120,0.2424,0.2109,0.2195,0.2223,0.2005,0.2226,0.2213,0.5155,0.5394,0.2202,0.2318,0.2218,0.2261,0.4795,4.3908
28400000,186222894,233140,8,12,0,0,0,0.2142,0.2163,0.2199,0.2188,0.2170,0.2284,0.2097,0.2300,0.2255,0.5305,0.5548,0.2284,0.2242,0.2203,0.2252,0.4811,4.4443
28600000,187175174,233950,8,13,0,0,0,0.2090,0.2150,0.2360,0.2039,0.2225,0.2190,0.2142,0.2337,0.2214,0.5545,0.5807,0.2292,0.2058,0.2299,0.2487,0.4816,4.5049
28800000,188129945,234836,9,13,0,0,200,0.2249,0.2181,0.2340,0.2109,0.2092,0.2213,0.2135,0.2278,0.2256,0.5604,0.5870,0.2347,0.2082,0.2163,0.2383,0.4865,4.5167
29000000,189090677,235677,9,13,0,0,0,0.2183,0.2165,0.2246,0.2042,0.2208,0.2286,0.1996,0.2263,0.2147,0.5349,0.5632,0.2215,0.2269,0.2080,0.2219,0.4859,4.4160
29200000,190069028,236503,10,13,0,0,0,0.2092,0.2019,0.2148,0.2037,0.2076,0.2048,0.2059,0.2332,0.2077,0.5243,0.5500,0.2134,0.2295,0.2057,0.2368,0.4861,4.3346
29400000,191003290,237394,11,13,1,0,4,0.2175,0.2072,0.2270,0.2056,0.2182,0.2222,0.1883,0.2123,0.2140,0.5486,0.5759,0.2315,0.2174,0.2228,0.2372,0.4889,4.4348
29600000,191983025,238265,11,15,0,0,2,0.2144,0.2136,0.2205,0.2128,0.2061,0.2337,0.1974,0.2253,0.2239,0.5476,0.5747,0.2264,0.2197,0.2297,0.2410,0.4910,4.4778
29800000,192963220,239154,10,15,0,0,4,0.2082,0.1949,0.2224,0.2147,0.2063,0.2263,0.2095,0.2342,0.2152,0.4960,0.5229,0.2260,0.2125,0.2092,0.2401,0.4936,4.3320
30000000,193896094,239987,11,16,2,0,2,0.2269,0.2225,0.2319,0.2147,0.2127,0.2166,0.2102,0.2238,0.2333,0.5857,0.6078,0.2314,0.2277,0.2150,0.2485,0.4965,4.6049
30200000,194873480,240841,11,16,1,0,48,0.2184,0.1999,0.2312,0.2204,0.2049,0.2169,0.2047,0.2242,0.2269,0.5144,0.5424,0.2133,0.2208,0.2257,0.2292,0.4981,4.3913
30400000,195876887,241745,11,17,1,0,47,0.2142,0.2039,0.2385,0.2018,0.2230,0.2419,0.2013,0.2426,0.2282,0.4935,0.5210,0.2106,0.2063,0.2209,0.2480,0.5002,4.3957
30600000,196801031,242518,10,18,1,0,52,0.2167,0.2336,0.2360,0.2114,0.2107,0.2228,0.2090,0.2362,0.2417,0.5148,0.5416,0.2254,0.2098,0.2262,0.2445,0.5018,4.4821
30800000,197755887,243340,9,18,0,0,0,0.2188,0.2048,0.2364,0.2162,0.2260,0.2128,0.2033,0.2156,0.2406,0.5337,0.5616,0.2276,0.2219,0.2253,0.2425,0.5030,4.4902
31000000,198717885,244169,9,19,0,0,0,0.2157,0.2151,0.2433,0.1988,0.2180,0.2161,0.2214,0.2176,0.2270,0.5298,0.5591,0.2277,0.2138,0.2224,0.2536,0.5056,4.4849
31200000,199672818,244937,10,20,0,0,0,0.2260,0.2188,0.2281,0.2127,0.2271,0.2250,0.2352,0.2380,0.2323,0.5663,0.5904,0.2308,0.2135,0.2138,0.2533,0.5058,4.6171
31400000,200633333,245717,10,20,0,0,0,0.2200,0.2278,0.2312,0.2240,0.2184,0.2394,0.2137,0.2453,0.2335,0.4846,0.5104,0.2087,0.2201,0.2170,0.2557,0.5097,4.4596
31600000,201516290,246441,11,22,0,0,0,0.2253,0.2111,0.2352,0.2295,0.2126,0.2372,0.2215,0.2266,0.2359,0.5510,0.5770,0.2356,0.2299,0.2268,0.2446,0.5103,4.6100
31800000,202408275,247150,12,22,0,0,1,0.2302,0.2272,0.2498,0.2136,0.2282,0.2137,0.2194,0.2350,0.2307,0.5525,0.5779,0.2407,0.2178,0.2351,0.2767,0.5107,4.6591
32000000,203398178,247939,12,22,0,0,0,0.2174,0.2212,0.2252,0.2117,0.2282,0.2237,0.1990,0.2479,0.2317,0.4435,0.4717,0.2244,0.2146,0.2371,0.2516,0.5119,4.3607
32200000,204348564,248727,11,22,0,0,0,0.2247,0.2086,0.2366,0.2144,0.2080,0.2186,0.2126,0.2213,0.2269,0.4907,0.5203,0.2202,0.2266,0.2211,0.2391,0.5148,4.4046
32400000,205272175,249526,11,22,1,0,0,0.2277,0.2155,0.2313,0.2204,0.2279,0.2303,0.2306,0.2305,0.2137,0.5648,0.5924,0.2442,0.2283,0.2214,0.2371,0.5166,4.6327
32600000,206174543,250250,11,22,0,0,0,0.2208,0.2200,0.2378,0.2193,0.2371,0.2414,0.2293,0.2488,0.2252,0.6021,0.6306,0.2218,0.2215,0.2309,0.2685,0.5168,4.7719
32800000,207141820,251009,10,22,0,1,0,0.2203,0.2291,0.2181,0.2107,0.2233,0.2347,0.2152,0.2224,0.2218,0.5374,0.5672,0.2274,0.2075,0.2151,0.2300,0.5184,4.4985
33000000,208021656,251710,10,22,0,0,0,0.2180,0.2286,0.2306,0.2285,0.2264,0.2338,0.2227,0.2446,0.2271,0.6156,0.6440,0.2310,0.2348,0.2457,0.2625,0.5184,4.8123
33200000,208886699,252417,10,22,0,0,0,0.2189,0.2080,0.2181,0.2228,0.2222,0.2365,0.2292,0.2345,0.2210,0.5714,0.6016,0.2407,0.2243,0.2447,0.2546,0.5224,4.6709
33400000,209833942,253123,10,22,0,1,0,0.2201,0.2167,0.2417,0.2142,0.2121,0.2257,0.2237,0.2365,0.2154,0.5456,0.5736,0.2387,0.2217,0.2220,0.2509,0.5219,4.5807
33600000,210791800,253870,10,22,0,0,0,0.2280,0.2141,0.2363,0.2075,0.2215,0.2392,0.2177,0.2383,0.2398,0.4810,0.5112,0.2268,0.2376,0.2418,0.2544,0.5257,4.5210
33800000,211707054,254673,10,22,0,1,0,0.2302,0.2107,0.2439,0.2247,0.2360,0.2527,0.2102,0.2326,0.2224,0.5405,0.5687,0.2322,0.2310,0.2303,0.2766,0.5259,4.6686
34000000,212619287,255465,10,22,0,0,0,0.2295,0.2172,0.2380,0.2061,0.2195,0.2400,0.2163,0.2359,0.2343,0.5622,0.5899,0.2333,0.2134,0.2292,0.2425,0.5285,4.6358
34200000,213547954,256197,10,22,0,0,0,0.2331,0.2190,0.2443,0.2278,0.2165,0.2343,0.2217,0.2329,0.2409,0.5358,0.5631,0.2340,0.2212,0.2413,0.2457,0.5283,4.6397
34400000,214462030,256917,10,22,0,1,0,0.2233,0.2163,0.2386,0.2253,0.2280,0.2370,0.2283,0.2429,0.2283,0.5622,0.5918,0.2349,0.2307,0.2406,0.2517,0.5316,4.7114
34600000,215361367,257669,11,22,0,0,0,0.2316,0.2418,0.2323,0.2265,0.2196,0.2392,0.2107,0.2448,0.2371,0.6045,0.6333,0.2223,0.2452,0.2302,0.2586,0.5337,4.8116
34800000,216241763,258252,11,22,0,0,0,0.2382,0.2416,0.2542,0.2343,0.2371,0.2423,0.2295,0.2600,0.2331,0.5969,0.6254,0.2271,0.2404,0.2428,0.2718,0.5327,4.9074
35000000,217159507,258932,11,22,0,0,2,0.2404,0.2222,0.2440,0.2226,0.2233,0.2195,0.2353,0.2452,0.2315,0.5843,0.6125,0.2405,0.2275,0.2249,0.2474,0.5345,4.7555
35200000,218041686,259609,11,22,0,0,0,0.2311,0.2391,0.2379,0.2152,0.2190,0.2225,0.2154,0.2507,0.2294,0.5609,0.5899,0.2300,0.2309,0.2244,0.2619,0.5357,4.6940
35400000,218889813,260245,10,22,0,0,0,0.2349,0.2265,0.2542,0.2150,0.2242,0.2477,0.2296,0.2283,0.2298,0.5679,0.5949,0.2322,0.2253,0.2381,0.2586,0.5386,4.7458
35600000,219827614,260914,10,22,0,0,0,0.2303,0.2232,0.2415,0.2156,0.2230,0.2333,0.2114,0.2242,0.2353,0.5163,0.5490,0.2445,0.2394,0.2302,0.2457,0.5390,4.6019
35800000,220703482,261502,9,22,0,0,0,0.2383,0.2624,0.2520,0.2397,0.2303,0.2386,0.2169,0.2488,0.2565,0.6015,0.6325,0.2459,0.2189,0.2401,0.2523,0.5426,4.9170
36000000,221566927,262191,12,22,0,2,2,0.2424,0.2272,0.2430,0.2316,0.2343,0.2457,0.2393,0.2533,0.2660,0.5548,0.5840,0.2444,0.2474,0.2456,0.2681,0.5426,4.8697
36200000,222470046,262944,12,22,0,0,0,0.2364,0.2203,0.2361,0.2267,0.2200,0.2427,0.2183,0.2470,0.2306,0.5129,0.5401,0.2333,0.2420,0.2407,0.2436,0.5437,4.6344
36400000,223312272,263577,11,22,0,0,0,0.2383,0.2364,0.2486,0.2406,0.2374,0.2604,0.2381,0.2531,0.2508,0.5630,0.5945,0.2412,0.2575,0.2606,0.2513,0.5454,4.9172
36600000,224199861,264240,11,22,0,1,0,0.2340,0.2333,0.2375,0.2316,0.2146,0.2298,0.2108,0.2344,0.2273,0.5763,0.6049,0.2385,0.2243,0.2394,0.2484,0.5464,4.7317
36800000,225097646,264905,10,22,0,0,0,0.2275,0.2269,0.2514,0.2228,0.2269,0.2153,0.2309,0.2450,0.2389,0.5330,0.5637,0.2183,0.2422,0.2343,0.2572,0.5473,4.6816
37000000,225922838,265529,10,22,0,0,0,0.2478,0.2416,0.2456,0.2291,0.2364,0.2716,0.2239,0.2528,0.2524,0.6093,0.6372,0.2347,0.2372,0.2583,0.2958,0.5487,5.0225
37200000,226750665,266156,10,22,0,0,0,0.2334,0.2292,0.2177,0.2297,0.2239,0.2471,0.2263,0.2466,0.2448,0.6165,0.6450,0.2415,0.2291,0.2469,0.2567,0.5498,4.8843
37400000,227640943,266809,10,22,0,0,0,0.2297,0.2207,0.2429,0.2297,0.2257,0.2314,0.2093,0.2371,0.2266,0.5638,0.5970,0.2368,0.2361,0.2298,0.2533,0.5524,4.7222
37600000,228518082,267428,11,22,0,0,1,0.2337,0.2349,0.2476,0.2129,0.2327,0.2336,0.2272,0.2418,0.2320,0.5640,0.5945,0.2273,0.2351,0.2454,0.2511,0.5530,4.7668
37800000,229424806,268133,11,22,0,0,0,0.2408,0.2187,0.2432,0.2313,0.2347,0.2550,0.2120,0.2375,0.2377,0.5286,0.5599,0.2274,0.2323,0.2419,0.2503,0.5538,4.7053
38000000,230314555,268844,11,22,0,0,23,0.2395,0.2293,0.2396,0.2349,0.2397,0.2553,0.2411,0.2373,0.2261,0.5533,0.5870,0.2398,0.2168,0.2308,0.2612,0.5575,4.7895
38200000,231116610,269402,13,22,0,1,37,0.2480,0.2286,0.2417,0.2289,0.2579,0.2444,0.2332,0.2626,0.2606,0.6682,0.6974,0.2538,0.2452,0.2360,0.2841,0.5578,5.1484
38400000,231911364,270001,13,22,0,0,1,0.2317,0.2124,0.2420,0.2462,0.2217,0.2463,0.2282,0.2527,0.2336,0.6361,0.6629,0.2575,0.2431,0.2411,0.2701,0.5565,4.9821
38600000,232717435,270617,11,22,0,0,37,0.2359,0.2402,0.2595,0.2226,0.2604,0.2431,0.2322,0.2571,0.2407,0.6707,0.6996,0.2393,0.2514,0.2458,0.3356,0.5582,5.1921
38800000,233531891,271208,13,22,2,0,10,0.2258,0.2371,0.2520,0.2441,0.2287,0.2333,0.2265,0.2494,0.2351,0.5883,0.6184,0.2208,0.2407,0.2392,0.2481,0.5599,4.8473
39000000,234392210,271826,13,22,0,0,0,0.2342,0.2229,0.2531,0.2406,0.2379,0.2450,0.2337,0.2426,0.2510,0.6246,0.6549,0.2495,0.2420,0.2469,0.2634,0.5609,5.0030
39200000,235225743,272411,14,22,0,0,20,0.2386,0.2405,0.2407,0.2198,0.2419,0.2549,0.2290,0.2453,0.2376,0.5854,0.6140,0.2369,0.2295,0.2471,0.2729,0.5630,4.8968
39400000,236104948,273051,14,22,0,0,6,0.2319,0.2349,0.2474,0.2200,0.2246,0.2465,0.2326,0.2395,0.2384,0.5434,0.5733,0.2414,0.2316,0.2325,0.2629,0.5658,4.7666
39600000,236926495,273626,15,22,0,0,6,0.2437,0.2410,0.2553,0.2259,0.2380,0.2557,0.2288,0.2601,0.2386,0.6149,0.6487,0.2475,0.2416,0.2477,0.2505,0.5653,5.0032
39800000,237739094,274265,14,22,0,2,20,0.2501,0.2392,0.2641,0.2330,0.2449,0.2447,0.2366,0.2459,0.2398,0.5947,0.6263,0.2543,0.2446,0.2494,0.2935,0.5664,5.0275
40000000,238576902,274885,14,22,0,1,27,0.2431,0.2260,0.2634,0.2466,0.2422,0.2531,0.2242,0.2544,0.2567,0.5682,0.5978,0.2443,0.2248,0.2366,0.2855,0.5676,4.9345
40200000,239422361,275479,13,22,0,1,5,0.2319,0.2454,0.2637,0.2313,0.2378,0.2411,0.2221,0.2386,0.2493,0.5744,0.6077,0.2234,0.2363,0.2403,0.2662,0.5704,4.8800
40400000,240266204,276072,13,22,0,0,9,0.2312,0.2400,0.2591,0.2351,0.2252,0.2392,0.2242,0.2537,0.2502,0.5336,0.5652,0.2368,0.2407,0.2431,0.2583,0.5718,4.8073
40600000,241063048,276616,13,22,0,0,15,0.2464,0.2390,0.2677,0.2295,0.2465,0.2580,0.2378,0.2505,0.2444,0.6249,0.6533,0.2601,0.2261,0.2552,0.3025,0.5716,5.1135
40800000,241896355,277112,13,22,0,0,8,0.2462,0.2330,0.2420,0.2477,0.2481,0.2447,0.2102,0.2426,0.2586,0.5864,0.6173,0.2509,0.2482,0.2444,0.2783,0.5718,4.9705
41000000,242704868,277679,14,22,0,0,6,0.2445,0.2229,0.2596,0.2305,0.2339,0.2619,0.2177,0.2561,0.2628,0.6582,0.6918,0.2409,0.2414,0.2731,0.2802,0.5732,5.1487
41200000,243577931,278217,13,22,0,0,0,0.2370,0.2267,0.2346,0.2214,0.2251,0.2386,0.2216,0.2315,0.2511,0.5460,0.5778,0.2310,0.2245,0.2305,0.2409,0.5755,4.7137
41400000,244387439,278684,12,22,0,1,13,0.2403,0.2489,0.2576,0.2351,0.2350,0.2621,0.2353,0.2642,0.2417,0.6221,0.6515,0.2698,0.2543,0.2557,0.2751,0.5770,5.1258
41600000,245216454,279237,11,22,0,1,5,0.2372,0.2433,0.2375,0.2220,0.2288,0.2471,0.2230,0.2606,0.2461,0.5465,0.5809,0.2498,0.2550,0.2418,0.2836,0.5781,4.8812
41800000,246059288,279796,13,22,0,0,15,0.2464,0.2328,0.2446,0.2362,0.2459,0.2622,0.2304,0.2387,0.2477,0.5714,0.6030,0.2613,0.2336,0.2482,0.2841,0.5792,4.9656
42000000,246882526,280334,11,22,0,0,7,0.2515,0.2357,0.2600,0.2280,0.2479,0.2598,0.2377,0.2471,0.2353,0.5988,0.6327,0.2468,0.2551,0.2534,0.2771,0.5817,5.0487
42200000,247675832,280833,10,22,0,1,0,0.2492,0.2291,0.2678,0.2367,0.2292,0.2433,0.2383,0.2561,0.2411,0.5822,0.6151,0.2573,0.2303,0.2563,0.2637,0.5812,4.9771
42400000,248467565,281404,10,22,0,0,0,0.2406,0.2398,0.2680,0.2304,0.2222,0.2471,0.2535,0.2575,0.2342,0.5804,0.6134,0.2384,0.2374,0.2380,0.2740,0.5825,4.9573
42600000,249256882,281968,9,22,0,0,5,0.2455,0.2488,0.2423,0.2319,0.2536,0.2448,0.2412,0.2626,0.2496,0.6423,0.6716,0.2460,0.2604,0.2311,0.2952,0.5825,5.1493
42800000,250051256,282447,9,22,0,1,0,0.2500,0.2412,0.2488,0.2384,0.2463,0.2541,0.2207,0.2469,0.2502,0.6253,0.6564,0.2625,0.2640,0.2594,0.2735,0.5848,5.1223
43000000,250868124,282996,7,22,0,0,0,0.2359,0.2308,0.2500,0.2255,0.2280,0.2435,0.2234,0.2448,0.2490,0.6431,0.6743,0.2490,0.2397,0.2508,0.2597,0.5829,5.0305
43200000,251669373,283549,7,22,0,0,0,0.2432,0.2352,0.2661,0.2296,0.2433,0.2548,0.2378,0.2707,0.2559,0.6268,0.6572,0.2468,0.2480,0.2467,0.2724,0.5865,5.1209
43400000,252484254,284098,6,22,0,0,0,0.2415,0.2529,0.2750,0.2456,0.2410,0.2621,0.2313,0.2653,0.2442,0.6244,0.6563,0.2610,0.2613,0.2503,0.3079,0.5872,5.2073
43600000,253223543,284646,5,22,0,0,0,0.2439,0.2454,0.2664,0.2341,0.2375,0.2632,0.2566,0.2758,0.2429,0.6377,0.6684,0.2574,0.2670,0.2596,0.2741,0.5906,5.2206
43800000,254026254,285189,5,22,0,0,0,0.2414,0.2384,0.2410,0.2318,0.2352,0.2393,0.2474,0.2548,0.2266,0.5901,0.6216,0.2419,0.2419,0.2452,0.2570,0.5874,4.9411
44000000,254835232,285720,6,22,0,0,0,0.2447,0.2385,0.2452,0.2280,0.2468,0.2449,0.2339,0.2654,0.2707,0.6349,0.6658,0.2577,0.2467,0.2571,0.2998,0.5924,5.1723
44200000,255630395,286161,6,22,0,0,0,0.2512,0.2502,0.2732,0.2555,0.2545,0.2598,0.2511,0.2707,0.2457,0.5843,0.6165,0.2632,0.2342,0.2910,0.2848,0.5922,5.1784
44400000,256443133,286679,6,22,0,0,0,0.2436,0.2367,0.2527,0.2306,0.2514,0.2471,0.2379,0.2601,0.2493,0.6074,0.6398,0.2327,0.2421,0.2438,0.2893,0.5935,5.0581
44600000,257319911,287215,7,22,0,1,1,0.2382,0.2273,0.2336,0.2268,0.2316,0.2267,0.2296,0.2509,0.2525,0.5387,0.5687,0.2337,0.2491,0.2212,0.2969,0.5932,4.8187
44800000,258102861,287738,7,22,0,0,0,0.2441,0.2414,0.2539,0.2544,0.2296,0.2549,0.2281,0.2724,0.2555,0.6294,0.6580,0.2451,0.2439,0.2576,0.3036,0.5949,5.1668
45000000,258904127,288183,7,22,0,0,0,0.2546,0.2430,0.2538,0.2350,0.2352,0.2768,0.2557,0.2550,0.2433,0.6079,0.6364,0.2596,0.2276,0.2556,0.2779,0.5955,5.1130
45200000,259701362,288662,7,9,0,0,0,0.2328,0.2422,0.2700,0.2324,0.2426,0.2396,0.2394,0.2338,0.2321,0.5715,0.6044,0.2409,0.2310,0.2457,0.3038,0.5972,4.9595
45400000,260489282,289143,7,9,1,0,0,0.2505,0.2451,0.2808,0.2593,0.2481,0.2636,0.2382,0.2493,0.2448,0.6425,0.6764,0.2535,0.2441,0.2643,0.2917,0.5986,5.2507
45600000,261295167,289604,6,9,0,0,0,0.2402,0.2371,0.2478,0.2367,0.2420,0.2631,0.2297,0.2433,0.2465,0.5688,0.6027,0.2495,0.2479,0.2566,0.2466,0.5978,4.9563
45800000,262064655,290022,6,9,0,0,0,0.2476,0.2577,0.2537,0.2372,0.2351,0.2568,0.2289,0.2673,0.2514,0.6141,0.6468,0.2374,0.2348,0.2636,0.3039,0.5991,5.1355
46000000,262869517,290496,6,9,0,0,0,0.2561,0.2413,0.2511,0.2217,0.2438,0.2440,0.2418,0.2315,0.2449,0.5325,0.5636,0.2614,0.2384,0.2459,0.2675,0.6015,4.8870
46200000,263691022,291004,6,9,0,0,0,0.2491,0.2493,0.2438,0.2333,0.2434,0.2377,0.2322,0.2654,0.2519,0.5933,0.6246,0.2435,0.2373,0.2749,0.2846,0.6036,5.0678
46400000,264488508,291450,6,9,0,0,0,0.2535,0.2542,0.2767,0.2534,0.2617,0.2522,0.2369,0.2484,0.2701,0.6183,0.6518,0.2623,0.2471,0.2524,0.2677,0.6020,5.2086
46600000,265328855,291944,6,9,0,0,0,0.2421,0.2409,0.2521,0.2355,0.2395,0.2429,0.2351,0.2297,0.2659,0.6075,0.6399,0.2632,0.2332,0.2625,0.2782,0.6049,5.0730
46800000,266140404,292450,6,9,0,0,0,0.2587,0.2484,0.2589,0.2441,0.2399,0.2585,0.2440,0.2657,0.2366,0.6366,0.6693,0.2397,0.2392,0.2582,0.2861,0.6057,5.1896
47000000,266959981,292927,6,9,1,0,0,0.2432,0.2379,0.2569,0.2380,0.2493,0.2459,0.2296,0.2496,0.2553,0.5798,0.6124,0.2524,0.2418,0.2695,0.2683,0.6066,5.0367
47200000,267745767,293423,6,9,0,0,0,0.2486,0.2480,0.2579,0.2288,0.2416,0.2590,0.2390,0.2630,0.2686,0.5802,0.6122,0.2410,0.2718,0.2437,0.2908,0.6084,5.1028
47400000,268519318,293955,6,9,0,0,0,0.2718,0.2453,0.2570,0.2569,0.2557,0.2507,0.2136,0.2442,0.2661,0.5921,0.6223,0.2641,0.2410,0.2649,0.2656,0.6086,5.1200
47600000,269270023,294381,6,9,0,0,0,0.2612,0.2450,0.2688,0.2398,0.2363,0.2492,0.2492,0.2703,0.2477,0.6568,0.6883,0.2410,0.2575,0.2662,0.3066,0.6104,5.2943
47800000,270043387,294866,6,9,0,0,0,0.2528,0.2543,0.2715,0.2472,0.2414,0.2454,0.2535,0.2512,0.2599,0.5876,0.6169,0.2456,0.2430,0.2604,0.2709,0.6089,5.1105
48000000,270798400,295278,6,9,0,1,1,0.2588,0.2447,0.2628,0.2460,0.2330,0.2547,0.2459,0.2635,0.2632,0.6590,0.6888,0.2670,0.2526,0.2722,0.2874,0.6112,5.3109
48200000,271587482,295742,6,9,0,1,0,0.2394,0.2327,0.2477,0.2469,0.2237,0.2530,0.2382,0.2537,0.2513,0.6189,0.6501,0.2429,0.2470,0.2509,0.2822,0.6124,5.0909
48400000,272314379,296144,6,9,0,0,0,0.2551,0.2311,0.2843,0.2504,0.2344,0.2636,0.2509,0.2605,0.2759,0.6988,0.7272,0.2706,0.2286,0.3058,0.3067,0.6108,5.4546
48600000,273084094,296612,6,9,0,0,0,0.2607,0.2532,0.2659,0.2526,0.2409,0.2691,0.2218,0.2597,0.2608,0.6371,0.6710,0.2498,0.2625,0.2709,0.2874,0.6140,5.2775
48800000,273857813,297030,6,9,0,0,0,0.2425,0.2483,0.2803,0.2398,0.2425,0.2512,0.2413,0.2523,0.2470,0.6316,0.6652,0.2506,0.2445,0.2502,0.2675,0.6153,5.1702
49000000,274658021,297462,6,9,0,0,0,0.2427,0.2403,0.2597,0.2298,0.2292,0.2550,0.2375,0.2570,0.2552,0.6442,0.6795,0.2529,0.2627,0.2364,0.2761,0.6159,5.1741
49200000,275389683,297818,6,9,0,0,0,0.2460,0.2351,0.2857,0.2544,0.2670,0.2718,0.2476,0.2596,0.2577,0.6567,0.6884,0.2697,0.2631,0.2678,0.3004,0.6170,5.3884
49400000,276168510,298249,6,9,0,0,0,0.2522,0.2384,0.2617,0.2421,0.2382,0.2752,0.2473,0.2654,0.2654,0.5941,0.6266,0.2526,0.2370,0.2603,0.2710,0.6178,5.1452
49600000,276941970,298707,6,9,0,0,0,0.2478,0.2485,0.2603,0.2338,0.2410,0.2452,0.2509,0.2434,0.2494,0.5639,0.5946,0.2455,0.2282,0.2566,0.2825,0.6175,5.0090
49800000,277716706,299113,5,9,0,0,0,0.2650,0.2331,0.2447,0.2402,0.2529,0.2608,0.2269,0.2514,0.2554,0.6127,0.6456,0.2741,0.2543,0.2705,0.2852,0.6181,5.1910
50000000,278464934,299544,5,9,0,0,0,0.2440,0.2368,0.2545,0.2501,0.2551,0.2570,0.2314,0.2577,0.2725,0.5934,0.6252,0.2672,0.2597,0.2702,0.2691,0.6194,5.1633
50200000,279174317,299973,6,9,0,0,1,0.2554,0.2522,0.2690,0.2500,0.2557,0.2603,0.2303,0.2627,0.2782,0.6758,0.7098,0.2539,0.2490,0.2679,0.2806,0.6191,5.3700
50400000,279922362,300337,6,9,0,0,0,0.2552,0.2428,0.2589,0.2351,0.2374,0.2542,0.2222,0.2713,0.2512,0.6255,0.6584,0.2529,0.2573,0.2603,0.2700,0.6231,5.1757
50600000,280684840,300767,6,9,0,0,0,0.2583,0.2476,0.2501,0.2376,0.2361,0.2504,0.2466,0.2643,0.2529,0.6407,0.6745,0.2419,0.2401,0.2590,0.2723,0.6219,5.1943
50800000,281407867,301177,7,9,0,0,0,0.2580,0.2467,0.2778,0.2440,0.2552,0.2732,0.2559,0.2772,0.2471,0.6328,0.6661,0.2467,0.2429,0.2487,0.2989,0.6234,5.2945
51000000,282149750,301577,7,9,0,0,0,0.2585,0.2405,0.2538,0.2323,0.2469,0.2695,0.2545,0.2618,0.2580,0.6319,0.6640,0.2604,0.2630,0.2711,0.2959,0.6228,5.2850
51200000,282871739,302012,7,9,0,0,0,0.2503,0.2595,0.2467,0.2501,0.2597,0.2699,0.2472,0.2692,0.2730,0.6434,0.6767,0.2802,0.2483,0.2643,0.2925,0.6249,5.3558
51400000,283591601,302474,8,9,0,0,2,0.2553,0.2388,0.2888,0.2432,0.2524,0.2653,0.2341,0.2769,0.2694,0.6758,0.7070,0.2774,0.2653,0.2665,0.2849,0.6260,5.4271
51600000,284348208,302882,9,9,0,1,2,0.2596,0.2443,0.2690,0.2504,0.2543,0.2583,0.2390,0.2635,0.2730,0.6233,0.6563,0.2686,0.2367,0.2739,0.2789,0.6270,5.2761
51800000,285105495,303315,9,9,0,0,22,0.2500,0.2526,0.2643,0.2417,0.2421,0.2624,0.2360,0.2753,0.2494,0.6285,0.6617,0.2541,0.2576,0.2844,0.2863,0.6276,5.2741
52000000,285823967,303763,8,9,0,0,0,0.2539,0.2596,0.2686,0.2591,0.2546,0.2742,0.2473,0.2710,0.2636,0.6634,0.6959,0.2508,0.2820,0.2629,0.3063,0.6293,5.4427
52200000,286578679,304198,10,9,0,0,0,0.2561,0.2426,0.2482,0.2485,0.2424,0.2668,0.2326,0.2616,0.2731,0.6295,0.6636,0.2482,0.2433,0.2658,0.2843,0.6275,5.2341
52400000,287349829,304648,10,9,1,0,14,0.2530,0.2522,0.2700,0.2437,0.2451,0.2519,0.2358,0.2712,0.2461,0.5812,0.6125,0.2727,0.2523,0.2451,0.2578,0.6323,5.1230
52600000,288035757,304974,8,9,0,0,0,0.2643,0.2657,0.2854,0.2395,0.2807,0.2969,0.2443,0.2616,0.2839,0.6914,0.7249,0.2670,0.2717,0.2657,0.2889,0.6299,5.5620
52800000,288841783,305303,8,9,0,0,0,0.2462,0.2429,0.2512,0.2507,0.2455,0.2653,0.2369,0.2649,0.2500,0.6452,0.6798,0.2616,0.2543,0.2408,0.2924,0.6324,5.2599
53000000,289581016,305712,8,9,0,0,0,0.2634,0.2701,0.2519,0.2424,0.2531,0.2709,0.2339,0.2735,0.2666,0.5981,0.6316,0.2636,0.2573,0.2754,0.3018,0.6329,5.2864
53200000,290325272,306144,8,9,0,0,2,0.2653,0.2515,0.2731,0.2353,0.2449,0.2961,0.2509,0.2691,0.2695,0.6209,0.6565,0.2482,0.2660,0.2737,0.2827,0.6312,5.3349
53400000,291034149,306482,9,9,0,0,0,0.2570,0.2426,0.2696,0.2485,0.2553,0.2655,0.2625,0.2549,0.2606,0.6589,0.6915,0.2642,0.2463,0.2560,0.2904,0.6354,5.3592
53600000,291765635,306890,9,9,0,0,0,0.2625,0.2564,0.2842,0.2437,0.2644,0.2553,0.2332,0.2687,0.2874,0.5900,0.6236,0.2883,0.2608,0.2739,0.3008,0.6347,5.3280
53800000,292496925,307245,9,9,0,0,0,0.2480,0.2369,0.2707,0.2488,0.2486,0.2894,0.2400,0.2792,0.2699,0.6690,0.7016,0.2611,0.2304,0.2730,0.2999,0.6363,5.4027
54000000,293190763,307559,9,9,0,0,2,0.2738,0.2551,0.2882,0.2635,0.2632,0.2918,0.2535,0.2766,0.2704,0.6680,0.7022,0.2637,0.2756,0.2825,0.3060,0.6368,5.5710
54200000,293894096,307898,9,9,0,0,2,0.2565,0.2558,0.2926,0.2621,0.2572,0.2730,0.2730,0.2918,0.2847,0.6317,0.6686,0.2732,0.2582,0.2754,0.2871,0.6378,5.4788
54400000,294577511,308240,8,9,0,0,0,0.2672,0.2447,0.2741,0.2477,0.2621,0.2593,0.2503,0.2867,0.2894,0.6941,0.7249,0.2566,0.2586,0.2740,0.3063,0.6365,5.5324
54600000,295286229,308578,8,9,1,0,16,0.2707,0.2570,0.2791,0.2478,0.2571,0.2727,0.2514,0.2928,0.2584,0.6218,0.6540,0.2865,0.2581,0.2715,0.3008,0.6381,5.4178
54800000,296012807,308972,10,9,0,0,37,0.2502,0.2542,0.2613,0.2383,0.2441,0.2745,0.2431,0.2840,0.2699,0.6395,0.6742,0.2654,0.2537,0.2585,0.2774,0.6413,5.3294
55000000,296701357,309400,11,9,1,0,22,0.2635,0.2457,0.2618,0.2675,0.2629,0.2863,0.2459,0.2845,0.2902,0.6397,0.6708,0.2608,0.2498,0.2715,0.3020,0.6393,5.4421
55200000,297402295,309699,10,9,0,0,18,0.2633,0.2491,0.2759,0.2496,0.2540,0.2852,0.2738,0.2562,0.2711,0.6820,0.7162,0.2553,0.2655,0.2674,0.3276,0.6405,5.5327
55400000,298073206,310007,10,9,0,0,0,0.2647,0.2423,0.2622,0.2568,0.2573,0.2635,0.2435,0.2661,0.2947,0.6739,0.7052,0.2693,0.2591,0.2692,0.2785,0.6426,5.4489
55600000,298812326,310375,9,9,0,0,0,0.2512,0.2400,0.2658,0.2491,0.2552,0.2372,0.2569,0.2655,0.2747,0.6174,0.6493,0.2608,0.2595,0.2571,0.2742,0.6441,5.2582
55800000,299464684,310656,9,9,0,1,0,0.2659,0.2675,0.2781,0.2578,0.2593,0.3132,0.2619,0.2710,0.2976,0.7202,0.7539,0.2711,0.2881,0.2843,0.3013,0.6429,5.7342
56000000,300227228,311075,10,9,1,0,29,0.2585,0.2293,0.2529,0.2444,0.2466,0.2533,0.2612,0.2644,0.2594,0.5818,0.6163,0.2558,0.2496,0.2760,0.2778,0.6447,5.1718
56200000,300953108,311459,12,9,0,0,8,0.2661,0.2473,0.2604,0.2580,0.2564,0.2712,0.2579,0.2889,0.2414,0.6108,0.6442,0.2590,0.2742,0.2874,0.2750,0.6409,5.3391
56400000,301649035,311877,12,9,0,0,0,0.2755,0.2630,0.2727,0.2552,0.2620,0.2650,0.2595,0.2594,0.2825,0.5988,0.6313,0.2620,0.2785,0.2712,0.2784,0.6467,5.3618
56600000,302386322,312228,10,9,0,0,1,0.2633,0.2408,0.2753,0.2433,0.2477,0.2788,0.2474,0.2522,0.2508,0.6067,0.6438,0.2537,0.2559,0.2699,0.2764,0.6467,5.2528
56800000,303070147,312495,11,9,1,0,1,0.2614,0.2393,0.2606,0.2627,0.2524,0.2805,0.2714,0.2773,0.2668,0.6655,0.6990,0.2697,0.2548,0.2632,0.2911,0.6481,5.4636
57000000,303760071,312903,11,9,0,0,0,0.2623,0.2637,0.2686,0.2559,0.2681,0.2722,0.2654,0.2820,0.2730,0.6781,0.7121,0.2830,0.2705,0.2680,0.3048,0.6489,5.5766
57200000,304433627,313219,11,9,0,1,0,0.2568,0.2407,0.2654,0.2547,0.2500,0.2603,0.2430,0.2912,0.2654,0.7031,0.7353,0.2668,0.2700,0.2693,0.2991,0.6494,5.5206
57400000,305157839,313546,11,9,0,0,1,0.2644,0.2515,0.2733,0.2587,0.2621,0.2643,0.2657,0.2976,0.2594,0.6216,0.6588,0.2483,0.2663,0.2620,0.2852,0.6501,5.3894
57600000,305903373,313871,10,9,0,0,2,0.2649,0.2464,0.2694,0.2371,0.2566,0.2632,0.2568,0.2571,0.2706,0.5865,0.6239,0.2544,0.2526,0.2648,0.2638,0.6486,5.2165
57800000,306603129,314235,8,6,0,0,0,0.2529,0.2379,0.2866,0.2372,0.2432,0.2551,0.2385,0.2468,0.2636,0.6471,0.6800,0.2640,0.2494,0.2677,0.2854,0.6479,5.3032
58000000,307279549,314542,9,6,0,0,0,0.2712,0.2686,0.2827,0.2537,0.2701,0.3066,0.2502,0.2839,0.2701,0.6683,0.7034,0.2792,0.2765,0.2904,0.3150,0.6526,5.6425
58200000,307897107,314833,9,6,0,0,0,0.2681,0.2584,0.2822,0.2563,0.2647,0.2713,0.2649,0.3045,0.2704,0.7694,0.8044,0.2769,0.2692,0.2744,0.2991,0.6515,5.7857
58400000,308617144,315164,9,6,0,0,0,0.2680,0.2603,0.2886,0.2461,0.2596,0.2485,0.2360,0.2840,0.2792,0.6292,0.6614,0.2578,0.2498,0.2634,0.2741,0.6518,5.3578
58600000,309299420,315580,9,6,0,0,0,0.2841,0.2585,0.2768,0.2661,0.2757,0.2644,0.2791,0.2767,0.2662,0.6115,0.6425,0.2671,0.2562,0.2743,0.3181,0.6529,5.4701
58800000,309989661,315899,8,6,0,1,0,0.2705,0.2623,0.2783,0.2657,0.2642,0.2909,0.2608,0.2828,0.2719,0.6646,0.7004,0.2681,0.2676,0.2789,0.3251,0.6539,5.6058
59000000,310686201,316180,8,6,0,0,0,0.2587,0.2620,0.2876,0.2540,0.2595,0.2878,0.2715,0.2681,0.2794,0.6565,0.6896,0.2567,0.2860,0.2712,0.2934,0.6567,5.5387
59200000,311422760,316462,8,6,0,0,0,0.2823,0.2514,0.2783,0.2565,0.2749,0.2758,0.2346,0.2862,0.2510,0.6049,0.6389,0.2771,0.2806,0.2727,0.3118,0.6553,5.4325
59400000,312116561,316815,8,6,0,0,0,0.2462,0.2486,0.2886,0.2276,0.2616,0.2758,0.2626,0.2919,0.2413,0.6797,0.7147,0.2590,0.2648,0.2627,0.2707,0.6568,5.4526
59600000,312787701,317197,8,6,0,0,0,0.2622,0.2503,0.2733,0.2451,0.2459,0.2733,0.2462,0.2686,0.2717,0.6925,0.7255,0.2537,0.2884,0.2775,0.2993,0.6564,5.5299
59800000,313469748,317528,8,6,0,0,0,0.2628,0.2542,0.2722,0.2588,0.2522,0.2654,0.2534,0.2783,0.2761,0.5931,0.6290,0.2906,0.2712,0.2633,0.3040,0.6576,5.3823
60000000,314125544,317806,8,6,0,0,0,0.2795,0.2695,0.2763,0.2580,0.2649,0.2879,0.2633,0.2974,0.2972,0.6965,0.7285,0.2695,0.2572,0.2793,0.2889,0.6586,5.6725
60200000,314807472,318155,9,6,0,0,0,0.2584,0.2628,0.2729,0.2502,0.2628,0.2600,0.2331,0.2710,0.2818,0.6009,0.6361,0.2727,0.2683,0.3256,0.3133,0.6564,5.4265
60400000,315481530,318427,9,6,0,0,2,0.2698,0.2596,0.2688,0.2568,0.2554,0.2897,0.2594,0.2723,0.2862,0.6727,0.7072,0.2613,0.2635,0.2707,0.3017,0.6582,5.5532
60600000,316166626,318741,8,6,0,0,0,0.2700,0.2558,0.3007,0.2635,0.2768,0.2805,0.2558,0.2823,0.2514,0.6578,0.6862,0.2696,0.2645,0.2932,0.3186,0.6593,5.5859
60800000,316765528,319006,8,6,0,0,0,0.2746,0.2772,0.2934,0.2710,0.2666,0.2786,0.2550,0.2980,0.3023,0.7353,0.7714,0.2815,0.2846,0.2909,0.3167,0.6590,5.8560
61000000,317422444,319317,7,6,0,1,0,0.2559,0.2495,0.2784,0.2417,0.2642,0.2602,0.2556,0.2867,0.2685,0.7362,0.7675,0.2763,0.2505,0.2640,0.3135,0.6608,5.6295
61200000,318021684,319604,7,6,0,0,0,0.2754,0.2705,0.2772,0.2613,0.2535,0.2823,0.2565,0.2936,0.2788,0.7514,0.7856,0.2948,0.2750,0.3114,0.3131,0.6619,5.8423
61400000,318634551,319889,10,6,0,0,0,0.2703,0.2334,0.2649,0.2538,0.2677,0.3090,0.2500,0.2701,0.2847,0.7287,0.7668,0.2812,0.2889,0.3000,0.3101,0.6643,5.7437
61600000,319330390,320195,10,6,0,0,0,0.2587,0.2515,0.2664,0.2415,0.2450,0.2642,0.2465,0.2743,0.2536,0.6430,0.6781,0.2634,0.2608,0.2533,0.2580,0.6623,5.3205
61800000,319949314,320459,10,6,0,0,0,0.2897,0.2756,0.2912,0.2603,0.2744,0.2792,0.2746,0.2704,0.2735,0.6580,0.6908,0.2756,0.2376,0.2988,0.2950,0.6649,5.6098
62000000,320625886,320754,10,6,0,0,0,0.2549,0.2479,0.2749,0.2401,0.2493,0.2715,0.2555,0.2647,0.2652,0.6900,0.7235,0.2680,0.2469,0.2546,0.3006,0.6639,5.4716
62200000,321283232,321091,10,6,0,0,0,0.2695,0.2670,0.2972,0.2603,0.2983,0.2717,0.2676,0.2949,0.2932,0.6837,0.7141,0.2638,0.2690,0.2624,0.3062,0.6639,5.6829
62400000,321945464,321419,10,6,0,0,0,0.2663,0.2659,0.2866,0.2608,0.2767,0.2759,0.2406,0.2824,0.3243,0.6909,0.7262,0.2740,0.2550,0.2781,0.3102,0.6661,5.6800
62600000,322594954,321707,9,6,0,0,0,0.2621,0.2498,0.2799,0.2580,0.2737,0.2721,0.2492,0.2705,0.2665,0.6894,0.7254,0.2718,0.2659,0.2903,0.3086,0.6672,5.6004
62800000,323249124,321978,9,6,0,0,0,0.2818,0.2747,0.2682,0.2663,0.2733,0.2752,0.2616,0.2950,0.2739,0.6345,0.6669,0.2892,0.2501,0.2859,0.2792,0.6642,5.5399
63000000,323873004,322268,8,6,0,0,0,0.2740,0.2772,0.2986,0.2584,0.2638,0.2745,0.2455,0.2720,0.2782,0.7167,0.7499,0.2551,0.2539,0.2731,0.3277,0.6649,5.6837
63200000,324574459,322473,8,6,0,0,0,0.2540,0.2451,0.2620,0.2486,0.2563,0.2663,0.2405,0.2460,0.2716,0.6422,0.6766,0.2571,0.2619,0.2630,0.2712,0.6675,5.3300
63400000,325248910,322830,8,6,0,0,0,0.2660,0.2810,0.2888,0.2516,0.2616,0.2815,0.2499,0.2752,0.2738,0.6465,0.6813,0.2804,0.2628,0.2957,0.3275,0.6683,5.5918
63600000,325930541,323166,8,6,0,0,0,0.2599,0.2678,0.2692,0.2391,0.2376,0.2752,0.2329,0.2762,0.2646,0.6797,0.7111,0.2496,0.2631,0.2569,0.2931,0.6695,5.4455
63800000,326557781,323433,8,6,0,0,0,0.2875,0.2799,0.2793,0.2617,0.2685,0.2965,0.2695,0.2796,0.2651,0.6620,0.6934,0.2754,0.2793,0.2865,0.3076,0.6699,5.6616
64000000,327180148,323718,10,13,0,0,2,0.2875,0.2807,0.2780,0.2645,0.2821,0.2986,0.2494,0.2826,0.2834,0.7009,0.7332,0.2727,0.2629,0.2957,0.3244,0.6691,5.7658
64200000,327820977,323999,11,13,0,0,3,0.2692,0.2412,0.2679,0.2547,0.2679,0.2708,0.2592,0.2977,0.2934,0.7111,0.7434,0.2757,0.2644,0.2727,0.2787,0.6710,5.6389
64400000,328459512,324252,11,13,0,0,1,0.2671,0.2764,0.2678,0.2653,0.2593,0.2865,0.2574,0.2719,0.2816,0.7062,0.7392,0.2634,0.2980,0.2907,0.3126,0.6723,5.7158
64600000,329102163,324486,11,13,0,0,1,0.2789,0.2627,0.2867,0.2456,0.2536,0.2779,0.2574,0.2777,0.2869,0.6616,0.6953,0.2893,0.2693,0.2802,0.2979,0.6715,5.5925
64800000,329778127,324762,11,13,0,0,0,0.2519,0.2511,0.2594,0.2499,0.2517,0.2756,0.2427,0.2938,0.2605,0.6127,0.6454,0.2636,0.2625,0.2683,0.3079,0.6701,5.3672
65000000,330372443,325010,11,13,0,0,0,0.2795,0.2552,0.2955,0.2687,0.2881,0.2861,0.2614,0.3148,0.2916,0.6712,0.7036,0.2967,0.2597,0.3002,0.3133,0.6706,5.7561
65200000,331002477,325321,11,13,0,0,0,0.2738,0.2702,0.2832,0.2710,0.2588,0.2934,0.2720,0.2947,0.2732,0.6651,0.6964,0.2805,0.2661,0.2783,0.3111,0.6735,5.6613
65400000,331661732,325561,12,13,0,0,0,0.2651,0.2694,0.2804,0.2389,0.2585,0.2655,0.2372,0.2727,0.2867,0.6591,0.6928,0.2489,0.2588,0.2693,0.2730,0.6749,5.4512
65600000,332283755,325835,11,13,0,0,0,0.2995,0.2822,0.2970,0.2445,0.2634,0.2798,0.2514,0.2876,0.2878,0.6650,0.7013,0.2735,0.2811,0.2731,0.3160,0.6742,5.6773
65800000,332888625,326130,12,13,0,0,0,0.2764,0.2780,0.3030,0.2571,0.2774,0.2915,0.2821,0.2822,0.3004,0.7161,0.7486,0.2881,0.2549,0.3031,0.3612,0.6738,5.8940
66000000,333526620,326322,13,13,0,0,0,0.2686,0.2727,0.2806,0.2825,0.2892,0.2844,0.2529,0.2873,0.2784,0.6649,0.7004,0.2577,0.2597,0.2869,0.3063,0.6769,5.6493
66200000,334098852,326524,14,13,1,0,0,0.2725,0.2810,0.3013,0.2583,0.2674,0.2964,0.2640,0.2960,0.3014,0.7860,0.8167,0.2825,0.2753,0.2950,0.3377,0.6768,6.0084
66400000,334734116,326781,15,13,0,0,1,0.2712,0.2957,0.2721,0.2603,0.2734,0.2634,0.2581,0.2947,0.2754,0.7326,0.7643,0.2821,0.2874,0.2733,0.3179,0.6764,5.7982
66600000,335366909,326986,14,13,0,0,0,0.2929,0.2668,0.2995,0.2938,0.2807,0.2931,0.2771,0.2632,0.2758,0.6703,0.7013,0.2718,0.2779,0.3005,0.3292,0.6772,5.7712
66800000,336018396,327215,14,14,0,0,2,0.2887,0.2669,0.2792,0.2737,0.2792,0.2748,0.2449,0.2995,0.2575,0.6397,0.6733,0.2977,0.2830,0.2831,0.3180,0.6761,5.6352
67000000,336626625,327423,14,14,0,0,0,0.2760,0.2752,0.2835,0.2727,0.2653,0.2784,0.2724,0.2996,0.2941,0.7223,0.7553,0.2752,0.2496,0.2650,0.3130,0.6797,5.7773
67200000,337256362,327641,15,14,0,0,0,0.2680,0.2626,0.2680,0.2596,0.2587,0.2814,0.2566,0.2855,0.2743,0.6787,0.7134,0.2829,0.2829,0.2700,0.2962,0.6789,5.6176
67400000,337890953,327981,16,14,0,0,3,0.2589,0.2439,0.2861,0.2546,0.2501,0.2720,0.2538,0.2659,0.2711,0.6731,0.7085,0.2655,0.2721,0.2857,0.2975,0.6788,5.5376
67600000,338513880,328216,16,14,0,0,2,0.2788,0.2656,0.2824,0.2632,0.2792,0.2879,0.2581,0.2861,0.2669,0.6775,0.7097,0.2541,0.2906,0.2703,0.3043,0.6798,5.6543
67800000,339106227,328455,17,14,0,0,71,0.2689,0.2479,0.2876,0.2677,0.2700,0.2776,0.2510,0.2890,0.2775,0.7140,0.7506,0.2809,0.2663,0.3122,0.3246,0.6794,5.7651
68000000,339760104,328682,16,8,1,0,4,0.2745,0.2782,0.3012,0.2636,0.2885,0.2851,0.2526,0.2992,0.2859,0.6397,0.6691,0.2790,0.2852,0.2803,0.3188,0.6808,5.6817
68200000,340348573,328823,17,9,0,0,35,0.2818,0.2779,0.2864,0.2626,0.2781,0.2910,0.2791,0.2969,0.2849,0.7487,0.7840,0.2878,0.2759,0.3031,0.3178,0.6833,5.9392
68400000,340964753,329003,18,9,0,0,35,0.2704,0.2482,0.2951,0.2558,0.2696,0.2805,0.2552,0.3096,0.2897,0.6972,0.7300,0.2710,0.2738,0.2939,0.3294,0.6805,5.7497
68600000,341563395,329290,18,9,0,1,42,0.2745,0.2639,0.2952,0.2858,0.2686,0.2991,0.2604,0.2880,0.3036,0.7020,0.7339,0.2917,0.2876,0.2952,0.3184,0.6823,5.8501
68800000,342171371,329521,19,9,0,1,43,0.2807,0.2650,0.2945,0.2648,0.2730,0.2644,0.2701,0.3077,0.2841,0.6432,0.6753,0.2639,0.2720,0.2890,0.3056,0.6820,5.6353
69000000,342805233,329751,19,9,0,0,74,0.2710,0.2605,0.2560,0.2685,0.2630,0.2699,0.2537,0.2805,0.2734,0.6736,0.7058,0.2664,0.2494,0.2914,0.3168,0.6826,5.5826
69200000,343447783,330079,20,9,1,1,36,0.2712,0.2627,0.2714,0.2568,0.2653,0.2782,0.2638,0.2909,0.2796,0.6510,0.6832,0.2652,0.2892,0.2660,0.3191,0.6842,5.5979
69400000,344096134,330393,21,9,0,0,0,0.2815,0.2571,0.2897,0.2453,0.2586,0.2841,0.2619,0.2913,0.2831,0.6672,0.7031,0.2795,0.2602,0.2770,0.3329,0.6845,5.6571
69600000,344681964,330617,20,9,0,1,0,0.2811,0.3001,0.3083,0.2576,0.2792,0.2776,0.2619,0.2930,0.2687,0.7924,0.8280,0.2766,0.2850,0.2752,0.3274,0.6842,5.9964
69800000,345294350,330868,19,9,0,0,39,0.2681,0.2698,0.3051,0.2834,0.2935,0.2886,0.2597,0.2822,0.2862,0.7245,0.7581,0.2712,0.2814,0.2686,0.3072,0.6864,5.8341
70000000,345958948,331118,17,9,0,2,1,0.2643,0.2633,0.2911,0.2607,0.2606,0.2882,0.2378,0.2751,0.2727,0.6986,0.7333,0.2788,0.2711,0.2701,0.2810,0.6835,5.6303
70200000,346543819,331353,17,9,0,0,71,0.2860,0.2936,0.3166,0.2881,0.2768,0.2998,0.2818,0.2952,0.3009,0.6866,0.7200,0.2809,0.2649,0.2775,0.3327,0.6865,5.8880
70400000,347191960,331640,17,9,0,0,37,0.2780,0.2552,0.2555,0.2709,0.2699,0.2653,0.2493,0.2889,0.2789,0.6546,0.6897,0.2923,0.2701,0.2874,0.3066,0.6880,5.6003
70600000,347716766,331856,16,8,1,0,59,0.2744,0.2623,0.2905,0.2756,0.2768,0.2674,0.2647,0.2867,0.2815,0.7420,0.7746,0.2968,0.2913,0.3083,0.3359,0.6885,5.9173
70800000,348277399,332054,16,8,1,0,0,0.3043,0.2729,0.2934,0.2705,0.2735,0.2928,0.2811,0.3171,0.2722,0.7595,0.7925,0.2944,0.3007,0.3206,0.3026,0.6864,6.0347
71000000,348909024,332285,15,9,1,0,3,0.2785,0.2712,0.3020,0.2602,0.2696,0.2851,0.2585,0.2832,0.2773,0.6458,0.6810,0.2844,0.2730,0.2851,0.3219,0.6872,5.6640
71200000,349507158,332547,15,9,1,0,21,0.2763,0.2627,0.2737,0.2570,0.2601,0.3090,0.2636,0.2768,0.2742,0.7163,0.7475,0.3001,0.2733,0.2881,0.2978,0.6882,5.7649
71400000,350187192,332807,16,9,0,1,3,0.2768,0.2861,0.2682,0.2777,0.2613,0.2638,0.2842,0.2772,0.2831,0.6421,0.6765,0.2644,0.2678,0.2746,0.2856,0.6905,5.5801
71600000,350728722,333005,16,9,1,0,13,0.2896,0.2645,0.3023,0.2716,0.2691,0.3078,0.2717,0.2897,0.2873,0.7365,0.7688,0.3041,0.2832,0.2967,0.3120,0.6907,5.9456
71800000,351321535,333203,16,9,0,0,1,0.2953,0.2653,0.2860,0.2644,0.2767,0.2754,0.2584,0.2913,0.2949,0.6929,0.7234,0.2964,0.2747,0.2673,0.3148,0.6894,5.7666
72000000,351980859,333428,13,8,1,2,4,0.2753,0.2614,0.2807,0.2616,0.2738,0.2873,0.2374,0.2906,0.2632,0.6617,0.6972,0.2741,0.2616,0.2615,0.2886,0.6929,5.5688
72200000,352539776,333613,13,8,0,0,0,0.2742,0.2498,0.2914,0.2571,0.2782,0.3015,0.2454,0.3403,0.2806,0.7458,0.7787,0.2679,0.2760,0.3154,0.3207,0.6911,5.9140
72400000,353114521,333798,13,8,0,0,0,0.2607,0.2576,0.2818,0.2504,0.2708,0.2868,0.2622,0.2974,0.2700,0.7620,0.7967,0.3006,0.2692,0.2811,0.3037,0.6899,5.8410
72600000,353655566,334053,12,8,0,0,0,0.2994,0.2904,0.2920,0.2752,0.3008,0.2869,0.2842,0.3022,0.2898,0.6800,0.7099,0.3066,0.2840,0.2970,0.3554,0.6911,5.9449
72800000,354241066,334342,13,8,0,0,1,0.2818,0.2938,0.2990,0.2750,0.2636,0.2932,0.2858,0.2808,0.3006,0.6795,0.7147,0.2912,0.2830,0.2858,0.3069,0.6930,5.8278
73000000,354849989,334606,13,8,0,0,0,0.2949,0.2652,0.3057,0.2729,0.2875,0.2800,0.2765,0.2983,0.2921,0.7002,0.7385,0.2809,0.2809,0.2749,0.3069,0.6943,5.8497
73200000,355480671,334794,13,8,0,0,0,0.2639,0.2740,0.2745,0.2692,0.2761,0.2730,0.2586,0.3041,0.2724,0.6883,0.7248,0.2855,0.2823,0.2632,0.3157,0.6945,5.7200
73400000,356080638,334995,14,9,0,0,1,0.2841,0.2947,0.2746,0.2695,0.2682,0.2964,0.2601,0.2779,0.2789,0.7348,0.7657,0.2838,0.2657,0.2745,0.3072,0.6937,5.8298
73600000,356601282,335135,13,10,0,0,0,0.3034,0.3044,0.2971,0.2846,0.2551,0.3149,0.2881,0.3271,0.3181,0.7720,0.8070,0.3201,0.2902,0.3093,0.3381,0.6950,6.2245
73800000,357238633,335395,14,10,0,1,1,0.2788,0.2700,0.2759,0.2541,0.2569,0.2833,0.2895,0.2720,0.3037,0.6845,0.7173,0.2830,0.2635,0.2970,0.3162,0.6952,5.7409
74000000,357780382,335541,16,10,0,1,73,0.2859,0.2818,0.2850,0.2644,0.2774,0.2887,0.2673,0.2925,0.2884,0.7535,0.7868,0.2647,0.2936,0.3061,0.3376,0.6944,5.9681
74200000,358391620,335836,15,10,0,0,8,0.2641,0.2663,0.2921,0.2655,0.2600,0.2758,0.2658,0.2721,0.2999,0.6984,0.7345,0.2642,0.2805,0.3068,0.3106,0.6950,5.7517
74400000,358997655,336131,14,10,0,0,33,0.2695,0.2929,0.2889,0.2667,0.2769,0.2714,0.2479,0.2977,0.2769,0.6533,0.6887,0.2980,0.2610,0.3044,0.3207,0.6967,5.7118
74600000,359630446,336366,14,11,0,0,0,0.2904,0.2652,0.2986,0.2760,0.2686,0.2829,0.2569,0.2824,0.2773,0.6537,0.6866,0.2870,0.2698,0.2993,0.3273,0.6969,5.7189
74800000,360235069,336636,15,11,0,1,44,0.2771,0.2852,0.3039,0.2660,0.2696,0.3011,0.2824,0.2627,0.3001,0.7001,0.7347,0.3204,0.2846,0.2866,0.3223,0.6948,5.8913
75000000,360803049,336838,14,11,0,0,0,0.2849,0.2581,0.2760,0.2701,0.2736,0.2889,0.2664,0.3031,0.2940,0.6983,0.7336,0.3076,0.2835,0.3085,0.3089,0.6983,5.8537
75200000,361375767,337050,15,11,0,0,0,0.2852,0.2768,0.2830,0.2748,0.2872,0.2901,0.2698,0.2936,0.2912,0.6890,0.7232,0.2772,0.2902,0.3060,0.3344,0.6989,5.8707
75400000,361983102,337305,15,11,0,0,0,0.2666,0.2643,0.3252,0.2575,0.2697,0.2927,0.2591,0.2900,0.2828,0.6763,0.7095,0.2833,0.2937,0.2978,0.3475,0.6994,5.8156
75600000,362537914,337534,16,11,1,0,5,0.2644,0.2796,0.2917,0.2623,0.2689,0.2927,0.2617,0.2961,0.2801,0.6892,0.7237,0.2742,0.2843,0.2989,0.3095,0.7006,5.7779
75800000,363120581,337730,17,11,0,0,1,0.2677,0.2657,0.2789,0.2625,0.2818,0.2707,0.2637,0.2837,0.3027,0.7613,0.7947,0.2965,0.3047,0.2884,0.3302,0.6992,5.9524
76000000,363688328,337919,17,11,0,0,1,0.2793,0.2746,0.2766,0.2525,0.2788,0.2932,0.2709,0.2997,0.2970,0.6877,0.7207,0.2912,0.2841,0.2950,0.3205,0.7001,5.8217
76200000,364299498,338127,17,11,0,0,0,0.2806,0.2907,0.2879,0.2697,0.2792,0.2757,0.2662,0.2842,0.2737,0.7076,0.7435,0.2911,0.2743,0.2759,0.3169,0.6998,5.8169
76400000,364908402,338332,17,11,0,0,3,0.2814,0.2898,0.2898,0.2693,0.2754,0.3053,0.2671,0.2891,0.3006,0.6908,0.7257,0.3084,0.2570,0.2948,0.3207,0.7007,5.8660
76600000,365518093,338519,15,11,1,0,1,0.2845,0.2836,0.3109,0.2882,0.2669,0.3089,0.2600,0.2882,0.2939,0.6783,0.7154,0.2890,0.2751,0.2930,0.3260,0.7023,5.8642
76800000,366062395,338706,15,12,0,2,4,0.2913,0.2709,0.3074,0.2770,0.2693,0.2810,0.2670,0.2984,0.2945,0.6974,0.7315,0.2804,0.2742,0.2997,0.3116,0.7028,5.8544
77000000,366636567,338863,15,12,0,0,0,0.2779,0.2875,0.2807,0.2703,0.2819,0.3000,0.2650,0.2841,0.2807,0.7027,0.7377,0.2850,0.3080,0.2946,0.3124,0.7031,5.8717
77200000,367185868,339056,15,12,1,0,0,0.2727,0.2695,0.2844,0.2671,0.2577,0.3036,0.2688,0.3036,0.2923,0.7165,0.7546,0.3021,0.2779,0.2993,0.3468,0.7019,5.9189
77400000,367772908,339247,15,9,2,0,1,0.2688,0.2683,0.2996,0.2711,0.2621,0.3012,0.2623,0.3458,0.2964,0.7322,0.7660,0.2965,0.2560,0.2944,0.3396,0.7053,5.9653
77600000,368302458,339399,16,9,1,0,3,0.2901,0.2483,0.3105,0.2914,0.2849,0.2969,0.2814,0.3004,0.3055,0.7793,0.8131,0.2970,0.2894,0.3054,0.3447,0.7026,6.1410
77800000,368930653,339628,15,9,0,0,0,0.2713,0.2700,0.2868,0.2660,0.2747,0.2993,0.2709,0.2846,0.2843,0.6700,0.7026,0.2823,0.2747,0.2881,0.2967,0.7049,5.7272
78000000,369420520,339836,16,9,0,0,3,0.2942,0.2742,0.2962,0.2585,0.2874,0.3240,0.2676,0.3117,0.2910,0.7785,0.8119,0.2788,0.3019,0.3135,0.3288,0.7045,6.1227
78200000,370078464,340065,17,10,0,0,1,0.2715,0.2607,0.2832,0.2705,0.2645,0.2855,0.2445,0.2901,0.2946,0.6447,0.6817,0.2672,0.2855,0.3012,0.2809,0.7040,5.6302
78400000,370685959,340254,17,10,0,0,0,0.2770,0.2640,0.2879,0.2696,0.2547,0.2652,0.2448,0.2819,0.2908,0.6842,0.7210,0.3035,0.2733,0.2992,0.3351,0.7059,5.7581
78600000,371226913,340436,18,10,0,0,0,0.2796,0.2642,0.3121,0.2901,0.2670,0.2921,0.2787,0.2892,0.3031,0.7496,0.7853,0.2982,0.2846,0.3137,0.3339,0.7050,6.0464
78800000,371751086,340574,19,10,1,0,20,0.2803,0.2845,0.3020,0.2858,0.2917,0.2990,0.2647,0.2972,0.3379,0.7881,0.8234,0.3005,0.3112,0.2924,0.3375,0.7066,6.2030
79000000,372365684,340750,16,6,0,0,3,0.2817,0.2815,0.2774,0.2843,0.2710,0.3010,0.2580,0.2864,0.2790,0.7024,0.7403,0.2965,0.2824,0.2936,0.3173,0.7049,5.8577
79200000,372892749,340944,17,7,1,0,82,0.2779,0.2788,0.3012,0.2708,0.2983,0.2965,0.2878,0.3018,0.2838,0.7373,0.7677,0.2992,0.2892,0.3066,0.3350,0.7069,6.0390
79400000,373477042,341154,17,8,0,0,39,0.2697,0.2616,0.2999,0.2551,0.2549,0.2819,0.2638,0.3038,0.2957,0.7018,0.7361,0.2910,0.2860,0.2840,0.3055,0.7075,5.7982
79600000,374020781,341369,18,8,0,0,44,0.2902,0.2757,0.2978,0.2718,0.2723,0.3018,0.2950,0.2936,0.3036,0.7354,0.7697,0.2850,0.3209,0.2980,0.3481,0.7057,6.0645
79800000,374587331,341570,16,8,1,1,13,0.2764,0.2823,0.2954,0.2831,0.2717,0.2947,0.2728,0.2902,0.2943,0.7555,0.7898,0.2984,0.2804,0.2998,0.3324,0.7071,6.0244
80000000,375087073,341664,16,8,0,0,20,0.3026,0.2788,0.3012,0.2948,0.2729,0.2973,0.2634,0.2934,0.3060,0.7919,0.8222,0.3116,0.2893,0.2927,0.3781,0.7084,6.2044
80200000,375696428,341954,13,9,1,0,12,0.2894,0.2648,0.2757,0.2833,0.2905,0.2923,0.2532,0.2776,0.2826,0.6482,0.6832,0.2813,0.2915,0.2960,0.3314,0.7083,5.7492
80400000,376267102,342083,10,8,0,1,0,0.2676,0.2858,0.2893,0.2638,0.2719,0.2947,0.2694,0.3034,0.2912,0.7891,0.8253,0.2990,0.3012,0.2739,0.3506,0.7091,6.0853
80600000,376818711,342312,12,8,0,0,4,0.2861,0.2817,0.3130,0.2859,0.2797,0.3116,0.2746,0.3091,0.3106,0.6614,0.6963,0.3129,0.2734,0.2943,0.3353,0.7108,5.9369
80800000,377370666,342495,12,8,0,0,3,0.2901,0.2662,0.3068,0.2568,0.2680,0.3064,0.2733,0.2909,0.2883,0.7389,0.7749,0.2878,0.2738,0.2951,0.3264,0.7088,5.9525
81000000,377922182,342667,14,8,0,0,24,0.2947,0.2895,0.2833,0.2853,0.2862,0.2905,0.2594,0.3112,0.3120,0.6789,0.7179,0.2869,0.2889,0.3104,0.3431,0.7115,5.9498
81200000,378491383,342861,14,8,0,0,1,0.2804,0.2661,0.2768,0.2714,0.2752,0.2852,0.2527,0.3125,0.2871,0.7036,0.7395,0.2902,0.2654,0.2823,0.3026,0.7095,5.8005
81400000,379016573,343016,15,9,1,0,21,0.2844,0.3038,0.3018,0.2873,0.2906,0.3081,0.2820,0.2828,0.2872,0.7409,0.7775,0.3129,0.2964,0.3029,0.3272,0.7113,6.0971
81600000,379585962,343153,18,9,0,0,42,0.2883,0.2760,0.3148,0.2797,0.2893,0.2882,0.2553,0.3031,0.2990,0.6803,0.7171,0.2816,0.2951,0.2954,0.3756,0.7110,5.9496
81800000,380131829,343320,17,9,0,0,2,0.2814,0.2737,0.2865,0.2780,0.2669,0.2994,0.2673,0.2852,0.2953,0.7479,0.7781,0.2739,0.2810,0.3017,0.3377,0.7123,5.9663
82000000,380709596,343522,16,9,1,0,0,0.2792,0.2699,0.2918,0.2646,0.2894,0.2885,0.2609,0.2829,0.2955,0.7501,0.7890,0.2893,0.2887,0.2929,0.3405,0.7121,5.9854
82200000,381261648,343663,17,9,2,0,21,0.2853,0.2699,0.2948,0.2686,0.2778,0.2917,0.2764,0.2985,0.3057,0.7182,0.7538,0.3002,0.2598,0.2967,0.3084,0.7122,5.9179
82400000,381807232,343854,14,9,1,2,29,0.2834,0.2803,0.2965,0.2615,0.2863,0.2920,0.2738,0.2914,0.2915,0.7808,0.8202,0.2863,0.2676,0.3129,0.3344,0.7115,6.0702
82600000,382311129,344014,14,9,0,0,0,0.2875,0.2882,0.3169,0.2772,0.2779,0.3024,0.2723,0.2898,0.2889,0.7960,0.8323,0.3069,0.2990,0.2851,0.3524,0.7138,6.1867
82800000,382830940,344125,15,9,1,0,1,0.2806,0.2660,0.2860,0.2803,0.2736,0.2872,0.2988,0.2908,0.2890,0.7879,0.8224,0.2833,0.2660,0.2868,0.3580,0.7122,6.0689
83000000,383377334,344221,14,9,1,0,0,0.2881,0.2737,0.2905,0.2808,0.2810,0.3014,0.2837,0.2974,0.2946,0.7491,0.7885,0.2950,0.2867,0.2836,0.3167,0.7134,6.0244
83200000,383889993,344347,14,6,0,0,11,0.2844,0.2696,0.3169,0.2770,0.2789,0.3063,0.2780,0.2892,0.2808,0.7745,0.8107,0.2956,0.2913,0.2982,0.3461,0.7139,6.1115
83400000,384448625,344474,16,6,0,0,2,0.2889,0.2848,0.3138,0.2919,0.2898,0.2836,0.2916,0.2978,0.2791,0.7175,0.7498,0.2887,0.2995,0.2821,0.3206,0.7151,5.9945
83600000,385020313,344567,16,6,0,0,0,0.2837,0.2780,0.3064,0.2909,0.2894,0.2822,0.2770,0.3110,0.2889,0.7082,0.7399,0.2807,0.2744,0.2987,0.3305,0.7159,5.9558
83800000,385550732,344726,16,7,1,0,2,0.2835,0.2729,0.2974,0.2576,0.2736,0.2942,0.2796,0.3063,0.3016,0.7952,0.8296,0.3033,0.2744,0.3115,0.3693,0.7144,6.1643
84000000,386073365,344806,16,8,0,1,24,0.2732,0.2857,0.3108,0.2726,0.2809,0.3030,0.2677,0.2866,0.2862,0.7765,0.8156,0.3150,0.2727,0.3012,0.3167,0.7159,6.0803
84200000,386665696,344992,15,8,0,1,28,0.2663,0.2646,0.2941,0.2454,0.2650,0.2875,0.2642,0.2776,0.2728,0.7314,0.7659,0.2888,0.2796,0.2809,0.2973,0.7134,5.7950
84400000,387250676,345222,14,8,0,0,15,0.2862,0.2944,0.2981,0.2693,0.2779,0.2912,0.2782,0.3084,0.2939,0.6485,0.6847,0.2954,0.2731,0.2863,0.3536,0.7158,5.8549
84600000,387835046,345355,15,8,1,1,3,0.2774,0.2594,0.2838,0.2585,0.2912,0.2914,0.2539,0.2944,0.2777,0.7068,0.7444,0.2795,0.2677,0.2833,0.2993,0.7163,5.7853
84800000,388339710,345586,17,8,0,0,0,0.2818,0.2991,0.2941,0.2763,0.2873,0.2970,0.2842,0.2831,0.3009,0.8009,0.8375,0.2862,0.3002,0.3042,0.3649,0.7159,6.2136
85000000,388840402,345725,19,8,0,0,2,0.2808,0.2937,0.3006,0.2724,0.2745,0.3058,0.2868,0.2948,0.3095,0.7630,0.7981,0.2762,0.2912,0.2841,0.3262,0.7171,6.0747
85200000,389392844,345895,19,8,0,0,2,0.2872,0.2915,0.3025,0.2642,0.2769,0.2896,0.2756,0.2960,0.2911,0.7370,0.7709,0.3214,0.2915,0.2818,0.3265,0.7152,6.0191
85400000,389958326,346106,18,8,0,0,13,0.3057,0.2662,0.3038,0.2735,0.2795,0.3006,0.2778,0.3183,0.2916,0.6919,0.7262,0.2713,0.2686,0.2941,0.3249,0.7178,5.9118
85600000,390430172,346268,19,8,0,1,0,0.2901,0.2850,0.3206,0.2951,0.2934,0.3028,0.2633,0.3079,0.3050,0.8114,0.8500,0.3013,0.3088,0.2906,0.3586,0.7179,6.3018
85800000,390942082,346463,18,8,0,0,1,0.2733,0.2912,0.3130,0.2911,0.2736,0.3040,0.2667,0.2993,0.2996,0.7905,0.8285,0.2819,0.2806,0.2812,0.3447,0.7170,6.1363
86000000,391528025,346674,18,8,1,1,3,0.2839,0.2830,0.2988,0.2656,0.2810,0.2827,0.2452,0.2795,0.2703,0.7367,0.7704,0.2749,0.2853,0.3041,0.3416,0.7185,5.9216
86200000,392014485,346833,16,8,0,1,3,0.3009,0.2673,0.3149,0.2804,0.2860,0.3110,0.2762,0.3216,0.3065,0.7666,0.8024,0.2813,0.3033,0.3168,0.3597,0.7190,6.2141
86400000,392558846,347016,17,8,0,0,0,0.2942,0.2822,0.2997,0.2789,0.2833,0.2961,0.2758,0.2993,0.3014,0.7062,0.7427,0.3099,0.2923,0.2827,0.3249,0.7195,5.9889
86600000,393086094,347227,16,8,0,1,4,0.2751,0.3142,0.3111,0.2872,0.2913,0.3035,0.2637,0.3171,0.3057,0.7749,0.8112,0.2930,0.2880,0.3040,0.3826,0.7200,6.2426
86800000,393591601,347376,16,8,0,0,1,0.2824,0.2771,0.3204,0.2771,0.2871,0.3205,0.2887,0.2995,0.3089,0.7660,0.8008,0.3015,0.3086,0.3012,0.3235,0.7188,6.1820
87000000,394147113,347463,16,8,1,1,3,0.2721,0.2736,0.3251,0.2796,0.2858,0.2974,0.2519,0.2774,0.2985,0.7487,0.7847,0.2831,0.2656,0.2879,0.3208,0.7203,5.9725
87200000,394636240,347615,17,8,0,0,8,0.2975,0.2819,0.3075,0.2823,0.3105,0.2976,0.2696,0.3016,0.3184,0.7889,0.8236,0.3143,0.2839,0.3240,0.3240,0.7201,6.2457
87400000,395173574,347733,19,10,1,1,10,0.2798,0.2708,0.3031,0.2838,0.2756,0.3205,0.2523,0.3000,0.3107,0.7320,0.7667,0.2967,0.2709,0.2963,0.3425,0.7224,6.0240
87600000,395721346,347885,18,10,0,2,7,0.2889,0.2743,0.3065,0.2811,0.2883,0.2938,0.2718,0.2944,0.3150,0.6913,0.7283,0.2841,0.3001,0.3113,0.3235,0.7208,5.9736
87800000,396210131,348022,16,10,0,1,6,0.2895,0.2906,0.3099,0.2961,0.2957,0.2874,0.2686,0.3039,0.2858,0.7816,0.8186,0.2957,0.2988,0.3001,0.3264,0.7213,6.1699
88000000,396707810,348136,16,10,0,0,0,0.2950,0.2637,0.3086,0.2814,0.2840,0.2994,0.2848,0.3210,0.3102,0.7419,0.7778,0.2816,0.3077,0.2891,0.3348,0.7204,6.1016
88200000,397245817,348245,17,10,0,2,4,0.2920,0.2673,0.2819,0.2835,0.2958,0.3191,0.2690,0.3045,0.2995,0.7893,0.8257,0.3083,0.2901,0.3170,0.3421,0.7211,6.2061
88400000,397725934,348284,17,10,1,1,19,0.3062,0.2832,0.2921,0.2820,0.2896,0.3028,0.2661,0.3008,0.3078,0.7414,0.7757,0.3018,0.2836,0.3271,0.3517,0.7222,6.1344
88600000,398197230,348391,16,10,0,2,6,0.2878,0.2886,0.3166,0.2831,0.2975,0.2954,0.2847,0.3226,0.2916,0.8017,0.8372,0.3045,0.2932,0.3152,0.3533,0.7237,6.2966
88800000,398707867,348509,17,10,0,0,2,0.2804,0.2706,0.3090,0.2788,0.2793,0.3196,0.2729,0.2912,0.3071,0.7702,0.8064,0.3131,0.2969,0.3283,0.3393,0.7220,6.1851
89000000,399148102,348639,18,11,1,1,30,0.2871,0.3135,0.3083,0.2804,0.2745,0.2951,0.2721,0.3199,0.3108,0.7955,0.8279,0.3056,0.2745,0.3203,0.3476,0.7226,6.2557
89200000,399668537,348806,18,11,0,4,15,0.2943,0.2799,0.2797,0.2822,0.2730,0.2929,0.2757,0.2994,0.2764,0.7800,0.8152,0.2871,0.2729,0.2701,0.3438,0.7233,6.0460
89400000,400167902,348909,18,12,0,0,8,0.2886,0.2808,0.3082,0.2803,0.2787,0.3165,0.2823,0.2977,0.3001,0.7407,0.7769,0.3059,0.2998,0.2955,0.3736,0.7236,6.1490
89600000,400765248,349085,19,13,0,0,16,0.2798,0.2654,0.2937,0.2759,0.2671,0.3012,0.2844,0.3134,0.3023,0.7271,0.7606,0.2892,0.2885,0.2850,0.3174,0.7228,5.9738
89800000,401273991,349212,20,14,0,1,33,0.2735,0.2816,0.3090,0.2909,0.2923,0.3090,0.2697,0.3098,0.3003,0.7397,0.7745,0.2924,0.2976,0.3287,0.3185,0.7229,6.1104
90000000,401801199,349403,20,14,0,1,6,0.2753,0.2599,0.2835,0.2669,0.2744,0.2956,0.2714,0.3077,0.3003,0.7771,0.8136,0.2839,0.2972,0.3200,0.3425,0.7233,6.0926
90200000,402297551,349536,20,14,0,1,24,0.2894,0.2667,0.3016,0.2783,0.3046,0.3031,0.2924,0.3088,0.3020,0.7686,0.8048,0.3180,0.2890,0.3080,0.3303,0.7254,6.1911
90400000,402799637,349688,19,14,0,2,23,0.2863,0.2738,0.2832,0.2663,0.2796,0.2818,0.2860,0.3019,0.3197,0.7751,0.8101,0.3032,0.2895,0.2828,0.3543,0.7251,6.1186
90600000,403246093,349824,16,14,0,2,8,0.2811,0.2709,0.3029,0.2691,0.2775,0.3111,0.2830,0.2835,0.3143,0.8047,0.8381,0.2874,0.2949,0.3013,0.3308,0.7243,6.1749
90800000,403742971,349956,18,14,1,0,18,0.2916,0.2731,0.2933,0.2870,0.2731,0.3032,0.2807,0.3155,0.3195,0.7448,0.7808,0.2839,0.2844,0.3041,0.3523,0.7262,6.1135
91000000,404292665,350061,18,14,1,0,10,0.2940,0.2793,0.2924,0.2833,0.3017,0.3055,0.2584,0.3090,0.2935,0.7136,0.7498,0.2892,0.2672,0.3039,0.3194,0.7249,5.9852
91200000,404836956,350231,20,14,1,0,6,0.2869,0.2831,0.2908,0.2950,0.2854,0.2973,0.2801,0.3032,0.3165,0.7059,0.7398,0.2845,0.2992,0.2997,0.3329,0.7255,6.0257
91400000,405296843,350320,17,14,0,0,3,0.3015,0.2927,0.3064,0.2897,0.2974,0.3064,0.2915,0.3138,0.2936,0.7624,0.7935,0.2939,0.2855,0.3062,0.3265,0.7257,6.1866
91600000,405788403,350495,18,14,1,1,14,0.2863,0.2716,0.3050,0.2826,0.2977,0.2958,0.3001,0.3050,0.3431,0.8292,0.8670,0.2903,0.2904,0.3056,0.3365,0.7259,6.3322
91800000,406328206,350633,17,14,0,0,5,0.2987,0.2849,0.2972,0.2823,0.2848,0.2885,0.2495,0.2963,0.2998,0.7675,0.8019,0.2920,0.2803,0.2914,0.3335,0.7258,6.0744
92000000,406809615,350781,17,14,1,0,17,0.3002,0.3067,0.2910,0.2985,0.3145,0.3122,0.2650,0.3206,0.3175,0.8486,0.8829,0.3258,0.3067,0.3303,0.3418,0.7287,6.4909
92200000,407334489,350916,17,14,0,2,17,0.3027,0.2750,0.3029,0.2775,0.2888,0.2951,0.2848,0.3229,0.2987,0.7504,0.7895,0.3136,0.3027,0.2915,0.3678,0.7271,6.1911
92400000,407760348,350960,17,14,0,1,7,0.3049,0.3024,0.3052,0.3014,0.3042,0.3415,0.2658,0.3138,0.3007,0.8472,0.8779,0.3209,0.3051,0.3192,0.3574,0.7261,6.4936
92600000,408232084,351054,18,14,0,1,6,0.2973,0.2726,0.3092,0.2779,0.2903,0.3147,0.2726,0.3008,0.3020,0.7867,0.8230,0.3186,0.2962,0.3073,0.3612,0.7262,6.2567
92800000,408764269,351170,18,14,1,2,40,0.2945,0.2885,0.3036,0.2763,0.2873,0.3045,0.2812,0.3143,0.3000,0.7178,0.7517,0.3063,0.2858,0.3087,0.3302,0.7275,6.0781
93000000,409212353,351277,18,14,0,1,91,0.3008,0.2901,0.2974,0.2759,0.3047,0.2857,0.2803,0.2956,0.3111,0.7842,0.8205,0.3039,0.2873,0.3328,0.3337,0.7278,6.2317
93200000,409718825,351459,18,14,1,1,96,0.2910,0.3004,0.3056,0.2831,0.2855,0.3029,0.2820,0.3217,0.3181,0.7248,0.7629,0.2999,0.2637,0.2873,0.3066,0.7277,6.0633
93400000,410189015,351511,17,14,0,0,12,0.2863,0.2901,0.3196,0.2847,0.2988,0.3036,0.2797,0.3175,0.2954,0.7514,0.7861,0.3052,0.2975,0.3478,0.3634,0.7295,6.2565
93600000,410687318,351638,18,14,0,0,43,0.2967,0.2811,0.3101,0.2793,0.2843,0.2996,0.2833,0.3092,0.2922,0.7619,0.8011,0.2904,0.2665,0.3164,0.3425,0.7290,6.1436
93800000,411217517,351738,19,14,0,0,114,0.2883,0.2996,0.3122,0.2785,0.2857,0.2987,0.2639,0.2781,0.3063,0.6827,0.7202,0.2890,0.2768,0.3250,0.3341,0.7294,5.9684
94000000,411699724,351818,19,14,0,0,3,0.3045,0.2943,0.3171,0.2925,0.3080,0.3088,0.3026,0.3229,0.3026,0.7850,0.8214,0.3161,0.2962,0.3146,0.3504,0.7288,6.3660
94200000,412262144,351946,19,14,1,0,24,0.2889,0.2567,0.3025,0.2587,0.2855,0.2945,0.2533,0.3025,0.2988,0.7290,0.7679,0.2925,0.2991,0.3061,0.3344,0.7290,5.9995
94400000,412725876,352096,20,14,1,0,1,0.2850,0.2939,0.3196,0.2618,0.2823,0.3116,0.2778,0.2931,0.3012,0.8253,0.8645,0.2879,0.2695,0.2901,0.3847,0.7298,6.2781
94600000,413195113,352196,20,14,1,2,9,0.2989,0.2978,0.2923,0.2845,0.2933,0.3175,0.2921,0.3184,0.3210,0.8066,0.8410,0.2905,0.2964,0.3101,0.3523,0.7309,6.3435
94800000,413784672,352339,18,14,0,0,11,0.2849,0.2845,0.3146,0.2997,0.2754,0.3088,0.2694,0.2809,0.2918,0.6836,0.7222,0.3112,0.2849,0.2840,0.3026,0.7297,5.9282
95000000,414304633,352413,16,14,0,1,3,0.2812,0.2638,0.2963,0.2834,0.2689,0.2896,0.2790,0.2943,0.3081,0.7875,0.8257,0.2876,0.2776,0.3046,0.3390,0.7317,6.1182
95200000,414769976,352513,15,14,0,0,2,0.2805,0.2845,0.2955,0.2779,0.2817,0.2945,0.2534,0.2930,0.2908,0.7969,0.8336,0.3024,0.2782,0.3397,0.3782,0.7313,6.2122
95400000,415279231,352605,16,14,0,0,4,0.2798,0.2802,0.3332,0.2753,0.2981,0.3156,0.2590,0.3276,0.3283,0.7731,0.8076,0.2942,0.2809,0.3030,0.3425,0.7314,6.2300
95600000,415810578,352691,16,14,0,0,3,0.2924,0.2993,0.2830,0.2833,0.2986,0.2843,0.2914,0.3025,0.2945,0.7229,0.7640,0.3105,0.3040,0.3147,0.3337,0.7306,6.1098
95800000,416365268,352805,16,14,0,0,2,0.2914,0.2747,0.3091,0.2819,0.2967,0.3077,0.2841,0.3049,0.3046,0.6905,0.7296,0.3063,0.2905,0.3025,0.3176,0.7308,6.0228
96000000,416803405,352907,18,14,0,0,1,0.2921,0.3105,0.3009,0.2754,0.2797,0.2900,0.2655,0.2878,0.3064,0.8363,0.8732,0.2993,0.2953,0.3203,0.3705,0.7315,6.3346
96200000,417276552,352933,17,14,0,0,0,0.2971,0.2724,0.3066,0.2724,0.2756,0.3116,0.2701,0.2952,0.2962,0.8074,0.8407,0.2871,0.2696,0.2907,0.3154,0.7305,6.1386
96400000,417779934,353053,17,14,0,1,6,0.2847,0.2759,0.3026,0.2832,0.2880,0.3068,0.2718,0.3031,0.2981,0.7552,0.7930,0.2778,0.2822,0.2765,0.3335,0.7309,6.0634
96600000,418312608,353179,17,14,0,0,0,0.2914,0.2908,0.2997,0.2826,0.2733,0.2892,0.2804,0.2975,0.2941,0.6973,0.7322,0.2810,0.2734,0.2997,0.3149,0.7325,5.9300
96800000,418837438,353295,17,14,0,2,10,0.2847,0.2813,0.3104,0.2863,0.2949,0.2907,0.2770,0.2870,0.2881,0.7337,0.7715,0.2914,0.3060,0.2894,0.3204,0.7306,6.0433
97000000,419294111,353454,18,14,0,1,8,0.3046,0.2887,0.3152,0.2938,0.3000,0.3233,0.2755,0.3078,0.3071,0.7540,0.7873,0.3037,0.2913,0.3227,0.3412,0.7333,6.2497
97200000,419780566,353487,18,14,0,1,20,0.2879,0.2657,0.3113,0.2826,0.2919,0.2886,0.2652,0.3063,0.3041,0.7763,0.8115,0.2965,0.3118,0.3108,0.3323,0.7329,6.1757
97400000,420346193,353627,17,14,0,0,4,0.2902,0.2851,0.2915,0.2735,0.2850,0.2930,0.2752,0.3111,0.3003,0.6903,0.7293,0.2831,0.2943,0.2865,0.3393,0.7333,5.9608
97600000,420849872,353722,17,14,0,0,0,0.3081,0.3047,0.3158,0.2930,0.2912,0.2957,0.2887,0.3054,0.3051,0.7514,0.7878,0.2900,0.3076,0.2703,0.3128,0.7333,6.1610
97800000,421339541,353894,16,14,1,0,2,0.2979,0.2987,0.3050,0.2811,0.3027,0.2997,0.2614,0.2826,0.2940,0.7575,0.7913,0.2793,0.2945,0.2922,0.3451,0.7339,6.1168
98000000,421882540,354102,16,14,0,0,3,0.2778,0.2853,0.2908,0.2572,0.2636,0.2729,0.2640,0.3147,0.3091,0.7556,0.7902,0.2766,0.2714,0.3062,0.3183,0.7332,5.9869
98200000,422431566,354266,16,14,0,0,0,0.2925,0.2687,0.2884,0.2882,0.2816,0.3032,0.2771,0.3014,0.3038,0.7326,0.7695,0.3011,0.3109,0.2812,0.3163,0.7360,6.0525
98400000,422890872,354357,14,14,0,0,3,0.2886,0.2757,0.3062,0.2713,0.2924,0.2859,0.2778,0.3011,0.3029,0.7473,0.7859,0.2866,0.2824,0.3032,0.3524,0.7363,6.0957
98600000,423425378,354486,14,14,0,0,0,0.2925,0.2864,0.3240,0.2801,0.2926,0.2838,0.2813,0.2966,0.2963,0.7099,0.7474,0.2849,0.2896,0.3135,0.3500,0.7336,6.0627
98800000,423909354,354643,15,14,0,1,3,0.3041,0.2941,0.3105,0.2841,0.2826,0.3141,0.2855,0.3047,0.3282,0.8056,0.8405,0.2844,0.3057,0.3138,0.3335,0.7354,6.3268
99000000,424320423,354728,15,14,0,0,1,0.3133,0.3187,0.3304,0.3240,0.2954,0.3136,0.2709,0.3159,0.3144,0.7954,0.8316,0.3193,0.3017,0.3277,0.3815,0.7350,6.4889
99200000,424824956,354798,15,14,0,0,3,0.3072,0.2908,0.3034,0.2827,0.2921,0.2982,0.2968,0.3186,0.3018,0.7507,0.7909,0.3006,0.2881,0.3412,0.3335,0.7365,6.2332
99400000,425272058,354928,17,14,0,2,11,0.3009,0.2919,0.2867,0.2858,0.3003,0.3296,0.2802,0.3110,0.3041,0.7763,0.8115,0.2739,0.3188,0.3177,0.3544,0.7353,6.2782
99600000,425813431,355078,22,14,0,0,1,0.2915,0.2916,0.3028,0.2645,0.2800,0.2864,0.2595,0.3008,0.2933,0.6428,0.6803,0.2821,0.2798,0.2998,0.3215,0.7349,5.8116
99800000,426319419,355146,24,14,0,1,4,0.2802,0.2680,0.2837,0.2828,0.2870,0.2887,0.2797,0.2741,0.2708,0.7287,0.7624,0.2723,0.2879,0.3069,0.3514,0.7346,5.9592
100000000,426846772,355297,23,14,0,0,4,0.2920,0.2757,0.2885,0.2801,0.2811,0.3026,0.2853,0.2964,0.2758,0.7118,0.7531,0.2745,0.2985,0.2927,0.2914,0.7355,5.9351
Report usecs used: 3135985
That is 3 seconds
Setup usecs used: 0
That is 0 seconds
Seeding usecs used: 1847732
That is 1 seconds
Random usecs used: 6729940
That is 6 seconds
Execute usecs used: 7377399
That is 7 seconds
Cell Splitting usecs used: 1738115
That is 1 seconds
Serial executed 671977742 instructions

real	0m28.668s
user	0m28.477s
sys	0m0.109s
