200000,8904579,10045,0,2,0,0,0,0.0203,0.0281,0.0281,0.0255,0.0257,0.0281,0.0320,0.0292,0.0310,0.1586,0.1591,0.0296,0.0265,0.0287,0.0320,0.0115,0.6940
400000,17506104,21669,0,2,0,0,0,0.0536,0.0636,0.0628,0.0517,0.0595,0.0711,0.0609,0.0686,0.0687,0.4569,0.4579,0.0602,0.0708,0.0667,0.0732,0.0372,1.7832
600000,25818464,33413,0,2,0,0,0,0.0600,0.0725,0.0769,0.0727,0.0752,0.0869,0.0743,0.0944,0.0720,0.3330,0.3357,0.0775,0.0832,0.0819,0.0975,0.0621,1.7555
800000,34080623,45031,0,2,0,0,0,0.0718,0.0900,0.0926,0.0806,0.0848,0.0890,0.0859,0.0987,0.0963,0.6690,0.3524,0.1672,0.0910,0.0927,0.0984,0.0848,2.3453
1000000,42072688,56163,0,2,0,0,0,0.0894,0.1012,0.1044,0.0900,0.0946,0.1011,0.0979,0.2045,0.1012,1.0022,0.6944,0.1027,0.1028,0.1042,0.1093,0.1074,3.2071
1200000,49565104,66665,0,2,0,0,0,0.1909,0.2144,0.1111,0.1039,0.2022,0.1141,0.1034,0.1209,0.1098,1.3943,1.0885,0.2220,0.1131,0.2206,0.1214,0.1275,4.5579
1400000,57227053,77068,0,2,0,0,0,0.1061,0.1128,0.1164,0.2050,0.3020,0.1174,0.1149,0.2414,0.1177,0.3576,0.3640,0.1195,0.1203,0.1170,0.1156,0.2674,2.8949
1600000,64581170,86978,0,2,0,0,0,0.1141,0.1213,0.1324,0.1180,0.1156,0.1339,0.2363,0.1326,0.1300,0.7444,0.7560,0.1284,0.1203,0.2415,0.1251,0.1619,3.5117
1800000,71703574,96538,0,2,0,0,0,0.0609,0.0643,0.0736,0.0629,0.0636,0.0688,0.0636,0.0698,0.0703,0.1934,0.1976,0.0668,0.0657,0.0650,0.0680,0.0896,1.3441
2000000,78468356,105551,0,2,0,0,0,0.1304,0.2580,0.1479,0.2602,0.1366,0.2763,0.2610,0.2823,0.1456,0.7936,0.8094,0.2772,0.2702,0.1416,0.2838,0.3726,4.8467
2200000,85459619,114548,1,3,0,0,0,0.1343,0.1408,0.1439,0.1407,0.1399,0.1438,0.1371,0.1527,0.1446,1.1485,1.1735,0.4143,0.1400,0.1439,0.1493,0.2061,4.6533
[EVENT] Viable replicators have appeared!
2400000,92258875,123254,1,3,0,0,0,0.1341,0.1497,0.3009,0.2851,0.2858,0.2985,0.1485,0.1538,0.3059,0.4149,1.6135,0.5653,0.1444,0.2990,0.1645,0.2205,5.4843
2600000,98803519,131509,1,3,0,0,0,0.1404,0.1510,0.1605,0.4303,0.4296,0.1491,0.1391,0.1542,0.4602,0.8072,2.0340,0.7277,0.2961,0.4609,0.1593,0.4555,7.1550
2800000,105352346,139632,1,3,0,0,0,0.2869,0.1509,0.1593,0.1484,0.1507,0.3029,0.1523,0.1628,0.1550,1.1802,0.3986,0.1575,0.1556,0.6025,0.1568,0.6899,5.0103
3000000,111773241,147444,2,3,0,0,1,0.1514,0.1620,0.1643,0.3020,0.1509,0.1631,0.1566,0.1626,0.3144,0.4174,0.4289,0.1614,0.1602,0.1567,0.3268,0.2554,3.6340
3200000,117964944,154848,5,5,0,0,2,0.0804,0.0832,0.0862,0.0808,0.0799,0.0848,0.0773,0.0878,0.0850,0.2087,0.2135,0.0864,0.0795,0.0829,0.2496,0.1327,1.7985
3400000,124233191,162193,5,5,1,0,3,0.1608,0.1642,0.1722,0.1600,0.1619,0.1767,0.1600,0.1754,0.3350,0.4044,0.4143,0.1695,0.1675,0.1708,0.1751,0.2762,3.4440
3600000,130372929,169223,3,5,0,0,2,0.1623,0.1649,0.1767,0.1652,0.1685,0.1741,0.1685,0.1740,0.1718,0.4051,0.4171,0.1717,0.1683,0.1722,0.1665,0.2867,3.3133
3800000,136340005,176038,2,5,0,0,1,0.1666,0.1737,0.1854,0.1705,0.3325,0.3487,0.3375,0.3576,0.1797,0.8243,0.8471,0.1847,0.3340,0.1818,0.1882,0.5718,5.3840
4000000,142055618,182296,4,5,0,0,1,0.0858,0.0894,0.0943,0.0853,0.0868,0.0899,0.0880,0.0926,0.0910,0.2174,0.2242,0.0884,0.0862,0.0900,0.0921,0.1502,1.7517
4200000,147646878,188344,4,5,0,0,0,0.0571,0.1194,0.1256,0.0557,0.0585,0.1222,0.0553,0.0627,0.0608,0.1389,0.1428,0.1204,0.0563,0.0592,0.0596,0.2032,1.4977
4400000,153176907,194137,3,3,1,1,1,0.1847,0.1839,0.1910,0.1793,0.1836,0.1918,0.1837,0.3824,0.1943,0.4214,0.4374,0.1847,0.1833,0.1882,0.1886,0.9356,4.4141
4600000,158743037,200012,4,3,0,0,0,0.1852,0.1750,0.1944,0.3610,0.3620,0.1937,0.1795,0.5803,0.3808,0.4371,0.4524,0.3775,0.1868,0.1905,0.3879,0.3291,4.9730
4800000,164190296,205726,7,4,1,1,2,0.1870,0.1881,0.1952,0.1836,0.1948,0.1989,0.1884,0.2013,0.1895,0.4541,0.4709,0.1891,0.1916,0.1904,0.1995,0.3366,3.7587
5000000,169618848,211153,9,4,0,1,0,0.3734,0.1956,0.2038,0.1795,0.1833,0.1972,0.1809,0.1918,0.1916,0.4512,0.4660,0.1921,0.3785,0.1979,0.1987,0.6781,4.4597
5200000,174971036,216455,9,4,1,1,151,0.0954,0.0967,0.1022,0.0924,0.0947,0.0992,0.0953,0.1004,0.0981,0.2299,0.2375,0.0983,0.0956,0.0990,0.1011,0.1763,1.9120
5400000,180003699,221293,10,4,0,2,9,0.1962,0.1977,0.2124,0.3829,0.3930,0.2112,0.1947,0.4115,0.1973,0.9275,0.9576,0.1997,0.3922,0.2055,0.1985,0.7187,5.9966
5600000,185276354,226227,6,4,1,1,144,0.3856,0.1926,0.2112,0.1905,0.2008,0.4183,0.1902,0.6086,0.1970,1.3596,1.4046,0.3931,0.1952,0.4027,0.4081,0.3642,7.1221
5800000,190325565,230817,7,4,0,0,1,0.1006,0.1031,0.1093,0.1010,0.1012,0.1062,0.0984,0.1054,0.1032,0.2425,0.2501,0.1021,0.1001,0.1045,0.1068,0.1874,2.0218
6000000,195591212,235359,7,4,0,0,3,0.2060,0.2002,0.2159,0.2029,0.2022,0.2152,0.1991,0.2127,0.2079,0.4547,0.4710,0.2051,0.2045,0.2051,0.2108,0.3764,3.9897
6200000,200546966,239734,4,4,1,0,6,0.2012,0.4084,0.2106,0.4093,0.2077,0.2075,0.2008,0.2091,0.2076,0.9307,0.4799,0.4201,0.4091,0.2094,0.4346,0.3818,5.5278
6400000,205404678,243879,4,4,0,2,17,0.2097,0.2055,0.2180,0.6161,0.4118,0.2131,0.2054,0.2178,0.2094,0.4897,0.5059,0.2095,0.2042,0.2073,0.2172,0.7684,5.1088
6600000,210298291,248122,4,4,0,1,1,0.2083,0.2041,0.4310,0.2080,0.2103,0.2150,0.4068,0.2194,0.2215,0.9667,0.9990,0.2137,0.2103,0.2131,0.2226,0.3939,5.5437
6800000,215086086,251991,4,4,1,0,0,0.2094,0.2107,0.2124,0.2077,0.4255,0.2250,0.2037,0.2238,0.4390,1.4576,1.5071,0.4318,0.2079,0.2117,0.2213,0.3983,6.7928
7000000,219906671,255897,6,4,0,1,1,0.4175,0.2006,0.2178,0.2014,0.2084,0.4437,0.2154,0.2238,0.2230,0.4799,0.4967,0.6416,0.2078,0.2155,0.2214,0.8001,5.4146
7200000,224485882,259406,5,4,1,0,3,0.2134,0.2114,0.2242,0.2090,0.2129,0.2237,0.2075,0.2261,0.2178,0.4953,0.5090,0.2155,0.2150,0.2221,0.2263,0.4079,4.2371
7400000,229104597,262963,5,4,0,1,1,0.2187,0.4248,0.4489,0.4212,0.2144,0.2282,0.2056,0.2230,0.2214,0.9871,1.0185,0.4335,0.4282,0.4346,0.2289,0.4127,6.5495
7600000,233584189,266306,4,4,1,0,2,0.1091,0.3171,0.1156,0.3153,0.1114,0.1139,0.2121,0.1186,0.2248,0.2547,0.2637,0.1108,0.3263,0.1138,0.2347,0.4157,3.3578
7800000,238215723,269592,6,5,0,4,7,0.4272,0.2173,0.2301,0.2164,0.4285,0.4445,0.2118,0.4552,0.2236,0.9803,1.0176,0.2189,0.8529,0.4443,0.2270,1.2267,7.8222
8000000,242788375,272896,7,6,0,2,6,0.2181,0.4415,0.2308,0.2171,0.2165,0.6774,0.4249,0.2325,0.2196,0.4774,0.4955,0.2222,0.2198,0.6762,0.2231,1.6731,6.8657
8200000,247199972,275993,8,8,0,3,9,0.2193,0.6554,0.2264,0.4315,0.4397,0.2320,0.6441,0.4660,0.2304,0.5234,0.5430,0.4505,0.4388,0.2322,0.2390,2.0960,8.0677
8400000,251616602,279084,13,9,0,2,37,0.4418,0.2166,0.2258,0.2105,0.2143,0.2327,0.2192,0.2303,0.2306,1.0513,1.0877,0.6786,0.6647,0.2236,0.2313,0.4348,6.5937
8600000,255987995,281814,14,12,3,5,63,0.2274,0.4347,0.4595,0.2203,0.4379,0.4647,0.4457,0.2353,0.4616,1.5533,1.6077,0.2249,0.8884,0.4600,0.2435,0.4377,8.8026
8800000,260226914,284611,15,12,1,1,32,0.1099,0.1104,0.1156,0.1070,0.1086,0.1123,0.1061,0.1154,0.3444,0.2494,0.2584,0.1132,0.1112,0.1152,0.1171,0.2187,2.4127
9000000,264602019,287308,14,12,0,2,71,0.4415,0.2296,0.4649,0.2218,0.2206,0.4591,0.4268,0.4602,0.8993,0.4992,1.0264,0.2328,0.2269,0.4614,0.4642,0.4450,7.1798
9200000,268732879,290031,10,11,1,0,25,0.2211,0.2255,0.2384,0.2208,0.2175,0.2298,0.2250,0.2383,0.2332,0.5081,0.5271,0.2292,0.2314,0.2316,0.2393,0.4495,4.4658
9400000,272911582,292689,11,12,1,2,64,0.4441,0.4439,0.2366,0.4367,0.4379,0.2366,0.2268,0.2340,0.2377,0.5333,0.5495,0.2366,0.4543,0.4598,0.2447,0.8890,6.3015
9600000,277002382,295207,8,12,0,0,13,0.2286,0.2282,0.2407,0.2268,0.2258,0.2368,0.2331,0.2359,0.2384,0.5223,0.5397,0.2446,0.2304,0.2391,0.2431,0.4565,4.5700
9800000,281136974,297737,10,12,3,0,95,0.2290,0.2324,0.2417,0.2345,0.2247,0.2364,0.2267,0.2452,0.4738,0.5319,0.5477,0.2341,0.2390,0.2393,0.2572,0.9102,5.3040
10000000,284961021,299993,11,12,0,0,6,0.2364,0.2321,0.2506,0.2319,0.2329,0.2522,0.4712,0.4982,0.2351,1.1007,1.1354,0.2447,0.2406,0.2363,0.2484,0.4631,6.3096
10200000,288910418,302289,8,12,0,0,2,0.4695,0.2326,0.4869,0.2281,0.2340,0.4945,0.6879,0.7316,0.2349,0.5347,0.5568,0.4797,0.4765,0.4756,0.4903,0.4668,7.2803
10400000,292840841,304595,9,12,0,3,9,0.2380,0.2358,0.7460,0.2317,0.2341,0.2489,0.9313,0.9928,0.4829,1.0743,0.5535,0.2422,0.2415,0.7141,0.7470,0.4700,8.3840
10600000,296772774,306769,9,6,1,2,7,0.2376,0.2303,0.2523,0.2329,0.4711,0.4957,1.1570,0.2417,0.2453,1.5923,1.0949,0.2408,0.4700,0.2360,0.2395,0.4719,7.9093
10800000,300585201,308805,9,6,0,0,0,0.2361,0.4705,0.2457,0.4620,0.2291,0.7414,1.3926,0.2528,0.4862,2.1493,1.6685,0.4900,0.7112,0.4759,0.4905,0.4759,10.9777
11000000,304285624,310720,9,6,1,0,21,0.2374,0.2448,0.2548,0.2359,0.2394,0.2461,0.2362,0.2440,0.2493,0.5693,0.5876,0.2456,0.2447,0.2506,0.2632,0.4800,4.8288
11200000,308126979,312652,11,6,0,0,16,0.2404,0.2394,0.2504,0.2363,0.2478,0.2469,0.2280,0.2506,0.2480,0.5279,0.5491,0.2464,0.2373,0.2394,0.2531,0.9628,5.2038
11400000,311898501,314416,15,7,1,1,48,0.4770,0.2341,0.4974,0.4703,0.4844,0.2527,0.2296,0.2481,0.2425,0.5396,0.5596,0.2476,0.2408,0.2435,0.5052,0.4824,5.9549
11600000,315507938,316215,18,7,3,1,38,0.2357,0.2411,0.7644,0.2390,0.2382,0.5013,0.2330,0.2499,0.2542,0.5571,0.5771,0.5018,0.2416,0.2452,0.2550,0.9800,6.3146
11800000,319282211,318098,16,8,5,4,52,0.2519,0.2390,0.2542,0.2402,0.2429,0.2563,0.2330,0.2522,0.2536,0.5350,0.5559,0.2435,0.2413,0.2426,0.2594,1.4001,5.7009
12000000,322879325,319787,16,8,0,0,11,0.1200,0.1218,0.1264,0.1165,0.1202,0.1206,0.1132,0.1233,0.2511,0.5358,0.5564,0.1239,0.2458,0.1257,0.1263,0.2408,3.1678
12200000,326629628,321442,15,8,2,0,3,0.0796,0.1591,0.0824,0.1557,0.0796,0.1632,0.0766,0.1644,0.2477,0.5373,0.1850,0.0766,0.2442,0.1644,0.0828,0.3233,2.8221
12400000,330135926,323035,14,7,1,1,19,0.4924,0.7266,0.2597,0.2461,0.2433,0.2621,0.2418,0.7507,0.2561,2.1951,1.1550,0.2547,0.9848,0.2534,0.2628,0.4972,9.0817
12600000,333661740,324683,14,7,3,3,8,0.7383,0.2402,0.2593,0.4914,0.2411,0.2498,0.2402,0.2536,0.2560,0.5847,1.7676,0.2429,0.2442,0.2558,0.5216,0.5005,7.0871
12800000,337149737,326226,13,7,0,0,6,0.2431,0.4870,0.5105,0.7271,0.4802,0.5075,0.4927,0.5064,0.2578,0.5422,2.3317,0.4943,0.4903,0.5081,0.7833,0.5010,9.8632
13000000,340677289,327750,17,7,2,0,22,0.2463,0.7238,0.2599,0.9570,0.2412,0.7495,0.2467,0.7548,0.2525,0.5656,0.5860,0.2450,0.2425,0.2549,0.2618,0.9979,7.5853
13200000,344119920,329028,17,7,0,5,18,0.1231,0.1211,0.1287,0.1210,0.1210,0.1253,0.1207,0.1272,0.2573,0.5678,0.5881,0.2514,0.2464,0.1262,0.2654,0.2527,3.5434
13400000,347626339,330366,16,7,3,2,10,0.2458,0.2404,0.2623,0.2407,0.2440,0.2607,0.2429,0.2512,0.2483,0.5466,0.5680,0.2519,0.2476,0.2512,0.2557,0.5089,4.8662
13600000,351082757,331666,15,7,2,2,35,0.2558,0.2473,0.2649,0.2500,0.2488,0.2588,0.2557,0.2527,0.2570,0.5942,0.6146,0.2555,0.2521,0.2628,0.2706,0.5101,5.0507
13800000,354326652,332832,16,10,0,5,21,0.2545,0.5106,0.2634,0.2506,0.2481,0.5149,0.2418,0.2681,0.2637,1.1855,1.2257,0.2612,0.2597,0.5216,0.2750,0.5130,7.0573
14000000,357698900,334170,18,11,1,3,27,0.2528,0.7664,0.2614,0.2480,0.2453,0.2550,0.4829,0.2650,0.2621,1.7548,1.8138,0.2578,0.5130,0.7696,0.2712,0.5136,8.9327
14200000,360956191,335356,18,12,1,6,44,0.2463,0.2494,0.5328,0.5040,0.4987,0.2723,0.2437,0.5325,0.2555,0.5693,2.4796,0.5244,0.7895,1.0517,0.5451,0.5133,9.8079
14400000,364240988,336640,14,12,4,1,19,0.2511,0.2509,0.2542,0.2444,0.7282,0.2654,0.2394,0.2588,0.2582,1.1276,3.0165,0.2551,0.2538,0.2567,0.2709,0.5163,8.4473
14600000,367663623,337822,12,12,0,4,29,0.5061,0.2519,0.2602,0.2499,0.9782,0.2545,0.4776,0.2643,0.2555,0.5469,0.5686,0.2539,0.2484,0.5155,0.5226,0.5173,6.6715
14800000,370938042,338995,16,15,3,1,17,0.7561,0.2540,0.2654,0.5020,0.2554,0.2545,0.2542,0.2644,0.2621,0.5765,0.5983,0.5133,0.2569,0.7747,0.7892,0.5209,7.0979
15000000,374145477,340156,16,16,0,7,25,1.0190,0.2549,0.2566,0.2424,0.2491,0.5297,0.5091,0.2634,0.2512,1.1430,1.1871,0.7779,0.5131,1.0420,0.2635,0.5216,9.0235
15200000,377227913,341172,19,17,2,5,16,0.2549,0.2580,0.5249,0.4945,0.2593,0.2617,0.2491,0.2680,0.2554,1.7209,1.7879,0.2669,0.2580,0.2553,0.2763,0.5248,7.9156
15400000,380353538,342202,17,19,0,7,32,0.2545,0.2519,0.2669,0.2503,0.2560,0.2614,0.4979,0.2614,0.2661,0.5962,0.6141,0.2514,0.2504,0.2580,0.2829,0.5265,5.3459
15600000,383338399,343357,15,22,0,7,37,0.2563,0.2666,0.2689,0.2574,0.2568,0.2653,0.2501,0.2658,0.2598,1.1805,1.2179,0.2635,0.2675,0.2731,0.2962,1.0480,6.8937
15800000,386189125,344336,15,22,0,10,28,0.2542,0.2662,0.2754,0.2565,0.2568,0.5485,0.2475,0.5416,0.2731,0.6120,0.6322,0.5367,0.2642,0.5460,0.2801,1.6146,7.4055
16000000,389285642,345256,13,22,1,4,13,0.2576,0.2606,0.2628,0.2504,0.2578,0.2682,0.2512,0.2644,0.2659,0.5803,0.5983,0.2637,0.2562,0.2673,0.2649,2.1611,6.7305
16200000,392293429,346243,21,25,0,8,56,0.1299,0.1329,0.1381,0.1298,0.1327,0.1356,0.1254,0.1358,0.1369,0.5935,0.6133,0.1294,0.1282,0.1356,0.1446,1.3363,4.2778
16400000,395158167,346957,20,30,2,8,42,0.2595,0.2564,0.2711,0.2514,0.2548,0.2650,0.2388,0.2646,0.2643,0.6275,0.6447,0.2623,0.5287,0.2736,0.5848,0.5314,5.7788
16600000,398033016,347904,21,30,2,8,27,0.5126,0.2576,0.5270,0.5032,0.5098,0.2674,0.2497,0.5358,0.5295,1.2046,1.2417,0.5143,0.7787,0.5349,0.8525,1.0544,10.0737
16800000,400990477,348725,22,31,1,3,23,0.2544,0.2652,0.2653,0.7424,0.2485,0.5256,0.2522,0.7947,0.2615,0.6071,0.6235,0.2668,0.2602,0.2666,0.2865,1.5592,7.4796
17000000,403975796,349565,21,31,4,11,159,0.5231,0.2553,0.5479,0.2574,0.2565,0.2726,0.5093,0.2765,0.5348,1.2235,0.6220,0.2721,0.2554,0.2630,0.5762,0.5359,7.1814
17200000,406941782,350306,22,34,4,6,39,0.1308,0.1260,0.1367,0.1300,0.1319,0.1335,0.1286,0.1326,0.1341,0.2947,0.3030,0.1346,0.1270,0.1338,0.4269,0.2679,2.8722
17400000,409865955,350999,25,35,2,6,31,0.2520,0.2510,0.5391,0.5189,0.2531,0.5377,0.5096,0.2649,0.5399,0.5928,0.6137,0.5442,0.2566,0.2657,0.2712,0.5363,6.7465
17600000,412941248,351815,21,35,1,7,36,0.2565,0.2549,0.2678,0.2472,0.2506,0.2649,0.2416,0.2667,0.2613,0.5755,0.5998,0.2586,0.2471,0.2618,0.5377,1.0581,5.8500
17800000,415790929,352607,23,35,0,4,90,0.2668,0.2721,0.5370,0.5020,0.5114,0.2769,0.2444,0.5440,0.5326,1.1712,1.2144,0.5328,0.2533,0.5333,0.2778,0.5407,8.2106
18000000,418449088,353446,20,37,0,1,16,0.2666,0.5401,0.8150,0.2583,0.7812,0.2689,0.5092,0.2787,0.8026,1.8085,1.8736,0.2683,0.5331,0.8152,0.2820,0.5432,10.6445
18200000,421245233,354290,25,39,3,6,453,0.5295,0.2635,0.2732,0.2581,0.2559,0.2681,0.2496,0.2777,0.2676,2.4062,2.4937,0.5305,0.2587,0.2679,0.2812,0.5432,9.4247
18400000,423899757,355000,28,40,1,7,630,0.2674,0.2633,0.2822,0.5169,0.2614,0.2722,0.2556,0.2709,0.2761,3.0217,3.1289,0.2744,0.2600,0.2762,0.2876,0.5459,10.4605
18600000,426807857,355762,28,41,2,6,73,0.2621,0.2731,0.2763,0.2559,0.2681,0.2777,0.2547,0.2921,0.2655,0.5927,0.6143,0.2656,0.2689,0.2753,0.2907,0.5451,5.2780
18800000,429621171,356558,24,41,1,1,25,0.1327,0.1304,0.1410,0.1289,0.1345,0.1370,0.1286,0.2850,0.2663,0.6055,0.6258,0.1389,0.1334,0.2786,0.1442,0.2777,3.6886
19000000,432266639,357119,23,42,5,3,21,0.2738,0.5423,0.5630,0.2641,0.2666,0.2881,0.2529,0.2824,0.2715,0.6008,0.6214,0.5607,0.2740,0.2755,0.5887,0.5523,6.4779
19200000,435086299,357759,27,43,1,1,16,0.5337,0.2628,0.2839,0.2573,0.2499,0.2672,0.5036,0.2745,0.2663,0.6267,0.6453,0.2773,0.2606,0.2719,0.8638,0.5486,6.3935
19400000,437709070,358498,26,43,4,0,19,0.8105,0.2751,0.5652,0.2643,0.2706,0.5485,0.7700,0.2873,0.2633,1.2485,0.6296,0.2804,0.2635,0.2662,1.1561,0.5494,8.4485
19600000,440447637,359190,25,43,6,0,30,1.0514,0.2635,0.2778,0.2568,0.5293,0.8000,0.2594,0.2838,0.5215,1.8354,1.2526,0.2675,0.5197,0.5247,0.2829,0.5508,9.4770
19800000,443044427,359770,22,43,4,1,28,0.2646,0.5311,0.2771,0.2599,0.2554,0.2695,0.2623,0.2875,0.2744,0.6167,0.6382,0.5506,0.2602,0.2686,0.5779,0.5529,6.1469
20000000,445482455,360411,22,43,1,3,23,0.5400,0.2640,0.5567,0.2610,0.5244,0.5505,0.2619,0.2750,0.2832,1.2434,0.6422,0.2789,0.2666,0.2708,0.8657,1.1129,8.1972
20200000,448016433,360981,24,19,5,0,28,0.8001,0.2576,0.8345,0.2645,0.2601,0.8258,0.5081,0.2811,0.5548,1.8779,0.6629,0.2729,0.5347,0.5469,0.2874,1.6588,10.4283
20400000,450766912,361542,28,19,2,1,35,0.2682,0.2650,0.2755,0.2561,0.2617,0.2802,0.2560,0.2814,0.2740,0.6385,1.3058,0.2762,0.2727,0.2831,0.2894,2.1792,7.6630
20600000,453615654,362188,30,19,6,1,55,0.5342,0.2649,0.2643,0.2569,0.2600,0.2811,0.5093,0.2712,0.5426,1.2845,1.9863,0.2611,0.2612,0.5500,0.5784,2.7747,10.8806
20800000,456310560,362840,25,19,4,1,36,0.1357,0.1385,0.1465,0.1317,0.1341,0.1438,0.1291,0.1469,0.1456,0.3190,0.3298,0.1420,0.1335,0.1409,0.1467,0.2832,2.7470
21000000,458723047,363371,19,19,4,1,19,0.2738,0.2734,0.2790,0.2617,0.2664,0.2829,0.2604,0.2915,0.5716,0.6435,0.6660,0.2681,0.2750,0.2788,0.5921,0.5586,6.0428
21200000,461119672,363837,21,19,7,2,22,0.1354,0.1348,0.1410,0.1267,0.1333,0.1406,0.1288,0.1419,0.1368,0.3056,0.3136,0.1393,0.1352,0.1370,0.1431,0.5586,2.9516
21400000,463634869,364395,18,19,1,0,29,0.2695,0.2768,0.5779,0.5236,0.5316,0.2816,0.5218,0.5732,0.2806,1.2313,1.2665,0.5572,0.2700,0.2740,0.5859,0.5570,8.5786
21600000,466048078,364974,21,19,2,1,26,0.2726,0.2783,0.2908,0.2604,0.2667,0.2886,0.2651,0.2909,0.2730,0.6233,0.6449,0.2756,0.2707,0.5491,0.8891,0.5612,6.3004
21800000,468698636,365548,22,19,2,3,24,0.1365,0.1345,0.1414,0.1276,0.1332,0.1387,0.1309,0.1427,0.1354,0.3163,0.3260,0.1356,0.2687,0.1355,0.1428,0.2835,2.8292
22000000,471329525,366110,22,19,4,1,18,0.2672,0.2561,0.5597,0.2589,0.2674,0.2679,0.2660,0.2771,0.2757,1.2386,1.2772,0.5422,0.8095,0.5466,0.2915,1.1279,8.5295
22200000,473809801,366567,25,21,6,2,28,0.5387,0.2647,0.8278,0.5149,0.2631,0.5487,0.5239,0.5465,0.2893,1.8356,1.8920,0.8029,0.2683,0.8066,0.2907,0.5629,10.7764
22400000,476205542,367220,27,23,11,1,27,0.2781,0.2721,0.2816,0.2612,0.2732,0.2790,0.2715,0.2880,0.2874,0.6282,0.6498,0.2828,0.2730,0.2870,0.2970,0.5638,5.4736
22600000,478468430,367580,26,23,5,6,41,0.5511,0.2791,0.3035,0.2702,0.5464,0.5597,0.2773,0.2879,0.5734,1.2778,1.3149,0.2924,0.2913,0.2855,0.5949,0.5667,8.2722
22800000,480779187,367910,25,23,6,5,26,0.8252,0.5486,0.2876,0.5394,0.2737,0.8546,0.2710,0.2861,0.2793,0.6503,1.9795,0.2949,0.2833,0.2896,0.3021,0.5680,8.5331
23000000,483226599,368454,22,23,4,2,34,0.2759,0.8223,0.5788,0.8125,0.2693,1.1424,0.2727,0.5760,0.2788,1.2848,2.6533,0.5849,0.2790,0.5665,0.2832,0.5642,11.2447
23200000,485385461,368911,23,23,5,2,116,0.2729,0.2817,0.2941,1.0979,0.5445,1.4380,0.5423,0.8699,0.2813,0.6421,0.6640,0.2833,0.5642,0.2875,0.5888,0.5660,9.2185
23400000,487671888,369282,23,23,5,4,184,0.5397,0.2686,0.2909,1.3496,0.2669,1.7052,0.2671,0.2940,0.5565,1.2799,1.3222,0.2824,0.8426,0.5608,0.2903,0.5698,10.6867
23600000,489962690,369704,22,23,3,2,83,0.2781,0.2837,0.5847,0.2694,0.5282,1.9446,0.5267,0.5738,0.2935,1.9013,0.6781,0.5611,0.2695,0.8304,0.5946,0.5685,10.6863
23800000,492265506,370132,23,23,3,3,101,0.2785,0.2755,0.2927,0.2686,0.2789,0.2866,0.2609,0.2874,0.2800,0.6342,0.6560,0.2796,0.2813,0.2785,0.2996,1.1544,6.0926
24000000,494496850,370496,19,23,2,4,60,0.5566,0.2755,0.2910,0.2717,0.2748,0.2799,0.2640,0.2967,0.2865,0.6335,0.6536,0.2799,0.2866,0.2822,0.3028,0.5699,5.8052
24200000,496715169,370778,17,23,1,0,19,0.2775,0.5463,0.2894,0.5505,0.2761,0.5698,0.2615,0.5846,0.5625,0.6196,0.6386,0.2819,0.5532,0.5641,0.5875,0.5706,7.7333
24400000,498864148,371027,15,23,3,0,18,0.1382,0.1376,0.1463,0.4115,0.2715,0.1492,0.1332,0.1433,0.1440,0.3119,0.3217,0.1394,0.1435,0.1410,0.1518,0.2839,3.1680
24600000,501072412,371402,19,23,0,3,12,0.2782,0.2723,0.2832,1.1161,0.8285,0.5929,0.2658,0.2942,0.5875,0.6443,0.6659,0.2919,0.2849,0.2886,0.3012,1.1539,8.1493
24800000,503354975,371676,20,23,0,3,5,0.5475,0.2668,0.2922,1.3798,0.2638,0.2849,0.2740,0.2800,0.2852,0.6513,0.6714,0.2744,0.5584,0.2831,0.2825,1.7203,8.3158
25000000,505570176,372125,20,23,3,3,12,0.2837,0.5482,0.2839,0.2735,0.2840,0.5719,0.2637,0.2962,0.5661,1.2756,1.3159,0.2846,0.8351,0.2859,0.3001,2.2958,9.9642
25200000,507716131,372584,18,23,3,2,15,0.2749,0.2784,0.2813,0.2861,0.2671,0.2863,0.2839,0.2949,0.2795,1.8958,1.9555,0.5763,0.2879,0.2871,0.3057,0.5759,8.4168
25400000,509866434,372764,20,14,2,5,33,0.2784,0.2813,0.2922,0.2747,0.2816,0.2904,0.2630,0.2955,0.2868,0.6630,2.6191,0.2837,0.2794,0.5663,0.3003,1.1444,8.4000
25600000,511913886,373089,21,14,1,4,17,0.5662,0.5746,0.2929,0.2718,0.2829,0.3022,0.2850,0.2995,0.2847,1.3519,3.3776,0.2889,0.5710,0.2895,0.6120,1.7492,11.3996
25800000,514021150,373345,19,14,1,10,34,0.2842,0.8397,0.2913,0.2799,0.2760,0.5811,0.2739,0.2927,0.5671,1.9676,3.9679,0.5746,0.8417,0.3056,0.3167,0.5750,12.2350
26000000,516151398,373596,24,14,1,5,100,0.1384,0.5571,0.1450,0.1334,0.1370,0.4423,0.1316,0.2904,0.1341,1.3194,2.3402,0.1384,0.1372,0.1424,0.1500,0.2840,6.6209
26200000,518027670,373828,24,17,1,10,394,0.2884,0.2800,0.3025,0.5486,0.5728,1.2101,0.5447,0.3065,0.2870,3.3967,5.5135,0.2920,0.2840,0.2922,0.6122,0.5783,15.3095
26400000,520054093,374082,23,18,2,5,193,0.2839,0.2796,0.2957,0.2763,0.2791,1.5217,0.2718,0.2926,0.2917,4.0654,0.6833,0.2930,0.2759,0.2853,0.3054,1.1540,10.8546
26600000,522040847,374243,25,17,0,1,27,0.2837,0.2901,0.2849,0.2769,0.2825,0.2978,0.2691,0.2907,0.2752,4.7016,1.3653,0.5751,0.2858,0.2933,0.3126,0.5769,10.6614
26800000,524320110,374528,26,18,4,1,27,0.2796,0.2732,0.5677,0.5400,0.5509,0.2805,0.2658,0.5687,0.2752,5.2578,1.9980,0.8471,0.5530,0.2900,0.2999,1.1417,13.9891
27000000,526368057,374838,22,19,0,2,16,0.5553,0.2679,0.2901,0.2737,0.2720,0.2936,0.5413,0.8596,0.2866,0.6675,0.6898,0.2900,0.8238,0.5825,0.3115,1.7203,8.7255
27200000,528431194,375057,22,19,1,0,6,0.8346,0.5431,0.2861,0.2643,0.5448,0.5714,0.2660,0.2913,0.5672,0.6547,1.3677,0.5727,0.2747,0.2901,0.2894,0.5760,8.1940
27400000,530501970,375394,22,19,1,2,4,0.1432,0.4185,0.1490,0.1381,0.1418,0.1436,0.1356,0.1509,0.1510,0.3280,0.3372,0.1490,0.1344,0.1446,0.1533,0.2921,3.1104
27600000,532570691,375784,22,19,2,0,5,0.2763,0.2834,0.3009,0.2711,0.2753,0.5783,0.2714,0.3021,0.2857,1.3070,1.3454,0.2997,0.2914,0.2884,0.6096,1.1608,8.1469
27800000,534565957,375917,24,17,1,0,35,0.2845,0.2893,0.3075,0.2818,0.2726,0.2852,0.2837,0.2973,0.2938,1.9517,2.0099,0.2949,0.2827,0.3041,0.3017,0.5805,8.3211
28000000,536399366,376200,28,16,0,5,22,0.2850,0.2890,0.3093,0.2817,0.2882,0.2942,0.2702,0.3155,0.2946,0.6928,0.7108,0.2949,0.2840,0.3063,0.3125,0.5824,5.8115
28200000,538461897,376533,32,19,2,4,83,0.2830,0.2799,0.2945,0.5572,0.2737,0.2926,0.2669,0.3001,0.5840,0.6508,0.6735,0.2937,0.2799,0.2923,0.3019,0.5785,6.2026
28400000,540481191,376904,33,22,3,3,33,0.2863,0.2750,0.2944,0.2770,0.2828,0.2955,0.2713,0.2946,0.2898,0.6547,0.6744,0.2883,0.2880,0.2950,0.3097,0.5798,5.6567
28600000,542425554,377208,32,26,3,6,42,0.2826,0.2830,0.3067,0.2676,0.2753,0.2903,0.2758,0.3022,0.2872,0.6580,0.6789,0.2839,0.2836,0.2983,0.3099,0.5814,5.6647
28800000,544509553,377485,32,26,4,4,32,0.5818,0.5725,0.6143,0.2771,0.5679,0.2827,0.2709,0.6061,0.5948,1.3335,1.3729,0.2906,0.2788,0.5975,0.6285,0.5789,9.4488
29000000,546556561,377808,34,28,2,3,129,0.8406,0.2719,0.3019,0.2776,0.8202,0.5587,0.2736,0.8775,0.2878,0.6570,0.6759,0.2801,0.5495,0.8579,0.3120,0.5792,8.4215
29200000,548394117,377966,32,30,1,2,78,0.2738,0.2774,0.3138,0.2779,0.2784,0.8654,0.2798,0.3013,0.2933,0.6714,0.6930,0.2995,0.2890,0.2946,0.3126,1.1829,6.9041
29400000,550188024,378214,32,30,2,1,46,0.2854,0.2844,0.3025,0.2756,0.2701,0.2930,0.2791,0.3027,0.3011,0.6710,0.6960,0.2882,0.2876,0.2922,0.3097,1.7672,6.9056
29600000,552156227,378512,31,33,2,1,36,0.2800,0.2829,0.2981,0.2882,0.2788,0.2954,0.2824,0.2876,0.2949,1.2751,0.6558,0.2946,0.5532,0.2959,0.2984,2.2729,8.2343
29800000,553962729,378706,33,33,6,1,18,0.2891,0.2877,0.2986,0.2792,0.2789,0.2900,0.2753,0.2961,0.2930,0.6513,0.6734,0.2991,0.2947,0.3007,0.3074,2.9103,8.0247
30000000,555870311,378883,34,23,3,8,38,0.5642,0.2873,0.2946,0.2832,0.5464,0.2960,0.5409,0.3017,0.2942,1.2964,1.3396,0.2891,0.2798,0.2843,0.6198,3.4095,10.9267
30200000,557789351,379210,32,20,5,6,9,0.1413,0.1402,0.1453,0.1406,0.1442,0.1465,0.1359,0.1456,0.2912,0.3299,0.3419,0.1443,0.1331,0.1447,0.4710,0.2910,3.2868
30400000,559610598,379355,34,20,1,2,302,0.2915,0.2712,0.2845,0.2806,0.2810,0.3009,0.2835,0.2942,0.2876,0.6667,0.6893,0.2981,0.2902,0.2870,0.3157,0.5814,5.7034
30600000,561593378,379675,39,20,3,9,14,0.2776,0.2804,0.2954,0.2802,0.2753,0.5742,0.2703,0.5855,0.3081,1.3115,1.3566,0.2830,0.5680,0.2908,0.3140,0.5820,7.8530
30800000,563348817,379852,39,20,5,11,159,0.1427,0.1436,0.1498,0.1389,0.2800,0.4361,0.2750,0.1481,0.1488,1.0041,0.3590,0.1484,0.1437,0.1501,0.3124,0.2925,4.2732
31000000,565043456,380075,38,22,4,3,170,0.5821,0.2979,0.6153,0.2766,0.8606,0.2932,0.8498,0.3026,0.5989,2.7629,1.4511,0.2927,0.5836,0.2890,0.3228,0.5870,10.9661
31200000,566890650,380350,42,25,4,10,225,0.2875,0.5742,0.2846,0.2695,1.1057,0.5791,0.2838,0.2959,0.8685,0.6969,0.7169,0.2993,0.8466,0.5734,0.3243,0.5854,8.5916
31400000,568622313,380422,45,27,7,11,256,0.5839,0.8907,0.3048,0.2835,0.2804,0.9081,0.5600,0.2966,1.2023,1.4011,1.4416,0.3047,1.1724,0.2990,0.6562,0.5872,11.1723
31600000,570336572,380582,46,28,6,8,286,0.8539,1.1336,0.5966,0.5527,0.2901,0.3029,0.8189,0.3031,1.4424,2.0137,2.0706,0.3019,0.2902,0.5825,0.9366,0.5875,13.0770
31800000,571948181,380634,44,28,10,3,566,0.2890,0.2940,0.2998,0.2834,0.2792,0.3117,0.2761,0.2966,0.3017,0.7232,0.7417,0.3078,0.2872,0.3021,1.2824,0.5893,6.8652
32000000,573774947,380822,51,30,5,5,323,0.2784,0.2907,0.3031,0.2653,0.2715,0.2930,0.2716,0.2959,0.2822,1.4117,1.4538,0.2902,0.2886,0.2943,0.3152,0.5869,7.1925
32200000,575498863,381013,53,30,8,4,341,0.2842,0.3009,0.3074,0.2870,0.2859,0.2952,0.2871,0.5992,0.2891,0.6863,0.7075,0.2975,0.2836,0.5956,0.3226,1.1751,7.0041
32400000,577155873,381167,59,31,11,7,525,0.2931,0.2954,0.3011,0.5703,0.5719,0.3016,0.5636,0.2975,0.3032,1.3853,1.4261,0.6033,0.2976,0.8878,0.3301,1.7538,10.1817
32600000,578957092,381514,63,32,13,6,409,0.2899,0.2925,0.2993,0.2878,0.8322,0.2984,0.8270,0.3113,0.2945,2.0350,2.0931,0.2962,0.2933,1.1582,0.3145,2.2858,12.2090
32800000,580633205,381664,76,35,18,11,740,0.2905,0.2960,0.2998,0.2813,0.2882,0.2970,0.2747,0.3113,0.3001,0.7029,0.7210,0.3154,0.2982,0.2907,0.6407,0.5911,6.1988
33000000,582268042,381876,78,38,20,11,776,0.2841,0.2842,0.3032,0.2826,0.2801,0.3093,0.2820,0.3053,0.3024,0.6761,0.6992,0.3087,0.3150,0.3005,0.3213,0.5896,5.8436
33200000,584004592,382021,80,39,17,5,894,0.2841,0.2851,0.6061,0.5599,0.5632,0.3022,0.5498,0.6118,0.3078,0.7050,1.4185,0.6075,0.2995,0.6055,0.6403,1.1748,9.5210
33400000,585363751,382021,81,40,22,7,951,0.3074,0.2982,0.3177,0.3012,0.2909,0.3072,0.2860,0.3191,0.3098,0.7200,0.7368,0.3150,0.2986,0.3227,0.3256,0.5919,6.0483
33600000,586909725,382117,79,43,18,11,582,0.2900,0.5815,0.3078,0.2787,0.2817,0.3006,0.2912,0.3171,0.3060,1.3903,1.4265,0.6076,0.2871,0.6165,0.3208,0.5911,8.1945
33800000,588569205,382285,77,43,18,2,657,0.2871,0.8749,0.3051,0.2697,0.5657,0.3046,0.2847,0.3072,0.6028,2.0860,2.1470,0.9034,0.2871,0.3000,0.6460,1.1825,11.3537
34000000,590043774,382433,76,44,19,10,772,0.2905,0.2899,0.3060,0.2786,0.2856,0.3046,0.2870,0.6158,0.3016,2.8588,2.9446,0.3096,0.2920,0.3044,0.3234,0.5896,10.5821
34200000,591580095,382515,76,44,14,9,1028,0.2903,0.5689,0.3071,0.2830,0.2887,0.3051,0.2963,0.3060,0.2999,3.4194,3.5228,0.2984,0.5804,0.2996,0.3293,1.1540,12.5493
34400000,593190078,382658,72,45,12,5,546,0.2879,0.2788,0.2992,0.2869,0.2898,0.3077,0.2811,0.6136,0.6013,0.6956,4.2955,0.2987,0.8839,0.6059,0.3138,1.7630,12.1026
34600000,594753073,382738,86,47,11,6,681,0.2954,0.2949,0.3216,0.2837,0.2889,0.3095,0.2775,0.8976,0.3025,1.3725,4.8460,0.5953,0.3066,0.8764,0.3165,0.5915,12.1765
34800000,596309556,382974,95,48,17,11,941,0.2902,0.3053,0.3034,0.2766,0.2919,0.2950,0.2777,0.2937,0.2951,0.6847,0.7024,0.2932,0.2960,0.2988,0.6584,0.5919,6.1544
35000000,597818127,383029,108,49,24,8,1132,0.5636,0.5918,0.5925,0.2794,0.5688,0.5909,0.2829,0.3069,0.3101,0.6917,0.7130,0.3137,0.5757,0.2927,0.3297,0.5923,7.5956
35200000,599289368,383101,104,50,35,5,1373,0.2909,0.2986,0.9177,0.2843,0.2943,0.3083,0.5776,0.6269,0.6207,1.4027,1.4459,0.3087,0.3063,0.3082,0.6757,1.1960,9.8627
35400000,600754988,383218,105,52,14,6,859,0.2936,0.2946,1.2265,0.2882,0.2889,0.3073,0.8501,0.2985,0.3096,0.7044,2.1559,0.6233,0.2998,0.2966,0.3251,1.7777,10.3399
35600000,602349271,383292,116,52,22,13,972,0.5830,0.5811,1.5225,0.5741,0.2932,0.3060,0.2984,0.2982,0.3037,0.7060,0.7256,0.2997,0.3036,0.3015,0.3331,2.3622,9.7921
35800000,603879713,383401,120,54,37,13,996,0.2968,0.2968,0.3039,0.2900,0.2807,0.6004,0.2784,0.3001,0.3118,1.4396,1.4764,0.5973,0.3009,0.6029,0.3186,0.5950,8.2896
36000000,605234590,383417,118,55,30,19,1144,0.2921,0.2965,0.3029,0.2832,0.2820,0.3105,0.2870,0.3146,0.2971,2.1164,2.1711,0.3040,0.5952,0.3021,0.3317,0.5949,9.0812
36200000,606487477,383347,121,56,33,16,1170,0.1429,0.1456,0.1521,0.1415,0.1421,0.1530,0.1416,0.1566,0.1506,1.4314,1.4684,0.1499,0.1536,0.1533,0.1654,0.2938,5.1414
36400000,607847046,383551,124,57,25,11,1091,0.2911,0.2998,0.6073,0.5793,0.5771,0.3119,0.5627,0.6246,0.6163,3.5658,0.7170,0.3029,0.2967,0.3117,0.3344,1.1841,11.1827
36600000,609328009,383678,132,61,25,11,1143,0.2912,0.2861,0.3085,0.2823,0.2874,0.2966,0.2841,0.3101,0.2909,4.3826,1.4801,0.2968,0.2958,0.2998,0.6646,0.5917,10.6486
36800000,610809479,383898,144,58,25,20,1175,0.1476,0.1473,0.1529,0.1452,0.1435,0.3084,0.1431,0.1519,0.1548,0.3499,0.3593,0.1510,0.1487,0.1566,0.1634,0.2989,3.1224
37000000,612115485,383919,144,42,39,13,1331,0.2971,0.3039,0.3013,0.5807,0.2912,0.3010,0.2780,0.6147,0.3017,1.4383,1.4781,0.6180,0.5982,0.3151,0.3212,0.5957,8.6341
37200000,613473419,383902,147,42,32,13,1373,0.2898,0.2945,0.3043,0.8481,0.2899,0.3111,0.2765,0.3069,0.3040,0.7130,2.1703,0.3077,0.2930,0.6110,0.3323,1.1758,8.8283
37400000,614849194,383879,142,42,35,12,1699,0.2905,0.2922,0.2976,0.2806,0.2888,0.2969,0.2852,0.2959,0.3042,0.6875,0.7036,0.2971,0.2963,0.3016,0.3120,1.7300,6.9601
37600000,616157967,383894,135,43,36,11,1118,0.2957,0.5867,0.6064,0.2882,0.2977,0.3192,0.5696,0.3066,0.3146,1.3861,1.4230,0.6174,0.3010,0.6217,0.6312,0.5959,9.1608
37800000,617477482,384005,147,46,32,9,919,0.2939,0.2996,0.3074,0.5902,0.2847,0.3126,0.2929,0.3023,0.3035,0.6992,0.7208,0.3149,0.3000,0.3152,0.3218,1.2010,6.8600
38000000,618856552,384180,145,56,26,15,859,0.5930,0.2986,0.3007,0.8828,0.2968,0.3037,0.2891,0.6190,0.6257,0.6848,0.7057,0.2917,0.2882,0.3072,0.3289,1.8040,8.6199
38200000,620258637,384236,154,58,37,9,944,0.2922,0.2946,0.6072,1.1561,0.5790,0.3016,0.2811,0.3046,0.3067,1.3856,1.4242,0.2939,0.3058,0.6040,0.3278,0.5968,9.0611
38400000,621641668,384319,160,58,30,7,757,0.2923,0.3021,0.3025,1.4746,0.2852,0.6150,0.2896,0.3041,0.6164,0.7110,0.7306,0.6014,0.2947,0.9212,0.3222,1.2129,9.2756
38600000,622706985,384311,155,59,46,5,1000,0.2951,0.3055,0.3098,0.2829,0.2860,0.3087,0.3029,0.3006,0.3129,0.7439,0.7650,0.3113,0.2920,0.2938,0.6740,0.5984,6.3826
38800000,624011921,384388,172,62,44,9,1195,0.2931,0.3201,0.6185,0.2808,0.2864,0.3109,0.2970,0.5944,0.3072,0.7024,0.7266,0.6081,0.3089,0.5941,0.9731,1.1760,8.3976
39000000,625478235,384572,176,62,43,13,1312,0.5818,0.6120,0.3019,0.5593,0.2776,0.3020,0.5973,0.2937,0.6165,1.4204,0.7269,0.3053,0.6106,0.8940,0.3194,0.5941,9.0128
39200000,626833432,384723,200,62,61,6,1635,0.2936,0.3028,0.3128,0.8423,0.2880,0.3114,0.2839,0.5888,0.3059,0.7222,0.7427,0.3090,0.2961,0.3061,0.6409,0.5957,7.1422
39400000,628032353,384707,208,62,50,18,1818,0.3009,0.2972,0.3228,0.2905,0.2971,0.3207,0.2881,0.3160,0.3172,1.4336,1.4715,0.3209,0.2993,0.3107,0.9740,1.2026,8.7630
39600000,629276538,384829,205,56,48,13,1907,0.2923,0.2962,0.3119,0.2820,0.2971,0.3097,0.2936,0.3202,0.3179,0.6991,2.2200,0.3163,0.3024,0.3078,0.3329,0.5985,7.4978
39800000,630436715,384828,216,58,41,12,1745,0.2974,0.3027,0.3052,0.5680,0.3050,0.3206,0.2825,0.3197,0.3210,0.7392,0.7566,0.3036,0.3046,0.2957,0.6558,0.5964,6.6738
40000000,631737287,385029,220,60,40,10,1852,0.2957,0.6073,0.2952,0.2825,0.2885,0.6303,0.2840,0.6339,0.6337,1.4791,1.5145,0.6191,0.6075,0.6019,0.9805,1.2002,10.9538
40200000,633108897,385260,220,63,44,13,1640,0.2933,0.2918,0.6028,0.5765,0.2964,0.9461,0.5710,0.9519,0.3088,2.1874,2.2422,0.9333,0.2949,0.8991,0.3277,0.5955,12.3185
40400000,634286927,385410,233,68,45,3,1995,0.3024,0.2990,0.3118,0.2997,0.2857,0.3151,0.2953,0.3221,0.3140,2.8399,2.9119,0.3093,0.5823,1.1616,0.3406,0.6004,11.4911
40600000,635344224,385353,229,51,57,12,1857,0.6019,0.2989,0.3197,0.2894,0.5872,0.6272,0.2960,0.3048,0.6291,3.6193,3.7102,0.3048,0.9012,0.3145,0.3316,0.6004,13.7362
40800000,636739055,385433,227,51,45,10,1909,0.4498,0.1593,0.1533,0.1483,0.1504,0.4635,0.1449,0.1582,0.4652,0.3486,0.3582,0.1517,0.1499,0.1549,0.1658,0.2987,3.9207
41000000,637963140,385518,227,71,51,5,2259,0.0978,0.0988,0.1055,0.1951,0.0951,0.1016,0.0962,0.1035,0.1035,0.2286,0.2346,0.1023,0.0996,0.1011,0.2163,0.1951,2.1746
41200000,639192093,385741,227,73,30,11,1972,0.2936,0.2979,0.6448,0.8979,0.5861,0.3007,0.5963,0.3107,0.3175,0.7170,1.4676,0.6357,0.6156,0.3165,0.9968,1.2067,10.2013
41400000,640323097,385766,220,78,36,18,3014,0.5853,0.5895,0.3104,0.3004,0.8797,0.5944,0.2893,0.6144,0.6144,0.7165,0.7351,0.3001,0.9088,0.6229,0.3350,0.5987,8.9949
41600000,641519875,385853,225,80,43,6,2300,0.2927,0.2914,0.3167,0.5835,0.2924,0.3034,0.3026,0.3140,0.3115,0.7239,0.7400,0.6024,1.2054,0.3043,0.3212,1.1952,8.1004
41800000,642684302,385754,226,80,46,13,2403,0.5903,0.2936,0.6246,0.8717,0.5868,0.3091,0.6016,0.6194,0.6203,1.4494,1.4847,0.9054,0.2960,0.6140,0.3304,0.5964,10.7937
42000000,643696879,385875,237,81,28,14,1953,0.2957,0.3048,0.3135,0.2975,0.2998,0.3115,0.2975,0.3274,0.3149,0.7018,0.7200,0.3163,0.3169,0.3238,0.3400,0.6017,6.0831
42200000,644854379,385907,250,81,38,20,2067,0.2902,0.3109,0.3127,0.2883,0.2929,0.3169,0.2854,0.3082,0.3051,0.7271,0.7482,0.3013,0.3098,0.3126,0.3250,0.5992,6.0338
42400000,645974226,385952,270,73,33,18,2216,0.1459,0.1525,0.1490,0.1424,0.1466,0.1579,0.1371,0.1538,0.1555,0.7307,0.3752,0.1520,0.1495,0.1521,0.1651,0.2985,3.3636
42600000,647122446,386056,271,74,74,18,2547,0.2931,0.3080,0.3181,0.2810,0.2807,0.3175,0.2958,0.3121,0.3160,2.1400,1.4674,0.3158,0.3099,0.6022,0.3207,0.6012,8.4793
42800000,648126202,386037,272,73,49,11,2351,0.2965,0.3111,0.3090,0.2980,0.2941,0.3176,0.2878,0.3052,0.3141,2.8822,0.7717,0.3019,0.6158,0.9100,0.3378,1.1999,9.7526
43000000,649595669,386204,280,72,48,21,2098,0.5827,0.6032,0.3064,0.2849,0.5836,0.3122,0.5633,0.3025,0.6262,3.5892,1.4940,0.6017,0.9231,1.2125,0.3221,0.5964,12.9041
43200000,650745917,386232,299,73,61,19,2393,0.2926,0.3027,0.3211,0.2928,0.2855,0.3303,0.2805,0.3244,0.3137,4.4221,2.2935,0.3105,0.2966,1.5441,0.6602,0.5989,12.8696
43400000,651910094,386198,307,73,56,15,2370,0.3000,0.2996,0.6412,0.2957,0.2912,0.6601,0.2826,0.3114,0.6365,5.2712,0.7553,0.3084,0.6138,0.3064,1.0111,1.2128,13.1973
43600000,652967309,386309,320,74,61,13,3137,0.2945,0.3081,0.3023,0.2916,0.2930,0.3252,0.2881,0.3156,0.3144,0.7453,0.7677,0.3122,0.3049,0.3089,0.3439,0.6016,6.1173
43800000,653988471,386497,337,74,70,17,2795,0.2965,0.3254,0.3250,0.3046,0.3119,0.3100,0.2932,0.3121,0.3189,0.7180,0.7376,0.3183,0.3097,0.3034,0.3184,0.6019,6.1049
44000000,655134802,386423,356,76,70,15,3124,0.2891,0.6054,0.6215,0.2903,0.2906,0.3139,0.5645,0.6166,0.3061,0.7354,1.4660,0.3004,0.6119,0.2978,0.6463,0.6009,8.5566
44200000,656296745,386661,385,76,76,15,3902,0.5917,0.9323,0.9573,0.5970,0.2928,0.3041,0.8804,0.3104,0.6271,1.5061,2.2798,0.3098,0.3047,0.6158,0.3323,0.6019,11.4434
44400000,657541692,386759,398,76,91,16,4527,0.2858,1.2366,1.2750,0.2868,0.2833,0.6053,1.1689,0.3097,0.9339,2.2420,3.0410,0.3055,0.2972,0.3071,0.3366,1.2039,14.1184
44600000,658790519,386928,393,78,80,20,4386,0.3015,1.5909,0.3011,0.5900,0.5920,0.9438,1.4868,0.6265,1.2759,3.0099,3.8515,0.6314,0.2889,0.3104,0.3445,1.8384,17.9837
44800000,659764426,386829,418,80,99,22,4407,0.3009,0.3137,0.6074,0.2926,0.2938,0.3208,0.2970,0.3081,0.3183,0.7538,0.7744,0.3135,0.3000,0.3115,0.3425,0.6010,6.4491
45000000,660881272,386836,416,81,101,20,4214,0.2949,0.2960,0.3160,0.2803,0.2849,0.6264,0.2878,0.3077,0.3047,0.7237,0.7457,0.3200,0.2996,0.3000,0.3286,1.1838,6.9002
45200000,661816449,386840,404,84,106,18,3744,0.3010,0.3124,0.3256,0.3058,0.2895,0.3129,0.3029,0.3287,0.3156,1.4679,0.7628,0.3041,0.3184,0.3159,0.3419,1.7885,8.0938
45400000,662870839,386948,399,85,88,21,3939,0.5986,0.3068,0.6468,0.5978,0.2994,0.6441,0.3028,0.6580,0.6368,0.7196,1.5080,0.6217,0.6250,0.3117,0.3304,2.4081,11.2156
45600000,663904989,386947,395,85,101,18,4446,0.2972,0.3034,0.9550,0.2871,0.2925,0.9510,0.2916,0.3289,0.3158,1.4461,2.2331,0.3124,0.9181,0.3022,0.3320,0.6023,10.1685
45800000,664836263,387035,380,85,67,17,3104,0.3029,0.2979,0.3252,0.2965,0.5828,0.3351,0.2938,0.3202,0.6435,0.7393,0.7558,0.3159,0.3130,0.6206,0.6585,0.6010,7.4019
46000000,666053279,387163,383,87,62,18,2892,0.6060,0.3014,0.6522,0.2799,0.2978,0.6604,0.2855,0.3101,0.3061,0.7148,0.7333,0.3172,0.3111,0.3095,1.0163,0.6006,7.7021
46200000,667149781,387294,396,88,87,17,3338,0.8999,0.5984,0.3225,0.5650,0.2908,0.3282,0.2962,0.3123,0.3175,0.7228,1.4675,0.6313,0.3189,0.6151,0.3362,1.1909,9.2135
46400000,668163407,387415,409,88,91,14,3853,0.6020,0.1522,0.1593,0.1448,0.1471,0.1557,0.3017,0.3165,0.3154,0.7284,0.3706,0.1546,0.3154,0.1519,0.1615,0.9009,5.0780
46600000,669434487,387607,394,90,93,17,3616,0.3053,0.3043,0.6239,0.2883,0.2988,0.3058,0.8748,0.3075,0.3217,0.6874,0.7055,0.6174,0.3204,0.3094,0.3333,0.6012,7.2049
46800000,670718044,387622,404,91,94,10,3303,0.6039,0.2991,0.3143,0.5848,0.2852,0.3213,1.1637,0.3150,0.2995,1.3596,0.6905,0.9279,0.2960,0.3152,0.3253,0.5992,8.7004
47000000,671641671,387641,423,90,88,22,3649,0.2999,0.3096,0.3077,0.3002,0.2863,0.3171,0.2827,0.3312,0.3292,0.7548,0.7747,0.3084,0.3185,0.3069,0.3492,0.6047,6.1811
47200000,672767826,387697,418,90,93,17,3984,0.2952,0.3029,0.3111,0.5859,0.2905,0.6298,0.2949,0.6494,0.3282,0.7077,0.7275,0.3021,0.3016,0.3191,0.6885,0.6021,7.3364
47400000,673848039,387728,409,90,85,23,3492,0.5861,0.2985,0.6255,0.2952,0.5807,0.9336,0.5846,0.9555,0.6259,1.4078,1.4469,0.6104,0.3186,0.6198,1.0043,1.1936,12.0870
47600000,674800323,387876,391,91,73,21,3532,0.2954,0.3137,0.3153,0.2912,0.2919,0.3183,0.2999,0.3129,0.3093,0.7562,2.2634,0.3127,0.2969,0.3104,0.3502,0.6038,7.6414
47800000,675884499,387972,394,93,79,17,3721,0.3063,0.3032,0.3260,0.2921,0.2930,0.3174,0.2904,0.3227,0.3062,0.7280,0.7451,0.3207,0.2995,0.3123,0.3395,1.1991,6.7015
48000000,676920351,387988,415,93,84,21,3857,0.2976,0.3172,0.3272,0.3027,0.2965,0.3154,0.2880,0.3105,0.3211,0.7600,0.7836,0.3114,0.6088,0.3049,0.3585,0.6051,6.5085
48200000,677960172,388170,398,99,74,20,3511,0.5999,0.3104,0.3206,0.2922,0.5891,0.3131,0.5888,0.3305,0.3155,0.7162,0.7394,0.3074,0.3093,0.3090,0.3529,0.6021,6.9962
48400000,679080879,388132,390,100,71,16,3179,0.2937,0.2981,0.3293,0.2952,0.3009,0.3166,0.8591,0.3245,0.3216,1.4102,0.7484,0.6032,0.3097,0.3112,0.6767,0.6031,8.0015
48600000,679945807,388136,403,100,69,19,3903,0.3002,0.3161,0.6834,0.2907,0.3067,0.3182,0.2929,0.3193,0.3257,2.2767,1.5814,0.9680,0.3175,0.3237,0.3428,0.6025,9.5657
48800000,680990763,388158,395,100,73,18,3965,0.3015,0.6042,0.3289,0.5593,0.5837,0.3266,0.2955,0.3169,0.3174,2.8866,2.2515,0.3130,0.6175,0.3129,0.6592,0.6047,11.2792
49000000,681920455,388147,411,103,74,8,3854,0.5996,0.2954,0.3230,0.2940,0.2907,0.3196,0.2940,0.6280,0.3188,0.7370,0.7556,0.3169,0.3076,0.3327,0.9957,1.2109,8.0195
49200000,682954084,388179,399,104,73,10,4028,0.9001,0.3038,0.6570,0.2961,0.3117,0.3285,0.2981,0.3245,0.6390,1.4579,0.7452,0.6357,0.3116,0.3260,0.3443,0.6050,8.4844
49400000,683791968,388225,405,105,61,19,3767,1.2107,0.3066,0.9767,0.3003,0.6117,0.3356,0.6045,0.3274,0.9713,0.7395,0.7599,0.9762,0.3052,0.6587,0.3506,0.6073,10.0420
49600000,684466276,388257,449,106,85,13,3939,0.3008,0.3225,0.3230,0.3074,0.3026,0.3249,0.3108,0.3322,0.3289,1.5109,1.5539,0.3327,0.3199,0.9897,0.7062,0.6056,8.8722
49800000,685280791,388400,471,109,77,18,4780,0.3054,0.3199,0.3194,0.3038,0.6007,0.3208,0.2919,0.6567,0.6420,2.2301,2.2934,0.3295,0.3134,0.3157,0.3440,1.2021,10.7887
50000000,686385983,388492,472,109,83,17,5020,0.2972,0.3043,0.3190,0.3017,0.2898,0.3313,0.2844,0.3256,0.3157,0.7394,0.7590,0.3019,0.2972,0.3178,0.3392,1.7684,7.2921
50200000,687391191,388464,474,110,72,19,4882,0.5941,0.3063,0.3433,0.2956,0.2903,0.6643,0.3009,0.3254,0.6297,0.7426,1.5253,0.6099,0.3120,0.3109,0.6841,0.6032,8.5378
50400000,688228618,388595,504,110,103,23,5012,0.9144,0.3030,0.3185,0.3031,0.2973,0.3187,0.2970,0.3178,0.3214,0.7833,0.8000,0.3237,0.3055,0.3111,0.3520,1.2256,7.4922
50600000,689090981,388630,544,110,120,13,5977,1.1775,0.3108,0.3215,0.5912,0.5831,0.6161,0.2871,0.6285,0.3135,0.7548,0.7722,0.6277,0.6184,0.6120,0.3414,0.6046,9.1603
50800000,689681796,388691,584,113,130,27,5583,1.5484,0.6287,0.6731,0.9308,0.3020,0.3476,0.5897,0.3225,0.6546,0.7955,0.8152,0.9883,0.3239,0.3201,0.7020,1.2441,11.1865
51000000,690514699,388599,631,114,137,22,6125,1.8489,0.3207,0.3197,0.2928,0.2935,0.6659,0.8793,0.3222,0.3229,1.5351,1.5765,0.3085,0.3104,0.6274,0.3412,0.6033,10.5684
51200000,691334402,388660,641,115,115,21,6232,0.3011,0.6333,0.3309,0.2936,0.5809,0.3159,0.2963,0.3233,0.6408,2.2777,2.3375,0.3154,0.3201,0.3102,0.3531,1.2067,10.8366
51400000,692077578,388715,646,115,112,33,5269,0.1508,0.1539,0.1609,0.1518,0.1488,0.1571,0.1561,0.1558,0.1566,0.3696,0.3803,0.1613,0.1620,0.1575,0.1688,0.3006,3.0918
51600000,692923598,388672,676,118,121,19,5288,0.2959,0.3140,0.6462,0.3074,0.3019,0.3231,0.6030,0.3208,0.3175,1.5152,1.5564,0.3109,0.2997,0.6364,0.3364,0.6043,8.6892
51800000,693980589,388732,658,118,147,30,6137,0.1489,0.1612,0.1596,0.1517,0.1502,0.1626,0.1458,0.1609,0.1605,0.3737,0.3845,0.1581,0.1588,0.1558,0.1612,0.3092,3.1028
52000000,694858858,388817,659,120,156,23,6917,0.3060,0.3095,0.3097,0.3002,0.3039,0.3232,0.2980,0.3275,0.3359,1.4536,1.4944,0.3234,0.3211,0.3175,0.3390,0.6038,7.6668
52200000,695828647,388980,684,122,166,27,7257,0.2999,0.3069,0.3192,0.6051,0.2943,0.3239,0.5835,0.6458,0.3096,2.2060,2.2637,0.3143,0.3131,0.6316,0.3267,0.6032,10.3467
52400000,696657098,389079,661,124,133,25,6399,0.2992,0.3156,0.3215,0.2956,0.3076,0.3198,0.2976,0.3268,0.3197,0.7453,0.7656,0.3221,0.3117,0.3160,0.3277,0.6046,6.1963
52600000,697623877,389170,657,125,141,32,6601,0.3038,0.6421,0.6425,0.5941,0.2924,0.3240,0.5982,0.6554,0.6467,0.7318,1.5311,0.6608,0.6323,0.3089,0.3511,1.2186,10.1338
52800000,698361288,389257,712,125,139,30,7033,0.3016,0.3150,0.3181,0.2821,0.2991,0.3338,0.2974,0.3204,0.3232,0.7638,0.7818,0.3289,0.3181,0.3060,0.6902,0.6075,6.5870
53000000,699185560,389273,680,127,148,17,7716,0.6072,0.3186,0.6464,0.2960,0.3007,0.3311,0.2958,0.6449,0.6565,0.7665,0.7849,0.3148,0.6315,0.6076,0.3493,0.6056,8.1572
53200000,699866591,389208,674,130,134,21,5945,0.1466,0.1512,0.1602,0.1450,0.1477,0.1628,0.1525,0.1592,0.1611,0.3634,0.3725,0.1557,0.1527,0.4618,0.3394,0.2982,3.5300
53400000,700566693,389081,665,130,139,25,6381,0.3047,0.6240,0.3245,0.2996,0.3053,0.3330,0.2892,0.6596,0.3146,1.4987,0.7866,0.6338,0.3179,1.2502,0.3391,1.2079,9.4888
53600000,701440068,389185,686,131,143,28,6504,0.3142,0.3220,0.3202,0.2862,0.2985,0.3315,0.2938,0.3246,0.3240,0.7318,0.7483,0.9490,0.6282,0.3206,0.6829,0.6052,7.4809
53800000,702092242,389216,652,134,136,26,5434,0.6178,0.6363,0.3318,0.2958,0.6052,0.6541,0.3102,0.6588,0.3369,1.4945,1.5277,0.3328,0.3135,0.6371,0.3667,0.6074,9.7263
54000000,702866375,389231,670,136,155,41,6564,0.3014,0.3194,0.6581,0.3062,0.3122,0.3315,0.2962,0.3288,0.3236,2.2363,2.2831,0.3364,0.3084,0.3073,0.7022,0.6055,9.9566
54200000,703832241,389342,670,136,143,32,5951,0.3047,0.3149,0.3200,0.3002,0.3052,0.6760,0.2950,0.6677,0.3163,0.7508,0.7720,0.3214,0.3240,0.3167,1.1020,1.2479,8.3348
54400000,704587380,389392,672,137,152,36,5561,0.3013,0.3218,0.6471,0.6037,0.6054,0.9989,0.6085,0.3228,0.6347,0.7626,1.5442,0.3245,0.3196,0.6217,0.3647,1.8332,10.8143
Report usecs used: 2187348
Report usecs used: 2890417
That is 2 seconds
Setup usecs used: 0
That is 0 seconds
Seeding usecs used: 4861583
That is 4 seconds
Random usecs used: 25041250
That is 25 seconds
That is 2 seconds
Setup usecs used: 0
That is 0 seconds
Seeding usecs used: 6105305
That is 6 seconds
Random usecs used: 31355529
That is 31 seconds
Execute usecs used: 123695352
Report usecs used: 3843694
That is 123 seconds
That is 3 seconds
Cell Splitting usecs used: 11314183
Execute usecs used: 110966126
That is 110 seconds
Cell Splitting usecs used: 12239991
That is 12 seconds
Report usecs used: 2188372
Setup usecs used: 0
That is 0 seconds
Seeding usecs used: 4793236
That is 4 seconds
That is 2 seconds
Random usecs used: 24604082
That is 11 seconds
Setup usecs used: 1
That is 0 seconds
Seeding usecs used: 4862580
That is 4 seconds
Random usecs used: 24922634
That is 24 seconds
Execute usecs used: 123774554
That is 123 seconds
Cell Splitting usecs used: 11323823
That is 24 seconds
That is 11 seconds
Execute usecs used: 123093415
That is 123 seconds
Cell Splitting usecs used: 11148799
That is 11 seconds
Thread 0 executed 504487589 instructions
Thread 1 executed 506452685 instructions
Thread 2 executed 504143951 instructions
Thread 3 executed 912926338 instructions
Total: 2428010563

real	3m7.812s
user	12m25.506s
sys	0m2.517s
