200000,9245572,10501,0,1,0,0,0,0.0223,0.0296,0.0292,0.0266,0.0278,0.0367,0.0305,0.0398,0.0309,0.1704,0.1697,0.0341,0.0341,0.0324,0.0347,0.0117,0.7604
400000,18069645,22617,0,2,0,0,0,0.0506,0.0643,0.0654,0.0516,0.0586,0.0629,0.0615,0.0689,0.0644,0.2901,0.2893,0.0640,0.0685,0.0630,0.0667,0.0383,1.4280
600000,26500111,34601,0,2,0,0,0,0.0341,0.0410,0.0426,0.0359,0.0392,0.0419,0.0380,0.0465,0.0420,0.1685,0.1697,0.0416,0.0429,0.0413,0.0481,0.0326,0.9060
800000,34788076,46300,1,3,0,0,3,0.0268,0.0559,0.0595,0.0281,0.0285,0.0616,0.0541,0.0361,0.0332,0.2258,0.1154,0.0590,0.0305,0.0328,0.0333,0.0515,0.9319
[EVENT] Viable replicators have appeared!
1000000,42788421,57432,1,3,0,0,0,0.0230,0.0254,0.0292,0.0245,0.0252,0.0267,0.0256,0.0283,0.0264,0.0925,0.0932,0.0251,0.0263,0.0277,0.0287,0.0281,0.5558
1200000,50553798,68386,1,3,0,0,0,0.1022,0.1053,0.1235,0.1065,0.1104,0.1178,0.2049,0.1245,0.1195,0.3564,0.3614,0.1092,0.2139,0.1171,0.2332,0.1290,2.6349
1400000,58060419,78726,1,3,0,0,0,0.2065,0.1142,0.1260,0.1080,0.2214,0.2368,0.3217,0.1239,0.1221,0.7049,0.7153,0.2365,0.1127,0.2388,0.3555,0.1483,4.0925
1600000,65224402,88553,2,3,0,0,0,0.1129,0.1216,0.1346,0.2247,0.3390,0.1304,0.4441,0.1322,0.1309,0.3882,0.3919,0.1249,0.2324,0.3660,0.4881,0.1645,3.9263
1800000,72610597,98293,1,3,0,0,0,0.1166,0.2382,0.2590,0.1278,0.4507,0.1304,0.5551,0.2601,0.1308,0.3667,0.7499,0.1291,0.3509,0.1310,0.1307,0.1802,4.3071
2000000,79641643,107479,1,3,0,0,0,0.1300,0.1294,0.4073,0.2600,0.1362,0.1363,0.1310,0.4071,0.1457,0.7668,1.1567,0.1403,0.1362,0.2613,0.1473,0.1945,4.6862
2200000,86421129,116288,3,4,1,0,3,0.1306,0.2708,0.1454,0.4004,0.1313,0.2828,0.1409,0.1492,0.1391,1.1669,1.5666,0.1396,0.1359,0.4095,0.1378,0.4068,5.7535
2400000,93209998,124827,4,4,0,0,0,0.1373,0.1374,0.1476,0.1415,0.1352,0.1501,0.1388,0.1584,0.1505,1.5330,1.9311,0.1467,0.1486,0.1484,0.1538,0.2224,5.5807
2600000,99706560,132925,4,4,0,2,3,0.1437,0.1517,0.1548,0.1443,0.1498,0.1578,0.1468,0.1584,0.1567,0.4071,0.4179,0.3050,0.1568,0.1486,0.3181,0.2343,3.3519
2800000,106131055,140979,6,5,0,0,0,0.1463,0.1513,0.1634,0.1566,0.1464,0.1653,0.1564,0.1657,0.1601,0.4065,0.4183,0.1533,0.1595,0.1561,0.1637,0.2458,3.1147
3000000,112368611,148679,6,5,1,0,0,0.3004,0.1553,0.3316,0.3078,0.3019,0.3364,0.1605,0.1713,0.1582,0.8221,0.8442,0.3143,0.1623,0.1613,0.1638,0.2584,4.9498
3200000,118520425,156032,8,5,0,1,5,0.1566,0.1588,0.1629,0.1573,0.1555,0.1691,0.1574,0.1675,0.1661,0.4108,0.4221,0.1698,0.1622,0.1634,0.1660,0.2674,3.2129
3400000,124419398,163067,7,5,0,2,2,0.1652,0.3242,0.1765,0.1638,0.1683,0.3444,0.3232,0.3430,0.1732,0.8276,0.4321,0.1752,0.3276,0.1732,0.1752,0.2782,4.5708
3600000,130502104,170118,9,6,0,1,16,0.1688,0.4861,0.3487,0.1679,0.3349,0.5121,0.1716,0.1881,0.1801,1.2372,0.8677,0.1759,0.4947,0.3415,0.3521,0.2873,6.3146
3800000,136377543,176902,10,6,2,0,64,0.1744,0.1746,0.1840,0.1701,0.1745,0.1857,0.1724,0.1801,0.1780,0.4249,0.4377,0.1747,0.1767,0.1736,0.1858,0.2975,3.4649
4000000,142219117,183436,10,7,1,0,84,0.3484,0.3475,0.1826,0.1693,0.1766,0.3694,0.3438,0.3627,0.3562,0.4238,0.4352,0.1762,0.3524,0.3534,0.1851,0.6027,5.1853
4200000,148170070,189797,13,7,1,0,23,0.1726,0.1833,0.1885,0.3330,0.1785,0.5398,0.1684,0.1873,0.5266,0.8481,0.8726,0.1808,0.1785,0.5228,0.3715,0.3148,5.7669
4400000,153842327,195753,12,9,0,1,96,0.0885,0.0880,0.0910,0.0876,0.0858,0.0918,0.0867,0.1870,0.0897,0.2072,0.2137,0.0902,0.0881,0.0899,0.0934,0.1582,1.8367
4600000,159339989,201513,12,10,0,0,11,0.1810,0.1862,0.3761,0.1806,0.1830,0.1916,0.1802,0.5782,0.1889,0.8761,0.9032,0.1937,0.1856,0.1829,0.3808,0.3303,5.2984
4800000,164776591,207059,13,11,2,2,62,0.1852,0.1781,0.1960,0.1878,0.1820,0.1932,0.1827,0.1965,0.1969,0.4571,0.4704,0.1924,0.1890,0.1918,0.1960,0.6622,4.0573
5000000,170405212,212686,17,14,1,4,127,0.0942,0.0928,0.1992,0.1832,0.0951,0.0972,0.0933,0.1008,0.0975,0.2220,0.2296,0.0978,0.0956,0.0958,0.1964,0.1749,2.1653
5200000,175584819,217813,16,16,1,1,116,0.0629,0.0633,0.0657,0.1847,0.0613,0.0639,0.0634,0.0684,0.0652,0.1510,0.1556,0.0666,0.0631,0.1275,0.1987,0.1149,1.5762
5400000,180811132,222724,18,15,2,1,180,0.1962,0.3919,0.2012,0.7492,0.1924,0.2069,0.1896,0.4112,0.3943,0.4548,0.4707,0.2012,0.3846,0.2001,0.8071,0.3586,5.8098
5600000,186096592,227608,17,15,0,3,164,0.1916,0.1927,0.2086,0.1857,0.1955,0.2011,0.1905,0.2106,0.5874,0.4413,0.4567,0.1971,0.2014,0.1997,0.2026,0.7149,4.5772
5800000,191315783,232251,20,16,1,2,85,0.3875,0.3904,0.4213,0.1999,0.1977,0.2100,0.1891,0.2093,0.2001,0.4591,0.4766,0.2094,0.1975,0.4095,0.2113,1.0868,5.4553
6000000,196540401,236802,17,16,2,2,215,0.1943,0.2044,0.2060,0.3897,0.1969,0.2127,0.1975,0.2096,0.3990,0.9270,0.9621,0.1992,0.2023,0.1983,0.2050,0.3775,5.2815
6200000,201583978,241202,16,16,0,3,297,0.4013,0.4176,0.2171,0.1979,0.1996,0.2096,0.3996,0.2108,0.6106,1.4202,1.4719,0.4163,0.4116,0.2062,0.2088,0.7697,7.7686
6400000,206583183,245385,16,15,0,0,96,0.2053,0.1981,0.2178,0.1964,0.2009,0.2155,0.1977,0.2194,0.2114,1.8926,1.9607,0.6219,0.2081,0.2096,0.2213,1.1605,8.1371
6600000,211511692,249442,16,16,2,0,108,0.2060,0.2096,0.4364,0.3975,0.2048,0.2196,0.2035,0.2187,0.2093,0.4757,0.4935,0.2086,0.2100,0.2071,0.4321,0.3943,4.7266
6800000,216220714,253271,16,16,1,0,42,0.2072,0.4272,0.6776,0.2082,0.4147,0.4476,0.2034,0.4460,0.4338,0.4968,1.0245,0.2132,0.2106,0.4261,0.6752,0.8076,7.3197
7000000,221148409,257012,13,16,5,1,173,0.4079,0.6165,0.8677,0.2017,0.6054,0.2153,0.1931,0.2087,0.2143,0.4748,0.4924,0.4217,0.4153,0.2191,0.8617,0.4051,6.8207
7200000,225867202,260682,13,16,1,0,34,0.2148,0.2132,0.2236,0.2127,0.2098,0.4359,0.2057,0.2163,0.2173,0.4947,0.5129,0.6300,0.2122,0.2206,1.0757,0.4095,5.7048
7400000,230572907,264119,16,17,2,0,105,0.2127,0.2067,0.2171,0.2029,0.2084,0.2197,0.4136,0.2199,0.2198,0.9833,1.0218,0.2184,0.2133,0.4422,1.3188,0.4150,6.7334
7600000,235088589,267547,17,17,0,0,261,0.4269,0.2174,0.4459,0.2109,0.2155,0.4427,0.2118,0.2315,0.2156,1.4937,0.5215,0.4402,0.2210,0.6636,1.5604,0.8378,8.3565
7800000,239521160,270702,20,16,8,1,369,0.1096,0.1112,0.3380,0.1067,0.2193,0.1191,0.2118,0.2285,0.1142,0.9892,0.2581,0.3306,0.2210,0.1124,0.1149,0.2141,3.7987
8000000,244012155,273762,23,18,7,1,304,0.2174,0.2078,0.2265,0.2172,0.2135,0.4661,0.2129,0.2305,0.2273,0.5016,1.0382,0.2153,0.2201,0.2192,0.2231,0.4259,5.0627
8200000,248517573,276992,20,17,1,3,243,0.2208,0.2153,0.4495,0.4255,0.4212,0.2347,0.4196,0.4539,0.4384,0.9955,1.5297,0.4323,0.4296,0.4300,0.2330,0.8420,8.1709
8400000,252989587,280081,21,17,2,2,295,0.1093,0.1065,0.1116,0.1043,0.1085,0.1110,0.1064,0.1133,0.1087,0.2489,0.2583,0.1112,0.1105,0.1109,0.1150,0.2150,2.1493
8600000,257394153,283057,24,17,5,0,194,0.0738,0.0701,0.0767,0.0709,0.0731,0.0753,0.0715,0.0739,0.0751,0.1660,0.1713,0.0752,0.0744,0.0776,0.0769,0.1446,1.4463
8800000,261668348,285894,28,17,7,2,135,0.0568,0.0558,0.0583,0.0549,0.1110,0.0577,0.0533,0.0598,0.0576,0.2576,0.1377,0.0556,0.0571,0.0565,0.1176,0.1107,1.3579
9000000,265925621,288662,33,19,3,3,187,0.2245,0.2198,0.2260,0.2209,0.2215,0.2376,0.2250,0.2202,0.2286,0.5061,0.5247,0.2264,0.2170,0.2347,0.2467,0.4497,4.4293
9200000,270132478,291115,31,19,6,4,210,0.1157,0.1151,0.1199,0.2211,0.1104,0.2357,0.1092,0.2275,0.2286,0.5043,0.2631,0.1215,0.1144,0.1170,0.1243,0.4506,3.1786
9400000,274316359,293549,30,20,4,6,167,0.2298,0.2349,0.2424,0.6511,0.4435,0.2282,0.2205,0.2368,0.2290,0.5234,0.5418,0.2266,0.2299,0.4587,0.2426,0.4557,5.3948
9600000,278500287,295891,36,20,2,2,141,0.2270,0.2287,0.2380,0.2242,0.2248,0.2411,0.2189,0.2338,0.2351,0.5190,0.5385,0.2361,0.2273,0.2268,0.4892,0.9188,5.2274
9800000,282662059,298396,45,24,3,0,253,0.2214,0.4553,0.4833,0.2181,0.4588,0.4795,0.2293,0.4783,0.2280,0.4999,1.0687,0.2347,0.2281,0.4709,0.2394,1.3980,7.3919
10000000,286654363,300727,41,24,5,7,291,0.4534,0.2320,0.2384,0.4361,0.2223,0.2402,0.4530,0.7170,0.2392,1.0390,1.6303,0.2361,0.4499,0.2427,0.2449,1.8647,8.9392
10200000,290521042,302850,47,26,4,5,355,0.1161,0.1175,0.1201,0.1130,0.1129,0.1238,0.1172,0.1302,0.2378,0.2745,0.2838,0.1269,0.3392,0.1236,0.1275,0.2359,2.7001
10400000,294410475,305009,46,27,4,5,292,0.2297,0.2257,0.2411,0.4567,0.4573,0.2366,0.2257,0.5102,0.2319,1.0861,0.5480,0.4928,0.2229,0.4928,0.2418,0.4691,6.3681
10600000,298260510,307129,45,28,5,5,312,0.4559,0.4468,0.2497,0.2309,0.2293,0.4732,0.2360,0.2503,0.4629,0.5191,0.5398,0.2319,0.4458,0.2451,0.2510,0.9273,6.1950
10800000,302404587,309171,46,32,5,11,419,0.2328,0.2366,0.2412,0.2239,0.2221,0.2445,0.2222,0.2348,0.2349,0.5192,0.5368,0.2388,0.2346,0.2471,0.2429,0.4738,4.5861
11000000,306311449,311070,61,34,7,5,466,0.1193,0.2407,0.1246,0.2300,0.1197,0.2479,0.1142,0.2447,0.2382,0.2606,0.2691,0.1298,0.1177,0.2464,0.1217,0.4771,3.3016
11200000,310062541,312936,59,35,9,11,512,0.2366,0.7368,0.2500,0.2320,0.2338,0.2539,0.2313,0.2465,0.2449,0.5455,0.5682,0.5145,0.4819,0.2474,0.2447,0.4821,5.7501
11400000,313842947,314709,61,35,4,3,434,0.2414,0.2412,0.2523,0.2325,0.2365,0.2451,0.2318,0.2553,0.2525,0.5585,0.5766,0.2452,0.2413,0.2476,0.2523,0.4838,4.7939
11600000,317382593,316423,59,35,5,2,460,0.1173,0.1173,0.1218,0.1141,0.1170,0.1214,0.1157,0.1252,0.1178,0.2641,0.2728,0.1214,0.1202,0.1208,0.1240,0.2381,2.3291
11800000,321150852,318265,56,36,4,3,371,0.4725,0.4661,0.4926,0.4583,0.4639,0.4831,0.4664,0.4997,0.2493,1.0670,1.1032,0.2411,0.2354,0.2494,0.2529,0.4897,7.6905
12000000,324817470,320051,48,37,2,5,855,0.2414,0.2431,0.2631,0.2335,0.2370,0.2524,0.2383,0.2568,0.2461,0.5485,0.5695,0.2459,0.2307,0.2538,0.2637,0.4896,4.8135
12200000,328300779,321790,50,40,4,3,387,0.4866,0.2441,0.5263,0.2438,0.4827,0.2562,0.2332,0.5072,0.5003,1.1008,0.5759,0.4971,0.2445,0.2566,0.2649,0.4952,6.9155
12400000,331867326,323339,48,42,14,3,321,0.2474,0.2376,0.2546,0.2357,0.7323,0.5035,0.2315,0.2551,0.2443,0.5396,0.5591,0.2434,0.4986,0.5075,0.2638,1.0031,6.5570
12600000,335350060,324892,45,42,3,4,239,0.2474,0.2375,0.2510,0.2406,0.2405,0.2545,0.4601,0.2617,0.2555,1.1021,1.1414,0.4977,0.7338,0.7513,0.5220,1.4891,8.6862
12800000,338866431,326475,42,43,4,7,278,0.4946,0.2487,0.2666,0.2416,0.2490,0.2634,0.2416,0.2558,0.2518,0.5446,0.5659,0.2538,0.9910,0.2495,0.7916,0.5011,6.4106
13000000,342370771,327902,42,43,1,1,257,0.2490,0.2480,0.2582,0.4794,0.2383,0.5141,0.4668,0.5092,0.2528,1.0836,0.5711,0.2532,0.2449,0.4954,1.0287,0.5019,7.3946
13200000,345765398,329284,44,43,5,6,429,0.5010,0.5019,0.5224,0.2465,0.4957,0.2510,0.2391,0.7828,0.2500,1.6676,1.1640,0.2541,0.4952,0.7662,0.2633,0.5035,8.9044
13400000,349227861,330559,39,43,4,3,119,0.2507,0.7427,0.7705,0.4793,0.7278,0.2580,0.2288,0.2638,0.2512,2.1962,1.7191,0.2608,0.7323,1.0039,0.2644,0.5054,10.6548
13600000,352664929,332001,40,43,7,6,226,0.5055,0.9873,1.0332,0.2401,0.2445,0.5204,0.2392,0.5163,0.2486,0.5621,0.5846,0.2548,0.2448,0.2549,0.2661,0.5092,7.2115
13800000,355918296,333229,40,41,7,3,147,0.2562,0.2517,0.2652,0.2460,0.2435,0.2675,0.2422,0.2547,0.2657,1.1359,1.1761,0.2550,0.2513,0.2586,0.2690,0.5120,6.1505
14000000,359381476,334564,40,38,5,2,132,0.2496,0.2394,0.2646,0.2415,0.2438,0.2562,0.2399,0.2647,0.2535,0.5595,0.5803,0.2609,0.2492,0.2567,0.5224,0.5129,5.1954
14200000,362672371,335703,40,32,7,3,162,0.2480,0.4947,0.2566,0.4934,0.2473,0.5333,0.2441,0.5323,0.5047,1.1403,0.5799,0.5248,0.2562,0.2530,0.8096,0.5157,7.6339
14400000,365926524,337015,40,32,4,2,133,0.4946,0.7412,0.2695,0.2412,0.4847,0.2677,0.4776,0.2617,0.2656,0.5809,0.6029,0.2573,0.2556,0.2564,0.2668,0.5174,6.2410
14600000,369382554,338301,40,33,4,5,228,0.2512,0.9860,0.2651,0.2396,0.7317,0.5163,0.7165,0.5212,0.2472,1.1416,1.1812,0.5104,0.2462,0.5100,0.2580,0.5168,8.8390
14800000,372607613,339511,43,33,4,2,159,0.2497,0.2517,0.2683,0.2330,0.2453,0.2614,0.2477,0.2583,0.2513,0.5998,0.6229,0.2590,0.2525,0.2574,0.2761,1.0545,5.5891
15000000,375882322,340691,41,34,2,5,203,0.2515,0.2597,0.2676,0.2471,0.2514,0.2628,0.2500,0.2627,0.2571,1.1520,1.1948,0.2666,0.2578,0.2566,0.2727,1.5521,7.2626
15200000,378846760,341762,34,34,2,1,164,0.2569,0.5157,0.2747,0.2503,0.2538,0.5319,0.2544,0.2690,0.2770,1.7763,1.8405,0.5396,0.2519,0.5254,0.2733,0.5252,8.6159
15400000,381962882,342774,45,34,6,6,64,0.5087,0.2552,0.2636,0.4923,0.2474,0.7955,0.2400,0.5277,0.5456,0.5826,2.4602,0.2558,0.2466,0.2599,0.2614,1.0531,8.9954
15600000,385094989,343777,47,36,9,3,68,0.7420,0.4958,0.2677,0.2500,0.2531,0.2640,0.2460,0.7734,0.7909,0.5524,0.5702,0.5150,0.4918,0.5080,0.2642,0.5265,7.5109
15800000,388182094,344783,53,39,5,4,172,0.2548,0.2515,0.2711,0.2434,0.2558,0.2726,0.2467,0.2703,0.2620,1.1248,0.6004,0.2628,0.2612,0.2547,0.2744,1.0482,6.1547
16000000,391294780,345750,57,42,8,4,211,0.2561,0.5156,0.2711,0.2524,0.2504,0.5431,0.2352,0.2667,0.2665,0.5656,1.2063,0.5231,0.5299,0.2605,0.2735,1.6158,7.8316
16200000,394132403,346614,63,44,9,4,244,0.2621,0.2575,0.2737,0.2538,0.5000,0.2662,0.2527,0.2644,0.2651,0.5662,0.5821,0.2658,0.2567,0.2634,0.2701,2.1456,6.9454
16400000,397204828,347558,71,46,10,8,355,0.1317,0.1263,0.1354,0.1270,0.1295,0.1333,0.1274,0.1343,0.1352,0.2965,0.3070,0.1352,0.1285,0.1298,0.1389,0.2697,2.5856
16600000,400124043,348474,67,47,8,6,301,0.2630,0.5075,0.2683,0.2497,0.5135,0.2653,0.5056,0.2722,0.2603,0.5865,0.6057,0.2676,0.5103,0.5266,0.2752,1.0750,6.9522
16800000,403091391,349408,72,48,5,9,493,0.2518,0.2592,0.2701,0.2510,0.2541,0.2691,0.2467,0.2718,0.2706,0.5731,0.5943,0.2669,0.2554,0.2702,0.2740,0.5353,5.1138
17000000,406010616,350193,78,52,9,6,293,0.2592,0.2531,0.2724,0.2498,0.2537,0.2691,0.2602,0.2719,0.2745,0.5745,0.5965,0.2615,0.2591,0.2634,0.2853,0.5368,5.1411
17200000,408696188,351038,76,52,12,8,418,0.5242,0.5255,0.5479,0.5092,0.2555,0.5530,0.5297,0.5499,0.2655,0.6060,1.2389,0.2717,0.2609,0.5419,0.5718,1.0878,8.8393
17400000,411572130,351913,76,52,3,5,386,0.2634,0.7623,0.2700,0.7430,0.5046,0.2828,0.2524,0.2767,0.5291,0.6122,1.8192,0.2648,0.5129,0.2622,0.2850,0.5413,8.1820
17600000,414418286,352666,81,55,8,5,378,0.2591,1.0474,0.5442,0.2520,0.2547,0.2727,0.2491,0.2655,0.2645,1.2291,0.6153,0.2613,0.2571,0.2643,0.5756,1.1017,7.7135
17800000,417221626,353333,82,57,6,3,597,0.2704,0.2560,0.2791,0.5111,0.2619,0.2853,0.2590,0.2777,0.2677,0.6035,0.6211,0.2753,0.2662,0.5278,0.2782,0.5459,5.7861
18000000,419897104,354123,78,57,9,6,394,0.2625,0.2620,0.2786,0.2545,0.2609,0.2694,0.2479,0.2798,0.2780,0.6275,0.6445,0.2797,0.2642,0.2728,0.2766,0.5444,5.3032
18200000,422720316,355001,77,57,10,6,810,0.2641,0.5141,0.5519,0.2540,0.5137,0.5433,0.2540,0.5473,0.5450,1.2354,1.2722,0.2720,0.5284,0.5359,0.5545,0.5452,8.9309
18400000,425447725,355589,92,57,6,4,466,0.2687,0.2754,0.2834,0.2536,0.7730,0.2736,0.2503,0.2713,0.2680,0.6119,1.9191,0.2713,0.2664,0.2755,0.2968,1.0956,7.6539
18600000,428075130,356309,92,57,13,5,700,0.2692,0.2645,0.2779,0.2687,0.2539,0.2810,0.2471,0.2818,0.2747,0.6132,0.6329,0.2799,0.2647,0.2707,0.2895,0.5463,5.3160
18800000,430752510,357053,100,57,10,6,450,0.5284,0.2580,0.5480,0.5219,0.2523,0.2776,0.2520,0.2694,0.2700,1.2113,1.2520,0.2785,0.5285,0.5357,0.5720,0.5480,8.1036
19000000,433658330,357814,102,57,12,9,635,0.2665,0.2608,0.2756,0.2577,0.2587,0.2719,0.2477,0.2700,0.2692,0.5863,0.6068,0.2722,0.2633,0.2691,0.2803,0.5465,5.2025
19200000,436340951,358453,113,59,9,12,868,0.2603,0.2636,0.2732,0.2597,0.2679,0.5516,0.2525,0.2767,0.2645,0.5968,0.6135,0.2702,0.5080,0.2696,0.5520,0.5488,6.0290
19400000,438869964,358968,111,61,6,7,624,0.2667,0.2700,0.2815,0.2585,0.2629,0.2803,0.2546,0.2712,0.2758,1.2517,0.6435,0.2719,0.2699,0.2743,0.2908,0.5515,5.9752
19600000,441517060,359601,107,63,9,13,539,0.2701,0.2583,0.5516,0.5122,0.5247,0.5509,0.2637,0.5486,0.2751,0.6045,0.6244,0.5378,0.5323,0.2724,0.2888,0.5500,7.1651
19800000,444133691,360225,99,63,9,7,580,0.2727,0.2620,0.8345,0.7604,0.7852,0.8166,0.2545,0.2738,0.5484,0.6141,1.2489,0.2727,0.2673,0.2766,0.2872,0.5521,8.3270
20000000,446908136,360866,96,64,7,3,604,0.5369,0.2620,1.1018,0.2588,1.0414,0.2751,0.2529,0.2795,0.8230,1.2148,0.6230,0.2686,0.5315,0.2697,0.5546,0.5519,8.8454
20200000,449468133,361408,97,65,13,6,628,0.2687,0.2677,0.2755,0.2590,0.2651,0.5622,0.2561,0.2754,0.2711,0.6053,0.6276,0.2730,0.2666,0.2706,0.8461,1.1176,6.7074
20400000,452027930,361830,106,66,6,6,846,0.2645,0.2622,0.5550,0.2616,0.5337,0.2796,0.2610,0.2756,0.5536,1.2294,0.6417,0.5507,0.2700,0.2742,0.2863,0.5542,7.0531
20600000,454756131,362397,106,70,15,7,683,0.2628,0.2636,0.2700,0.2525,0.2603,0.2728,0.2586,0.2807,0.2826,1.7999,0.6240,0.2782,0.5331,0.2731,0.5550,0.5528,7.0200
20800000,457270635,362852,103,72,7,5,779,0.2671,0.5307,0.2718,0.5190,0.5257,0.2832,0.2604,0.2791,0.2888,2.4440,1.2702,0.2788,0.8118,0.2793,0.2746,0.5561,9.1405
21000000,459773887,363300,102,72,16,14,706,0.5346,0.2646,0.2910,0.2503,0.2648,0.2696,0.5211,0.2806,0.2796,0.6237,0.6448,0.2718,0.2572,0.2749,0.2942,1.1206,6.4434
21200000,462192388,363831,109,75,11,18,589,0.2652,0.5321,0.5713,0.2666,0.2654,0.2765,0.7803,0.2877,0.5524,1.2344,1.2739,0.5561,0.5243,0.2761,0.5773,1.6622,9.9017
21400000,464672580,364379,106,77,12,9,716,0.5413,0.2872,0.2857,0.5279,0.5300,0.2899,0.2695,0.5765,0.2679,1.9033,1.9610,0.2833,0.2785,0.2793,0.2979,0.5615,9.1406
21600000,467195530,364800,98,78,4,3,531,0.2682,0.2700,0.2763,0.2609,0.2556,0.2830,0.2599,0.2837,0.2772,0.6285,0.6493,0.2677,0.2727,0.2886,0.2876,0.5606,5.3897
21800000,469620012,365374,99,78,6,7,346,0.2660,0.2609,0.2826,0.5250,0.2688,0.5693,0.2520,0.2859,0.5538,1.2606,1.2966,0.5521,0.2649,0.2737,0.5770,1.1204,8.6096
22000000,472092956,366008,91,78,7,5,368,0.2733,0.2705,0.2855,0.2732,0.2711,0.2913,0.2620,0.2837,0.2836,1.8356,1.8868,0.2788,0.2790,0.2800,0.2892,0.5632,7.9068
22200000,474369645,366384,97,78,7,6,442,0.5671,0.2871,0.5970,0.5628,0.5613,0.5913,0.5402,0.5814,0.5922,2.6248,0.6784,0.2876,0.5655,0.5770,0.2941,0.5640,10.4716
22400000,476687371,366862,91,78,12,2,276,0.4171,0.1375,0.1390,0.4163,0.4115,0.1450,0.1332,0.1449,0.1410,0.3270,0.6729,0.2851,0.4198,0.4275,0.2905,0.2849,4.7934
22600000,479126386,367284,94,78,7,4,470,0.2712,0.2698,0.2877,1.0528,0.2656,0.2916,0.5143,0.2807,0.2732,0.6264,1.9253,0.2732,1.0675,0.2797,0.2946,1.1057,9.0794
22800000,481429178,367813,89,78,6,8,222,0.5568,0.2733,0.5840,0.2666,0.5521,0.2837,0.2733,0.2853,0.5700,1.3067,2.6936,0.5656,1.3978,0.2831,0.2942,0.5650,10.7511
23000000,484010887,368248,82,78,9,3,249,0.2677,0.2607,0.2697,0.2595,0.2610,0.2738,0.2602,0.5605,0.8187,1.8533,3.1929,0.2760,0.2695,0.5462,0.2790,0.5643,10.2132
23200000,486234389,368603,82,78,4,2,197,0.2718,0.2771,0.2804,0.2700,0.2700,0.2867,0.2598,0.2761,0.2926,2.5718,3.9944,0.2845,0.2709,0.2820,0.2886,0.5651,10.7414
23400000,488249503,369030,89,81,1,5,215,0.2732,0.2879,0.2950,0.2753,0.2759,0.2886,0.2782,0.2988,0.2926,0.6596,0.6773,0.2893,0.2870,0.2889,0.3007,0.5707,5.6389
23600000,490452822,369381,95,86,9,4,927,0.5377,0.2710,0.5785,0.2613,0.2723,0.2857,0.2709,0.2896,0.5679,1.2876,0.6712,0.2891,0.5525,0.2836,0.3010,0.5675,7.2875
23800000,492986357,369707,92,87,11,6,980,0.7939,0.5364,0.8490,0.2537,0.2609,0.2795,0.2594,0.2819,0.2797,0.6367,0.6583,0.2733,0.2755,0.5570,0.2873,0.5677,7.0503
24000000,495247535,370032,99,87,8,8,820,1.0752,0.2647,0.2851,0.2664,0.2666,0.5675,0.2618,0.2866,0.5711,1.2926,1.3340,0.2818,0.2681,0.2824,0.2952,0.5692,8.1682
24200000,497370643,370402,91,87,11,12,525,0.2841,0.5473,0.2885,0.5456,0.2732,0.2792,0.2542,0.2971,0.2874,0.6737,0.6918,0.2840,0.2836,0.2866,0.3076,1.1574,6.7411
24400000,499621800,370739,87,87,8,11,531,0.2757,0.2659,0.5753,0.2684,0.5414,0.2761,0.2729,0.2833,0.2851,1.2956,1.3340,0.5617,0.2730,0.5659,0.6023,0.5705,8.2473
24600000,501884918,371133,96,89,15,13,768,0.2714,0.2675,0.2949,0.2660,0.2584,0.2809,0.5511,0.2812,0.5717,0.6397,0.6600,0.2814,0.2802,0.2899,0.2986,1.1410,6.6337
24800000,503957588,371447,98,90,16,8,883,0.1338,0.1349,0.1437,0.1314,0.1317,0.2853,0.1326,0.1446,0.1421,0.3207,0.3314,0.1416,0.2854,0.1404,0.1549,0.2830,3.0375
25000000,506118532,371700,96,90,8,4,558,0.5443,0.2804,0.5742,0.2717,0.2681,0.2851,0.2768,0.2887,0.5743,1.2981,0.6768,0.5704,0.2772,0.2865,0.2886,0.5716,7.3327
25200000,508225296,371976,97,90,11,6,549,0.2780,0.2760,0.2913,0.2715,0.2779,0.2961,0.2619,0.5799,0.8680,0.6483,0.6675,0.2799,0.5582,0.2834,0.2858,0.5721,6.6959
25400000,510498296,372229,107,91,17,12,658,0.5399,0.2736,0.2935,0.5343,0.5324,0.2815,0.5161,0.2806,0.2795,0.6270,0.6421,0.2842,0.8019,0.2714,0.2929,0.5717,7.0228
25600000,512505452,372638,103,91,11,12,394,0.1371,0.1378,0.1429,0.1328,0.1363,0.1410,0.1321,0.2869,0.1405,0.3242,0.6624,0.1440,0.1385,0.1363,0.2926,0.2808,3.3662
25800000,514604388,373023,106,92,11,12,361,0.5636,0.5660,0.5897,0.2769,0.2679,0.2803,0.5400,0.2960,0.5734,0.6607,2.0310,0.5834,0.2856,0.5682,0.2952,1.1473,9.5250
26000000,516793272,373301,106,93,11,12,478,0.1382,0.1400,0.1491,0.1339,0.1328,0.1436,0.4040,0.1459,0.4311,0.3278,1.3513,0.1419,0.2790,0.1412,0.2925,0.2875,4.6398
26200000,518752410,373500,116,96,13,14,647,0.5494,0.2889,0.3099,0.5350,0.5418,0.5703,0.2678,0.2806,1.1388,1.3085,0.6829,0.2931,0.8274,0.2983,0.8854,1.1428,9.9207
26400000,520858786,373812,125,96,20,13,1002,0.1403,0.1373,0.1466,0.1294,0.1380,0.1459,0.1306,0.1413,0.1445,0.3258,0.3353,0.1458,0.1420,0.1450,0.1471,0.2862,2.7812
26600000,522769726,374053,130,98,19,20,950,0.2766,0.5563,0.5916,0.5367,0.2875,0.2912,0.2689,0.2881,0.2865,0.6810,1.3794,0.2874,0.2817,0.5822,0.6150,1.1573,8.3672
26800000,524780395,374377,117,97,7,22,1310,0.2752,0.2733,0.3053,0.2682,0.5619,0.2941,0.2678,0.2936,0.2848,0.6496,2.0386,0.2889,0.2817,0.2864,0.9151,0.5751,7.8595
27000000,526705015,374539,120,97,15,19,1085,0.5414,0.2803,0.5924,0.2712,0.2748,0.5853,0.2751,0.2890,0.2934,1.3093,2.6830,0.2924,0.5522,0.2829,0.3047,1.1377,9.9653
27200000,528792333,374788,109,98,10,10,550,0.2774,0.2848,0.2901,0.2728,0.5498,0.2865,0.2634,0.5713,0.5695,1.9938,3.4110,0.2870,0.2865,0.5684,0.2999,0.5754,10.7877
27400000,530732984,374998,115,102,10,10,930,0.5637,0.5558,0.5882,0.5540,0.2778,0.5875,0.5498,0.2899,0.2867,2.6541,4.0948,0.5777,0.2925,0.2910,0.6014,1.1532,13.9185
27600000,532771715,375278,116,103,9,6,402,0.2746,0.8328,0.2934,0.2556,0.5365,0.2954,0.2703,0.2739,0.2928,3.3122,4.7620,0.2805,0.2850,0.5700,0.2935,1.7227,14.5511
27800000,534787721,375599,119,104,9,11,542,0.1408,0.1410,0.1473,0.2685,0.4065,0.2963,0.1380,0.1524,0.1499,0.3317,0.3421,0.1444,0.2889,0.4309,0.1470,0.2860,3.8116
28000000,536652070,375867,118,104,9,12,1043,0.2801,0.2831,0.5952,0.2772,0.2877,0.3021,0.2823,0.2983,0.3022,0.6714,0.6922,0.3016,0.2980,0.2957,0.3073,1.1576,6.6317
28200000,538678023,376181,132,104,18,11,892,0.5407,0.2769,0.2992,0.2689,0.2707,0.5766,0.5315,0.2840,0.2833,0.6648,0.6840,0.2929,0.2845,0.2865,0.5931,1.6889,7.8263
28400000,540613194,376551,123,104,9,15,801,0.2798,0.2950,0.3044,0.2745,0.2790,0.2866,0.2709,0.2961,0.2882,0.6686,0.6880,0.2941,0.2824,0.2934,0.3039,0.5800,5.6847
28600000,542479626,376727,135,104,8,8,681,0.2822,0.2929,0.6019,0.5437,0.2724,0.3055,0.2750,0.5960,0.5864,1.3202,1.3587,0.5842,0.2888,0.3088,0.3185,1.1535,9.0889
28800000,544166364,377151,135,104,14,11,816,0.5823,0.2772,0.9384,0.8503,0.5658,0.6155,0.2892,0.2997,0.2956,2.0641,2.1206,0.3017,0.2813,0.6101,0.2957,1.7929,12.1804
29000000,546212189,377563,145,104,8,16,738,0.2792,0.2788,1.1800,0.2727,0.7991,0.8624,0.2731,0.5773,0.5696,2.5643,0.6561,0.2922,0.5569,0.8534,0.5774,0.5805,11.1729
29200000,548195855,377831,140,106,11,10,518,0.2768,0.5650,1.4989,0.5572,1.0924,1.1691,0.5529,0.2974,0.8691,0.6273,0.6491,0.2966,0.2892,0.2828,0.3161,1.1734,10.5131
29400000,550034097,378015,146,106,14,11,677,0.5520,0.2871,0.2949,0.2744,1.3568,0.2943,0.8160,0.2958,1.1602,0.6437,0.6636,0.5797,0.2826,0.5759,0.6149,1.7467,10.4387
29600000,551785731,378243,150,106,19,14,1002,0.2833,0.2860,0.3049,0.5516,0.2801,0.5904,0.2787,0.3099,1.4681,0.6908,0.7117,0.3083,0.5830,0.8575,0.9426,0.5850,9.0316
29800000,553593908,378459,148,108,17,16,1153,0.2800,0.2864,0.2943,0.2758,0.2803,0.2879,0.2755,0.3032,0.2926,0.6700,0.6897,0.2912,0.2917,0.2958,0.3074,1.1707,6.2927
30000000,555464286,378619,153,110,20,19,1156,0.1384,0.1433,0.1479,0.2770,0.1372,0.1488,0.1345,0.1468,0.1468,0.3428,0.3527,0.1484,0.1402,0.1420,0.1524,0.2911,2.9903
30200000,557424041,378800,138,110,18,8,1159,0.2819,0.5666,0.5924,0.2675,0.5607,0.5950,0.5488,0.2833,0.2889,0.6573,1.3853,0.5878,0.5702,0.2954,0.3088,1.1684,8.9583
30400000,559161937,378919,127,112,12,5,644,0.2791,0.2776,0.2995,0.2775,0.2821,0.3048,0.2810,0.3017,0.2950,1.3123,2.0369,0.2919,0.2818,0.3047,0.3014,0.5854,7.7127
30600000,560864994,379140,124,113,7,15,702,0.2833,0.2970,0.3075,0.2748,0.2761,0.2939,0.2753,0.2948,0.2896,2.0483,2.8118,0.2937,0.2880,0.2887,0.2958,0.5854,9.2040
30800000,562645016,379422,127,113,11,15,776,0.2813,0.2820,0.3024,0.2825,0.2898,0.2891,0.2781,0.2931,0.2890,0.6508,0.6695,0.2940,0.2837,0.2917,0.3157,1.1761,6.2686
31000000,564377968,379610,129,114,14,22,614,0.2916,0.2828,0.3035,0.2679,0.2852,0.2924,0.2776,0.2876,0.2869,0.6534,0.6741,0.2840,0.2868,0.2849,0.6216,0.5842,5.9644
31200000,566059512,379691,120,115,7,14,350,0.2846,0.2930,0.6050,0.2779,0.2897,0.3030,0.5482,0.3029,0.2974,1.3330,1.3742,0.3034,0.2847,0.5629,0.3123,0.5862,7.9584
31400000,567744318,379847,121,115,13,11,657,0.2890,0.3023,0.2997,0.2803,0.2848,0.3072,0.2722,0.2959,0.3050,0.7100,0.7304,0.2956,0.2944,0.2997,0.6404,0.5846,6.1915
31600000,569340448,380003,127,116,16,14,454,0.1449,0.1519,0.3031,0.1357,0.2802,0.1512,0.2768,0.1564,0.2971,0.6942,0.7154,0.2942,0.1504,0.2992,0.1582,0.5851,4.7939
31800000,570804874,380094,114,116,15,11,575,0.2902,0.2843,0.3186,0.2846,0.2944,0.3123,0.2914,0.3149,0.8876,2.0504,2.1131,0.3042,0.2929,0.2979,0.6361,0.5892,9.5623
32000000,572386563,380177,116,117,9,13,491,0.2917,0.2966,0.6231,0.5567,0.2802,0.6129,0.2900,0.6203,0.2907,0.6832,0.7008,0.3033,0.2970,0.2981,0.3172,0.5884,7.0501
32200000,574067436,380509,122,119,13,11,616,0.2889,0.2762,0.2926,0.2798,0.2747,0.2979,0.2808,0.3078,0.2936,0.6811,0.7027,0.2879,0.2932,0.2982,0.3094,0.5866,5.7514
32400000,575839475,380742,118,121,5,15,699,0.2843,0.2800,0.3005,0.2771,0.2890,0.2954,0.2814,0.3097,0.2986,1.3621,1.4024,0.3008,0.2858,0.2910,0.3076,0.5839,7.1496
32600000,577395748,380836,114,123,9,12,781,0.1440,0.1483,0.1509,0.1369,0.2869,0.1481,0.1432,0.3014,0.3041,1.0208,1.0506,0.1506,0.2822,0.2945,0.3107,0.2932,5.1664
32800000,578979980,380973,127,124,13,15,829,0.2900,0.2871,0.2974,0.2797,0.2928,0.3052,0.2857,0.3030,0.3019,2.6826,0.6996,0.2970,0.3020,0.3103,0.9289,0.5890,8.4522
33000000,580446638,381072,133,125,10,17,1317,0.2924,0.2864,0.6191,0.2832,0.2923,0.6114,0.2927,0.3122,0.3039,0.6781,1.4168,0.6078,0.2992,0.2992,0.3176,0.5876,7.4999
33200000,582077229,381314,135,125,7,15,1021,0.2867,0.2958,0.3023,0.2768,0.5724,0.9045,0.5710,0.3031,0.3001,1.3495,2.0964,0.8923,0.2967,0.2914,0.3140,1.1638,10.2167
33400000,583621689,381501,132,125,13,9,852,0.2885,0.3007,0.3056,0.2814,0.2822,0.2998,0.2856,0.3071,0.3033,0.7135,2.8992,0.2997,0.2915,0.3009,0.3192,0.5879,8.0658
33600000,585103282,381659,139,131,16,16,1008,0.2895,0.2980,0.3022,0.2880,0.2821,0.3047,0.2870,0.3126,0.3084,0.7072,0.7255,0.3093,0.3025,0.3024,0.6339,1.1552,6.8084
33800000,586590299,381779,135,132,16,17,1021,0.2778,0.2848,0.3090,0.5869,0.2861,0.6269,0.2774,0.3021,0.6211,0.6816,0.7026,0.3018,0.2981,0.2982,0.3246,0.5899,6.7688
34000000,588333491,381881,141,132,13,14,1252,0.2841,0.5638,0.5905,0.8438,0.5652,0.3030,0.2719,0.5959,0.3009,1.3790,1.4142,0.2937,0.5805,0.5741,0.3084,0.5903,9.4589
34200000,589830479,381969,138,132,17,11,1625,0.2912,0.2931,0.3048,0.2795,0.2864,0.3125,0.2826,0.3149,0.3080,0.7023,0.7239,0.3009,0.8680,0.2854,0.3206,0.5887,6.4627
34400000,591286417,382109,129,133,14,6,853,0.2880,0.2975,0.3013,0.2782,0.2821,0.3125,0.2948,0.3089,0.2995,0.6869,0.7069,0.2981,0.2992,0.2938,0.3215,0.5891,5.8580
34600000,592907201,382162,117,135,8,4,394,0.2891,0.2972,0.6174,0.2853,0.2832,0.2997,0.2827,0.3078,0.3048,0.6698,0.6896,0.5921,0.2831,0.3048,0.3202,1.1644,6.9913
34800000,594606161,382306,111,135,12,12,773,0.2883,0.1487,0.1533,0.2885,0.1443,0.1485,0.2833,0.3053,0.2994,0.3433,0.3541,0.1558,0.1467,0.2950,0.1608,0.8732,4.3883
35000000,596084874,382486,116,136,13,4,547,0.8802,0.6068,0.3155,0.8803,0.2815,0.6099,0.2841,0.3004,0.9209,1.3892,1.4303,0.3194,0.5916,0.2908,0.3040,2.3822,11.7868
35200000,597568143,382695,127,136,12,10,594,0.2954,0.2952,0.3184,0.2816,0.2915,0.2944,0.2815,0.3117,0.3052,2.0463,0.6868,0.2941,0.2923,0.2985,0.3152,2.9484,9.5565
35400000,599079705,382815,117,138,12,6,489,0.2963,0.3027,0.3060,0.2858,0.2872,0.3052,0.2860,0.6429,0.6183,2.8047,1.4131,0.2899,0.2964,0.2981,0.3162,0.5884,9.3370
35600000,600373523,382921,141,139,9,12,812,0.5850,0.2888,0.3038,0.2860,0.2976,0.3017,0.2803,0.3049,0.3048,0.7014,0.7196,0.3005,0.2865,0.3022,0.3248,0.5915,6.1792
35800000,601852550,383039,136,140,14,7,739,0.2883,0.5742,0.3137,0.2812,0.2943,0.6139,0.5678,0.6021,0.6075,0.6838,1.4167,0.2975,0.2959,0.6073,0.3255,1.1767,8.9463
36000000,603309395,383229,134,140,13,6,1002,0.2898,0.8624,0.6177,0.5658,0.5809,0.3020,0.2878,0.8931,0.3016,0.7195,2.1245,0.3014,0.5919,0.3030,0.3249,1.7419,10.8082
36200000,604728319,383293,128,140,9,4,925,0.1480,0.1488,0.1547,0.1442,0.1410,0.1545,0.1357,0.1536,0.1515,0.3611,0.3700,0.1500,0.1528,0.1517,0.1645,0.2992,2.9815
36400000,606114377,383349,133,140,12,7,808,0.2962,0.3014,0.3046,0.2911,0.2923,0.3032,0.2909,0.3099,0.2957,0.6958,0.7121,0.2943,0.3020,0.3199,0.3353,0.5950,5.9398
36600000,607573293,383483,144,140,15,11,1192,0.2890,0.2919,0.3081,0.2833,0.2929,0.3039,0.5663,0.3087,0.3070,0.6932,0.7129,0.3079,0.2928,0.3131,0.3322,1.1673,6.7704
36800000,608948655,383686,150,140,14,13,1403,0.2949,0.2866,0.3038,0.2760,0.2922,0.3070,0.2899,0.3083,0.2961,0.7324,0.7521,0.2877,0.2919,0.3048,0.6679,0.5939,6.2855
37000000,610201919,383764,162,140,14,19,757,0.5998,0.2939,0.6343,0.5709,0.5909,0.6272,0.3014,0.6266,0.3058,0.7149,0.7365,0.3172,0.2968,0.3048,0.3266,0.5952,7.8427
37200000,611755654,384032,159,140,15,7,1110,0.8640,0.3004,0.3077,0.2756,0.2815,0.2975,0.2767,0.9145,0.3112,0.6982,0.7144,0.6111,0.3015,0.2966,0.3124,1.1674,7.9305
37400000,613301255,384201,144,141,12,10,715,1.1510,0.5987,0.6111,0.2770,0.5671,0.5912,0.2761,1.2201,0.6134,1.4135,1.4484,0.9166,0.5926,0.5912,0.6271,0.5908,12.0860
37600000,614756302,384281,143,138,9,4,494,0.2915,0.2947,0.9524,0.2892,0.2830,0.3035,0.2830,0.2964,0.9406,0.7084,0.7244,0.2954,0.3071,0.2931,0.9675,0.5907,7.8210
37800000,616259266,384472,142,137,15,8,549,0.2869,0.2943,0.3024,0.2847,0.2811,0.3153,0.2761,0.3186,0.3071,0.6840,0.7044,0.3045,0.2950,0.3119,0.3226,1.1796,6.4683
38000000,617669441,384656,144,141,15,17,929,0.1522,0.1528,0.3093,0.1411,0.1463,0.3116,0.2777,0.3150,0.1540,0.3579,0.3672,0.1512,0.2973,0.3054,0.1617,0.3011,3.9019
38200000,618974980,384721,152,141,15,18,1558,0.5975,0.3010,0.3226,0.2895,0.5850,0.3101,0.2930,0.3176,0.3028,1.4364,1.4714,0.3090,0.2982,0.3052,0.3233,0.5957,8.0584
38400000,620468488,384842,162,141,15,11,1073,0.2923,0.2946,0.3079,0.2805,0.2802,0.3110,0.2908,0.3089,0.3115,0.6920,0.7136,0.2882,0.2921,0.2969,0.6540,0.5905,6.2048
38600000,621695935,384894,174,141,12,21,1683,0.1429,0.1464,0.1519,0.1426,0.1404,0.1577,0.1434,0.1525,0.1529,0.3627,0.3713,0.1536,0.1492,0.1523,0.1615,0.2965,2.9776
38800000,622863368,385005,175,141,15,32,1098,0.5624,0.3009,0.6070,0.5592,0.2966,0.6095,0.5693,0.6044,0.6066,1.4258,1.4575,0.3092,0.5886,0.5945,0.6332,0.5985,10.3230
39000000,624185524,385135,182,141,21,30,1475,0.2936,0.3027,0.9212,0.2920,0.5924,0.3063,0.8606,0.3140,0.9221,2.1327,0.7108,0.3054,0.2952,0.9027,0.9616,1.1970,11.3101
39200000,625477733,385178,168,141,24,25,1326,0.2917,0.2963,0.3161,0.2963,0.2907,0.3199,0.2931,0.3021,0.3046,2.8868,0.7302,0.3215,0.3131,0.3188,0.3276,0.5968,8.2056
39400000,626806658,385272,168,141,17,30,1048,0.2903,0.5934,0.3096,0.2855,0.2932,0.6209,0.2893,0.3019,0.3025,0.7022,0.7227,0.3111,0.2993,0.6188,0.3337,0.5937,6.8679
39600000,627858372,385299,170,141,14,32,1060,0.2980,0.3097,0.3128,0.2936,0.3027,0.9293,0.2797,0.3134,0.3085,0.7237,1.4586,0.6223,0.5964,0.3142,0.6617,1.1853,8.9099
39800000,629135338,385381,172,141,19,31,1417,0.5828,0.2988,0.3077,0.2880,0.2914,1.2458,0.2889,0.6270,0.6142,1.4499,0.7434,0.9383,0.8902,0.2993,0.3142,1.7811,10.9610
40000000,630357822,385423,176,141,8,32,1133,0.2845,0.2955,0.3035,0.2902,0.2848,1.5815,0.2889,0.9550,0.9391,2.2211,1.5179,1.2695,1.2128,0.3054,0.3292,2.4144,14.4934
40200000,631666444,385484,166,141,10,28,962,0.2906,0.3040,0.3099,0.2873,0.2938,0.3065,0.2803,0.3053,1.2297,0.7135,0.7348,0.3082,0.3099,0.3071,0.6532,0.5950,7.2289
40400000,633060827,385534,148,141,12,11,650,0.5804,0.3033,0.3134,0.5736,0.2860,0.6229,0.2845,0.6195,1.5451,0.7154,1.4673,0.6097,0.6113,0.3035,0.9774,1.1901,11.0034
40600000,634347624,385605,157,141,9,13,932,0.3012,0.6082,0.6180,0.2915,0.3046,0.9251,0.5591,0.9173,0.3168,1.4189,0.7466,0.8919,0.2949,0.3185,0.3279,0.5980,9.4382
40800000,635562689,385682,150,141,20,22,987,0.2985,0.9301,0.9627,0.2889,0.2878,1.2697,0.2850,0.3136,0.3035,0.7126,1.5019,0.3188,0.2965,0.3148,0.3303,1.2131,9.6277
41000000,636656014,385665,151,141,11,9,794,0.5965,0.3101,1.2947,0.2928,0.3020,1.6149,0.5829,0.3282,0.3182,1.4307,2.2511,0.3221,0.3005,0.3125,0.6764,0.5995,11.5331
41200000,637994997,385723,144,141,11,18,668,0.2928,0.2963,0.3057,0.2962,0.2861,0.3010,0.2862,0.3078,0.3031,0.6896,0.7069,0.3030,0.3002,0.2994,0.3110,1.2067,6.4921
41400000,639399009,385740,144,141,9,14,622,0.5721,0.5928,0.3115,0.5774,0.2845,0.5937,0.5746,0.3140,0.2983,0.6987,1.4154,0.5984,0.5971,0.5894,0.6114,0.5928,9.2222
41600000,640470699,385700,150,141,14,22,793,0.3001,0.8741,0.3204,0.8462,0.5766,0.3217,0.8456,0.3205,0.6017,1.4272,2.1427,0.3161,0.8779,0.3131,0.3334,0.5982,11.0153
41800000,641735246,385757,153,141,24,17,1178,0.2972,0.3060,0.6493,1.1469,0.8727,0.3090,0.2879,0.6478,0.3175,2.1499,2.8924,0.6300,0.3100,0.6204,0.3230,1.2017,12.9617
42000000,642863620,385860,156,141,13,23,1244,0.3006,0.3006,0.3131,0.2924,0.2885,0.6257,0.2757,0.3082,0.3089,2.8538,3.6046,0.9334,0.3067,0.3088,0.6387,0.5993,12.2590
42200000,644096578,385988,165,141,17,18,1644,0.2944,0.2909,0.3147,0.2869,0.5807,0.3199,0.5647,0.3041,0.3083,0.7245,0.7415,0.3246,0.6251,0.6081,0.3339,1.2013,7.8236
42400000,645461317,386018,177,141,24,20,1599,0.2937,0.2945,0.3076,0.2770,0.2865,0.3123,0.2719,0.3119,0.2987,0.7282,0.7495,0.3044,0.3031,0.3022,0.3313,1.8385,7.2112
42600000,646870285,386118,180,141,29,22,1741,0.2877,0.2988,0.3047,0.2827,0.2852,0.3009,0.2919,0.3015,0.3021,1.4340,1.4723,0.3027,0.5914,0.3062,0.3257,2.3813,9.4692
42800000,648154016,386265,191,141,18,29,1493,0.2981,0.2983,0.3122,0.2812,0.2909,0.3177,0.2902,0.3118,0.2983,2.1196,2.1767,0.3075,0.2930,0.3082,0.6459,0.5978,9.1476
43000000,649307094,386247,184,141,18,18,1744,0.5971,0.2960,0.3185,0.2878,0.3008,0.6384,0.2893,0.3097,0.3135,2.8675,2.9439,0.3172,0.2932,0.3057,0.9896,0.5976,11.6658
43200000,650677152,386419,187,141,13,30,858,0.1510,0.1532,0.1584,0.1475,0.1527,0.1630,0.1440,0.1585,0.1616,0.3689,0.3788,0.1596,0.1539,0.1584,0.1667,0.3100,3.0861
43400000,651759514,386413,180,141,12,19,1051,0.2944,0.6124,0.6393,0.5923,0.6047,0.6448,0.3000,0.6372,0.6416,1.4947,1.5305,0.3193,0.3109,0.6223,0.3259,1.2271,10.7974
43600000,653101154,386603,186,141,19,23,1154,0.2923,0.2962,0.9569,0.2802,0.2954,0.3086,0.2852,0.3029,0.3148,2.2424,2.3000,0.3116,0.2914,0.3016,0.3296,1.8503,10.9594
43800000,654346792,386726,177,138,12,27,609,0.5823,0.2917,1.2681,0.5601,0.2857,0.6128,0.5627,0.6037,0.3006,2.9544,3.0290,0.3105,0.2953,0.5929,0.6472,2.4383,15.3352
44000000,655739231,386834,161,138,10,22,515,0.8743,0.2888,0.3050,0.2825,0.2896,0.3117,0.2846,0.9153,0.3030,0.6879,0.7165,0.3017,0.2966,0.3039,0.3231,2.9955,9.4799
44200000,656991195,387005,156,139,9,30,764,1.1937,0.2948,0.3127,0.2874,0.5872,0.3046,0.2843,0.3074,0.3090,1.4219,1.4713,0.3057,0.6048,0.3096,0.3178,0.5965,8.9087
44400000,658074281,387175,159,139,14,19,1121,0.2990,0.3024,0.3129,0.5813,0.3016,0.3141,0.2956,0.3206,0.6218,0.7092,2.2020,0.3167,0.9116,0.3120,0.3283,1.1980,9.3272
44600000,659110382,387266,159,139,11,22,1025,0.2972,0.3046,0.3074,0.2899,0.2993,0.6257,0.2897,0.3132,0.3213,1.4383,2.9090,0.3031,0.2955,0.3090,0.6388,1.7610,10.7031
44800000,660279788,387336,160,140,11,20,962,0.2876,0.3058,0.3112,0.2829,0.2845,0.3175,0.2959,0.6184,0.6410,2.1650,3.6608,0.3150,0.3023,0.3059,0.3380,0.6004,11.0320
45000000,661510741,387450,149,140,18,21,733,0.2861,0.6052,0.2978,0.2805,0.5865,0.6291,0.5879,0.9330,0.9596,0.7241,4.4480,0.3139,0.5999,0.6085,0.6556,0.5987,13.1142
45200000,662741495,387401,156,139,8,29,724,0.2989,0.9114,0.3305,0.2884,0.2833,0.3118,0.8887,0.3076,0.3216,0.7159,5.2550,0.3104,0.9142,0.3060,0.9853,1.2084,13.6373
45400000,663741396,387403,155,139,9,19,619,0.5953,0.2911,0.3173,0.3047,0.3048,0.3304,0.2955,0.3242,0.6310,0.7268,0.7449,0.6238,0.2921,0.6086,0.3386,0.6005,7.3298
45600000,664802731,387518,155,139,10,20,612,0.2984,0.5981,0.3223,0.2945,0.3038,0.3279,0.2927,0.3228,0.3186,1.4399,1.4789,0.3123,0.3048,0.3062,0.3215,1.1940,8.4367
45800000,665977490,387655,165,139,11,19,893,0.2958,0.3088,0.3240,0.2970,0.2964,0.3216,0.2869,0.3155,0.3143,2.1531,0.7440,0.3100,0.3027,0.3141,0.6508,0.6003,7.8354
46000000,667048891,387632,166,139,8,26,973,0.2986,0.2992,0.3117,0.2975,0.2946,0.6351,0.5828,0.3238,0.6238,0.7440,0.7624,0.2983,0.3177,0.6196,0.3356,0.6022,7.3469
46200000,668177842,387810,185,139,13,24,1185,0.2936,0.6087,0.3136,0.5862,0.5849,0.3084,0.2919,0.6358,0.9297,1.4709,0.7425,0.6085,0.3067,0.3096,0.6669,1.2054,9.8633
46400000,669246569,387939,206,139,18,30,1522,0.2985,0.3228,0.3258,0.2944,0.2893,0.6441,0.2993,0.3280,0.3099,2.2591,1.5087,0.3055,0.3098,0.6344,0.3299,0.5983,9.0579
46600000,670276605,388052,205,141,20,24,1288,0.3043,0.3003,0.6360,0.3026,0.2994,0.3217,0.3018,0.6459,0.3126,2.9561,2.2366,0.3169,0.6048,0.9347,0.3243,0.6008,11.3989
46800000,671332989,388015,197,141,12,21,1616,0.1487,0.1572,0.4686,0.1472,0.2969,0.1638,0.1515,0.1563,0.3080,0.3760,1.4893,0.1610,0.4532,0.1537,0.3227,0.3046,5.2588
47000000,672366627,387954,187,141,16,15,1069,0.2978,0.3132,0.3160,0.2964,0.3001,0.3186,0.3036,0.3207,0.3078,1.5323,0.7753,0.3089,0.3108,0.3069,0.3354,0.5998,6.9437
47200000,673117155,388009,188,141,10,13,803,0.3055,0.6143,0.3342,0.2978,0.3086,0.3168,0.3086,0.3320,0.3151,0.7769,0.7962,0.3053,0.3197,0.3296,0.6789,0.6049,6.9443
47400000,674168100,388052,178,141,10,23,1031,0.3056,0.3140,0.6371,0.2930,0.3026,0.6219,0.2966,0.3238,0.3148,0.7457,0.7632,0.6120,0.3015,0.3144,0.3284,1.1735,7.6480
47600000,675404325,388111,173,141,26,15,1009,0.2991,0.3063,0.3099,0.2808,0.2898,0.3054,0.2910,0.3288,0.3074,0.7188,0.7359,0.3055,0.3036,0.3093,0.6688,1.8130,7.5732
47800000,676453473,388169,179,141,18,24,1164,0.2914,0.3051,0.6335,0.2903,0.2921,0.6236,0.5821,0.6479,0.6151,0.7188,0.7394,0.3247,0.6130,0.6228,1.0095,0.6011,8.9104
48000000,677422384,388299,191,141,27,17,1552,0.2979,0.3090,0.3167,0.3019,0.2959,0.3152,0.2973,0.3145,0.3127,0.7378,1.4785,0.3187,0.3150,0.3109,0.3355,0.6009,6.8582
48200000,678441620,388467,202,141,18,16,1181,0.5998,0.3093,0.6583,0.2963,0.3048,0.3195,0.2899,0.6400,0.6294,1.4900,2.2584,0.3103,0.3061,0.6310,0.3236,0.6008,9.9675
48400000,679218732,388533,207,141,16,25,1154,0.2976,0.3068,0.9846,0.5943,0.6153,0.3291,0.5838,0.3360,0.3232,2.2587,3.0603,0.3084,0.3224,0.9470,0.6737,0.6027,12.5437
48600000,680051541,388468,203,141,11,25,1192,0.3000,0.3135,1.3050,0.2900,0.9210,0.6475,0.8727,0.6555,0.6382,2.9919,3.8039,0.6285,0.6260,1.2577,1.0154,0.6038,16.8706
48800000,680841664,388501,206,141,21,20,1255,0.6050,0.3142,0.3175,0.2993,0.3042,0.3250,1.1821,0.9868,0.9603,3.7658,4.6059,0.3196,0.3112,1.5913,1.3823,0.6046,17.8752
49000000,681797829,388491,206,141,22,21,1282,0.8851,0.6125,0.6283,0.5847,0.2884,0.6396,0.2997,0.3268,0.3055,4.4211,5.2562,0.6252,0.6173,0.3157,0.3246,1.1912,17.3216
49200000,682696885,388646,211,141,25,21,1608,0.3019,0.3066,0.3163,0.2878,0.5944,0.9766,0.2848,0.3052,0.3307,0.7274,0.7474,0.3114,0.3079,0.6416,0.3426,1.8354,8.6182
49400000,683523158,388670,212,141,25,39,1495,0.3031,0.3025,0.3189,0.2970,0.3012,1.2633,0.3021,0.6210,0.3151,1.4436,1.4828,0.3183,0.3154,0.9290,0.3356,0.6044,9.4533
49600000,684422131,388822,217,141,20,21,1715,0.2933,0.3053,0.6299,0.5892,0.2926,0.3137,0.2907,0.9552,0.3167,0.7510,0.7675,0.3143,0.3178,0.3079,0.6706,0.6035,7.7191
49800000,685457391,388800,200,141,15,30,1026,0.5801,0.2924,0.3133,0.2889,0.2907,0.3088,0.2889,1.2366,0.6135,1.4525,1.4875,0.6124,0.2998,0.3193,0.9660,0.6022,9.9530
50000000,686442220,388851,198,141,10,16,1434,0.2989,0.3001,0.3250,0.2915,0.2968,0.3211,0.2975,0.3250,0.3068,0.7377,0.7539,0.3179,0.3084,0.3164,0.3243,1.2034,6.7246
50200000,687220047,388951,217,141,19,24,1617,0.2985,0.3136,0.3401,0.2941,0.3064,0.3155,0.2870,0.3164,0.3169,1.5200,1.5568,0.3194,0.3108,0.3025,0.3434,0.6038,7.7454
50400000,688127588,388989,213,141,21,20,1771,0.3030,0.3001,0.3233,0.3077,0.2921,0.3232,0.2894,0.3154,0.3121,0.7185,2.3748,0.3155,0.3002,0.3164,0.3320,0.6047,7.7285
50600000,688974757,388906,222,141,14,23,1900,0.3073,0.3024,0.3166,0.3020,0.2937,0.3300,0.5733,0.3309,0.6205,0.7506,0.7684,0.3194,0.3222,0.6253,0.6738,0.6022,7.4387
50800000,689717588,388827,218,142,26,19,1258,0.3088,0.3171,0.3340,0.2988,0.5885,0.3174,0.3023,0.3267,0.9429,0.7387,0.7627,0.3177,0.3087,0.9420,1.0005,0.6028,8.4097
51000000,690655363,388979,227,143,15,16,1436,0.3086,0.3134,0.3261,0.5976,0.2997,0.6448,0.2946,0.3089,0.3089,1.4568,1.4978,0.3113,0.3032,1.2622,0.3234,1.2078,9.7649
51200000,691592581,388989,221,146,20,24,1809,0.5882,0.3053,0.6260,0.2935,0.5807,0.9422,0.5864,0.6130,0.3142,0.7526,2.2174,0.3112,0.6065,0.3159,0.6552,1.7707,11.4789
51400000,692610741,389075,216,149,23,18,1396,0.3010,0.3039,0.9526,0.2886,0.8760,0.3200,0.8851,0.9480,0.6342,1.4755,2.9821,0.3043,0.2981,0.6387,0.9917,2.3998,14.5995
51600000,693614051,389174,222,149,18,14,1817,0.3002,0.3067,0.3146,0.2904,1.1618,0.6275,0.2859,1.2554,0.3127,2.1913,3.7052,0.3092,0.3086,0.9392,0.3089,0.6035,13.2212
51800000,694216083,389211,211,153,19,17,1692,0.3066,0.3136,0.3163,0.5947,1.5076,0.9760,0.2878,1.6341,0.3145,2.9955,0.7436,0.6434,0.6437,0.3208,0.3560,0.6052,12.5593
52000000,694966085,389223,204,154,31,18,1688,0.5944,0.6204,0.3334,0.2995,1.7536,0.3231,0.3079,0.3277,0.3201,3.6645,1.5154,0.3226,0.3047,0.3110,0.3444,0.6070,11.9499
52200000,695694973,389319,209,157,26,15,1425,0.1494,0.4698,0.3281,0.1480,1.0431,0.1571,0.1453,0.3266,0.3191,2.2523,1.1629,0.3188,0.1534,0.3139,0.1603,0.2957,7.7438
52400000,696393494,389332,208,157,20,14,1098,0.3059,0.3103,0.3113,0.3021,0.3042,0.3240,0.3035,0.3217,0.3326,0.7639,0.7819,0.3188,0.3070,0.3048,0.3361,0.6066,6.2346
52600000,697370146,389422,207,157,19,20,1203,0.3078,0.3127,0.6317,0.2917,0.6020,0.3239,0.3097,0.3332,0.3222,0.7375,0.7557,0.3041,0.3034,0.6251,0.3435,1.2024,7.7064
52800000,698396449,389307,212,158,16,14,1489,0.2954,0.3055,0.3165,0.5752,0.2962,0.3137,0.2994,0.3230,0.3263,0.7261,0.7419,0.6156,0.2981,0.3111,0.6707,0.6030,7.0178
53000000,699221959,389309,208,158,20,14,1363,0.2992,0.3108,0.3261,0.3085,0.3073,0.3188,0.6033,0.3243,0.3118,1.4915,1.5301,0.3255,0.3126,0.3066,0.3263,0.6025,8.0052
53200000,700142282,389337,195,158,13,15,1282,0.2941,0.3026,0.3199,0.2953,0.6013,0.6215,0.8869,0.3153,0.6293,0.7306,2.2542,0.3126,0.2964,0.3089,0.6547,1.1953,10.0188
53400000,701159198,389449,203,158,18,12,1216,0.3060,0.3105,0.6339,0.2955,0.2913,0.3264,0.2847,0.3048,0.3102,0.7144,0.7349,0.3080,0.3039,0.6166,0.3297,0.5995,6.6704
53600000,701936102,389458,206,159,12,19,1413,0.3015,0.6120,0.3249,0.2915,0.2906,0.3195,0.2947,0.6075,0.6133,1.4452,0.7688,0.6178,0.3128,0.9230,0.6484,0.6056,8.9770
53800000,702770229,389529,224,160,15,19,1338,0.6044,0.9128,0.3183,0.2923,0.5898,0.6431,0.5876,0.3325,0.9235,0.7360,1.5210,0.9313,0.3078,1.2360,0.3317,1.2078,11.4761
54000000,703888992,389601,221,161,22,18,2399,0.2968,0.3057,0.3290,0.2966,0.2880,0.3184,0.2927,0.3119,0.3090,0.7014,0.7181,0.3015,0.2958,0.3172,0.3311,1.8415,7.2545
54200000,704722310,389481,231,162,27,19,2513,0.3039,0.3159,0.3207,0.2975,0.3030,0.3153,0.2999,0.6382,0.3029,0.7460,0.7665,0.6077,0.5971,0.2985,0.3228,0.6037,7.0394
54400000,705288849,389482,242,163,26,18,2715,0.3090,0.3202,0.3383,0.3135,0.3033,0.6380,0.3035,0.3352,0.3315,0.7970,0.8133,0.3236,0.3049,0.3265,0.6652,0.6096,7.0326
54600000,706272436,389617,266,163,43,31,3266,0.2977,0.2834,0.6859,0.2960,0.2821,0.3250,0.2922,0.3135,0.3187,0.6961,1.6055,0.3256,0.2968,0.3089,1.0441,1.2720,8.6434
54800000,707054112,389693,273,164,29,21,2636,0.3018,0.3214,0.3211,0.2876,0.2996,0.3275,0.2982,0.3280,0.3191,0.7379,0.7559,0.3320,0.3124,0.3209,0.3476,0.6070,6.2180
55000000,707758043,389761,279,165,38,12,3633,0.3008,0.3180,0.3327,0.2915,0.2985,0.3296,0.3106,0.3287,0.3211,0.7407,1.5544,0.3192,0.3067,0.3004,0.3448,1.2449,7.6425
Report usecs used: 2202677
Report usecs used: 2896163
That is 2 seconds
Setup usecs used: 1
That is 0 seconds
Seeding usecs used: 6060123
That is 6 seconds
Random usecs used: 31569196
That is 31 seconds
Execute usecs used: 111519411
That is 111 seconds
Cell Splitting usecs used: 12200649
That is 12 seconds
Report usecs used: 2189798
That is 2 seconds
Setup usecs used: 0
That is 0 seconds
Seeding usecs used: 4782678
That is 4 seconds
Random usecs used: 25539023
That is 25 seconds
Execute usecs used: 124066422
That is 124 seconds
That is 2 seconds
Setup usecs used: 0
That is 0 seconds
Seeding usecs used: 4730819
That is 4 seconds
Random usecs used: 25786771
That is 25 seconds
Execute usecs used: 123840239
That is 123 seconds
Cell Splitting usecs used: 11211787
Cell Splitting usecs used: 11216625
That is 11 seconds
That is 11 seconds
Report usecs used: 3851960
That is 3 seconds
Setup usecs used: 1
That is 0 seconds
Seeding usecs used: 4764181
That is 4 seconds
Random usecs used: 25403916
That is 25 seconds
Execute usecs used: 122651659
That is 122 seconds
Cell Splitting usecs used: 11154749
That is 11 seconds
Thread 0 executed 509289773 instructions
Thread 1 executed 524074232 instructions
Thread 2 executed 512621316 instructions
Thread 3 executed 912749606 instructions
Total: -1836232369

real	3m8.078s
user	12m26.881s
sys	0m2.332s
