200000,9132835,10279,0,1,0,0,0,0.0259,0.0313,0.0358,0.0267,0.0272,0.0341,0.0386,0.0378,0.0338,0.1691,0.1679,0.0291,0.0339,0.0373,0.0378,0.0122,0.7784
400000,18133569,22372,0,2,0,0,0,0.0519,0.0653,0.0677,0.0563,0.0575,0.0680,0.0594,0.0760,0.0653,0.3088,0.3086,0.0654,0.0697,0.0720,0.0795,0.0386,1.5099
600000,26650022,34363,0,2,0,0,0,0.0339,0.0437,0.0437,0.0363,0.0375,0.0457,0.0416,0.0433,0.0454,0.1723,0.1726,0.0416,0.0422,0.0454,0.0467,0.0328,0.9248
800000,34973391,46104,0,2,0,0,0,0.0831,0.0918,0.0996,0.0899,0.1673,0.1000,0.1708,0.1870,0.0995,0.3566,0.3589,0.1724,0.1816,0.0949,0.1054,0.0895,2.4482
1000000,43093179,57455,0,2,0,0,0,0.1716,0.0992,0.1144,0.1849,0.2619,0.1097,0.0987,0.1149,0.1017,0.6842,0.6887,0.1026,0.1079,0.2023,0.1088,0.1130,3.2645
1200000,51063200,68468,0,2,0,0,0,0.1022,0.1119,0.1185,0.1073,0.1053,0.1138,0.1113,0.1258,0.1191,0.3620,0.3660,0.1111,0.1124,0.1155,0.1259,0.2414,2.4496
1400000,58864123,79301,0,2,0,0,0,0.1069,0.1154,0.1288,0.1137,0.1200,0.2372,0.1193,0.1305,0.1242,0.7201,0.7277,0.1228,0.2349,0.1272,0.1270,0.1521,3.4079
1600000,66217452,89145,0,2,0,0,0,0.1170,0.1205,0.1362,0.1227,0.1237,0.1337,0.1261,0.2714,0.2615,1.1169,1.1313,0.1314,0.1319,0.1304,0.1326,0.1691,4.3565
1800000,73520290,98792,0,2,0,0,0,0.2396,0.1291,0.2782,0.2465,0.1288,0.1339,0.1309,0.1444,0.3936,1.4641,1.4846,0.2655,0.1357,0.1315,0.2745,0.1844,5.7653
2000000,80808041,108351,0,2,0,0,0,0.1330,0.2631,0.4170,0.3725,0.2609,0.2755,0.1347,0.1513,0.1468,1.7941,1.8216,0.1382,0.1410,0.1423,0.1503,0.3781,6.7203
2200000,87622380,117390,1,3,0,0,0,0.1396,0.1469,0.1533,0.1435,0.1426,0.1533,0.1438,0.1532,0.1468,2.2372,0.4166,0.1470,0.1515,0.1482,0.1530,0.2136,4.7902
[EVENT] Viable replicators have appeared!
2400000,94274556,126167,1,3,0,0,0,0.1419,0.1524,0.1571,0.1407,0.2926,0.3123,0.1517,0.1656,0.1599,0.3979,0.4055,0.2967,0.1546,0.1517,0.1587,0.2269,3.4663
2600000,100625708,134004,2,3,0,0,5,0.2946,0.3044,0.1684,0.1498,0.1490,0.4813,0.1521,0.3329,0.3238,0.4173,0.8391,0.1653,0.1541,0.3098,0.1602,0.4717,4.8737
2800000,107018519,141947,3,4,0,0,8,0.1512,0.1611,0.1724,0.1556,0.3007,0.1687,0.1524,0.1724,0.1657,0.4359,0.4438,0.1626,0.1670,0.4638,0.3256,0.2515,3.8503
3000000,113440738,149681,3,4,0,0,6,0.1608,0.1599,0.1767,0.1661,0.1711,0.1685,0.1653,0.1748,0.1698,0.4160,0.4270,0.1705,0.1680,0.1621,0.1751,0.2634,3.2950
3200000,119723107,157113,2,4,0,0,0,0.3281,0.1649,0.1739,0.1599,0.1613,0.1755,0.1568,0.3511,0.1672,0.8380,0.4254,0.1742,0.1681,0.1724,0.1833,0.5416,4.3418
3400000,125812975,164230,2,4,0,0,0,0.1664,0.1643,0.3590,0.1677,0.1699,0.1830,0.1674,0.1791,0.1738,0.4409,0.4500,0.1729,0.1652,0.3483,0.3635,0.8198,4.4910
3600000,131828470,171186,2,4,0,0,0,0.1681,0.1736,0.1828,0.1664,0.1704,0.1794,0.1730,0.1800,0.1757,0.4489,0.4614,0.1800,0.1792,0.1722,0.1911,1.1198,4.3219
3800000,137713876,177879,2,4,0,0,0,0.1772,0.1804,0.1881,0.1758,0.1736,0.1870,0.1788,0.3731,0.1858,0.4507,0.4638,0.3608,0.1821,0.3546,0.3780,0.3018,4.3116
4000000,143499681,184058,2,3,0,0,21,0.3565,0.1792,0.1849,0.3545,0.1811,0.3777,0.1743,0.1892,0.1897,0.8948,0.9232,0.1814,0.1795,0.1894,0.1914,0.6177,5.3646
4200000,149299661,190336,1,3,0,0,0,0.1823,0.1804,0.1997,0.1795,0.1812,0.1905,0.1757,0.1923,0.1934,1.3370,1.3793,0.1929,0.1809,0.1878,0.3828,0.3201,5.6557
4400000,154970882,196363,3,4,0,0,15,0.3635,0.3595,0.3967,0.1847,0.1877,0.1897,0.3582,0.3890,0.1922,1.7870,1.8415,0.3836,0.3673,0.3711,0.1972,0.6445,8.2133
4600000,160459037,202182,3,4,0,0,0,0.1860,0.1914,0.2015,0.1787,0.1839,0.1952,0.1909,0.1943,0.1999,0.4615,0.4756,0.1978,0.1921,0.1878,0.3986,0.9909,4.6262
4800000,166013417,207706,6,4,0,0,15,0.1851,0.3773,0.3969,0.1826,0.1867,0.3889,0.1880,0.3934,0.3898,0.4420,0.4558,0.1881,0.1854,0.1895,0.2017,0.3424,4.6937
5000000,171351017,213119,12,6,1,1,89,0.1965,0.1926,0.2010,0.3745,0.3835,0.5936,0.1908,0.2048,0.1967,0.4576,0.9297,0.2010,0.1954,0.1978,0.2079,0.6955,5.4190
5200000,176893112,218332,14,8,4,4,140,0.1911,0.1991,0.2027,0.1945,0.1920,0.2089,0.2045,0.2081,0.2087,0.4510,0.4678,0.2002,0.3822,0.3897,0.2172,0.3566,4.2743
5400000,181999116,223314,13,8,0,3,117,0.2020,0.1996,0.4246,0.1976,0.1928,0.4201,0.2006,0.4275,0.2092,0.9448,0.9782,0.4207,0.5906,0.2024,0.2192,0.3636,6.1933
5600000,187053209,227865,14,9,2,2,261,0.2046,0.2032,0.6384,0.2020,0.2052,0.2172,0.2069,0.2230,0.2111,0.4911,0.5048,0.2120,0.2092,0.2069,0.2291,0.7311,4.8960
5800000,192086604,232489,12,9,0,0,0,0.2027,0.1978,0.2115,0.1971,0.1992,0.2123,0.2078,0.2190,0.2145,0.4863,0.5038,0.2064,0.2032,0.2012,0.2185,0.3763,4.0575
6000000,197313976,237230,11,9,0,0,0,0.2022,0.3930,0.2112,0.2015,0.2024,0.4218,0.1976,0.2148,0.2100,0.9517,0.4862,0.2046,0.2028,0.4033,0.2067,0.3814,5.0913
6200000,202367069,241553,12,9,0,0,2,0.2009,0.1987,0.2129,0.2017,0.2023,0.2096,0.1976,0.2197,0.2176,0.4968,0.5118,0.2101,0.2097,0.2079,0.2181,0.3862,4.1017
6400000,207364648,245679,12,9,1,0,2,0.4071,0.1980,0.2152,0.2036,0.2014,0.2189,0.4026,0.2200,0.2138,0.4949,0.5139,0.2151,0.4173,0.4231,0.2167,0.3923,4.9541
6600000,212246581,249604,14,8,5,1,7,0.2055,0.2105,0.2170,0.2089,0.2081,0.2169,0.2149,0.2176,0.2188,0.4916,0.5103,0.2162,0.2071,0.2227,0.2210,0.3984,4.1855
6800000,217095087,253431,14,8,1,0,1,0.1046,0.1072,0.1166,0.1037,0.1066,0.1099,0.1041,0.1155,0.1118,0.2565,0.2637,0.1114,0.1063,0.1111,0.1127,0.2037,2.1456
7000000,221860616,257266,12,8,0,1,3,0.4176,0.4275,0.2266,0.2153,0.2120,0.2250,0.4150,0.2256,0.2246,1.0150,1.0441,0.4356,0.4267,0.2188,0.4634,0.8078,7.0007
7200000,226556828,260895,13,8,0,2,2,0.2141,0.2183,0.2262,0.2079,0.2156,0.2275,0.2118,0.2239,0.2147,0.4770,0.4939,0.2205,0.2133,0.4506,0.2189,1.2346,5.2686
7400000,231346523,264538,12,8,1,0,4,0.2151,0.2084,0.2238,0.4218,0.2104,0.2226,0.2075,0.2185,0.2185,0.4714,0.9876,0.4328,0.4328,0.6738,0.2173,0.4162,5.7786
7600000,235964712,268002,13,8,0,0,5,0.4281,0.4216,0.2250,0.2164,0.4208,0.2259,0.2056,0.2296,0.2240,0.4874,0.5046,0.6455,0.6406,0.8905,0.2348,0.8310,6.8313
7800000,240460777,271114,11,8,0,1,52,0.6545,0.6573,0.4566,0.4395,0.2183,0.2321,0.4293,0.2365,0.2229,0.5071,0.5257,0.2294,0.2240,0.2245,0.2293,0.4260,5.9128
8000000,244982017,274214,10,8,1,0,45,0.2269,0.2204,0.6739,0.2185,0.2183,0.2353,0.2238,0.2387,0.2316,0.9945,1.0323,0.2269,0.2211,0.2310,0.2435,0.4297,5.8663
8200000,249351028,277266,8,8,0,3,108,0.2245,0.2222,0.2382,0.2209,0.2243,0.2393,0.4540,0.4821,0.2329,0.5151,1.5792,0.2363,0.2258,0.2274,0.2389,0.8724,6.4337
8400000,253785118,280218,10,10,0,0,4,0.1102,0.1166,0.1152,0.1139,0.1134,0.1191,0.1051,0.1204,0.1148,0.2584,0.2667,0.1162,0.1101,0.1153,0.2382,0.2191,2.3529
8600000,258111975,283317,10,11,0,0,2,0.2281,0.2272,0.2406,0.2220,0.2311,0.2359,0.2223,0.2571,0.2302,1.0106,0.5233,0.2322,0.2308,0.2325,0.2414,0.4433,5.0085
8800000,262365231,285982,12,12,0,0,89,0.2290,0.1168,0.1200,0.1137,0.1160,0.1263,0.1135,0.2523,0.1216,0.7817,0.5477,0.2359,0.1169,0.2322,0.1227,0.2240,3.5705
9000000,266577842,288714,16,14,0,0,4,0.2241,0.2292,0.2484,0.2179,0.2299,0.4997,0.2220,0.2409,0.2381,0.5268,0.5454,0.2284,0.2334,0.2298,0.2396,0.9024,5.2560
9200000,270806943,291244,19,15,0,2,18,0.4572,0.2339,0.4920,0.4431,0.2368,0.7451,0.2255,0.4862,0.4793,0.5242,1.0995,0.4668,0.2309,0.4605,0.4768,0.4526,7.5105
9400000,274898715,293706,17,9,0,1,8,0.6850,0.2306,0.2425,0.2306,0.2369,0.2402,0.2285,0.7283,0.2370,0.5029,0.5210,0.2412,0.2351,0.2454,0.7165,0.4568,5.9783
9600000,279039487,296188,18,9,1,2,14,0.2347,0.2225,0.2438,0.2261,0.4641,0.2408,0.2261,0.2430,0.2372,0.5150,0.5356,0.2388,0.2292,0.2383,0.2460,0.9043,5.2455
9800000,283102220,298539,16,9,1,0,10,0.2373,0.2392,0.2513,0.2251,0.2404,0.2377,0.2297,0.2462,0.2308,0.5444,0.5631,0.2362,0.2250,0.2421,0.2531,0.4637,4.6653
10000000,287122488,300710,18,9,0,2,8,0.2342,0.2274,0.5022,0.2286,0.4773,0.4833,0.2292,0.5046,0.2358,1.0735,1.1113,0.4842,0.4695,0.2457,0.2528,0.9407,7.7003
10200000,291304790,303051,18,10,0,0,14,0.2372,0.2318,0.7435,0.2302,0.7024,0.2527,0.2252,0.7404,0.4677,0.5134,0.5329,0.2388,0.2406,0.4804,0.4965,0.4671,6.8010
10400000,295163905,305094,22,10,1,2,55,0.1159,0.1189,0.1243,0.1135,0.1168,0.2482,0.1179,0.1220,0.3550,0.2790,0.2878,0.2388,0.1139,0.3622,0.1231,0.4696,3.3069
10600000,299247836,307203,25,10,0,1,153,0.2341,0.2380,0.2469,0.4530,0.2359,0.2544,0.4622,0.2449,0.2453,1.0830,1.1209,0.7176,0.2416,0.9464,0.2523,1.3914,8.3678
10800000,303081647,309319,27,10,1,1,150,0.2442,0.2385,0.2525,0.2325,0.2392,0.2481,0.2296,0.2487,0.2482,1.6649,1.7232,0.2525,0.2418,0.2477,0.2582,0.4789,7.0487
11000000,306783656,311270,29,11,1,1,161,0.2342,0.2359,0.2554,0.2301,0.2347,0.2449,0.2277,0.2504,0.2575,0.5445,0.5653,0.2417,0.2351,0.2348,0.2567,0.9621,5.2110
11200000,310576933,313325,33,14,3,3,225,0.2398,0.4710,0.2521,0.2414,0.2375,0.2559,0.4701,0.4962,0.2510,1.0805,1.1207,0.4885,0.2400,0.2491,0.2540,0.4828,6.8307
11400000,314320694,315017,39,17,3,1,160,0.2428,0.2371,0.2538,0.2320,0.2360,0.2468,0.2369,0.2546,0.2503,0.5683,0.5884,0.2484,0.2495,0.2477,0.2630,0.4874,4.8429
11600000,318033056,316691,37,17,5,1,117,0.2397,0.2415,0.2619,0.2371,0.2363,0.2491,0.2315,0.2479,0.2467,1.1502,1.1892,0.2488,0.2411,0.2439,0.2510,0.4888,6.0048
11800000,321564266,318533,37,17,3,0,48,0.2474,0.2369,0.5211,0.4683,0.4832,0.2499,0.4732,0.2489,0.5035,1.7382,1.7959,0.2533,0.2371,0.4920,0.5012,0.4908,8.9407
12000000,325094385,320297,36,17,1,0,31,0.2547,0.4772,0.2589,0.2383,0.2455,0.2541,0.2442,0.5132,0.2491,0.5604,0.5816,0.2451,0.2521,0.2504,0.2691,0.4946,5.3885
12200000,328719276,321853,35,17,5,5,77,0.2479,0.7119,0.2631,0.4715,0.2434,0.5026,0.2387,0.2491,0.5007,1.1054,1.1472,0.2469,0.4904,0.2452,0.2630,0.4961,7.4229
12400000,332194964,323354,39,17,9,4,128,0.4980,0.9762,0.5252,0.7237,0.2493,0.2559,0.2453,0.5139,0.7655,0.5729,1.7633,0.2606,0.2460,0.2538,0.2690,0.5000,8.6186
12600000,335816969,325018,40,17,5,3,35,0.2485,0.2441,0.2535,0.9580,0.2449,0.5142,0.4786,0.7666,0.2442,1.1219,2.3218,0.2489,0.2446,0.5075,0.2583,0.5008,9.1564
12800000,339202328,326394,36,17,1,3,93,0.2498,0.2561,0.2604,0.2381,0.2503,0.2609,0.7374,0.2693,0.2569,1.7048,2.9449,0.2619,0.2539,0.2584,0.2727,0.5043,8.9802
13000000,342718444,327930,26,15,3,0,46,0.2469,0.2488,0.2578,0.2404,0.2457,0.2645,0.2406,0.2571,0.2586,0.5647,0.5868,0.2502,0.2539,0.2573,0.2723,0.5067,4.9525
13200000,346078514,329266,26,15,1,2,3,0.2410,0.2488,0.2633,0.2368,0.2382,0.2642,0.2405,0.2596,0.2510,0.5932,0.6131,0.2520,0.2591,0.2610,0.5464,1.0218,5.7900
13400000,349534185,330600,22,15,6,2,5,0.1271,0.1306,0.2623,0.1233,0.1261,0.2611,0.1302,0.1353,0.2562,0.5795,0.5998,0.1326,0.2550,0.2588,0.4072,0.2583,4.0433
13600000,353106363,332071,24,15,1,1,16,0.2524,0.2484,0.2588,0.2421,0.2460,0.2629,0.2495,0.2569,0.2641,0.5755,0.5955,0.2552,0.2590,0.2624,0.2627,0.5101,5.0016
13800000,356491568,333450,23,15,1,1,13,0.2513,0.2506,0.5341,0.2417,0.2449,0.2578,0.2518,0.5283,0.2598,0.5770,0.5941,0.2585,0.2591,0.5251,0.2599,1.0299,6.3237
14000000,359883799,334781,22,15,4,1,30,0.5035,0.2536,0.2587,0.2446,0.4972,0.5151,0.2419,0.8101,0.2532,0.5637,0.5840,0.2602,0.2585,0.2521,0.2553,0.5130,6.2645
14200000,363318799,336151,20,15,4,2,48,0.2502,0.2546,0.2589,0.4838,0.2461,0.7597,0.4796,1.0399,0.2628,0.5687,1.1548,0.2597,0.2507,0.2526,0.5174,0.5157,7.5550
14400000,366610475,337367,19,15,1,1,22,0.2483,0.5101,0.5307,0.2449,0.2529,0.2679,0.2557,1.3141,0.2711,1.1641,1.7760,0.2676,0.5071,0.2614,0.2672,1.0397,9.1788
14600000,369947843,338497,22,15,1,6,111,0.4976,0.2465,0.2735,0.4880,0.5018,0.2734,0.2517,0.2722,0.2589,0.5784,0.6000,0.2604,0.7615,0.2677,0.5318,1.5451,7.6084
14800000,373041637,339737,21,15,1,2,37,0.2547,0.2607,0.2729,0.2548,0.2527,0.2689,0.5107,0.2727,0.2619,0.5915,1.2269,0.2684,0.2542,0.2572,0.8199,2.1142,8.1424
15000000,376349418,340929,23,15,2,3,106,0.2508,0.2567,0.5409,0.4996,0.5040,0.2596,0.2549,0.5378,0.5190,0.5741,0.5929,0.5268,0.5047,0.2725,0.2649,2.6088,8.9680
15200000,379818424,342151,25,15,2,0,206,0.2525,0.5135,0.2700,0.2526,0.2482,0.2659,0.2447,0.7877,0.2600,0.5830,0.6027,0.2645,0.2510,0.2614,0.2770,3.0917,8.4265
15400000,383028945,343163,25,15,6,3,199,0.5081,0.2602,0.2683,0.5011,0.4967,0.2676,0.4985,0.2723,0.5186,1.1898,1.2285,0.5282,0.5075,0.5170,0.5591,3.6147,11.7361
15600000,386036045,344172,29,17,2,2,272,0.7858,0.2562,0.2648,0.2494,0.2565,0.2551,0.2412,0.5503,0.8000,1.8317,1.8918,0.8146,0.7870,0.2662,0.8488,0.5296,10.6290
15800000,389057987,345031,33,17,2,3,110,0.1329,0.1316,0.1429,0.1313,0.1313,0.1401,0.1259,0.1364,0.5275,1.2139,1.2533,0.1377,0.1374,0.1350,0.1402,0.2695,4.8868
16000000,392225685,346040,34,17,2,1,156,0.2530,0.2494,0.2742,0.2506,0.2408,0.2616,0.2556,0.2632,0.2611,0.5769,0.5959,0.2651,0.2621,0.5365,0.2760,0.5313,5.3533
16200000,395346367,347100,33,17,1,9,179,0.2601,0.2507,0.2727,0.4928,0.2497,0.2705,0.4938,0.2682,0.2586,0.5926,0.6143,0.2597,0.2610,0.2617,0.2766,1.0482,6.1312
16400000,398571489,348129,33,17,2,3,119,0.5204,0.2533,0.5303,0.2566,0.2495,0.5356,0.2544,0.5304,0.5194,1.1442,1.1872,0.2688,0.2494,0.2614,0.2736,0.5311,7.5656
16600000,401738344,349067,38,17,3,3,82,0.7888,0.5107,0.2649,0.5096,0.2519,0.8135,0.5123,0.2712,0.7881,0.5821,0.5992,0.2696,0.5062,0.5304,0.2797,1.0773,8.5556
16800000,404788487,349951,35,17,4,6,84,1.0282,0.7466,0.2751,0.7525,0.4977,0.2721,0.2574,0.2694,0.2658,1.1551,1.1910,0.5307,0.7542,0.7793,0.5408,0.5377,9.8535
17000000,407820579,350864,29,17,1,2,105,0.2615,0.2608,0.2741,0.2572,0.2600,0.2753,0.2522,0.2627,0.2729,0.5950,0.6154,0.2639,0.2585,0.2608,0.2773,0.5372,5.1847
17200000,410648964,351623,22,16,3,10,115,0.2661,0.2589,0.2640,0.2551,0.2563,0.2789,0.2543,0.2796,0.2701,0.6233,0.6433,0.2720,0.2704,0.2794,0.5705,1.0728,6.1151
17400000,413530475,352392,21,16,1,2,46,0.1348,0.1286,0.1360,0.2617,0.1321,0.2779,0.1270,0.1361,0.2718,0.3067,0.3166,0.2695,0.1298,0.1295,0.4257,0.8063,3.9901
17600000,416373304,353194,22,18,1,0,139,0.2595,0.2601,0.2767,0.2543,0.2600,0.2713,0.2588,0.2685,0.2724,0.6205,0.6389,0.2683,0.2648,0.2838,0.2794,0.5430,5.2803
17800000,419308925,354052,26,18,2,2,118,0.2641,0.5177,0.2751,0.5029,0.2598,0.2740,0.2577,0.2745,0.5345,0.6166,0.6355,0.2812,0.2742,0.2691,0.2885,1.0740,6.5995
18000000,422109185,354947,28,18,5,2,115,0.2601,0.2624,0.2731,0.2579,0.2537,0.2684,0.2637,0.2779,0.2742,0.5982,0.6211,0.2719,0.2621,0.2813,0.2836,1.6424,6.3521
18200000,424781074,355588,28,18,4,1,63,0.2662,0.2844,0.2896,0.2632,0.2617,0.5458,0.2603,0.2880,0.2825,0.6069,0.6247,0.5513,0.2789,0.2800,0.5695,2.1916,7.8446
18400000,427689947,356514,26,18,8,3,66,0.2658,0.2714,0.2787,0.2559,0.2589,0.2798,0.2616,0.2602,0.2760,0.5959,0.6176,0.2718,0.5374,0.2752,0.8359,2.7177,8.2597
18600000,430490602,357251,23,14,9,2,113,0.2660,0.2682,0.2786,0.2566,0.2703,0.2743,0.2580,0.2847,0.2795,0.6098,0.6273,0.2744,0.2729,0.2860,0.2854,0.5514,5.3432
18800000,433283866,358004,22,14,3,2,185,0.2610,0.2697,0.5651,0.5216,0.5352,0.5527,0.2593,0.2803,0.2756,1.2468,1.2843,0.5551,0.2703,0.5656,0.2790,1.1195,8.8409
19000000,435979010,358682,24,14,3,0,149,0.5361,0.2749,0.8578,0.2592,0.8153,0.8386,0.2715,0.5709,0.2796,0.6015,0.6165,0.2770,0.2646,0.2790,0.5562,0.5495,7.8480
19200000,438727852,359309,33,14,5,0,183,0.1370,0.1373,0.1472,0.1380,0.1402,0.5551,0.1338,0.4241,0.1409,0.6125,0.6306,0.1428,0.2680,0.1421,0.1505,0.2819,4.1819
19400000,441483948,360062,37,14,6,2,364,0.2713,0.2703,0.2808,0.2629,0.2742,0.2821,0.5303,0.2782,0.2739,1.8201,1.8765,0.5549,0.2695,0.2745,0.2807,1.1094,8.9096
19600000,444009108,360563,33,14,6,1,267,0.5535,0.5526,0.2846,0.5372,0.2722,0.2806,0.8084,0.2903,0.5592,2.4908,2.5678,0.2810,0.2657,0.5525,0.5810,0.5558,11.4332
19800000,446705846,361039,37,15,3,0,188,0.2687,0.8042,0.2893,0.7899,0.2616,0.2823,0.2613,0.5652,0.8304,0.6366,0.6540,0.5592,0.5349,0.8113,0.2909,1.0996,8.9395
20000000,449207010,361652,36,17,6,5,191,0.2687,0.2782,0.5829,1.0848,0.5368,0.5664,0.5254,0.2885,1.1283,1.2999,0.6614,0.2752,0.2827,0.2767,0.2858,1.6943,10.0360
20200000,451812867,362311,36,17,5,4,196,0.2752,0.2652,0.2805,0.2639,0.7885,0.2776,0.7841,0.5755,0.2830,0.6282,0.6437,0.2753,0.2752,0.2831,0.2909,2.1995,8.3893
20400000,454295466,362864,37,19,3,5,302,0.5550,0.2687,0.2909,0.5289,0.2745,0.2835,1.0555,0.8682,0.2829,1.2759,1.3136,0.2846,0.5586,0.5675,0.2866,0.5581,9.2531
20600000,456933959,363396,41,17,3,1,234,0.8224,0.2683,0.2890,0.2686,0.2734,0.5602,0.2598,1.1427,0.5547,1.8764,0.6433,0.2740,0.2698,0.2718,0.5788,0.5582,8.9111
20800000,459243857,363856,40,18,1,6,255,0.2768,0.5441,0.2893,0.5436,0.2741,0.2963,0.2637,0.2936,0.2834,0.6623,0.6811,0.5688,0.2811,0.2784,0.3035,1.1409,6.9811
21000000,461918506,364372,38,18,4,5,333,0.5380,0.2674,0.2847,0.7969,0.5358,0.5652,0.2577,0.2792,0.5485,1.2779,0.6502,0.2717,0.2712,0.2757,0.5777,0.5571,7.9548
21200000,464348388,364968,46,20,2,7,318,0.8055,0.5342,0.2849,0.2666,0.2652,0.8433,0.5084,0.5548,0.8173,1.9127,1.3160,0.2854,0.2705,0.5428,0.8640,0.5599,10.6314
21400000,466774405,365427,53,22,8,3,304,0.2723,0.2697,0.5757,0.2629,0.2702,0.2859,0.2646,0.2941,1.1173,2.6018,2.0086,0.5747,0.2832,0.8492,1.1760,1.1371,12.2432
21600000,469268663,365842,47,22,9,13,194,0.2687,0.2772,0.2826,0.2626,0.2665,0.2812,0.2673,0.2920,1.3626,0.6391,0.6617,0.2796,0.2802,1.0912,1.4349,1.6574,9.6046
21800000,471569884,366204,50,23,6,6,268,0.1399,0.1371,0.1497,0.1377,0.1365,0.1466,0.1361,0.1518,0.1399,0.3315,0.3389,0.1408,0.1428,0.1413,0.1526,0.2825,2.8057
22000000,474039344,366606,44,23,6,8,271,0.2755,0.5485,0.2794,0.5480,0.2712,0.5871,0.2686,0.2851,0.2693,1.3073,1.3433,0.5749,0.2767,0.5749,0.6047,0.5585,8.5729
22200000,476530961,367027,44,24,6,11,245,0.2690,0.2754,0.2906,0.2590,0.2723,0.2754,0.2631,0.2788,0.2796,0.6374,0.6595,0.2795,0.2675,0.2761,0.2827,1.1067,5.9726
22400000,478734349,367496,42,24,4,7,153,0.2742,0.5579,0.5777,0.2663,0.5512,0.2885,0.2599,0.2869,0.5576,1.3052,1.3452,0.2869,0.5495,0.5522,0.3036,0.5646,8.5275
22600000,481151808,367869,49,25,4,5,141,0.1416,0.1372,0.1449,0.1344,0.1361,0.1446,0.1306,0.1390,0.1476,0.3339,0.3457,0.1397,0.1461,0.1425,0.3044,0.2848,2.9529
22800000,483404004,368273,53,16,6,3,335,0.2848,0.2631,0.5755,0.2709,0.5495,0.5789,0.5316,0.5721,0.2959,1.3037,1.3514,0.2932,0.5733,0.5695,0.3070,1.1302,9.4507
23000000,485560264,368631,55,16,5,4,478,0.2781,0.5451,0.2905,0.2702,0.8399,0.2833,0.2719,0.2913,0.2866,1.9748,0.6536,0.2871,0.2813,0.2949,0.6076,1.7298,9.1858
23200000,487985477,368922,46,17,4,4,288,0.2752,0.8139,0.2893,0.2663,0.2743,0.2886,0.2647,0.2944,0.2716,0.6342,0.6532,0.2814,0.2745,0.2789,0.8775,0.5674,6.6054
23400000,490351916,369263,46,17,6,3,157,0.2752,0.2723,0.2822,0.2627,0.2744,0.2850,0.2670,0.2970,0.2852,0.6372,0.6579,0.2732,0.2758,0.2748,0.2995,0.5667,5.4860
23600000,492636124,369621,44,19,4,5,30,0.2818,0.5310,0.2826,0.2706,0.2793,0.2904,0.2659,0.2937,0.2917,0.6428,0.6633,0.2803,0.5386,0.2948,0.5883,0.5680,6.3631
23800000,495146744,370111,40,19,4,8,75,0.2719,0.2792,0.2841,0.2701,0.2665,0.2855,0.2651,0.2989,0.2935,0.6361,0.6517,0.2813,0.2657,0.5836,0.2970,0.5656,5.7956
24000000,497264175,370414,41,19,5,5,31,0.5583,0.2784,0.5743,0.5475,0.5460,0.5858,0.5422,0.2802,0.5895,0.6486,1.3208,0.2947,0.2846,0.2908,0.5930,1.1378,9.0726
24200000,499426231,370653,37,19,6,9,69,0.2763,0.2713,0.8820,0.2689,0.8334,0.8812,0.2734,0.5803,0.2898,1.3250,2.0287,0.2913,0.2756,0.2968,0.3023,0.5686,9.6449
24400000,501638996,371016,36,19,5,8,60,0.2748,0.2719,0.2921,0.2594,0.2752,0.2872,0.2857,0.2864,0.2922,0.6818,0.7025,0.2832,0.5569,0.2766,0.2979,0.5716,5.8952
24600000,503888062,371323,36,19,3,3,31,0.2773,0.2886,0.2911,0.2667,0.2737,0.2811,0.2704,0.2988,0.2948,1.3636,1.4072,0.2904,0.2829,0.2828,0.3095,0.5692,7.0480
24800000,505908092,371663,42,20,3,6,86,0.5681,0.2818,0.5901,0.5594,0.2796,0.5923,0.5576,0.5965,0.2968,2.0769,2.1394,0.2908,0.2796,0.5756,0.3113,0.5732,10.5690
25000000,508099309,372172,40,20,2,9,71,0.2834,0.2791,0.2958,0.2703,0.2773,0.2966,0.2774,0.3023,0.2899,2.6439,2.7254,0.2837,0.5510,0.2832,0.5930,0.5726,10.2250
25200000,510310290,372581,37,20,3,11,90,0.1394,0.1364,0.1404,0.1324,0.1353,0.1433,0.1333,0.1436,0.1430,0.3256,0.3338,0.1402,0.1390,0.1433,0.1472,0.2847,2.7609
25400000,512550600,372918,40,20,2,4,72,0.2781,0.2781,0.2928,0.2773,0.2805,0.2789,0.2695,0.2990,0.2864,1.3437,1.3787,0.2935,0.5678,0.2843,0.6053,0.5721,7.5860
25600000,514451932,373170,41,20,1,2,20,0.5568,0.2831,0.3011,0.2693,0.2849,0.5767,0.2692,0.2954,0.5809,2.0250,0.7154,0.2960,0.2872,0.5652,0.3074,1.1406,8.7542
25800000,516615262,373489,35,20,6,5,25,0.2816,0.2715,0.2799,0.2730,0.2773,0.3044,0.2706,0.2948,0.2945,0.6615,0.6844,0.2838,0.5706,0.2975,0.3105,0.5756,5.9316
26000000,518865218,373703,33,20,4,3,54,0.2764,0.2748,0.2930,0.2812,0.5424,0.5809,0.5298,0.5797,0.2931,1.2872,1.3296,0.5693,0.2800,0.5766,0.6007,0.5745,8.8694
26200000,520976259,374086,35,20,1,6,133,0.2849,0.2838,0.5877,0.2700,0.2728,0.2888,0.2714,0.9067,0.3068,2.0011,2.0659,0.2844,0.2885,0.2971,0.3114,0.5784,9.2996
26400000,523149916,374515,38,20,3,14,146,0.5674,0.5574,0.2953,0.2755,0.5551,0.5833,0.2711,0.2899,0.5943,2.6460,2.7294,0.2912,0.5552,0.5796,0.2985,1.1486,12.2377
26600000,525250208,374800,37,20,0,6,213,0.8322,0.2809,0.5903,0.5484,0.2771,0.2998,0.5256,0.5911,0.2874,3.2194,3.3199,0.2915,0.8172,0.2887,0.6007,0.5749,13.3449
26800000,527435732,375146,39,20,1,5,35,0.2770,0.2729,0.2990,0.2683,0.2775,0.2881,0.2811,0.8944,0.2854,3.9421,4.0623,0.2895,0.2798,0.2897,0.2998,1.1602,13.4669
27000000,529322091,375411,32,20,3,6,59,0.1447,0.1406,0.2997,0.1379,0.2820,0.2958,0.2815,0.5993,0.2952,2.3277,2.3980,0.1422,0.1493,0.1546,0.1569,0.2877,8.0930
27200000,531467181,375624,33,20,1,4,82,0.2770,0.5654,0.8902,0.2632,0.2650,0.2935,0.2709,0.2908,0.8779,0.6772,5.4715,0.2933,0.5798,0.2844,0.3058,1.1500,12.7557
27400000,533398681,376072,37,20,2,7,211,0.5627,0.8600,1.2066,0.5437,0.2801,0.5944,0.5662,0.6083,1.1963,1.3645,6.3045,0.6005,0.2922,0.2955,0.3174,1.7596,17.3525
27600000,535254594,376204,42,20,4,5,150,0.2896,1.1345,0.3053,0.2767,0.2758,0.3005,0.2835,0.3095,1.4544,0.6812,0.7021,0.2939,0.5838,0.2995,0.3305,0.5834,8.1042
27800000,537351093,376588,37,20,5,7,176,0.2896,1.4487,0.2892,0.5607,0.5581,0.2942,0.2780,0.3075,0.2965,1.3350,1.3740,0.2950,0.8869,0.2922,0.3044,1.1759,9.9858
28000000,539298496,377050,38,20,1,5,80,0.2880,0.2843,0.3056,0.2805,0.2871,0.2932,0.2736,0.3064,0.2821,0.6999,0.7209,0.2903,0.2833,0.2988,0.3246,0.5819,5.8004
28200000,540958874,377177,40,20,4,6,308,0.2866,0.1457,0.3023,0.1375,0.2818,0.2981,0.1408,0.1600,0.2978,0.3538,0.3632,0.1476,0.1437,0.1549,0.1549,0.5825,3.9511
28400000,543017164,377407,44,20,3,7,152,0.2771,0.2888,0.2947,0.2757,0.2830,0.2970,0.2616,0.2863,0.2866,0.6652,0.6859,0.2886,0.2841,0.2912,0.6092,0.5819,5.9570
28600000,544976129,377543,46,20,2,13,196,0.2832,0.2882,0.2980,0.2682,0.2793,0.3043,0.2745,0.3015,0.2982,1.3610,1.3991,0.2965,0.2867,0.2969,0.3119,0.5809,7.1284
28800000,546800269,377706,42,20,3,2,232,0.5709,0.2932,0.2982,0.5506,0.2813,0.5984,0.2828,0.3048,0.5944,0.6757,0.6963,0.5847,0.5904,0.2968,0.6314,1.1620,8.4121
29000000,548604910,377895,47,20,2,2,104,0.1455,0.1470,0.1487,0.4133,0.2820,0.1546,0.1413,0.1526,0.1434,0.6636,0.3384,0.1547,0.1490,0.1504,0.4675,0.8695,4.5216
29200000,550451690,378103,44,21,2,4,136,0.2844,0.2912,0.2935,1.1219,0.8553,0.2944,0.2779,0.6207,0.2909,2.0272,0.6978,0.2983,0.5885,0.2791,0.3148,0.5831,9.1190
29400000,552206891,378319,40,22,3,6,148,0.2834,0.5761,0.2971,0.2815,0.2862,0.2975,0.2836,0.9344,0.3002,0.6750,0.6906,0.2893,0.2886,0.2851,0.3125,1.1720,7.2530
29600000,554114714,378491,41,23,2,6,159,0.5653,0.2820,0.2951,0.5498,0.5603,0.2914,0.2720,0.2967,0.2850,0.6986,1.3907,0.5751,0.5794,0.5701,0.2991,0.5834,8.0939
29800000,556123424,378778,39,24,5,10,210,0.2861,0.2930,0.2989,0.2783,0.8250,0.2959,0.2762,0.5883,0.2921,1.3640,0.6947,0.8635,0.2873,0.2924,0.3180,1.1563,8.4100
30000000,557960552,378936,36,24,5,3,141,0.2839,0.2803,0.3021,0.2824,1.1298,0.2928,0.5577,0.9060,0.5996,2.0822,1.4125,0.2957,0.5994,0.5952,0.6388,0.5830,10.8412
30200000,559602847,379100,35,24,0,8,72,0.2927,0.2954,0.3076,0.2879,0.2870,0.3097,0.2792,1.1803,0.2995,2.7142,2.0875,0.3074,0.3020,0.3090,0.3132,1.1474,10.7199
30400000,561348158,379366,37,24,2,8,107,0.2897,0.2787,0.3056,0.2857,0.2879,0.6096,0.5647,1.4962,0.2957,3.4268,2.8227,0.2950,0.5899,0.6109,0.3236,1.7320,14.2145
30600000,562989543,379533,36,24,0,15,254,0.2922,0.2900,0.3012,0.5847,0.2940,0.9295,0.2758,0.3173,0.3033,0.7239,0.7420,0.6004,0.2883,0.2968,0.3208,0.5870,7.1472
30800000,564781708,379702,39,26,2,5,104,0.2849,0.2808,0.3062,0.2805,0.5791,1.2169,0.2835,0.3011,0.2940,1.3881,0.6902,0.3053,0.5761,0.5922,0.6302,0.5871,8.5962
31000000,566520673,379782,38,28,4,9,97,0.2866,0.2892,0.3074,0.2718,0.8823,0.3033,0.2745,0.6165,0.2905,0.6846,0.7048,0.2979,0.2878,0.2936,0.3223,1.1952,7.3085
31200000,568400279,380078,46,28,3,5,214,0.2788,0.2869,0.2944,0.2719,1.1078,0.2934,0.5415,0.2915,0.5699,1.3228,1.3594,0.5755,0.2862,0.2968,0.3208,1.7115,9.8089
31400000,570188479,380324,39,31,2,13,76,0.2940,0.5948,0.6051,0.2825,0.2865,0.6146,0.2669,0.6037,0.2986,2.0788,0.7065,0.8977,0.2921,0.3047,0.6613,0.5859,9.3736
31600000,571669229,380405,50,34,4,10,150,0.2894,0.2975,0.3119,0.5615,0.5810,0.3186,0.2865,0.3120,0.3110,2.7780,0.7429,0.3087,0.3012,0.3069,0.9902,0.5900,9.2874
31800000,573457428,380484,51,34,5,16,178,0.2891,0.5795,0.3053,0.2834,0.2821,0.2957,0.2887,0.2986,0.2985,3.4262,1.4505,0.5954,0.2867,0.2985,0.3099,1.1657,10.4537
32000000,575168579,380679,61,36,6,15,247,0.5909,0.8887,0.6250,0.2857,0.2833,0.6250,0.5823,0.3123,0.2888,0.6936,0.7126,0.2973,0.2813,0.2944,0.3080,1.7926,8.8616
32200000,576819526,380886,64,36,5,22,170,0.8657,1.1645,0.3093,0.2774,0.5701,0.3009,0.2891,0.3065,0.3087,1.3895,1.4279,0.2969,0.2877,0.3130,0.3211,0.5910,9.0190
32400000,578315825,381056,57,39,6,24,144,1.1400,0.2964,0.3128,0.3016,0.8638,0.2996,0.2876,0.2957,0.6135,2.0869,2.1467,0.6078,0.3081,0.3134,0.3338,0.5914,10.7990
32600000,580060886,381377,60,41,9,4,99,0.2855,0.2914,0.3026,0.2903,1.1724,0.3061,0.2813,0.3010,0.2975,0.6971,0.7153,0.9122,0.6027,0.2978,0.6499,0.5879,7.9908
32800000,581812123,381593,60,43,4,18,158,0.5693,0.2871,0.5976,0.2849,1.4495,0.5913,0.2728,0.5940,0.5917,1.3815,1.4215,1.2064,0.8923,0.5878,0.3167,0.5860,11.6305
33000000,583340620,381529,58,45,3,10,177,0.2936,0.2892,0.8832,0.2834,0.2913,0.3083,0.2970,0.3063,0.2991,0.7171,0.7357,0.3023,0.2971,0.3024,0.6245,0.5905,6.8208
33200000,584963249,381681,54,46,4,7,92,0.2870,0.2941,0.3055,0.2819,0.2899,0.2975,0.2870,0.6150,0.6114,1.4590,1.4998,0.3045,0.2905,0.2827,0.3198,1.1956,8.6212
33400000,586378088,381819,58,48,3,6,111,0.2921,0.2965,0.3063,0.2934,0.5801,0.6039,0.5722,0.9211,0.2935,2.1555,2.2098,0.3048,0.3033,0.5815,0.6188,0.5914,10.9241
33600000,587967955,382001,46,49,1,4,27,0.2891,0.5790,0.6095,0.5846,0.2810,0.9204,0.2805,0.3107,0.2993,2.8847,2.9557,0.3028,0.2953,0.3032,0.3216,0.5917,11.8093
33800000,589588073,382055,58,52,2,6,47,0.2927,0.2816,0.3123,0.2885,0.2889,0.3141,0.2877,0.3212,0.3069,0.7249,0.7465,0.3120,0.3005,0.3002,0.3264,1.1786,6.5831
34000000,591206652,382109,58,55,1,9,54,0.2854,0.2899,0.3080,0.2834,0.2911,0.2996,0.2754,0.3077,0.2923,0.6877,0.7073,0.2960,0.2894,0.2928,0.3083,1.7898,7.0041
34200000,592684646,382215,56,55,1,6,105,0.2952,0.5803,0.3154,0.5754,0.5787,0.3033,0.5513,0.3081,0.5919,0.7137,0.7335,0.5952,0.2900,0.3083,0.3159,2.3589,9.4150
34400000,594014472,382290,59,57,2,5,37,0.1432,0.1420,0.1527,0.1410,0.1418,0.1433,0.1436,0.1550,0.4490,0.3567,0.3664,0.4456,0.1399,0.3036,0.1658,1.4862,4.8757
34600000,595584678,382478,53,59,4,4,151,0.2942,0.2892,0.3010,0.2855,0.2932,0.3068,0.2869,0.3223,0.2921,0.6944,0.7099,0.2936,0.5737,0.3004,0.6416,0.5909,6.4756
34800000,597039105,382527,51,62,4,7,152,0.2934,0.3134,0.3119,0.2780,0.2805,0.2972,0.2810,0.6330,0.3123,0.7239,0.7454,0.3073,0.8698,0.3079,0.3372,0.5921,6.8843
35000000,598775714,382764,46,63,2,6,131,0.5683,0.2883,0.3017,0.2789,0.2835,0.5859,0.5583,0.9150,0.2877,0.6808,1.4213,0.2926,0.2964,0.6006,0.3182,0.5907,8.2680
35200000,600668172,382858,43,63,2,7,92,0.2854,0.2797,0.3006,0.2816,0.2823,0.3065,0.2793,0.3034,0.2941,1.3547,0.6920,0.2980,0.2833,0.2908,0.2918,0.5904,6.4141
35400000,602173888,382959,38,64,1,3,42,0.2989,0.5832,0.6191,0.2870,0.2979,0.3085,0.2905,0.3261,0.2986,0.6997,0.7200,0.3119,0.3037,0.3014,0.3186,1.1822,7.1472
35600000,603610025,383198,43,68,1,8,30,0.6041,0.3034,0.3140,0.5933,0.5961,0.3202,0.2795,0.6670,0.6058,1.4368,0.7231,0.6247,0.2923,0.2909,0.6426,1.8236,10.1173
35800000,605059040,383262,51,68,1,8,73,0.2930,0.2909,0.6404,0.2844,0.9085,0.6369,0.3007,0.3121,0.9453,2.2201,1.4944,0.3093,0.2959,0.3051,1.0047,2.4901,12.7319
36000000,606528108,383347,48,68,3,4,43,0.5697,0.2951,0.3193,0.2889,1.1425,0.3167,0.2817,0.6122,0.3096,0.7123,0.7288,0.5986,0.3030,0.2981,0.3338,0.5943,7.7046
36200000,607879719,383424,44,68,4,5,36,0.2979,0.3005,0.3119,0.2866,1.4648,0.3160,0.2944,0.3226,0.3047,0.7200,0.7386,0.2989,0.6032,0.3086,0.6594,0.5932,7.8210
36400000,609319183,383483,46,68,3,1,48,0.3006,0.3058,0.3184,0.2857,0.3012,0.3161,0.3018,0.3139,0.2956,0.7200,0.7412,0.2992,0.2928,0.2980,0.3198,0.5937,6.0039
36600000,610659984,383657,54,68,5,2,220,0.2952,0.2917,0.3148,0.2912,0.2927,0.3177,0.6015,0.3135,0.3053,1.4538,1.4906,0.3127,0.5869,0.6055,0.6466,0.5967,8.7164
36800000,612254502,383836,48,68,11,6,368,0.5783,0.2864,0.6186,0.5689,0.5691,0.6075,0.2802,0.6081,0.6054,2.1160,2.1722,0.6117,0.2882,0.3112,0.3082,1.1656,11.6957
37000000,613612802,383898,55,68,3,0,249,0.8962,0.5860,0.9542,0.2951,0.2902,0.9469,0.5788,0.3173,0.3015,2.9167,2.9963,0.9377,0.2948,0.3032,0.3310,0.5923,13.5381
37200000,614936075,384062,56,68,6,0,416,0.2993,0.2925,1.2661,0.5879,0.5910,1.2695,0.8756,0.6394,0.3062,3.6576,3.7556,1.2490,0.5895,0.3058,0.3231,0.5947,16.6029
37400000,616356513,384183,59,68,2,2,341,0.2947,0.3048,0.3132,0.2981,0.2889,0.3028,0.2930,0.3198,0.3062,0.7312,0.7498,0.3226,0.3025,0.3046,0.3282,0.5962,6.0567
37600000,617762618,384312,61,68,2,6,551,0.2983,0.2969,0.3299,0.2847,0.2979,0.3146,0.2850,0.3195,0.3002,0.7077,0.7268,0.2960,0.3041,0.3065,0.3244,0.5938,5.9863
37800000,619321428,384422,58,68,10,4,699,0.2881,0.6093,0.6571,0.2873,0.2790,0.3037,0.5820,0.2978,0.3118,1.4388,0.7318,0.3024,0.6084,0.6218,0.3219,0.5932,8.2343
38000000,620600226,384602,55,68,5,4,282,0.3040,0.3027,0.3248,0.2900,0.2951,0.3094,0.3016,0.3227,0.3133,2.1694,1.4911,0.6150,0.3076,0.3084,0.3445,1.1827,9.1822
38200000,621939309,384585,52,68,2,10,433,0.3000,0.3056,0.3265,0.2936,0.1473,0.1546,0.1457,0.1628,0.1520,0.3708,0.3797,0.1493,0.1454,0.3083,0.1634,0.8876,4.3925
38400000,623296153,384721,50,68,4,6,267,0.2933,0.3017,0.3281,0.2858,0.2945,0.3086,0.2964,0.3109,0.3119,0.7234,0.7399,0.3160,0.3048,0.3032,0.3265,2.3690,7.8139
38600000,624752656,384662,55,68,2,3,483,0.2901,0.3000,0.3222,0.2814,0.5827,0.3032,0.5757,0.3179,0.6194,1.4229,1.4552,0.6218,0.5996,0.2970,0.3136,0.5941,8.8967
38800000,625965519,384815,52,68,8,7,531,0.2964,0.3054,0.3231,0.2923,0.2982,0.6214,0.2933,0.3221,0.3192,0.7638,0.7814,0.3100,0.3123,0.3053,0.6480,1.2081,7.4003
39000000,627420451,384846,50,68,7,9,319,0.1457,0.1488,0.1591,0.1405,0.1418,0.4629,0.2887,0.1562,0.1487,0.3529,0.7534,0.3060,0.1492,0.3000,0.1597,0.2959,4.1093
39200000,628520493,384957,48,68,6,6,306,0.2986,0.6004,0.3266,0.2806,0.3039,1.2397,0.2957,0.6359,0.3024,1.4214,2.2405,0.3073,0.6038,0.3042,0.3396,1.1870,10.6874
39400000,629784070,384984,53,68,5,6,429,0.3003,0.2874,0.3163,0.2887,0.2908,0.3127,0.2951,0.3319,0.3166,0.7433,0.7610,0.3159,0.2968,0.3071,0.6635,0.5987,6.4260
39600000,631350434,385161,60,68,15,9,474,0.1465,0.1459,0.1607,0.1417,0.1453,0.1518,0.2890,0.1607,0.1509,0.3441,0.3553,0.1518,0.1482,0.1507,0.1563,0.2971,3.0963
39800000,632815089,385319,56,68,10,8,582,0.2985,0.6092,0.6474,0.5807,0.2921,0.6269,0.8670,0.6388,0.6207,1.4176,0.7314,0.3086,0.3035,0.3075,0.3200,1.2022,9.7720
40000000,634042867,385541,63,68,6,8,706,0.2943,0.2878,0.3226,0.2892,0.2891,0.3080,0.2935,0.3121,0.3068,0.7549,0.7723,0.3267,0.3044,0.3041,0.6476,0.5967,6.4100
40200000,635202027,385503,62,68,7,2,750,0.2989,0.3003,0.3115,0.2913,0.3035,0.3101,0.5837,0.6241,0.2960,1.4669,0.7439,0.3078,0.3039,0.3146,0.3164,0.5961,7.3690
40400000,636598764,385634,69,68,8,2,686,0.2986,0.2899,0.3197,0.2841,0.5989,0.3081,0.8913,0.3251,0.3022,2.2026,0.7282,0.3062,0.3006,0.3081,0.3173,1.2009,8.9818
40600000,638047951,385748,64,68,7,5,805,0.5963,0.2895,0.6342,0.2888,0.8852,0.3138,0.2858,0.3091,0.3134,0.7025,0.7226,0.6152,0.6054,0.6131,0.3106,1.7913,9.2765
40800000,639198822,385755,66,68,9,8,771,0.3027,0.3121,0.9370,0.2956,0.2955,0.3212,0.2903,0.3385,0.3138,1.4241,1.4648,0.3222,0.3088,0.3083,0.3437,0.5998,8.1784
41000000,640354080,385740,72,68,14,5,610,0.2967,0.6153,1.2610,0.5842,0.2899,0.3164,0.2835,0.3132,0.3175,2.1695,0.7567,0.6415,0.6103,0.6163,0.3203,1.2011,10.5934
41200000,641442340,385825,83,68,14,6,666,0.3034,0.3127,0.3156,0.2929,0.3014,0.3210,0.5889,0.6391,0.3099,2.9624,0.7446,0.9766,0.3050,0.3243,0.3369,0.5966,9.6312
41400000,642404838,385838,87,68,11,4,625,0.2995,0.2982,0.3218,0.2972,0.3087,0.3281,0.2938,0.9460,0.3251,0.7400,0.7568,0.3059,0.3120,0.3077,0.6764,0.5981,7.1152
41600000,643665249,385949,85,68,15,7,559,0.2981,0.3126,0.3126,0.2863,0.2854,0.6205,0.5754,1.2259,0.3080,1.4176,1.4530,0.6066,0.2997,0.6001,0.9720,0.5984,10.1721
41800000,644728620,385999,97,68,15,8,612,0.2993,0.3109,0.3226,0.2903,0.2986,0.3138,0.2972,0.3229,0.3152,0.7205,0.7407,0.9399,0.3092,0.3020,1.3199,1.2107,8.3138
42000000,646047747,386071,96,68,18,4,864,0.3034,0.6285,0.3122,0.2955,0.5944,0.3200,0.2854,0.6326,0.3151,1.4129,1.4489,1.2531,0.6077,0.3031,0.3202,0.5968,9.6297
42200000,647330071,386195,98,68,20,8,746,0.2907,0.3001,0.3172,0.2979,0.3023,0.3068,0.2883,0.3233,0.3059,0.6912,0.7118,0.2957,0.2971,0.3099,0.3325,0.6000,5.9707
42400000,648445917,386263,100,68,15,11,669,0.3018,0.2969,0.3092,0.2952,0.5980,0.3218,0.2930,0.3079,0.6330,1.4335,1.4738,0.3107,0.3032,0.3091,0.3327,0.5999,8.1197
42600000,649672670,386372,96,68,13,8,453,0.2972,0.3091,0.3169,0.2937,0.8859,0.6350,0.5809,0.3108,0.3073,2.1551,2.2118,0.6267,0.3096,0.6249,0.3510,1.2007,11.4167
42800000,650821644,386409,91,68,17,8,332,0.2981,0.3043,0.3165,0.5782,1.1671,0.3119,0.2916,0.3084,0.3296,0.7253,0.7474,0.3082,0.3017,0.9247,0.3428,1.7794,9.0353
43000000,651919319,386501,85,68,8,14,716,0.3007,0.2925,0.3187,0.2868,1.5010,0.3084,0.2835,0.3329,0.3136,0.7282,0.7483,0.3128,0.3045,0.3165,0.3361,2.4287,9.1130
43200000,653168619,386470,81,68,14,7,308,0.2976,0.2964,0.3182,0.2923,0.2961,0.3033,0.2884,0.6429,0.6241,1.4358,1.4724,0.3109,0.3067,0.3121,0.3429,2.9799,10.5199
43400000,654422814,386652,75,62,17,6,431,0.2967,0.2972,0.3204,0.2958,0.3043,0.3084,0.2822,0.3109,0.3096,0.7058,0.7257,0.3159,0.3044,0.3034,0.3223,0.5992,6.0019
43600000,655539970,386885,80,62,7,1,333,0.2966,0.5926,0.3220,0.2971,0.6040,0.3260,0.2914,0.6406,0.6177,1.4403,1.4813,0.6251,0.3066,0.3129,0.3299,0.5978,9.0818
43800000,656764191,386945,80,62,19,4,269,0.2969,0.3013,0.3228,0.2829,0.8925,0.6506,0.5990,0.9623,0.9315,2.1586,2.2164,0.9445,0.2981,0.3074,0.3300,1.1973,12.6920
44000000,657794651,387033,78,62,13,4,435,0.2983,0.1543,0.1612,0.1543,0.1543,0.4870,0.1481,0.6382,0.6213,1.4409,1.4778,0.1584,0.1585,0.1627,0.3344,0.3034,6.8530
44200000,658867920,387034,77,62,9,9,535,0.2948,0.2959,0.3084,0.2985,0.2954,0.3153,0.2881,0.3289,0.3160,0.7347,0.7560,0.3276,0.3176,0.3099,0.3273,0.6000,6.1143
44400000,659886949,387201,82,62,8,6,711,0.3071,0.5987,0.6128,0.2998,0.5950,0.3194,0.5733,0.6686,0.6332,1.4779,1.5149,0.6387,0.6287,0.3159,0.3383,1.1894,10.7115
44600000,660965263,387303,78,62,8,5,861,0.3002,0.2978,0.3201,0.2915,0.3006,0.3168,0.2980,0.3283,0.3117,0.7338,0.7545,0.3221,0.3145,0.3109,0.6861,0.5992,6.4860
44800000,662308246,387424,75,62,6,5,494,0.3033,0.5842,0.6211,0.5678,0.2954,0.6071,0.2858,0.6241,0.6094,1.4207,1.4572,0.3068,0.5945,0.5933,0.9775,0.5986,10.4466
45000000,663455875,387425,78,62,9,7,525,0.2958,0.2995,0.3246,0.2989,0.3070,0.9411,0.5837,0.3276,0.3054,0.7502,0.7663,0.3212,0.3245,0.3056,0.3386,1.2151,7.7051
45200000,664591143,387554,80,62,10,5,753,0.2984,0.3191,0.3126,0.2934,0.2943,0.3173,0.3076,0.3184,0.6357,1.4992,1.5343,0.6387,0.3173,0.6305,0.3383,1.8352,9.8902
45400000,665557974,387650,81,62,8,3,253,0.3078,0.3038,0.3385,0.3015,0.3054,0.3318,0.2929,0.3281,0.9421,2.2092,2.2647,0.3055,0.3200,0.3207,0.3563,2.3888,11.6171
45600000,666432053,387683,79,62,13,5,342,0.3081,0.6144,0.3345,0.3034,0.3122,0.3266,0.3247,0.3280,0.3221,2.9825,3.0581,0.3241,0.3139,0.3183,0.3399,0.6056,11.1162
45800000,667362514,387656,81,62,10,6,594,0.3010,0.8742,0.3279,0.2947,0.3058,0.3214,0.2903,0.6457,0.3172,0.7169,0.7328,0.3224,0.6038,0.3219,0.6602,1.1748,8.2109
46000000,668285042,387741,74,62,15,8,220,0.3065,0.2991,0.6611,0.2969,0.3011,0.6497,0.2946,0.3334,0.3238,0.7368,0.7562,0.6465,0.3212,0.3070,1.0221,0.6034,7.8591
46200000,669391137,387778,69,62,5,4,70,0.2930,0.3044,0.3119,0.2943,0.2914,0.3191,0.3028,0.3236,0.6484,0.7438,0.7617,0.9785,0.3025,0.3109,0.3346,1.2206,7.7417
46400000,670363273,387765,65,62,6,6,82,0.2954,0.3063,0.3285,0.2945,0.2963,0.3336,0.5937,0.6527,0.3192,0.7427,0.7601,1.2688,0.3061,0.3116,0.6502,0.6025,8.0622
46600000,671658424,387845,61,62,6,2,52,0.2938,0.3011,0.3204,0.2962,0.3045,0.3193,0.2869,0.3103,0.3079,0.7105,0.7281,0.3176,0.2950,0.3096,0.3245,0.5979,6.0236
46800000,673080329,387998,59,62,7,3,78,0.5859,0.5940,0.6309,0.2899,0.5925,0.3222,0.5794,0.6198,0.6009,1.4000,1.4361,0.2999,0.5961,0.6179,0.3132,0.5987,10.0772
47000000,674101504,388072,70,62,5,4,136,0.3040,0.2914,0.3420,0.3015,0.9103,0.3199,0.2920,0.3263,0.3170,2.1691,2.2256,0.6276,0.3095,0.3160,0.3412,0.6025,9.9958
47200000,675308698,388262,81,62,14,4,609,0.6060,0.3070,0.6609,0.5901,0.2952,0.3238,0.2937,0.3246,0.6282,0.7112,0.7301,0.3164,0.6075,0.6252,0.3244,0.6006,7.9451
47400000,676429556,388400,71,62,8,8,415,0.8888,0.3087,0.3211,0.2920,0.3061,0.6349,0.5810,0.6430,0.9346,1.4009,1.4389,0.3083,0.3154,0.3105,0.6574,0.6047,9.9462
47600000,677718498,388533,80,62,14,6,543,0.2981,0.3072,0.3228,0.2934,0.2994,0.9459,0.2935,0.9641,0.3117,0.7063,2.1464,0.6133,0.3129,0.3121,0.9916,0.6022,9.7208
47800000,678942252,388627,85,62,11,10,512,0.3009,0.3110,0.3208,0.2986,0.2887,0.3091,0.3056,0.3158,0.3183,0.7145,0.7334,0.3190,0.3096,0.3013,1.3315,0.6000,7.0781
48000000,680138205,388635,93,62,4,10,254,0.3029,0.3011,0.3153,0.2885,0.2954,0.3159,0.2911,0.3235,0.3094,0.7282,0.7461,0.3252,0.3152,0.3112,0.3503,0.6022,6.1214
48200000,680926679,388682,111,62,14,13,532,0.1534,0.1557,0.1662,0.1498,0.1562,0.1656,0.1553,0.1664,0.1572,0.3872,0.3957,0.1629,0.1603,0.1569,0.1664,0.6037,3.4588
48400000,681862406,388670,103,62,18,16,762,0.6050,0.3047,0.3210,0.2993,0.3037,0.3189,0.2948,0.3199,0.3100,0.7576,0.7770,0.3259,0.3161,0.6283,0.6583,0.6039,7.1443
48600000,682797703,388816,106,62,14,3,953,0.9197,0.3163,0.3253,0.6013,0.3040,0.3220,0.3037,0.3271,0.3159,1.4893,1.5325,0.3253,0.6276,0.9482,1.0191,0.6025,10.2797
48800000,683774101,388991,103,62,19,8,574,1.2243,0.3053,0.6278,0.3054,0.6054,0.3144,0.3012,0.6453,0.3193,0.7241,0.7430,0.3071,0.3008,1.2572,1.3661,1.2084,10.5551
49000000,684661331,388952,92,62,16,6,364,0.3075,0.3088,0.3155,0.2910,0.3050,0.3152,0.2992,0.3303,0.3035,0.7279,0.7481,0.3326,0.3151,0.3207,1.7032,1.8226,8.7462
49200000,685693310,389018,94,62,12,6,321,0.3022,0.3113,0.3177,0.2967,0.2990,0.3175,0.3061,0.3164,0.6289,1.4529,1.4923,0.3110,0.3111,0.3233,2.0428,0.6037,9.6328
49400000,686678740,388964,86,62,5,1,647,0.1488,0.1561,0.1619,0.1463,0.1521,0.1537,0.1460,0.1652,0.1606,0.3594,0.3698,0.1568,0.1533,0.1538,1.1896,0.6041,4.3775
49600000,687871516,389066,83,62,8,6,314,0.2975,0.6132,0.6444,0.5812,0.3014,0.6098,0.5821,0.3108,0.6255,1.4037,1.4437,0.6254,0.3129,0.6100,0.3332,0.6009,9.8957
49800000,688543773,389088,94,62,12,1,630,0.3165,0.3205,0.3341,0.3066,0.3045,0.3369,0.3173,0.3427,0.3192,2.1664,2.2259,0.3324,0.3186,0.9256,0.3547,0.6082,9.8301
50000000,689540560,389106,101,62,9,4,631,0.3040,0.6454,0.3139,0.3032,0.3023,0.3208,0.6243,0.6655,0.3063,2.9357,3.0141,0.3173,0.3145,1.2625,0.6838,0.6018,12.9154
50200000,690273472,389122,99,62,10,3,640,0.3023,0.3231,0.6367,0.6090,0.3070,0.3169,0.3047,0.3251,0.6367,3.7294,3.8252,0.3228,0.3219,0.3041,0.3420,1.2120,13.8187
50400000,691267021,389151,91,63,10,2,454,0.3059,0.3148,0.3290,0.2974,0.3004,0.3141,0.2873,0.3101,0.3165,0.7130,0.7307,0.3140,0.3118,0.3156,0.3374,1.7928,7.2906
50600000,692109615,389125,90,65,16,10,272,0.1534,0.1604,0.1672,0.1534,0.3016,0.1594,0.1529,0.1642,0.3178,0.7367,0.7546,0.1630,0.1579,0.1550,0.1769,0.3084,4.1828
50800000,693024603,389157,94,65,13,2,411,0.3024,0.3127,0.3123,0.3015,0.2911,0.6523,0.3094,0.3336,0.3096,0.7143,2.2983,0.6682,0.3053,0.3198,0.3410,1.2438,9.0157
51000000,693855595,389130,98,66,6,1,292,0.3023,0.3223,0.3213,0.2948,0.2969,0.9603,0.3020,0.3165,0.6253,1.4347,2.9960,0.3283,0.3265,0.3158,0.6566,0.6054,10.4050
51200000,694479879,389098,103,65,12,11,903,0.3090,0.6457,0.3226,0.3025,0.2956,1.3186,0.3155,0.3285,0.9639,2.2532,3.8734,0.6638,0.3221,0.3265,0.3468,0.6071,13.1948
51400000,695404188,389214,100,65,11,14,357,0.3064,0.3098,0.3313,0.2998,0.2993,0.3214,0.2864,0.3342,0.3162,0.7314,0.7523,0.3276,0.3100,0.3259,0.6883,0.6019,6.5422
51600000,696072391,389193,105,65,9,13,503,0.6116,0.3101,0.3431,0.3087,0.6068,0.6570,0.5899,0.3346,0.3202,0.7724,0.7894,0.6435,0.3054,0.3222,0.3498,0.6057,7.8703
51800000,696976844,389328,102,65,11,13,610,0.9243,0.3069,0.3281,0.2994,0.9266,0.3188,0.2920,0.6717,0.6464,1.5207,1.5585,0.9669,0.3093,0.6440,0.6939,0.6031,11.0105
52000000,698072200,389437,109,65,12,10,640,0.3057,0.3137,0.6429,0.3019,0.2971,0.6264,0.5769,0.3129,0.3206,0.7063,0.7283,0.3236,0.6163,0.3132,0.3358,1.1958,7.9174
52200000,698838954,389599,129,65,18,11,1056,0.3053,0.3096,0.3381,0.3019,0.3074,0.3242,0.3032,0.3286,0.6293,0.7537,0.7717,0.3244,0.9183,0.3213,0.3494,1.7881,8.3747
52400000,699656387,389624,126,65,28,4,1269,0.3091,0.3259,0.3310,0.3117,0.3027,0.6528,0.3016,0.3194,0.9580,1.5270,1.5616,0.3281,0.2993,0.6344,0.3510,0.6074,9.1208
52600000,700821417,389657,122,65,24,4,1611,0.2974,0.3061,0.3158,0.2902,0.2983,0.3187,0.2980,0.3110,0.3017,2.2634,2.3163,0.3100,0.3057,0.2996,0.3361,0.6017,9.1700
52800000,701816379,389798,119,65,21,6,951,0.3078,0.6206,0.3247,0.2995,0.3051,0.3188,0.3132,0.3301,0.3055,0.7218,0.7410,0.3110,0.3115,0.3166,0.3430,0.6027,6.4730
Report usecs used: 3869570
Report usecs used: 2979518
Report usecs used: 2254641
That is 2 seconds
That is 2 seconds
Setup usecs used: 0
That is 3 seconds
Setup usecs used: 0
That is 0 seconds
Setup usecs used: 0
Seeding usecs used: 6244176
That is 6 seconds
That is 0 seconds
That is 0 seconds
Report usecs used: 2243634
Seeding usecs used: 5023581
That is 2 seconds
That is 5 seconds
Setup usecs used: 0
Random usecs used: 25785659
That is 0 seconds
Random usecs used: 32170126
Seeding usecs used: 5000135
Seeding usecs used: 4885716
That is 25 seconds
That is 5 seconds
Random usecs used: 25895250
That is 25 seconds
Execute usecs used: 125239782
Execute usecs used: 125238857
That is 4 seconds
Random usecs used: 25788221
That is 25 seconds
That is 125 seconds
Cell Splitting usecs used: 11673200
That is 32 seconds
That is 11 seconds
That is 125 seconds
Cell Splitting usecs used: 11720555
That is 11 seconds
Execute usecs used: 112739516
That is 112 seconds
Cell Splitting usecs used: 12715638
That is 12 seconds
Execute usecs used: 124555808
That is 124 seconds
Cell Splitting usecs used: 11506463
That is 11 seconds
Thread 0 executed 487274505 instructions
Thread 1 executed 482935650 instructions
Thread 2 executed 483261000 instructions
Thread 3 executed 909562694 instructions
Total: -1931933447

real	3m11.546s
user	12m40.578s
sys	0m2.472s
