200000,5549016,10887,0,1,0,0,0,0.0195,0.0291,0.0281,0.0245,0.0260,0.0284,0.0308,0.0339,0.0277,0.1279,0.1273,0.0289,0.0275,0.0297,0.0299,0.0145,0.6336
400000,10643702,23196,0,2,0,0,0,0.0472,0.0539,0.0616,0.0496,0.0769,0.0833,0.0560,0.0642,0.0587,0.2250,0.2242,0.0533,0.0590,0.0596,0.0634,0.0432,1.2791
600000,15351620,35320,0,2,0,0,0,0.0618,0.0736,0.0806,0.0657,0.0708,0.0739,0.0722,0.0830,0.0769,0.2517,0.2544,0.0746,0.0732,0.0760,0.0812,0.0706,1.5402
800000,19764942,46989,0,2,0,0,0,0.0776,0.0785,0.1689,0.1431,0.0837,0.0906,0.0854,0.0887,0.0852,0.5148,0.5185,0.0808,0.1610,0.1581,0.0838,0.0975,2.5161
1000000,24005696,58245,0,2,0,0,0,0.0833,0.0939,0.0979,0.0864,0.0924,0.0958,0.0907,0.1812,0.0979,0.7716,0.7778,0.0943,0.0953,0.0973,0.0986,0.1220,2.9764
1200000,28176082,69196,1,3,0,0,2,0.1761,0.0986,0.2020,0.1800,0.1900,0.2027,0.1003,0.1062,0.1028,1.0451,1.0552,0.1950,0.1051,0.1016,0.1984,0.1434,4.2023
[EVENT] Viable replicators have appeared!
1400000,32085560,79577,1,3,0,0,0,0.1044,0.1091,0.1133,0.1034,0.1091,0.1109,0.1056,0.1173,0.1120,0.2716,0.2780,0.1102,0.1095,0.1106,0.1155,0.1652,2.1458
1600000,35797522,89317,2,3,0,0,0,0.1101,0.1157,0.2321,0.2143,0.1152,0.1199,0.2161,0.2395,0.1176,0.5708,0.3092,0.2264,0.2256,0.1189,0.2352,0.1834,3.3500
1800000,39377521,98623,2,3,0,0,0,0.0588,0.0613,0.0639,0.0582,0.0583,0.0652,0.0613,0.0625,0.0626,0.1531,0.1573,0.0616,0.0623,0.0623,0.0630,0.1015,1.2132
2000000,42754662,107367,2,3,0,0,0,0.0798,0.0408,0.0430,0.0799,0.0414,0.0885,0.0423,0.0433,0.0440,0.1016,0.1050,0.0420,0.0424,0.0836,0.0436,0.1399,1.0610
2200000,46048545,115879,2,3,0,0,0,0.0330,0.0338,0.0353,0.0331,0.0342,0.1024,0.0336,0.0353,0.0354,0.1543,0.1599,0.0335,0.0345,0.0962,0.0345,0.1638,1.0530
2400000,49242728,123988,2,3,0,0,0,0.1375,0.1396,0.1386,0.1371,0.1358,0.5577,0.1358,0.1475,0.2826,0.3122,0.3242,0.1409,0.1405,0.1386,0.2796,0.2502,3.3983
2600000,52391049,131857,2,3,0,0,2,0.1420,0.1446,0.1548,0.1383,0.1459,0.6975,0.1410,0.1422,0.1448,0.3216,0.6505,0.1469,0.2815,0.1478,0.1480,0.2647,3.8121
2800000,55328550,139313,2,3,0,0,2,0.0731,0.0744,0.0774,0.0732,0.0758,0.4260,0.0735,0.0758,0.0767,0.1660,0.1731,0.0763,0.0766,0.0795,0.0757,0.1391,1.8119
3000000,58358656,146864,1,3,0,1,1,0.2946,0.1521,0.1591,0.2961,0.1510,0.9937,0.2972,0.1565,0.3089,0.3250,0.6803,0.1627,0.3064,0.1587,0.3020,0.2913,5.0357
3200000,61169346,153723,1,3,0,0,0,0.0788,0.0761,0.0843,0.2275,0.1545,0.0809,0.2289,0.0807,0.2366,0.3275,0.1710,0.1625,0.0781,0.0809,0.0809,0.2971,2.4465
3400000,63907291,160108,1,3,0,1,1,0.0529,0.0515,0.0558,0.0514,0.0536,0.0546,0.0521,0.0570,0.0541,0.1117,0.1174,0.0537,0.0543,0.0540,0.0551,0.1042,1.0336
3600000,66580095,166405,1,3,0,0,4,0.0403,0.0397,0.0413,0.0392,0.0409,0.0431,0.0378,0.0408,0.0418,0.0826,0.0868,0.0404,0.0410,0.0407,0.0422,0.0804,0.7791
3800000,69228901,172518,3,5,0,2,31,0.0340,0.0336,0.0358,0.0331,0.0336,0.0353,0.0331,0.0348,0.0347,0.0714,0.0753,0.0343,0.0340,0.0344,0.0348,0.1322,0.7244
4000000,71757788,178375,3,5,0,0,3,0.1717,0.1664,0.1785,0.1689,0.3439,0.3581,0.1670,0.1729,0.1736,0.3467,0.7480,0.1764,0.3467,0.3513,0.1765,1.0216,5.0681
4200000,74285918,183824,3,5,0,0,2,0.3450,0.1703,0.1832,0.3394,0.1752,0.1833,0.1692,0.1828,0.1784,0.3473,0.3675,0.3528,0.1732,0.5283,0.1765,1.3659,5.2381
4400000,76713728,189248,2,5,0,0,0,0.1759,0.1742,0.1874,0.1726,0.1766,0.1835,0.1737,0.1854,0.1814,0.6958,0.7365,0.5339,0.1765,0.1848,0.1804,0.3672,4.4859
4600000,79021088,194207,2,5,0,0,0,0.1828,0.3500,0.1874,0.3448,0.3554,0.1891,0.3453,0.1905,0.3653,0.3838,1.1214,0.1839,0.3531,0.1932,0.3591,0.3767,5.4818
4800000,81313274,198885,3,5,0,0,0,0.3713,0.5341,0.3842,0.5331,0.5434,0.3839,0.5293,0.3824,0.5615,0.3700,1.5343,0.1858,0.5419,0.3825,0.1816,0.3842,7.8036
5000000,83610299,203590,3,5,1,0,0,0.1848,0.1809,0.1938,0.1820,0.1833,0.1940,0.1826,0.1926,0.1885,0.3602,0.3823,0.1902,0.1869,0.1845,0.1828,0.3924,3.5617
5200000,85798510,208041,3,5,0,0,1,0.3740,0.1859,0.3857,0.1848,0.3769,0.3865,0.3632,0.1936,0.1922,0.7494,0.7905,0.1892,0.1880,0.1927,0.3749,0.4015,5.5291
5400000,88004716,212325,2,5,1,0,1,0.1900,0.1863,0.1975,0.1857,0.1886,0.1975,0.1812,0.3843,0.1911,0.3768,0.4001,0.1909,0.1887,0.1941,0.1901,0.4092,3.8520
5600000,90144951,216411,2,5,0,0,0,0.1926,0.1906,0.1969,0.1868,0.1906,0.1994,0.1791,0.1959,0.1982,0.3775,0.3997,0.1922,0.1918,0.1929,0.3867,0.4159,3.8867
5800000,92190324,220270,1,5,0,0,0,0.0973,0.0963,0.1017,0.0948,0.1916,0.1006,0.0947,0.1016,0.1012,0.1933,0.2053,0.1002,0.1920,0.0984,0.2902,0.4193,2.4784
6000000,94253465,223949,1,5,0,0,0,0.1311,0.0648,0.0672,0.0641,0.1931,0.0673,0.0629,0.0668,0.0654,0.1288,0.1363,0.0651,0.0663,0.0658,0.2570,0.4228,1.9248
6200000,96262174,227505,3,7,1,0,47,0.1482,0.0971,0.1023,0.0493,0.0493,0.0505,0.0482,0.1013,0.1000,0.0956,0.1012,0.0512,0.0489,0.0511,0.2416,0.4261,1.7618
6400000,98254153,231021,1,4,0,0,30,0.1586,0.0389,0.0419,0.0394,0.0785,0.0812,0.0776,0.0412,0.0405,0.1554,0.0838,0.0395,0.0789,0.0404,0.0406,0.0889,1.1253
6600000,100257299,234492,1,5,0,0,1,0.9637,0.1949,0.4110,0.3824,0.1969,0.5952,0.1895,0.4020,0.3941,0.3849,0.4100,0.3897,0.5822,0.2008,0.3965,0.4463,6.5401
6800000,102236634,237811,2,5,0,0,4,0.2033,0.1971,0.2025,0.1970,0.2000,0.2100,0.1935,0.2049,0.6038,0.3909,0.4161,0.2052,0.1992,0.2015,0.2024,0.4532,4.2807
7000000,104171788,241063,2,4,0,0,7,0.2047,0.2079,0.2095,0.1997,0.2013,0.2053,0.1925,0.2081,0.2094,0.3840,0.4109,0.2079,0.2026,0.2061,0.2009,0.4608,3.9115
7200000,106024214,243944,1,4,0,0,18,0.1030,0.0992,0.1057,0.1007,0.0993,0.1055,0.0977,0.1038,0.1027,0.1966,0.2087,0.1058,0.1018,0.1053,0.1010,0.2333,1.9701
7400000,107871598,246993,1,5,2,0,24,0.2076,0.2037,0.2129,0.2026,0.2028,0.2115,0.2026,0.2130,0.2150,0.4125,0.4385,0.2035,0.2088,0.2095,0.2072,0.4690,4.0206
7600000,109700657,249853,2,4,0,0,1,0.4165,0.4014,0.2160,0.2088,0.4090,0.4285,0.3982,0.4210,0.2131,0.8022,0.4213,0.4110,0.2110,0.4208,0.2162,0.4758,6.0706
7800000,111423336,252576,1,3,0,0,10,0.1055,0.1018,0.1090,0.1001,0.1017,0.1057,0.0999,0.1033,0.1053,0.2053,0.2183,0.1031,0.1053,0.1062,0.1034,0.4781,2.2520
8000000,113209090,255132,1,3,0,0,5,0.2122,0.2022,0.2189,0.2039,0.2066,0.4324,0.2022,0.2155,0.2097,0.4048,0.4292,0.2082,0.2108,0.2156,0.2107,1.4626,5.2457
8200000,114983587,257757,0,2,0,0,2,0.2160,0.2111,0.2224,0.2083,0.2136,0.2204,0.2006,0.2159,0.4216,0.3993,0.4257,0.2131,0.2117,0.4258,0.2143,0.4895,4.5093
[EVENT] Viable replicators have gone extinct. Please reserve a moment of silence.
8400000,116669741,260199,0,2,0,0,0,0.2168,0.2147,0.2203,0.2105,0.2126,0.2196,0.2035,0.2188,0.2159,0.4165,0.4425,0.2122,0.4203,0.2213,0.2165,0.4944,4.3564
8600000,118317289,262651,0,2,0,0,0,0.2186,0.2123,0.2223,0.2124,0.2141,0.2216,0.2086,0.2216,0.2201,0.4093,0.4375,0.2196,0.2146,0.2200,0.2191,0.4983,4.1698
8800000,119995353,265029,1,3,0,0,0,0.1111,0.1078,0.1120,0.1080,0.1075,0.1110,0.1046,0.2250,0.1107,0.4069,0.4351,0.1107,0.1098,0.1146,0.1101,0.2532,2.6380
[EVENT] Viable replicators have appeared!
9000000,121614266,267305,1,3,0,1,0,0.4456,0.2156,0.4515,0.4291,0.2129,0.2214,0.4149,0.2156,0.4437,0.4156,0.4441,0.4441,0.4338,0.2198,0.4389,0.5053,5.9519
9200000,123195598,269427,3,5,1,0,1,0.2199,0.2153,0.2248,0.2127,0.2143,0.2204,0.2096,0.2156,0.2227,0.4435,0.4706,0.2194,0.2169,0.2215,0.2161,0.5092,4.2524
9400000,124719509,271543,4,5,1,1,6,0.1127,0.1103,0.1155,0.1099,0.1104,0.1152,0.1071,0.1128,0.1114,0.2160,0.2294,0.1109,0.1106,0.1139,0.1133,0.2593,2.1584
9600000,126181625,273348,2,5,0,0,2,0.0753,0.0728,0.0761,0.0709,0.0722,0.1523,0.0712,0.1514,0.0760,0.1495,0.1584,0.0761,0.0721,0.1507,0.1523,0.3457,1.9232
9800000,127727594,275336,5,5,0,0,1,0.2278,0.4360,0.2337,0.2211,0.4359,0.2286,0.2163,0.2275,0.2265,0.8692,0.9237,0.2268,0.4440,0.2228,0.6799,1.5600,7.3798
10000000,129236890,277162,7,5,1,0,63,0.1138,0.1119,0.1142,0.1113,0.1102,0.1135,0.1055,0.1148,0.1145,0.6426,0.6830,0.1111,0.1098,0.1144,0.1126,0.2627,3.0460
10200000,130606680,279061,5,6,0,0,14,0.2260,0.4446,0.2280,0.2205,0.2227,0.2336,0.2158,0.4579,0.4616,1.7261,1.8383,0.2278,0.4416,0.2297,0.2312,0.5270,7.9323
10400000,132007780,280735,3,5,0,0,21,0.4580,0.2222,0.2285,0.2190,0.2250,0.2315,0.2152,0.2262,0.2292,2.1841,0.4716,0.2299,0.2247,0.2279,0.2253,0.5290,6.3472
10600000,133520258,282429,3,5,0,0,0,0.2314,0.2162,0.2266,0.2218,0.2258,0.2262,0.2121,0.2285,0.2250,0.4143,0.4434,0.2199,0.2237,0.2298,0.2262,0.5339,4.3046
10800000,134910836,284061,3,5,0,0,0,0.1128,0.1091,0.1153,0.1068,0.1118,0.1143,0.1061,0.1125,0.1117,0.2106,0.2257,0.1130,0.1124,0.1141,0.1125,0.5353,2.4239
11000000,136278601,285503,3,5,0,0,0,0.2298,0.4432,0.2364,0.2236,0.2232,0.4547,0.2111,0.2278,0.4552,0.8542,0.9120,0.2241,0.2275,0.4637,0.4559,0.5390,6.3815
11200000,137772925,287106,3,5,0,0,0,0.2276,0.2173,0.4692,0.2222,0.2224,0.6903,0.2134,0.2272,0.2258,0.4343,0.4623,0.2250,0.4538,0.2197,0.2162,1.0898,5.8163
11400000,139112074,288498,3,5,0,0,0,0.2364,0.2238,0.7015,0.2232,0.2271,0.9184,0.2183,0.2362,0.2339,0.4461,0.4785,0.2282,0.2289,0.2281,0.4353,0.5434,5.8073
11600000,140398478,289945,3,5,0,0,0,0.2318,0.2209,0.2367,0.2208,0.2245,0.2346,0.2183,0.2334,0.2397,0.4504,0.4798,0.2276,0.2192,0.2325,0.2292,0.5463,4.4456
11800000,141770347,291380,2,3,0,0,1,0.4603,0.2226,0.4657,0.4421,0.2210,0.2358,0.4373,0.4597,0.4683,0.9047,0.4852,0.2289,0.4432,0.2348,0.2332,1.0943,7.0371
12000000,143113229,292672,3,3,0,1,3,0.2339,0.4493,0.2330,0.6619,0.2231,0.2327,0.2149,0.6938,0.7031,0.4321,0.4614,0.2290,0.2283,0.2304,0.2335,0.5519,6.0123
12200000,144417358,293975,1,3,0,1,1,0.2314,0.2252,0.2383,0.2229,0.2227,0.2323,0.2197,0.2322,0.2404,0.4496,0.4790,0.2356,0.2321,0.2356,0.2271,0.5525,4.4766
12400000,145622864,295206,1,3,0,0,0,0.1190,0.1106,0.1218,0.1147,0.1139,0.1206,0.1120,0.1175,0.1169,0.2326,0.2474,0.2359,0.1142,0.2362,0.2320,0.5538,2.8992
12600000,146873721,296523,2,3,1,0,3,0.0780,0.1478,0.1600,0.0743,0.0741,0.0768,0.0720,0.0777,0.0770,0.1455,0.3211,0.2346,0.0765,0.0776,0.0772,0.5556,2.3258
12800000,148101661,297858,3,3,0,0,0,0.0586,0.0570,0.1783,0.0558,0.0566,0.0595,0.0553,0.0598,0.0573,0.1115,0.1193,0.2349,0.0568,0.0580,0.0572,0.5566,1.8326
13000000,149240624,298999,3,3,0,0,0,0.2425,0.2300,0.2434,0.2305,0.2351,0.2422,0.2277,0.2371,0.2349,0.4492,0.4793,0.2344,0.2368,0.2366,0.2381,2.7816,6.7793
13200000,150505734,300098,3,3,0,0,1,0.1186,0.1166,0.1194,0.1134,0.2300,0.2378,0.1107,0.2344,0.2356,0.2145,0.2304,0.1139,0.1126,0.1179,0.1140,0.2805,2.7003
13400000,151590822,301311,3,3,0,0,0,0.2420,0.2306,0.2417,0.2328,0.2258,0.2453,0.2249,0.2389,0.2400,0.8870,0.9475,0.2388,0.2303,0.2374,0.2433,0.5659,5.4721
13600000,152732074,302474,4,3,0,0,6,0.1191,0.2313,0.1189,0.2319,0.1166,0.1228,0.1124,0.2400,0.1233,0.6788,0.2498,0.1155,0.1185,0.1198,0.1190,0.2842,3.1020
13800000,153854939,303422,4,3,0,0,0,0.2421,0.2397,0.2422,0.7003,0.2317,0.2375,0.2313,0.2344,0.4883,1.8204,0.9819,0.2360,0.4722,0.2377,0.4768,0.5682,7.6405
14000000,154950384,304344,4,3,0,0,6,0.2424,0.1151,0.1202,0.4710,0.1169,0.2372,0.1124,0.2388,0.3660,0.2242,0.7342,0.1182,0.1173,0.2415,0.3562,0.5701,4.3819
14200000,156135037,305307,4,3,1,0,2,0.2418,0.2282,0.2471,0.2280,0.2348,0.2418,0.4502,0.2419,0.2342,0.4434,0.4714,0.2375,0.2348,0.2391,0.2310,1.7199,5.9250
14400000,157230496,306214,3,3,0,0,2,0.2392,0.2355,0.2433,0.2376,0.2362,0.2426,0.2233,0.2420,0.2406,0.4522,0.4809,0.2329,0.2344,0.2427,0.2400,0.5750,4.5986
14600000,158402843,307177,3,3,0,0,6,0.1243,0.1187,0.1192,0.1158,0.1148,0.1225,0.1155,0.1258,0.2411,0.2251,0.2415,0.1200,0.1148,0.1220,0.1196,0.5753,2.7161
14800000,159418486,308037,3,3,0,0,4,0.0827,0.1575,0.0822,0.0795,0.1565,0.0840,0.0780,0.1659,0.2446,0.3111,0.3323,0.0824,0.1567,0.0826,0.0819,0.1958,2.3737
15000000,160583724,309164,4,3,1,0,9,0.2408,0.2391,0.2463,0.2332,0.2332,0.2382,0.2290,0.2437,0.9719,0.4628,0.4927,0.2354,0.2313,0.2350,0.2354,0.5805,5.3485
15200000,161692745,310002,6,4,2,0,11,0.2474,0.4624,0.2470,0.2306,0.2385,0.2464,0.2320,0.2419,0.2416,0.4548,0.4833,0.4652,0.4596,0.2502,0.2452,1.1437,5.8898
15400000,162715746,310864,7,4,0,0,12,0.2454,0.2340,0.2449,0.2384,0.2339,0.2459,0.2341,0.2474,0.2366,0.4727,0.5037,0.2388,0.2364,0.2450,0.2449,0.5828,4.6848
15600000,163703575,311589,8,4,1,0,2,0.1220,0.1171,0.1253,0.1174,0.1176,0.1214,0.1152,0.1244,0.1243,0.2374,0.2527,0.1207,0.1199,0.1239,0.1233,0.5839,2.6465
15800000,164756720,312444,8,4,0,0,8,0.1627,0.0773,0.1651,0.0795,0.0780,0.0828,0.0773,0.0834,0.0811,0.1588,0.3368,0.0796,0.0796,0.0804,0.0807,0.5842,2.2873
16000000,165750232,313124,8,3,1,2,8,0.2484,0.2397,0.7397,0.2360,0.2389,0.4957,0.2324,0.2499,0.2459,0.4625,0.4942,0.4754,0.2486,0.2503,0.4908,0.5863,5.9345
16200000,166758686,313769,10,3,0,0,0,0.2483,0.2427,0.2495,0.2354,0.2407,0.2517,0.2336,0.2401,0.2505,0.9229,0.4981,0.2474,0.2361,0.2501,0.2439,0.5883,5.1791
16400000,167782851,314582,10,3,0,1,29,0.1222,0.1144,0.1211,0.1159,0.1165,0.1214,0.1165,0.1240,0.1195,0.2379,0.2528,0.1216,0.1182,0.1195,0.1209,0.5901,2.6324
16600000,168770093,315356,9,4,0,2,13,0.4929,0.2344,0.2505,0.2383,0.2384,0.4930,0.4622,0.2476,0.2501,0.4785,0.5102,0.4859,0.2418,0.2453,0.2413,0.5909,5.7011
16800000,169713576,316144,9,4,0,0,32,0.2451,0.2335,0.2443,0.4856,0.2395,0.7659,0.2301,0.4978,0.2420,0.9751,1.0396,0.2419,0.4900,0.2502,0.2450,0.5919,7.0173
17000000,170607330,316725,12,4,0,1,42,0.1253,0.1182,0.1264,0.3619,0.2393,0.1233,0.2315,0.1224,0.1235,0.2379,0.2535,0.1232,0.1212,0.1207,0.2461,0.2972,2.9714
17200000,171589864,317364,12,5,1,0,6,0.0843,0.0815,0.0848,0.0800,0.0805,0.0846,0.0805,0.0818,0.0829,0.1600,0.1708,0.0844,0.0806,0.0853,0.0827,0.3982,1.8028
17400000,172585179,317999,15,5,1,4,34,0.1267,0.1211,0.0636,0.1197,0.0605,0.1257,0.1185,0.1253,0.0622,0.1213,0.1293,0.0616,0.1224,0.1260,0.1253,0.1531,1.7623
17600000,173591212,318737,14,5,0,0,62,0.2466,0.2404,0.4996,0.6995,0.4733,0.2510,0.2379,0.2460,0.4850,0.4721,0.5031,0.2456,0.7127,0.2471,0.2398,1.1893,6.9889
17800000,174516902,319451,17,5,0,1,20,0.2451,0.2358,0.2447,0.9693,0.2437,0.2538,0.4880,0.2435,0.2542,0.9528,1.0167,0.5039,0.2447,0.2470,0.4965,0.5979,7.2374
18000000,175504297,320221,18,5,1,1,33,0.2525,0.4735,0.4995,0.2401,0.4827,0.5021,0.7217,0.4935,0.5042,1.4166,0.4922,0.2492,0.2417,0.2494,0.7358,1.1977,8.7523
18200000,176396676,320865,17,5,3,0,32,0.4960,0.7068,0.7425,0.2341,0.7236,0.7436,0.2367,0.7435,0.7493,1.8764,0.9939,0.4938,0.4844,0.2513,0.9833,0.6007,11.0597
18400000,177325924,321280,18,5,2,0,14,0.2510,0.2360,0.2519,0.2403,0.2418,0.2504,0.2407,0.2549,0.2463,0.4747,0.5046,0.2436,0.2437,0.2482,1.2356,1.2026,6.3664
18600000,178184747,321898,15,5,0,1,1,0.2522,0.2415,0.2524,0.2350,0.2422,0.2518,0.2368,0.5001,0.2499,0.9513,0.5150,0.4906,0.2416,0.2482,1.4683,0.6018,6.9788
18800000,179030071,322531,14,5,0,1,10,0.2520,0.2427,0.2559,0.2428,0.2368,0.2475,0.2320,0.2510,0.2548,0.4740,0.5060,0.2488,0.2385,0.2514,0.2541,0.6033,4.7917
19000000,179889344,323116,14,5,1,0,5,0.2506,0.2427,0.5092,0.2414,0.2411,0.4979,0.4696,0.5071,0.5057,0.4838,1.0171,0.2533,0.2457,0.2496,0.5035,0.6041,6.8224
19200000,180728609,323557,13,7,0,1,20,0.2529,0.2368,0.7649,0.2392,0.4878,0.7556,0.2386,0.2456,0.2451,0.4681,1.5351,0.2485,0.2424,0.2506,0.2451,0.6049,7.0612
19400000,181599635,324125,13,8,1,0,7,0.2507,0.4754,0.2538,0.2438,0.2511,0.2476,0.4747,0.4952,0.2546,0.4724,2.0113,0.2492,0.4856,0.2568,0.2492,0.6047,7.2761
19600000,182499440,324646,10,9,0,1,14,0.1294,0.1203,0.1238,0.1225,0.1203,0.1278,0.1197,0.1301,0.1266,0.2425,0.2587,0.1271,0.1240,0.1240,0.1247,0.3049,2.4264
19800000,183370586,325270,10,11,0,0,1,0.0837,0.0795,0.0843,0.0795,0.0815,0.1687,0.0818,0.0825,0.0815,0.3224,0.3429,0.0846,0.1645,0.0827,0.0813,0.4052,2.3066
20000000,184100737,325663,9,5,0,1,11,0.5086,0.2565,0.2542,0.2457,0.2502,0.2537,0.2433,0.2549,0.2501,0.4845,0.5150,0.2548,0.2452,0.2549,0.5023,0.6099,5.3839
20200000,184855060,326046,6,5,0,0,2,0.2536,0.2429,0.2510,0.2405,0.2435,0.2437,0.2344,0.2583,0.2535,0.4805,0.5115,0.2492,0.2410,0.2548,0.2595,0.6105,4.8283
20400000,185693372,326721,5,5,0,0,0,0.2531,0.2428,0.2551,0.2434,0.2429,0.2504,0.2378,0.2524,0.5097,0.4761,0.5062,0.2515,0.2442,0.2487,0.2478,0.6088,5.0709
20600000,186433815,327139,5,5,1,0,0,0.2518,0.2411,0.2590,0.2434,0.2495,0.2525,0.2344,0.2556,0.2607,0.9583,1.0187,0.2585,0.2378,0.2554,0.4999,0.6116,6.0883
20800000,187190081,327527,7,5,0,0,0,0.2586,0.2466,0.2615,0.2452,0.2486,0.5073,0.4720,0.2574,0.2581,0.4797,0.5112,0.2475,0.4826,0.2551,0.2580,1.2124,6.2021
21000000,187882532,327859,6,5,0,0,0,0.2565,0.2450,0.2598,0.2473,0.2484,0.2546,0.2412,0.2546,0.2537,0.5092,0.5401,0.2530,0.2475,0.2579,0.5139,0.6128,5.1954
21200000,188712505,328350,6,4,1,1,0,0.1260,0.1220,0.1288,0.1189,0.1200,0.1257,0.1219,0.1260,0.1243,0.2355,0.2510,0.1234,0.1187,0.1270,0.1232,0.3070,2.3994
21400000,189443205,328774,8,4,1,0,11,0.5094,0.4979,0.5254,0.4843,0.4993,0.5070,0.4919,0.2552,0.2573,0.9627,1.0248,0.2588,0.2508,0.2508,0.2542,0.6129,7.6425
21600000,190118941,329125,6,4,1,0,1,0.2556,0.2451,0.2569,0.2427,0.7560,0.2573,0.2429,0.5112,0.2565,1.4590,1.5541,0.2485,0.4981,0.2561,0.5162,0.6157,8.1715
21800000,190954980,329592,6,4,0,0,0,0.2541,0.4893,0.5082,0.4862,0.2410,0.2500,0.2399,0.7662,0.2548,1.9374,0.5035,0.5077,0.7450,0.2492,0.2505,1.2348,8.9179
22000000,191682835,329929,9,6,0,1,8,0.2511,0.2422,0.2581,0.7236,0.2446,0.2529,0.2462,0.2565,0.2558,2.4204,0.5335,0.2517,0.2463,0.2479,0.2534,1.8381,8.5222
22200000,192384486,330416,10,6,1,0,2,0.2563,0.2447,0.2564,0.2480,0.2476,0.2606,0.2430,0.2533,0.2601,0.5001,0.5300,0.2590,0.2517,0.2529,0.5128,0.6182,5.1947
22400000,193090905,330747,9,6,0,0,0,0.2573,0.2440,0.5088,0.4826,0.4863,0.5070,0.2404,0.2600,0.2531,0.4926,0.5212,0.5003,0.4918,0.4981,0.2548,0.6157,6.6140
22600000,193761616,330992,10,4,2,0,1,0.2566,0.2493,0.2579,0.2448,0.2451,0.2624,0.4915,0.2559,0.2574,0.5029,0.5331,0.2546,0.2492,0.2576,0.2617,0.6182,5.1982
22800000,194502254,331251,11,4,0,0,12,0.1259,0.1266,0.1286,0.1205,0.1237,0.1272,0.1213,0.1275,0.1266,0.2463,0.2617,0.1254,0.1245,0.1259,0.2583,0.3096,2.5796
23000000,195182005,331493,11,4,1,1,10,0.0852,0.0806,0.0847,0.0808,0.0827,0.0853,0.0795,0.0872,0.0842,0.3308,0.3517,0.0859,0.0818,0.0842,0.0856,0.4128,2.1830
23200000,195930311,331908,9,5,1,4,18,0.2529,0.2426,0.2625,0.2445,0.2462,0.2496,0.2406,0.2560,0.2559,0.4821,0.5121,0.2509,0.2456,0.2554,0.2547,0.6199,4.8716
23400000,196683143,332292,10,7,2,1,20,0.2584,0.2448,0.2586,0.2434,0.2446,0.5105,0.2396,0.2611,0.2554,0.9623,1.0249,0.5050,0.2480,0.2591,0.2571,1.2393,7.0119
23600000,197404917,332674,10,7,0,1,5,0.5141,0.4918,0.5208,0.2419,0.4875,0.7682,0.2376,0.2543,0.2597,1.4535,1.5508,0.7619,0.4968,0.5152,0.2553,0.6193,9.4288
23800000,198116878,333042,10,7,0,0,2,0.2547,0.2429,0.2597,0.2446,0.2453,0.2551,0.2401,0.2544,0.2571,0.4863,0.5202,1.0131,0.7466,0.7694,0.2584,0.6205,6.6684
24000000,198823536,333336,10,7,1,0,7,0.2584,0.2460,0.2575,0.2441,0.2481,0.2554,0.2478,0.2557,0.2610,0.4872,0.5214,0.2494,0.2556,0.2534,0.2609,0.6219,4.9239
24200000,199489679,333713,11,6,1,2,10,0.2567,0.2422,0.2590,0.2442,0.2515,0.2578,0.2465,0.2614,0.2601,0.5061,0.5383,0.2550,0.2548,0.2542,0.5239,0.6229,5.2345
24400000,200184316,333995,9,6,1,2,6,0.2533,0.4878,0.2544,0.2492,0.5025,0.2580,0.2476,0.2581,0.2585,0.4816,0.5132,0.2484,0.5083,0.5121,0.7797,1.2495,7.0620
24600000,200899866,334361,11,6,0,0,2,0.2542,0.3663,0.1308,0.1218,0.1258,0.2558,0.1215,0.1258,0.1278,0.4843,0.5158,0.2476,0.1268,0.1259,0.1279,0.9348,4.1928
24800000,201521365,334646,14,6,2,0,10,0.0847,0.0814,0.0858,0.0815,0.0821,0.0835,0.1623,0.0855,0.0860,0.4961,0.1837,0.0852,0.0828,0.0857,0.0876,0.2072,2.0609
25000000,202247908,334954,16,6,0,2,16,0.0651,0.0634,0.0649,0.0619,0.0631,0.0652,0.0607,0.0642,0.0643,0.1236,0.1316,0.0626,0.0629,0.0632,0.0633,0.1572,1.2375
25200000,202846176,335140,14,6,2,1,4,0.0530,0.0507,0.0534,0.0500,0.0506,0.0532,0.0492,0.0517,0.0534,0.0983,0.1046,0.0524,0.0506,0.0522,0.0531,0.1255,1.0020
25400000,203427333,335381,14,6,0,0,9,0.2611,0.2553,0.2644,0.2501,0.2565,0.2573,0.2509,0.2580,0.2575,0.5055,0.5376,0.2560,0.2542,0.2609,0.2594,0.6252,5.0097
25600000,204003347,335788,16,10,0,0,10,0.1278,0.1203,0.1254,0.1194,0.1248,0.1284,0.1212,0.1267,0.1282,0.2520,0.5419,0.1240,0.1228,0.1285,0.1305,0.6252,3.0471
25800000,204612060,336117,16,11,3,1,22,0.0843,0.0844,0.0895,0.0821,0.0834,0.0871,0.0821,0.0873,0.0861,0.1642,0.1743,0.0838,0.0813,0.0850,0.0862,0.2066,1.6478
26000000,205201471,336354,14,14,1,3,15,0.2581,0.2519,0.5320,0.2474,0.4955,0.2654,0.2458,0.2603,0.5136,0.4882,0.5184,0.5008,0.2470,0.2534,0.5144,0.6254,6.2173
26200000,205711382,336573,17,14,2,0,10,0.5209,0.5094,0.2717,0.2506,0.7557,0.2680,0.2459,0.2697,0.7829,0.5124,0.5422,0.2651,0.5044,0.2659,0.2597,0.6257,6.8502
26400000,206319945,336861,15,14,2,1,6,0.2593,0.2517,0.2651,0.2528,0.2504,0.2601,0.2380,0.2624,0.2565,0.4824,0.5160,0.2610,0.2591,0.2589,0.2513,0.6290,4.9538
26600000,206877014,337074,14,14,0,2,2,0.1313,0.1223,0.1322,0.1242,0.1258,0.1284,0.2405,0.1295,0.1322,0.2477,0.2645,0.1299,0.1278,0.1265,0.1316,0.6288,2.9232
26800000,207428530,337460,13,14,0,0,2,0.2621,0.2446,0.2654,0.2512,0.2462,0.2692,0.2442,0.5174,0.2631,0.5165,0.5481,0.2584,0.2575,0.2584,0.2622,1.8684,6.5329
27000000,207956984,337576,11,6,0,1,2,0.2620,0.2491,0.2620,0.2538,0.2528,0.5306,0.2489,0.2698,0.5357,1.0426,1.1034,0.2628,0.2523,0.2599,0.2538,0.6285,6.6678
27200000,208569944,337764,15,6,0,0,0,0.2590,0.2487,0.5260,0.5006,0.2480,0.2586,0.2420,0.2596,0.2628,0.4956,1.6355,0.2569,0.2517,0.2586,0.2564,1.2596,7.2195
27400000,209065777,337916,17,7,0,1,3,0.2625,0.2518,0.7869,0.2470,0.5001,0.2626,0.2519,0.2616,0.2695,1.0236,0.5567,0.2605,0.2559,0.2657,0.5207,0.6303,6.6070
27600000,209606326,338135,17,7,0,1,6,0.1314,0.2532,0.5255,0.2511,0.1255,0.1370,0.2502,0.1327,0.1320,0.7651,0.2729,0.2632,0.1292,0.1351,0.1323,0.6301,4.2663
27800000,210180512,338493,15,8,0,0,21,0.2620,0.2484,0.2664,0.2509,0.2522,0.2614,0.7487,0.2586,0.2572,0.4895,0.5219,0.2556,0.2517,0.2643,0.2538,1.9189,6.7615
28000000,210663991,338661,16,9,3,0,8,0.1335,0.1276,0.1359,0.1261,0.1286,0.1365,0.1291,0.1343,0.2580,0.5061,0.5379,0.1341,0.1284,0.1349,0.1293,1.2685,4.1490
28200000,211172073,338884,16,9,0,2,0,0.1787,0.1707,0.1839,0.0883,0.0871,0.0907,0.0867,0.0914,0.0928,0.1775,0.1880,0.0929,0.0878,0.0894,0.0917,1.0491,2.8467
28400000,211713021,339074,15,9,0,1,4,0.2618,0.2579,0.2636,0.2453,0.5077,0.2635,0.2423,0.2619,0.2665,0.5147,1.0988,0.2592,0.2534,0.2608,0.5344,0.6311,6.1228
28600000,212207496,339155,18,9,0,0,4,0.2622,0.1260,0.1326,0.1220,0.1260,0.1341,0.1222,0.1307,0.1298,0.2474,0.2647,0.1287,0.1307,0.2659,0.4010,0.6320,3.3559
28800000,212717671,339561,19,10,2,1,7,0.7862,0.5044,0.5306,0.4959,0.2556,0.5289,0.2538,0.2697,0.5133,0.5030,0.5341,0.2696,0.5143,0.2675,1.0604,0.6315,7.9189
29000000,213251241,339811,21,10,2,4,108,0.2638,0.2543,0.2651,0.2443,0.2504,0.2580,0.5026,0.2619,0.2617,1.0193,1.0812,0.2582,0.7662,0.2585,1.3195,0.6313,7.8962
29200000,213807335,339949,20,6,1,3,20,0.2606,0.2503,0.2695,0.2458,0.2544,0.2606,0.2485,0.2662,0.2581,0.5163,0.5480,0.2554,0.2596,0.2654,0.2665,0.6320,5.0573
29400000,214301913,340094,18,7,0,1,37,0.2599,0.2540,0.2654,0.2527,0.2545,0.2673,0.2463,0.2662,0.2655,0.5112,0.5434,0.2598,0.2542,0.2622,0.2658,0.6341,5.0625
29600000,214829514,340289,17,8,0,0,68,0.2630,0.2537,0.2677,0.2539,0.2559,0.2655,0.2483,0.2549,0.2598,0.5036,0.5360,0.2555,0.2546,0.2644,0.5348,0.6315,5.3029
29800000,215338306,340401,16,8,0,1,44,0.1335,0.1276,0.1326,0.1236,0.1257,0.1311,0.1236,0.1335,0.1314,0.2506,0.2661,0.1302,0.1265,0.1330,0.1281,0.6325,2.8296
30000000,215818578,340701,16,8,0,0,6,0.5272,0.5077,0.2700,0.4901,0.2525,0.2607,0.2497,0.2596,0.2568,0.5254,1.0766,0.2649,0.2564,0.5225,0.2645,0.6344,6.6191
30200000,216282256,340927,15,8,0,2,4,0.1325,0.1281,0.1372,0.1271,0.2528,0.1312,0.1232,0.1307,0.1308,0.5168,0.8108,0.1311,0.1287,0.1286,0.1325,0.3147,3.4569
30400000,216783333,341011,14,8,0,1,3,0.2640,0.5085,0.2713,0.2543,0.2536,0.2626,0.2513,0.5308,0.5279,1.5547,2.1796,0.2633,0.2557,0.5253,0.2640,0.6340,8.8009
30600000,217278333,341240,16,8,0,2,5,0.1315,0.1239,0.1310,0.1231,0.1287,0.1291,0.1194,0.1322,0.1310,0.2572,0.2731,0.1274,0.1256,0.1280,0.1339,0.3133,2.5084
30800000,217753487,341539,16,8,0,3,16,0.5223,0.2598,0.2645,0.4983,0.2589,0.2684,0.2478,0.2717,0.2573,0.4934,0.5257,0.2711,0.2542,0.2676,0.5247,0.6354,5.8211
31000000,218152661,341688,16,8,1,2,13,0.2688,0.2567,0.2681,0.2458,0.2576,0.2672,0.2521,0.2673,0.2661,0.5228,0.5524,0.2669,0.2570,0.2668,0.2685,1.2755,5.7597
31200000,218541796,341847,15,8,1,1,100,0.2687,0.2582,0.2747,0.1282,0.1327,0.2646,0.1257,0.2702,0.1334,0.5177,0.2742,0.2619,0.1311,0.1340,0.1338,0.9534,4.2627
31400000,219055881,342038,15,8,1,2,73,0.0887,0.0880,0.0903,0.1688,0.1724,0.0881,0.0836,0.0885,0.1775,0.5092,0.3579,0.0881,0.1736,0.0909,0.0867,0.8468,3.1991
31600000,219505652,342273,16,8,0,1,4,0.5337,0.5155,0.5445,0.2534,0.2533,0.2616,0.2483,0.5308,0.2639,2.0624,1.6405,0.2619,0.7777,0.2616,0.2667,0.6372,9.3130
31800000,219885932,342391,18,8,3,3,15,0.2651,0.2596,0.2692,0.2536,0.2600,0.2674,0.2552,0.2637,0.2594,2.6115,2.2170,0.2541,0.2594,0.2665,0.2650,0.6367,8.8634
32000000,220283310,342429,18,8,1,1,53,0.1350,0.2568,0.2701,0.1298,0.1300,0.1352,0.1257,0.1337,0.1316,0.2570,1.3701,0.1338,0.1290,0.1364,0.1335,0.6373,4.2451
32200000,220777314,342784,16,8,1,2,42,0.2662,0.2584,0.2629,0.2554,0.2619,0.5358,0.2487,0.2679,0.2704,0.5047,0.5357,0.2724,0.2640,0.5418,0.2571,1.9114,6.9147
32400000,221185376,342932,17,8,1,1,75,0.5355,0.5171,0.2680,0.2550,0.5201,0.7998,0.4961,0.5314,0.2626,0.5344,0.5649,0.2693,0.2637,0.2721,0.2638,0.6385,6.9922
32600000,221588060,343065,17,8,1,1,19,0.2644,0.2505,0.2654,0.2548,0.2603,0.2632,0.2535,0.7923,0.5239,0.5261,0.5529,0.2607,0.2604,0.5374,0.2661,0.6394,6.1712
32800000,221934475,343006,19,6,0,1,22,0.2675,0.2590,0.2659,0.2537,0.2605,0.2683,0.2563,1.0339,0.2670,0.5123,0.5448,0.2686,0.2635,0.2706,0.2608,0.6381,5.8909
33000000,222314476,343182,18,7,0,3,81,0.2677,0.2566,0.2643,0.2513,0.2576,0.5451,0.2524,0.2702,0.5417,1.0673,1.1341,0.2634,0.2589,0.2692,0.2703,0.6404,6.8103
33200000,222714048,343189,18,7,1,0,48,0.1353,0.1313,0.1330,0.1287,0.1325,0.1338,0.1268,0.1358,0.1376,0.2574,0.2733,0.1325,0.1308,0.1343,0.1360,0.6393,2.8985
33400000,223112606,343181,20,7,0,0,65,0.1800,0.0901,0.0902,0.0846,0.0867,0.0894,0.0873,0.0908,0.0905,0.3542,0.1938,0.0887,0.0906,0.0892,0.0905,0.2147,2.0110
33600000,223542493,343241,21,7,2,1,57,0.2717,0.2605,0.2665,0.2560,0.2650,0.2634,0.2512,0.2698,0.2633,0.4971,0.5291,0.2573,0.2613,0.2673,0.2686,1.3002,5.7483
33800000,223907332,343365,24,8,4,1,31,0.5387,0.5115,0.5276,0.2586,0.5190,0.2696,0.4986,0.2726,0.5310,0.5357,0.5660,0.5195,0.5255,0.5303,0.2723,0.6390,7.5154
34000000,224292182,343497,25,8,4,0,95,0.2691,0.2651,0.2743,0.2548,0.2610,0.2616,0.2415,0.2756,0.2642,0.5212,0.5531,0.2684,0.2597,0.2688,0.2657,0.6391,5.1432
34200000,224569690,343443,22,9,3,1,30,0.2695,0.2626,0.5453,0.2571,0.2619,0.2746,0.4898,0.2680,0.2681,1.0339,1.0956,0.2694,0.2649,0.5355,0.2746,1.2680,7.6388
34400000,224943467,343649,23,11,2,1,45,0.2703,0.1281,0.4086,0.2563,0.1277,0.1323,0.1257,0.2661,0.2685,0.7862,0.8327,0.1311,0.2632,0.1329,0.1292,0.9561,5.2150
34600000,225414094,343752,26,12,6,0,81,0.2691,0.2526,1.0971,0.2563,0.2537,0.2602,0.2536,0.8105,0.2559,2.1119,2.2380,0.2615,0.7899,0.5325,0.5299,0.6389,10.8115
34800000,225879522,343861,23,12,4,4,51,0.5359,0.2581,1.3588,0.5125,0.2566,0.5172,0.2541,0.2716,0.2648,0.5013,0.5314,0.2640,1.0445,0.7952,0.2669,0.6409,8.2738
35000000,226270469,343970,23,10,4,2,44,0.4004,0.1291,0.8126,0.1255,0.1305,0.3930,0.2548,0.2662,0.1313,0.5148,0.5460,0.1320,0.6537,0.1304,0.1343,0.6410,5.3957
35200000,226593711,343983,19,10,0,2,93,0.0904,0.0856,0.0893,0.0887,0.0863,0.0934,0.0844,0.0886,0.0887,0.1685,0.1783,0.0888,0.0865,0.0885,0.0889,0.2115,1.7064
35400000,226923272,343878,16,9,2,2,25,0.2682,0.2590,0.2692,0.2546,0.2642,0.2765,0.2483,0.2715,0.2668,0.5149,0.5464,0.2676,0.2615,0.2691,0.2675,0.6410,5.1464
35600000,227351765,343999,21,10,1,2,53,0.2664,0.2563,0.2666,0.2482,0.2546,0.2729,0.2512,0.2695,0.2675,0.5128,0.5444,0.2628,0.2605,0.2681,0.2657,0.6400,5.1075
35800000,227760604,344117,19,10,2,0,28,0.2684,0.2557,0.2680,0.2524,0.2563,0.2621,0.2475,0.2593,0.2728,0.5055,0.5380,0.2640,0.2621,0.2653,0.2636,1.2902,5.7310
36000000,228179336,344228,19,12,1,0,60,0.2654,0.2544,0.2696,0.2487,0.2574,0.2641,0.2520,0.5114,0.5276,0.5154,0.5469,0.2635,0.2578,0.2608,0.5257,0.6414,5.8620
36200000,228591093,344392,18,10,1,1,24,0.2687,0.5157,0.5400,0.5048,0.2559,0.2656,0.5042,0.2645,0.2632,1.0399,0.5487,0.5299,0.2623,0.2703,0.8004,1.2934,8.1275
36400000,229003359,344535,18,11,2,1,29,0.2658,0.2535,0.2659,0.2496,0.2550,0.2635,0.2525,0.2635,0.2611,1.5416,1.0838,0.7988,0.2590,0.5337,0.2635,0.6407,7.4515
36600000,229364300,344676,19,12,0,0,11,0.1342,0.1305,0.1330,0.1263,0.2574,0.2670,0.1262,0.2659,0.1341,0.2602,0.2757,0.1317,0.1328,0.1364,0.1352,0.6416,3.2884
36800000,229701447,344791,19,17,1,0,11,0.2708,0.2591,0.2711,0.5075,0.7803,0.2735,0.2559,0.7995,0.5362,1.0462,0.5526,0.2675,0.2585,0.2714,0.5373,1.9300,8.8175
37000000,230076323,344888,21,18,1,1,19,0.1365,0.1307,0.1381,0.1326,0.1314,0.2694,0.1263,0.1378,0.1346,0.2573,0.2740,0.1348,0.1324,0.1354,0.1369,1.2768,3.6850
37200000,230442393,345019,21,14,1,2,11,0.2657,0.2651,0.2610,0.2552,0.2620,0.2682,0.2460,0.2726,0.2587,0.5197,0.5531,0.2691,0.2615,0.2725,0.2678,0.6435,5.1415
37400000,230769599,345215,21,14,0,2,115,0.2709,0.5166,0.2758,0.5032,0.5137,0.2674,0.2420,0.5359,0.5206,1.0294,1.0923,0.2657,0.2581,0.2754,0.2671,0.6424,7.4765
37600000,231151328,345305,20,14,2,0,76,0.2701,0.2607,0.2728,0.2565,0.2604,0.2692,0.2410,0.2688,0.2609,0.5260,0.5578,0.2691,0.2599,0.2725,0.2633,0.6420,5.1511
37800000,231532313,345516,17,14,0,3,16,0.2658,0.2614,0.2667,0.2530,0.2574,0.2657,0.2529,0.2693,0.2627,0.5205,0.5512,0.2670,0.2545,0.2763,0.2659,0.6425,5.1326
38000000,231860873,345449,15,14,4,3,21,0.2675,0.2539,0.2703,0.2613,0.2537,0.2676,0.2486,0.2789,0.2610,0.5387,0.5690,0.2656,0.2643,0.5417,0.2692,0.6414,5.4526
38200000,232215053,345749,15,14,1,2,24,0.1329,0.1290,0.1333,0.1265,0.1285,0.1341,0.1257,0.1340,0.1330,0.2683,0.2848,0.1345,0.1281,0.1310,0.1335,0.6424,2.8997
38400000,232500596,345688,15,14,0,1,19,0.2682,0.2570,0.2763,0.2603,0.2634,0.2692,0.2526,0.2721,0.2620,0.5434,0.5714,0.2726,0.2613,0.2750,0.2670,1.9005,6.4723
38600000,232888503,345799,14,14,0,0,279,0.1330,0.1291,0.1365,0.1275,0.1258,0.1328,0.1256,0.2673,0.1326,0.2552,0.5577,0.2677,0.1304,0.1347,0.1333,1.2724,4.0617
38800000,233254528,345827,15,14,0,2,16,0.0878,0.0848,0.0877,0.0844,0.0852,0.0861,0.0796,0.0866,0.0867,0.1708,0.5563,0.0890,0.0857,0.0876,0.0883,1.0662,2.9125
39000000,233562700,345954,14,14,0,3,15,0.2682,0.2590,0.2738,0.2543,0.2569,0.2685,0.2514,0.2670,0.2694,0.5274,0.5578,0.2694,0.2615,0.2667,0.2685,0.6437,5.1635
39200000,233947921,346023,12,14,1,1,10,0.2689,0.5263,0.5503,0.2568,0.5260,0.5427,0.2504,0.5409,0.2668,1.0525,1.1148,0.2608,0.5334,0.5485,0.5456,0.6428,8.4276
39400000,234272457,346199,11,14,0,1,5,0.2664,0.7734,0.2691,0.2583,0.2628,0.2691,0.2506,0.2677,0.2670,1.5849,1.6769,0.2570,0.2583,0.2662,0.2669,0.6443,7.8387
39600000,234603992,346358,12,14,1,3,9,0.2764,0.2645,0.2701,0.2603,0.2608,0.2728,0.2495,0.2762,0.2648,0.5068,0.5388,0.2706,0.2634,0.2710,0.2694,1.2952,5.8106
39800000,234929978,346523,11,14,4,3,25,0.1344,0.1313,0.2731,0.1295,0.1304,0.2699,0.1215,0.1332,0.1349,0.2703,0.5545,0.1345,0.1334,0.1363,0.1328,0.9683,3.7885
40000000,235265634,346620,11,14,0,0,6,0.2747,0.2572,0.2762,0.2546,0.2618,0.2646,0.2479,0.2647,0.2636,0.5125,1.6258,0.2683,0.2643,0.2723,0.2710,2.5396,8.1191
40200000,235525543,346674,14,14,1,2,10,0.1338,0.1286,0.1349,0.1304,0.1294,0.1335,0.1278,0.1353,0.1373,0.2681,0.2821,0.1335,0.1307,0.1346,0.1318,1.6017,3.8736
40400000,235787268,346828,9,14,0,0,7,0.2724,0.2539,0.5385,0.5163,0.5129,0.5343,0.2565,0.2709,0.5419,1.0587,1.1178,0.2767,0.2616,0.2694,0.2683,0.6443,7.5943
40600000,236032537,346874,10,14,0,0,11,0.2706,0.2599,0.2825,0.2564,0.2615,0.2724,0.2532,0.2752,0.2750,0.5315,0.5618,0.2683,0.2647,0.2686,0.2735,1.2955,5.8704
40800000,236337865,346938,15,14,0,1,5,0.2694,0.2539,0.2682,0.2581,0.5177,0.5320,0.2515,0.5482,0.2617,1.0477,1.1086,0.2727,0.2616,0.2746,0.2676,0.6455,7.0390
41000000,236711830,347054,17,10,4,1,26,0.2683,0.2566,0.5505,0.5246,0.2540,0.8183,0.2537,0.2709,0.2683,1.5935,0.5483,0.5501,0.2678,0.2666,0.5426,1.3080,8.5423
41200000,236909470,347019,16,10,2,1,12,0.2782,0.2722,0.2779,0.2645,0.2626,0.2730,0.2576,0.2640,0.2722,0.5439,0.5735,0.2704,0.2617,0.2737,0.2691,0.6465,5.2609
41400000,237100921,347087,17,10,0,0,12,0.1373,0.1343,0.1345,0.1309,0.1314,0.1356,0.1266,0.1354,0.1347,0.2798,0.2945,0.1353,0.1320,0.1352,0.1353,0.3221,2.6348
41600000,237336929,346979,14,10,2,0,7,0.0910,0.0892,0.0913,0.0865,0.0886,0.0915,0.0863,0.0894,0.0913,0.1822,0.1922,0.0895,0.0878,0.0894,0.0882,0.4306,1.9651
41800000,237671025,347250,11,10,0,0,2,0.0676,0.0656,0.1340,0.0640,0.1305,0.0659,0.0636,0.0662,0.0694,0.2648,0.2802,0.1346,0.0663,0.1341,0.0662,0.4841,2.1569
42000000,237945693,347305,12,11,0,1,7,0.0540,0.0508,0.0540,0.0515,0.0519,0.0536,0.0501,0.0517,0.0532,0.3153,0.3334,0.0530,0.0527,0.0537,0.0535,0.5166,1.8489
42200000,238183727,347327,16,12,3,2,21,0.5362,0.5178,0.2720,0.5125,0.2526,0.2730,0.4976,0.2690,0.5383,2.1038,2.2267,0.5312,0.5228,0.5391,0.2736,0.6466,10.5128
42400000,238374689,347340,19,14,0,2,18,0.2729,0.2607,0.2770,0.2589,0.2598,0.2698,0.2589,0.2727,0.2825,2.6266,0.5597,0.8053,0.2687,0.8103,0.5509,0.6460,8.6807
42600000,238709996,347386,17,16,2,3,10,0.2671,0.5166,0.2644,0.5092,0.5157,0.2672,0.2498,0.5392,0.5474,3.1241,0.5637,1.0550,0.5316,0.2637,0.2695,1.2821,10.7660
42800000,238991014,347432,18,17,3,0,6,0.2688,0.7992,0.2714,0.7835,0.2581,0.5458,0.2536,0.2663,0.8402,3.7807,1.1431,1.3641,0.2671,0.2733,0.5602,0.6469,12.3221
43000000,239200806,347432,18,20,2,0,31,0.2744,0.2587,0.2726,0.2556,0.2659,0.2711,0.2533,0.2778,0.2647,0.5608,0.5912,0.2683,0.2706,0.2742,0.2756,0.6465,5.2813
43200000,239429306,347408,18,21,2,0,11,0.2721,0.2552,0.2780,0.2596,0.2606,0.2676,0.2518,0.2736,0.5356,0.5197,0.5493,0.2679,0.5387,0.2752,0.2734,0.6462,5.7244
43400000,239711844,347472,18,21,1,2,22,0.2783,0.2593,0.2674,0.2562,0.2589,0.2703,0.2467,0.2734,0.2651,0.5298,0.5603,0.2653,0.2652,0.2732,0.2688,0.6464,5.1846
43600000,240029350,347522,17,22,1,1,6,0.2681,0.5234,0.5398,0.5151,0.2588,0.2676,0.2558,0.5467,0.2624,0.5275,0.5582,0.5377,0.2645,0.5497,0.2671,1.2973,7.4396
43800000,240258435,347662,17,25,1,1,7,0.1354,0.1328,0.1367,0.1314,0.1295,0.1357,0.1333,0.1345,0.1367,0.2790,0.2937,0.1355,0.2625,0.1345,0.2697,0.9703,3.5512
44000000,240523725,347641,17,26,1,0,17,0.5411,0.2585,0.2763,0.2595,0.2601,0.2704,0.2447,0.2640,0.2650,0.5331,0.5649,0.2623,0.7728,0.5346,0.2744,2.5535,8.1351
44200000,240724131,347674,16,28,0,0,4,0.1361,0.1303,0.1349,0.1306,0.1288,0.1349,0.1278,0.1363,0.1354,0.2713,0.2876,0.1336,0.1341,0.1391,0.1343,0.3219,2.6167
44400000,241050201,347844,17,29,3,1,10,0.2725,0.5245,0.2765,0.2610,0.2605,0.2740,0.2534,0.2700,0.5432,0.5247,1.1266,0.2666,0.2666,0.5450,0.5372,0.6453,6.8474
44600000,241442967,348038,16,29,0,1,10,0.1374,0.1332,0.1350,0.1279,0.1306,0.1347,0.1269,0.2676,0.1343,0.2528,0.2696,0.2683,0.2625,0.4094,0.3973,0.6451,3.8325
44800000,241704209,348077,19,8,2,3,144,0.2744,0.2646,0.2675,0.2573,0.2619,0.2706,0.2557,0.2729,0.2676,1.0251,1.0905,0.2618,0.2661,0.2669,0.2652,0.6468,6.2148
45000000,242034647,348244,15,8,4,0,57,0.2692,0.2541,0.2742,0.2530,0.2574,0.2665,0.2555,0.2635,0.2711,0.5249,0.5585,0.2682,0.2619,0.2675,0.5422,0.6472,5.4349
45200000,242316355,348489,16,8,0,0,6,0.2743,0.2566,0.2703,0.2545,0.2669,0.2730,0.2502,0.2725,0.2664,0.5346,0.5672,0.2614,0.2642,0.2702,0.2666,0.6473,5.1963
45400000,242604151,348633,16,8,0,3,12,0.2756,0.2588,0.2693,0.2583,0.5157,0.2704,0.4921,0.5320,0.5226,1.0400,1.1031,0.5171,0.2668,0.5201,0.2767,0.6477,7.7664
45600000,242795786,348561,16,7,0,1,19,0.2718,0.2616,0.2763,0.2622,0.7909,0.5529,0.2569,0.2744,0.8047,1.5901,1.6854,0.7998,0.5424,0.2692,0.2783,0.6480,9.5650
45800000,242851412,348520,17,7,1,0,18,0.2723,0.2670,0.5497,0.5219,0.2645,0.2729,0.2545,0.2783,0.2749,2.1216,0.5837,0.2684,0.8029,0.5372,0.2735,0.6479,8.1912
46000000,243079649,348489,20,34,2,1,30,0.2699,0.5419,0.2733,0.2610,0.2634,0.2654,0.2641,0.2660,0.2718,2.7540,1.1624,0.2645,0.2648,0.2725,0.2613,0.6464,8.3028
46200000,243173457,348484,23,38,0,3,17,0.1388,0.1316,0.1377,0.1311,0.1355,0.1411,0.1332,0.1401,0.1401,0.2720,0.2882,0.1409,0.2668,0.1404,0.1433,0.6482,3.1288
46400000,243330846,348604,24,38,0,2,14,0.2719,0.2671,0.2752,0.2627,0.2668,0.2764,0.2646,0.2758,0.2691,0.5312,0.5665,0.2719,0.2707,0.2729,0.2785,0.6465,5.2680
46600000,243536248,348703,23,39,2,0,15,0.1358,0.1291,0.2762,0.2624,0.1325,0.1352,0.1267,0.2769,0.1365,0.2649,0.2823,0.1352,0.1320,0.1351,0.2736,0.6467,3.4813
46800000,243800602,348631,23,41,5,2,16,0.2723,0.2616,0.8194,0.7830,0.5257,0.2690,0.2604,0.2739,0.5424,1.0549,0.5609,0.5359,0.5254,0.2758,0.2665,0.6473,7.8742
47000000,243986899,348573,23,43,0,3,18,0.2758,0.2565,0.2760,0.2587,0.7890,0.2774,0.2601,0.2751,0.8129,0.5131,0.5465,0.2717,0.2637,0.2684,0.5302,0.6466,6.5215
47200000,244206008,348723,24,45,1,1,5,0.2751,0.2610,0.2732,0.2614,0.2666,0.2661,0.2521,0.2775,0.2680,0.5380,0.5685,0.2729,0.2634,0.2732,0.2617,1.2785,5.8573
47400000,244374440,348775,22,45,2,5,11,0.1349,0.1309,0.1385,0.1271,0.1284,0.1374,0.1284,0.1334,0.1340,0.5519,0.5830,0.1354,0.1313,0.2698,0.1336,0.9659,3.9638
47600000,244588432,348935,29,46,5,2,19,0.0907,0.0867,0.0920,0.0852,0.0867,0.0915,0.1723,0.0886,0.0916,0.1797,0.1906,0.1802,0.0883,0.0935,0.0930,0.8595,2.5700
47800000,244807878,348932,28,50,1,3,23,0.2730,0.2664,0.2785,0.2577,0.2630,0.2704,0.2610,0.2747,0.2717,0.5371,0.5704,0.2720,0.2625,0.2637,0.2703,0.6469,5.2391
48000000,245076387,348979,25,53,1,3,10,0.2741,0.5343,0.2784,0.2589,0.5324,0.2673,0.2549,0.5505,0.2729,0.5332,0.5658,0.2747,0.2618,0.2765,0.2702,1.3060,6.7122
48200000,245210907,349076,17,54,1,1,13,0.5441,0.2684,0.2659,0.5163,0.7940,0.5405,0.5070,0.2804,0.5375,1.0576,1.1243,0.5409,0.2622,0.2746,0.2749,1.9397,9.7284
48400000,245413213,349189,21,58,0,4,10,0.2695,0.5342,0.5424,0.2587,0.2620,0.2670,0.2548,0.2713,0.2690,0.5290,0.5609,0.2714,0.2652,0.2683,0.5396,0.6475,6.0108
48600000,245658236,349332,25,59,1,0,59,0.2770,0.2600,0.2736,0.2642,0.2663,0.2870,0.2582,0.2759,0.2684,0.5040,0.5367,0.2619,0.2711,0.2669,0.2729,1.3021,5.8462
48800000,245842666,349337,22,60,1,5,139,0.2721,0.2652,0.5447,0.5189,0.5255,0.2746,0.2612,0.5542,0.2786,0.5390,0.5706,0.2663,0.5304,0.5317,0.2744,0.6513,6.8586
49000000,246002206,349294,26,62,1,2,518,0.1350,0.1305,0.1351,0.1259,0.1304,0.1389,0.1303,0.1353,0.1348,0.2601,0.2754,0.1357,0.1328,0.1342,0.1375,0.6504,2.9224
49200000,246328329,349364,21,65,2,1,19,0.0911,0.0862,0.0909,0.0884,0.0878,0.0902,0.0851,0.0887,0.0904,0.1738,0.1836,0.0881,0.0855,0.0894,0.0886,0.2157,1.7233
49400000,246529290,349482,21,66,0,3,41,0.0677,0.0639,0.0680,0.0639,0.0647,0.0666,0.0642,0.0665,0.0662,0.1343,0.1419,0.0663,0.0661,0.0665,0.0667,0.3230,1.4564
49600000,246751554,349439,18,67,0,1,61,0.5466,0.2584,0.2738,0.2634,0.2642,0.2769,0.2579,0.2698,0.2758,0.5315,0.5588,0.2712,0.2694,0.2702,0.2681,0.6492,5.5053
49800000,246966920,349382,20,70,0,0,68,0.4076,0.2624,0.1356,0.2604,0.1318,0.2743,0.2566,0.2695,0.2713,0.2717,0.2862,0.2727,0.2666,0.2736,0.1352,0.6489,4.4245
50000000,247164199,349335,19,72,2,1,75,0.2729,0.2596,0.2737,0.2559,0.2590,0.2705,0.2529,0.2768,0.2666,0.5489,0.5788,0.2728,0.2644,0.2709,0.5322,0.6494,5.5051
50200000,247360472,349501,18,73,1,0,38,0.2771,0.2682,0.2803,0.2612,0.2607,0.2650,0.2545,0.2647,0.2715,0.5320,0.5626,0.2673,0.2649,0.2707,0.2697,0.6480,5.2184
50400000,247466983,349393,17,74,2,1,113,0.2727,0.2696,0.5725,0.5285,0.2615,0.5487,0.5168,0.5491,0.5513,0.5627,1.1753,0.2742,0.5441,0.5568,0.5563,1.3207,9.0608
50600000,247664584,349426,16,74,0,2,31,0.2733,0.1301,0.1399,0.1323,0.1335,0.1377,0.1311,0.1374,0.1398,0.2661,0.2829,0.1392,0.1390,0.1389,0.1381,0.9837,3.4430
50800000,247907343,349511,23,74,1,2,171,0.8263,0.5259,0.5595,0.5297,0.2601,0.2775,0.2598,0.2749,0.5562,0.5280,1.1338,0.5526,0.2620,0.5480,0.2761,2.6461,10.0163
51000000,248086015,349560,27,77,4,1,173,0.1334,0.3940,0.1366,0.1297,0.2605,0.2744,0.1257,0.2699,0.4123,0.2770,0.8557,0.1343,0.2624,0.4084,0.2716,1.6423,5.9884
51200000,248323933,349748,26,77,4,1,35,0.0915,0.0848,0.0927,0.0860,0.0864,0.2738,0.0861,0.0883,0.0883,0.3595,0.7555,0.0891,0.2632,0.0893,0.0903,0.2167,2.8414
51400000,248485905,349818,32,77,4,0,142,0.2697,0.2625,0.2747,0.2591,0.2559,0.2708,0.2562,0.2689,0.2726,0.5397,2.7715,0.2724,0.2692,0.2714,0.5454,0.6494,7.7096
51600000,248605924,349808,31,77,4,5,129,0.2759,0.2615,0.2804,0.2616,0.2645,0.2794,0.2583,0.2756,0.2730,0.5419,0.5728,0.2841,0.5388,0.2786,0.8156,0.6491,6.1108
51800000,248770652,349839,28,77,4,1,57,0.2729,0.2617,0.2709,0.2624,0.2685,0.2712,0.2588,0.2708,0.2695,0.5152,0.5471,0.2733,0.2742,0.2656,0.2797,1.3043,5.8662
52000000,248922610,349781,26,77,0,1,45,0.2766,0.2636,0.2803,0.2592,0.2611,0.2745,0.5180,0.2726,0.2787,1.0609,1.1206,0.2731,0.2674,0.2736,0.5571,0.6502,6.8876
52200000,249122740,349777,31,77,5,0,81,0.1363,0.1362,0.1390,0.1281,0.2615,0.1368,0.3871,0.2739,0.1378,0.2689,0.2849,0.1367,0.1355,0.1339,0.1384,0.6500,3.4849
52400000,249344537,349780,34,74,5,7,142,0.2748,0.2600,0.2722,0.2589,0.2574,0.2725,0.2587,0.8379,0.2769,0.5270,0.5621,0.2765,0.2618,0.2754,0.5683,0.6506,6.0912
52600000,249491506,349782,33,75,4,1,137,0.2707,0.5201,0.2807,0.2620,0.2663,0.2758,0.2591,0.2719,0.2803,0.5470,0.5759,0.2751,0.2650,0.2697,0.2749,1.2784,6.1729
52800000,249604651,349743,35,73,3,6,129,0.2746,0.2651,0.5662,0.5344,0.5420,0.5628,0.2617,0.5571,0.5632,1.0911,1.1512,0.2800,0.2724,0.2819,0.5493,1.9676,9.7207
53000000,249785353,349827,36,73,2,5,65,0.5441,0.2579,0.2806,0.2636,0.2668,0.2755,0.2590,0.8258,0.2750,1.6212,0.5657,0.5542,0.2662,0.2694,0.8207,0.6484,7.9939
53200000,249833328,349864,34,73,0,9,79,0.2720,0.2701,0.2708,0.2633,0.2643,0.2811,0.2580,0.2778,0.2831,0.5432,0.5725,0.2778,0.2761,0.2792,0.2739,0.6499,5.3131
53400000,250007095,349905,34,73,3,2,90,0.5479,0.5350,0.2782,0.2613,0.2670,0.2724,0.2560,0.2812,0.5545,0.5237,0.5532,0.2646,0.2663,0.2689,0.2758,0.6505,6.0564
53600000,250057369,349799,39,73,7,0,114,0.1388,0.1335,0.1408,0.1347,0.1347,0.1362,0.1286,0.1359,0.1389,0.2880,0.3033,0.1392,0.1397,0.1412,0.1422,0.3280,2.7039
53800000,250139113,349813,38,14,7,3,151,0.0924,0.0896,0.0943,0.0878,0.0895,0.0917,0.0874,0.0931,0.0924,0.1881,0.1984,0.1822,0.0896,0.1873,0.0960,0.4375,2.1975
54000000,250310052,349909,35,14,6,5,263,0.2722,0.2611,0.2793,0.2588,0.2668,0.2793,0.2602,0.2797,0.2786,1.1131,0.5803,0.2727,0.2627,0.2667,0.5711,0.6516,6.1543
54200000,250506497,350036,33,14,6,0,62,0.2762,0.2607,0.2783,0.2612,0.5352,0.2718,0.2532,0.5560,0.2660,1.6429,0.5516,0.5523,0.2683,0.2730,0.2715,0.6514,7.1695
54400000,250666761,350046,32,59,3,2,46,0.1372,0.1284,0.1390,0.1303,0.1316,0.1402,0.1316,0.1390,0.1356,0.2664,0.2829,0.1346,0.1295,0.1381,0.1396,0.3253,2.6294
54600000,250908339,350197,31,63,6,3,54,0.2755,0.2659,0.5521,0.5181,0.2640,0.5574,0.2576,0.2714,0.2721,0.5168,0.5482,0.2661,0.2702,0.5411,0.2672,1.2944,6.9382
54800000,251045802,350160,28,66,1,1,20,0.2734,0.2536,0.8306,0.2589,0.2586,0.8318,0.2513,0.2794,0.2688,0.5327,0.5624,0.2650,0.2690,0.2773,0.5377,0.6495,6.5999
55000000,251204052,350240,28,66,2,0,71,0.2755,0.2608,0.2767,0.2606,0.2639,0.2691,0.2494,0.2805,0.2693,0.5255,0.5561,0.2744,0.2661,0.2675,0.2723,1.3052,5.8728
55200000,251372294,350348,28,66,0,4,97,0.2746,0.2696,0.2839,0.2597,0.2655,0.2817,0.5073,0.2806,0.2768,1.0597,1.1202,0.2741,0.2688,0.2767,0.2709,0.6504,6.6206
55400000,251427677,350310,30,66,2,6,51,0.2786,0.2671,0.2758,0.2665,0.2666,0.2822,0.2540,0.2711,0.2763,1.6061,1.6940,0.2736,0.2646,0.2759,0.2880,0.6515,7.4915
55600000,251539569,350361,28,66,2,1,19,0.2818,0.2676,0.2787,0.2667,0.2643,0.2712,0.2504,0.2777,0.5523,0.5451,0.5780,0.5546,0.5351,0.5499,0.2824,0.6511,6.4070
55800000,251764281,350447,28,66,1,4,48,0.2754,0.2673,0.5494,0.5313,0.2636,0.5494,0.2540,0.2756,0.2761,0.5153,0.5475,0.2663,0.2620,0.8341,0.2661,1.3107,7.2440
56000000,251964120,350545,27,66,1,2,73,0.1359,0.1339,0.4125,0.1318,0.1315,0.1354,0.1293,0.1359,0.1344,0.5204,0.5511,0.1370,0.1333,0.1358,0.2700,0.3281,3.5563
56200000,252045139,350467,25,66,0,2,51,0.5375,0.5238,0.2771,0.2632,0.5244,0.5473,0.2577,0.5409,0.5406,1.5731,0.5808,0.2721,0.5304,0.2822,0.2855,0.6525,8.1890
56400000,252291224,350561,32,66,1,9,73,0.8098,0.2598,0.2754,0.5236,0.2622,0.2656,0.2585,0.8156,0.8180,2.1117,1.1382,0.5437,0.8005,0.2716,0.2737,0.6518,10.0797
56600000,252423876,350565,31,66,2,2,94,0.2706,0.2650,0.2831,0.2596,0.2700,0.2796,0.2618,0.2713,0.2758,0.5711,0.5980,0.2729,0.2667,0.2714,0.2765,0.6508,5.3441
56800000,252514199,350624,27,66,1,4,71,0.2697,0.2621,0.2784,0.2612,0.2654,0.2727,0.2563,0.2840,0.2717,0.5516,0.5815,0.2794,0.2659,0.2839,0.2826,0.6520,5.3186
57000000,252638373,350710,25,66,0,0,135,0.5399,0.2612,0.2788,0.2682,0.2679,0.5543,0.5080,0.5518,0.5423,1.0736,1.1350,0.5529,0.5343,0.5481,0.2793,0.6518,8.5475
57200000,252839278,350693,27,66,3,0,72,0.2748,0.2634,0.2703,0.2632,0.2637,0.2769,0.2521,0.2763,0.2717,0.5421,0.5727,0.2734,0.2641,0.2701,0.2752,0.6529,5.2632
57400000,253021912,350731,24,66,1,2,21,0.2702,0.2666,0.5537,0.2629,0.5312,0.2721,0.2583,0.2720,0.5440,1.0773,0.5657,0.2700,0.2713,0.2689,0.5417,0.6523,6.8782
57600000,253146617,350808,25,66,0,2,16,0.2702,0.2647,0.2861,0.2619,0.7931,0.2791,0.2591,0.2747,0.2734,0.5477,0.5783,0.2711,0.2679,0.2762,0.8185,0.6516,6.3738
57800000,253138528,350598,25,66,0,3,15,0.1360,0.1329,0.1387,0.1319,0.1340,0.1408,0.1263,0.1373,0.1371,0.2753,0.5821,0.1405,0.2702,0.1378,0.1401,0.6521,3.4131
58000000,253314564,350584,25,66,1,1,16,0.2730,0.2674,0.2766,0.2593,0.2713,0.2784,0.2628,0.2722,0.2744,0.5333,1.7438,0.2712,0.2726,0.2745,0.5571,0.6534,6.7413
58200000,253427168,350632,26,66,1,2,20,0.1403,0.1347,0.1428,0.1308,0.1336,0.1397,0.2590,0.2760,0.2748,0.5466,1.1591,0.1352,0.1316,0.1392,0.1388,0.6525,4.5347
58400000,253642785,350560,27,66,0,2,12,0.2752,0.5244,0.5577,0.5138,0.5182,0.5457,0.7663,0.2720,0.2698,0.5429,2.8687,0.2741,0.2648,0.2755,0.2721,1.9431,10.6844
58600000,253791916,350505,23,66,1,1,14,0.2730,0.2717,0.2791,0.2621,0.7854,0.2760,0.2606,0.2751,0.2786,0.5417,0.5724,0.5495,0.2662,0.2754,0.5513,0.6513,6.3695
58800000,253948550,350568,26,66,2,3,15,0.2718,0.2633,0.5392,0.5147,0.2648,0.2747,0.2631,0.2752,0.2741,1.0711,1.1318,0.2710,0.2667,0.5405,0.2859,0.6524,7.1605
59000000,254134608,350477,26,66,2,2,19,0.2702,0.2627,0.2801,0.2606,0.2570,0.2777,0.2609,0.2676,0.2696,0.5296,0.5618,0.2749,0.2646,0.2745,0.2636,0.6497,5.2249
59200000,254291567,350607,22,66,1,1,2,0.2775,0.2657,0.2815,0.2564,0.2615,0.5437,0.5122,0.2767,0.2730,0.5374,1.1164,0.5374,0.5241,0.2762,0.2765,1.2837,7.5000
59400000,254446838,350424,21,66,0,0,6,0.5602,0.2598,0.2743,0.5221,0.5266,0.8332,0.7809,0.5608,0.2784,1.0820,1.7057,0.2683,0.8057,0.2749,0.2778,1.9625,10.9730
59600000,254569687,350440,19,66,0,0,6,0.2734,0.2670,0.2790,0.2640,0.2670,0.2774,0.2608,0.2750,0.2708,0.5511,0.5810,0.2728,0.2679,0.2733,0.2842,0.6521,5.3169
59800000,254603028,350482,20,36,2,1,10,0.1351,0.1296,0.1413,0.1266,0.1307,0.1378,0.1278,0.1353,0.1383,0.2864,0.2994,0.2725,0.1300,0.1330,0.1377,0.6522,3.1138
60000000,254783316,350551,19,29,3,1,75,0.2797,0.2606,0.2759,0.2606,0.2672,0.2812,0.5225,0.2715,0.2838,0.5280,0.5575,0.2673,0.2692,0.2715,0.2796,0.6505,5.5268
60200000,254954252,350654,17,40,1,2,18,0.2767,0.1360,0.1345,0.1278,0.2674,0.2792,0.1248,0.1403,0.1346,0.2707,0.2866,0.2688,0.1327,0.2759,0.2787,0.6500,3.7846
60400000,255153244,350698,18,41,0,2,21,0.2731,0.5414,0.2707,0.2586,0.2601,0.2767,0.2587,0.2767,0.2797,0.5118,0.5435,0.2637,0.2666,0.2723,0.8503,0.6508,6.0549
60600000,255291485,350738,21,43,2,2,125,0.2745,0.2583,0.2732,0.2616,0.2686,0.2790,0.2600,0.2827,0.2798,0.5431,0.5771,0.2712,0.2696,0.2748,0.2820,1.2781,5.9336
60800000,255499535,350766,23,59,2,0,45,0.1368,0.1315,0.1339,0.1305,0.2686,0.1370,0.2584,0.1365,0.2790,0.5335,0.5658,0.1400,0.1345,0.2755,0.2796,0.9655,4.5065
61000000,255608338,350901,25,60,2,1,35,0.2756,0.2692,0.2758,0.2643,0.2666,0.2803,0.2611,0.2796,0.2782,0.5440,0.5718,0.2669,0.5375,0.8237,0.8359,2.5580,8.5885
61200000,255762224,350966,24,60,1,1,38,0.2750,0.2589,0.2694,0.5331,0.5360,0.2746,0.2526,0.2783,0.2703,0.5513,0.5812,0.2727,0.2706,0.2757,0.2698,3.2538,8.4234
61400000,255868975,351086,24,60,2,0,32,0.1369,0.2651,0.2753,0.3973,0.1295,0.2736,0.2539,0.1375,0.2735,0.2787,0.5836,0.2700,0.1353,0.1384,0.1386,0.3258,4.0129
61600000,255998269,351162,27,63,1,5,41,0.0918,0.0880,0.0938,0.0865,0.0891,0.0889,0.0860,0.0938,0.0898,0.3628,0.1870,0.0900,0.0873,0.0922,0.0892,0.4341,2.1505
61800000,256059084,351115,26,61,2,2,35,0.0697,0.0665,0.0720,0.0677,0.0677,0.0712,0.1290,0.0712,0.0709,0.1399,0.1473,0.1356,0.0676,0.0676,0.0720,0.4892,1.8051
62000000,256118920,351018,24,61,2,2,24,0.0551,0.0551,0.0568,0.0534,0.0542,0.0552,0.0521,0.1116,0.0555,0.2207,0.2331,0.0550,0.0547,0.0560,0.0563,0.5222,1.7470
62200000,256197761,350948,25,25,2,0,90,0.0460,0.0436,0.0465,0.0875,0.0447,0.0928,0.0869,0.1396,0.0464,0.2743,0.2899,0.0459,0.0450,0.0936,0.0461,0.5440,1.9728
62400000,256324045,350996,25,26,3,3,76,0.2738,0.5310,0.2772,0.7907,0.5364,0.8383,0.2575,0.2817,0.2777,0.5351,2.3232,0.5556,0.2701,0.8476,0.5576,0.6519,9.8052
62600000,256379648,350946,25,26,3,3,150,0.5533,0.2657,0.2826,0.2649,0.2695,0.2687,0.2663,0.5625,0.2775,0.5679,0.5981,0.8476,0.5430,1.1371,0.2826,1.3199,8.3070
62800000,256407774,350871,27,28,4,1,50,0.8315,0.2593,0.5572,0.5286,0.2738,0.2820,0.2655,0.8405,0.2792,1.1153,1.1754,0.2724,0.2698,0.2797,0.2842,0.6536,8.1681
63000000,256576939,351055,27,28,2,3,49,0.2691,0.2616,0.2796,0.7756,0.2615,0.2715,0.2574,0.2664,0.5427,0.5384,0.5709,0.5381,0.2639,0.2711,0.2722,0.6506,6.2908
63200000,256586500,351056,22,28,2,4,33,0.5421,0.5339,0.2769,1.0341,0.2654,0.2798,0.2596,0.2864,0.2731,0.5542,0.5836,0.2711,0.2693,0.5472,0.2779,1.3033,7.5577
63400000,256742194,351109,26,28,1,0,44,0.2730,0.2638,0.2804,0.2579,0.2633,0.2700,0.2605,0.2736,0.2735,0.5326,0.5624,0.2774,0.2665,0.2796,0.2692,1.9636,6.5671
63600000,256832945,351154,28,28,3,0,113,0.1357,0.1303,0.1357,0.1283,0.1305,0.1360,0.1297,0.1385,0.1378,0.5471,0.2951,0.1382,0.1350,0.1364,0.1379,1.3096,3.9017
63800000,256934696,351016,24,28,3,3,79,0.0939,0.0907,0.0956,0.0898,0.0912,0.0937,0.0870,0.0966,0.0942,0.1879,0.1979,0.0942,0.0917,0.0959,0.0945,1.0849,2.6796
64000000,256939904,350901,24,28,4,0,76,0.2737,0.2705,0.2830,0.2618,0.5540,0.2713,0.2575,0.2798,0.2719,0.5536,0.5820,0.2829,0.2691,0.5730,0.2763,0.6524,5.9125
64200000,257071070,350891,25,28,3,2,51,0.5439,0.5204,0.5545,0.2580,0.2704,0.2734,0.2558,0.2810,0.5430,0.5406,0.5706,0.2700,0.5324,0.2727,0.2748,0.6529,6.6144
64400000,257163979,351046,25,28,2,3,110,0.2751,0.2632,0.8499,0.2590,0.2684,0.5558,0.2562,0.2812,0.2776,1.1013,1.1629,0.2745,0.8145,0.5551,0.2719,1.3267,8.7933
64600000,257223285,351174,25,28,1,3,26,0.2782,0.5219,0.2806,0.2535,0.2708,0.8268,0.2554,0.2723,0.2857,1.6393,0.5837,0.2711,0.2741,0.2756,0.5528,1.9629,8.8046
64800000,257296450,351118,25,28,0,5,46,0.2767,0.7660,0.2788,0.2630,0.5260,1.0732,0.2660,0.5373,0.2804,2.1487,0.5919,0.5352,0.5406,0.5461,0.8136,0.6512,10.0945
65000000,257413076,350904,25,21,3,8,50,0.2727,0.2597,0.2674,0.2619,0.2662,0.2745,0.2577,0.2716,0.2820,0.5421,0.5714,0.2768,0.2689,0.2754,0.2849,0.6509,5.2841
65200000,257515358,350945,33,36,1,7,62,0.2738,0.2601,0.2719,0.5258,0.5317,0.2741,0.2698,0.5510,0.5636,0.5535,0.5808,0.5516,0.5401,0.5526,0.2790,1.3075,7.8869
65400000,257688428,350988,33,21,6,2,26,0.1391,0.2626,0.2747,0.3911,0.3972,0.1354,0.1291,0.4093,0.4193,0.5434,0.5724,0.1341,0.1320,0.1369,0.1339,0.3283,4.5388
65600000,257869762,351089,39,29,6,5,398,0.0907,0.0872,0.2743,0.0852,0.0903,0.1811,0.0854,0.3638,0.0882,0.1763,0.1859,0.0891,0.0877,0.1839,0.1789,0.2164,2.4644
65800000,258053717,351140,40,31,4,11,150,0.1373,0.0678,0.0695,0.0671,0.0673,0.2024,0.1298,0.0694,0.0708,0.1372,0.1453,0.0685,0.0682,0.0700,0.0696,0.3278,1.7682
66000000,258247260,351343,38,31,5,8,148,0.2738,0.2627,0.2772,0.2625,0.2649,0.2721,0.2556,0.2791,0.2703,0.5286,0.5571,0.2698,0.2639,0.2688,0.5444,0.6519,5.5026
66200000,258328298,351410,28,21,5,2,258,0.1362,0.1294,0.1395,0.1318,0.1312,0.1362,0.1314,0.1384,0.1370,0.2728,0.2868,0.1398,0.1311,0.1365,0.1371,0.3248,2.6399
66400000,258430979,351524,31,21,0,4,47,0.2715,0.2676,0.2733,0.2610,0.2682,0.2690,0.2644,0.2780,0.2724,0.5526,0.5823,0.2803,0.2691,0.2778,0.2755,1.2901,5.9533
66600000,258552157,351620,29,29,1,6,43,0.1420,0.1356,0.1390,0.1339,0.1346,0.1444,0.1355,0.1433,0.1375,0.5548,0.5846,0.1364,0.2676,0.1416,0.1398,0.9668,4.0373
66800000,258569017,351607,27,31,0,3,24,0.2749,0.5511,0.5648,0.5428,0.2681,0.2777,0.2623,0.2855,0.2716,1.7062,1.7965,0.2811,0.2697,0.5669,0.2863,0.6534,8.8589
67000000,258580505,351723,24,32,1,2,19,0.2767,0.2616,0.2805,0.2607,0.2642,0.5564,0.2600,0.2829,0.2774,0.5784,0.6072,0.2671,0.2728,0.8473,0.5686,0.6514,6.5131
67200000,258680044,351699,23,32,0,2,26,0.2735,0.2661,0.2794,0.2609,0.2635,0.2693,0.2525,0.2786,0.2794,0.5509,0.5776,0.2710,0.2697,1.1029,0.2835,0.6525,6.1313
67400000,258669862,351538,20,21,0,0,15,0.1369,0.1330,0.2809,0.1306,0.1338,0.2734,0.2575,0.1361,0.1394,0.2881,0.3023,0.1392,0.2703,0.6944,0.2829,0.3237,3.9225
67600000,258831850,351594,21,26,0,2,16,0.2756,0.2653,0.8468,0.2626,0.2662,0.2634,0.2580,0.2711,0.2795,0.5545,0.5828,0.2770,0.2650,0.2649,0.8423,0.6512,6.4261
67800000,258853169,351405,18,21,2,0,17,0.2799,0.2679,0.2729,0.2661,0.2644,0.2826,0.2658,0.2814,0.2790,0.5575,0.5847,0.2783,0.2684,0.2748,0.2717,0.6537,5.3490
68000000,258846243,351359,19,21,0,2,20,0.2751,0.2597,0.5402,0.5265,0.2676,0.2748,0.2567,0.2808,0.5535,1.1209,1.1762,0.5454,0.5349,0.2774,0.2796,0.6533,7.8225
68200000,258946500,351285,21,21,0,1,25,0.1374,0.1300,0.1357,0.3985,0.1339,0.1336,0.2574,0.2793,0.1358,0.2583,0.2733,0.1342,0.4025,0.1376,0.1350,0.6530,3.7356
68400000,258939031,351284,23,30,1,0,28,0.2760,0.2682,0.2821,0.2668,0.2698,0.2751,0.2625,0.2813,0.2733,0.5613,0.5915,0.2785,0.2736,0.2706,0.2819,0.6538,5.3662
68600000,259105015,351279,22,31,0,1,18,0.2691,0.2625,0.5625,0.5270,0.5303,0.2687,0.2579,0.2748,0.5507,0.5238,0.5538,0.2694,0.2679,0.5439,0.5480,0.6530,6.8631
68800000,259212600,351375,25,31,3,1,49,0.1392,0.1327,0.1369,0.1313,0.1324,0.1370,0.1329,0.1390,0.1364,0.5409,0.5705,0.1367,0.1346,0.1448,0.1424,0.6532,3.5406
69000000,259324492,351461,25,32,3,1,29,0.2724,0.2601,0.2772,0.2551,0.2681,0.2687,0.2562,0.2731,0.2750,0.5513,0.5802,0.2719,0.2665,0.2725,0.2820,0.6540,5.2842
69200000,259427002,351573,35,36,3,3,121,0.2756,0.2655,0.2822,0.2616,0.2590,0.2685,0.2546,0.2766,0.2700,0.5517,0.5812,0.2699,0.2697,0.2773,0.2708,0.6533,5.2873
69400000,259470847,351587,36,38,7,8,110,0.2808,0.5212,0.5598,0.2670,0.2661,0.5486,0.5130,0.2769,0.5541,0.5279,1.1397,0.2682,0.5376,0.2800,0.2842,0.6543,7.4794
69600000,259564944,351653,38,40,4,1,166,0.2774,0.2658,0.2801,0.2582,0.2602,0.8310,0.2586,0.2784,0.2705,1.0708,1.7208,0.2685,0.8102,0.5678,0.2783,0.6523,8.3489
69800000,259609258,351573,36,40,3,6,66,0.2778,0.2640,0.2718,0.2697,0.2657,0.2760,0.2646,0.2785,0.2790,1.6514,0.5859,0.5464,0.2653,0.2799,0.5732,1.3215,7.6707
70000000,259652972,351624,38,41,1,3,23,0.5429,0.2680,0.2772,0.2591,0.5184,0.5444,0.2587,0.2809,0.5491,0.5622,1.1638,0.2704,0.2596,0.2795,0.2768,0.6530,6.9640
70200000,259685907,351661,39,40,2,6,50,0.1391,0.1316,0.1442,0.1346,0.1327,0.1382,0.1298,0.1452,0.1387,0.5522,0.8659,0.1392,0.1383,0.2767,0.1410,0.3290,3.6762
70400000,259793063,351652,36,40,0,6,30,0.2777,0.2617,0.2871,0.2632,0.2644,0.2786,0.2623,0.2691,0.2751,0.5441,0.5733,0.2711,0.2764,0.2760,0.2725,0.6532,5.3057
70600000,259860689,351684,33,41,1,3,27,0.2763,0.2643,0.2808,0.2578,0.5322,0.2644,0.2574,0.2744,0.2756,0.5438,0.5754,0.5330,0.2679,0.2697,0.5496,0.6536,6.0762
70800000,259990647,351765,29,41,1,1,22,0.1402,0.1341,0.1381,0.1286,0.1347,0.1379,0.1279,0.1373,0.1378,0.2705,0.2858,0.4006,0.1383,0.2731,0.1383,0.6535,3.3765
71000000,260047231,351788,30,41,0,0,18,0.0947,0.0881,0.0948,0.0884,0.0908,0.0978,0.0862,0.0945,0.0938,0.3618,0.3822,0.0930,0.0926,0.0927,0.1853,0.2214,2.2582
71200000,260108678,351609,30,36,2,3,30,0.2732,0.2645,0.2773,0.2596,0.2631,0.2671,0.2553,0.2725,0.2730,0.5554,0.5849,0.2700,0.2722,0.2739,0.2720,0.6534,5.2874
71400000,260058796,351705,30,37,3,6,31,0.1375,0.1311,0.1398,0.2617,0.1312,0.2739,0.1324,0.2743,0.1353,0.2845,0.2987,0.1374,0.1320,0.1398,0.2751,0.6534,3.5382
71600000,260182158,351686,32,37,3,5,73,0.2727,0.2673,0.2733,0.2629,0.2626,0.2720,0.2547,0.8303,0.2701,0.5222,0.5538,0.2696,0.2675,0.5555,0.8288,1.9668,7.9300
71800000,260297667,351781,28,37,2,3,100,0.1391,0.1314,0.1406,0.1308,0.1310,0.1363,0.1287,0.5546,0.1359,0.2685,0.2827,0.1402,0.1354,0.1381,0.1325,0.3270,3.0528
72000000,260386861,351746,29,37,2,3,37,0.5747,0.5371,0.2822,0.2616,0.2648,0.2715,0.2684,0.2827,0.2647,1.1075,1.1658,0.2822,0.5493,0.2747,0.2686,1.3343,7.9900
72200000,260499446,351839,29,37,1,1,19,0.2721,0.2706,0.2754,0.2672,0.2640,0.5377,0.5191,0.5491,0.2681,1.6274,1.7136,0.2740,0.2689,0.2709,0.2833,1.9608,9.6220
72400000,260611998,351837,24,32,3,3,7,0.2756,0.2723,0.2747,0.2578,0.2582,0.2749,0.2525,0.2711,0.2723,0.5417,0.5721,0.2744,0.2765,0.2804,0.2838,0.6557,5.2941
72600000,260640117,351744,29,32,5,2,272,0.2803,0.2750,0.2828,0.2648,0.2643,0.2795,0.2580,0.2762,0.2746,1.0811,0.5839,0.2748,0.2797,0.2759,0.2737,0.6544,5.8791
72800000,260714823,351793,24,32,3,1,118,0.2770,0.5435,0.5561,0.5324,0.5290,0.2693,0.2615,0.5594,0.2696,1.6658,1.1906,0.5517,0.2694,0.2699,0.2692,1.3177,9.3321
73000000,260702374,351725,22,32,2,1,30,0.2811,0.2684,0.8450,0.2748,0.8105,0.2784,0.5286,0.8591,0.2777,0.5357,0.5646,0.8466,0.5507,0.5571,0.5535,1.9897,10.0215
73200000,260757750,351685,28,32,5,2,81,0.2724,0.2634,0.2792,0.2612,0.2687,0.2718,0.2577,0.2718,0.2777,0.5574,0.5848,0.2746,0.2713,0.2730,0.2761,0.6531,5.3143
73400000,260842200,351808,28,32,3,1,12,0.2714,0.2705,0.2830,0.2641,0.2599,0.2740,0.2543,0.2802,0.2847,0.5583,0.5855,0.2725,0.5262,0.2696,0.2845,0.6554,5.5941
73600000,260860047,351745,30,32,1,3,24,0.2796,0.2673,0.2818,0.2618,0.2692,0.2828,0.5342,0.2742,0.2784,0.5520,0.5841,0.2754,0.2695,0.2795,0.5781,0.6535,5.9213
73800000,260944629,351686,26,32,0,1,10,0.2825,0.2653,0.5449,0.2649,0.2690,0.2743,0.2606,0.2736,0.2788,0.5448,0.5743,0.2686,0.2641,0.5429,0.8399,0.6532,6.4018
74000000,260985553,351612,24,57,0,0,8,0.2801,0.2593,0.2784,0.2608,0.2652,0.2780,0.2569,0.2811,0.2787,0.5493,0.5793,0.2754,0.2725,0.2748,0.2817,0.6537,5.3252
74200000,261060384,351690,24,59,0,0,13,0.2775,0.2637,0.2764,0.2639,0.2670,0.2744,0.2575,0.2735,0.2719,0.5277,0.5583,0.2731,0.2701,0.2767,0.2845,0.6540,5.2703
74400000,261065427,351685,26,59,0,0,6,0.2762,0.2621,0.2809,0.2615,0.2699,0.2763,0.2573,0.2792,0.2707,1.0967,1.1601,0.2806,0.2777,0.2714,0.2779,0.6548,6.4533
74600000,261230013,351810,25,60,3,4,25,0.2742,0.2622,0.2807,0.2632,0.2721,0.2788,0.2651,0.2750,0.2866,0.5258,0.5573,0.2700,0.2728,0.2711,0.2789,0.6535,5.2874
74800000,261308548,351751,23,60,0,4,16,0.2763,0.5321,0.2827,0.2616,0.2636,0.2683,0.2590,0.2778,0.2752,1.0707,1.1313,0.5446,0.5462,0.2814,0.2695,0.6543,7.1947
75000000,261430249,351824,24,61,1,2,15,0.2743,0.2636,0.2776,0.2601,0.2667,0.2750,0.2519,0.2766,0.2740,0.5310,0.5640,0.2813,0.2698,0.2761,0.2839,0.6529,5.2785
75200000,261501084,351884,26,64,2,4,30,0.2749,0.2648,0.2784,0.2653,0.2664,0.2761,0.2541,0.2736,0.2760,0.5367,0.5667,0.2736,0.2649,0.2768,0.2726,0.6534,5.2743
75400000,261559931,351953,21,65,2,7,24,0.2772,0.2657,0.1420,0.1338,0.1309,0.1378,0.2568,0.1387,0.1380,0.2697,0.2847,0.1370,0.1380,0.1368,0.1390,0.3242,3.0501
75600000,261698232,352018,21,67,1,1,13,0.0903,0.0849,0.0912,0.1759,0.0875,0.0900,0.0845,0.0895,0.0919,0.1771,0.1872,0.0920,0.0906,0.1815,0.0913,0.4326,2.1379
75800000,261700792,352087,21,69,0,4,17,0.2782,0.2651,0.2748,0.2686,0.2716,0.2834,0.2588,0.2721,0.2675,0.5538,0.5846,0.2789,0.2706,0.2809,0.2854,0.6541,5.3482
76000000,261789531,351985,17,69,0,5,15,0.2767,0.2695,0.2842,0.2642,0.2617,0.2795,0.2612,0.2764,0.2793,0.5282,0.5587,0.2659,0.2732,0.2742,0.2800,0.6546,5.2875
76200000,261833541,352022,19,70,5,11,32,0.5423,0.2740,0.2767,0.2627,0.5165,0.2822,0.2561,0.2839,0.2853,1.0639,1.1228,0.5380,0.2707,0.2791,0.2859,0.6561,7.1963
76400000,261938094,352060,20,72,1,2,16,0.1379,0.1356,0.1371,0.1285,0.1331,0.1359,0.1279,0.1350,0.1369,0.2733,0.2905,0.1365,0.1310,0.1334,0.1378,0.3250,2.6353
76600000,262011177,352023,21,74,1,2,9,0.1843,0.1786,0.1854,0.0890,0.1788,0.0935,0.0860,0.0906,0.0927,0.1837,0.3860,0.0916,0.0890,0.0884,0.1836,0.4353,2.6366
76800000,262039713,352145,20,75,2,3,33,0.2792,0.2706,0.2827,0.5260,0.2658,0.2762,0.5097,0.2786,0.2837,0.5649,0.5958,0.2827,0.2684,0.2763,0.8256,0.6552,6.4413
77000000,262018605,352065,19,76,0,2,20,0.2777,0.5501,0.2841,0.2657,0.5472,0.2760,0.7924,0.2773,0.2749,0.5435,0.5755,0.2777,0.2713,0.2817,0.2873,0.6549,6.4371
77200000,262127894,352194,19,77,2,3,128,0.5566,0.8210,0.5688,0.5301,0.8098,0.5537,1.0592,0.5590,0.2700,1.0675,0.5500,0.2707,0.5448,0.2749,0.2678,0.6536,9.3574
77400000,262172042,352335,20,78,1,1,26,0.2764,0.2668,0.2697,0.2600,0.2665,0.2763,0.2701,0.2769,0.2773,0.5580,0.5868,0.2747,0.2748,0.2748,0.5483,0.6550,5.6124
77600000,262176398,352253,19,80,0,0,25,0.2821,0.2738,0.2830,0.2650,0.2646,0.2791,0.5297,0.2793,0.2774,1.0953,1.1529,0.2854,0.2719,0.2794,0.2768,1.2962,7.3919
77800000,262195220,352243,20,83,1,3,62,0.2773,0.2663,0.2830,0.2655,0.2676,0.2825,0.2606,0.2772,0.2736,0.5523,0.5822,0.5722,0.2731,0.2745,0.5600,1.9649,7.2329
78000000,262219960,352180,19,83,0,2,16,0.2729,0.2617,0.2777,0.2641,0.2614,0.2775,0.2566,0.2746,0.2796,0.5559,0.5878,0.2781,0.2722,0.2733,0.2884,0.6549,5.3366
78200000,262259044,352262,21,84,1,4,84,0.2773,0.2694,0.2822,0.2617,0.5304,0.5619,0.2659,0.2711,0.2734,0.5443,0.5739,0.2799,0.2737,0.2757,0.5676,1.3136,6.8221
78400000,262284590,352182,21,86,1,1,47,0.2774,0.2618,0.2799,0.2660,0.2670,0.8224,0.2636,0.2794,0.2772,1.1080,1.1696,0.2710,0.5381,0.2779,0.8273,0.6541,7.8408
78600000,262307718,352093,22,70,1,2,31,0.2743,0.2622,0.2881,0.2628,0.5282,1.1028,0.5240,0.5607,0.2801,1.6761,1.7708,0.2739,0.2755,0.2707,0.2838,0.6556,9.2897
78800000,262344023,352063,19,68,1,4,37,0.1400,0.1351,0.1404,0.1326,0.1349,0.1391,0.1325,0.1386,0.1379,0.2646,0.2800,0.1390,0.1404,0.1374,0.2817,0.6552,3.1292
79000000,262485453,352108,19,68,1,3,22,0.2716,0.2672,0.2730,0.2602,0.2651,0.2687,0.2571,0.2635,0.2753,0.5439,0.5751,0.2664,0.2655,0.2783,0.2724,1.9870,6.5903
79200000,262470988,352118,23,68,1,0,60,0.5500,0.5419,0.5563,0.5249,0.2646,0.5483,0.5212,0.2873,0.5611,1.1068,1.1683,0.5416,0.5302,0.2765,0.2856,2.6465,10.9111
79400000,262508530,352161,19,68,1,1,18,0.2754,0.2704,0.2824,0.2676,0.2673,0.2779,0.2567,0.2910,0.2783,0.5504,0.5802,0.2769,0.2753,0.2827,0.2787,0.6540,5.3653
79600000,262622612,352106,20,69,1,1,41,0.2760,0.1353,0.1366,0.1294,0.2657,0.1356,0.2542,0.2864,0.1424,0.5461,0.5760,0.2706,0.1325,0.1410,0.2726,0.6544,4.3549
79800000,262694990,352195,20,71,1,1,21,0.2756,0.2680,0.2757,0.2610,0.2636,0.2824,0.2611,0.8480,0.2835,1.6166,1.7060,0.2737,0.2702,0.2857,0.2709,0.6549,8.0968
80000000,262783358,352254,26,74,1,4,47,0.2755,0.2727,0.2783,0.2680,0.2639,0.2777,0.2546,0.2783,0.2766,2.1099,0.5589,0.2755,0.2694,0.2744,0.2751,1.2932,7.5019
80200000,262849206,352206,24,74,0,3,50,0.2747,0.1339,0.1377,0.1275,0.1289,0.1361,0.1291,0.1365,0.1368,0.2789,0.5755,0.2792,0.1335,0.2786,0.1377,0.9768,4.0015
80400000,262889065,352206,28,72,3,2,144,0.0919,0.0869,0.0927,0.0879,0.0885,0.0919,0.0856,0.0924,0.0931,0.1820,0.1916,0.0929,0.0920,0.0924,0.0948,0.2179,1.7746
80600000,262927436,352278,26,72,2,1,74,0.0688,0.0660,0.0671,0.0654,0.0669,0.0692,0.0649,0.0715,0.0688,0.1362,0.1441,0.0684,0.0667,0.0693,0.1404,0.3264,1.5600
80800000,263055820,352308,28,84,2,2,19,0.5562,0.5250,0.5504,0.2588,0.5390,0.5577,0.5106,0.2831,0.5550,0.5306,0.5630,0.2721,0.2722,0.2665,0.2763,0.6535,7.1700
81000000,263081341,352455,26,84,2,2,190,0.8375,0.8003,0.8461,0.2667,0.8082,0.8440,0.7712,0.5697,0.2755,1.0654,1.1295,0.5515,0.2713,0.2750,0.2858,0.6561,10.2537
81200000,263063654,352446,29,84,5,4,51,0.2786,0.2749,0.2889,0.2623,0.2640,0.2767,0.2637,0.2836,0.2836,0.5615,0.5949,0.2814,0.2712,0.2842,0.2803,0.6548,5.4044
81400000,263228178,352531,29,84,3,1,88,0.1375,0.2736,0.1402,0.1315,0.1289,0.1398,0.1297,0.1351,0.1340,0.2636,0.5782,0.1360,0.1309,0.2797,0.1413,0.3244,3.2043
81600000,263268159,352531,26,85,3,5,64,0.5628,0.2751,0.5639,0.5364,0.2692,0.5625,0.2606,0.5592,0.2709,0.5243,1.7453,0.5584,0.2676,0.8509,0.2721,0.6550,8.7342
81800000,263295246,352650,28,85,1,0,105,0.8357,0.2704,0.2802,0.2606,0.5320,0.2755,0.2628,0.8349,0.5548,0.5474,0.5799,0.2754,0.2743,0.2768,0.2896,1.3050,7.6553
82000000,263381830,352621,31,86,4,1,123,0.5548,0.1309,0.1429,0.1324,0.1342,0.1357,0.2583,0.1383,0.4129,0.2652,0.2813,0.1370,0.1362,0.1402,0.2846,0.9795,4.2644
82200000,263461004,352628,28,86,1,1,144,0.2801,0.2635,0.2843,0.2643,0.2646,0.2782,0.2609,0.2827,0.2743,0.5535,0.5846,0.2783,0.2742,0.2741,0.2793,2.5876,7.2845
82400000,263499558,352680,27,86,0,2,250,0.2743,0.2672,0.2781,0.2621,0.2683,0.2786,0.2523,0.2777,0.2772,0.5401,0.5717,0.2740,0.2744,0.2727,0.2799,0.6546,5.3032
82600000,263540303,352595,28,86,1,4,97,0.1403,0.1326,0.1410,0.1320,0.1331,0.1404,0.1310,0.1469,0.1399,0.2779,0.2922,0.1410,0.1369,0.1403,0.1384,0.6549,3.0188
82800000,263556381,352530,33,86,0,6,120,0.2780,0.2687,0.2820,0.2658,0.2615,0.2833,0.2620,0.2839,0.2876,0.5362,0.5678,0.2769,0.2692,0.2777,0.2792,0.6552,5.3350
83000000,263620965,352513,27,33,7,12,121,0.1359,0.1351,0.1405,0.1339,0.1339,0.1360,0.1314,0.1389,0.1363,0.2713,0.2850,0.1395,0.1328,0.1377,0.1348,0.3252,2.6482
83200000,263713762,352587,24,22,4,3,32,0.2789,0.2660,0.2793,0.2669,0.5423,0.5576,0.2599,0.2748,0.2804,0.5359,0.5702,0.2731,0.5525,0.2744,0.2739,1.3287,6.8148
83400000,263684504,352538,26,75,0,8,29,0.1416,0.2673,0.1442,0.1332,0.1357,0.1414,0.1262,0.1409,0.1371,0.5523,0.3032,0.1411,0.1355,0.1390,0.1453,0.3293,3.1133
83600000,263765817,352573,29,75,4,7,42,0.0941,0.2666,0.0941,0.1779,0.1810,0.1884,0.0886,0.1868,0.0951,0.1831,0.1937,0.1891,0.0936,0.0933,0.0965,0.4401,2.6621
83800000,263820983,352694,31,75,6,1,13,0.0688,0.0670,0.1402,0.0651,0.0652,0.0686,0.0622,0.0702,0.1410,0.1406,0.1486,0.2115,0.0657,0.0691,0.0677,0.4932,1.9446
84000000,263839178,352554,33,75,3,0,177,0.2851,0.2719,0.2800,0.2665,0.2716,0.2826,0.2567,0.2800,0.2844,0.5546,0.5846,0.2741,0.2791,0.2774,0.5506,0.6555,5.6546
84200000,263773105,352475,33,75,1,1,62,0.1398,0.1372,0.1436,0.1328,0.1348,0.1395,0.1376,0.1430,0.1441,0.2908,0.3068,0.1419,0.1345,0.1426,0.4186,0.6553,3.3430
84400000,263850994,352623,28,75,1,2,53,0.0930,0.0882,0.0910,0.0880,0.0879,0.0947,0.0870,0.0936,0.0912,0.1774,0.1875,0.0895,0.0887,0.0935,0.0929,0.6555,2.1997
84600000,263821978,352758,28,75,1,3,28,0.2752,0.2640,0.2793,0.2637,0.2750,0.2788,0.2540,0.5537,0.2757,0.5568,0.5873,0.2744,0.2694,0.2729,0.2795,2.6087,7.5684
84800000,263944726,352817,26,75,0,0,18,0.1391,0.1318,0.1374,0.1329,0.1330,0.1382,0.1265,0.1409,0.1339,0.2676,0.2829,0.1381,0.1293,0.1348,0.1393,1.6279,3.9335
85000000,264009475,352860,22,17,3,3,28,0.1853,0.0895,0.1841,0.0892,0.1772,0.1843,0.0846,0.0926,0.0931,0.3612,0.1937,0.0906,0.1775,0.1828,0.0932,1.3026,3.5814
85200000,264069418,352733,22,17,0,1,5,0.8500,0.2649,0.8479,0.5387,0.8168,0.8460,0.5188,0.2777,0.5590,1.6589,0.5718,0.2713,0.2772,0.8432,0.2764,0.6552,10.0736
85400000,264196496,352717,26,17,1,1,17,0.2798,0.5268,1.1055,0.7888,0.2654,0.2794,0.2626,0.2765,0.8275,2.1770,0.5709,0.2707,0.5388,0.2764,0.2781,0.6564,9.3806
85600000,264267746,352760,31,17,1,7,83,0.2741,0.2642,1.3885,0.2628,0.2668,0.2811,0.2540,0.2784,0.2734,0.5433,0.5733,0.2784,0.2613,0.2698,0.2733,0.6541,6.3968
85800000,264341547,352863,29,17,1,4,19,0.2763,0.2630,0.2794,0.2592,0.2682,0.2771,0.2589,0.2698,0.2801,0.5569,0.5864,0.2793,0.2675,0.2792,0.2804,1.2951,5.9766
86000000,264412001,352848,27,17,4,3,29,0.2754,0.2668,0.2825,0.2579,0.5393,0.5663,0.2573,0.2719,0.2745,1.1108,1.1715,0.2684,0.5493,0.2713,0.2778,0.6555,7.2965
86200000,264291226,352876,27,17,0,1,18,0.2820,0.2661,0.2875,0.2699,0.2729,0.8437,0.2688,0.2925,0.2799,0.5566,1.7398,0.2864,0.8186,0.2825,0.2908,1.3021,8.3400
86400000,264342784,352769,26,17,3,1,54,0.2777,0.5271,0.5658,0.2596,0.2719,0.2777,0.5235,0.2827,0.2771,0.5378,2.2804,0.5622,0.2639,0.5574,0.2800,0.6549,8.3995
86600000,264355331,352791,27,17,4,1,37,0.2748,0.7846,0.2773,0.2571,0.2656,0.2756,0.2495,0.2763,0.2720,0.5625,0.5912,0.2804,0.2669,0.2777,0.2654,1.3032,6.4803
86800000,264392077,352744,30,17,1,1,39,0.2794,1.0680,0.2748,0.5246,0.5434,0.2786,0.5138,0.2840,0.2726,1.1361,0.5891,0.2725,0.5503,0.5645,0.2813,0.6557,8.0885
87000000,264410821,352703,32,17,1,3,30,0.5561,1.3146,0.2774,0.2708,0.8005,0.5470,0.2601,0.2775,0.5436,1.6608,0.5808,0.2848,0.8070,0.2752,0.5568,0.6539,9.6666
87200000,264407576,352621,35,17,1,1,91,0.8454,0.2635,0.2820,0.2633,1.0769,0.2782,0.5242,0.2820,0.2831,2.2532,1.1896,0.2718,0.2687,0.2852,0.2809,0.6544,9.3026
87400000,264497257,352635,32,17,5,4,48,0.5590,0.1331,0.1424,0.1326,0.6703,0.1392,0.1305,0.2802,0.1369,0.2627,0.8691,0.1401,0.1331,0.1380,0.1411,0.6548,4.6631
87600000,264593080,352774,29,17,1,6,15,0.0916,0.0876,0.0955,0.0867,0.0883,0.1870,0.1747,0.0918,0.0906,0.1850,0.1953,0.1860,0.0903,0.1835,0.1869,0.6551,2.6758
87800000,264671132,352803,28,17,2,1,15,0.2732,0.2621,0.2833,0.2590,0.2619,0.2760,0.2578,0.2811,0.2728,0.5587,0.5880,0.2777,0.2664,0.2803,0.2789,0.6566,5.3336
88000000,264716128,352721,31,17,0,0,89,0.2740,0.2602,0.2828,0.2596,0.2658,0.2733,0.2713,0.2672,0.2732,0.5540,0.5847,0.2801,0.2649,0.2762,0.2758,1.3393,6.0023
88200000,264851550,352680,32,17,0,0,104,0.5420,0.2628,0.5447,0.2617,0.2679,0.5409,0.2513,0.2746,0.2752,0.5515,1.1438,0.2722,0.2622,0.2743,0.5437,0.6556,6.9243
88400000,264772259,352644,34,17,2,1,32,0.2843,0.2644,0.2818,0.2657,0.2764,0.2834,0.2669,0.2871,0.2776,0.5538,0.5837,0.2826,0.2730,0.2850,0.2863,0.6557,5.4077
88600000,264842491,352605,34,17,1,0,37,0.2737,0.5328,0.2863,0.2600,0.2614,0.2784,0.5293,0.2811,0.2768,1.1201,1.1811,0.2747,0.5424,0.2704,0.2763,1.3211,7.9656
88800000,264904938,352682,28,17,0,1,5,0.2795,0.7825,0.2738,0.5188,0.2691,0.2778,0.7759,0.2896,0.5474,1.6243,1.7137,0.5542,0.8056,0.5436,0.5486,0.6550,10.4594
89000000,264976608,352603,31,17,3,2,69,0.2779,0.2722,0.2763,0.2644,0.2731,0.5527,1.0320,0.2824,0.8175,0.5328,0.5655,0.2826,0.2693,0.8202,0.2764,0.6539,7.4491
89200000,265004380,352563,32,17,4,2,69,0.1372,0.1328,0.1412,0.1318,0.1328,0.1393,0.1277,0.1373,0.1386,0.5479,0.5789,0.1405,0.1306,0.5509,0.2769,0.3256,3.7701
89400000,265083956,352545,36,18,6,2,93,0.2772,0.2701,0.5537,0.5324,0.2637,0.2816,0.2574,0.2770,0.2708,0.5176,1.6895,0.2744,0.5280,1.3578,0.2786,1.2966,8.9263
89600000,265202364,352432,35,18,7,2,108,0.2726,0.2660,0.2782,0.2645,0.5280,0.2748,0.2595,0.2782,0.2760,0.5230,0.5540,0.5520,0.7919,0.2696,0.5532,0.6553,6.5968
89800000,265302811,352544,37,19,7,0,130,0.2714,0.2626,0.2771,0.2713,0.2624,0.2776,0.2518,0.2796,0.2742,0.5521,1.1473,0.2716,1.0749,0.5562,0.2750,0.6546,6.9599
90000000,265272002,352473,40,20,8,3,122,0.1409,0.1371,0.1390,0.1356,0.1356,0.1405,0.1308,0.1412,0.1401,0.2807,0.2966,0.1387,0.1369,0.1392,0.1423,0.3264,2.7015
90200000,265293111,352611,43,21,7,1,84,0.2762,0.2675,0.2764,0.2617,0.2697,0.2838,0.2610,0.2803,0.5610,1.1073,0.5779,0.2694,0.2705,0.2808,0.2880,0.6570,6.1884
90400000,265375834,352680,43,24,3,1,71,0.2762,0.1310,0.1359,0.1315,0.2662,0.1388,0.2581,0.2763,0.1375,0.2787,0.2940,0.1376,0.2708,0.1377,0.1399,0.3269,3.3372
90600000,265347190,352579,43,26,3,2,74,0.8360,0.2673,0.2807,0.2669,0.2667,0.2811,0.2606,0.2778,0.5526,0.5657,1.1833,0.2704,0.2681,0.2754,0.2822,1.3069,7.4418
90800000,265365135,352444,46,29,5,2,84,0.1381,0.1327,0.1390,0.1326,0.1325,0.1371,0.1277,0.1401,0.1389,0.2704,0.2861,0.1354,0.1308,0.1366,0.1386,0.3260,2.6424
91000000,265358607,352432,43,31,8,3,51,0.2737,0.2668,0.2770,0.2675,0.5332,0.5582,0.2619,0.2788,0.5633,1.1071,1.1691,0.2735,0.5314,0.2856,0.2885,0.6544,7.5897
91200000,265368037,352338,45,31,3,2,145,0.2799,0.2657,0.5537,0.2643,0.2641,0.2835,0.5152,0.2883,0.2795,0.5472,0.5782,0.2819,0.7911,0.5600,0.5656,0.6529,6.9711
91400000,265490209,352411,52,31,10,4,153,0.2798,0.1345,0.4183,0.1288,0.2651,0.2831,0.3878,0.1392,0.1386,0.5427,0.2819,0.1420,0.1352,0.1364,0.4232,0.6539,4.4906
91600000,265529695,352528,49,32,6,1,168,0.0920,0.0910,0.0915,0.0859,0.0888,0.0911,0.0876,0.0922,0.0931,0.1870,0.1973,0.0922,0.0896,0.0960,0.0969,0.6540,2.2263
91800000,265424004,352385,50,35,4,2,96,0.0675,0.0643,0.0675,0.0655,0.0657,0.0711,0.0638,0.0697,0.0680,0.2845,0.2992,0.0676,0.0686,0.0730,0.0690,0.1612,1.6262
92000000,265577461,352562,50,36,4,2,106,0.2774,0.2621,0.2724,0.2606,0.2663,0.2761,0.2636,0.2808,0.2805,0.5423,0.5725,0.2730,0.2693,0.2733,0.2697,0.6544,5.2943
92200000,265573368,352537,52,36,2,7,175,0.2758,0.2640,0.2797,0.2716,0.2741,0.2811,0.2674,0.2852,0.2791,0.5551,0.5833,0.5594,0.2736,0.2774,0.2780,0.6562,5.6610
92400000,265669336,352508,50,36,4,6,177,0.1404,0.1328,0.1398,0.2675,0.1338,0.1388,0.1289,0.2823,0.1375,0.5468,0.5760,0.1376,0.1364,0.2755,0.1373,0.3282,3.6395
92600000,265762042,352447,51,42,1,5,195,0.2756,0.2619,0.2801,0.8014,0.2654,0.2683,0.2677,0.8487,0.2724,0.5507,0.5807,0.2690,0.2666,0.2734,0.2754,0.6528,6.4102
92800000,265811599,352509,48,37,1,5,146,0.5421,0.5224,0.2762,0.2632,0.2566,0.5386,0.2588,0.2807,0.2755,0.5590,1.1463,0.2755,0.2709,0.2725,0.2744,0.6535,6.6661
93000000,265946231,352614,51,37,5,7,119,0.1336,0.3921,0.1344,0.1285,0.1299,0.4091,0.1249,0.2776,0.1322,0.2699,0.2850,0.1313,0.1322,0.1339,0.1322,0.3208,3.2674
93200000,265901961,352595,46,37,5,8,39,0.1808,0.3522,0.0914,0.0861,0.0897,0.0928,0.0845,0.0901,0.0911,0.1726,0.1830,0.0908,0.0904,0.0924,0.0923,0.4298,2.3101
93400000,265977870,352653,41,37,1,9,30,0.2718,0.2636,0.2772,0.2633,0.2632,0.2773,0.2584,0.2869,0.2706,0.5144,0.5431,0.2734,0.2603,0.2816,0.2701,0.6548,5.2301
93600000,265951424,352648,43,37,1,1,21,0.5533,0.5385,0.2814,0.2650,0.5357,0.2735,0.5292,0.5671,0.5538,0.5523,1.1317,0.2698,0.5320,0.5595,0.2812,0.6563,8.0802
93800000,265981408,352762,46,37,3,5,20,0.1361,0.1319,0.1377,0.1305,0.1321,0.1411,0.1323,0.1388,0.1407,0.2719,0.2864,0.1378,0.1342,0.1418,0.1402,0.3287,2.6621
94000000,265961929,352705,43,37,2,3,147,0.2734,0.2700,0.2825,0.2634,0.2672,0.2768,0.2667,0.2830,0.2768,1.1087,1.1672,0.2756,0.2700,0.2733,0.2861,0.6556,6.4965
94200000,265936278,352828,44,37,4,3,93,0.2818,0.2702,0.5638,0.2609,0.5358,0.2793,0.5347,0.5742,0.5604,1.6865,1.7760,0.2763,0.5473,0.5545,0.2847,1.3208,10.3071
94400000,265939832,352835,45,37,2,2,44,0.5529,0.5394,0.2790,0.2708,0.2742,0.2698,0.7931,0.2828,0.2776,2.2291,0.5816,0.2756,0.2720,0.2796,0.2755,0.6558,8.1086
94600000,265957775,352757,46,37,1,2,60,0.2757,0.8195,0.2838,0.5392,0.2711,0.2818,1.0749,0.2770,0.2731,0.5469,0.5763,0.2777,0.5501,0.5720,0.5554,0.6541,7.8286
94800000,265982657,352811,44,19,2,5,143,0.2798,0.2644,0.5635,0.2655,0.5471,0.5633,1.3417,0.5635,0.5491,0.5566,0.5851,0.2815,0.8236,0.2825,0.8395,0.6565,8.9630
95000000,265955559,352900,45,19,4,4,130,0.5562,0.2701,0.2800,0.2614,0.2707,0.2751,0.2597,0.8484,0.2693,0.5771,1.1923,0.2765,1.0951,0.5679,0.2844,1.3138,8.5981
95200000,265963865,352942,40,19,3,1,77,0.1387,0.1311,0.1414,0.1305,0.1342,0.1427,0.1334,0.1437,0.1385,0.2879,0.3042,0.1382,0.1351,0.1432,0.1415,0.9805,3.3647
95400000,265993911,352942,33,19,1,2,42,0.2770,0.2691,0.2766,0.2639,0.2618,0.2786,0.2556,0.5593,0.2805,0.5655,0.5951,0.5431,0.2738,0.2724,0.2812,0.6558,5.9093
95600000,266035939,352791,23,19,3,2,37,0.5553,0.2628,0.5669,0.2694,0.2669,0.5515,0.5126,0.2695,0.2816,1.1125,1.1713,0.8206,0.2685,0.5525,0.5528,1.3189,9.3335
95800000,266045907,352686,24,19,1,3,19,0.2804,0.2715,0.2862,0.2698,0.5300,0.8319,0.7730,0.2785,0.5600,0.5532,0.5826,0.2712,0.2735,0.2795,0.8371,0.6552,7.5335
96000000,266080206,352732,24,19,2,1,27,0.2728,0.2638,0.2761,0.2663,0.2649,1.1002,0.2578,0.2811,0.2781,1.1028,0.5843,0.2788,0.2714,0.2872,1.1032,1.3030,8.1919
96200000,266056289,352687,25,19,3,1,21,0.1376,0.2687,0.2787,0.2706,0.2659,0.6931,0.2601,0.1416,0.2777,0.2788,0.5882,0.2730,0.1338,0.1390,0.1415,0.3247,4.4729
96400000,266039761,352605,28,20,3,0,51,0.2763,0.2721,0.2779,0.2565,0.2633,0.2772,0.2682,0.2777,0.2824,0.5627,0.5960,0.2749,0.2746,0.2857,0.2822,0.6540,5.3815
96600000,266086938,352636,32,22,0,5,136,0.1395,0.1337,0.2818,0.1319,0.2660,0.1375,0.1283,0.1371,0.1364,0.2630,0.5771,0.1364,0.1308,0.2813,0.1344,0.6546,3.6700
96800000,266119927,352651,31,22,3,2,106,0.0926,0.0904,0.0922,0.0905,0.0908,0.0936,0.0870,0.0939,0.0924,0.1862,0.1959,0.0930,0.0912,0.0941,0.0917,0.6541,2.2296
97000000,266137264,352651,31,23,1,3,60,0.2755,0.2663,0.2845,0.2570,0.2716,0.5604,0.2606,0.2752,0.5575,0.5457,1.1531,0.2774,0.5426,0.2852,0.2872,0.6542,6.7539
97200000,266185438,352674,31,23,0,4,19,0.1375,0.1311,0.1383,0.1340,0.1330,0.1388,0.1310,0.1372,0.1397,0.5594,0.8780,0.2723,0.1387,0.1387,0.1372,0.6545,3.9993
97400000,266157809,352541,30,23,3,0,44,0.2816,0.2753,0.2818,0.2625,0.5387,0.2779,0.2674,0.2808,0.5529,0.5629,0.5928,0.2820,0.2661,0.2830,0.2792,1.9658,7.2507
97600000,266114196,352570,27,23,2,1,16,0.1418,0.1370,0.1387,0.1333,0.4068,0.2779,0.1318,0.1384,0.1392,0.2777,0.2926,0.1374,0.2701,0.1390,0.1437,1.3118,4.2171
97800000,266164102,352534,24,23,0,3,11,0.2726,0.2666,0.5577,0.2601,1.0816,0.2720,0.2609,0.5618,0.5529,0.5521,0.5830,0.2779,0.2614,0.2709,0.5614,0.6539,7.2469
98000000,266230832,352587,26,23,1,3,28,0.5519,0.2607,0.2806,0.5281,0.2696,0.5424,0.5220,0.8379,0.8345,1.1083,0.5789,0.5626,0.2674,0.5464,0.2724,0.6535,8.6172
98200000,266214852,352422,25,23,2,4,23,0.4099,0.2616,0.1400,0.3944,0.1327,0.4083,0.1333,0.5564,0.1425,0.2932,0.3087,0.1471,0.1373,0.4118,0.2811,0.3330,4.4910
98400000,266245102,352445,25,23,3,3,85,0.2782,0.2707,0.2772,0.2628,0.5325,0.2738,0.2658,0.2814,0.2761,0.5642,0.5963,0.2706,0.2574,0.2819,0.8482,0.6532,6.1903
98600000,266332268,352484,24,23,4,5,17,0.2713,0.2637,0.2813,0.2627,0.2689,0.2736,0.2692,0.2766,0.2727,0.5363,0.5670,0.2729,0.2667,0.2785,0.2751,0.6524,5.2889
98800000,266389934,352549,25,20,4,1,434,0.1378,0.1337,0.1390,0.1371,0.1352,0.1380,0.1360,0.1338,0.1406,0.2806,0.2944,0.1400,0.1379,0.1350,0.1393,0.6538,3.0121
99000000,266452578,352612,25,20,3,0,54,0.2788,0.2675,0.2831,0.2657,0.2725,0.2837,0.2591,0.2845,0.2803,0.5235,0.5553,0.2724,0.2700,0.2776,0.2773,0.6545,5.3060
99200000,266479187,352686,27,35,2,2,53,0.2806,0.2623,0.5612,0.5331,0.5374,0.2827,0.2534,0.2809,0.5534,0.5351,0.5655,0.2768,0.2667,0.5574,0.2817,1.3058,7.3339
99400000,266527237,352664,26,35,2,2,42,0.1364,0.2631,0.1353,0.1292,0.4015,0.1381,0.1312,0.1414,0.4148,0.2812,0.2954,0.2782,0.2690,0.1391,0.1353,0.9809,4.2699
99600000,266612884,352728,24,35,3,0,6,0.2772,0.2643,0.2723,0.2666,1.0508,0.2910,0.5179,0.2866,0.2732,0.5419,1.1509,0.2776,0.2682,0.2744,0.5437,0.6559,7.2124
99800000,266598966,352715,25,35,2,5,17,0.1397,0.1292,0.1424,0.1329,0.1329,0.1393,0.1324,0.1403,0.1416,0.2737,0.2888,0.1387,0.1376,0.1385,0.4127,0.6551,3.2756
100000000,266551989,352678,27,35,3,3,80,0.0927,0.0890,0.1890,0.0896,0.1784,0.0972,0.0859,0.0952,0.0958,0.3714,0.1992,0.1880,0.0925,0.0973,0.0963,0.6554,2.7129
lockTime-gtodTime=312723140
that is 312 seconds

real	6m21.800s
user	24m41.746s
sys	0m20.654s
