200000,1165481,2130,0,1,0,0,0,0.0037,0.0060,0.0045,0.0037,0.0041,0.0051,0.0050,0.0044,0.0049,0.0238,0.0236,0.0036,0.0040,0.0047,0.0045,0.0020,0.1075
400000,2271403,4434,0,1,0,0,0,0.0106,0.0122,0.0097,0.0114,0.0102,0.0179,0.0126,0.0128,0.0136,0.0733,0.0728,0.0107,0.0137,0.0175,0.0151,0.0060,0.3202
600000,3340007,6891,0,1,0,0,0,0.0149,0.0181,0.0223,0.0169,0.0146,0.0172,0.0199,0.0197,0.0166,0.0846,0.0835,0.0222,0.0194,0.0165,0.0178,0.0104,0.4147
800000,4362181,9367,0,1,0,0,0,0.0196,0.0250,0.0257,0.0207,0.0211,0.0257,0.0256,0.0289,0.0262,0.1295,0.1293,0.0232,0.0239,0.0268,0.0284,0.0155,0.5950
1000000,5368847,11947,0,1,0,0,0,0.0213,0.0223,0.0308,0.0219,0.0292,0.0306,0.0298,0.0312,0.0251,0.1297,0.1288,0.0294,0.0267,0.0296,0.0291,0.0210,0.6365
1200000,6344083,14573,0,1,0,0,0,0.0300,0.0337,0.0408,0.0295,0.0306,0.0323,0.0343,0.0369,0.0343,0.1407,0.1407,0.0329,0.0381,0.0367,0.0366,0.0264,0.7545
1400000,7299999,17111,0,2,0,0,0,0.0306,0.0329,0.0408,0.0343,0.0328,0.0375,0.0318,0.0389,0.0387,0.1499,0.1499,0.0371,0.0357,0.0404,0.0341,0.0320,0.7974
1600000,8232041,19652,0,2,0,0,0,0.0331,0.0394,0.0419,0.0368,0.0415,0.0428,0.0383,0.0467,0.0338,0.1583,0.1582,0.0375,0.0370,0.0379,0.0427,0.0364,0.8622
1800000,9151199,22271,0,2,0,0,0,0.0395,0.0415,0.0473,0.0412,0.0444,0.0466,0.0418,0.0476,0.0440,0.1657,0.1646,0.0416,0.0506,0.0488,0.0508,0.0418,0.9576
2000000,10058634,24763,0,2,0,0,0,0.0372,0.0429,0.0490,0.0405,0.0442,0.0455,0.0472,0.0464,0.0427,0.1442,0.1436,0.0445,0.0404,0.0425,0.0549,0.0465,0.9120
2200000,10944221,27260,0,2,0,0,0,0.0401,0.0410,0.0490,0.0436,0.0400,0.0496,0.0485,0.0564,0.0460,0.1809,0.1806,0.0439,0.0454,0.0454,0.0513,0.0518,1.0134
2400000,11822427,29820,0,2,0,0,0,0.0487,0.0498,0.0540,0.0517,0.0445,0.0579,0.0501,0.0560,0.0525,0.1813,0.1814,0.0554,0.0555,0.0533,0.0568,0.0580,1.1069
2600000,12693337,32261,0,2,0,0,0,0.0466,0.0509,0.0491,0.0483,0.0457,0.0580,0.0477,0.0554,0.0533,0.1746,0.1750,0.0469,0.0540,0.0519,0.0530,0.0627,1.0732
2800000,13544289,34699,0,2,0,0,0,0.0468,0.0493,0.0561,0.0461,0.0514,0.0522,0.0520,0.0525,0.0535,0.1885,0.1885,0.0464,0.0570,0.0556,0.0732,0.0678,1.1368
3000000,14413405,37107,0,2,0,0,0,0.0433,0.0510,0.0557,0.0460,0.0495,0.0504,0.0486,0.0521,0.0519,0.1595,0.1605,0.0519,0.0511,0.0491,0.0573,0.0724,1.0502
3200000,15276175,39468,0,2,0,0,0,0.0483,0.0501,0.0534,0.0465,0.0508,0.0557,0.0509,0.0484,0.0563,0.1638,0.1667,0.0569,0.0561,0.0558,0.0549,0.0774,1.0921
3400000,16111251,41794,0,2,0,0,0,0.0548,0.0551,0.0627,0.0515,0.0649,0.0635,0.0571,0.0632,0.0649,0.1946,0.1976,0.0534,0.0573,0.0599,0.0611,0.0819,1.2434
3600000,16924653,44153,0,2,0,0,0,0.0579,0.0549,0.0662,0.0609,0.0578,0.0626,0.0670,0.0662,0.0707,0.2084,0.2110,0.0599,0.0634,0.0608,0.0669,0.0877,1.3223
3800000,17727703,46456,0,2,0,0,0,0.0563,0.0642,0.0622,0.0583,0.0623,0.0656,0.0649,0.0711,0.0605,0.2157,0.2172,0.0649,0.0630,0.0655,0.0667,0.0902,1.3486
4000000,18533454,48745,0,2,0,0,0,0.0601,0.0613,0.0676,0.0601,0.0623,0.0650,0.0648,0.0662,0.0641,0.2054,0.2093,0.0660,0.0610,0.0667,0.0695,0.0960,1.3455
4200000,19322242,51024,0,2,0,0,0,0.0644,0.0682,0.0736,0.0645,0.0679,0.0743,0.0615,0.0633,0.0729,0.1999,0.2028,0.0663,0.0685,0.0704,0.0730,0.1023,1.3937
4400000,20115689,53280,0,2,0,0,0,0.0623,0.0704,0.0692,0.0633,0.0675,0.0716,0.0661,0.0719,0.0664,0.2013,0.2045,0.0652,0.0647,0.0740,0.0707,0.1057,1.3948
4600000,20890015,55550,0,2,0,0,0,0.0711,0.0669,0.0737,0.0691,0.0697,0.0764,0.0664,0.0777,0.0748,0.2099,0.2139,0.0773,0.0673,0.0711,0.0698,0.1116,1.4668
4800000,21664855,57720,1,3,0,0,0,0.0690,0.0721,0.0735,0.0705,0.0681,0.0727,0.0694,0.0747,0.0762,0.2129,0.2173,0.0769,0.0690,0.0687,0.0789,0.1163,1.4862
[EVENT] Viable replicators have appeared!
5000000,22419230,59937,1,3,0,0,0,0.0668,0.0717,0.0808,0.0739,0.0702,0.0789,0.0717,0.0833,0.0823,0.2086,0.2122,0.0768,0.0748,0.0824,0.0809,0.1194,1.5348
5200000,23186956,62157,1,3,0,0,0,0.0720,0.0733,0.0827,0.0706,0.0760,0.0735,0.0745,0.0806,0.0751,0.1880,0.1918,0.0745,0.0691,0.0745,0.0790,0.1231,1.4782
5400000,23916145,64278,1,3,0,0,0,0.0789,0.0758,0.0918,0.0765,0.0755,0.0857,0.0776,0.0882,0.0791,0.2235,0.2283,0.0865,0.0723,0.0784,0.0907,0.1293,1.6381
5600000,24659735,66422,1,3,0,0,0,0.0723,0.0739,0.0785,0.0737,0.0724,0.0839,0.0714,0.0761,0.0782,0.2213,0.2283,0.0800,0.0768,0.0769,0.0813,0.1340,1.5791
5800000,25402680,68552,1,3,0,0,0,0.0742,0.0757,0.0775,0.0718,0.0775,0.0850,0.0738,0.0780,0.0783,0.1998,0.2046,0.0805,0.0873,0.0810,0.0833,0.1373,1.5656
6000000,26146508,70634,1,3,0,0,0,0.0801,0.0738,0.0813,0.0796,0.0791,0.0881,0.0775,0.0831,0.0798,0.1960,0.2028,0.0791,0.0795,0.0812,0.0899,0.1432,1.5942
6200000,26863567,72724,1,3,0,0,0,0.0821,0.0841,0.0843,0.0798,0.0793,0.0860,0.0804,0.0903,0.0891,0.2183,0.2244,0.0820,0.0875,0.0836,0.0922,0.1454,1.6889
6400000,27596580,74805,1,3,0,0,0,0.0796,0.0793,0.0888,0.0803,0.0800,0.0864,0.0814,0.0844,0.0829,0.2104,0.2173,0.0827,0.0809,0.0872,0.0892,0.1505,1.6612
6600000,28312339,76858,1,3,0,0,0,0.0873,0.0840,0.0912,0.0819,0.0788,0.0878,0.0876,0.0872,0.0807,0.1905,0.1988,0.0842,0.0815,0.0875,0.0834,0.1549,1.6474
6800000,29012811,78843,1,3,0,0,0,0.0884,0.0828,0.0911,0.0920,0.0865,0.0928,0.0858,0.0929,0.0898,0.2254,0.2323,0.0872,0.0846,0.0931,0.0908,0.1593,1.7748
7000000,29701046,80876,1,3,0,0,0,0.0879,0.0836,0.0953,0.0825,0.0856,0.0892,0.0834,0.0923,0.0863,0.2443,0.2494,0.0919,0.0842,0.0862,0.0949,0.1631,1.8001
7200000,30392367,82804,1,3,0,0,0,0.0914,0.0814,0.0943,0.0877,0.0905,0.0957,0.0865,0.0946,0.0948,0.2191,0.2265,0.0885,0.0980,0.0910,0.0961,0.1682,1.8043
7400000,31081022,84747,1,3,0,0,0,0.0887,0.0933,0.1084,0.0882,0.0880,0.0871,0.0872,0.0952,0.0842,0.2183,0.2261,0.0896,0.0937,0.0899,0.0949,0.1716,1.8045
7600000,31772361,86717,1,3,0,0,0,0.0891,0.0887,0.0975,0.0889,0.0877,0.0937,0.0901,0.0938,0.0965,0.2162,0.2262,0.0922,0.0948,0.0879,0.0963,0.1757,1.8151
7800000,32476994,88662,1,3,0,0,0,0.0870,0.0832,0.0904,0.0838,0.0861,0.0891,0.0849,0.0875,0.0898,0.2116,0.2222,0.0883,0.0897,0.0899,0.0922,0.1796,1.7553
8000000,33154764,90544,1,3,0,0,0,0.0889,0.0896,0.1008,0.0894,0.0880,0.0988,0.0905,0.0980,0.0871,0.2096,0.2184,0.1011,0.0923,0.0932,0.0974,0.1835,1.8266
8200000,33833498,92510,1,3,0,0,0,0.0951,0.0883,0.0983,0.0893,0.0896,0.0950,0.0906,0.0954,0.0985,0.2289,0.2373,0.0888,0.0915,0.0988,0.0994,0.1874,1.8720
8400000,34509271,94465,1,3,0,0,0,0.0968,0.0886,0.1060,0.0966,0.0889,0.0986,0.0865,0.1006,0.0963,0.1974,0.2085,0.0955,0.0976,0.0983,0.0964,0.1916,1.8441
8600000,35170845,96258,1,3,0,0,0,0.0935,0.0894,0.0992,0.0935,0.0945,0.1010,0.0934,0.0983,0.0995,0.2162,0.2258,0.0990,0.0947,0.1014,0.1034,0.1959,1.8989
8800000,35826123,98060,2,4,0,0,0,0.0974,0.0929,0.1035,0.0973,0.0935,0.1043,0.0952,0.1015,0.0945,0.2421,0.2517,0.0973,0.0972,0.1026,0.1113,0.1981,1.9804
9000000,36479042,99938,2,4,0,0,0,0.0954,0.0962,0.1016,0.0977,0.0946,0.0995,0.0962,0.0972,0.1056,0.2128,0.2227,0.0970,0.0922,0.0972,0.1024,0.2036,1.9119
9200000,37116236,101737,2,4,0,0,0,0.1044,0.0967,0.1082,0.0944,0.0974,0.1056,0.0936,0.1025,0.1035,0.2258,0.2376,0.1064,0.0997,0.0991,0.1092,0.2077,1.9920
9400000,37778851,103606,2,4,0,0,0,0.0986,0.0918,0.1014,0.0969,0.0987,0.0988,0.0929,0.1018,0.0976,0.2080,0.2186,0.0972,0.0951,0.1000,0.0988,0.2089,1.9051
9600000,38425494,105377,2,4,0,0,0,0.0998,0.1002,0.0998,0.1019,0.1014,0.1037,0.0968,0.1148,0.0961,0.2378,0.2495,0.1013,0.1023,0.1057,0.1036,0.2151,2.0299
9800000,39060637,107139,2,4,0,0,0,0.1042,0.1033,0.1041,0.0974,0.1032,0.1099,0.1000,0.1052,0.1057,0.2334,0.2444,0.1043,0.1084,0.1090,0.1125,0.2180,2.0632
10000000,39674798,108912,2,4,0,0,0,0.1046,0.1006,0.1067,0.0986,0.1024,0.1118,0.1043,0.1136,0.1125,0.2459,0.2559,0.1002,0.1137,0.1128,0.1254,0.2216,2.1306
10200000,40288304,110672,1,4,0,0,0,0.1068,0.1056,0.1069,0.1096,0.1054,0.1153,0.1014,0.1131,0.1142,0.2453,0.2578,0.1050,0.1099,0.1085,0.1148,0.2260,2.1456
10400000,40924390,112398,1,4,0,0,0,0.1044,0.1056,0.1053,0.1034,0.1068,0.1063,0.0988,0.1100,0.1140,0.2180,0.2307,0.1061,0.1033,0.1096,0.1114,0.2284,2.0622
10600000,41548753,114115,1,4,0,0,0,0.1100,0.1022,0.1109,0.1065,0.1045,0.1087,0.1058,0.1066,0.1147,0.2372,0.2509,0.1081,0.1040,0.1069,0.1108,0.2318,2.1196
10800000,42172652,115775,1,4,0,0,0,0.1111,0.1018,0.1029,0.1112,0.1096,0.1145,0.1023,0.1100,0.1071,0.2280,0.2414,0.1043,0.0999,0.1050,0.1106,0.2366,2.0962
11000000,42781813,117433,1,4,0,0,0,0.1073,0.1052,0.1152,0.1044,0.1107,0.1030,0.0979,0.1070,0.1091,0.2311,0.2436,0.1069,0.1073,0.1082,0.1127,0.2381,2.1077
11200000,43364528,119065,2,4,0,0,0,0.1112,0.1118,0.1152,0.1127,0.1115,0.1214,0.1032,0.1135,0.1198,0.2552,0.2682,0.1228,0.1172,0.1133,0.1147,0.2419,2.2538
11400000,43936998,120730,2,4,0,0,0,0.1202,0.1179,0.1185,0.1091,0.1126,0.1171,0.1060,0.1222,0.1141,0.2618,0.2738,0.1128,0.1173,0.1159,0.1305,0.2477,2.2976
11600000,44494888,122375,2,4,0,0,0,0.1185,0.1177,0.1261,0.1143,0.1206,0.1265,0.1110,0.1240,0.1180,0.2524,0.2650,0.1164,0.1165,0.1235,0.1329,0.2505,2.3341
11800000,45078757,123976,2,4,0,0,0,0.1122,0.1091,0.1157,0.1110,0.1111,0.1159,0.1061,0.1168,0.1171,0.2338,0.2479,0.1081,0.1101,0.1146,0.1139,0.2544,2.1978
12000000,45673902,125565,1,4,0,0,0,0.1163,0.1094,0.1177,0.1137,0.1124,0.1148,0.1082,0.1154,0.1106,0.2377,0.2511,0.1119,0.1089,0.1131,0.1166,0.2563,2.2143
12200000,46274736,127207,1,4,0,0,0,0.1170,0.1109,0.1187,0.1135,0.1152,0.1191,0.1075,0.1235,0.1185,0.2222,0.2373,0.1107,0.1097,0.1158,0.1220,0.2609,2.2224
12400000,46854812,128862,1,4,0,0,0,0.1173,0.1156,0.1190,0.1129,0.1170,0.1211,0.1129,0.1144,0.1137,0.2421,0.2560,0.1189,0.1193,0.1246,0.1311,0.2636,2.2995
12600000,47430545,130453,1,4,0,0,0,0.1199,0.1161,0.1231,0.1197,0.1134,0.1220,0.1159,0.1236,0.1148,0.2432,0.2589,0.1138,0.1199,0.1212,0.1247,0.2680,2.3180
12800000,48020895,132084,1,4,0,0,0,0.1173,0.1136,0.1257,0.1172,0.1217,0.1200,0.1077,0.1251,0.1132,0.2430,0.2592,0.1125,0.1122,0.1187,0.1278,0.2690,2.3041
13000000,48586590,133627,1,4,0,0,0,0.1188,0.1136,0.1206,0.1173,0.1145,0.1171,0.1123,0.1244,0.1185,0.2338,0.2472,0.1185,0.1198,0.1158,0.1202,0.2712,2.2836
13200000,49152822,135187,1,4,0,0,0,0.1206,0.1110,0.1270,0.1198,0.1151,0.1270,0.1129,0.1202,0.1175,0.2477,0.2635,0.1207,0.1173,0.1246,0.1268,0.2757,2.3474
13400000,49718761,136720,1,4,0,0,0,0.1210,0.1149,0.1348,0.1238,0.1205,0.1238,0.1170,0.1236,0.1272,0.2257,0.2402,0.1222,0.1155,0.1180,0.1300,0.2809,2.3391
13600000,50282577,138225,1,4,0,0,0,0.1218,0.1150,0.1281,0.1212,0.1214,0.1324,0.1169,0.1297,0.1223,0.2351,0.2520,0.1225,0.1272,0.1255,0.1289,0.2848,2.3850
13800000,50828215,139613,1,4,0,0,0,0.1271,0.1190,0.1271,0.1183,0.1194,0.1349,0.1155,0.1265,0.1213,0.2592,0.2757,0.1350,0.1178,0.1295,0.1382,0.2851,2.4495
14000000,51364386,141095,1,4,0,0,0,0.1259,0.1139,0.1352,0.1232,0.1244,0.1257,0.1223,0.1318,0.1173,0.2587,0.2754,0.1220,0.1266,0.1302,0.1368,0.2908,2.4603
14200000,51903650,142512,1,4,0,0,0,0.1291,0.1234,0.1326,0.1257,0.1256,0.1258,0.1263,0.1288,0.1245,0.2399,0.2552,0.1231,0.1194,0.1256,0.1292,0.2899,2.4240
14400000,52435052,143908,1,4,0,0,0,0.1282,0.1191,0.1239,0.1199,0.1239,0.1290,0.1152,0.1259,0.1285,0.2652,0.2809,0.1226,0.1326,0.1321,0.1260,0.2952,2.4681
14600000,52962781,145258,1,4,0,0,0,0.1242,0.1226,0.1316,0.1216,0.1234,0.1292,0.1189,0.1289,0.1226,0.2649,0.2830,0.1270,0.1257,0.1241,0.1275,0.2973,2.4724
14800000,53485709,146673,1,4,0,0,0,0.1305,0.1221,0.1306,0.1299,0.1239,0.1358,0.1260,0.1303,0.1300,0.2561,0.2745,0.1263,0.1270,0.1315,0.1417,0.3004,2.5167
15000000,54019271,147989,1,4,0,0,0,0.1239,0.1205,0.1344,0.1159,0.1282,0.1242,0.1137,0.1306,0.1263,0.2644,0.2823,0.1271,0.1257,0.1186,0.1334,0.3027,2.4719
15200000,54529463,149381,2,4,0,0,0,0.1309,0.1233,0.1271,0.1228,0.1274,0.1291,0.1190,0.1358,0.1242,0.2395,0.2572,0.1403,0.1307,0.1313,0.1372,0.3058,2.4815
15400000,55042462,150748,3,4,0,0,0,0.1315,0.1265,0.1338,0.1256,0.1285,0.1343,0.1285,0.1300,0.1231,0.2468,0.2626,0.1304,0.1251,0.1285,0.1294,0.3098,2.4943
15600000,55565660,152129,3,4,0,0,0,0.1278,0.1288,0.1310,0.1263,0.1244,0.1267,0.1146,0.1294,0.1252,0.2463,0.2646,0.1359,0.1204,0.1307,0.1370,0.3117,2.4810
15800000,56084596,153548,4,4,0,0,3,0.1332,0.1248,0.1368,0.1249,0.1323,0.1326,0.1199,0.1319,0.1245,0.2340,0.2539,0.1250,0.1260,0.1336,0.1326,0.3150,2.4811
16000000,56597049,154804,3,4,0,0,0,0.1323,0.1193,0.1321,0.1299,0.1260,0.1357,0.1179,0.1294,0.1249,0.2609,0.2786,0.1273,0.1284,0.1342,0.1408,0.3169,2.5346
16200000,57093943,156145,3,4,0,0,0,0.1326,0.1280,0.1406,0.1343,0.1290,0.1307,0.1255,0.1313,0.1339,0.2759,0.2952,0.1356,0.1320,0.1416,0.1397,0.3217,2.6275
16400000,57627921,157391,3,4,0,0,0,0.1314,0.1289,0.1339,0.1251,0.1288,0.1366,0.1200,0.1347,0.1338,0.2269,0.2462,0.1285,0.1276,0.1264,0.1277,0.3234,2.4799
16600000,58141173,158681,2,4,0,0,0,0.1334,0.1282,0.1372,0.1324,0.1377,0.1391,0.1249,0.1414,0.1317,0.2451,0.2655,0.1294,0.1308,0.1287,0.1333,0.3266,2.5656
16800000,58642218,159936,2,4,0,0,0,0.1344,0.1197,0.1355,0.1275,0.1311,0.1235,0.1214,0.1362,0.1323,0.2757,0.2946,0.1315,0.1290,0.1313,0.1445,0.3270,2.5954
17000000,59146000,161180,2,4,0,0,0,0.1308,0.1223,0.1308,0.1315,0.1323,0.1340,0.1235,0.1318,0.1402,0.2744,0.2952,0.1315,0.1280,0.1359,0.1466,0.3312,2.6200
17200000,59646803,162379,2,5,0,0,0,0.1331,0.1329,0.1373,0.1355,0.1342,0.1366,0.1255,0.1385,0.1371,0.2441,0.2632,0.1310,0.1303,0.1384,0.1434,0.3347,2.5958
17400000,60139364,163608,2,5,0,0,0,0.1377,0.1250,0.1380,0.1336,0.1388,0.1332,0.1261,0.1389,0.1280,0.2458,0.2661,0.1390,0.1307,0.1370,0.1413,0.3366,2.5959
17600000,60641018,164821,2,5,0,0,0,0.1369,0.1301,0.1381,0.1314,0.1316,0.1338,0.1329,0.1383,0.1356,0.2606,0.2805,0.1318,0.1296,0.1380,0.1376,0.3380,2.6249
17800000,61142219,166000,2,5,0,0,0,0.1372,0.1240,0.1442,0.1344,0.1390,0.1335,0.1356,0.1427,0.1352,0.2631,0.2821,0.1364,0.1329,0.1468,0.1367,0.3399,2.6637
18000000,61598056,167154,2,5,0,0,0,0.1457,0.1332,0.1432,0.1417,0.1448,0.1460,0.1296,0.1471,0.1416,0.2893,0.3100,0.1374,0.1433,0.1445,0.1424,0.3419,2.7818
18200000,62074712,168215,2,5,0,0,0,0.1450,0.1344,0.1396,0.1305,0.1410,0.1368,0.1262,0.1448,0.1364,0.2806,0.2998,0.1400,0.1343,0.1372,0.1403,0.3446,2.7114
18400000,62549127,169367,2,5,0,0,0,0.1419,0.1327,0.1472,0.1371,0.1435,0.1418,0.1328,0.1480,0.1370,0.2468,0.2686,0.1339,0.1435,0.1393,0.1523,0.3496,2.6960
18600000,63025408,170486,2,5,0,0,0,0.1477,0.1338,0.1393,0.1344,0.1468,0.1408,0.1307,0.1550,0.1444,0.2841,0.3053,0.1358,0.1393,0.1389,0.1507,0.3508,2.7776
18800000,63525127,171658,2,5,0,0,0,0.1394,0.1330,0.1367,0.1302,0.1352,0.1367,0.1266,0.1380,0.1370,0.2617,0.2835,0.1358,0.1353,0.1371,0.1504,0.3523,2.6687
19000000,64024201,172816,2,5,0,0,0,0.1367,0.1348,0.1474,0.1299,0.1360,0.1408,0.1302,0.1401,0.1372,0.2404,0.2629,0.1356,0.1388,0.1363,0.1478,0.3542,2.6490
19200000,64483816,173903,3,5,0,0,0,0.1421,0.1420,0.1408,0.1323,0.1439,0.1386,0.1284,0.1405,0.1398,0.2788,0.2980,0.1389,0.1343,0.1409,0.1410,0.3578,2.7382
19400000,64933240,174935,3,5,0,0,0,0.1405,0.1325,0.1482,0.1390,0.1394,0.1441,0.1412,0.1463,0.1408,0.3219,0.3432,0.1430,0.1452,0.1391,0.1453,0.3572,2.8667
19600000,65397482,176036,3,5,0,0,0,0.1417,0.1317,0.1424,0.1351,0.1477,0.1502,0.1336,0.1386,0.1409,0.2754,0.2966,0.1439,0.1455,0.1357,0.1509,0.3608,2.7704
19800000,65855452,177143,3,5,0,0,0,0.1478,0.1405,0.1543,0.1401,0.1426,0.1522,0.1400,0.1475,0.1441,0.2660,0.2872,0.1416,0.1470,0.1457,0.1493,0.3629,2.8091
20000000,66326822,178371,4,5,0,0,1,0.1407,0.1374,0.1470,0.1367,0.1383,0.1441,0.1310,0.1415,0.1331,0.2792,0.3041,0.1365,0.1393,0.1454,0.1509,0.3684,2.7737
20200000,66793378,179401,3,5,0,0,1,0.1367,0.1342,0.1454,0.1377,0.1331,0.1400,0.1336,0.1433,0.1371,0.2819,0.3042,0.1338,0.1440,0.1403,0.1553,0.3683,2.7690
20400000,67264589,180471,3,5,0,0,0,0.1432,0.1418,0.1459,0.1386,0.1393,0.1468,0.1368,0.1468,0.1411,0.2694,0.2929,0.1379,0.1434,0.1462,0.1526,0.3706,2.7934
20600000,67726717,181509,3,5,0,0,0,0.1443,0.1422,0.1492,0.1354,0.1386,0.1491,0.1370,0.1497,0.1462,0.2764,0.3003,0.1438,0.1404,0.1510,0.1541,0.3719,2.8294
20800000,68191943,182488,2,4,0,0,0,0.1453,0.1357,0.1482,0.1352,0.1410,0.1464,0.1347,0.1494,0.1391,0.2750,0.2990,0.1393,0.1471,0.1469,0.1491,0.3761,2.8075
21000000,68638246,183493,3,4,0,0,1,0.1506,0.1407,0.1505,0.1488,0.1445,0.1530,0.1362,0.1435,0.1447,0.2903,0.3132,0.1529,0.1420,0.1466,0.1488,0.3782,2.8845
21200000,69088093,184512,2,4,0,0,1,0.1527,0.1360,0.1486,0.1381,0.1425,0.1414,0.1399,0.1487,0.1420,0.2758,0.2984,0.1441,0.1426,0.1494,0.1654,0.3795,2.8450
21400000,69536399,185447,1,4,0,0,0,0.1459,0.1372,0.1436,0.1369,0.1479,0.1466,0.1407,0.1452,0.1519,0.2696,0.2930,0.1383,0.1402,0.1464,0.1578,0.3795,2.8207
21600000,69993605,186425,1,4,0,0,0,0.1518,0.1346,0.1493,0.1427,0.1425,0.1498,0.1349,0.1490,0.1432,0.2687,0.2891,0.1476,0.1400,0.1496,0.1534,0.3846,2.8307
21800000,70435555,187405,2,4,0,0,1,0.1463,0.1407,0.1532,0.1408,0.1485,0.1535,0.1417,0.1397,0.1420,0.2775,0.3013,0.1457,0.1438,0.1489,0.1554,0.3852,2.8642
22000000,70868026,188408,2,4,0,0,0,0.1478,0.1336,0.1500,0.1492,0.1413,0.1496,0.1382,0.1531,0.1457,0.3072,0.3306,0.1504,0.1414,0.1439,0.1567,0.3891,2.9278
22200000,71324986,189421,2,4,0,0,0,0.1460,0.1434,0.1524,0.1401,0.1433,0.1419,0.1496,0.1444,0.1463,0.2626,0.2855,0.1403,0.1437,0.1455,0.1510,0.3899,2.8257
22400000,71741514,190406,2,4,0,0,0,0.1485,0.1376,0.1524,0.1485,0.1535,0.1512,0.1519,0.1580,0.1455,0.3087,0.3305,0.1490,0.1525,0.1463,0.1616,0.3922,2.9879
22600000,72198735,191369,1,4,0,0,1,0.1482,0.1378,0.1499,0.1442,0.1504,0.1527,0.1366,0.1540,0.1429,0.2514,0.2761,0.1450,0.1421,0.1501,0.1560,0.3941,2.8313
22800000,72636945,192341,1,4,0,0,0,0.1492,0.1398,0.1490,0.1423,0.1530,0.1490,0.1385,0.1472,0.1519,0.2798,0.3030,0.1419,0.1437,0.1482,0.1587,0.3948,2.8900
23000000,73060878,193277,1,4,0,0,0,0.1502,0.1368,0.1538,0.1475,0.1432,0.1549,0.1472,0.1401,0.1486,0.2985,0.3202,0.1482,0.1520,0.1506,0.1555,0.3979,2.9452
23200000,73494597,194176,1,4,0,0,0,0.1552,0.1443,0.1511,0.1528,0.1506,0.1523,0.1379,0.1520,0.1413,0.2677,0.2907,0.1530,0.1443,0.1509,0.1556,0.3996,2.8992
23400000,73898318,195053,2,4,0,0,0,0.1564,0.1459,0.1515,0.1530,0.1590,0.1650,0.1528,0.1629,0.1499,0.2927,0.3150,0.1517,0.1596,0.1604,0.1617,0.4007,3.0381
23600000,74306248,195939,2,4,0,0,9,0.1496,0.1442,0.1561,0.1529,0.1463,0.1538,0.1374,0.1455,0.1551,0.3181,0.3412,0.1495,0.1471,0.1553,0.1560,0.4035,3.0117
23800000,74718091,196798,2,4,0,0,0,0.1536,0.1507,0.1544,0.1496,0.1486,0.1577,0.1462,0.1532,0.1583,0.3024,0.3269,0.1465,0.1532,0.1536,0.1615,0.4033,3.0197
24000000,75139991,197719,2,4,0,0,7,0.1494,0.1462,0.1562,0.1480,0.1529,0.1496,0.1434,0.1512,0.1520,0.2773,0.3000,0.1437,0.1495,0.1470,0.1558,0.4068,2.9290
24200000,75569416,198633,3,5,0,0,10,0.1503,0.1422,0.1517,0.1454,0.1466,0.1528,0.1393,0.1538,0.1453,0.2899,0.3154,0.1558,0.1490,0.1492,0.1560,0.4095,2.9521
24400000,75976953,199438,3,5,0,0,0,0.1515,0.1502,0.1598,0.1541,0.1560,0.1633,0.1397,0.1565,0.1573,0.3135,0.3400,0.1540,0.1533,0.1489,0.1684,0.4106,3.0771
24600000,76390242,200275,3,5,0,0,1,0.1505,0.1468,0.1481,0.1499,0.1472,0.1550,0.1382,0.1525,0.1455,0.3001,0.3273,0.1478,0.1590,0.1545,0.1660,0.4121,3.0004
24800000,76792292,201136,2,5,0,0,0,0.1526,0.1477,0.1563,0.1479,0.1531,0.1544,0.1340,0.1516,0.1569,0.3034,0.3283,0.1567,0.1510,0.1467,0.1560,0.4153,3.0121
25000000,77221502,201967,2,5,0,0,0,0.1471,0.1457,0.1598,0.1470,0.1442,0.1543,0.1431,0.1477,0.1477,0.2857,0.3131,0.1432,0.1446,0.1484,0.1589,0.4148,2.9451
25200000,77643312,202841,2,5,0,0,0,0.1549,0.1467,0.1498,0.1476,0.1485,0.1559,0.1487,0.1513,0.1500,0.2815,0.3087,0.1502,0.1498,0.1549,0.1614,0.4182,2.9782
25400000,78044007,203643,3,5,1,0,18,0.1561,0.1487,0.1616,0.1526,0.1473,0.1477,0.1482,0.1542,0.1513,0.2897,0.3176,0.1503,0.1466,0.1527,0.1612,0.4193,3.0053
25600000,78434291,204434,2,4,0,0,0,0.1611,0.1543,0.1637,0.1580,0.1532,0.1591,0.1512,0.1605,0.1636,0.2952,0.3209,0.1589,0.1562,0.1585,0.1723,0.4199,3.1066
25800000,78853135,205242,2,4,0,0,0,0.1550,0.1447,0.1580,0.1463,0.1444,0.1539,0.1426,0.1562,0.1523,0.2900,0.3163,0.1530,0.1456,0.1497,0.1622,0.4219,2.9922
26000000,79256366,206068,3,4,0,0,7,0.1582,0.1411,0.1651,0.1535,0.1539,0.1498,0.1509,0.1546,0.1434,0.2869,0.3102,0.1495,0.1530,0.1483,0.1602,0.4254,3.0041
26200000,79655269,206757,3,4,0,0,0,0.1596,0.1497,0.1602,0.1536,0.1561,0.1600,0.1539,0.1570,0.1602,0.2728,0.2983,0.1547,0.1509,0.1516,0.1776,0.4260,3.0423
26400000,80058792,207554,2,4,0,0,0,0.1558,0.1459,0.1616,0.1609,0.1566,0.1627,0.1469,0.1623,0.1537,0.2816,0.3100,0.1547,0.1559,0.1605,0.1614,0.4281,3.0587
26600000,80448800,208300,2,4,0,0,0,0.1589,0.1472,0.1585,0.1537,0.1535,0.1618,0.1455,0.1628,0.1515,0.2853,0.3113,0.1481,0.1583,0.1546,0.1741,0.4299,3.0549
26800000,80861737,209080,2,4,0,0,0,0.1567,0.1446,0.1621,0.1521,0.1481,0.1500,0.1527,0.1574,0.1491,0.2880,0.3150,0.1579,0.1554,0.1497,0.1680,0.4295,3.0362
27000000,81250607,209780,2,4,0,0,0,0.1577,0.1481,0.1641,0.1515,0.1558,0.1659,0.1465,0.1622,0.1540,0.3192,0.3462,0.1559,0.1530,0.1622,0.1678,0.4326,3.1427
27200000,81623214,210485,2,4,0,0,0,0.1623,0.1486,0.1624,0.1553,0.1569,0.1604,0.1501,0.1606,0.1531,0.3073,0.3315,0.1548,0.1553,0.1582,0.1697,0.4326,3.1190
27400000,82021341,211285,2,4,0,0,0,0.1527,0.1527,0.1569,0.1541,0.1450,0.1601,0.1475,0.1607,0.1524,0.3165,0.3405,0.1507,0.1607,0.1481,0.1658,0.4343,3.0989
27600000,82391456,211973,2,4,0,0,0,0.1574,0.1614,0.1643,0.1628,0.1591,0.1687,0.1471,0.1714,0.1552,0.3230,0.3484,0.1581,0.1590,0.1733,0.1778,0.4371,3.2242
27800000,82770837,212723,1,4,0,0,0,0.1651,0.1522,0.1631,0.1579,0.1572,0.1696,0.1507,0.1631,0.1614,0.3026,0.3276,0.1577,0.1677,0.1652,0.1743,0.4374,3.1728
28000000,83174441,213546,1,4,0,0,0,0.1540,0.1454,0.1537,0.1484,0.1532,0.1524,0.1445,0.1578,0.1492,0.2850,0.3114,0.1578,0.1499,0.1532,0.1643,0.4384,3.0186
28200000,83552364,214235,1,4,0,0,0,0.1578,0.1537,0.1555,0.1528,0.1536,0.1618,0.1523,0.1539,0.1626,0.3039,0.3323,0.1598,0.1559,0.1507,0.1614,0.4415,3.1098
28400000,83912444,214908,1,4,0,0,0,0.1621,0.1545,0.1669,0.1610,0.1582,0.1583,0.1515,0.1676,0.1625,0.3158,0.3419,0.1633,0.1558,0.1717,0.1730,0.4426,3.2067
28600000,84295936,215573,1,4,0,0,0,0.1612,0.1591,0.1657,0.1513,0.1592,0.1649,0.1537,0.1685,0.1566,0.3034,0.3286,0.1548,0.1619,0.1586,0.1735,0.4431,3.1642
28800000,84695881,216210,1,4,0,0,0,0.1559,0.1499,0.1542,0.1526,0.1571,0.1614,0.1425,0.1588,0.1524,0.2970,0.3228,0.1625,0.1514,0.1628,0.1658,0.4457,3.0929
29000000,85059308,216909,1,4,0,0,0,0.1666,0.1605,0.1689,0.1585,0.1615,0.1618,0.1512,0.1657,0.1726,0.3186,0.3474,0.1613,0.1586,0.1600,0.1790,0.4484,3.2407
29200000,85438866,217583,1,4,0,0,0,0.1665,0.1552,0.1584,0.1580,0.1628,0.1671,0.1526,0.1596,0.1570,0.2904,0.3183,0.1654,0.1519,0.1521,0.1614,0.4482,3.1250
29400000,85810831,218254,1,4,0,0,0,0.1634,0.1567,0.1678,0.1606,0.1602,0.1636,0.1521,0.1598,0.1584,0.3083,0.3343,0.1589,0.1609,0.1653,0.1719,0.4506,3.1927
29600000,86174625,218983,1,4,0,0,0,0.1606,0.1580,0.1639,0.1600,0.1573,0.1668,0.1566,0.1671,0.1646,0.3081,0.3349,0.1537,0.1542,0.1584,0.1714,0.4513,3.1870
29800000,86568508,219636,3,4,0,0,0,0.1625,0.1551,0.1590,0.1536,0.1523,0.1596,0.1436,0.1571,0.1569,0.2978,0.3225,0.1593,0.1525,0.1598,0.1685,0.4529,3.1130
30000000,86936787,220346,3,4,0,0,1,0.1634,0.1537,0.1636,0.1485,0.1535,0.1565,0.1510,0.1658,0.1584,0.3206,0.3459,0.1582,0.1599,0.1642,0.1686,0.4545,3.1863
30200000,87268265,221031,3,4,0,0,1,0.1688,0.1576,0.1692,0.1646,0.1666,0.1686,0.1483,0.1677,0.1666,0.3337,0.3603,0.1697,0.1657,0.1792,0.1917,0.4542,3.3325
30400000,87626203,221642,3,4,0,0,0,0.1586,0.1571,0.1538,0.1588,0.1596,0.1625,0.1585,0.1599,0.1635,0.3228,0.3515,0.1584,0.1560,0.1581,0.1807,0.4560,3.2158
30600000,88003285,222311,3,4,0,0,0,0.1622,0.1547,0.1590,0.1544,0.1528,0.1626,0.1516,0.1693,0.1594,0.2977,0.3232,0.1703,0.1619,0.1611,0.1567,0.4583,3.1553
30800000,88372766,222925,3,4,0,0,0,0.1561,0.1571,0.1572,0.1559,0.1518,0.1586,0.1589,0.1671,0.1729,0.3210,0.3485,0.1577,0.1525,0.1628,0.1724,0.4596,3.2100
31000000,88727552,223570,3,4,0,0,0,0.1654,0.1595,0.1687,0.1584,0.1592,0.1702,0.1579,0.1612,0.1653,0.3014,0.3277,0.1617,0.1694,0.1659,0.1781,0.4609,3.2311
31200000,89108077,224306,3,4,0,0,2,0.1641,0.1494,0.1630,0.1594,0.1577,0.1646,0.1516,0.1600,0.1603,0.3052,0.3333,0.1562,0.1574,0.1555,0.1749,0.4637,3.1762
31400000,89472775,225031,3,4,0,0,0,0.1655,0.1546,0.1700,0.1588,0.1602,0.1649,0.1537,0.1623,0.1670,0.2949,0.3229,0.1579,0.1640,0.1658,0.1809,0.4641,3.2074
31600000,89835470,225625,3,4,0,0,3,0.1639,0.1514,0.1720,0.1552,0.1578,0.1663,0.1501,0.1682,0.1569,0.2846,0.3135,0.1585,0.1610,0.1652,0.1649,0.4651,3.1547
31800000,90184225,226198,3,4,0,0,0,0.1728,0.1555,0.1882,0.1615,0.1655,0.1609,0.1535,0.1779,0.1654,0.3045,0.3326,0.1656,0.1603,0.1588,0.1702,0.4674,3.2606
32000000,90521476,226838,2,4,1,0,1,0.1722,0.1620,0.1745,0.1628,0.1633,0.1862,0.1562,0.1610,0.1627,0.3313,0.3590,0.1668,0.1621,0.1777,0.1903,0.4678,3.3559
32200000,90886787,227413,2,4,0,0,0,0.1628,0.1580,0.1665,0.1604,0.1599,0.1680,0.1522,0.1576,0.1641,0.3141,0.3421,0.1585,0.1600,0.1555,0.1640,0.4685,3.2124
32400000,91237698,228038,2,4,0,0,0,0.1649,0.1588,0.1638,0.1603,0.1641,0.1723,0.1553,0.1636,0.1677,0.3290,0.3565,0.1657,0.1625,0.1606,0.1852,0.4691,3.2994
32600000,91584191,228681,2,4,0,0,0,0.1667,0.1530,0.1662,0.1617,0.1565,0.1663,0.1604,0.1675,0.1683,0.3115,0.3371,0.1664,0.1586,0.1669,0.1880,0.4694,3.2646
32800000,91922354,229244,3,4,0,0,0,0.1662,0.1625,0.1718,0.1605,0.1644,0.1649,0.1637,0.1581,0.1706,0.3202,0.3498,0.1632,0.1648,0.1672,0.1843,0.4723,3.3046
33000000,92282835,229840,3,4,0,0,0,0.1682,0.1581,0.1709,0.1658,0.1634,0.1604,0.1561,0.1615,0.1669,0.3024,0.3310,0.1608,0.1612,0.1635,0.1800,0.4752,3.2454
33200000,92618733,230489,4,4,0,0,5,0.1719,0.1564,0.1700,0.1654,0.1642,0.1660,0.1567,0.1664,0.1712,0.3239,0.3529,0.1676,0.1645,0.1730,0.1723,0.4755,3.3180
33400000,92964169,230998,3,4,0,0,0,0.1607,0.1595,0.1731,0.1558,0.1542,0.1665,0.1515,0.1694,0.1654,0.3047,0.3327,0.1567,0.1573,0.1710,0.1714,0.4748,3.2247
33600000,93303166,231572,4,4,0,0,0,0.1644,0.1529,0.1653,0.1586,0.1576,0.1697,0.1608,0.1613,0.1729,0.3134,0.3427,0.1670,0.1678,0.1661,0.1684,0.4777,3.2665
33800000,93661298,232144,4,4,0,0,0,0.1682,0.1625,0.1679,0.1687,0.1595,0.1611,0.1517,0.1761,0.1667,0.3111,0.3393,0.1699,0.1618,0.1583,0.1626,0.4792,3.2646
34000000,93995301,232791,4,4,0,0,0,0.1716,0.1598,0.1700,0.1643,0.1615,0.1659,0.1581,0.1751,0.1715,0.3133,0.3426,0.1684,0.1533,0.1689,0.1858,0.4810,3.3111
34200000,94331666,233338,4,4,0,0,0,0.1732,0.1629,0.1708,0.1638,0.1561,0.1658,0.1522,0.1729,0.1630,0.3074,0.3340,0.1759,0.1663,0.1650,0.1779,0.4804,3.2876
34400000,94641983,233916,4,4,0,0,0,0.1667,0.1626,0.1833,0.1636,0.1650,0.1694,0.1593,0.1793,0.1747,0.3489,0.3755,0.1679,0.1613,0.1720,0.1776,0.4826,3.4098
34600000,94956571,234561,4,4,0,0,0,0.1724,0.1621,0.1754,0.1727,0.1709,0.1744,0.1669,0.1673,0.1735,0.3284,0.3562,0.1692,0.1666,0.1707,0.1933,0.4842,3.4043
34800000,95299487,235179,4,4,0,0,0,0.1726,0.1566,0.1688,0.1659,0.1587,0.1759,0.1619,0.1664,0.1645,0.2898,0.3211,0.1727,0.1606,0.1663,0.1750,0.4846,3.2616
35000000,95627842,235755,4,4,0,1,2,0.1689,0.1612,0.1705,0.1665,0.1635,0.1716,0.1577,0.1673,0.1651,0.3173,0.3440,0.1732,0.1652,0.1655,0.1773,0.4870,3.3219
35200000,95960317,236326,5,4,0,1,9,0.1693,0.1577,0.1700,0.1647,0.1639,0.1681,0.1551,0.1676,0.1669,0.3196,0.3493,0.1637,0.1613,0.1682,0.1778,0.4877,3.3108
35400000,96292097,236789,6,5,0,0,1,0.1716,0.1620,0.1652,0.1594,0.1672,0.1732,0.1595,0.1641,0.1700,0.2944,0.3244,0.1629,0.1646,0.1663,0.1738,0.4875,3.2662
35600000,96616400,237323,4,5,0,0,1,0.1642,0.1541,0.1746,0.1723,0.1659,0.1745,0.1539,0.1637,0.1744,0.3290,0.3573,0.1621,0.1628,0.1761,0.1773,0.4908,3.3529
35800000,96966398,237890,4,5,0,0,0,0.1642,0.1585,0.1729,0.1563,0.1598,0.1698,0.1534,0.1713,0.1570,0.3107,0.3373,0.1649,0.1576,0.1600,0.1776,0.4902,3.2615
36000000,97282813,238411,5,5,0,1,8,0.1728,0.1667,0.1729,0.1675,0.1677,0.1723,0.1641,0.1653,0.1608,0.3472,0.3758,0.1698,0.1597,0.1681,0.1803,0.4920,3.4030
36200000,97605075,238939,5,5,0,0,0,0.1715,0.1664,0.1761,0.1633,0.1666,0.1706,0.1645,0.1584,0.1690,0.3204,0.3505,0.1666,0.1650,0.1767,0.1815,0.4947,3.3617
36400000,97911817,239527,5,5,0,0,1,0.1731,0.1583,0.1880,0.1728,0.1665,0.1774,0.1599,0.1671,0.1790,0.3106,0.3393,0.1646,0.1699,0.1755,0.1828,0.4952,3.3801
36600000,98237590,240049,5,5,0,0,1,0.1737,0.1657,0.1798,0.1624,0.1662,0.1808,0.1604,0.1742,0.1717,0.3161,0.3428,0.1678,0.1694,0.1704,0.1877,0.4941,3.3834
36800000,98523574,240612,5,5,0,0,1,0.1750,0.1796,0.1801,0.1685,0.1685,0.1759,0.1706,0.1753,0.1792,0.3525,0.3803,0.1726,0.1661,0.1797,0.1844,0.4987,3.5071
37000000,98837806,241095,5,5,0,0,0,0.1749,0.1624,0.1727,0.1662,0.1694,0.1731,0.1566,0.1814,0.1730,0.3390,0.3675,0.1628,0.1664,0.1635,0.1809,0.4977,3.4075
37200000,99159596,241590,5,5,0,0,1,0.1686,0.1602,0.1697,0.1631,0.1603,0.1793,0.1600,0.1755,0.1633,0.3115,0.3400,0.1645,0.1722,0.1719,0.1903,0.4962,3.3463
37400000,99458689,242019,6,5,0,0,1,0.1673,0.1615,0.1773,0.1609,0.1653,0.1705,0.1624,0.1804,0.1710,0.3290,0.3579,0.1690,0.1702,0.1657,0.1782,0.4995,3.3860
37600000,99770117,242499,6,5,0,0,1,0.1750,0.1561,0.1818,0.1681,0.1733,0.1767,0.1606,0.1746,0.1729,0.3159,0.3453,0.1668,0.1654,0.1737,0.1706,0.4994,3.3763
37800000,100080319,242943,6,5,0,0,1,0.1782,0.1631,0.1751,0.1710,0.1683,0.1736,0.1619,0.1835,0.1759,0.3190,0.3487,0.1711,0.1738,0.1806,0.1928,0.5013,3.4379
38000000,100405424,243421,6,5,0,0,1,0.1709,0.1599,0.1809,0.1724,0.1692,0.1697,0.1628,0.1719,0.1719,0.2991,0.3295,0.1633,0.1641,0.1707,0.1779,0.5007,3.3348
38200000,100681849,243893,6,5,0,0,2,0.1749,0.1789,0.1874,0.1741,0.1616,0.1795,0.1581,0.1803,0.1833,0.3656,0.3952,0.1696,0.1697,0.1824,0.1963,0.5003,3.5572
38400000,101005272,244378,6,5,0,0,0,0.1759,0.1693,0.1673,0.1674,0.1688,0.1754,0.1617,0.1710,0.1715,0.3159,0.3452,0.1711,0.1733,0.1708,0.1833,0.5044,3.3924
38600000,101304931,244859,6,5,0,0,1,0.1793,0.1710,0.1779,0.1665,0.1719,0.1726,0.1639,0.1751,0.1727,0.3249,0.3549,0.1682,0.1683,0.1706,0.1904,0.5058,3.4338
38800000,101613926,245296,5,5,0,0,1,0.1786,0.1608,0.1689,0.1669,0.1652,0.1746,0.1550,0.1722,0.1664,0.3269,0.3547,0.1698,0.1639,0.1672,0.1873,0.5054,3.3839
39000000,101930929,245797,5,5,0,0,0,0.1777,0.1738,0.1752,0.1660,0.1659,0.1776,0.1566,0.1701,0.1695,0.3219,0.3532,0.1615,0.1688,0.1735,0.1824,0.5062,3.3999
39200000,102249361,246313,5,5,0,0,0,0.1727,0.1612,0.1768,0.1652,0.1656,0.1701,0.1594,0.1714,0.1685,0.3038,0.3341,0.1718,0.1599,0.1732,0.1721,0.5091,3.3348
39400000,102560584,246693,6,5,0,0,0,0.1781,0.1673,0.1790,0.1673,0.1743,0.1813,0.1767,0.1722,0.1677,0.3289,0.3578,0.1763,0.1678,0.1832,0.1899,0.5085,3.4764
39600000,102876713,247195,6,5,0,0,0,0.1700,0.1557,0.1677,0.1669,0.1647,0.1735,0.1695,0.1695,0.1653,0.3252,0.3530,0.1632,0.1601,0.1781,0.1819,0.5075,3.3719
39800000,103174244,247623,6,5,0,0,1,0.1767,0.1670,0.1805,0.1671,0.1675,0.1764,0.1648,0.1770,0.1814,0.3160,0.3454,0.1679,0.1719,0.1716,0.1830,0.5104,3.4246
40000000,103492424,248137,6,5,0,0,0,0.1722,0.1612,0.1757,0.1648,0.1634,0.1872,0.1655,0.1760,0.1780,0.3207,0.3510,0.1710,0.1741,0.1684,0.1883,0.5114,3.4289
40200000,103810155,248674,6,5,0,0,0,0.1689,0.1622,0.1756,0.1661,0.1674,0.1755,0.1593,0.1670,0.1742,0.3231,0.3539,0.1650,0.1725,0.1715,0.1754,0.5129,3.3905
40400000,104102708,249187,6,5,0,0,2,0.1746,0.1642,0.1780,0.1696,0.1739,0.1747,0.1640,0.1869,0.1745,0.3214,0.3511,0.1690,0.1753,0.1781,0.1869,0.5143,3.4565
40600000,104397901,249589,6,5,0,1,1,0.1789,0.1646,0.1794,0.1637,0.1647,0.1788,0.1564,0.1812,0.1721,0.3208,0.3509,0.1729,0.1742,0.1743,0.1872,0.5157,3.4358
40800000,104714173,250111,6,5,0,0,0,0.1684,0.1600,0.1767,0.1670,0.1639,0.1775,0.1707,0.1813,0.1759,0.3103,0.3421,0.1661,0.1649,0.1687,0.1793,0.5161,3.3890
41000000,105040144,250597,6,5,0,0,0,0.1749,0.1609,0.1755,0.1687,0.1655,0.1779,0.1688,0.1762,0.1744,0.3159,0.3473,0.1647,0.1618,0.1813,0.1852,0.5162,3.4153
41200000,105346836,251096,6,5,0,0,0,0.1752,0.1780,0.1832,0.1691,0.1703,0.1799,0.1628,0.1757,0.1751,0.3338,0.3648,0.1664,0.1765,0.1724,0.1873,0.5169,3.4875
41400000,105671192,251585,6,5,0,0,1,0.1731,0.1616,0.1800,0.1685,0.1742,0.1727,0.1641,0.1724,0.1676,0.3219,0.3525,0.1728,0.1639,0.1770,0.1836,0.5194,3.4251
41600000,105939088,251980,6,5,0,0,1,0.1811,0.1694,0.1870,0.1682,0.1773,0.1815,0.1674,0.1783,0.1771,0.3451,0.3752,0.1726,0.1731,0.1790,0.1895,0.5225,3.5444
41800000,106263480,252446,6,5,0,0,2,0.1782,0.1682,0.1826,0.1671,0.1646,0.1786,0.1562,0.1646,0.1637,0.2993,0.3296,0.1695,0.1602,0.1744,0.1894,0.5220,3.3682
42000000,106549521,252838,6,5,0,0,2,0.1727,0.1644,0.1764,0.1725,0.1707,0.1799,0.1631,0.1718,0.1815,0.3436,0.3739,0.1686,0.1651,0.1765,0.1998,0.5221,3.5027
42200000,106828134,253240,6,5,0,0,0,0.1743,0.1667,0.1875,0.1756,0.1737,0.1837,0.1719,0.1754,0.1707,0.3470,0.3756,0.1737,0.1755,0.1956,0.1984,0.5230,3.5683
42400000,107124926,253642,7,5,0,0,0,0.1697,0.1675,0.1780,0.1673,0.1730,0.1836,0.1594,0.1818,0.1819,0.3414,0.3725,0.1761,0.1677,0.1694,0.1907,0.5230,3.5031
42600000,107390310,253968,7,5,0,0,1,0.1797,0.1777,0.1884,0.1695,0.1777,0.1802,0.1691,0.1790,0.1724,0.3585,0.3892,0.1761,0.1744,0.1744,0.1920,0.5240,3.5821
42800000,107674720,254389,7,5,0,0,2,0.1753,0.1689,0.1847,0.1751,0.1683,0.1813,0.1659,0.1750,0.1736,0.3063,0.3366,0.1758,0.1650,0.1778,0.1904,0.5251,3.4453
43000000,107966664,254844,7,5,0,0,1,0.1770,0.1613,0.1659,0.1713,0.1744,0.1813,0.1697,0.1652,0.1715,0.3589,0.3892,0.1661,0.1625,0.1724,0.1862,0.5251,3.4980
43200000,108253756,255197,7,5,0,0,2,0.1766,0.1759,0.1787,0.1738,0.1717,0.1822,0.1608,0.1840,0.1759,0.3320,0.3615,0.1733,0.1812,0.1836,0.1852,0.5275,3.5237
43400000,108536020,255645,7,5,0,0,2,0.1775,0.1681,0.1763,0.1679,0.1691,0.1731,0.1628,0.1736,0.1682,0.3253,0.3540,0.1894,0.1761,0.1823,0.1936,0.5257,3.4828
43600000,108820257,256022,7,5,0,0,2,0.1806,0.1678,0.1815,0.1719,0.1761,0.1793,0.1625,0.1760,0.1788,0.3518,0.3809,0.1773,0.1648,0.1796,0.2020,0.5274,3.5584
43800000,109090163,256531,7,5,0,0,0,0.1802,0.1744,0.1770,0.1737,0.1745,0.1721,0.1620,0.1763,0.1929,0.3507,0.3789,0.1743,0.1739,0.1844,0.1941,0.5269,3.5662
44000000,109361012,256842,7,5,0,0,0,0.1822,0.1744,0.1928,0.1750,0.1709,0.1821,0.1667,0.1745,0.1717,0.3362,0.3670,0.1834,0.1741,0.1885,0.1898,0.5294,3.5587
44200000,109629768,257234,7,5,0,0,2,0.1835,0.1786,0.1748,0.1744,0.1706,0.1864,0.1711,0.1755,0.1752,0.3374,0.3697,0.1783,0.1684,0.1840,0.1882,0.5295,3.5459
44400000,109937838,257547,7,5,0,0,2,0.1756,0.1655,0.1733,0.1625,0.1690,0.1756,0.1610,0.1736,0.1729,0.3082,0.3373,0.1699,0.1685,0.1735,0.1827,0.5302,3.3994
44600000,110230291,257940,6,5,0,0,2,0.1765,0.1637,0.1745,0.1699,0.1751,0.1749,0.1563,0.1790,0.1702,0.3338,0.3634,0.1756,0.1633,0.1780,0.1874,0.5318,3.4735
44800000,110515375,258299,6,5,0,0,0,0.1714,0.1628,0.1819,0.1654,0.1712,0.1785,0.1674,0.1730,0.1724,0.3480,0.3790,0.1746,0.1698,0.1821,0.1903,0.5315,3.5192
45000000,110805218,258680,6,5,0,0,0,0.1788,0.1719,0.1711,0.1663,0.1647,0.1860,0.1718,0.1708,0.1817,0.3471,0.3759,0.1739,0.1766,0.1784,0.2013,0.5327,3.5491
45200000,111093415,259180,6,5,0,0,0,0.1763,0.1752,0.1717,0.1660,0.1690,0.1806,0.1625,0.1804,0.1752,0.3308,0.3626,0.1743,0.1668,0.1810,0.1821,0.5347,3.4891
45400000,111376751,259610,6,5,0,0,1,0.1791,0.1688,0.1761,0.1669,0.1650,0.1807,0.1664,0.1762,0.1790,0.3379,0.3675,0.1761,0.1721,0.1869,0.1898,0.5366,3.5250
45600000,111660193,260006,5,5,0,0,0,0.1738,0.1739,0.1790,0.1686,0.1726,0.1746,0.1679,0.1741,0.1744,0.3303,0.3615,0.1753,0.1798,0.1789,0.1965,0.5348,3.5161
45800000,111954662,260415,5,5,0,0,0,0.1719,0.1642,0.1776,0.1632,0.1651,0.1804,0.1704,0.1771,0.1769,0.3317,0.3629,0.1687,0.1637,0.1820,0.1909,0.5383,3.4850
46000000,112242284,260770,5,5,0,0,1,0.1773,0.1608,0.1697,0.1714,0.1691,0.1759,0.1659,0.1760,0.1788,0.3206,0.3508,0.1754,0.1729,0.1714,0.1872,0.5385,3.4616
46200000,112496296,261211,5,5,0,0,3,0.1882,0.1810,0.1788,0.1777,0.1787,0.1807,0.1833,0.1871,0.1812,0.3580,0.3883,0.1811,0.1775,0.1877,0.2033,0.5408,3.6734
46400000,112786028,261546,5,5,0,0,0,0.1796,0.1681,0.1839,0.1770,0.1726,0.1877,0.1769,0.1850,0.1785,0.3137,0.3429,0.1840,0.1703,0.1876,0.1899,0.5399,3.5375
46600000,113057514,261859,5,5,0,0,1,0.1808,0.1643,0.1729,0.1679,0.1726,0.1751,0.1691,0.1795,0.1832,0.3328,0.3638,0.1738,0.1662,0.1811,0.1860,0.5399,3.5090
46800000,113332652,262200,5,5,0,0,2,0.1802,0.1812,0.1899,0.1718,0.1683,0.1800,0.1655,0.1771,0.1770,0.3347,0.3640,0.1754,0.1728,0.1829,0.1910,0.5408,3.5526
47000000,113599446,262571,5,5,0,0,1,0.1786,0.1676,0.1972,0.1690,0.1747,0.1817,0.1611,0.1728,0.1796,0.3464,0.3788,0.1737,0.1737,0.1784,0.1908,0.5417,3.5658
47200000,113859280,262906,5,5,0,0,0,0.1932,0.1699,0.1958,0.1780,0.1787,0.1862,0.1675,0.1790,0.1829,0.3675,0.3972,0.1828,0.1730,0.1830,0.1966,0.5436,3.6748
47400000,114110681,263277,5,5,0,0,3,0.1891,0.1698,0.1898,0.1769,0.1772,0.1955,0.1709,0.1793,0.1762,0.3563,0.3864,0.1837,0.1762,0.1828,0.2017,0.5417,3.6536
47600000,114359362,263709,5,5,0,0,0,0.1856,0.1799,0.1873,0.1793,0.1758,0.1827,0.1702,0.1779,0.1722,0.3527,0.3858,0.1798,0.1788,0.1941,0.1909,0.5459,3.6392
47800000,114649375,264144,5,5,0,0,1,0.1783,0.1640,0.1737,0.1714,0.1712,0.1837,0.1639,0.1695,0.1736,0.3142,0.3439,0.1730,0.1649,0.1777,0.1791,0.5440,3.4461
48000000,114905817,264546,5,5,0,0,1,0.1874,0.1802,0.1825,0.1753,0.1773,0.1839,0.1723,0.1804,0.1822,0.3477,0.3782,0.1795,0.1796,0.1873,0.1984,0.5469,3.6391
48200000,115174480,264921,6,4,0,0,4,0.1862,0.1763,0.1876,0.1695,0.1782,0.1867,0.1662,0.1810,0.1856,0.3284,0.3616,0.1783,0.1757,0.1817,0.1934,0.5483,3.5848
48400000,115443145,265274,6,4,0,0,1,0.1852,0.1690,0.1754,0.1680,0.1805,0.1806,0.1608,0.1803,0.1727,0.3438,0.3732,0.1739,0.1692,0.1771,0.1919,0.5461,3.5478
48600000,115702858,265652,6,4,0,0,0,0.1832,0.1708,0.1750,0.1754,0.1742,0.1967,0.1648,0.1737,0.1830,0.3230,0.3531,0.1790,0.1790,0.1773,0.1844,0.5478,3.5403
48800000,115957333,266030,7,4,0,0,0,0.1832,0.1768,0.1861,0.1797,0.1764,0.1836,0.1748,0.1897,0.1829,0.3535,0.3826,0.1772,0.1751,0.1891,0.1970,0.5494,3.6570
49000000,116223306,266391,6,6,0,2,6,0.1880,0.1716,0.1794,0.1744,0.1829,0.1754,0.1742,0.1824,0.1834,0.3289,0.3626,0.1761,0.1753,0.1850,0.1986,0.5493,3.5875
49200000,116512764,266727,6,6,0,0,1,0.1798,0.1717,0.1789,0.1780,0.1737,0.1800,0.1728,0.1773,0.1732,0.3155,0.3478,0.1743,0.1733,0.1785,0.2011,0.5513,3.5273
49400000,116798889,267125,5,4,0,0,0,0.1789,0.1660,0.1784,0.1669,0.1759,0.1761,0.1603,0.1864,0.1753,0.3215,0.3544,0.1804,0.1785,0.1795,0.1959,0.5522,3.5266
49600000,117074434,267479,5,4,0,0,0,0.1775,0.1705,0.1810,0.1803,0.1713,0.1789,0.1671,0.1781,0.1762,0.3268,0.3591,0.1781,0.1688,0.1908,0.1928,0.5516,3.5491
49800000,117296304,267875,5,4,0,0,0,0.1931,0.1760,0.1919,0.1906,0.1866,0.2029,0.1786,0.1938,0.1857,0.3591,0.3920,0.1918,0.1985,0.1819,0.2067,0.5530,3.7825
50000000,117543921,268234,5,4,0,0,0,0.1850,0.1708,0.1828,0.1824,0.1697,0.1851,0.1694,0.1841,0.1754,0.3480,0.3791,0.1784,0.1818,0.1894,0.1903,0.5528,3.6246
50200000,117831057,268627,5,4,0,0,0,0.1803,0.1621,0.1802,0.1670,0.1721,0.1758,0.1686,0.1725,0.1847,0.3286,0.3608,0.1742,0.1661,0.1781,0.1871,0.5533,3.5116
50400000,118090514,268940,4,4,0,2,0,0.1838,0.1704,0.1728,0.1754,0.1730,0.1827,0.1694,0.1897,0.1767,0.3330,0.3634,0.1751,0.1742,0.1911,0.1919,0.5555,3.5781
50600000,118329663,269202,4,4,0,0,0,0.1859,0.1740,0.1884,0.1777,0.1715,0.1858,0.1714,0.1813,0.1918,0.3300,0.3615,0.1769,0.1847,0.1787,0.1933,0.5564,3.6094
50800000,118568536,269558,4,4,0,0,0,0.1930,0.1782,0.1863,0.1784,0.1829,0.1908,0.1738,0.1837,0.1817,0.3470,0.3794,0.1834,0.1941,0.1933,0.2005,0.5556,3.7021
51000000,118816283,269901,4,4,0,0,0,0.1844,0.1688,0.1827,0.1667,0.1750,0.1804,0.1677,0.1712,0.1806,0.3564,0.3880,0.1760,0.1748,0.1935,0.2007,0.5559,3.6228
51200000,119071109,270115,4,4,0,0,0,0.1854,0.1687,0.1855,0.1682,0.1775,0.1767,0.1730,0.1761,0.1837,0.3168,0.3492,0.1719,0.1866,0.1956,0.1895,0.5584,3.5627
51400000,119339329,270408,4,4,0,0,0,0.1790,0.1674,0.1799,0.1674,0.1760,0.1879,0.1610,0.1825,0.1794,0.3322,0.3658,0.1822,0.1723,0.1844,0.1816,0.5590,3.5580
51600000,119589127,270792,4,4,0,0,0,0.1820,0.1723,0.1820,0.1806,0.1821,0.1853,0.1682,0.1818,0.1803,0.3470,0.3785,0.1954,0.1786,0.1908,0.1963,0.5592,3.6604
51800000,119841636,271102,4,4,0,0,0,0.1864,0.1818,0.1866,0.1766,0.1830,0.1889,0.1625,0.1794,0.1854,0.3375,0.3705,0.1812,0.1783,0.1916,0.2042,0.5582,3.6520
52000000,120058098,271412,5,4,0,0,0,0.1884,0.1778,0.1912,0.1873,0.1813,0.1903,0.1704,0.1899,0.1903,0.3685,0.3995,0.1836,0.1694,0.1925,0.2061,0.5586,3.7450
52200000,120310677,271714,4,4,0,0,0,0.1845,0.1790,0.1823,0.1677,0.1725,0.1921,0.1663,0.1829,0.1760,0.3446,0.3740,0.1654,0.1801,0.1832,0.1922,0.5604,3.6033
52400000,120544083,272122,4,4,0,0,0,0.1889,0.1847,0.1854,0.1800,0.1717,0.1874,0.1683,0.1841,0.1938,0.3620,0.3955,0.1798,0.1778,0.1914,0.2113,0.5611,3.7231
52600000,120789121,272364,4,4,0,0,0,0.1897,0.1692,0.1813,0.1837,0.1736,0.1877,0.1666,0.1808,0.1806,0.3449,0.3774,0.1737,0.1833,0.1834,0.1886,0.5624,3.6268
52800000,121034911,272658,5,4,0,0,0,0.1883,0.1847,0.1851,0.1865,0.1820,0.1993,0.1728,0.1828,0.1800,0.3302,0.3641,0.1760,0.1687,0.1845,0.1910,0.5628,3.6390
53000000,121301424,272940,5,4,0,0,0,0.1795,0.1702,0.1920,0.1669,0.1665,0.1847,0.1691,0.1842,0.1809,0.3332,0.3664,0.1796,0.1767,0.1811,0.1969,0.5633,3.5913
53200000,121562103,273203,5,4,0,0,0,0.1812,0.1673,0.1785,0.1777,0.1677,0.1777,0.1627,0.1746,0.1870,0.3290,0.3602,0.1834,0.1767,0.1740,0.1892,0.5654,3.5523
53400000,121814702,273516,5,4,0,0,0,0.1884,0.1740,0.1888,0.1733,0.1781,0.1771,0.1684,0.1834,0.1819,0.3338,0.3674,0.1873,0.1849,0.1903,0.1848,0.5673,3.6292
53600000,122040698,273821,5,4,0,0,0,0.1968,0.1793,0.1866,0.1736,0.1811,0.1836,0.1762,0.1786,0.1854,0.3583,0.3891,0.1879,0.1670,0.1865,0.1992,0.5651,3.6944
53800000,122277928,274088,6,4,0,0,4,0.1873,0.1877,0.1769,0.1719,0.1818,0.1929,0.1727,0.1822,0.1938,0.3426,0.3741,0.1803,0.1745,0.1918,0.2059,0.5676,3.6840
54000000,122520856,274408,6,4,0,0,0,0.1891,0.1800,0.1928,0.1844,0.1817,0.1834,0.1701,0.1805,0.1853,0.3366,0.3696,0.1790,0.1988,0.1808,0.2011,0.5651,3.6784
54200000,122766460,274738,6,4,0,0,0,0.1812,0.1747,0.1864,0.1813,0.1763,0.1926,0.1763,0.1863,0.1895,0.3414,0.3720,0.1817,0.1793,0.1893,0.1990,0.5692,3.6767
54400000,122990735,275003,6,4,0,0,0,0.1903,0.1777,0.1951,0.1726,0.1785,0.1808,0.1732,0.1867,0.1893,0.3701,0.3979,0.1874,0.1848,0.1876,0.2068,0.5685,3.7474
54600000,123219331,275277,6,4,0,0,5,0.1831,0.1787,0.1834,0.1750,0.1813,0.1929,0.1727,0.1869,0.1874,0.3699,0.4023,0.1829,0.1767,0.1920,0.2120,0.5675,3.7447
54800000,123436602,275585,8,5,0,0,1,0.1862,0.1869,0.1992,0.1739,0.1735,0.1813,0.1788,0.1912,0.1882,0.3600,0.3913,0.1869,0.1896,0.1767,0.2086,0.5684,3.7406
55000000,123671582,275814,7,5,0,0,7,0.1918,0.1789,0.1907,0.1828,0.1822,0.1892,0.1688,0.1882,0.1818,0.3270,0.3584,0.1795,0.1842,0.1895,0.1893,0.5697,3.6523
55200000,123907028,276095,7,5,0,0,0,0.1890,0.1722,0.1896,0.1798,0.1908,0.1865,0.1736,0.1930,0.1890,0.3431,0.3729,0.1887,0.1790,0.1940,0.2000,0.5701,3.7114
55400000,124142191,276360,6,5,0,1,0,0.1874,0.1809,0.1834,0.1861,0.1787,0.1983,0.1691,0.1844,0.1908,0.3554,0.3872,0.1870,0.1789,0.1882,0.1931,0.5713,3.7203
55600000,124359379,276557,4,4,0,1,1,0.1893,0.1774,0.1840,0.1776,0.1803,0.1893,0.1744,0.1845,0.1790,0.3570,0.3881,0.1934,0.1845,0.1989,0.1901,0.5724,3.7203
55800000,124577931,276827,4,4,0,0,0,0.1845,0.1702,0.1879,0.1857,0.1829,0.1821,0.1754,0.1893,0.1847,0.3552,0.3862,0.1983,0.1877,0.1908,0.2044,0.5745,3.7396
56000000,124817977,277121,5,4,0,1,3,0.1834,0.1758,0.1789,0.1748,0.1799,0.1931,0.1700,0.1840,0.1850,0.3616,0.3925,0.1844,0.1801,0.1874,0.1938,0.5725,3.6972
56200000,125057277,277369,3,4,1,0,4,0.1865,0.1889,0.1906,0.1728,0.1845,0.1912,0.1804,0.1991,0.1868,0.3139,0.3456,0.1868,0.1969,0.1862,0.2029,0.5738,3.6869
56400000,125300166,277607,3,4,0,1,0,0.1889,0.1754,0.1992,0.1794,0.1914,0.1879,0.1646,0.1860,0.1842,0.3530,0.3832,0.1738,0.1797,0.1847,0.1943,0.5724,3.6982
56600000,125535360,277884,2,4,0,0,0,0.1936,0.1774,0.1848,0.1807,0.1845,0.1806,0.1733,0.1805,0.1934,0.3457,0.3795,0.1894,0.1782,0.1883,0.1880,0.5748,3.6928
56800000,125773987,278123,2,4,0,0,0,0.1872,0.1823,0.1809,0.1756,0.1776,0.1842,0.1761,0.1939,0.1776,0.3826,0.4163,0.1832,0.1815,0.1857,0.2119,0.5737,3.7704
57000000,125994083,278436,2,4,0,0,0,0.1870,0.1839,0.1934,0.1728,0.1860,0.1865,0.1794,0.1918,0.1903,0.3699,0.4027,0.1906,0.1819,0.1916,0.2029,0.5761,3.7871
57200000,126254268,278711,3,4,0,0,12,0.1807,0.1722,0.1797,0.1776,0.1825,0.1807,0.1763,0.1801,0.1796,0.3346,0.3664,0.1744,0.1818,0.1869,0.1957,0.5758,3.6248
57400000,126477228,278941,4,5,0,0,21,0.1917,0.1789,0.1843,0.1882,0.1945,0.2141,0.1813,0.1855,0.1829,0.3610,0.3904,0.1918,0.1776,0.1877,0.1989,0.5745,3.7835
57600000,126690553,279165,5,6,1,0,31,0.1871,0.1763,0.2001,0.1746,0.1794,0.1864,0.1754,0.1801,0.1875,0.3766,0.4100,0.1767,0.1792,0.1839,0.1939,0.5766,3.7440
57800000,126904265,279431,5,6,0,0,0,0.1927,0.1898,0.1871,0.1811,0.1894,0.1939,0.1718,0.2003,0.1895,0.3669,0.4002,0.1824,0.1856,0.1903,0.2010,0.5766,3.7987
58000000,127123056,279762,4,6,0,0,0,0.1859,0.1712,0.1875,0.1787,0.1832,0.1883,0.1716,0.1801,0.1894,0.3815,0.4125,0.1904,0.1819,0.1863,0.1982,0.5771,3.7637
58200000,127330558,280075,4,6,1,0,12,0.1889,0.1782,0.1980,0.1902,0.1923,0.1962,0.1804,0.2010,0.1946,0.3632,0.3914,0.1882,0.1894,0.1895,0.2130,0.5786,3.8330
58400000,127549963,280382,4,6,0,0,0,0.1963,0.1912,0.1924,0.1707,0.1827,0.2030,0.1848,0.1805,0.1865,0.3458,0.3767,0.1816,0.1904,0.1955,0.2061,0.5802,3.7644
58600000,127804826,280667,4,6,0,0,0,0.1919,0.1739,0.1868,0.1807,0.1789,0.1955,0.1789,0.1811,0.1826,0.3099,0.3433,0.1782,0.1812,0.1910,0.2047,0.5809,3.6394
58800000,128051684,280886,3,6,1,0,7,0.1922,0.1796,0.1793,0.1800,0.1767,0.1865,0.1673,0.1856,0.1826,0.3505,0.3820,0.1782,0.1809,0.1905,0.1978,0.5813,3.6913
59000000,128278546,281190,3,6,0,0,1,0.1937,0.1889,0.1821,0.1826,0.1823,0.1878,0.1822,0.1868,0.1771,0.3663,0.3998,0.1836,0.1811,0.1840,0.1950,0.5817,3.7548
59200000,128506423,281449,3,6,0,0,1,0.1923,0.1804,0.1842,0.1917,0.1812,0.1922,0.1769,0.1884,0.1913,0.3385,0.3708,0.1816,0.1889,0.1922,0.2082,0.5842,3.7429
59400000,128729509,281636,2,4,0,0,0,0.1907,0.1750,0.1919,0.1845,0.1846,0.1951,0.1726,0.1923,0.1775,0.3452,0.3756,0.1839,0.1827,0.1918,0.2005,0.5826,3.7264
59600000,128979200,281915,2,4,0,0,0,0.1818,0.1692,0.1835,0.1829,0.1790,0.1817,0.1741,0.1759,0.1763,0.3466,0.3799,0.1878,0.1834,0.1893,0.1993,0.5831,3.6741
59800000,129210546,282167,2,4,0,0,0,0.1926,0.1833,0.1936,0.1777,0.1821,0.1837,0.1812,0.1991,0.1862,0.3500,0.3807,0.1841,0.1823,0.1896,0.2130,0.5826,3.7618
60000000,129430010,282455,2,4,0,0,0,0.1921,0.1807,0.1818,0.1844,0.1828,0.1794,0.1758,0.1935,0.1807,0.3544,0.3845,0.1867,0.1796,0.1859,0.1900,0.5823,3.7147
60200000,129663218,282748,3,4,0,0,1,0.1880,0.1764,0.1819,0.1786,0.1773,0.1811,0.1728,0.1838,0.1749,0.3294,0.3605,0.1785,0.1804,0.1853,0.1972,0.5839,3.6301
60400000,129897461,283010,4,4,0,0,0,0.1941,0.1826,0.1876,0.1818,0.1851,0.1952,0.1749,0.1937,0.1810,0.3345,0.3667,0.1925,0.1844,0.1924,0.1914,0.5859,3.7237
60600000,130089675,283118,4,4,0,0,0,0.2016,0.1797,0.1879,0.1853,0.1966,0.2022,0.1925,0.1952,0.1912,0.3892,0.4214,0.1835,0.1834,0.1926,0.2029,0.5862,3.8913
60800000,130292153,283406,4,4,0,0,1,0.1881,0.1880,0.1951,0.1831,0.1745,0.1981,0.1791,0.1903,0.1936,0.3653,0.3953,0.1845,0.1895,0.1823,0.2191,0.5870,3.8127
61000000,130514290,283599,4,4,0,1,0,0.1903,0.1863,0.1858,0.1886,0.1825,0.1924,0.1719,0.1829,0.1801,0.3398,0.3706,0.1925,0.1803,0.1930,0.2005,0.5866,3.7242
61200000,130707949,283887,4,5,0,1,0,0.1996,0.1817,0.2036,0.1891,0.1993,0.2059,0.1814,0.2046,0.1922,0.3607,0.3964,0.1986,0.1954,0.1947,0.2144,0.5884,3.9059
61400000,130917238,284186,4,5,0,1,2,0.1895,0.1753,0.1868,0.1853,0.1810,0.1839,0.1775,0.1973,0.1941,0.3780,0.4099,0.1843,0.1818,0.1946,0.2100,0.5871,3.8164
61600000,131152907,284498,4,5,0,1,2,0.1939,0.1769,0.1876,0.1840,0.1904,0.1900,0.1773,0.1844,0.1883,0.3555,0.3873,0.1875,0.1759,0.1838,0.2022,0.5879,3.7530
61800000,131371948,284668,3,5,1,0,4,0.1933,0.1834,0.1955,0.1779,0.1865,0.1912,0.1720,0.1852,0.1780,0.3835,0.4138,0.1815,0.1746,0.1979,0.2059,0.5875,3.8077
62000000,131625067,284904,3,5,0,0,0,0.1864,0.1724,0.1856,0.1754,0.1863,0.1901,0.1785,0.1869,0.1857,0.3467,0.3788,0.1852,0.1683,0.1879,0.1995,0.5888,3.7025
62200000,131818488,285122,3,5,0,0,0,0.1933,0.1915,0.1912,0.1947,0.1977,0.1945,0.1851,0.1953,0.1875,0.3738,0.4073,0.1945,0.1928,0.1854,0.1995,0.5915,3.8755
62400000,132072002,285371,3,4,0,0,2,0.1895,0.1740,0.1838,0.1699,0.1853,0.1752,0.1732,0.1840,0.1749,0.3362,0.3690,0.1794,0.1831,0.1849,0.1960,0.5891,3.6477
62600000,132281188,285679,3,4,0,0,0,0.1887,0.1797,0.1936,0.1863,0.1863,0.1871,0.1690,0.1964,0.1910,0.3555,0.3905,0.1857,0.1843,0.1858,0.2011,0.5921,3.7731
62800000,132493761,285931,6,4,1,0,28,0.1992,0.1852,0.2022,0.1768,0.1901,0.1952,0.1751,0.1994,0.1873,0.3470,0.3801,0.1894,0.1855,0.1887,0.2067,0.5899,3.7979
63000000,132705097,286151,6,4,0,0,12,0.1890,0.1791,0.1924,0.1796,0.1818,0.1994,0.1805,0.1947,0.1868,0.3428,0.3791,0.1842,0.2016,0.1936,0.2003,0.5910,3.7760
63200000,132901229,286396,6,4,0,0,28,0.1921,0.1816,0.1890,0.1820,0.1817,0.2085,0.1846,0.1872,0.1849,0.3684,0.3994,0.1856,0.1831,0.1851,0.2070,0.5919,3.8122
63400000,133137159,286575,5,4,0,0,56,0.1868,0.1781,0.1908,0.1855,0.1944,0.1903,0.1728,0.1915,0.1875,0.3267,0.3615,0.1813,0.1830,0.1771,0.1930,0.5913,3.6914
63600000,133342690,286819,5,5,0,1,0,0.1925,0.1840,0.1876,0.1834,0.1823,0.1795,0.1811,0.1976,0.1858,0.3450,0.3766,0.1843,0.1888,0.1924,0.2114,0.5937,3.7660
63800000,133582420,287038,5,5,0,0,0,0.1882,0.1765,0.1869,0.1763,0.1785,0.1932,0.1721,0.1897,0.1815,0.3404,0.3754,0.1870,0.1835,0.1854,0.2133,0.5909,3.7186
64000000,133763003,287247,5,5,0,0,1,0.1894,0.1750,0.1824,0.1805,0.1818,0.1979,0.1829,0.1981,0.1912,0.4153,0.4458,0.1855,0.1958,0.1904,0.2020,0.5920,3.9059
64200000,133970589,287485,4,5,0,0,9,0.2004,0.1822,0.1945,0.1914,0.1995,0.1902,0.1745,0.2016,0.1930,0.3357,0.3689,0.1847,0.1854,0.1940,0.2018,0.5945,3.7924
64400000,134165583,287640,3,5,0,0,0,0.1932,0.1770,0.1904,0.1797,0.1827,0.1973,0.1814,0.1891,0.1939,0.3858,0.4192,0.1909,0.1937,0.1958,0.2186,0.5921,3.8810
64600000,134369576,287812,3,5,0,0,1,0.1896,0.1724,0.1896,0.1835,0.1852,0.2019,0.1770,0.1882,0.1893,0.3738,0.4070,0.1879,0.1847,0.1917,0.1951,0.5955,3.8123
64800000,134556582,287973,3,5,0,0,1,0.2036,0.1887,0.1888,0.1889,0.1926,0.1894,0.1814,0.1966,0.1905,0.3487,0.3829,0.1926,0.1929,0.1916,0.1981,0.5968,3.8241
65000000,134760410,288193,3,5,0,0,0,0.1934,0.1835,0.1911,0.1816,0.1868,0.1926,0.1778,0.1978,0.1847,0.3516,0.3837,0.1824,0.2013,0.1916,0.2028,0.5955,3.7982
65200000,134979224,288408,3,5,0,0,1,0.1941,0.1823,0.1967,0.1863,0.1843,0.1886,0.1838,0.1913,0.1846,0.3418,0.3750,0.1862,0.1797,0.2059,0.2076,0.5963,3.7843
65400000,135187122,288652,4,5,0,0,11,0.1913,0.1859,0.1960,0.1880,0.1858,0.1938,0.1741,0.1800,0.1849,0.3689,0.4016,0.1939,0.1862,0.1950,0.1988,0.5976,3.8219
65600000,135394794,288874,5,5,1,0,1,0.1922,0.1878,0.1922,0.1854,0.1823,0.1893,0.1828,0.1947,0.1929,0.3558,0.3894,0.1863,0.1889,0.1956,0.2022,0.5966,3.8146
65800000,135605585,289092,5,5,0,0,0,0.1909,0.1792,0.1921,0.1795,0.1875,0.1828,0.1937,0.1805,0.1842,0.3279,0.3581,0.1958,0.1873,0.1882,0.1990,0.5986,3.7254
66000000,135826136,289262,5,5,0,0,16,0.1923,0.1783,0.1951,0.1809,0.1833,0.1869,0.1782,0.1913,0.2028,0.3464,0.3794,0.1894,0.1827,0.1901,0.2040,0.5991,3.7803
66200000,136035906,289396,7,5,0,0,5,0.1966,0.1876,0.1900,0.1808,0.1845,0.1975,0.1811,0.1976,0.1850,0.3384,0.3723,0.1990,0.1856,0.1983,0.1968,0.5989,3.7902
66400000,136232608,289585,6,5,0,0,1,0.1883,0.1847,0.1976,0.1745,0.1777,0.1911,0.1710,0.2019,0.1864,0.3594,0.3913,0.1856,0.1847,0.1994,0.2099,0.5985,3.8022
66600000,136430464,289765,9,5,0,0,4,0.1935,0.1774,0.1868,0.1753,0.1854,0.2004,0.1715,0.1958,0.1883,0.3695,0.4053,0.1899,0.1836,0.1889,0.2021,0.5988,3.8125
66800000,136626928,289968,8,5,0,0,18,0.1926,0.1819,0.2017,0.1850,0.1913,0.1987,0.1866,0.1999,0.1920,0.3716,0.4055,0.1854,0.1975,0.1943,0.2081,0.5985,3.8905
67000000,136837759,290169,7,5,0,0,1,0.1971,0.1818,0.1881,0.1862,0.1840,0.1918,0.1785,0.2025,0.1873,0.3438,0.3771,0.1896,0.1903,0.2000,0.2055,0.5987,3.8024
67200000,137050794,290298,11,5,0,0,4,0.1953,0.1966,0.1950,0.1816,0.1896,0.1938,0.1731,0.1853,0.1920,0.3518,0.3868,0.1839,0.1911,0.1955,0.2068,0.5991,3.8173
67400000,137247965,290496,10,5,0,0,43,0.1927,0.1839,0.1968,0.1781,0.1829,0.1949,0.1833,0.1945,0.1871,0.3713,0.4049,0.1856,0.1779,0.2036,0.2046,0.6012,3.8434
67600000,137422136,290747,8,5,0,0,0,0.1953,0.1754,0.1915,0.1813,0.1781,0.1964,0.1743,0.1898,0.1819,0.3958,0.4261,0.1829,0.1993,0.1969,0.2141,0.5999,3.8790
67800000,137626930,290949,8,6,1,1,4,0.1976,0.1736,0.1951,0.1815,0.1926,0.1965,0.1767,0.1926,0.1886,0.3466,0.3805,0.1962,0.1855,0.1974,0.1987,0.6018,3.8016
68000000,137801453,291108,7,6,0,0,3,0.1993,0.1819,0.2036,0.1931,0.1877,0.1970,0.1852,0.2026,0.1966,0.3894,0.4235,0.1991,0.1903,0.2007,0.2042,0.6007,3.9549
68200000,137980122,291239,7,6,2,0,9,0.1957,0.1792,0.1953,0.1869,0.1828,0.1961,0.1863,0.1930,0.1990,0.3802,0.4107,0.1902,0.1824,0.1993,0.2026,0.6021,3.8816
68400000,138166794,291364,8,8,0,0,5,0.1996,0.1778,0.1905,0.1828,0.1938,0.2004,0.1782,0.1978,0.2011,0.3803,0.4144,0.1870,0.1839,0.1941,0.2122,0.6029,3.8968
68600000,138362819,291587,8,8,0,0,4,0.1930,0.1853,0.1896,0.1825,0.1863,0.1938,0.1709,0.1924,0.1896,0.3546,0.3872,0.1841,0.1881,0.1895,0.2092,0.6040,3.8001
68800000,138563463,291745,8,8,0,0,8,0.1894,0.1819,0.2073,0.1751,0.1861,0.1914,0.1873,0.2010,0.1839,0.3587,0.3924,0.1938,0.1964,0.1879,0.2126,0.6024,3.8476
69000000,138769590,291935,9,8,2,0,9,0.1933,0.1818,0.1944,0.1814,0.1836,0.1953,0.1814,0.1958,0.1898,0.3574,0.3918,0.1948,0.1897,0.1995,0.2085,0.6020,3.8404
69200000,138959642,292061,7,8,1,0,8,0.1998,0.1898,0.1865,0.1861,0.1837,0.1982,0.1822,0.1934,0.1883,0.3783,0.4134,0.1987,0.1970,0.1970,0.2203,0.6034,3.9163
69400000,139150727,292289,8,8,0,0,4,0.1966,0.1859,0.1955,0.1805,0.1878,0.1905,0.1786,0.1936,0.1965,0.3660,0.3991,0.1826,0.1972,0.1905,0.2238,0.6050,3.8697
69600000,139338598,292481,7,8,0,0,5,0.2015,0.1869,0.1872,0.1811,0.1853,0.1892,0.1812,0.2076,0.1920,0.3597,0.3932,0.1859,0.1922,0.1969,0.2134,0.6051,3.8585
69800000,139535332,292672,8,8,0,0,5,0.1999,0.1830,0.1955,0.1954,0.1922,0.1944,0.1818,0.1904,0.1898,0.3474,0.3797,0.1864,0.1855,0.1924,0.2199,0.6051,3.8390
70000000,139697385,292874,8,8,1,0,3,0.1993,0.1914,0.2099,0.1909,0.2006,0.2005,0.1845,0.1987,0.1972,0.4012,0.4349,0.1978,0.1974,0.1961,0.2092,0.6052,4.0149
70200000,139923146,292963,9,8,0,1,5,0.1933,0.1779,0.1849,0.1833,0.1828,0.1810,0.1753,0.1848,0.1799,0.3323,0.3657,0.1833,0.1887,0.1899,0.2000,0.6051,3.7083
70400000,140090491,293069,10,8,1,0,5,0.1945,0.1799,0.1958,0.1769,0.1855,0.1882,0.1825,0.1958,0.1911,0.4155,0.4508,0.1923,0.1961,0.1950,0.2071,0.6052,3.9520
70600000,140266181,293212,8,8,0,0,7,0.1961,0.1900,0.1969,0.1884,0.1973,0.1969,0.1737,0.1924,0.1910,0.3817,0.4143,0.1919,0.1958,0.1964,0.2061,0.6060,3.9149
70800000,140474708,293489,9,8,0,0,5,0.2007,0.1776,0.1900,0.1782,0.1862,0.1900,0.1758,0.1906,0.1892,0.3429,0.3777,0.1943,0.1893,0.1945,0.2035,0.6058,3.7862
71000000,140672349,293655,8,8,0,0,0,0.1951,0.1828,0.1895,0.1813,0.1879,0.1982,0.1784,0.2001,0.1979,0.3802,0.4143,0.1896,0.1816,0.1787,0.2121,0.6071,3.8748
71200000,140861226,293915,8,8,0,0,1,0.2027,0.1764,0.1941,0.1816,0.1862,0.1961,0.1878,0.2082,0.1960,0.3751,0.4079,0.1887,0.1847,0.1944,0.2046,0.6071,3.8916
71400000,141022592,294094,8,8,0,0,0,0.1931,0.1975,0.1971,0.1860,0.1887,0.1941,0.1799,0.2060,0.1972,0.3892,0.4213,0.1850,0.2036,0.2071,0.2146,0.6051,3.9657
71600000,141179511,294127,10,8,0,0,4,0.2051,0.1905,0.2003,0.1942,0.1944,0.1972,0.1854,0.2005,0.1981,0.3838,0.4156,0.1952,0.1940,0.2046,0.2311,0.6092,3.9991
71800000,141355015,294335,10,8,0,0,2,0.2023,0.1875,0.1924,0.1925,0.1911,0.1928,0.1836,0.1965,0.1826,0.3535,0.3859,0.1953,0.1897,0.2031,0.2075,0.6100,3.8664
72000000,141553424,294530,10,8,0,0,2,0.1872,0.1813,0.1926,0.1765,0.1761,0.1862,0.1742,0.1953,0.1873,0.3489,0.3837,0.1883,0.1875,0.1971,0.2049,0.6065,3.7735
72200000,141715891,294718,9,8,0,0,2,0.1966,0.1926,0.2043,0.1892,0.1921,0.1986,0.1840,0.2051,0.1931,0.3964,0.4278,0.1933,0.1882,0.2019,0.2042,0.6084,3.9759
72400000,141885150,294821,9,8,0,0,3,0.2029,0.1896,0.2135,0.1852,0.1915,0.1975,0.1874,0.1949,0.1972,0.3769,0.4096,0.1911,0.1887,0.2019,0.2153,0.6095,3.9526
72600000,142049271,294925,8,8,0,0,0,0.1984,0.1891,0.2081,0.1857,0.1865,0.2063,0.1798,0.1960,0.2090,0.3838,0.4183,0.1953,0.1960,0.2038,0.2077,0.6100,3.9735
72800000,142236275,295119,7,8,0,0,1,0.1988,0.1913,0.2019,0.1884,0.1855,0.2078,0.1810,0.1967,0.1894,0.3654,0.4024,0.1875,0.1869,0.1997,0.2130,0.6105,3.9060
73000000,142421024,295285,5,8,1,0,1,0.2070,0.1783,0.2003,0.2028,0.1980,0.1979,0.1848,0.2022,0.2009,0.3647,0.3990,0.2004,0.1977,0.1939,0.2042,0.6104,3.9426
73200000,142603806,295450,6,9,0,0,0,0.1948,0.1917,0.1888,0.1939,0.1900,0.1946,0.1840,0.1968,0.1882,0.3613,0.3982,0.1982,0.1847,0.1927,0.2110,0.6096,3.8786
73400000,142778890,295616,6,9,1,0,4,0.1990,0.1795,0.1962,0.1899,0.1912,0.1969,0.1729,0.1920,0.2019,0.3967,0.4308,0.2051,0.1861,0.1971,0.2260,0.6130,3.9743
73600000,142941441,295786,6,9,0,0,0,0.1949,0.1902,0.2025,0.1861,0.1871,0.2001,0.1893,0.1957,0.2008,0.4002,0.4316,0.1989,0.1879,0.2027,0.2118,0.6111,3.9908
73800000,143127389,295928,6,9,0,0,0,0.1976,0.1807,0.1966,0.1824,0.1832,0.1972,0.1866,0.1981,0.2023,0.3843,0.4201,0.1802,0.1792,0.1998,0.2081,0.6097,3.9060
74000000,143296393,296054,7,9,0,0,0,0.2024,0.1951,0.1957,0.1863,0.1821,0.2106,0.1878,0.1907,0.1916,0.4056,0.4392,0.1910,0.1828,0.1914,0.2240,0.6138,3.9901
74200000,143463711,296225,7,9,0,0,0,0.2093,0.1861,0.2110,0.1968,0.2020,0.2011,0.1788,0.2004,0.1826,0.3786,0.4113,0.1992,0.1773,0.2081,0.2146,0.6136,3.9709
74400000,143669476,296414,7,9,0,0,0,0.1940,0.1860,0.1953,0.1841,0.1862,0.1945,0.1706,0.2044,0.1907,0.3191,0.3516,0.1936,0.1843,0.1913,0.1944,0.6124,3.7525
74600000,143845607,296574,7,9,0,1,0,0.1963,0.1821,0.1929,0.1800,0.1870,0.1935,0.1750,0.1921,0.1933,0.3825,0.4160,0.1886,0.1941,0.1969,0.1975,0.6122,3.8800
74800000,144024068,296767,8,9,0,0,0,0.2026,0.1885,0.1878,0.1976,0.1864,0.1961,0.1802,0.2072,0.1941,0.3728,0.4086,0.1888,0.1896,0.1955,0.2132,0.6126,3.9217
75000000,144200692,296891,8,9,0,0,2,0.1988,0.1943,0.1960,0.1860,0.1858,0.1925,0.1813,0.1962,0.1884,0.3553,0.3914,0.1869,0.1922,0.1968,0.2149,0.6124,3.8692
75200000,144370077,296997,9,9,0,0,4,0.2013,0.2014,0.2034,0.1872,0.1841,0.1901,0.1894,0.2053,0.1970,0.4024,0.4373,0.1943,0.1959,0.2088,0.2181,0.6144,4.0306
75400000,144533697,297112,9,9,0,1,14,0.2028,0.2006,0.2030,0.1929,0.1977,0.2058,0.1884,0.1970,0.2036,0.3884,0.4241,0.1985,0.1918,0.1985,0.2225,0.6121,4.0277
75600000,144697814,297240,11,9,0,2,23,0.1983,0.2000,0.2027,0.1865,0.1936,0.2007,0.1830,0.2162,0.2121,0.3731,0.4088,0.2006,0.1942,0.2002,0.2215,0.6143,4.0058
75800000,144882453,297348,13,9,0,0,4,0.1957,0.1802,0.1947,0.1818,0.1877,0.1938,0.1841,0.1905,0.1884,0.3828,0.4163,0.2046,0.1968,0.1934,0.2104,0.6140,3.9153
76000000,145044498,297482,14,9,0,0,26,0.2041,0.1837,0.2032,0.1834,0.1871,0.1991,0.1842,0.1989,0.1893,0.3811,0.4171,0.1934,0.1958,0.2076,0.2204,0.6168,3.9651
76200000,145243150,297705,16,9,0,1,8,0.1982,0.1887,0.2065,0.1929,0.1899,0.1960,0.1831,0.2090,0.2042,0.3594,0.3929,0.1937,0.1863,0.2061,0.2086,0.6153,3.9307
76400000,145401304,297795,15,9,0,0,10,0.2010,0.1939,0.2034,0.1883,0.1880,0.2029,0.1887,0.2014,0.2037,0.3967,0.4293,0.1922,0.2012,0.1881,0.2211,0.6166,4.0163
76600000,145564774,297968,14,9,0,0,3,0.2007,0.1885,0.1963,0.1894,0.1996,0.1980,0.1857,0.2014,0.1917,0.3829,0.4168,0.1939,0.1942,0.2084,0.2159,0.6157,3.9790
76800000,145770560,298126,13,9,0,0,1,0.1946,0.1878,0.1900,0.1833,0.1932,0.1946,0.1868,0.1994,0.1964,0.3429,0.3787,0.1854,0.1926,0.1944,0.2096,0.6157,3.8455
77000000,145927515,298323,12,9,0,0,0,0.1990,0.1787,0.2029,0.1873,0.1955,0.1993,0.1834,0.1977,0.1933,0.3722,0.4043,0.1928,0.1810,0.2000,0.2218,0.6175,3.9266
77200000,146085473,298454,12,9,1,0,6,0.2003,0.1915,0.1965,0.1957,0.1958,0.2056,0.1929,0.1865,0.1918,0.3710,0.4062,0.2010,0.1842,0.2018,0.2169,0.6167,3.9541
77400000,146247923,298607,13,9,0,0,2,0.1951,0.1911,0.2110,0.1959,0.1981,0.2059,0.1874,0.1965,0.2010,0.3594,0.3934,0.1982,0.2022,0.2220,0.2135,0.6170,3.9876
77600000,146393181,298720,12,9,0,0,8,0.1976,0.1955,0.2138,0.1929,0.1935,0.1907,0.1866,0.1991,0.2007,0.3869,0.4220,0.1974,0.1906,0.2031,0.2138,0.6168,4.0009
77800000,146558409,298893,11,9,0,0,3,0.2010,0.1959,0.1977,0.1875,0.1888,0.1931,0.1791,0.2061,0.1975,0.3565,0.3916,0.1924,0.1828,0.1966,0.2042,0.6172,3.8882
78000000,146729250,299100,11,9,0,0,0,0.1950,0.1943,0.1939,0.1948,0.1998,0.1942,0.1943,0.2003,0.2039,0.3745,0.4098,0.2035,0.1945,0.1984,0.2172,0.6191,3.9876
78200000,146881259,299220,10,9,0,0,1,0.2001,0.1868,0.2017,0.1957,0.1984,0.2046,0.1974,0.2048,0.2047,0.3998,0.4332,0.1980,0.2018,0.2030,0.2135,0.6176,4.0610
78400000,147050924,299346,12,9,0,0,2,0.2006,0.1890,0.2029,0.1874,0.1862,0.1977,0.1737,0.1902,0.1981,0.3735,0.4055,0.1937,0.1820,0.1995,0.2064,0.6187,3.9051
78600000,147229911,299473,12,9,0,2,6,0.2029,0.1734,0.2017,0.1951,0.1898,0.2105,0.1897,0.2003,0.1883,0.3634,0.3984,0.1883,0.1826,0.2056,0.2129,0.6201,3.9230
78800000,147368966,299590,11,9,0,0,3,0.2036,0.1905,0.2059,0.1944,0.1920,0.2001,0.1977,0.2080,0.2080,0.4046,0.4408,0.2070,0.1913,0.2119,0.2306,0.6181,4.1045
79000000,147532147,299712,10,9,0,0,2,0.2049,0.1933,0.2053,0.1970,0.1945,0.1884,0.1831,0.1996,0.1978,0.3639,0.3990,0.1978,0.1959,0.1951,0.2136,0.6193,3.9484
79200000,147703476,299902,12,9,0,0,3,0.1981,0.1828,0.1976,0.1931,0.1911,0.2014,0.1782,0.2062,0.1943,0.3621,0.3964,0.1931,0.1989,0.2023,0.2177,0.6197,3.9329
79400000,147843855,300005,12,9,0,0,0,0.2077,0.1939,0.2161,0.1953,0.2022,0.2074,0.1878,0.2016,0.1977,0.3877,0.4239,0.2069,0.2011,0.2064,0.2203,0.6202,4.0763
79600000,148030663,300109,11,9,0,0,0,0.2020,0.1907,0.2024,0.1898,0.1959,0.1884,0.1882,0.1942,0.1958,0.3554,0.3913,0.1881,0.1852,0.2032,0.2097,0.6216,3.9018
79800000,148163543,300110,11,9,0,0,3,0.2025,0.2056,0.2189,0.1991,0.1988,0.2100,0.1911,0.1976,0.2004,0.4004,0.4328,0.1998,0.1966,0.2059,0.2386,0.6217,4.1199
80000000,148295926,300213,11,9,0,0,10,0.2017,0.1907,0.2095,0.1895,0.1945,0.2066,0.1903,0.1991,0.1948,0.4063,0.4410,0.1928,0.2030,0.2062,0.2303,0.6206,4.0768
80200000,148484120,300396,12,9,0,0,2,0.1931,0.1833,0.2012,0.1827,0.1903,0.1969,0.1802,0.2115,0.1946,0.3927,0.4277,0.1921,0.1827,0.2001,0.2107,0.6216,3.9614
80400000,148645803,300477,13,9,0,0,3,0.1995,0.1870,0.1993,0.1895,0.1862,0.1971,0.1900,0.1854,0.1960,0.3716,0.4062,0.1905,0.1933,0.1954,0.2122,0.6208,3.9201
80600000,148807882,300600,15,9,0,0,1,0.2063,0.1963,0.2010,0.1866,0.1977,0.1909,0.1861,0.1971,0.1877,0.3659,0.3997,0.1928,0.1973,0.2041,0.2205,0.6230,3.9529
80800000,148966730,300645,16,9,1,0,7,0.2000,0.1925,0.2090,0.1892,0.1913,0.2042,0.1896,0.1900,0.2017,0.4094,0.4440,0.2119,0.1997,0.2042,0.2103,0.6188,4.0657
81000000,149131951,300781,16,9,0,1,13,0.1925,0.1896,0.1956,0.1764,0.1899,0.2088,0.1778,0.1945,0.2004,0.3872,0.4212,0.1890,0.1850,0.1994,0.2144,0.6197,3.9414
81200000,149280520,300900,15,9,0,0,19,0.2006,0.1930,0.2014,0.1850,0.1928,0.1998,0.1881,0.2006,0.1977,0.3921,0.4263,0.1993,0.1835,0.2040,0.2204,0.6207,4.0053
81400000,149449701,301164,20,9,1,1,68,0.1967,0.1878,0.2041,0.1864,0.1884,0.2025,0.1863,0.1887,0.1938,0.3387,0.3731,0.2081,0.1979,0.2055,0.2092,0.6245,3.8917
81600000,149598212,301269,21,9,0,1,17,0.2022,0.1864,0.2093,0.1940,0.1925,0.1979,0.1966,0.2034,0.1977,0.4051,0.4380,0.1920,0.1926,0.2049,0.2306,0.6228,4.0660
81800000,149772240,301472,20,9,0,0,7,0.1996,0.1852,0.2052,0.1874,0.1958,0.1962,0.1844,0.2086,0.2024,0.3682,0.4027,0.1977,0.1881,0.1900,0.2160,0.6230,3.9505
82000000,149956778,301544,21,9,0,1,57,0.1980,0.1903,0.1897,0.1820,0.1878,0.2064,0.1727,0.1904,0.2099,0.3823,0.4185,0.1810,0.1910,0.2006,0.2090,0.6236,3.9331
82200000,150088103,301678,20,9,0,0,21,0.2069,0.1997,0.2114,0.1918,0.1980,0.2112,0.1902,0.2074,0.2007,0.3952,0.4297,0.2112,0.2042,0.2079,0.2226,0.6231,4.1114
82400000,150257885,301851,19,9,0,0,21,0.1952,0.1864,0.1992,0.1822,0.1884,0.1865,0.1851,0.2106,0.1948,0.3798,0.4136,0.1988,0.1910,0.1961,0.2099,0.6234,3.9407
82600000,150422684,302090,19,9,0,0,38,0.2024,0.1890,0.2011,0.1986,0.1935,0.2014,0.1831,0.2013,0.2005,0.3432,0.3781,0.2095,0.1992,0.2053,0.2270,0.6244,3.9575
82800000,150563733,302191,20,10,0,0,17,0.2018,0.1894,0.2056,0.1986,0.2022,0.2060,0.1949,0.2041,0.2041,0.3978,0.4353,0.1993,0.2035,0.2077,0.2130,0.6261,4.0895
83000000,150756455,302297,20,10,0,0,0,0.1947,0.1828,0.1982,0.1812,0.1932,0.1925,0.1758,0.1965,0.1943,0.3483,0.3825,0.1942,0.1895,0.1923,0.2021,0.6226,3.8407
83200000,150923788,302482,19,10,2,1,4,0.2004,0.1885,0.1937,0.1848,0.1840,0.2037,0.1845,0.1985,0.1888,0.3767,0.4118,0.1936,0.1911,0.2024,0.2154,0.6245,3.9424
83400000,151059868,302616,18,10,0,0,0,0.2047,0.1953,0.1966,0.1910,0.1907,0.1985,0.2057,0.1989,0.1925,0.3823,0.4184,0.1976,0.1920,0.2113,0.2080,0.6247,4.0084
83600000,151244141,302807,17,10,0,0,4,0.1942,0.1746,0.1919,0.1851,0.1842,0.1902,0.1847,0.1915,0.1950,0.3606,0.3927,0.1863,0.1863,0.1945,0.2045,0.6253,3.8416
83800000,151398219,302931,17,10,0,0,1,0.2024,0.1792,0.2036,0.1814,0.1884,0.1899,0.1922,0.1992,0.1944,0.3969,0.4313,0.1922,0.1933,0.2015,0.2122,0.6266,3.9846
84000000,151558892,302991,16,10,1,0,1,0.2045,0.1864,0.2011,0.1913,0.1985,0.2076,0.1872,0.2025,0.2001,0.3752,0.4075,0.2005,0.1863,0.2098,0.2140,0.6257,3.9982
84200000,151708729,303084,17,11,0,0,1,0.2025,0.2006,0.1959,0.1915,0.1908,0.2060,0.1910,0.2001,0.1920,0.3907,0.4252,0.1978,0.1960,0.1970,0.2117,0.6278,4.0166
84400000,151858181,303301,18,11,1,1,19,0.2058,0.1916,0.1918,0.1972,0.2016,0.1924,0.1797,0.2008,0.1976,0.4111,0.4429,0.1928,0.1887,0.2018,0.2320,0.6277,4.0557
84600000,152025658,303482,17,12,1,0,6,0.1979,0.1869,0.2020,0.1903,0.1885,0.2026,0.1772,0.1863,0.1989,0.3737,0.4073,0.1939,0.1899,0.1964,0.2210,0.6274,3.9401
84800000,152220182,303627,17,12,1,0,5,0.1936,0.1791,0.2026,0.1838,0.1892,0.1942,0.1790,0.2027,0.2042,0.3585,0.3935,0.1866,0.1899,0.1941,0.2020,0.6270,3.8798
85000000,152345417,303735,17,12,0,0,25,0.2150,0.1940,0.2113,0.2025,0.2065,0.2163,0.1933,0.2137,0.2094,0.3850,0.4194,0.2127,0.2018,0.2183,0.2269,0.6272,4.1532
85200000,152472442,303827,17,12,2,0,7,0.2118,0.1987,0.2120,0.1953,0.2030,0.2101,0.2041,0.2096,0.1960,0.3867,0.4192,0.2051,0.2114,0.1996,0.2348,0.6281,4.1254
85400000,152628606,303936,15,12,1,0,5,0.2015,0.1887,0.2025,0.1966,0.1926,0.1928,0.1987,0.1962,0.2121,0.3878,0.4201,0.1906,0.1947,0.2122,0.2123,0.6281,4.0276
85600000,152793255,304040,15,12,4,0,8,0.2053,0.1886,0.1970,0.1916,0.1938,0.2072,0.1976,0.2047,0.1965,0.3703,0.4051,0.1921,0.1902,0.2051,0.2194,0.6286,3.9932
85800000,152931487,304090,16,12,0,0,8,0.2066,0.1927,0.2188,0.1946,0.1949,0.2007,0.1852,0.2029,0.2115,0.4079,0.4415,0.1903,0.2042,0.2177,0.2195,0.6284,4.1176
86000000,153086487,304193,16,12,1,0,6,0.2009,0.2022,0.1971,0.1943,0.1995,0.2053,0.1828,0.2044,0.2019,0.4055,0.4374,0.1943,0.1933,0.2069,0.2165,0.6292,4.0717
86200000,153232351,304270,17,12,1,0,6,0.2076,0.1889,0.1990,0.1949,0.1954,0.2011,0.1847,0.1942,0.1941,0.4037,0.4376,0.1986,0.1937,0.2060,0.2200,0.6290,4.0485
86400000,153392802,304470,21,12,1,0,8,0.2024,0.1956,0.2073,0.1937,0.1967,0.1994,0.1847,0.2028,0.1950,0.3589,0.3925,0.2006,0.1906,0.1899,0.2096,0.6286,3.9483
86600000,153549471,304528,17,12,1,0,4,0.1972,0.1915,0.2132,0.1869,0.1879,0.1938,0.1889,0.1950,0.1948,0.4152,0.4482,0.2041,0.1907,0.1974,0.2188,0.6295,4.0530
86800000,153692203,304632,18,12,1,0,8,0.1975,0.1958,0.1999,0.1873,0.1933,0.2027,0.1706,0.2061,0.1944,0.4150,0.4498,0.1942,0.1971,0.1977,0.2153,0.6296,4.0463
87000000,153851341,304676,18,12,0,0,4,0.2068,0.1976,0.2040,0.1947,0.1972,0.2077,0.1939,0.1888,0.1959,0.3936,0.4266,0.1925,0.1953,0.2045,0.2086,0.6292,4.0368
87200000,153991126,304793,19,13,2,0,9,0.2067,0.1930,0.2112,0.1949,0.1923,0.1957,0.1849,0.2043,0.2044,0.4014,0.4310,0.1998,0.2002,0.2021,0.2102,0.6300,4.0623
87400000,154140852,304914,19,14,0,0,10,0.2020,0.1890,0.1987,0.1859,0.1907,0.2081,0.1899,0.2040,0.1994,0.4069,0.4401,0.1945,0.1919,0.2037,0.2177,0.6307,4.0532
87600000,154298950,305022,18,14,0,0,0,0.2073,0.1931,0.2002,0.1917,0.1944,0.1986,0.1836,0.1961,0.1896,0.3687,0.4006,0.2039,0.1926,0.2051,0.2132,0.6296,3.9682
87800000,154439033,305109,20,15,0,0,5,0.1996,0.2034,0.2053,0.1910,0.1939,0.2041,0.1885,0.1997,0.2058,0.4156,0.4484,0.2002,0.1988,0.2113,0.2249,0.6305,4.1211
88000000,154579943,305211,18,15,0,1,4,0.2005,0.1896,0.2127,0.1908,0.1936,0.1954,0.1905,0.2010,0.2019,0.3993,0.4320,0.1958,0.1900,0.1967,0.2262,0.6272,4.0433
88200000,154717592,305395,18,15,1,0,8,0.2058,0.1922,0.2234,0.1960,0.2006,0.2273,0.1860,0.2170,0.1938,0.3718,0.4051,0.2009,0.2008,0.2151,0.2233,0.6286,4.0877
88400000,154887552,305495,18,15,1,0,8,0.2012,0.1837,0.2023,0.1882,0.1970,0.2012,0.1851,0.1985,0.1955,0.3526,0.3857,0.1902,0.1954,0.1981,0.2016,0.6330,3.9094
88600000,155004979,305620,20,16,2,0,13,0.2052,0.1962,0.2061,0.1976,0.1996,0.2063,0.2005,0.1988,0.2065,0.4080,0.4426,0.2137,0.1975,0.2121,0.2307,0.6313,4.1528
88800000,155147325,305687,21,16,1,0,3,0.1976,0.1906,0.2037,0.1888,0.1912,0.1990,0.1847,0.2055,0.2014,0.4198,0.4525,0.2023,0.1958,0.2169,0.2230,0.6321,4.1050
89000000,155296753,305823,23,17,1,0,9,0.1987,0.1915,0.1984,0.1906,0.1913,0.2074,0.1852,0.1933,0.2001,0.3909,0.4241,0.1916,0.1937,0.2109,0.2225,0.6337,4.0240
89200000,155494906,305884,20,17,3,1,27,0.1946,0.1916,0.1934,0.1835,0.1943,0.1925,0.1763,0.1963,0.1942,0.3452,0.3781,0.1968,0.1860,0.1993,0.1987,0.6301,3.8510
89400000,155612651,305923,20,17,1,0,18,0.2052,0.1985,0.1960,0.1960,0.2029,0.2038,0.1954,0.2080,0.2018,0.4251,0.4564,0.2109,0.2104,0.1987,0.2312,0.6327,4.1728
89600000,155765492,306057,20,16,1,0,8,0.2029,0.1937,0.1992,0.1916,0.1900,0.2011,0.1879,0.1967,0.2011,0.3597,0.3915,0.1902,0.1877,0.2043,0.2147,0.6345,3.9469
89800000,155888079,306176,19,17,3,0,12,0.2086,0.1920,0.2055,0.1992,0.1986,0.1989,0.1961,0.2053,0.1954,0.3902,0.4211,0.2101,0.1908,0.2037,0.2197,0.6322,4.0672
90000000,156029710,306204,20,17,1,0,5,0.1994,0.1889,0.1957,0.1976,0.2020,0.2094,0.1831,0.2076,0.1947,0.3764,0.4098,0.2003,0.1956,0.2177,0.2111,0.6323,4.0215
90200000,156163387,306344,16,17,0,0,7,0.2067,0.1883,0.2021,0.1969,0.1999,0.2077,0.1972,0.2023,0.1990,0.3966,0.4332,0.1949,0.1949,0.2157,0.2138,0.6337,4.0829
90400000,156289813,306408,15,17,0,0,3,0.2096,0.1891,0.2092,0.1969,0.1995,0.2111,0.1790,0.2168,0.2001,0.3981,0.4344,0.2019,0.2029,0.1973,0.2205,0.6327,4.0990
90600000,156453430,306480,15,17,0,0,2,0.1989,0.1778,0.1950,0.1889,0.1901,0.2164,0.1898,0.2012,0.1964,0.3756,0.4101,0.1944,0.1883,0.1915,0.2061,0.6328,3.9533
90800000,156581493,306627,15,18,0,0,2,0.2042,0.2032,0.2274,0.2036,0.1904,0.1926,0.1926,0.1927,0.2131,0.4011,0.4348,0.1942,0.1923,0.2047,0.2190,0.6342,4.0999
91000000,156666167,306692,14,19,0,0,4,0.2109,0.2000,0.2080,0.1988,0.2140,0.2103,0.1964,0.2189,0.2057,0.4370,0.4683,0.2080,0.2032,0.2094,0.2299,0.6336,4.2522
91200000,156790594,306811,14,19,0,0,0,0.2098,0.1865,0.2008,0.2015,0.2033,0.2031,0.1844,0.2086,0.2002,0.3971,0.4320,0.2026,0.1985,0.2011,0.2220,0.6340,4.0853
91400000,156946866,306904,14,19,2,0,4,0.2040,0.1925,0.1969,0.2001,0.1958,0.1974,0.1871,0.1926,0.1979,0.3782,0.4090,0.2035,0.1840,0.2065,0.2166,0.6337,3.9957
91600000,157091971,307020,15,19,1,1,3,0.2082,0.1892,0.2096,0.1940,0.2018,0.2019,0.1786,0.1968,0.1940,0.3645,0.3988,0.2016,0.2036,0.2020,0.2200,0.6338,3.9984
91800000,157239716,307192,15,19,0,0,0,0.2069,0.1986,0.1962,0.1880,0.1938,0.1894,0.1772,0.1910,0.2018,0.3861,0.4214,0.2110,0.2007,0.1991,0.2166,0.6353,4.0132
92000000,157379479,307320,15,19,0,0,2,0.2034,0.1959,0.2130,0.1942,0.2023,0.2043,0.1822,0.1999,0.2105,0.4049,0.4369,0.2037,0.2021,0.2068,0.2160,0.6361,4.1123
92200000,157529976,307382,13,19,0,0,3,0.2102,0.1883,0.2088,0.1935,0.2030,0.2077,0.1944,0.2061,0.2090,0.3934,0.4273,0.1949,0.2003,0.2219,0.2241,0.6340,4.1167
92400000,157684025,307492,13,19,0,0,4,0.2026,0.1964,0.2032,0.1902,0.1924,0.2014,0.1795,0.2036,0.2064,0.3809,0.4157,0.1990,0.1956,0.1972,0.2112,0.6374,4.0126
92600000,157852312,307575,13,19,1,0,12,0.2030,0.1831,0.2077,0.1903,0.1991,0.1950,0.1888,0.2101,0.1952,0.3627,0.3966,0.2033,0.1911,0.2056,0.2201,0.6365,3.9881
92800000,157996392,307715,14,19,1,0,3,0.2086,0.1902,0.2023,0.1985,0.1973,0.1972,0.1827,0.1953,0.2043,0.3698,0.4039,0.1978,0.1940,0.2135,0.2254,0.6370,4.0177
93000000,158147638,307853,15,19,0,0,2,0.1948,0.1909,0.1934,0.1901,0.1998,0.2077,0.1899,0.1930,0.2075,0.4017,0.4359,0.2040,0.1985,0.1912,0.2106,0.6372,4.0463
93200000,158298705,307958,15,19,0,1,0,0.2010,0.1822,0.2148,0.1917,0.1946,0.1937,0.1789,0.1979,0.1983,0.3729,0.4080,0.1951,0.1940,0.1945,0.2028,0.6392,3.9598
93400000,158435361,307972,12,19,0,0,2,0.2002,0.1978,0.2093,0.1952,0.2018,0.2040,0.1949,0.2046,0.1947,0.4268,0.4608,0.1984,0.1962,0.2083,0.2226,0.6365,4.1519
93600000,158586116,308119,12,19,0,0,7,0.2115,0.1959,0.2017,0.1962,0.1945,0.1958,0.1872,0.2039,0.2096,0.3780,0.4112,0.1977,0.2053,0.2148,0.2173,0.6375,4.0579
93800000,158734905,308254,12,19,0,0,0,0.2080,0.1833,0.2097,0.2011,0.1989,0.2076,0.1859,0.2025,0.2039,0.3718,0.4055,0.2018,0.2054,0.2016,0.2341,0.6371,4.0583
94000000,158860193,308339,14,19,1,0,8,0.2031,0.1977,0.2173,0.1997,0.2036,0.2159,0.1950,0.2030,0.2023,0.4279,0.4654,0.2125,0.2024,0.2120,0.2312,0.6387,4.2276
94200000,159011156,308413,14,19,1,0,3,0.2027,0.1870,0.1974,0.1898,0.1973,0.2053,0.1794,0.1974,0.1991,0.3949,0.4306,0.1935,0.1909,0.1948,0.2163,0.6367,4.0133
94400000,159143207,308464,14,19,0,0,2,0.1999,0.1867,0.1954,0.1927,0.1947,0.1982,0.1897,0.2087,0.2118,0.3968,0.4289,0.1989,0.1946,0.2009,0.2243,0.6354,4.0577
94600000,159272297,308549,14,19,0,0,2,0.2073,0.1940,0.2045,0.1951,0.1946,0.1965,0.2031,0.2139,0.1995,0.4003,0.4322,0.2028,0.1920,0.2105,0.2264,0.6382,4.1110
94800000,159397617,308739,14,19,1,0,7,0.2022,0.1892,0.2086,0.1943,0.1946,0.1957,0.1989,0.1983,0.1956,0.3975,0.4346,0.1933,0.1886,0.2005,0.2108,0.6402,4.0430
95000000,159546270,308847,11,19,1,0,4,0.2049,0.1888,0.2141,0.1953,0.2002,0.1958,0.1991,0.2048,0.1969,0.3746,0.4082,0.2018,0.1875,0.2040,0.2208,0.6393,4.0362
95200000,159667432,308969,12,19,0,0,1,0.2145,0.1907,0.2015,0.2137,0.1954,0.2058,0.1847,0.2058,0.2086,0.4031,0.4366,0.2039,0.2036,0.2040,0.2234,0.6393,4.1345
95400000,159810382,309079,12,19,0,0,0,0.2024,0.1964,0.2122,0.1841,0.2019,0.1992,0.1892,0.1965,0.2023,0.3819,0.4189,0.1956,0.1910,0.2084,0.2163,0.6406,4.0369
95600000,159960676,309208,11,19,0,1,2,0.2016,0.2010,0.2034,0.2001,0.1965,0.2012,0.1855,0.2029,0.1942,0.3743,0.4095,0.1986,0.1976,0.2032,0.2114,0.6385,4.0196
95800000,160115393,309342,11,19,0,0,3,0.1975,0.1928,0.2024,0.1827,0.1916,0.2004,0.1850,0.2023,0.1957,0.3826,0.4165,0.1953,0.1863,0.1989,0.2182,0.6383,3.9867
96000000,160227453,309439,12,19,0,0,2,0.2089,0.2032,0.2100,0.1966,0.2030,0.2079,0.1844,0.2058,0.2071,0.4087,0.4403,0.2090,0.2053,0.2068,0.2323,0.6401,4.1693
96200000,160356266,309536,13,19,0,0,0,0.2051,0.1956,0.2085,0.2005,0.1928,0.2003,0.1941,0.2049,0.2160,0.3995,0.4326,0.2029,0.1975,0.2168,0.2150,0.6397,4.1220
96400000,160500640,309618,12,19,1,0,3,0.2100,0.1905,0.2080,0.1902,0.1998,0.2024,0.1784,0.2110,0.2023,0.3822,0.4195,0.2019,0.2005,0.2096,0.2319,0.6395,4.0778
96600000,160637074,309750,12,19,1,0,1,0.2042,0.1915,0.2093,0.1977,0.2014,0.2024,0.1976,0.2046,0.2111,0.3743,0.4089,0.2063,0.2049,0.2033,0.2287,0.6416,4.0878
96800000,160798798,309844,13,19,0,0,1,0.2063,0.1915,0.1970,0.1956,0.1931,0.1927,0.1872,0.1905,0.1915,0.3427,0.3790,0.2045,0.1977,0.2050,0.2159,0.6405,3.9308
97000000,160931951,309971,12,19,0,0,0,0.2034,0.1998,0.1979,0.1961,0.1915,0.2172,0.1909,0.2021,0.1911,0.4077,0.4427,0.2056,0.1953,0.1979,0.2191,0.6415,4.0997
97200000,161066496,310006,13,20,0,1,4,0.2019,0.1962,0.2015,0.1955,0.1990,0.2087,0.1974,0.2024,0.2034,0.3883,0.4197,0.1958,0.1982,0.2013,0.2204,0.6429,4.0724
97400000,161193356,310137,12,20,0,0,1,0.2151,0.1975,0.2021,0.1941,0.1909,0.2117,0.1981,0.2007,0.2069,0.3856,0.4191,0.2061,0.2006,0.2047,0.2265,0.6411,4.1010
97600000,161309621,310249,12,20,0,0,0,0.2089,0.1906,0.1997,0.1986,0.1990,0.1971,0.1826,0.2097,0.2097,0.3852,0.4185,0.1935,0.1996,0.2065,0.2167,0.6401,4.0560
97800000,161440256,310396,12,20,0,0,0,0.2077,0.1884,0.2071,0.1963,0.1941,0.1978,0.2027,0.1977,0.2032,0.3751,0.4110,0.2066,0.2011,0.2096,0.2187,0.6428,4.0601
98000000,161606910,310503,12,20,0,0,2,0.2128,0.1928,0.1949,0.2032,0.1912,0.2103,0.1846,0.1982,0.2016,0.3552,0.3923,0.1916,0.1967,0.2020,0.2220,0.6423,3.9916
98200000,161742478,310503,12,20,0,0,0,0.2012,0.1869,0.2075,0.1923,0.1926,0.2069,0.1848,0.2022,0.1979,0.3857,0.4185,0.2003,0.2025,0.1997,0.2035,0.6418,4.0242
98400000,161890166,310555,12,20,0,0,1,0.2056,0.1956,0.2026,0.1901,0.1894,0.1904,0.1811,0.2025,0.1998,0.3656,0.3989,0.2040,0.1968,0.2028,0.2201,0.6427,3.9878
98600000,161981503,310653,13,20,0,0,2,0.2196,0.2019,0.2201,0.2009,0.2054,0.2124,0.1988,0.2017,0.2216,0.4313,0.4622,0.2119,0.2022,0.2105,0.2366,0.6423,4.2793
98800000,162130602,310741,13,20,0,0,0,0.2034,0.1998,0.2111,0.1917,0.1894,0.2073,0.1905,0.1991,0.1967,0.4051,0.4421,0.2039,0.1951,0.2059,0.2206,0.6431,4.1047
99000000,162247386,310815,14,20,0,0,4,0.2081,0.1960,0.2051,0.1908,0.1961,0.2066,0.1900,0.2156,0.2138,0.3990,0.4323,0.2022,0.2047,0.2155,0.2429,0.6422,4.1609
99200000,162395576,310907,15,20,0,0,1,0.2090,0.1910,0.1970,0.1944,0.1976,0.2037,0.1816,0.1935,0.2078,0.3583,0.3916,0.2002,0.1968,0.2018,0.2123,0.6434,3.9802
99400000,162520290,311001,14,20,0,0,1,0.2131,0.1877,0.1941,0.1895,0.2036,0.1995,0.1887,0.2016,0.2041,0.3956,0.4291,0.1976,0.1934,0.2044,0.2165,0.6427,4.0612
99600000,162633796,311088,14,20,0,1,0,0.2028,0.1913,0.1985,0.2039,0.2066,0.2093,0.1957,0.2119,0.2060,0.4182,0.4526,0.1933,0.1983,0.2138,0.2272,0.6440,4.1734
99800000,162769955,311092,14,20,0,0,0,0.2061,0.1940,0.2149,0.2021,0.1944,0.2115,0.1940,0.2190,0.2107,0.3780,0.4138,0.1991,0.2066,0.2119,0.2105,0.6433,4.1098
100000000,162908400,311182,14,20,0,0,2,0.2044,0.2040,0.1995,0.1938,0.2040,0.2075,0.1900,0.1981,0.2062,0.3757,0.4100,0.2011,0.2015,0.1957,0.2316,0.6452,4.0683

real	0m18.005s
user	0m17.842s
sys	0m0.104s
