200000,4852415,9248,0,1,0,0,0,0.0219,0.0282,0.0248,0.0222,0.0258,0.0319,0.0248,0.0310,0.0267,0.1117,0.1114,0.0282,0.0272,0.0246,0.0282,0.0122,0.5807
400000,9232372,19238,0,1,0,0,0,0.0215,0.0271,0.0323,0.0242,0.0244,0.0290,0.0293,0.0321,0.0315,0.1147,0.1147,0.0308,0.0277,0.0296,0.0319,0.0187,0.6196
600000,13513979,29683,0,2,0,0,0,0.0591,0.0631,0.0729,0.0662,0.0681,0.0705,0.0714,0.0748,0.0728,0.2585,0.2598,0.0697,0.0754,0.0708,0.1343,0.0605,1.5480
800000,17396216,39809,0,2,0,0,0,0.0737,0.0891,0.0844,0.0787,0.0815,0.0931,0.0916,0.0887,0.0875,0.5580,0.5624,0.0836,0.0867,0.0896,0.0950,0.0832,2.3268
1000000,21243033,49613,0,2,0,0,0,0.0422,0.0478,0.0525,0.0432,0.0460,0.0500,0.0471,0.0507,0.0484,0.1549,0.1567,0.0495,0.0503,0.0481,0.0517,0.0528,0.9920
1200000,24870989,59115,0,2,0,0,0,0.0320,0.0327,0.0695,0.0328,0.0319,0.0373,0.0361,0.0345,0.0670,0.2093,0.1078,0.0353,0.0701,0.0354,0.0681,0.0428,0.9428
1400000,28375644,68302,0,2,0,0,0,0.1019,0.1098,0.3201,0.1979,0.2058,0.1174,0.1166,0.2213,0.3100,0.9466,0.6594,0.1175,0.1131,0.1146,0.1162,0.1439,3.9120
1600000,31688359,76967,1,3,0,0,1,0.0551,0.0587,0.0595,0.0547,0.0589,0.0590,0.0564,0.1722,0.0612,0.6389,0.4970,0.0596,0.0596,0.0605,0.0607,0.0811,2.0934
[EVENT] Viable replicators have appeared!
1800000,34978245,85526,1,3,0,0,0,0.1164,0.1232,0.1374,0.1241,0.1252,0.1279,0.1251,0.1314,0.1329,1.5853,1.3146,0.1309,0.2489,0.1303,0.1277,0.1810,4.8621
2000000,38192304,93684,2,3,1,0,0,0.1208,0.1286,0.1323,0.2500,0.2548,0.1353,0.2540,0.1360,0.2604,1.9415,0.3343,0.1309,0.3863,0.1287,0.1356,0.1960,4.9255
2200000,41285462,101581,3,4,2,1,10,0.1308,0.1306,0.1416,0.3701,0.1379,0.1457,0.1320,0.1392,0.1362,0.3645,0.3739,0.1358,0.1375,0.1365,0.1473,0.2109,2.9706
2400000,44260445,109188,4,4,0,0,0,0.1384,0.2749,0.2890,0.5131,0.2800,0.1498,0.1408,0.1535,0.1466,0.7320,0.7533,0.1460,0.2850,0.1481,0.1510,0.2243,4.5257
2600000,47238916,116722,3,4,0,1,2,0.0717,0.0735,0.0784,0.0714,0.0746,0.0783,0.0700,0.0804,0.0768,0.1827,0.1885,0.0757,0.0731,0.0768,0.0770,0.1210,1.4698
2800000,50133288,123986,3,3,0,1,6,0.1500,0.1512,0.1541,0.1442,0.1514,0.1566,0.1516,0.1612,0.1604,0.3578,0.3704,0.1577,0.1522,0.1575,0.1567,0.2526,2.9854
3000000,52951879,131026,5,3,0,0,0,0.1512,0.1540,0.1591,0.1516,0.1529,0.1631,0.1513,0.1622,0.1573,0.3589,0.3707,0.1585,0.1538,0.1556,0.1548,0.5133,3.2681
3200000,55656565,137602,4,3,1,1,7,0.1583,0.1600,0.1693,0.1591,0.1605,0.1647,0.1562,0.1706,0.1728,0.3732,0.3852,0.1612,0.1594,0.1655,0.1635,0.2783,3.1578
3400000,58353011,144140,6,3,0,1,8,0.1638,0.1580,0.1692,0.1620,0.1703,0.3311,0.3204,0.1642,0.1685,0.7415,0.7678,0.3242,0.1648,0.1660,0.1633,0.2889,4.4242
3600000,60951630,150478,5,3,0,0,2,0.1669,0.1642,0.0898,0.0828,0.0896,0.0902,0.0829,0.0894,0.0875,0.1927,0.2002,0.0872,0.0869,0.1699,0.1699,0.1506,2.0009
3800000,63508222,156323,5,3,1,0,10,0.1698,0.1689,0.1771,0.1668,0.1734,0.1767,0.1724,0.1738,0.1739,0.3780,0.3938,0.1714,0.3489,0.1832,0.1768,0.3101,3.5150
4000000,65993492,162133,5,3,0,3,7,0.1739,0.1731,0.1834,0.3371,0.3470,0.3607,0.3426,0.3591,0.3536,0.7626,0.3996,0.1776,0.5322,0.3603,0.1832,0.3202,5.3660
4200000,68353489,167620,3,3,0,2,7,0.0910,0.0877,0.0919,0.0878,0.0909,0.2748,0.2576,0.0950,0.0960,0.2057,0.2139,0.1812,0.0918,0.0926,0.1874,0.1668,2.3123
4400000,70740796,173174,4,3,0,0,2,0.1806,0.1803,0.1904,0.1743,0.1813,0.1850,0.1784,0.1882,0.1811,0.3834,0.4003,0.1860,0.1814,0.1843,0.1844,0.3387,3.4979
4600000,73099745,178362,4,3,0,0,5,0.1831,0.1836,0.1987,0.1770,0.1878,0.1930,0.1843,0.3787,0.1918,0.3922,0.4088,0.1847,0.1851,0.1872,0.1880,0.6867,4.1108
4800000,75374797,183297,4,3,0,0,2,0.1863,0.3741,0.1973,0.1859,0.1879,0.1934,0.1825,0.1995,0.1941,0.7894,0.8254,0.1938,0.1916,0.1929,0.1891,0.3568,4.6400
5000000,77661259,188319,5,3,0,0,17,0.1931,0.1879,0.1979,0.1844,0.1941,0.1957,0.1860,0.1994,0.1982,0.3894,0.4102,0.1895,0.1893,0.1957,0.1950,0.3642,3.6702
5200000,79877884,193035,4,3,0,0,12,0.3896,0.3787,0.2031,0.3748,0.3846,0.1915,0.3720,0.3964,0.3944,0.7901,0.4167,0.1980,0.1919,0.1970,0.1940,0.3741,5.4469
5400000,82018333,197528,3,3,0,0,8,0.2917,0.0966,0.2048,0.0956,0.0983,0.0993,0.2810,0.2993,0.0976,0.2007,0.2112,0.0985,0.0980,0.1989,0.1929,0.1913,2.7554
5600000,84201724,201932,3,3,0,0,2,0.0673,0.0638,0.2045,0.0655,0.0660,0.0695,0.2512,0.0678,0.1320,0.2678,0.1415,0.0663,0.0653,0.0674,0.0673,0.2567,1.9198
5800000,86240203,206184,4,3,0,0,2,0.0516,0.0496,0.0523,0.0507,0.1005,0.0520,0.0495,0.0531,0.1516,0.3079,0.2191,0.0513,0.0510,0.0509,0.1021,0.0998,1.4932
6000000,88264503,210112,5,4,1,2,2,0.4123,0.2035,0.4211,0.4013,0.6037,0.4114,0.3939,0.2071,0.8217,1.6452,1.3104,0.4092,0.2027,0.4105,0.6143,0.8053,9.2736
6200000,90300532,214081,6,4,0,0,5,0.2064,0.1975,0.2056,0.2016,0.2032,0.2033,0.1998,0.2135,0.2085,0.4145,0.4388,0.2015,0.2045,0.2061,0.2125,0.4084,3.9257
6400000,92212063,217721,6,4,0,0,4,0.2125,0.2039,0.2141,0.2020,0.2093,0.2094,0.2079,0.4326,0.4254,0.8459,0.8930,0.4140,0.4102,0.4135,0.2124,0.8222,6.3282
6600000,94184817,221457,8,4,0,0,6,0.2105,0.2042,0.2163,0.2001,0.2071,0.1061,0.0989,0.1045,0.1044,0.6331,0.2165,0.1013,0.0982,0.1031,0.2128,0.2077,3.0247
6800000,96136749,224979,7,4,0,0,29,0.2131,0.2047,0.2149,0.2061,0.2105,0.4317,0.2034,0.2101,0.2197,1.6537,0.8509,0.2099,0.2124,0.4187,0.2150,0.4277,6.1024
7000000,97981229,228389,5,4,0,1,1,0.2167,0.2118,0.2219,0.2078,0.2110,0.2216,0.4081,0.2190,0.2222,2.0786,1.3013,0.2184,0.2175,0.6408,0.2156,0.4316,7.2437
7200000,99832118,231676,9,4,1,1,44,0.2211,0.2068,0.4338,0.4123,0.2131,0.4402,0.2052,0.2198,0.2226,2.4565,1.7192,0.4331,0.2142,0.8541,0.2191,0.4379,8.9090
7400000,101658123,234855,7,5,1,0,59,0.1075,0.1053,0.1108,0.1038,0.1056,0.1114,0.1030,0.1089,0.1104,0.2086,0.2216,0.1094,0.1040,0.1088,0.1084,0.4402,2.2677
7600000,103459325,237900,5,6,0,0,1,0.4325,0.2160,0.4405,0.2070,0.2157,0.2244,0.4142,0.4352,0.4415,0.4286,0.8964,0.2151,0.4280,0.2238,0.4398,1.3267,6.9856
7800000,105182180,240699,4,6,0,1,6,0.2224,0.2103,0.2249,0.2099,0.2195,0.2320,0.2053,0.2319,0.6658,0.4568,1.3801,0.2221,0.2200,0.2224,0.2199,1.7818,6.9251
8000000,106934604,243527,4,6,0,0,0,0.2220,0.4310,0.4504,0.4204,0.2228,0.2190,0.4153,0.4635,0.9004,0.8978,1.8587,0.4496,0.4443,0.4510,0.2232,2.2610,10.3303
8200000,108688689,246240,5,6,0,0,0,0.2233,0.2145,0.6764,0.2109,0.2165,0.2273,0.2194,0.2286,1.1194,1.3310,2.3146,0.6707,0.2218,0.6671,0.4534,0.4608,9.4556
8400000,110377192,248990,8,6,1,1,2,0.2274,0.2172,0.8999,0.4269,0.4386,0.2344,0.2099,0.2308,0.2272,1.7737,2.7719,0.2219,0.4505,0.2262,0.2241,0.4658,9.2463
8600000,112021261,251586,6,6,1,1,23,0.2254,0.4384,1.1353,0.2174,0.6607,0.2282,0.2159,0.2353,0.2268,2.2167,3.2431,0.4433,0.2254,0.4504,0.2274,0.9351,11.3246
8800000,113615769,254059,5,6,0,0,5,0.2297,0.3294,0.1167,0.1120,0.1101,0.1181,0.1093,0.1171,0.1173,0.2226,0.2360,0.3371,0.2247,0.1136,0.1126,0.7054,3.3118
9000000,115266202,256636,7,6,0,0,7,0.2257,0.2243,0.2316,0.2188,0.4381,0.4708,0.2158,0.2380,0.2280,0.4516,0.4788,0.2372,0.2251,0.2324,0.4570,0.4786,5.0518
9200000,116808038,258901,8,6,1,0,6,0.2302,0.1126,0.1141,0.1111,0.3325,0.1177,0.2178,0.1172,0.2281,0.2197,0.2317,0.1154,0.2245,0.1157,0.1139,0.4807,3.0830
9400000,118425403,261246,13,6,3,0,45,0.2309,0.2216,0.4602,0.2246,0.2226,0.4683,0.2240,0.2336,0.2350,0.4631,0.4889,0.2292,0.2293,0.2323,0.4594,0.4861,5.1090
9600000,119950925,263415,12,6,3,2,73,0.1185,0.1138,0.1163,0.1136,0.1172,0.1213,0.1132,0.1179,0.1241,0.4651,0.2488,0.2287,0.1155,0.1165,0.3411,0.4883,3.0599
9800000,121428248,265580,13,6,0,0,20,0.2363,0.2302,0.2382,0.2271,0.2300,0.2384,0.2182,0.2406,0.2345,0.4869,1.0190,0.7053,0.2307,0.2346,0.2312,1.4911,6.4923
10000000,122906843,267797,16,6,3,0,69,0.2354,0.2236,0.2313,0.2259,0.2279,0.2347,0.2197,0.2390,0.4589,0.4779,0.5074,0.9218,0.2329,0.2406,0.2480,0.4966,5.4214
10200000,124376553,269793,15,7,2,0,63,0.1161,0.1119,0.1206,0.1138,0.1158,0.1214,0.1137,0.1195,0.1175,0.2339,0.2474,0.1179,0.1170,0.1173,0.1213,0.2501,2.2551
10400000,125800962,271717,13,7,2,0,50,0.2386,0.2316,0.2438,0.2237,0.2353,0.2421,0.4538,0.2464,0.4801,0.9488,1.0028,0.2344,0.2323,0.4739,0.2367,0.5046,6.2289
10600000,127187247,273509,11,7,2,0,109,0.4785,0.4666,0.4867,0.4529,0.4713,0.2467,0.6841,0.4886,0.7216,1.4062,1.4880,0.4790,0.4635,0.2368,0.4684,0.5055,9.5442
10800000,128655053,275458,11,8,0,0,97,0.2376,0.2296,0.2385,0.2286,0.2314,0.2337,0.2251,0.2371,0.2464,0.4569,0.4847,0.2450,0.6908,0.2420,0.2330,1.0116,5.4721
11000000,130091233,277245,13,8,0,1,43,0.2412,0.2297,0.2410,0.2362,0.2352,0.2393,0.2318,0.2449,0.2420,0.9085,0.9639,0.2378,0.2338,0.2435,0.2391,0.5121,5.4801
11200000,131466843,279026,15,8,0,1,25,0.2377,0.2328,0.2410,0.4677,0.4716,0.2418,0.2284,0.2398,0.4833,0.5040,0.5303,0.4769,0.2368,0.4833,0.2458,0.5149,5.8363
11400000,132838290,280669,13,9,1,0,19,0.2443,0.4725,0.2458,0.2344,0.2332,0.4992,0.2258,0.2403,0.2387,0.9781,1.0349,0.7454,0.2411,0.7490,0.2468,1.0542,7.6836
11600000,134256586,282405,14,8,2,1,23,0.1196,0.3516,0.1212,0.1179,0.1164,0.1209,0.1170,0.1218,0.1196,0.2260,0.2404,0.1217,0.1193,0.1206,0.2410,0.2622,2.6373
11800000,135703775,284141,15,8,0,1,36,0.4728,0.2359,0.2411,0.2337,0.2359,0.2456,0.2246,0.2448,0.2406,0.4539,0.4860,0.2477,0.2327,0.2392,0.2515,1.0340,5.3201
12000000,137022175,285877,15,9,2,3,42,0.2443,0.2402,0.4862,0.2338,0.2363,0.2465,0.2314,0.2463,0.2396,0.9376,0.9972,0.2463,0.2351,0.4838,0.2476,0.5273,6.0796
12200000,138352358,287556,11,9,0,1,11,0.2449,0.2351,0.2525,0.4661,0.2375,0.2516,0.2368,0.2468,0.2420,0.4682,0.4975,0.2450,0.4737,0.2474,0.4887,1.0523,5.8858
12400000,139696919,289041,10,8,0,0,72,0.2435,0.2336,0.2456,0.6996,0.2412,0.4996,0.4675,0.2477,0.2413,0.9586,0.5168,0.4861,0.2358,0.4940,0.7328,1.5834,8.1271
12600000,140914078,290406,14,8,1,0,37,0.4918,0.4676,0.2527,0.2428,0.4809,0.2597,0.7015,0.2567,0.4879,1.4446,1.0343,0.7268,0.4785,0.2506,0.2609,2.1047,9.9424
12800000,142190805,291971,17,10,2,1,73,0.2478,0.2365,0.4979,0.4784,0.7228,0.2477,0.9362,0.2481,0.2462,1.9494,1.5656,0.9744,0.2459,0.2401,0.2486,2.6542,11.7398
13000000,143521329,293420,18,11,4,0,111,0.2428,0.4801,0.2486,0.2312,0.9792,0.2519,0.2290,0.2468,0.2406,2.4635,2.1002,0.2425,0.2409,0.2483,0.2440,0.5403,9.2298
13200000,144739547,294717,21,13,3,0,84,0.4985,0.2416,0.2503,0.2360,0.2363,0.2515,0.2369,0.5053,0.2474,0.4735,0.5000,0.2434,0.2405,0.2437,0.2533,1.0851,5.7434
13400000,145938765,296058,24,17,2,1,101,0.7350,0.4745,0.2477,0.2380,0.2469,0.2559,0.2401,0.7481,0.2509,0.4893,1.0044,0.2476,0.2459,0.2490,0.4975,0.5441,6.7148
13600000,147189885,297228,21,18,7,1,203,1.0010,0.7252,0.2502,0.4774,0.4950,0.5157,0.2356,0.2491,0.2516,0.4629,0.4910,0.2468,0.4983,0.5132,0.2481,0.5454,7.2064
13800000,148433647,298512,19,18,5,0,81,1.2413,0.9669,0.2535,0.2388,0.7368,0.2510,0.2328,0.2428,0.4952,0.4893,0.5190,0.4903,0.7394,0.2492,0.2452,0.5474,7.9389
14000000,149621255,299714,19,20,3,0,72,0.2532,1.2046,0.2498,0.2466,0.2423,0.2584,0.2353,0.2555,0.2474,0.4963,0.5259,0.2520,0.2425,0.2530,0.4970,0.5491,6.0087
14200000,150806200,300981,22,21,4,0,99,0.2528,0.2414,0.2507,0.2390,0.2465,0.2500,0.2340,0.2576,0.2538,0.9924,1.0523,0.2449,0.2463,0.2563,0.2508,0.5532,5.8221
14400000,151949291,302196,17,21,0,2,28,0.5031,0.4798,0.5042,0.2416,0.4905,0.5064,0.2356,0.5102,0.2546,1.4732,0.5283,0.4967,0.4925,0.2513,0.5024,0.5543,8.0246
14600000,153057731,303302,14,21,0,0,26,0.3780,0.1237,0.3811,0.2434,0.3686,0.3850,0.2393,0.3800,0.2549,0.2467,0.5258,0.1254,0.1239,0.1283,0.3827,0.2779,4.5648
14800000,154142893,304370,16,21,0,1,25,0.2527,0.4989,1.0255,0.2515,0.2478,1.0346,0.2446,0.2566,0.2590,0.9944,1.5878,0.2461,0.2542,0.2521,0.2534,1.1190,8.7781
15000000,155317826,305463,15,21,1,0,0,0.5101,0.2486,0.2533,0.2440,0.4930,0.2529,0.2341,0.5200,0.2457,1.5041,2.1382,0.2513,0.5110,0.5052,0.5109,0.5578,8.9801
15200000,156440328,306496,13,21,2,1,3,0.2492,0.2419,0.2509,0.2431,0.2443,0.2501,0.2391,0.2513,0.2484,0.4995,0.5294,0.2474,0.2484,0.2493,0.2555,0.5639,4.8116
15400000,157497849,307393,17,21,0,0,29,0.2536,0.2416,0.2530,0.2447,0.2487,0.2581,0.2443,0.2590,0.2563,0.5134,0.5425,0.2562,0.2577,0.5049,0.5135,0.5610,5.4084
15600000,158624866,308362,19,21,1,0,92,0.2546,0.2409,0.2501,0.2417,0.2496,0.2605,0.2433,0.2513,0.2515,0.4811,0.5116,0.2471,0.2437,0.2536,0.2455,0.5632,4.7892
15800000,159683236,309350,15,21,3,0,82,0.1278,0.1226,0.1306,0.1231,0.1222,0.1350,0.1222,0.1306,0.1272,0.2580,0.2721,0.1264,0.1254,0.1271,0.1285,0.5647,2.7434
16000000,160776658,310337,16,21,1,0,105,0.0829,0.0792,0.0840,0.0795,0.0811,0.0869,0.0773,0.0837,0.0835,0.1692,0.1790,0.0822,0.0821,0.1670,0.0841,0.1861,1.6878
16200000,161905825,311173,14,21,0,2,40,0.0654,0.0616,0.0637,0.0621,0.0623,0.0637,0.0608,0.0640,0.0644,0.1191,0.1265,0.1245,0.0621,0.0657,0.0640,0.2824,1.4123
16400000,162936530,312002,12,21,0,2,82,0.0501,0.0494,0.0506,0.0483,0.0489,0.0513,0.0975,0.0517,0.0511,0.0986,0.1045,0.0513,0.0495,0.0510,0.0504,0.3394,1.2433
16600000,163952670,312894,10,21,0,0,85,0.5060,0.4931,0.5091,0.4835,0.2442,0.5154,0.7277,0.5145,0.5095,0.5160,1.0611,0.5076,0.4959,0.5105,0.5109,0.5707,8.6756
16800000,165016180,313572,11,21,0,0,16,0.2587,0.2468,0.7639,0.2430,0.2490,0.2613,0.2434,0.2577,0.2634,0.4857,0.5140,0.2452,0.2473,0.2577,0.7625,1.1363,6.4357
17000000,166036528,314375,20,21,4,2,93,0.2589,0.2519,1.0425,0.4929,0.5036,0.2531,0.2381,0.5243,0.5309,0.9957,0.5279,0.2543,0.5040,0.2666,0.2596,1.7344,8.6385
17200000,166972947,315217,21,21,2,1,119,0.5134,0.2537,0.2718,0.2482,0.7486,0.2657,0.2512,0.2698,0.2619,0.5164,0.5445,0.2545,0.2582,0.2618,0.5113,0.5756,6.0069
17400000,167949866,316132,19,21,2,3,200,0.3869,0.1248,0.1300,0.1252,0.1245,0.1271,0.1211,0.2678,0.2617,0.5088,0.5370,0.1296,0.1204,0.1278,0.1279,0.5761,3.7967
17600000,168923354,316970,18,21,1,3,179,0.0882,0.1660,0.0877,0.0842,0.0858,0.0903,0.0831,0.2641,0.0872,0.1688,0.1785,0.0858,0.0862,0.1737,0.1739,0.1944,2.0978
17800000,169922462,317826,18,21,0,2,11,0.2604,0.2501,0.5210,0.2492,0.5097,0.2617,0.2439,0.2596,0.5241,0.5051,0.5358,0.2532,0.5184,0.7872,0.2734,0.5793,6.5320
18000000,170813308,318265,21,21,0,1,28,0.1312,0.1240,0.1317,0.1244,0.3817,0.1360,0.1258,0.1333,0.1303,0.2563,0.2715,0.1279,0.1326,0.5246,0.2691,0.2902,3.2906
18200000,171790345,318866,15,21,0,1,16,0.0859,0.0811,0.0833,0.0816,0.0834,0.0876,0.0797,0.0856,0.0871,0.1653,0.1753,0.0848,0.0833,0.0858,0.0855,0.3864,1.8218
18400000,172752430,319581,16,21,1,2,65,0.0649,0.0638,0.0664,0.0623,0.0632,0.0661,0.0627,0.0640,0.0638,0.1272,0.1343,0.0657,0.0646,0.0658,0.0647,0.1460,1.2453
18600000,173705417,320226,15,21,1,1,7,0.5179,0.2479,0.2645,0.2477,0.2543,0.5330,0.2450,0.5095,0.2589,0.5206,0.5496,0.2623,0.5065,0.5185,0.2612,0.5828,6.2802
18800000,174621299,320800,13,21,0,1,4,0.1319,0.1246,0.1319,0.1267,0.1269,0.1286,0.1244,0.1304,0.1331,0.2548,0.2704,0.1285,0.1257,0.1280,0.1282,0.2892,2.4834
19000000,175560839,321492,14,8,1,1,32,0.0912,0.0863,0.0913,0.0861,0.0860,0.0933,0.1665,0.0898,0.0908,0.1627,0.1728,0.0869,0.0893,0.0906,0.0881,0.1973,1.7689
19200000,176545757,322197,15,8,0,1,10,0.2676,0.2505,0.5384,0.2516,0.5055,0.2597,0.2435,0.2658,0.2615,0.4960,0.5260,0.2516,0.5288,0.2578,0.2611,1.1740,6.3394
19400000,177441736,322863,12,7,2,1,90,0.2668,0.2491,0.2705,0.2530,0.2544,0.2591,0.2525,0.2688,0.2617,0.5035,0.5355,0.2590,0.2595,0.2624,0.2619,0.5863,5.0039
19600000,178388893,323467,12,7,0,2,12,0.5326,0.5013,0.2634,0.2489,0.5143,0.5334,0.2581,0.5434,0.2607,0.5229,1.1010,0.5189,0.5227,0.2541,0.5334,0.5893,7.6983
19800000,179306126,324140,14,8,2,1,97,0.2602,0.2450,0.2574,0.2507,0.2547,0.2697,0.2499,0.2601,0.2652,0.5063,0.5377,0.2555,0.2490,0.2627,0.2616,0.5904,4.9760
20000000,180172220,324783,13,9,0,1,15,0.1304,0.1272,0.1316,0.1284,0.1243,0.2670,0.1226,0.1331,0.1330,0.2582,0.2729,0.1338,0.2521,0.1304,0.2642,0.2928,2.9020
20200000,181097605,325381,13,8,0,0,45,0.0900,0.0850,0.0911,0.0835,0.0847,0.0882,0.0849,0.0886,0.0909,0.3452,0.3648,0.0878,0.0865,0.0869,0.0864,0.3937,2.2380
20400000,181946210,325966,13,7,1,0,21,0.2653,0.2502,0.2792,0.2549,0.2593,0.2633,0.2520,0.2683,0.2642,0.5173,0.5466,0.2610,0.2648,0.2665,0.2689,0.5915,5.0731
20600000,182829181,326483,12,7,1,1,17,0.2650,0.1286,0.1333,0.1260,0.1285,0.1337,0.1234,0.1336,0.1302,0.2521,0.2664,0.1291,0.1266,0.1326,0.1323,0.5928,2.9340
20800000,183722068,327111,18,21,0,1,7,0.2578,0.5118,0.2677,0.2515,0.2534,0.2685,0.2485,0.2637,0.2677,1.0332,1.0931,0.2639,0.2609,0.2610,0.5274,1.7820,7.8123
21000000,184602276,327721,19,21,3,1,17,0.5219,0.2592,0.2706,0.2563,0.2587,0.2754,0.2430,0.2641,0.2638,0.4961,0.5272,0.2664,0.2620,0.5283,0.2707,0.5946,5.5585
21200000,185457614,328198,20,21,5,4,36,0.1353,0.1260,0.1355,0.1266,0.1263,0.1338,0.1237,0.1329,0.1346,0.2582,0.2729,0.1298,0.1343,0.1351,0.1373,0.2993,2.5414
21400000,186248830,328742,22,21,4,3,94,0.0890,0.0859,0.0867,0.0839,0.0845,0.0891,0.0861,0.0900,0.0872,0.1811,0.1910,0.0880,0.0868,0.0907,0.0916,0.3984,1.9097
21600000,187084387,329311,21,21,1,0,16,0.2696,0.2576,0.2653,0.2518,0.2577,0.2751,0.2553,0.2755,0.2692,0.5136,0.5434,0.2638,0.2599,0.2605,0.2618,0.5990,5.0791
21800000,187946996,329840,23,21,2,2,188,0.2651,0.2541,0.2681,0.5038,0.5091,0.5435,0.4965,0.2675,0.2717,1.0329,1.0955,0.2588,0.2578,0.2622,0.2669,0.5978,7.1512
22000000,188748452,330210,16,9,4,2,137,0.2678,0.2624,0.2671,0.2554,0.2588,0.2713,0.2630,0.2660,0.2682,0.5186,0.5493,0.2668,0.2584,0.2656,0.2666,0.5969,5.1022
22200000,189541013,330620,18,10,1,3,24,0.1286,0.2614,0.1343,0.1272,0.1275,0.1326,0.2573,0.2681,0.1311,0.5307,0.2847,0.1313,0.2569,0.1308,0.2691,0.2973,3.4691
22400000,190302779,331179,18,12,1,2,232,0.0885,0.0855,0.0879,0.1701,0.0866,0.0895,0.2572,0.0883,0.0880,0.1726,0.1823,0.0883,0.0874,0.0890,0.0885,0.1980,1.9478
22600000,191117531,331612,20,10,1,1,64,0.5311,0.5154,0.5330,0.7673,0.2553,0.2689,0.2518,0.2617,0.2758,1.0442,1.1042,0.5325,0.5322,0.2737,0.5368,1.1990,8.8828
22800000,191864961,331969,19,9,0,0,36,0.2687,0.2596,0.2688,1.0295,0.5145,0.5445,0.5062,0.2689,0.2665,0.5422,0.5723,0.2702,0.2658,0.5463,0.8096,1.8042,8.7375
23000000,192619206,332366,22,11,0,0,66,0.2682,0.2639,0.2748,0.2606,0.2625,0.2709,0.2559,0.2697,0.2696,0.5401,0.5689,0.2686,0.2622,0.2723,0.2730,0.6047,5.1858
23200000,193343451,332839,17,10,1,1,42,0.2676,0.2576,0.2642,0.2588,0.2685,0.2730,0.2603,0.2733,0.2731,0.5389,0.5683,0.2716,0.2647,0.2781,0.2675,0.6025,5.1880
23400000,194136335,333326,16,10,1,0,6,0.5344,0.2575,0.2635,0.5131,0.2617,0.5397,0.2551,0.5475,0.5418,0.5233,1.1221,0.2582,0.2661,0.5521,0.2744,0.6045,7.3148
23600000,194902742,333613,12,9,0,1,27,0.8074,0.5224,0.2710,0.2579,0.2565,0.2739,0.2588,0.2686,0.8178,1.0560,1.6877,0.2714,0.5333,0.2764,0.2675,0.6057,8.4323
23800000,195618556,334011,12,9,0,0,18,0.2718,0.2661,0.5410,0.2536,0.2625,0.2677,0.2603,0.2663,0.2736,1.5985,0.5712,0.2686,0.2678,0.2685,0.2717,0.6055,6.5147
24000000,196328070,334453,18,9,0,1,54,0.2744,0.2609,0.2718,0.2596,0.2693,0.2778,0.2624,0.5391,0.2674,0.5375,0.5679,0.2720,0.2669,0.5405,0.2830,0.6069,5.7573
24200000,197164132,334978,17,9,3,1,43,0.5485,0.2587,0.2695,0.5174,0.2584,0.2646,0.2519,0.2709,0.2669,1.0519,1.1151,0.5394,0.2612,0.2737,0.5543,0.6056,7.3080
24400000,197765523,335376,18,9,2,2,111,0.1365,0.1300,0.1378,0.3846,0.1329,0.1392,0.1336,0.1367,0.1332,0.2836,0.2984,0.1363,0.1336,0.1400,0.1423,0.3052,2.9041
24600000,198394182,335628,19,10,2,0,16,0.2707,0.2639,0.2770,0.2571,0.2670,0.2778,0.5267,0.2722,0.2756,1.1170,0.5682,0.2719,0.2702,0.2765,0.5641,0.6087,6.3647
24800000,199113875,336026,17,12,1,1,8,0.2716,0.1316,0.2761,0.2580,0.1367,0.1373,0.1301,0.1416,0.2801,0.8270,0.5713,0.1355,0.2638,0.2729,0.1378,0.3075,4.2789
25000000,199800424,336415,18,14,3,2,30,0.0902,0.0876,0.2771,0.2559,0.0877,0.0940,0.1730,0.0904,0.0923,0.1848,0.1954,0.0899,0.2644,0.0917,0.0916,0.4085,2.5745
25200000,200425497,336701,23,14,0,1,29,0.0680,0.0653,0.0715,0.0646,0.0662,0.0693,0.0642,0.0691,0.0671,0.1386,0.1462,0.0673,0.0676,0.0670,0.0674,0.4586,1.6179
25400000,201061782,336873,24,16,2,4,37,0.0548,0.0539,0.0560,0.0522,0.0536,0.0557,0.0527,0.0583,0.0540,0.1140,0.1201,0.0558,0.0544,0.0563,0.0553,0.4894,1.4366
25600000,201806233,337297,26,19,4,2,42,0.2679,0.2610,0.2744,0.2606,0.2648,0.2674,0.2594,0.2670,0.2754,0.5232,0.5560,0.2726,0.2743,0.2733,0.2726,3.0768,7.6466
25800000,202436502,337714,21,20,4,3,77,0.1370,0.1327,0.1349,0.1308,0.1325,0.1396,0.1325,0.1354,0.1361,0.2827,0.2974,0.1334,0.1339,0.1386,0.1371,1.8347,4.1693
26000000,203167482,338009,23,21,0,0,14,0.2803,0.5296,0.5358,0.2623,0.5265,0.2788,0.2611,0.5405,0.2689,1.0554,0.5347,0.2696,0.2631,0.2736,0.5420,0.6121,7.0343
26200000,203860670,338453,20,20,3,2,25,0.1340,0.1294,0.1361,0.1277,0.3991,0.1330,0.1238,0.4114,0.1327,0.7916,0.5428,0.2708,0.1321,0.1336,0.1326,0.3012,4.0318
26400000,204527638,338796,19,21,1,0,8,0.2770,0.2724,0.2781,0.2608,0.2650,0.2776,0.5065,0.2759,0.5392,0.5533,1.6728,0.2780,0.2628,0.5457,0.2773,0.6144,7.1567
26600000,205237482,338907,19,22,1,0,11,0.2730,0.2579,0.2751,0.2608,0.2659,0.2673,0.2479,0.5524,0.2711,0.5248,0.5556,0.2660,0.2687,0.2825,0.2746,0.6131,5.4566
26800000,205852150,339270,20,23,1,0,12,0.2735,0.2603,0.2756,0.2560,0.2621,0.2765,0.2557,0.8370,0.5574,0.5426,0.5739,0.5363,0.5363,0.2831,0.2822,1.2362,7.2445
27000000,206455191,339516,22,23,2,2,8,0.5478,0.2657,0.2813,0.2623,0.2664,0.2745,0.5160,1.1035,0.8297,1.0866,0.5821,0.2729,0.2731,0.2810,0.2800,1.8371,8.9600
27200000,207065679,339779,20,23,3,2,174,0.1367,0.1307,0.2778,0.2615,0.2666,0.2723,0.3831,0.1408,0.5530,0.2717,0.5769,0.2704,0.1342,0.1359,0.2821,1.2241,5.3177
27400000,207699074,340113,21,23,0,1,11,0.2709,0.5218,0.2758,0.7807,0.2678,0.2815,0.2688,0.5593,1.3679,1.0829,1.7152,0.8056,0.2662,0.5461,0.2736,3.0337,12.3177
27600000,208333453,340380,20,23,1,2,6,0.2708,0.2628,0.5554,1.0621,0.2648,0.2741,0.2632,0.2731,0.2708,1.6572,2.3355,1.1027,0.2722,0.8405,0.2746,3.7340,13.7137
27800000,208949277,340730,20,23,2,0,81,0.1377,0.2630,0.1407,0.6622,0.2659,0.2755,0.1348,0.1412,0.1383,0.2684,0.2835,0.1408,0.2735,0.5575,0.1399,2.1632,5.9862
28000000,209663097,341032,18,23,1,0,5,0.2718,0.2624,0.2676,0.2601,0.2668,0.2716,0.2632,0.5608,0.2642,0.5376,0.5674,0.2708,0.2608,0.2624,0.5610,0.6156,5.7639
28200000,210230372,341237,16,23,0,1,6,0.2720,0.2705,0.2742,0.2642,0.2711,0.2727,0.2517,0.2866,0.2817,0.5769,0.6073,0.2813,0.2726,0.2771,0.8424,0.6167,5.9189
28400000,210898777,341611,15,23,0,1,41,0.2779,0.2729,0.2753,0.2617,0.2664,0.2831,0.2636,0.2771,0.2753,0.5419,0.5732,0.2760,0.2631,0.2724,0.2739,0.6184,5.2719
28600000,211483302,341880,15,23,1,2,7,0.5464,0.5275,0.2875,0.2670,0.2655,0.2761,0.2612,0.2864,0.2753,0.5307,1.1114,0.5426,0.2662,0.5448,0.5452,0.6181,7.1519
28800000,212045950,342130,13,16,0,3,223,0.2776,0.2647,0.2771,0.2642,0.2699,0.2725,0.2560,0.2839,0.2747,0.5691,0.5997,0.2725,0.2743,0.2762,0.2912,0.6187,5.3424
29000000,212622261,342433,14,16,0,1,15,0.5539,0.2656,0.5569,0.2603,0.2677,0.2689,0.2572,0.5591,0.5473,1.1318,0.5918,0.2780,0.2658,0.2772,0.5759,0.6194,7.2768
29200000,213194763,342671,16,18,1,1,11,0.4131,0.1287,0.4132,0.2579,0.1304,0.1379,0.1278,0.4182,0.4120,0.2875,0.3019,0.1367,0.1330,0.1394,0.1347,0.6198,4.1923
29400000,213771036,342843,18,18,1,0,19,1.0858,0.2683,0.2752,0.7641,0.5224,0.2806,0.2532,0.2799,0.2789,0.5564,1.1761,0.5397,0.2733,0.5495,0.5431,0.6215,8.2681
29600000,214305420,342949,19,18,1,0,9,0.2766,0.2759,0.5538,0.2622,0.2696,0.2787,0.2721,0.5711,0.2808,1.1122,1.7659,0.2815,0.5471,0.2784,0.2792,1.2489,8.5538
29800000,214834824,343129,19,22,1,0,119,0.1367,0.2731,0.1424,0.1310,0.1389,0.1394,0.1357,0.1413,0.1383,0.2845,0.3000,0.1456,0.1388,0.1394,0.1413,0.9326,3.4590
30000000,215358975,343284,20,22,0,0,10,0.0926,0.2718,0.0958,0.0887,0.0889,0.0929,0.0880,0.0948,0.0925,0.3763,0.3963,0.0928,0.0892,0.0918,0.0931,0.8293,2.9750
30200000,215925389,343448,26,23,1,0,116,0.5581,0.2715,0.5666,0.5295,0.2637,0.5656,0.2542,0.2821,0.5533,0.5472,0.5784,0.2779,0.2699,0.5535,0.2820,3.1328,9.4862
30400000,216439833,343708,24,23,0,1,134,0.2697,0.2601,0.2828,0.2608,0.2649,0.2727,0.2685,0.5647,0.2760,1.1231,1.1847,0.2824,0.2616,0.2776,0.2752,0.6233,6.7482
30600000,216984505,343940,30,23,5,0,31,0.2789,0.2721,0.2741,0.2683,0.2709,0.2741,0.2636,0.2770,0.2734,0.5534,0.5816,0.2708,0.2725,0.2749,0.2772,0.6228,5.3056
30800000,217526250,344189,31,23,1,2,8,0.2791,0.2698,0.2907,0.2651,0.2724,0.2794,0.2733,0.2799,0.2923,0.5491,0.5793,0.2718,0.2831,0.2811,0.5566,0.6231,5.6460
31000000,218017765,344343,29,23,4,0,11,0.1369,0.1378,0.1444,0.2668,0.1352,0.1387,0.1336,0.1440,0.1389,0.2696,0.2846,0.1349,0.1359,0.1369,0.1451,0.6230,3.1063
31200000,218499009,344511,29,23,1,2,22,0.2795,0.2735,0.2871,0.2651,0.2709,0.2792,0.2656,0.2892,0.2781,0.5670,0.5970,0.2759,0.2736,0.2767,0.5717,0.6249,5.6748
31400000,219007188,344758,30,23,2,0,18,0.1407,0.1345,0.1417,0.1338,0.1351,0.1409,0.1281,0.1417,0.1444,0.2777,0.2924,0.1375,0.1334,0.1424,0.1441,0.3139,2.6824
31600000,219570885,344851,31,23,2,0,12,0.1871,0.1780,0.0938,0.0873,0.1799,0.1869,0.0866,0.0936,0.0909,0.1878,0.3925,0.0904,0.0887,0.0903,0.1896,0.4167,2.6401
31800000,220086325,344986,32,23,1,0,6,0.0704,0.0679,0.0708,0.0655,0.0681,0.0697,0.0665,0.0714,0.0695,0.1439,0.1511,0.0709,0.0682,0.0681,0.0715,0.4685,1.6620
32000000,220684939,345227,28,23,0,2,19,0.2811,0.2635,0.5621,0.5259,0.2673,0.2854,0.5245,0.2793,0.2688,0.5401,0.5712,0.5537,0.2779,0.2775,0.2913,2.4906,8.2601
32200000,221205217,345483,27,23,1,1,18,0.2769,0.5331,0.8478,0.2622,0.5424,0.2818,0.2641,0.5676,0.5491,1.1147,1.1763,0.2659,0.5465,0.5510,0.2816,0.6225,8.6834
32400000,221729163,345676,31,23,2,3,117,0.2778,0.4009,0.5612,0.1316,0.4078,0.2821,0.1299,0.1371,0.1436,0.8467,0.8919,0.2737,0.4079,0.4147,0.1471,0.3125,5.7666
32600000,222178955,345822,31,23,1,1,22,0.0944,0.0905,0.0952,0.0887,0.0920,0.0963,0.0873,0.0952,0.0957,0.1872,0.1974,0.0933,0.0932,0.0920,0.0955,0.2074,1.8012
32800000,222666193,346060,29,23,0,1,24,0.2795,0.2687,0.2812,0.2614,0.2699,0.5715,0.5309,0.2793,0.2776,1.1389,1.1978,0.5622,0.2727,0.2835,0.5720,1.2558,8.3030
33000000,223206263,346180,30,23,2,5,22,0.2795,0.2642,0.2854,0.2742,0.2733,0.8497,0.7855,0.2818,0.2849,0.5446,0.5737,0.2844,0.2755,0.2752,0.2864,0.6258,6.4441
33200000,223634708,346244,29,23,1,0,17,0.1400,0.1335,0.1421,0.1357,0.1360,0.1409,0.1324,0.1395,0.1401,0.2905,0.3060,0.1374,0.1363,0.1404,0.1413,0.3124,2.7044
33400000,224125226,346380,30,23,4,2,17,0.5666,0.5380,0.5677,0.5384,0.5499,0.5674,0.2604,0.2803,0.5599,1.1335,1.1991,0.5607,0.2755,0.2787,0.2871,1.2564,9.4198
33600000,224536747,346681,32,23,1,2,202,0.2863,0.2724,0.2901,0.2684,0.2794,0.2861,0.2754,0.2887,0.2806,1.6552,1.7467,0.2840,0.2709,0.2900,0.2822,0.6275,7.6838
33800000,224929948,346658,29,23,2,2,24,0.1408,0.1366,0.1414,0.1339,0.1347,0.1400,0.1307,0.1398,0.1394,0.2877,0.3034,0.1385,0.1343,0.1385,0.1419,0.6262,3.0075
34000000,225275245,346758,30,24,4,1,23,0.5692,0.2758,0.2837,0.2718,0.2708,0.5725,0.2634,0.2845,0.2763,0.6065,0.6325,0.2860,0.2809,0.2789,0.2831,1.9234,7.3591
34200000,225741954,346987,32,26,3,3,12,0.1440,0.1362,0.2850,0.2716,0.1396,0.4268,0.1351,0.1412,0.1450,0.2869,0.3013,0.2845,0.1366,0.1402,0.1480,1.2723,4.3943
34400000,226207680,347046,31,26,4,1,60,0.2823,0.2657,0.2787,0.2750,0.2736,0.2778,0.2666,0.2829,0.2798,0.5598,0.5910,0.2870,0.5486,0.2785,0.2816,3.1803,8.2092
34600000,226672047,347108,28,28,2,1,19,0.2825,0.2758,0.2760,0.5432,0.2747,0.2845,0.2598,0.2929,0.2748,0.5586,0.5893,0.2834,0.2714,0.2803,0.2818,0.6268,5.6556
34800000,227130845,347216,27,29,2,0,15,0.2822,0.1339,0.1450,0.1358,0.1398,0.2867,0.1335,0.1455,0.1445,0.2790,0.2940,0.1407,0.1386,0.2772,0.1437,0.3149,3.1349
35000000,227597642,347308,25,29,0,2,23,0.8404,0.2686,0.2839,0.2717,0.2788,0.2942,0.5271,0.2813,0.2817,0.5740,0.6033,0.5644,0.2836,0.8309,0.2838,0.6259,7.0935
35200000,228003026,347380,28,31,1,2,21,0.5649,0.2689,0.1420,0.2699,0.2816,0.2917,0.1340,0.1448,0.1416,0.2857,0.3000,0.1411,0.1331,0.5589,0.1440,0.3129,4.1151
35400000,228457512,347633,35,34,0,2,32,0.2757,0.2772,0.2779,0.2713,0.2734,0.2888,0.2695,0.2835,0.2924,0.5843,0.6123,0.2790,0.2825,0.2861,0.5743,0.6279,5.7560
35600000,228848437,347601,41,34,6,2,78,0.1426,0.2762,0.1437,0.1362,0.1398,0.1440,0.1334,0.1477,0.1433,0.5803,0.6094,0.1417,0.1350,0.1430,0.4304,0.6289,4.0755
35800000,229310515,347747,38,35,5,5,232,0.2852,0.2756,0.2847,0.2644,0.2779,0.2817,0.2643,0.2856,0.2750,0.5715,0.6001,0.2778,0.2820,0.2846,0.2894,0.6276,5.4273
36000000,229763068,347948,44,36,1,2,112,0.2835,0.2764,0.2812,0.2704,0.2750,0.2898,0.2674,0.5707,0.5563,0.5685,1.1889,0.5504,0.5538,0.2808,0.5748,0.6297,7.4178
36200000,230216987,348086,43,36,1,6,57,0.2822,0.5545,0.2886,0.2696,0.5570,0.2800,0.2727,0.8685,0.8482,1.1458,1.8100,0.2769,0.2714,0.2788,0.2805,0.6295,8.9141
36400000,230780007,348277,46,38,1,5,139,0.1405,0.1378,0.1431,0.1364,0.1392,0.1373,0.1313,0.1403,0.1417,0.2768,0.2907,0.1391,0.1398,0.1415,0.1416,0.3177,2.6947
36600000,231206595,348405,45,38,3,1,108,0.0949,0.0923,0.0959,0.0918,0.0915,0.0946,0.0900,0.0958,0.0937,0.1851,0.1958,0.0937,0.0946,0.0957,0.0970,0.4217,2.0242
36800000,231684399,348563,48,38,3,2,199,0.2791,0.2682,0.2821,0.2704,0.2643,0.2848,0.2696,0.2869,0.2707,0.5367,0.5638,0.2785,0.2687,0.2808,0.2701,0.6294,5.3040
37000000,232135482,348785,44,38,2,2,215,0.2750,0.2702,0.2849,0.2663,0.2787,0.2834,0.2718,0.2806,0.2836,0.5739,1.1621,0.2804,0.2684,0.2813,0.2892,1.2507,6.6003
37200000,232583896,349028,42,38,1,0,65,0.2814,0.2656,0.2869,0.2672,0.2710,0.2844,0.2663,0.2829,0.2847,0.5640,0.5919,0.2763,0.2812,0.2852,0.2818,1.8772,6.6478
37400000,233048755,349227,42,38,2,1,105,0.1409,0.1378,0.1379,0.1356,0.1355,0.1415,0.1298,0.1419,0.1382,0.2745,0.2900,0.1382,0.1334,0.1384,0.1423,0.3138,2.6697
37600000,233399211,349355,42,38,2,2,108,0.2878,0.2788,0.5659,0.2735,0.2810,0.2856,0.2724,0.2980,0.2834,1.1387,1.1992,0.2841,0.2803,0.5623,0.2935,0.6287,7.2132
37800000,233855135,349537,34,38,0,5,23,0.2809,0.2724,0.8524,0.2669,0.2756,0.2892,0.2667,0.2765,0.2860,1.7026,1.7934,0.2797,0.2781,0.2775,0.2918,0.6287,8.3184
38000000,234302104,349838,34,38,2,3,39,0.1430,0.1371,0.1489,0.1353,0.1403,0.1433,0.1328,0.1452,0.1383,0.2875,0.3018,0.1458,0.1384,0.1408,0.2952,0.6298,3.2034
38200000,234729659,350095,34,39,1,5,28,0.0965,0.0910,0.0963,0.0903,0.0926,0.1944,0.0901,0.0949,0.0960,0.3830,0.4022,0.0921,0.1858,0.0945,0.0972,0.2106,2.4072
38400000,235059912,350082,35,39,2,12,68,0.2815,0.5437,0.2889,0.5398,0.5539,0.2911,0.2744,0.2901,0.5708,0.5791,1.8112,0.2839,0.2774,0.5717,0.5829,1.2599,9.0001
38600000,235486530,350138,37,39,0,4,31,0.2833,0.2709,0.2832,0.2721,0.2710,0.2803,0.2667,0.2841,0.2860,0.5647,0.5972,0.2805,0.2733,0.2769,0.2782,0.6327,5.4011
38800000,235842287,350272,37,39,3,4,23,0.5610,0.5393,0.2918,0.2734,0.2792,0.5651,0.2711,0.2897,0.2831,1.1298,1.1944,0.5534,0.2800,0.5622,0.5677,0.6318,8.2731
39000000,236207125,350316,37,39,0,7,57,0.2854,0.2716,0.2874,0.2722,0.2807,0.2905,0.2670,0.2911,0.2860,1.7138,1.8084,0.2815,0.2764,0.2867,0.2889,0.6317,7.8193
39200000,236623085,350506,39,39,0,6,73,0.2881,0.2740,0.2845,0.2683,0.2813,0.2882,0.2702,0.2919,0.2871,0.5593,0.5908,0.5635,0.2800,0.2811,0.2896,1.2611,6.3589
39400000,236824419,350566,38,39,1,5,74,0.2715,0.2589,0.2769,0.5935,0.2569,0.2648,0.2571,0.2727,0.2732,0.5246,1.2905,0.2638,0.2651,0.2668,0.6332,0.6127,6.5822
39600000,237068881,350572,36,39,1,6,30,0.2640,0.2596,0.2712,0.2485,0.2509,0.2672,0.5177,0.2675,0.2733,1.0537,1.8687,0.2577,0.5257,0.2717,0.2658,0.6065,7.4696
39800000,237271757,350644,36,30,2,4,45,0.2671,0.1292,0.1341,0.1242,0.1251,0.1350,0.1293,0.2706,0.2701,0.2518,0.2667,0.2594,0.3920,0.1305,0.1374,0.6064,3.6290
40000000,237497756,350680,35,30,0,0,38,0.0885,0.0838,0.1793,0.0837,0.0831,0.0889,0.0817,0.2693,0.0893,0.1700,0.3561,0.0865,0.0844,0.1752,0.0891,0.6064,2.6152
40200000,237826358,350724,36,30,2,2,27,0.2666,0.2520,0.2662,0.2447,0.2504,0.2612,0.2475,0.2637,0.2566,1.0162,1.6107,0.2507,0.2527,0.7904,0.2595,0.6068,7.0958
40400000,238022973,350738,39,30,1,4,52,0.1336,0.1265,0.1295,0.2514,0.1298,0.1330,0.1271,0.1402,0.1342,0.2605,1.0741,0.1276,0.2507,0.5255,0.1376,0.3048,3.9861
40600000,238281553,350812,41,30,1,1,39,0.5348,0.5052,0.2593,0.7468,0.5089,0.5289,0.5073,0.5468,0.5338,0.5166,0.5443,0.2561,0.2512,1.3051,0.5422,1.2082,9.2955
40800000,238440093,350843,37,30,3,3,145,0.1325,0.1274,0.2655,0.1286,0.1292,0.1324,0.1277,0.1359,0.1342,0.2601,0.2733,0.1344,0.1289,0.1348,0.1380,0.9067,3.2897
41000000,238613118,350903,32,30,1,2,6,0.0896,0.0856,0.0893,0.0855,0.0859,0.0888,0.0858,0.0874,0.0926,0.1785,0.1883,0.0879,0.0870,0.0901,0.0926,0.2036,1.7185
41200000,238782297,350835,31,30,0,0,9,0.0663,0.0637,0.0670,0.0648,0.0626,0.0680,0.0639,0.0681,0.0684,0.1288,0.1351,0.0649,0.0654,0.0667,0.0692,0.3044,1.4274
41400000,238973717,350782,31,30,1,1,5,0.2636,0.2539,0.2638,0.2486,0.2612,0.2683,0.2459,0.2652,0.2637,0.5143,0.5424,0.2667,0.2568,0.2628,0.2597,0.6064,5.0432
41600000,239158586,350891,32,30,2,1,201,0.2720,0.2537,0.5278,0.2534,0.5221,0.2736,0.2503,0.2652,0.2740,1.0412,1.0949,0.2608,0.2575,0.2613,0.2749,0.6057,6.6883
41800000,239227598,350889,34,30,1,0,6,0.2689,0.2604,0.2649,0.2531,0.2597,0.2739,0.2635,0.2814,0.2632,0.5478,0.5747,0.2608,0.2624,0.2766,0.2759,1.2226,5.8097
42000000,239419849,350903,34,30,3,2,13,0.1305,0.1266,0.1314,0.1270,0.2577,0.2710,0.1240,0.1321,0.2656,0.5353,0.2763,0.1301,0.1335,0.1332,0.1315,0.3027,3.2085
42200000,239640139,351037,32,30,2,2,11,0.2650,0.2635,0.2672,0.2570,0.2563,0.2680,0.2369,0.2667,0.2665,1.5951,1.0964,0.2620,0.5201,0.2641,0.2626,1.2200,7.5675
42400000,239916757,351162,33,30,2,2,8,0.2634,0.5086,0.2670,0.5036,0.2654,0.5298,0.2528,0.2719,0.5175,2.0592,1.5983,0.2614,0.7665,0.2561,0.2649,0.6041,9.1905
42600000,240102199,351209,31,30,0,0,4,0.2682,0.2562,0.2618,0.2456,0.2563,0.2722,0.2580,0.5343,0.2601,0.5062,0.5343,0.2567,0.2629,0.2707,0.2740,0.6042,5.3216
42800000,240306785,351238,32,30,2,1,42,0.2689,0.2504,0.2542,0.5058,0.2683,0.5502,0.5132,0.2748,0.2703,0.5216,0.5511,0.5198,0.2603,0.2674,0.2604,1.2204,6.7568
43000000,240528242,351330,35,30,2,0,26,0.2653,0.2526,0.2538,0.2620,0.2535,0.2582,0.2509,0.2613,0.2627,1.0334,1.0864,0.2569,0.2666,0.2703,0.2685,0.6051,6.1076
43200000,240692028,351323,32,30,0,3,16,0.1325,0.2551,0.1404,0.1311,0.1283,0.1333,0.1286,0.1386,0.1396,0.7733,0.2760,0.1286,0.1352,0.2717,0.2674,0.3053,3.4851
43400000,240875090,351237,32,30,0,0,8,0.1775,0.0846,0.0874,0.1732,0.1725,0.0888,0.0837,0.0893,0.1834,0.6788,0.3548,0.0896,0.1763,0.0882,0.2679,0.4040,3.1999
43600000,241095817,351134,33,30,2,2,46,0.2649,0.4991,0.2641,0.7711,0.7771,0.5372,0.2479,0.2598,0.8213,2.5849,1.6293,0.2698,0.2621,0.5344,0.2606,0.6066,10.5902
43800000,241372012,351159,34,30,0,1,51,0.1282,0.1243,0.2650,0.1234,0.1261,0.1307,0.1243,0.1317,0.1327,0.2459,0.2610,0.1293,0.1295,0.1296,0.2646,0.6041,3.0504
44000000,241541222,351122,34,30,0,1,92,0.5255,0.2501,0.2685,0.5012,0.5125,0.5281,0.4995,0.5343,0.2650,1.0108,0.5564,0.2677,0.2568,0.5280,0.8099,0.6057,7.9200
44200000,241770708,351167,32,30,0,2,61,0.2645,0.2533,0.2674,0.2578,0.2578,0.2663,0.2430,0.2668,0.2635,0.5186,0.5468,0.2712,0.2518,0.2655,0.2736,1.2161,5.6839
44400000,241999634,351150,32,30,1,0,12,0.1378,0.1314,0.1323,0.1287,0.1317,0.1382,0.1247,0.1371,0.2674,0.2513,0.5360,0.1300,0.1328,0.1298,0.1366,0.3060,2.9518
44600000,242214979,351189,27,23,1,8,31,0.2677,0.5101,0.5248,0.2630,0.2522,0.2624,0.4880,0.5387,0.2671,1.0128,0.5482,0.2666,0.5208,0.5183,0.2694,1.2007,7.7106
44800000,242453801,351243,27,23,1,2,14,0.1317,0.1263,0.1313,0.1231,0.1256,0.1314,0.1210,0.1303,0.2621,0.2418,0.2550,0.1292,0.1319,0.1312,0.2728,0.9038,3.3486
45000000,242657626,351346,25,23,0,3,10,0.2625,0.2519,0.2617,0.2505,0.5085,0.2637,0.2458,0.2555,0.2694,0.5340,0.5631,0.2650,0.2542,0.2679,0.2742,0.6069,5.3348
45200000,242805311,351471,27,23,1,1,8,0.2658,0.2582,0.2637,0.2500,0.2521,0.2717,0.2528,0.2696,0.2632,0.4934,0.5209,0.2593,0.2639,0.2731,0.2787,0.6053,5.0415
45400000,242991720,351502,28,38,1,0,9,0.2659,0.2560,0.2675,0.2504,0.2673,0.2661,0.5068,0.2749,0.2688,0.4970,1.0563,0.2603,0.2488,0.2755,0.2781,0.6045,5.8443
45600000,243188094,351449,31,39,1,3,45,0.1335,0.1255,0.1381,0.1265,0.1283,0.1349,0.1245,0.1343,0.1336,0.2498,0.2638,0.1304,0.1233,0.1341,0.1344,0.3007,2.5158
45800000,243378613,351554,33,39,0,3,27,0.0874,0.1661,0.1811,0.1675,0.1706,0.0858,0.0809,0.1788,0.0874,0.1630,0.3493,0.1690,0.1671,0.0854,0.1799,0.3998,2.7193
46000000,243621849,351511,33,39,1,2,37,0.2645,0.2518,0.2633,0.2446,0.2569,0.2736,0.2539,0.2595,0.2621,0.5179,0.5471,0.2670,0.2554,0.2635,0.2658,0.6047,5.0515
46200000,243749911,351481,30,39,0,1,25,0.5284,0.2633,0.2676,0.2593,0.2623,0.2806,0.2516,0.2697,0.2758,0.5363,0.5628,0.2640,0.2583,0.2646,0.2763,1.2093,6.0301
46400000,243913032,351454,32,39,0,1,12,0.2661,0.2551,0.2740,0.2557,0.2525,0.2669,0.2549,0.2693,0.2545,0.5423,0.5690,0.2573,0.2550,0.2660,0.2804,0.6069,5.1260
46600000,244107317,351403,32,39,2,2,23,0.5379,0.5107,0.5445,0.2582,0.5169,0.2668,0.5124,0.2700,0.5233,0.5290,0.5587,0.2590,0.2635,0.2595,0.5563,1.2199,7.5866
46800000,244285789,351443,31,39,1,1,35,0.2666,0.7583,0.2708,0.2565,0.2521,0.2691,0.2519,0.5347,0.2647,0.5147,0.5417,0.5278,0.2531,0.5260,0.2683,1.8102,7.5666
47000000,244466431,351658,30,39,1,1,28,0.2603,1.0055,0.2594,0.2509,0.5021,0.5318,0.2536,0.8043,0.2676,1.0410,1.0954,0.7815,0.2557,0.2708,0.2767,0.6054,8.4617
47200000,244671226,351716,28,39,0,0,4,0.1305,0.1282,0.1311,0.1267,0.1322,0.1322,0.1264,0.1345,0.1326,0.2600,0.2736,0.5255,0.1326,0.1323,0.1374,0.6066,3.2423
47400000,244851552,351687,28,39,0,1,10,0.2650,0.5065,0.2676,0.5113,0.2566,0.2647,0.2571,0.5382,0.2715,0.5389,0.5645,0.2691,0.5118,0.5332,0.5543,0.6073,6.7176
47600000,244990715,351805,30,39,1,1,56,0.2678,0.2501,0.5335,0.7599,0.2563,0.2607,0.5175,0.2640,0.2682,1.0642,1.1174,0.2649,0.2640,0.8059,0.8300,0.6049,8.3291
47800000,245185988,351956,29,39,0,1,11,0.5310,0.5028,0.7904,0.2509,0.2545,0.5182,0.2473,0.5248,0.2706,0.5070,1.6483,0.2722,0.2575,1.0659,0.2786,0.6058,8.5255
48000000,245315579,351906,28,39,0,1,8,0.1347,0.1264,0.1369,0.1277,0.1287,0.1329,0.1265,0.1347,0.1308,0.2734,0.2857,0.1326,0.1313,0.1293,0.2757,0.3035,2.7110
48200000,245496362,351969,33,39,2,0,54,0.1770,0.0847,0.0908,0.0842,0.1693,0.0865,0.0843,0.0873,0.1749,0.3519,0.1785,0.0873,0.0862,0.1743,0.2717,0.4048,2.5938
48400000,245692589,352011,33,39,0,4,47,0.2639,0.2492,0.2607,0.5030,0.7698,0.2620,0.2479,0.2650,0.7895,0.5199,0.5448,0.2599,0.2576,0.7893,0.2710,0.6059,6.8592
48600000,245882329,352083,36,39,1,2,16,0.2620,0.2508,0.2756,0.2546,0.2590,0.2606,0.2562,0.2834,0.2735,0.5192,0.5504,0.2707,0.2592,0.2618,0.2835,1.2131,5.7335
48800000,246086172,351992,40,39,2,2,68,0.1314,0.2495,0.1380,0.1244,0.1280,0.2648,0.1274,0.1351,0.1329,0.5362,0.2907,0.1370,0.1311,0.1315,0.2775,0.3040,3.2394
49000000,246239357,351867,39,39,1,3,45,0.0915,0.0863,0.0909,0.0856,0.0865,0.0924,0.0819,0.0857,0.0928,0.1771,0.1860,0.0899,0.0883,0.0875,0.0882,0.2022,1.7128
49200000,246370478,351893,37,39,2,0,58,0.2643,0.2666,0.2704,0.5159,0.5255,0.5360,0.4913,0.5268,0.2631,0.5242,0.5466,0.2610,0.2608,0.5326,0.2669,0.6075,6.6593
49400000,246576659,351933,39,39,0,2,41,0.2615,0.1249,0.2670,0.1260,0.3896,0.4036,0.3679,0.3994,0.2591,0.2554,0.5432,0.1306,0.2596,0.1326,0.1356,0.6076,4.6636
49600000,246837728,352096,40,39,0,1,96,0.0860,0.0842,0.0879,0.1689,0.0852,0.3571,0.0805,0.0868,0.0868,0.1668,0.1756,0.0860,0.2578,0.0874,0.0888,0.6070,2.5929
49800000,247030447,352142,40,39,3,1,48,0.2610,0.2619,0.2714,0.2546,0.2592,0.2722,0.4915,0.2699,0.2676,1.0093,1.0608,0.2581,0.2627,0.2548,0.2618,2.4354,8.1520
50000000,247258016,352079,42,39,1,1,38,0.5267,0.2484,0.5443,0.2496,0.2533,0.2627,0.7622,0.2657,0.5273,1.5171,0.5291,0.2587,0.2592,0.5217,0.5312,0.6059,7.8629
50200000,247463263,352114,46,39,4,3,133,0.3935,0.1298,0.4054,0.1263,0.1309,0.1374,0.5029,0.1322,0.3969,0.2608,0.5371,0.1288,0.1319,0.1309,0.4001,0.6061,4.5509
50400000,247637359,352137,43,39,2,0,148,0.0888,0.0849,0.0900,0.0846,0.0866,0.0921,0.0850,0.0927,0.0901,0.1763,0.1850,0.0873,0.0879,0.0896,0.0895,0.6059,2.1163
50600000,247782788,352099,44,39,3,3,183,0.2629,0.5112,0.2677,0.2565,0.2706,0.2693,0.2480,0.2731,0.2740,0.5344,0.5612,0.2641,0.2546,0.2644,0.2878,2.3990,7.1989
50800000,247959904,352211,43,39,3,3,89,0.5333,0.7713,0.2611,0.5132,0.2608,0.2749,0.5035,0.5543,0.2782,0.5122,1.1068,0.5331,0.2643,0.2684,0.2726,3.0457,9.9536
51000000,248151521,352348,40,39,3,3,130,0.2657,0.2466,0.2685,0.2582,0.2641,0.2717,0.2511,0.2638,0.2787,1.0313,1.6673,0.2654,0.2644,0.5367,0.2643,3.7228,10.1208
51200000,248290586,352281,44,39,1,0,56,0.2627,0.2620,0.5245,0.2521,0.2591,0.2740,0.2443,0.2658,0.2663,0.5238,0.5522,0.2624,0.2674,0.2677,0.5376,0.6087,5.6304
51400000,248424083,352300,42,39,3,3,115,0.2620,0.2559,0.8142,0.5179,0.5304,0.5602,0.5093,0.2725,0.2794,0.5276,1.1269,0.2616,0.5356,0.5442,0.8304,0.6071,8.4352
51600000,248589507,352444,46,39,3,2,73,0.2647,0.5033,1.0715,0.2581,0.2534,0.8143,0.2501,0.2667,0.5419,1.0369,1.6478,0.5211,0.2701,0.2673,1.0840,0.6082,9.6594
51800000,248692058,352543,46,39,2,3,48,0.5259,0.7583,1.3250,0.2617,0.2675,1.0788,0.2581,0.2738,0.2724,0.5191,0.5464,0.7822,0.2660,0.2705,1.3588,0.6088,9.3732
52000000,248826974,352591,42,39,2,2,52,0.1312,0.1281,0.8093,0.1241,0.1321,0.6825,0.1264,0.2726,0.2675,0.5340,0.5608,0.5258,0.2619,0.1313,0.1402,0.2996,5.1272
52200000,248991856,352532,40,39,0,1,40,0.2660,0.2558,0.2754,0.2569,0.2621,0.2610,0.2525,0.2734,0.2652,0.5059,0.5364,0.2672,0.2676,0.2660,0.2744,1.2066,5.6923
52400000,249181865,352642,38,39,2,4,42,0.2622,0.2582,0.2614,0.2465,0.2523,0.2667,0.2533,0.2656,0.5266,0.5194,0.5468,0.2603,0.2586,0.2616,0.5377,0.6063,5.5835
52600000,249359704,352684,38,39,2,0,26,0.1349,0.1264,0.1338,0.1295,0.1296,0.1308,0.1231,0.1335,0.1307,0.2511,0.2647,0.1301,0.1281,0.1366,0.1321,0.3030,2.5181
52800000,249542873,352785,39,39,3,0,248,0.2658,0.2571,0.2697,0.2568,0.2524,0.5245,0.5052,0.2686,0.2707,0.5109,0.5379,0.2511,0.5197,0.2747,0.2730,0.6084,5.8466
53000000,249664319,352809,35,39,1,0,20,0.5391,0.2472,0.2648,0.2569,0.2606,0.2708,0.2521,0.5451,0.2728,1.0523,0.5548,0.2672,0.2609,0.2639,0.2758,0.6074,6.1917
53200000,249875705,352889,36,39,3,0,16,0.7914,0.4935,0.2563,0.2487,0.5085,0.5274,0.2440,0.7943,0.5226,1.5277,0.5243,0.2610,0.5113,0.5283,0.2699,1.1989,9.2083
53400000,250065912,352905,37,39,1,1,13,0.2667,0.2487,0.2719,0.2538,0.2549,0.8189,0.2541,0.2696,0.2664,2.1123,1.1033,0.5325,0.2618,0.2604,0.2710,0.6074,8.0537
53600000,250171045,352887,39,39,1,0,83,0.2663,0.2589,0.2748,0.2523,0.2615,0.2684,0.2564,0.2675,0.2643,2.6319,0.5540,0.2685,0.2602,0.2699,0.5431,0.6048,7.5026
53800000,250309480,352947,39,39,2,1,48,0.1367,0.2568,0.1320,0.1279,0.1326,0.1372,0.1270,0.1388,0.1348,1.5641,0.5506,0.1335,0.1324,0.2666,0.1341,0.3071,4.4121
54000000,250417093,352906,40,39,0,2,12,0.1791,0.0863,0.0912,0.0858,0.0855,0.1785,0.1696,0.0895,0.0890,0.1770,0.1861,0.1779,0.1737,0.0919,0.0903,0.2036,2.1550
54200000,250617276,353069,39,39,0,1,17,0.2675,0.2580,0.2633,0.2604,0.2591,0.2640,0.2604,0.2785,0.2642,0.5134,0.5406,0.2640,0.2563,0.5468,0.2664,0.6049,5.3677
54400000,250735821,352962,36,39,1,1,10,0.2661,0.2483,0.5380,0.5227,0.2584,0.2722,0.5154,0.2779,0.2613,1.0290,1.0845,0.5215,0.2604,0.8212,0.5313,0.6084,8.0166
54600000,250908050,353016,35,39,1,3,24,0.2633,0.2556,0.2772,0.2519,0.2569,0.2692,0.2523,0.2696,0.2713,0.5240,0.5508,0.7789,0.2698,0.2706,0.2746,1.2084,6.2445
54800000,251107943,353146,31,39,2,0,11,0.1317,0.1244,0.1329,0.2511,0.1288,0.1288,0.1235,0.1334,0.1336,0.2535,0.2675,0.1299,0.1287,0.2608,0.1289,0.3016,2.7591
55000000,251265656,353161,32,39,2,0,9,0.2723,0.2557,0.2635,0.2593,0.2666,0.2671,0.2553,0.2710,0.2670,0.4964,0.5253,0.2642,0.2716,0.2795,0.2758,1.2088,5.6993
55200000,251449691,353260,30,39,1,2,8,0.1338,0.1263,0.1335,0.1273,0.1286,0.1342,0.1273,0.1312,0.1340,0.2471,0.2612,0.1285,0.1296,0.1315,0.1347,0.2998,2.5086
55400000,251516277,353282,29,39,2,0,5,0.0889,0.0880,0.1819,0.1713,0.0854,0.0921,0.0866,0.1788,0.0910,0.3416,0.1863,0.0899,0.1757,0.0920,0.0942,0.4026,2.4463
55600000,251685108,353297,30,39,1,1,11,0.2672,0.2538,0.8179,0.7723,0.5180,0.5506,0.2598,0.8052,0.2713,1.5228,0.5205,0.2610,0.2630,0.2698,0.2682,0.6078,8.2292
55800000,251861943,353331,33,39,0,2,14,0.2679,0.2576,1.0827,0.2683,0.2586,0.2650,0.2558,0.2723,0.2690,0.4931,0.5209,0.2642,0.2563,0.5343,0.5439,0.6069,6.4169
56000000,251974968,353404,33,39,3,4,7,0.2678,0.5173,0.2797,0.2661,0.2630,0.2662,0.2548,0.2792,0.2668,0.5310,0.5591,0.2685,0.2675,0.2722,0.8095,0.6072,5.9759
56200000,252138419,353350,32,39,3,1,5,0.5395,0.2518,0.2606,0.2586,0.2608,0.2627,0.2423,0.2571,0.2673,0.5210,0.5506,0.2641,0.2540,0.2528,0.2642,1.2255,5.9327
56400000,252268316,353305,32,39,2,2,11,0.1399,0.1296,0.1372,0.1328,0.1370,0.1371,0.1327,0.1381,0.1373,0.2635,0.2779,0.1364,0.1337,0.2575,0.1408,0.3091,2.7404
56600000,252362054,353245,33,39,4,1,8,0.0899,0.0844,0.0917,0.0834,0.0883,0.0890,0.0856,0.0902,0.1806,0.1754,0.1826,0.0890,0.0905,0.0895,0.0929,0.4086,2.0117
56800000,252397603,353230,37,39,2,1,84,0.2680,0.2519,0.2702,0.2591,0.2720,0.2703,0.2506,0.2793,0.2678,0.5433,0.5696,0.2692,0.2681,0.5551,0.2871,0.6123,5.4938
57000000,252511439,353304,32,39,2,3,15,0.2663,0.2544,0.2666,0.2602,0.2625,0.2656,0.2505,0.2724,0.2590,1.0696,1.1256,0.2673,0.2639,0.2696,0.2700,0.6077,6.2312
57200000,252661998,353256,29,19,2,0,15,0.5277,0.2498,0.2716,0.2539,0.2538,0.5389,0.2541,0.2695,0.5212,1.6057,1.6855,0.5248,0.2497,0.2655,0.2761,1.2139,8.9619
57400000,252761901,353218,29,19,0,1,47,0.1340,0.1267,0.1346,0.1304,0.1313,0.1317,0.1311,0.1380,0.1326,0.2611,0.2759,0.1324,0.1323,0.1355,0.1390,0.3032,2.5697
57600000,252925175,353204,31,19,0,5,24,0.2669,0.2515,0.2637,0.2579,0.5193,0.2708,0.2604,0.2673,0.2575,0.4942,0.5186,0.2676,0.2507,0.2654,0.2744,0.6068,5.2931
57800000,253066750,353167,29,22,0,4,28,0.2619,0.5201,0.5367,0.5095,0.2532,0.2724,0.5164,0.5346,0.5207,1.0240,0.5543,0.5371,0.2727,0.2650,0.2647,0.6067,7.4498
58000000,253116571,353222,26,19,0,2,7,0.1327,0.1328,0.1364,0.1266,0.1331,0.1363,0.1291,0.1353,0.1305,0.7805,0.5611,0.4047,0.1354,0.1331,0.2658,0.3049,3.7783
58200000,253193505,353280,28,20,1,3,26,0.0917,0.0870,0.0920,0.0893,0.0890,0.0914,0.0895,0.0926,0.0927,0.6973,0.5612,0.0912,0.0864,0.1811,0.2712,0.2033,2.9070
58400000,253288700,353265,30,21,2,1,24,0.1359,0.1287,0.0687,0.0631,0.0642,0.0699,0.0669,0.0666,0.0674,0.6525,0.1376,0.1365,0.0673,0.2020,0.0699,0.3050,2.3023
58600000,253401939,353467,31,21,0,2,5,0.0536,0.0520,0.1097,0.0525,0.0525,0.0542,0.1052,0.0557,0.0545,0.1078,0.2231,0.0553,0.0537,0.0557,0.1147,0.1237,1.3240
58800000,253479308,353471,32,18,1,1,15,0.5384,0.5254,0.2729,0.2533,0.2547,0.2679,0.2546,0.2733,0.2659,1.0808,1.6856,0.2565,0.2684,0.2731,0.2793,1.2310,7.9810
59000000,253622148,353544,29,18,0,1,15,0.1333,0.1282,0.1355,0.1247,0.1286,0.1390,0.1272,0.1378,0.1326,0.7961,1.1118,0.1351,0.1338,0.2730,0.1406,0.9188,4.6961
59200000,253762977,353559,28,32,0,0,6,0.2652,0.5173,0.2711,0.2490,0.2566,0.2712,0.2492,0.2755,0.2668,0.5575,0.5852,0.5441,0.2554,0.2611,0.5598,0.6076,5.9927
59400000,253894305,353527,28,18,2,2,41,0.2693,0.7710,0.5401,0.5028,0.5175,0.5380,0.5053,0.5421,0.2748,1.0900,1.1460,0.8044,0.5270,0.2682,0.8267,0.6086,9.7315
59600000,253983653,353539,29,18,0,0,67,0.2701,0.2555,0.2785,0.2569,0.2610,0.2776,0.2630,0.2861,0.2671,0.5400,0.5702,0.2691,0.2647,0.2739,0.2817,0.6101,5.2254
59800000,254132197,353564,32,18,0,3,8,0.1327,0.1275,0.2747,0.1253,0.1298,0.1320,0.1278,0.2792,0.1347,0.2564,0.2700,0.2683,0.1355,0.2722,0.2729,0.3049,3.2440
60000000,254237182,353555,32,18,0,2,52,0.2675,0.5107,0.2721,0.5046,0.2582,0.2733,0.5091,0.2749,0.2648,1.0383,0.5586,0.2658,0.2749,0.2718,0.2685,1.2132,7.0263
60200000,254425523,353581,30,19,2,3,103,0.2627,0.7818,0.2725,0.2574,0.2640,0.2633,0.2474,0.2729,0.2699,0.4970,1.1024,0.2648,0.2598,0.2718,0.2625,1.8604,7.4103
60400000,254574017,353640,31,19,2,1,15,0.2652,0.2574,0.2709,0.2542,0.2618,0.2585,0.2576,0.2674,0.2712,0.5111,0.5428,0.2606,0.2663,0.2753,0.2859,0.6080,5.1143
60600000,254705807,353671,26,19,1,0,10,0.2657,0.2591,0.2701,0.2591,0.2598,0.2637,0.2542,0.2676,0.2745,1.0521,1.1096,0.2724,0.2652,0.2709,0.2837,0.6093,6.2371
60800000,254818387,353774,26,30,0,0,5,0.2694,0.2682,0.5438,0.2649,0.2654,0.2697,0.2538,0.2619,0.2644,0.5312,0.5574,0.2684,0.2567,0.2634,0.2773,1.2259,6.0418
61000000,254930212,353769,25,30,0,1,7,0.2685,0.2558,0.2720,0.2545,0.2602,0.2672,0.2537,0.2687,0.2660,0.5374,0.5655,0.2753,0.2552,0.2686,0.2716,0.6084,5.1484
61200000,255089999,353826,26,19,0,1,5,0.1342,0.1275,0.1334,0.1265,0.1282,0.1349,0.1221,0.1397,0.1354,0.2602,0.2739,0.1331,0.1312,0.1332,0.1350,0.6083,2.8567
61400000,255200251,353804,25,19,0,0,7,0.0876,0.0855,0.0900,0.0847,0.0881,0.0891,0.0851,0.0883,0.0908,0.1715,0.1814,0.0895,0.0913,0.0930,0.0905,0.2040,1.7104
61600000,255394834,353851,28,19,0,3,9,0.2651,0.2473,0.2696,0.5093,0.5300,0.2714,0.2504,0.5340,0.2619,1.0275,1.0863,0.5373,0.2510,0.5442,0.2588,0.6072,7.4511
61800000,255512673,353932,29,19,0,1,8,0.2644,0.1315,0.1426,0.1277,0.1304,0.1355,0.1234,0.1352,0.2660,0.7757,0.8169,0.1364,0.2565,0.1329,0.1351,0.3061,4.0164
62000000,255651937,353996,30,19,0,1,23,0.0893,0.0850,0.1853,0.0865,0.0899,0.0902,0.0870,0.1816,0.0934,0.1748,0.1844,0.0914,0.0878,0.0921,0.0939,0.4082,2.1208
62200000,255797600,354092,34,19,0,2,32,0.2679,0.2539,0.2723,0.2479,0.2570,0.2709,0.2485,0.2657,0.2667,1.0441,1.0975,0.2698,0.2594,0.2550,0.5537,0.6104,6.4405
62400000,255882746,353951,35,19,2,0,22,0.2622,0.2654,0.5396,0.4974,0.5073,0.2666,0.2547,0.2657,0.2695,1.5617,1.6427,0.2664,0.2603,0.2659,0.2774,0.6118,8.0144
62600000,256014529,353948,37,19,1,0,152,0.1359,0.1335,0.1401,0.1293,0.1324,0.1355,0.1303,0.1336,0.1350,1.0403,1.0939,0.1382,0.1323,0.2700,0.1413,0.3078,4.3294
62800000,256205561,354071,37,19,2,1,65,0.2610,0.5206,0.2659,0.2583,0.2515,0.5376,0.2489,0.2681,0.5375,0.5214,0.5477,0.2679,0.2643,0.8090,0.2763,1.2315,7.0674
63000000,256311370,354093,34,19,3,1,19,0.2685,0.2584,0.2849,0.2576,0.2598,0.2723,0.2575,0.2645,0.2687,0.5422,0.5688,0.2606,0.2710,0.2695,0.2858,0.6121,5.2022
63200000,256376805,353989,40,19,1,1,43,0.2635,0.2552,0.2725,0.2517,0.2609,0.2688,0.2604,0.2745,0.2694,0.5338,0.5619,0.2691,0.2608,0.2737,0.2826,0.6107,5.1694
63400000,256506819,354014,41,19,5,0,199,0.2639,0.2543,0.2754,0.2574,0.2622,0.2736,0.2484,0.2691,0.2580,0.5423,0.5669,0.2725,0.2621,0.2654,0.5587,0.6105,5.4405
63600000,256607406,354032,35,19,0,0,204,0.1334,0.1248,0.1332,0.1288,0.1334,0.1386,0.1256,0.1360,0.1344,0.2656,0.2779,0.1336,0.1266,0.1342,0.1342,0.3029,2.5632
63800000,256766181,354134,40,25,0,0,28,0.2690,0.2555,0.2664,0.2503,0.2617,0.2674,0.2476,0.2661,0.2569,0.5159,0.5460,0.2663,0.2651,0.2658,0.3007,0.6113,5.1119
64000000,256948991,354278,39,25,1,0,18,0.2629,0.2534,0.5290,0.2493,0.2618,0.2622,0.2510,0.5374,0.2586,1.0305,1.0893,0.5302,0.2576,0.5238,0.2659,0.6090,7.1718
64200000,257142471,354307,35,28,0,1,66,0.2657,0.2495,0.2668,0.2537,0.2609,0.2635,0.2495,0.2714,0.2631,1.5661,1.6550,0.2650,0.2584,0.2641,0.2800,0.6084,7.2411
64400000,257257146,354425,33,19,0,0,9,0.2660,0.2642,0.2625,0.2565,0.2626,0.2680,0.5008,0.2673,0.2608,0.5405,0.5673,0.2678,0.2648,0.5308,0.5494,0.6083,5.9377
64600000,257439822,354463,34,19,0,0,9,0.2681,0.2556,0.2724,0.2529,0.2620,0.2829,0.2468,0.2603,0.2665,0.4806,0.5121,0.2631,0.2524,0.2740,0.2681,0.6098,5.0275
64800000,257526206,354482,31,19,0,0,11,0.2672,0.2621,0.1401,0.1333,0.1299,0.1339,0.2506,0.1328,0.2646,0.5046,0.2774,0.1327,0.1306,0.2683,0.1409,0.6100,3.7789
65000000,257643370,354340,33,19,0,0,8,0.2722,0.2550,0.2764,0.2542,0.2620,0.2709,0.2504,0.2683,0.2629,0.4909,0.5211,0.2686,0.2531,0.2746,0.2737,0.6079,5.0622
65200000,257770342,354332,35,19,1,1,51,0.1322,0.1253,0.1366,0.1266,0.1279,0.1382,0.1226,0.1372,0.1331,0.2667,0.2824,0.1324,0.1252,0.1320,0.1385,0.3023,2.5593
65400000,257949858,354323,37,19,2,0,75,0.2656,0.2587,0.2561,0.2505,0.2581,0.2676,0.2510,0.2652,0.2736,0.4936,0.5208,0.2657,0.2645,0.2635,0.2533,0.6068,5.0146
65600000,257969140,354296,36,19,3,2,18,0.2703,0.5195,0.2685,0.2575,0.2630,0.2676,0.4992,0.2718,0.2757,0.5498,0.5766,0.2625,0.2624,0.2744,0.2852,1.2042,6.3083
65800000,258130964,354294,37,19,0,1,15,0.2700,0.2514,0.5436,0.2526,0.2652,0.5349,0.7552,0.2665,0.2679,0.5374,0.5677,0.2594,0.2576,0.2591,0.2653,1.8343,7.3883
66000000,258219844,354344,41,19,2,1,26,0.1310,0.1310,0.1332,0.2547,0.1319,0.3998,0.1235,0.2684,0.1350,0.5291,0.5566,0.2599,0.1324,0.1313,0.1375,0.3066,3.7620
66200000,258410828,354387,41,19,4,1,153,0.5269,0.2512,0.2678,0.2535,0.5114,0.2664,0.2546,0.8065,0.2711,0.5242,0.5496,0.2665,0.2619,0.2680,0.5417,0.6112,6.4322
66400000,258545937,354532,38,19,1,1,88,0.2732,0.2597,0.2794,0.2616,0.2697,0.2818,0.2558,0.2729,0.2704,0.5153,0.5414,0.2754,0.2645,0.2738,0.2809,0.6128,5.1886
66600000,258652407,354638,34,19,0,2,12,0.5423,0.5289,0.5536,0.2527,0.2553,0.2597,0.5158,0.5440,0.2679,1.0520,1.1074,0.5385,0.2611,0.5592,0.2945,1.2317,8.7646
66800000,258738611,354570,35,27,0,0,27,0.1367,0.1289,0.1383,0.1267,0.1299,0.1390,0.1233,0.1352,0.1403,0.2671,0.2811,0.1347,0.1336,0.1378,0.1405,0.3068,2.5998
67000000,258846068,354615,41,27,0,2,123,0.2704,0.2558,0.2704,0.5142,0.2574,0.2575,0.2499,0.2727,0.2621,1.0489,0.5397,0.5394,0.5324,0.2745,0.2642,1.2307,7.0402
67200000,258916019,354616,38,28,1,2,19,0.2700,0.2696,0.2713,0.2481,0.2576,0.2748,0.2467,0.2853,0.2708,0.5493,0.5736,0.2722,0.2644,0.2730,0.2662,0.6099,5.2028
67400000,259087366,354818,40,28,0,4,14,0.2666,0.2460,0.2597,0.2549,0.2572,0.2804,0.2517,0.5547,0.2668,0.5146,1.1249,0.2741,0.2635,0.2639,0.2680,1.2268,6.5738
67600000,259194772,354920,42,29,0,4,16,0.5306,0.4939,0.2683,0.2555,0.2577,0.2754,0.2504,0.2714,0.5376,0.5321,0.5574,0.2586,0.5192,0.2712,0.2701,0.6102,6.1596
67800000,259297009,354900,39,29,1,3,17,0.3989,0.1285,0.1338,0.2553,0.1285,0.1358,0.2452,0.2692,0.4051,0.2656,0.5589,0.1315,0.3904,0.2681,0.1343,0.6093,4.4585
68000000,259360339,354849,36,29,1,0,6,0.0889,0.1709,0.1802,0.2538,0.1752,0.1804,0.2470,0.2708,0.3628,0.1754,0.5593,0.0875,0.0862,0.0892,0.0891,0.6088,3.6254
68200000,259484844,354981,34,31,0,1,13,0.2706,0.2524,0.2728,1.0350,0.8013,0.2688,0.2501,1.1006,1.3754,0.4939,0.5230,0.2661,0.2648,0.2740,0.5378,0.6082,8.5947
68400000,259518222,354866,31,19,2,0,5,0.1347,0.1323,0.1378,0.1271,0.1352,0.1323,0.1219,0.1386,0.1345,0.5019,0.5285,0.2679,0.1301,0.1318,0.4051,0.3035,3.4634
68600000,259604114,354838,30,19,1,1,54,0.0882,0.0889,0.0905,0.0852,0.0879,0.0930,0.0858,0.0937,0.0901,0.1762,0.1864,0.0881,0.0907,0.0893,0.0925,0.2035,1.7302
68800000,259682782,354821,34,19,0,2,22,0.2694,0.2534,0.2666,0.2653,0.5226,0.2653,0.5117,0.5512,0.2640,1.0628,1.1199,0.2675,0.2572,0.2771,0.2720,0.6103,7.0361
69000000,259872097,354874,34,19,1,1,48,0.1294,0.1257,0.1332,0.1250,0.1259,0.1321,0.1233,0.1328,0.1304,0.2539,0.2679,0.1300,0.1270,0.1329,0.1381,0.3040,2.5116
69200000,259882324,354767,36,19,3,1,12,0.2664,0.5148,0.5373,0.2609,0.2665,0.2659,0.2516,0.5414,0.5387,1.0454,1.0996,0.5375,0.5219,0.2655,0.5576,0.6102,8.0812
69400000,260022878,354783,38,19,0,0,15,0.5295,0.2493,0.8071,0.5177,0.5152,0.5317,0.2426,0.8059,0.8029,0.5196,1.6483,0.2648,0.2598,0.5289,0.8294,1.2167,10.2692
69600000,260134294,354884,41,19,5,3,56,0.2628,0.2588,0.2674,0.7744,0.7805,0.2620,0.2482,0.2700,0.2672,0.5213,0.5492,0.2599,0.5251,0.2620,1.1018,1.8236,8.4341
69800000,260247729,354831,41,19,0,0,25,0.2650,0.2506,0.2543,0.2582,1.0218,0.5193,0.2516,0.5344,0.5337,0.5108,0.5384,0.5247,0.7757,0.5208,0.2792,0.6081,7.6465
70000000,260354785,354878,36,18,1,1,25,0.1315,0.1270,0.1357,0.1275,0.1297,0.1341,0.1272,0.1380,0.1282,0.2710,0.2851,0.1283,0.1280,0.1359,0.1407,0.6088,2.8768
70200000,260476511,355029,42,19,2,4,23,0.0893,0.0852,0.0901,0.0859,0.1735,0.0923,0.0825,0.0923,0.0915,0.1728,0.3720,0.0935,0.1718,0.0886,0.0874,0.6088,2.4778
70400000,260568854,355064,43,19,0,1,37,0.5395,0.5203,0.5378,0.5210,0.7909,0.2758,0.5089,0.5633,0.5495,0.5199,1.6860,0.5554,0.7748,0.2607,0.5279,0.6086,9.7402
70600000,260679994,355122,39,19,1,3,29,0.1314,0.1284,0.1349,0.1279,0.1286,0.1342,0.1252,0.1373,0.1376,0.5209,1.1157,0.1333,0.1312,0.1311,0.1341,0.3055,3.6571
70800000,260852517,355088,39,19,0,1,11,0.0893,0.0852,0.0910,0.0858,0.0872,0.0929,0.0833,0.0884,0.0900,0.1689,0.1785,0.0875,0.0845,0.0893,0.0856,0.4059,1.8935
71000000,260939566,355138,36,19,2,2,26,0.5317,0.2537,0.5526,0.2494,0.2599,0.2713,0.5006,0.5416,0.2643,0.5139,0.5431,0.2571,0.2571,0.2695,0.5276,0.6113,6.4046
71200000,261091656,355105,37,19,1,0,13,0.2700,0.5078,0.8194,0.2619,0.5171,0.2674,0.2632,0.8047,0.2598,1.0234,1.0792,0.2503,0.5187,0.5342,0.7997,0.6069,8.7834
71400000,261264432,355142,39,21,3,1,15,0.2611,0.2513,0.2839,0.2499,0.2524,0.2723,0.2421,0.2680,0.2640,0.5286,0.5555,0.2626,0.2562,0.2633,0.2694,0.6055,5.0863
71600000,261325368,355154,35,23,0,2,8,0.5280,0.2623,0.2694,0.2594,0.5125,0.2617,0.2514,0.2780,0.2685,0.5234,0.5523,0.2746,0.2584,0.2786,0.5379,0.6102,5.9267
71800000,261377466,355062,38,31,0,0,39,0.1329,0.1287,0.1364,0.1287,0.1302,0.1356,0.1235,0.1394,0.1340,0.2649,0.2773,0.1347,0.1334,0.1347,0.1419,0.6106,2.8870
72000000,261432518,355029,44,31,1,2,59,0.0894,0.1751,0.0884,0.0842,0.0859,0.0891,0.0826,0.0896,0.0882,0.1678,0.1779,0.0879,0.0868,0.0931,0.1811,0.2028,1.8699
72200000,261583826,355090,47,31,0,4,40,0.2665,0.7834,0.2656,0.5040,0.2603,0.2721,0.2494,0.2638,0.2671,1.0167,1.0749,0.2579,0.2539,0.2658,0.2702,1.2168,7.4884
72400000,261705745,355142,41,31,3,2,40,0.1303,0.1297,0.1339,0.1251,0.1282,0.1330,0.1268,0.1290,0.1354,0.2548,0.2680,0.1318,0.1293,0.1342,0.1422,0.3025,2.5343
72600000,261844692,355123,41,32,2,2,48,0.2644,0.2559,0.2780,0.2534,0.2506,0.2676,0.2425,0.2663,0.2729,0.4871,0.5146,0.2590,0.2610,0.2670,0.2645,0.6094,5.0141
72800000,261914597,355253,42,32,4,2,60,0.2655,0.2567,0.5434,0.2592,0.5065,0.5340,0.4910,0.2748,0.5344,0.5209,1.0506,0.2706,0.2710,0.2722,0.2821,1.2028,7.5357
73000000,262043028,355230,46,34,3,1,74,0.2664,0.5120,0.2650,0.2528,0.2620,0.8069,0.2513,0.2664,0.2729,0.4949,0.5283,0.2682,0.2628,0.5356,0.5580,0.6090,6.4124
73200000,262088286,355250,46,38,1,2,41,0.5333,0.2624,0.2702,0.2524,0.2585,0.2681,0.2531,0.2696,0.2688,0.5512,0.5766,0.2690,0.2615,0.2640,0.8450,0.6094,6.0130
73400000,262175832,355193,44,38,4,3,49,0.1371,0.1322,0.1412,0.1274,0.1288,0.1335,0.1249,0.1335,0.1311,0.2506,0.2649,0.1341,0.1323,0.1339,0.1367,0.6081,2.8504
73600000,262285974,355319,44,38,7,0,94,0.2672,0.2523,0.2837,0.2536,0.2558,0.2678,0.2483,0.2716,0.2692,0.5096,0.5365,0.5406,0.2599,0.2590,0.2683,0.6087,5.3521
73800000,262304564,355291,45,38,4,4,121,0.1346,0.1312,0.1391,0.1278,0.1288,0.1325,0.1235,0.1334,0.1335,0.2648,0.5437,0.4026,0.2631,0.1326,0.2721,0.6093,3.6727
74000000,262340563,355279,49,39,7,5,97,0.2757,0.5199,0.2647,0.2519,0.2701,0.2707,0.2573,0.5293,0.2778,1.0691,1.6491,0.2637,0.2655,0.2629,0.8195,0.6104,7.8574
74200000,262372159,355312,51,39,5,4,124,0.2700,0.2523,0.5443,0.5126,0.2660,0.2702,0.2623,0.8131,0.2712,1.6122,0.5631,0.2731,0.5316,0.5405,0.2827,0.6071,7.8721
74400000,262408703,355252,51,39,5,1,85,0.5418,0.5050,0.8191,0.2639,0.2655,0.2782,0.2584,1.0907,0.2721,0.5404,0.5683,0.2801,0.2604,0.2701,0.2750,1.2184,7.7075
74600000,262564905,355405,53,41,2,2,181,0.2633,0.2565,0.2730,0.2557,0.2551,0.2725,0.2588,0.2597,0.2773,0.5186,0.5450,0.2777,0.2763,0.2652,0.2686,0.6092,5.1326
74800000,262569903,355390,46,41,2,4,69,0.1342,0.1301,0.1402,0.1259,0.1318,0.1374,0.1271,0.1380,0.1344,0.2601,0.2737,0.1288,0.1350,0.1358,0.1379,0.6092,2.8798
75000000,262656180,355348,45,41,3,1,55,0.2694,0.2550,0.2710,0.2532,0.2664,0.5442,0.2601,0.2810,0.2814,1.0391,1.0936,0.2768,0.2602,0.5427,0.2731,0.6101,6.7772
75200000,262751445,355281,44,41,3,2,63,0.1337,0.1289,0.1360,0.1254,0.1285,0.1340,0.1278,0.1318,0.1321,0.2729,0.2857,0.1360,0.1333,0.1343,0.1371,0.6085,2.8860
75400000,262832757,355260,43,41,3,1,44,0.2721,0.2696,0.2749,0.2555,0.2651,0.2754,0.2461,0.2650,0.2756,0.5271,0.5524,0.2672,0.2626,0.5282,0.5542,0.6087,5.6996
75600000,262910329,355380,42,41,2,0,15,0.1341,0.1335,0.1351,0.1277,0.1318,0.1324,0.1241,0.1386,0.1346,0.5329,0.5610,0.1365,0.1326,0.1373,0.1392,0.3064,3.1379
75800000,262893880,355309,45,41,1,1,38,0.2717,0.2636,0.2779,0.2590,0.5214,0.2741,0.2655,0.5553,0.2720,0.5595,0.5892,0.2668,0.2636,0.2790,0.5626,0.6117,6.0928
76000000,263002370,355419,48,41,4,1,47,0.2717,0.2536,0.2668,0.2520,0.2670,0.2702,0.2548,0.2665,0.2797,0.5103,0.5366,0.2610,0.2608,0.2532,0.2715,0.6088,5.0843
76200000,263080053,355439,44,42,1,2,51,0.2689,0.5097,0.2727,0.2585,0.5282,0.5415,0.5087,0.2681,0.5343,0.5157,0.5438,0.2585,0.5232,0.5283,0.5541,0.6080,7.2221
76400000,263180162,355341,40,42,4,2,47,0.5407,0.7805,0.2665,0.2559,0.8048,0.8171,0.7760,0.5435,0.2659,1.0517,0.5608,0.5336,0.7989,0.8004,0.8335,0.6087,10.2386
76600000,263213084,355395,37,23,2,2,28,0.1375,0.1323,0.2717,0.1318,0.1342,0.1405,0.1289,0.1368,0.2716,0.7824,0.5530,0.1395,0.5322,0.1369,0.1451,0.3066,4.0811
76800000,263193834,355295,39,42,0,3,18,0.2755,0.2671,0.2745,0.2544,0.5253,0.2800,0.5096,0.2812,0.7976,2.0796,0.5754,0.2638,0.2644,0.2666,0.5805,0.6110,8.1064
77000000,263355714,355373,37,43,2,2,58,0.2649,0.2618,0.2678,0.2495,0.2532,0.2679,0.2496,0.2638,0.2667,0.5269,0.5546,0.2592,0.2559,0.2582,0.2640,0.6074,5.0715
77200000,263390879,355436,37,43,4,6,55,0.1342,0.1309,0.1342,0.1300,0.1332,0.1377,0.1290,0.1361,0.1321,0.2605,0.2745,0.1395,0.1336,0.1327,0.1372,0.3028,2.5781
77400000,263472155,355391,39,42,3,2,53,0.2666,0.2551,0.2705,0.2610,0.2570,0.2723,0.2452,0.2629,0.2633,0.5378,0.5671,0.2609,0.2520,0.2632,0.2785,0.6076,5.1210
77600000,263506791,355409,41,43,0,4,44,0.2757,0.2626,0.2676,0.2608,0.2635,0.2628,0.2613,0.2755,0.5275,0.5319,0.5577,0.5284,0.2685,0.2669,0.2616,1.2036,6.2759
77800000,263544089,355411,36,43,6,2,57,0.2671,0.5279,0.2729,0.2627,0.5245,0.5461,0.5244,0.5540,0.2719,0.5304,1.1246,0.8073,0.2706,0.2785,0.2760,1.8334,8.8723
78000000,263699905,355446,35,44,4,2,40,0.2670,0.1274,0.1334,0.1279,0.1291,0.1341,0.3882,0.1358,0.1314,0.2435,0.2587,0.1318,0.1321,0.1330,0.2725,0.3054,3.0515
78200000,263784075,355416,38,44,4,1,31,0.7929,0.5222,0.5325,0.5065,0.2628,0.2723,0.2523,0.2717,0.2747,0.9715,0.5223,0.2638,0.2628,0.5332,0.2708,1.2095,7.7219
78400000,263833069,355450,37,44,2,1,39,0.1321,0.1293,0.1357,0.1260,0.1295,0.1347,0.1263,0.1360,0.1397,0.2631,0.2760,0.1339,0.1353,0.1374,0.1394,0.3057,2.5800
78600000,263906788,355406,38,38,2,0,44,0.2676,0.2682,0.2713,0.2483,0.2574,0.2730,0.2572,0.2807,0.2720,0.5304,0.5568,0.2693,0.2545,0.2622,0.2841,0.6092,5.1622
78800000,264026412,355424,38,39,3,1,70,0.1317,0.1249,0.1317,0.2520,0.1316,0.1341,0.1268,0.1323,0.2657,0.2569,0.2700,0.2710,0.1259,0.1311,0.2723,0.3024,3.0604
79000000,264109115,355508,35,39,2,0,101,0.2652,0.2580,0.2748,0.2525,0.2611,0.2695,0.2657,0.2642,0.2747,0.5147,1.0694,0.2605,0.2591,0.2691,0.2748,0.6093,5.6426
79200000,264228540,355534,40,39,2,1,48,0.5396,0.2528,0.2715,0.2595,0.5291,0.2699,0.2424,0.2676,0.5471,1.0464,1.6378,0.5359,0.5141,0.5432,0.2698,0.6067,8.3335
79400000,264298697,355600,36,43,7,0,73,0.1359,0.2566,0.1350,0.1305,0.1298,0.1393,0.1302,0.1379,0.1367,0.7886,0.2849,0.1333,0.1332,0.4052,0.1428,0.3062,3.5261
79600000,264366560,355672,38,43,2,3,75,0.2672,0.2613,0.2699,0.2565,0.5265,0.2690,0.2518,0.2706,0.2738,2.1195,1.1270,0.5423,0.2560,0.2722,0.2769,1.2302,8.4707
79800000,264480312,355763,38,43,4,0,77,0.2696,0.2568,0.2740,0.2603,0.2518,0.2650,0.2448,0.2673,0.2664,0.4889,0.5201,0.2587,0.2518,0.2703,0.2680,0.6076,5.0214
80000000,264576739,355759,35,35,1,1,56,0.2750,0.2551,0.5560,0.5217,0.2622,0.2635,0.5035,0.5381,0.5313,1.0017,1.0601,0.5414,0.2732,0.5386,0.2699,0.6067,7.9977
80200000,264636949,355706,37,36,2,0,121,0.2710,0.2606,0.2731,0.2597,0.2561,0.2685,0.2483,0.2761,0.2690,0.5254,0.5541,0.2699,0.2575,0.2638,0.2660,0.6109,5.1301
80400000,264729483,355744,38,36,4,3,114,0.2684,0.5247,0.2702,0.2565,0.2649,0.2647,0.2580,0.2643,0.2687,0.4905,0.5210,0.2679,0.2564,0.2659,0.2683,1.2193,5.9295
80600000,264764107,355751,46,36,5,2,122,0.2750,0.2659,0.2699,0.2584,0.2651,0.2685,0.2531,0.2842,0.2669,0.5194,0.5461,0.2700,0.2731,0.2652,0.5401,0.6089,5.4297
80800000,264860364,355766,43,30,5,0,88,0.5457,0.5282,0.2798,0.2556,0.2596,0.5431,0.4993,0.2800,0.5366,0.5181,0.5444,0.5372,0.2618,0.2607,0.2637,0.6085,6.7224
81000000,264952151,355771,43,31,0,2,59,0.8173,0.7870,0.2823,0.2557,0.2600,0.8142,0.7533,0.2738,0.8057,0.5281,0.5521,0.2681,0.5202,0.5103,0.5425,1.2182,9.1887
81200000,265011422,355819,44,32,6,1,107,0.2703,0.2568,0.2696,0.2637,0.2589,0.2734,0.2515,0.2787,0.2649,0.5310,0.5579,0.2673,0.2602,0.2731,0.2615,0.6101,5.1490
81400000,265048409,355794,45,32,0,0,79,0.2712,0.5127,0.5385,0.2542,0.5199,0.5466,0.2600,0.5456,0.5292,1.0665,1.1203,0.5382,0.2709,0.2684,0.2790,1.2121,8.7330
81600000,265113282,355807,45,33,6,5,86,0.2690,0.2683,0.2782,0.2605,0.2493,0.2741,0.2718,0.2670,0.2704,0.5311,1.6870,0.2624,0.2533,0.2700,0.2917,0.6111,6.3151
81800000,265200567,355842,52,33,3,2,110,0.1349,0.1338,0.2758,0.1306,0.1332,0.2721,0.1244,0.1374,0.1351,0.5335,0.2826,0.1314,0.1282,0.1328,0.1406,0.6107,3.4371
82000000,265203118,355793,54,33,7,6,144,0.2754,0.5333,0.2771,0.2554,0.2636,0.8154,0.2619,0.2677,0.5479,1.5864,1.1180,0.2736,0.2643,0.2637,0.2848,0.6117,7.9002
82200000,265208523,355780,54,33,8,4,91,0.2741,0.2592,0.2700,0.2565,0.5213,0.2755,0.2644,0.2796,0.2660,0.5422,0.5693,0.2699,0.2656,0.2677,0.2747,0.6097,5.4654
82400000,265253443,355774,55,37,7,1,83,0.1355,0.1288,0.1385,0.1322,0.3895,0.1387,0.1244,0.1321,0.1414,0.5335,0.2762,0.2699,0.1359,0.1356,0.2796,0.6106,3.7027
82600000,265296954,355860,54,37,3,3,130,0.0917,0.0895,0.0911,0.1750,0.3494,0.1830,0.1684,0.0888,0.0890,0.1757,0.1846,0.0882,0.0901,0.0912,0.0908,0.6106,2.6570
82800000,265363395,355781,50,38,3,1,75,0.2647,0.2708,0.2710,0.7761,0.2693,0.2730,0.7611,0.2658,0.5326,1.0710,1.1265,0.5328,0.2589,0.2687,0.2746,2.4319,9.6488
83000000,265422242,355818,51,39,7,1,87,0.5423,0.2612,0.2615,1.0487,0.5402,0.2810,0.2631,0.2739,0.8266,0.5369,0.5638,0.8089,0.5374,0.5503,0.2858,0.6111,8.1927
83200000,265526259,355807,47,34,5,2,61,0.2664,0.2610,0.2625,0.2575,0.2617,0.2715,0.2491,0.2733,0.2670,0.4918,0.5157,0.2777,0.2605,0.2706,0.2737,1.2137,5.6735
83400000,265626369,355863,46,35,6,2,117,0.2669,0.2528,0.2736,0.2520,0.2583,0.2608,0.2507,0.2577,0.2671,0.5175,0.5476,0.2552,0.5193,0.2749,0.2764,0.6085,5.3393
83600000,265768321,355857,47,36,5,3,95,0.5324,0.2605,0.2690,0.2577,0.2598,0.5314,0.2515,0.5172,0.2690,0.5064,0.5351,0.2718,0.7795,0.2642,0.5559,1.2107,7.2722
83800000,265860862,355963,46,36,3,0,83,0.2679,0.2595,0.2613,0.2546,0.5286,0.2710,0.2496,0.8003,0.2698,0.5249,0.5521,0.2652,1.0452,0.2663,0.2816,1.8336,7.9318
84000000,265916105,355930,52,36,1,0,125,0.2704,0.2581,0.2689,0.2533,0.2657,0.2630,0.2548,0.2653,0.5438,1.0552,1.1109,0.2601,0.2662,0.2690,0.2766,0.6110,6.4923
84200000,266004142,355997,52,36,5,3,141,0.1369,0.1335,0.1340,0.1303,0.2670,0.1403,0.1232,0.1374,0.1333,0.2598,0.2742,0.1341,0.1338,0.2668,0.2746,0.3065,2.9857
84400000,266120175,356046,51,36,4,1,114,0.0870,0.0835,0.0914,0.1729,0.0856,0.1838,0.1681,0.1800,0.0867,0.3414,0.3601,0.1798,0.0861,0.0875,0.0916,0.2015,2.4869
84600000,266143596,356094,49,37,7,1,90,0.2708,0.2653,0.5473,0.2555,0.2560,0.8228,0.2591,0.2837,0.2582,0.5308,0.5594,0.2731,0.2692,0.2708,0.5540,1.2135,6.8895
84800000,266213641,356095,40,37,1,4,85,0.2707,0.2639,0.2675,0.2526,0.2597,0.2634,0.2490,0.2705,0.2629,0.5358,0.5606,0.2740,0.2702,0.2752,0.2672,0.6125,5.1555
85000000,266245840,356118,36,37,3,2,74,0.1360,0.2634,0.2686,0.2609,0.1329,0.1424,0.2559,0.1402,0.1382,0.5417,0.2906,0.1416,0.1334,0.1432,0.1413,0.6120,3.7424
85200000,266316547,356101,40,37,4,1,64,0.2774,0.2612,0.8030,0.2614,0.5263,0.5541,0.2596,0.5497,0.2732,1.6031,0.5533,0.5487,0.2677,0.2708,0.2730,1.8283,9.1107
85400000,266382520,356100,34,37,3,3,40,0.2677,0.5156,1.0948,0.5261,0.7906,0.2758,0.2580,0.2692,0.5675,0.5378,1.1347,0.8317,0.2590,0.5514,0.2780,2.4935,10.6513
85600000,266479343,356092,39,37,2,0,45,0.2633,0.2521,0.2689,0.2510,0.2598,0.2617,0.2485,0.2634,0.2610,0.5351,0.5594,0.2697,0.2555,0.8130,0.2617,0.6114,5.6355
85800000,266471829,356098,38,37,4,0,52,0.2695,0.2597,0.1418,0.1317,0.1344,0.1396,0.1350,0.2665,0.1470,0.5495,0.5761,0.2765,0.2622,0.1429,0.1504,0.3120,3.8947
86000000,266495892,355988,39,37,2,2,49,0.2671,0.7856,0.5538,0.2559,0.5343,0.2700,0.2561,0.2781,0.2841,0.5453,0.5719,0.8110,0.2667,0.2703,0.2862,1.2337,7.4699
86200000,266574911,355977,37,37,1,1,27,0.5412,1.0399,0.8320,0.5173,0.7994,0.5491,0.2581,0.5465,0.5631,0.5269,0.5563,0.2654,0.2650,0.5479,0.2671,1.8503,9.9256
86400000,266684214,355955,41,37,2,0,58,0.8159,1.3041,0.2668,0.2558,1.0681,0.2720,0.2627,0.8108,0.8376,1.0577,1.1170,0.2642,0.2685,0.8280,0.2775,0.6094,10.3159
86600000,266785408,356043,35,37,3,2,43,0.2712,0.2492,0.2715,0.2543,0.2617,0.2665,0.2560,0.2770,0.2690,0.5277,0.5562,0.2671,0.2567,0.2767,0.2747,1.2088,5.7442
86800000,266775220,356005,37,37,1,2,47,0.2774,0.2682,0.5475,0.2636,0.2719,0.2746,0.5108,0.5555,0.2779,0.5492,0.5748,0.2764,0.5241,0.5451,0.2828,0.6113,6.6112
87000000,266741743,355964,41,37,4,5,101,0.2747,0.2683,0.2761,0.2623,0.2574,0.2799,0.2594,0.2782,0.2678,0.5352,0.5621,0.2662,0.2711,0.2767,0.2798,0.6128,5.2280
87200000,266865070,356056,42,37,1,4,171,0.1345,0.2660,0.1304,0.1256,0.1308,0.1338,0.1235,0.1341,0.2716,0.2594,0.2727,0.1302,0.1324,0.1306,0.1294,0.3036,2.8086
87400000,266863099,356055,46,37,5,1,78,0.2658,0.7972,0.2772,0.2587,0.2695,0.2695,0.2625,0.2770,0.2731,0.5644,0.5894,0.2704,0.2720,0.2696,0.2810,1.2212,6.4184
87600000,266950375,356172,43,37,2,4,101,0.2698,0.2538,0.2778,0.5105,0.2650,0.2706,0.2476,0.2708,0.2728,1.0565,1.1083,0.2700,0.2651,0.2833,0.2838,0.6099,6.5153
87800000,266960372,356114,42,37,2,2,158,0.2727,0.2622,0.2820,0.2618,0.2600,0.2662,0.2527,0.2641,0.2708,0.5452,0.5743,0.2653,0.2629,0.2704,0.5585,0.6063,5.4752
88000000,267079806,356226,37,37,0,0,50,0.2664,0.5234,0.5591,0.2618,0.2552,0.2650,0.5080,0.2684,0.5588,1.0778,0.5439,0.2638,0.2554,0.2647,0.8488,0.6075,7.3278
88200000,267029019,356343,38,32,2,4,128,0.5394,0.2679,0.8334,0.5169,0.2628,0.5368,0.2605,0.2725,0.8286,0.5368,0.5626,0.2780,0.2721,0.5335,1.1377,1.2192,8.8586
88400000,267121451,356347,40,32,1,3,86,0.2681,0.2524,1.1031,0.7620,0.2557,0.2648,0.5003,0.2707,0.2716,1.0463,1.1000,0.2658,0.5320,0.7931,1.4134,0.6105,9.7096
88600000,267170465,356326,39,32,1,2,56,0.2635,0.2635,0.2631,0.2597,0.5175,0.2723,0.2586,0.5490,0.2638,1.5869,1.6681,0.2700,0.2600,1.0784,1.7050,0.6106,10.0898
88800000,267190664,356379,41,32,2,2,108,0.1352,0.1312,0.1403,0.1293,0.1314,0.1418,0.2535,0.1353,0.1369,0.2675,0.2818,0.1414,0.1356,0.1381,0.1419,0.3103,2.7513
89000000,267216231,356388,43,32,1,1,61,0.5396,0.2536,0.5543,0.2571,0.2562,0.5651,0.2534,0.5356,0.5602,0.5427,1.1310,0.2790,0.5379,0.2641,0.2934,0.6111,7.4342
89200000,267274885,356399,41,32,1,1,64,0.2662,0.2614,0.2807,0.5097,0.5135,0.2720,0.5047,0.8073,0.2645,0.5166,0.5437,0.2735,0.2678,0.5286,0.2780,0.6098,6.6980
89400000,267358405,356366,43,32,0,0,110,0.2713,0.2603,0.2743,0.2580,0.2569,0.2699,0.2615,0.2659,0.2694,1.0335,1.0902,0.2700,0.2585,0.2751,0.2689,0.6093,6.1930
89600000,267413408,356308,40,31,1,1,59,0.1362,0.2620,0.1369,0.2600,0.1313,0.2719,0.1283,0.1370,0.1318,0.7725,0.8151,0.1345,0.1309,0.2699,0.1386,0.3045,4.1613
89800000,267443146,356289,39,31,2,2,83,0.2840,0.2596,0.5462,0.2605,0.2604,0.2716,0.2532,0.2756,0.2596,2.0441,2.1523,0.2687,0.2623,0.2685,0.2663,0.6111,8.5436
90000000,267419148,356272,37,31,0,0,52,0.2730,0.5258,0.2773,0.2642,0.5268,0.5406,0.5101,0.5478,0.5430,0.5666,0.5965,0.2690,0.5309,0.5482,0.3022,0.6118,7.4338
90200000,267546799,356365,34,31,0,1,51,0.2662,0.7804,0.2755,0.5134,0.7810,0.2718,0.7627,0.2541,0.2753,1.0761,0.5424,0.2726,0.2550,0.8117,0.5669,1.2179,8.9229
90400000,267459043,356222,33,31,0,0,112,0.1371,0.1344,0.1399,0.1247,0.1356,0.1383,0.1332,0.1407,0.1429,0.2827,0.2937,0.1412,0.1340,0.1358,0.4311,0.9156,3.5608
90600000,267577668,356298,32,31,1,2,53,0.2645,0.5231,0.5476,0.4993,0.2590,0.2657,0.2581,0.2749,0.5493,1.0846,1.1329,0.5621,0.5286,0.5424,1.1471,0.6100,9.0492
90800000,267646242,356295,34,31,0,2,32,0.1315,0.1249,0.1313,0.1267,0.1237,0.1330,0.1210,0.1312,0.1296,0.2765,0.2893,0.1338,0.1262,0.1371,0.1387,0.6105,2.8649
91000000,267696321,356203,35,31,0,3,39,0.2726,0.2551,0.2830,0.2594,0.2629,0.2782,0.2518,0.2786,0.2761,0.4977,0.5265,0.2719,0.2749,0.2715,0.2754,1.8312,6.3665
91200000,267736757,356180,36,31,1,3,52,0.1327,0.1312,0.1402,0.1305,0.1288,0.1359,0.1281,0.1346,0.1346,0.2744,0.5496,0.1356,0.1400,0.1396,0.1400,1.2187,3.7945
91400000,267813275,356242,35,31,1,3,69,0.0915,0.1746,0.0944,0.0864,0.0869,0.0902,0.0862,0.1800,0.0880,0.3570,0.5492,0.1840,0.0886,0.0893,0.0935,1.0178,3.3575
91600000,267853826,356190,33,31,1,4,10,0.2691,0.2548,0.5638,0.2553,0.2578,0.2683,0.2554,0.2742,0.5420,1.6401,2.2545,0.2731,0.2573,0.2632,0.2834,0.6096,8.5217
91800000,267937444,356097,31,31,0,1,13,0.1352,0.1288,0.1394,0.1293,0.1311,0.1356,0.1289,0.1307,0.1296,0.2690,0.2825,0.1393,0.1308,0.1349,0.1317,0.3070,2.5836
92000000,268052289,356282,30,31,0,1,12,0.2707,0.2491,0.2750,0.2502,0.2572,0.2669,0.2537,0.2619,0.2652,0.5131,0.5399,0.2721,0.2586,0.2792,0.2718,0.6089,5.0934
92200000,268085378,356274,32,31,3,0,6,0.2770,0.2628,0.2707,0.2559,0.2621,0.2642,0.2486,0.2640,0.2599,0.5252,0.5518,0.2694,0.2607,0.2658,0.5455,1.2195,6.0029
92400000,268148055,356299,36,31,0,1,76,0.1337,0.1297,0.1318,0.1282,0.1277,0.1355,0.1268,0.1398,0.1361,0.2630,0.2773,0.1349,0.1310,0.1314,0.1324,0.3021,2.5612
92600000,268125115,356320,33,31,1,3,12,0.5392,0.5182,0.2760,0.2664,0.2549,0.2731,0.2558,0.2721,0.5463,1.0723,1.1269,0.2598,0.5279,0.2726,0.2767,0.6140,7.3522
92800000,268145642,356229,32,31,0,0,6,0.1382,0.3901,0.2751,0.1313,0.1344,0.2738,0.1313,0.1372,0.4066,0.2846,0.2989,0.2698,0.1310,0.1331,0.1397,0.6129,3.8878
93000000,268264422,356199,32,31,0,0,4,0.2698,0.2509,0.2811,0.2601,0.2546,0.8203,0.5225,0.2558,0.2586,0.5225,0.5496,0.2706,0.2539,0.2640,0.2719,1.8481,7.1544
93200000,268361963,356309,29,31,1,2,5,0.2693,0.1293,0.1351,0.2568,0.1287,0.1356,0.3879,0.1385,0.1377,0.2658,0.5548,0.1335,0.2513,0.1359,0.2705,0.3051,3.6357
93400000,268438830,356270,29,31,0,0,0,0.2751,0.2599,0.2713,0.2610,0.2688,0.2774,0.2622,0.2829,0.2698,0.5259,0.5561,0.2713,0.2606,0.2675,0.2687,0.6100,5.1885
93600000,268595343,356304,29,31,0,1,2,0.1312,0.1258,0.1312,0.1282,0.1248,0.1309,0.1230,0.1375,0.1281,0.2556,0.2699,0.1282,0.1259,0.1285,0.1350,0.6104,2.8141
93800000,268599166,356325,26,31,0,0,3,0.0909,0.0861,0.0896,0.0903,0.0887,0.0921,0.0832,0.0945,0.0874,0.1820,0.1921,0.0924,0.0929,0.0938,0.0957,0.2045,1.7563
94000000,268699352,356367,25,31,0,1,9,0.2706,0.5073,0.2635,0.2598,0.2583,0.2722,0.2645,0.2627,0.5329,1.0523,0.5331,0.2681,0.2594,0.2646,0.2642,1.2225,6.7559
94200000,268787108,356381,26,31,0,0,9,0.1354,0.1262,0.1362,0.1298,0.1305,0.1353,0.1247,0.1337,0.1331,0.2564,0.2710,0.1317,0.1388,0.1372,0.1399,0.9149,3.1750
94400000,268714311,356294,26,31,0,1,12,0.2798,0.2684,0.2701,0.2657,0.2697,0.2756,0.5107,0.5512,0.2702,0.5385,0.5702,0.2763,0.2707,0.5661,0.5746,0.6123,6.3699
94600000,268739982,356240,29,31,1,1,3,0.2665,0.2682,0.2876,0.2653,0.2583,0.2685,0.7734,0.2717,0.2776,1.0827,0.5664,0.2665,0.2577,0.2733,0.2795,0.6132,6.2763
94800000,268786541,356311,30,31,0,1,7,0.2700,0.2576,0.2688,0.2507,0.5170,0.2681,0.2467,0.2746,0.2683,0.5341,0.5634,0.2718,0.2645,0.2655,0.2782,1.2174,6.0168
95000000,268878688,356344,32,31,1,1,59,0.2711,0.5091,0.5437,0.5011,0.7676,0.5372,0.5056,0.2700,0.2652,1.0596,0.5615,0.2809,0.5247,0.2693,0.2694,1.8126,8.9485
95200000,269002588,356326,33,31,0,1,27,0.2653,0.2552,0.2637,0.2571,0.2567,0.2697,0.2610,0.2665,0.2611,0.5046,0.5358,0.2680,0.2575,0.2673,0.2745,2.4510,6.9149
95400000,269063815,356321,31,31,1,0,69,0.2687,0.2617,0.2713,0.2608,0.2675,0.2778,0.2692,0.2699,0.2774,0.5130,0.5439,0.2692,0.2705,0.2799,0.2772,3.0600,7.6376
95600000,269157458,356287,31,31,1,3,59,0.5308,0.2618,0.2625,0.2533,0.2589,0.2681,0.2615,0.2775,0.2767,0.5170,0.5477,0.2783,0.2704,0.2682,0.5495,3.6080,8.6899
95800000,269240588,356282,33,31,0,3,42,0.2667,0.5227,0.2768,0.2553,0.5242,0.5428,0.5142,0.5571,0.2685,0.5139,1.0982,0.5487,0.5403,0.5387,0.8304,0.6113,8.4097
96000000,269368305,356280,28,31,2,2,57,0.2694,0.2602,0.2678,0.2503,0.2541,0.2672,0.2587,0.2740,0.2700,0.5201,0.5459,0.2607,0.2556,0.2580,0.2794,0.6098,5.1010
96200000,269475374,356287,26,31,1,0,46,0.2667,0.2508,0.2775,0.2621,0.2526,0.2604,0.2513,0.2729,0.2712,1.0280,1.0775,0.2741,0.2620,0.2584,0.2775,0.6111,6.1542
96400000,269523259,356487,28,34,3,2,151,0.5419,0.2638,0.5517,0.5278,0.2650,0.5298,0.2490,0.5532,0.5467,0.5215,0.5501,0.5395,0.2778,0.5317,0.2823,1.2225,7.9540
96600000,269627063,356502,27,37,2,1,64,0.2698,0.2560,0.2705,0.2619,0.2651,0.2624,0.2507,0.2683,0.2647,0.5164,1.0909,0.2595,0.2602,0.8026,0.2644,1.8274,7.3907
96800000,269680643,356432,26,37,0,0,6,0.5434,0.2619,0.5446,0.5234,0.5290,0.2785,0.5066,0.5474,0.5256,1.0265,0.5436,0.5315,0.2670,1.0718,0.2773,0.6111,8.5893
97000000,269701016,356463,26,37,1,1,74,0.8077,0.2681,0.2730,0.7822,0.2583,0.2688,0.2636,0.2719,0.7962,0.5423,0.5669,0.2764,0.5333,0.2812,0.5580,0.6111,7.3589
97200000,269739731,356475,26,37,0,0,63,0.2688,0.2612,0.5587,0.2626,0.2505,0.5525,0.5304,0.2754,1.1011,0.5312,0.5593,0.2662,0.2607,0.2681,0.8533,0.6125,7.4125
97400000,269767146,356338,26,37,1,1,32,0.2700,0.2580,0.2719,0.2672,0.2590,0.2774,0.2614,0.5442,0.2704,1.0830,1.1375,0.2756,0.2589,0.2680,0.2686,1.2164,7.1873
97600000,269776572,356367,26,37,1,1,39,0.1402,0.1295,0.1362,0.1321,0.1309,0.1337,0.1282,0.1404,0.1374,0.2567,0.2721,0.1413,0.1357,0.1383,0.1378,0.3067,2.5972
97800000,269859405,356404,29,37,1,0,194,0.0878,0.0875,0.1827,0.0841,0.0851,0.0883,0.1697,0.0876,0.0872,0.3457,0.3652,0.0916,0.0839,0.0865,0.0914,0.4076,2.4320
98000000,269956276,356457,30,37,0,1,76,0.2649,0.5173,0.2624,0.5029,0.2496,0.5359,0.7671,0.5319,0.5363,0.5146,1.6390,0.5474,0.5247,0.5261,0.5393,0.6106,9.0700
98200000,269985728,356432,28,37,1,0,100,0.1360,0.1275,0.1421,0.3837,0.1297,0.4056,0.5154,0.1380,0.4050,0.2637,0.2784,0.1348,0.1330,0.1349,0.4063,0.3046,4.0388
98400000,270077547,356523,25,37,0,0,0,0.0933,0.1720,0.0950,0.0879,0.0883,0.0925,0.0864,0.0923,0.0922,0.1755,0.1859,0.0931,0.0875,0.0938,0.0968,0.2081,1.8405
98600000,270227486,356578,25,37,0,0,26,0.2669,0.2528,0.2691,0.2543,0.5260,0.2708,0.2538,0.5444,0.2637,0.5206,0.5499,0.5541,0.2606,0.5468,0.2728,1.2370,6.8435
98800000,270292413,356584,26,37,1,1,33,0.1353,0.2522,0.2742,0.1326,0.3913,0.1350,0.2536,0.4101,0.1378,0.2517,0.5390,0.1353,0.2598,0.1338,0.2682,0.3059,4.0157
99000000,270323192,356536,27,37,0,3,23,0.2655,0.2532,0.2698,0.2643,0.2550,0.2781,0.2527,0.2781,0.2707,0.5289,0.5530,0.2742,0.2690,0.2674,0.2785,0.6119,5.1702
99200000,270381991,356551,25,37,0,0,12,0.1347,0.1281,0.1364,0.1296,0.1277,0.1387,0.1268,0.1351,0.1348,0.2657,0.2790,0.1328,0.1296,0.1346,0.1352,0.3064,2.5753
99400000,270434859,356598,27,37,0,2,66,0.2663,0.2619,0.2683,0.2505,0.2626,0.2723,0.2556,0.2604,0.2688,0.5139,0.5426,0.2561,0.2571,0.2618,0.2669,0.6120,5.0771
99600000,270486753,356717,31,37,0,4,16,0.5238,0.2633,0.5446,0.5067,0.2661,0.2820,0.5089,0.2761,0.2677,1.0276,1.0846,0.5232,0.5153,0.5313,0.5341,1.2185,8.8737
99800000,270500885,356674,31,37,1,3,4,0.2700,0.2644,0.2731,0.2551,0.2592,0.2793,0.2670,0.2729,0.2597,1.5587,1.6399,0.2669,0.7774,0.2701,0.2717,0.6151,7.8004
100000000,270646350,356719,33,37,1,4,9,0.2716,0.2550,0.2659,0.5087,0.5156,0.2708,0.2488,0.2684,0.2680,2.0703,2.1813,0.5284,0.2600,0.2712,0.2615,0.6094,9.0549

real	2m52.450s
user	11m16.160s
sys	0m6.764s
