### FIRST RUN ###
200000,72102893,96745,3,7,3,0,291,0.1721,0.1882,0.1973,0.1760,0.1806,0.1904,0.1821,0.1962,0.1920,0.3650,0.3732,0.1881,0.1850,0.1830,0.1816,0.2051,3.3559
[EVENT] Viable replicators have appeared!
400000,129035777,168332,9,7,1,2,298,0.1973,0.1270,0.2146,0.1232,0.1987,0.2078,0.2023,0.2119,0.2098,0.3665,0.3758,0.1260,0.2034,0.1224,0.1193,0.2655,3.2716
600000,177677690,220079,10,9,10,2,204,0.2126,0.1710,0.2260,0.1665,0.2112,0.0943,0.0911,0.2230,0.0931,0.3705,0.1532,0.0936,0.2152,0.1646,0.0879,0.3021,2.8759
800000,219398250,256483,13,13,6,4,125,0.2480,0.6602,0.7974,0.2433,0.7485,0.2471,0.4599,0.7851,0.2463,1.2786,0.7657,0.2453,0.7596,0.6361,0.2326,1.1178,9.4716
1000000,258156630,284128,5,13,11,11,671,0.2525,0.4516,0.5213,0.2462,0.4901,0.2508,0.3512,0.5106,0.1289,0.8226,0.5799,0.1299,0.4969,0.4358,0.2352,0.7553,6.6589
1200000,292082163,304061,12,13,8,2,91,0.2565,0.0890,0.0908,0.2495,0.0865,0.2530,0.0866,0.4244,0.1727,0.6772,0.5217,0.0882,0.4134,0.0866,0.2385,0.6434,4.3780
1400000,323598421,320325,21,13,21,19,949,0.2663,0.2637,0.2684,0.2588,0.4971,0.2630,0.4988,0.2642,0.2613,2.3030,1.8806,0.5076,1.4156,0.2559,0.9142,2.2457,12.3642
1600000,351656603,331794,19,30,18,20,558,0.5388,0.2684,0.5463,0.5213,0.7587,0.5313,0.7621,0.5347,0.5304,2.7339,2.3222,0.2647,1.6883,0.5172,1.1722,2.7176,16.4081
1800000,377856933,341712,32,32,26,39,1424,0.8009,0.5344,0.8142,0.7732,0.2618,0.7896,1.0085,0.7940,0.7868,3.0938,2.7039,0.5275,1.9173,0.7687,1.4025,3.1228,20.0997
2000000,402191773,349048,45,19,52,68,3776,0.5343,0.1388,0.5423,0.5152,0.2631,0.5278,0.6315,0.5284,0.5241,1.7399,1.5544,0.3974,1.0803,0.1334,0.8212,1.7779,11.7100
2200000,424772534,355253,37,19,28,41,1336,0.0926,0.1839,0.0933,0.4322,0.2634,0.0920,0.5093,0.0927,0.4397,0.1434,0.1477,0.0916,0.0898,0.0894,0.6329,0.1592,3.5532
2400000,446314510,359944,36,20,59,39,2706,0.1409,0.0717,0.0733,0.3901,0.2646,0.0720,0.0698,0.0713,0.0707,0.2180,0.2244,0.1392,0.1369,0.1357,0.5367,0.2420,2.8574
2600000,466706822,364231,34,29,37,30,663,0.1698,0.1147,0.1169,0.3658,0.2655,0.0572,0.0559,0.1139,0.0562,0.2605,0.2685,0.1670,0.1650,0.1633,0.4795,0.2915,3.1111
2800000,485682721,367873,36,29,26,58,1047,1.0777,0.2814,0.8341,0.2714,1.5162,0.5452,0.5322,0.8135,0.5417,1.6541,1.7049,1.0623,1.0472,0.2719,2.5111,1.8528,16.5178
3000000,503126058,370604,30,29,51,89,730,0.6849,0.2800,0.5639,0.2721,0.9015,0.4137,0.4030,0.5506,0.4122,1.0536,1.0856,0.6747,0.1348,0.2714,1.4021,1.1786,10.2829
3200000,518926372,372827,42,42,16,64,656,0.2862,0.2821,1.4258,0.8223,2.0904,0.2799,1.0883,0.2821,1.1120,2.5688,2.6468,0.2788,0.5472,0.2730,0.2656,2.8697,17.1192
3400000,534864334,375188,49,50,28,125,2636,0.2852,0.2815,1.6637,1.0687,0.2744,0.5534,0.2735,0.2834,0.2809,2.9191,3.0084,0.2791,0.8064,0.5386,0.2624,3.2601,16.0387
3600000,549810804,377133,36,66,32,88,1427,0.5754,0.5680,1.9764,1.3574,0.5515,0.2820,0.2754,0.2829,0.2809,3.4010,3.5054,0.5656,0.2771,0.8232,0.5321,3.7993,19.0539
3800000,563772700,378765,58,80,54,91,5447,0.8514,0.2845,2.2298,1.6100,0.2726,0.2827,0.5435,0.2827,0.2821,3.7830,3.8992,0.8380,0.5519,0.2759,0.2676,4.2217,20.4766
4000000,577929672,379829,57,75,55,133,5096,1.1005,0.5604,0.2909,0.2772,0.2743,0.2827,0.2777,0.5568,0.5531,4.0603,4.1848,1.0844,0.2779,0.5403,0.5246,4.5294,19.3754
4200000,589874632,380979,81,86,64,161,4375,1.4808,0.8947,0.6075,0.5776,0.5749,0.5879,0.5808,0.8918,0.8846,4.8487,4.9964,1.4598,0.5812,0.8611,0.8392,5.4060,26.0730
4400000,601366800,382117,81,100,63,133,5756,1.7078,1.1440,0.8750,0.8304,0.8291,0.8473,0.2773,1.1418,1.1325,5.0938,5.2490,1.6833,0.8357,0.2793,1.0755,0.5005,23.5022
4600000,611875862,382820,74,101,85,92,4443,0.2895,1.4482,0.2935,0.2792,1.1179,1.1447,0.5602,1.4475,0.2834,5.6209,5.7921,1.9953,1.1302,0.5618,1.3620,1.0091,24.3356
4800000,622112078,383532,109,101,127,220,6845,0.2895,0.8568,0.2944,0.2800,0.6891,0.7072,0.4173,0.1483,0.2857,2.9853,3.0765,1.1245,0.6982,0.1426,0.8053,0.7495,13.5501
5000000,632236256,384335,97,76,61,185,4489,0.2896,0.6641,0.2947,0.2803,0.5498,0.5651,0.0953,0.1960,0.0975,0.1538,2.1928,0.8409,0.0965,0.1891,0.6256,0.6650,7.7960
5200000,641398034,384910,95,71,67,119,3970,0.2901,0.0715,0.0721,0.2806,0.0681,0.4969,0.1398,0.2189,0.0706,0.1118,1.7706,0.7058,0.1422,0.0688,0.0672,0.6249,5.2000
5400000,649511511,385528,114,80,59,151,3957,0.2920,0.5791,0.5854,1.4030,0.5530,2.2743,0.8396,0.2938,0.2898,0.9062,7.5538,3.1085,0.8543,0.5572,0.5441,3.0011,23.6353
5600000,656985718,385845,79,71,71,102,4763,0.1469,0.1464,0.4383,0.1427,0.1413,0.1461,0.5581,0.2943,0.1463,0.2335,3.9830,0.1448,0.1428,0.1431,0.1372,1.7407,8.6855
5800000,664443859,386430,101,80,52,77,4190,0.1944,0.0964,0.3910,0.0931,0.0924,0.1938,0.4672,0.0963,0.0954,0.3077,2.8242,0.1928,0.1896,0.1890,0.0903,1.3319,6.8455
6000000,671906999,386752,120,80,85,132,5341,0.8897,0.2961,1.4987,0.5694,0.2808,0.8849,0.2848,0.2933,0.5815,0.4606,0.4757,0.2893,0.2841,0.8630,0.5513,4.5870,13.0902
6200000,678848590,386935,115,84,83,106,7876,0.5907,0.1480,0.8990,0.1419,0.2808,0.1458,0.1415,0.2924,0.4364,0.4603,0.4748,0.1447,0.2849,0.5727,0.4123,2.5489,7.9751
6400000,685266613,387123,128,86,122,165,7758,0.4860,0.1989,0.6894,0.1910,0.2812,0.1012,0.1915,0.1025,0.1019,0.4611,0.4754,0.1962,0.2858,0.4713,0.3646,1.8345,6.4324
6600000,692069010,387676,112,97,121,125,6205,1.7294,0.8815,0.2957,0.2817,1.1140,0.5896,0.8497,0.5936,0.5915,1.8220,0.4690,0.2892,1.1325,1.6773,1.3595,5.9412,19.6176
6800000,698200088,388089,132,109,82,131,6130,1.0123,0.1480,0.2958,0.2824,0.6989,0.1467,0.5679,0.1468,0.4422,1.1434,0.4725,0.2909,0.7114,0.9808,0.1386,0.2521,7.7306
7000000,703568480,388465,143,122,99,179,8569,0.7746,0.0981,0.2963,0.0946,0.0932,0.0967,0.0944,0.0974,0.3927,0.9188,0.4743,0.2914,0.5714,0.7508,0.1858,0.3358,5.5665
7200000,708428815,389036,159,131,171,202,11165,0.6573,0.1462,0.0730,0.1407,0.1399,0.1448,0.1417,0.1457,0.3682,0.8082,0.4760,0.2918,0.5027,0.6367,0.2077,0.3775,5.2579
7400000,713778936,389021,151,139,113,188,10876,0.5832,0.1766,0.0610,0.0581,0.1690,0.1747,0.1709,0.1761,0.3531,0.7378,0.4760,0.2920,0.4592,0.5650,0.0564,0.4034,4.9122
7600000,719048990,389264,122,155,114,158,5909,0.5342,0.1969,0.1014,0.0959,0.1881,0.1948,0.1900,0.1965,0.3432,0.6923,0.4770,0.2919,0.4305,0.5175,0.0944,0.4207,4.9654
7800000,722824914,389259,145,170,117,169,9318,0.0432,0.0436,0.0440,0.1238,0.0416,0.2091,0.2041,0.2111,0.0426,0.6596,0.4778,0.0430,0.0424,0.0416,0.1211,0.4332,2.7819
8000000,726385107,388984,151,191,136,157,7802,0.0760,0.0766,0.0774,0.1451,0.0733,0.0385,0.2151,0.0388,0.0758,0.6347,0.0629,0.0387,0.0380,0.0736,0.1417,0.0659,1.8722
8200000,729831052,389190,147,199,117,198,10800,0.8943,0.2985,0.9098,1.4313,0.8641,0.5964,1.9795,0.6023,0.8939,5.4691,0.9805,0.6016,0.5898,0.2888,0.2831,0.5070,17.1901
8400000,733449780,389525,153,213,157,199,12324,0.1466,0.2976,0.6093,0.1418,0.5767,0.4489,1.1413,0.4503,0.5977,2.9916,0.7333,0.4489,0.4406,0.2891,0.2799,0.2504,9.8439
8600000,737421699,389671,153,225,174,170,9124,0.1955,0.2979,0.5065,0.1897,0.4795,0.3979,0.8579,0.3985,0.4976,2.1555,0.6499,0.3978,0.0953,0.2889,0.2788,0.3349,8.0222
8800000,740732212,390236,167,236,130,192,12232,0.2215,0.2981,0.4540,0.2151,0.4296,0.3718,0.7111,0.3726,0.4459,1.7206,0.6073,0.3716,0.0749,0.2884,0.2791,0.3794,7.2409
9000000,744611164,390559,124,253,66,147,5804,1.1589,1.4596,0.3037,1.1253,0.2849,1.7464,3.0659,0.2972,2.0371,7.1887,2.8546,1.7452,0.2918,0.2847,0.2781,1.9882,26.1102
9200000,747568670,390630,156,272,118,220,9746,0.7335,0.1459,0.3035,0.7127,0.1393,1.0343,0.1413,0.1458,1.1808,3.8858,0.2385,1.0322,0.2912,0.1420,0.2796,1.2604,11.6669
9400000,749655985,390156,146,286,112,224,10174,0.0985,0.1988,0.0997,0.0949,0.1878,0.7899,0.1907,0.1963,0.8881,2.7554,0.3195,0.7894,0.0959,0.1909,0.0934,1.0115,8.0008
9600000,752317482,390447,102,293,95,173,5668,0.1482,0.0753,0.1505,0.1434,0.2114,0.0737,0.0716,0.2215,0.7395,2.1831,0.3614,0.6654,0.1447,0.2149,0.1417,0.8849,6.4314
9800000,754827057,390293,141,295,150,205,7587,0.1772,0.1201,0.1805,0.1715,0.0559,0.1177,0.0573,0.0592,0.6509,1.8417,0.3854,0.0587,0.1738,0.2293,0.1690,0.8099,5.2579
10000000,757588200,390584,173,312,205,236,6998,1.1743,0.8918,1.1962,1.1363,0.5606,0.8760,0.5692,0.2955,3.5239,9.6015,2.3941,0.5870,1.1535,1.4254,1.1196,0.5067,27.0115
10200000,759767998,390489,205,326,270,275,13873,0.1468,0.1476,0.1496,0.7165,0.4238,0.5896,0.4289,0.2964,0.1464,5.0908,1.4491,0.4443,0.7278,0.1415,0.7043,0.5068,12.1101
10400000,761896192,390665,214,340,270,266,12934,0.5839,0.5914,0.5927,1.6970,1.1197,0.2944,1.1304,0.8795,0.2968,10.4873,0.4840,1.1714,0.2927,0.5642,0.2785,0.5071,20.9711
10600000,763689540,390579,164,346,176,137,7614,0.1467,0.4458,0.4478,0.9972,0.7062,0.2970,0.1440,0.5932,0.2965,5.5214,0.4849,0.1470,0.2912,0.4267,0.2817,0.2511,11.4785
10800000,765898603,390803,145,337,110,110,6349,0.0956,0.0966,0.0986,0.0930,0.0921,0.0955,0.0929,0.0960,0.2954,3.8807,0.4850,0.0960,0.2915,0.3805,0.2821,0.3339,6.8053
11000000,767890794,391353,162,151,139,189,10070,0.0722,0.0737,0.0749,0.0712,0.0698,0.0723,0.0710,0.0733,0.2955,3.0394,0.4845,0.0727,0.2918,0.0708,0.2808,0.1251,5.2389
11200000,769268747,391084,205,340,246,222,13860,0.0600,0.0607,0.0619,0.1153,0.0578,0.1182,0.1160,0.1193,0.2954,2.5159,0.4846,0.1190,0.0592,0.0588,0.2806,0.2029,4.7257
11400000,771124346,390887,249,174,296,216,14937,0.0509,0.1018,0.1037,0.1445,0.0968,0.1490,0.1460,0.1502,0.2951,2.1632,0.4847,0.1489,0.0503,0.0981,0.2806,0.2551,4.7189
11600000,772591025,390826,193,178,321,125,14552,0.0850,0.1296,0.1313,0.1645,0.1228,0.1693,0.1656,0.1707,0.2953,1.9280,0.4852,0.1696,0.0838,0.1243,0.2806,0.2901,4.7958
11800000,774515375,390967,212,351,280,184,12852,0.1110,0.1509,0.0376,0.1794,0.1429,0.1851,0.1805,0.1865,0.0364,1.7479,0.0605,0.1857,0.1097,0.1445,0.2808,0.3170,4.0562
12000000,775108813,390782,168,364,216,197,10937,0.0331,0.1681,0.0674,0.1913,0.1591,0.1978,0.1926,0.1989,0.0654,1.6050,0.1083,0.1984,0.0327,0.0323,0.2809,0.3383,3.8697
12200000,775929265,390361,176,377,281,223,12551,0.0596,0.1815,0.0911,0.2009,0.1718,0.2078,0.2023,0.2088,0.0889,1.4903,0.1464,0.0299,0.0292,0.0291,0.2807,0.0512,3.4697
12400000,777699296,390482,155,393,236,153,9297,0.8858,0.2988,0.3020,2.2765,0.2853,0.2996,2.2924,2.3659,1.1745,15.2333,1.9344,0.2965,0.5808,0.5759,0.2811,1.0149,30.0977
12600000,778622281,390483,174,405,214,183,11334,0.2941,0.2996,0.3063,2.5863,0.5742,0.5984,2.6009,2.6892,0.2952,15.8563,2.4406,0.2957,0.2918,0.8691,0.5645,1.5332,32.0955
12800000,778933190,390309,211,415,256,130,13861,0.2962,0.5955,0.6061,0.2884,0.8493,0.3010,2.8453,2.9429,0.5879,16.0624,0.4908,0.5878,0.5823,0.2915,0.8375,2.0158,30.1809
13000000,780619397,390418,240,435,361,162,21664,0.2964,0.9185,0.9301,0.5848,0.2857,0.2978,3.2394,3.3502,0.9029,17.1239,0.9930,0.2924,0.2903,0.5886,0.2808,2.5967,32.9714
13200000,781520863,390616,261,443,314,196,18718,0.5880,0.3004,0.3046,0.8667,0.5709,0.2939,0.2857,0.3001,0.2967,17.4309,1.4687,0.2995,0.5794,0.8723,0.5592,0.5077,25.5248
13400000,782676131,390601,261,457,205,209,13327,0.4433,0.2998,0.3034,0.1417,0.1414,0.2956,0.1417,0.2986,0.2966,9.0459,0.9851,0.2987,0.4365,0.5838,0.4226,0.5074,14.6423
13600000,783909993,390281,267,469,386,255,19177,0.3933,0.1009,0.1022,0.1917,0.1907,0.2954,0.0968,0.2984,0.2975,0.1597,0.8161,0.2972,0.3876,0.4839,0.3748,0.5077,4.9940
13800000,785227300,390562,228,478,392,221,16039,0.2950,0.2978,0.6040,0.8586,0.2862,1.1753,0.2888,1.1822,1.1801,0.9470,2.9112,0.2982,0.2862,1.7288,1.3980,2.0156,15.7531
14000000,785595463,390785,248,501,333,154,14260,0.2954,0.3001,0.4515,0.1465,0.2871,0.7291,0.2890,0.7334,0.7326,0.7044,1.6776,0.2976,0.2911,0.9970,0.8322,1.2486,10.0133
14200000,786471608,390719,230,514,280,175,16820,0.2959,0.9131,0.3014,0.5897,0.2844,0.2984,0.2894,1.8013,1.7966,1.9200,3.9280,0.9077,0.8899,2.3308,1.9862,3.0667,21.5993
14400000,787188700,390531,218,532,257,169,14546,0.5877,1.1979,0.5996,0.8663,0.5646,0.5920,0.5735,2.0671,2.0589,2.3583,4.3429,1.1882,1.1705,2.5759,2.2306,0.5077,23.4816
14600000,788200266,391015,278,548,429,290,21320,0.1489,0.7426,0.1529,0.5727,0.1452,0.4435,0.4292,1.1699,1.1667,1.4013,2.3878,0.1507,0.7255,0.1462,1.2440,0.5077,11.5350
14800000,788331955,390901,284,553,410,222,19553,0.0953,0.6014,0.2011,0.4811,0.1907,0.3981,0.3840,0.0962,0.8879,1.1021,1.7769,0.1980,0.5870,0.1925,0.9356,0.5077,8.6357
15000000,789108909,391024,219,568,470,163,19242,0.0751,0.0765,0.2271,0.0726,0.2145,0.3726,0.3604,0.1478,0.7388,0.9428,1.4510,0.2229,0.0732,0.2170,0.7711,0.5075,6.4707
15200000,789490161,390945,267,584,431,202,22247,0.1206,0.1226,0.0625,0.0590,0.0590,0.3565,0.3461,0.1785,0.6476,0.8457,1.2519,0.2385,0.1188,0.0595,0.6706,0.1051,5.2426
15400000,790318588,391084,249,595,439,189,22848,0.2940,0.2981,0.3020,0.5765,0.2868,2.0291,0.2892,0.2964,3.4439,4.5836,6.5719,1.4579,0.8709,0.5740,3.5395,0.5077,25.9213
15600000,790719597,391104,281,295,473,121,22672,0.2937,0.3007,0.3012,0.4348,0.2857,1.1779,0.2883,0.2967,1.8950,2.5604,3.5771,0.8871,0.5876,0.4327,1.9359,0.5081,15.7629
15800000,791095510,391036,320,302,516,236,22199,0.2971,0.9268,0.9275,1.1904,0.2863,2.7446,0.8920,0.2990,4.2341,5.7898,7.9147,2.1380,0.2941,1.1836,4.3002,1.5620,34.9800
16000000,791431624,391183,269,305,418,189,18687,0.2961,0.1544,0.6068,0.1480,0.2878,0.1542,0.5820,0.1542,0.1536,3.0546,4.0939,0.1539,0.2954,0.7231,0.1458,0.2614,11.2651
16200000,791305721,391147,296,312,491,180,21134,0.8929,0.6117,1.5305,0.2854,0.8702,0.6098,1.4687,0.6136,0.6067,6.6591,8.7756,0.2970,0.2938,1.7518,0.2814,1.0374,26.5856
16400000,791824402,391036,276,323,447,144,19670,0.1454,0.1500,0.9239,0.1430,0.1428,0.1471,0.1430,0.4581,0.4559,3.6019,4.6794,0.1472,0.1457,1.0297,0.2819,0.7758,13.3709
16600000,792186509,391093,351,333,633,200,24877,0.1003,0.1018,0.7157,0.0982,0.1917,0.1985,0.1925,0.1009,0.1007,2.5427,3.2600,0.1993,0.1960,0.0968,0.0962,0.1721,8.3636
16800000,792218451,391105,365,344,617,215,31068,0.2973,0.3024,0.3035,0.5835,0.2899,0.2979,0.8696,0.6017,0.2961,8.0798,10.2393,0.3023,0.2950,0.2881,0.5691,1.0239,24.6393
17000000,792496371,391239,416,352,716,192,35362,0.2962,0.3015,0.3023,0.4367,0.2880,0.1508,0.5780,0.4498,0.2981,4.2491,5.3286,0.3013,0.2932,0.2872,0.4249,0.7642,14.7501
17200000,792613675,390939,420,357,712,185,31921,0.8757,0.3026,0.8959,0.2904,0.8521,0.2980,0.2905,1.1743,0.8811,8.7726,10.8952,0.8898,0.2923,0.2880,1.1161,1.9992,30.1136
17400000,792980309,390839,418,374,640,230,35067,0.5863,0.3025,0.1513,0.1443,0.1436,0.1498,0.2918,0.7372,0.5905,0.2373,5.7009,0.1498,0.1464,0.1433,0.7006,0.2542,10.4297
17600000,793514896,390604,409,377,602,202,27793,1.5083,0.3030,0.3043,0.5861,0.5863,0.3002,0.2918,1.8240,0.2972,0.4756,12.2883,0.6080,0.2967,0.2897,1.7314,1.0341,22.7249
17800000,793623269,390877,494,390,620,181,29424,0.1480,0.1520,0.3057,0.4387,0.1440,0.2982,0.1448,1.0623,0.1498,0.4743,6.3843,0.1490,0.1470,0.1452,1.0090,0.7712,11.9236
18000000,794261169,390755,548,399,656,246,34667,0.5928,0.6054,0.9149,0.2872,0.5744,0.8950,0.5783,2.4276,0.5998,1.4276,0.4912,0.2971,0.5855,0.5797,0.2814,2.0555,13.1935
18200000,793638161,390761,580,402,781,300,37258,0.8937,0.3041,0.3083,0.2922,0.8663,1.1992,0.8707,2.7436,0.2984,1.9127,0.9842,0.3014,0.2935,0.2887,0.5667,2.5774,14.7011
18400000,792626535,390274,568,414,885,337,43990,1.1199,0.5864,0.5871,0.5596,1.0859,0.2978,0.2907,0.2998,0.3005,2.2376,1.3962,0.5799,0.5676,0.5554,0.8041,0.5089,11.7774
18600000,793015386,390417,587,420,788,370,42337,0.7146,0.1488,0.1490,0.4254,0.6925,0.2983,0.2887,0.2990,0.1454,0.2307,0.9474,0.4414,0.4320,0.4233,0.5479,0.5077,6.6922
18800000,792829473,390315,556,428,707,341,35206,1.7949,0.6099,0.6167,0.2877,0.2895,0.2988,0.8933,0.2952,0.2969,0.9607,2.4784,0.3011,0.2942,1.1774,1.4333,1.5739,13.6017
19000000,792659395,389712,572,435,676,376,39488,2.0987,0.9142,0.9246,0.2886,0.5804,0.6003,0.2892,0.5964,0.6018,1.4374,2.9781,0.6002,0.5894,1.4716,0.2839,2.0915,16.3462
19200000,792983060,389648,536,445,779,343,39873,0.1475,0.6083,0.1507,0.1434,0.1437,0.1494,0.2876,0.1502,0.4507,0.9580,1.7394,0.1507,0.1442,0.1434,0.1396,1.3033,6.8102
19400000,793007468,389819,644,451,797,328,38997,0.0983,0.5072,0.1006,0.1912,0.1915,0.1994,0.0954,0.1999,0.0988,0.7979,1.3250,0.2002,0.1929,0.1922,0.1853,1.0395,5.6154
19600000,792800954,389873,587,452,802,347,43046,0.1479,0.4552,0.1513,0.2164,0.2166,0.2245,0.0728,0.2253,0.1487,0.7166,1.1138,0.2249,0.2182,0.2163,0.2093,0.1286,4.6866
19800000,793129260,390241,613,452,741,310,37413,0.0576,0.0596,0.0599,0.2303,0.2301,0.2388,0.1151,0.2400,0.1779,0.6688,0.9909,0.2400,0.2327,0.2305,0.2236,0.2030,4.1988
20000000,792508496,390151,625,452,812,362,39507,0.0986,0.1018,0.0524,0.2400,0.2397,0.2492,0.0496,0.2502,0.1991,0.0824,0.9056,0.2507,0.0510,0.2404,0.2340,0.2554,3.5000
20200000,792459434,390032,612,450,810,408,40380,0.0434,0.1321,0.0892,0.0423,0.2465,0.2565,0.0849,0.0449,0.2140,0.1396,0.0716,0.2579,0.0434,0.2476,0.2412,0.2927,2.4478
20400000,792078787,389662,565,451,835,301,48369,0.2952,1.2154,0.9198,0.2880,0.2878,0.3021,0.8722,0.3005,1.7719,1.4364,0.9815,0.3009,0.5921,1.9936,1.9430,2.5232,16.0236
20600000,792765966,389815,599,451,725,325,38036,0.1430,0.7711,0.6186,0.2892,0.2868,0.3009,0.5869,0.2994,1.0545,0.9668,0.7404,0.2986,0.4462,1.1630,1.1338,1.5421,10.6412
20800000,793175469,389922,590,452,773,403,41648,0.5832,1.8478,1.5439,0.8702,0.8622,0.2996,1.4628,0.2971,2.4131,2.4132,1.9730,0.8937,1.1885,2.6165,0.2805,0.5076,20.0530
21000000,793380593,389917,541,473,565,417,28908,0.1470,1.0732,0.1517,0.1440,0.5755,0.2976,0.8760,0.2972,1.3550,1.4455,1.2323,0.5961,0.7414,1.4517,0.2827,0.2542,10.9212
21200000,793197026,390194,562,463,740,458,37222,0.1979,0.8074,0.1051,0.0991,0.4761,0.2974,0.6743,0.2985,0.9917,1.1110,0.9762,0.4947,0.5875,1.0516,0.0970,0.3419,8.6073
21400000,793204488,390121,680,468,926,447,48864,0.2214,0.6829,0.0742,0.1453,0.4292,0.2980,0.5796,0.2989,0.8211,0.9537,0.8558,0.4466,0.5158,0.8633,0.1430,0.3828,7.7116
21600000,792697458,389936,647,484,949,408,45750,1.1917,3.0681,0.3048,0.2884,2.0228,1.5042,2.6324,0.3020,3.6175,4.3330,3.9521,0.3018,0.2966,3.7760,0.2832,2.0564,29.9310
21800000,793588204,389965,682,475,1058,314,49317,0.7421,0.1514,0.3034,0.2871,1.1531,0.1495,1.4569,0.3005,1.9530,2.3981,2.2152,0.1507,0.2945,2.0261,0.2829,0.2545,14.1190
22000000,793114528,389727,821,477,1521,452,73846,0.5916,0.2025,0.1017,0.2879,0.8612,0.1004,1.0647,0.3000,1.3976,1.7520,1.6353,0.2016,0.2940,1.4421,0.2822,0.1710,10.6857
22200000,792888532,389434,773,487,1416,504,58397,2.0598,0.9068,0.6073,0.2864,0.2883,0.3018,0.2911,1.1937,0.3009,5.6964,5.3622,0.9017,1.1700,4.5869,1.1238,1.0172,26.0942
22400000,792101431,389461,759,509,1326,516,57994,1.1710,0.1534,0.1529,0.2884,0.1439,0.3015,0.2915,0.7446,0.3014,3.0665,2.9076,0.1518,0.1482,2.4214,0.1434,0.7605,13.1480
22600000,791545704,389229,804,533,1177,414,55767,0.0955,0.2013,0.2011,0.0931,0.1901,0.3012,0.0925,0.6017,0.0975,2.2298,2.1268,0.1994,0.1952,1.7336,0.1873,0.1640,8.7102
22800000,791839199,389473,798,540,1226,511,62630,0.0736,0.2268,0.2269,0.0719,0.2146,0.0747,0.1415,0.5262,0.1477,1.7914,1.7179,0.2241,0.0728,0.0716,0.2111,0.1262,5.9188
23000000,791346698,389820,878,556,1380,577,61820,0.1199,0.0638,0.2422,0.1171,0.2297,0.1215,0.1720,0.4796,0.0625,1.5184,1.4631,0.2394,0.0609,0.1167,0.0585,0.1055,5.1707
23200000,790942429,389514,869,569,1582,461,64688,0.2958,0.3067,1.4909,0.8629,1.4159,0.3034,1.1366,0.2975,0.6047,7.9235,7.6682,1.4741,0.5923,0.8598,0.5717,0.5071,26.3111
23400000,790945041,389066,842,569,1311,435,56149,0.5966,0.6152,1.8237,1.1640,0.2881,0.6079,1.4410,0.5998,0.3009,8.5294,0.4892,1.7992,0.2993,1.1604,0.8623,1.0237,21.6008
23600000,791901809,389507,870,569,1504,539,59627,0.1490,0.1530,1.0550,0.1450,0.1444,0.1498,0.1453,0.1507,0.2989,4.4644,0.4884,0.1507,0.2964,0.7185,0.1427,0.2553,8.9075
23800000,791726672,389781,959,569,1793,527,76982,0.2952,0.6072,2.3845,0.5776,0.5728,0.5969,0.5759,0.5955,0.8940,9.2811,1.4521,0.5983,0.8806,1.7060,0.5628,1.0107,22.5912
24000000,791464571,389197,911,555,1479,482,63495,0.1444,0.1493,1.3678,0.4363,0.4334,0.4513,0.1404,0.4524,0.6040,4.9754,0.9820,0.4532,0.5944,1.0117,0.4253,0.7653,13.3868
24200000,790440694,389238,1105,557,1822,630,85494,0.1016,0.2034,1.0011,0.3854,0.0998,0.3999,0.1926,0.1036,0.4998,3.4239,0.8127,0.1045,0.4920,0.7621,0.3766,0.6766,9.6357
24400000,789693348,389102,1192,563,2116,747,93827,0.5972,0.3072,0.3056,0.2906,0.5876,1.4952,0.8627,0.6095,1.7938,10.6879,2.9159,0.6136,0.2960,0.2871,1.4052,0.5076,23.5627
24600000,788894632,389095,1174,565,2172,774,99965,0.2938,0.3090,0.3042,0.5744,0.8654,0.2989,1.1365,0.2969,2.0680,10.9983,3.3641,0.9061,0.2967,0.5716,0.2807,1.0077,23.5723
24800000,788750562,389231,1125,565,1948,813,88643,0.2940,0.1488,0.3052,0.4355,0.5841,0.2992,0.1406,0.2982,1.2098,5.8815,1.9652,0.6118,0.2966,0.4331,0.1377,0.7649,13.8061
25000000,788553159,389026,1190,551,2072,827,93544,0.1010,0.2019,0.3039,0.0986,0.4828,0.2985,0.0985,0.1018,0.1030,4.0328,1.4598,0.5062,0.2963,0.0981,0.1864,0.1740,8.5437
25200000,788184945,388851,1328,551,2144,826,95089,0.0723,0.2269,0.3035,0.1451,0.4346,0.2990,0.1453,0.1500,0.1512,3.1678,1.2237,0.4555,0.2966,0.1445,0.2097,0.2551,7.6806
25400000,787280956,388820,1321,551,2232,788,106297,0.1168,0.0612,0.3033,0.1737,0.4055,0.2996,0.1741,0.1795,0.1811,2.6337,1.0783,0.4257,0.2971,0.1730,0.2239,0.1007,6.8271
25600000,786906751,388616,1151,551,2130,685,88636,0.2941,0.6131,1.8340,1.1646,2.3365,1.8134,1.1673,1.2049,1.2151,13.7734,5.9342,2.4511,1.7974,1.1606,1.4139,0.5075,38.6812
25800000,786688200,388856,1256,551,2138,820,91280,0.2940,0.9347,0.3045,1.4789,2.6766,2.1567,1.4855,0.2974,0.3006,14.5606,0.4898,2.8070,0.2957,1.4725,1.7301,0.5066,31.7911
26000000,785752926,388678,1289,546,2085,887,96918,0.1494,0.1569,0.1534,0.8790,1.4722,0.1530,0.8823,0.2983,0.3016,7.4486,0.4904,0.1542,0.1507,0.8745,0.1435,0.5066,14.2145
26200000,785303001,388480,1377,545,2271,846,100530,0.6071,0.6323,0.6238,0.2868,3.3726,0.6212,0.2903,0.9216,0.9327,16.0812,1.5154,0.6258,0.6117,2.1183,0.5834,1.5684,31.3923
26400000,784616248,388332,1642,556,2560,974,120181,0.8666,0.3054,0.8891,0.2866,0.2886,0.8874,0.2862,1.1659,0.3006,15.6495,1.9213,0.8900,0.8738,2.2887,0.8346,0.5075,28.2418
26600000,783354997,387842,1583,576,3104,913,136613,0.1507,0.3084,0.5923,0.2890,0.2877,0.1535,0.2879,0.7260,0.1543,0.2424,0.2500,0.5930,0.1514,1.2721,0.5547,0.5072,6.5205
26800000,782610106,387503,1675,593,2674,945,122827,0.0956,0.3089,0.4983,0.2888,0.2870,0.2014,0.2878,0.5872,0.2015,0.3170,0.3270,0.4998,0.1997,0.9552,0.4677,0.5070,6.0301
27000000,781773088,387379,1731,605,2948,1333,140150,0.5886,1.2475,1.8135,1.1664,0.2920,0.9128,0.2871,2.0831,0.3036,1.4394,0.4922,1.8250,0.9064,3.1923,1.7031,2.0463,20.2993
27200000,780869456,386807,1634,612,2536,1299,122548,0.2959,1.5772,2.1441,1.4743,0.5843,1.2294,0.2882,2.4170,0.6139,1.9369,0.9888,2.1572,1.2222,3.5359,2.0097,0.5052,22.9802
27400000,780229121,387074,1686,622,2794,1082,131994,0.2956,0.9391,1.2178,0.8774,0.1452,0.7624,0.1451,1.3506,0.4589,1.2002,0.7372,1.2241,0.7587,1.9008,1.1402,0.5056,13.6589
27600000,779602760,387172,1814,637,3044,1188,137201,0.8757,2.1608,2.7028,2.0159,0.5731,1.8030,0.5749,2.9596,1.2078,2.8429,1.9464,2.7142,1.7938,4.0365,0.2824,1.5024,29.9921
27800000,778740024,387112,1996,656,3267,1298,145115,1.1965,2.5332,3.0789,2.3635,0.2850,2.1568,0.2892,3.3426,0.3030,0.4741,2.4913,3.0944,2.1471,4.4366,0.2809,2.0521,30.5251
28000000,778211509,386729,1991,668,3722,1266,162105,0.7415,0.1593,1.6752,1.3149,0.2848,0.1533,0.2887,1.8018,0.3039,0.4764,1.4808,0.1540,1.2140,2.3389,0.2825,1.2702,13.9402
28200000,776967435,386651,2195,680,3418,1502,156092,0.5928,0.1032,0.1016,0.0960,0.2848,0.2020,0.2887,1.3007,0.3037,0.4764,0.1638,0.2038,0.9100,1.6565,0.2830,1.0157,7.9827
28400000,776338637,386886,2208,688,3817,1514,166263,2.0264,0.6124,0.6008,0.2864,0.2841,0.3017,0.2902,0.2987,1.1899,1.8612,0.9626,0.9005,2.9619,5.1318,1.1069,0.5065,19.3221
28600000,775475552,386514,2273,699,3818,1256,161749,1.1789,0.1535,0.4540,0.1411,0.1397,0.3027,0.2883,0.2985,0.7569,1.1853,0.7336,0.6084,0.1473,2.7621,0.7046,0.5072,10.3620
28800000,775435760,386280,2293,700,3817,1457,168656,0.8821,0.2066,0.1012,0.1902,0.0953,0.3025,0.2874,0.2971,0.1022,0.9469,0.1645,0.5060,0.1008,1.9313,0.5628,0.1692,6.8462
29000000,773922208,385829,2439,700,4209,1630,189028,2.9227,0.9268,0.6033,0.2878,0.5691,1.2050,0.2879,1.1823,0.6073,3.2989,0.9834,1.8120,0.6062,6.0396,1.9593,1.0100,24.3017
29200000,773006147,385386,2330,689,4149,1728,188360,1.6152,0.1559,0.4539,0.2859,0.4283,0.7566,0.2877,0.7433,0.4574,1.8948,0.7386,1.0642,0.4544,0.1422,0.1394,0.7589,10.3767
29400000,772270150,385230,2660,689,4584,1776,200353,0.2955,0.6168,0.3031,0.2857,1.1170,1.7739,0.8475,1.7430,0.3102,4.1552,0.4905,2.3738,1.1867,0.5636,0.5521,0.5058,17.1204
29600000,770730379,384883,2626,689,4440,1847,196401,0.6072,0.9662,0.3016,0.2884,1.4691,2.1831,1.1869,0.3002,0.6364,4.8786,1.0115,2.8203,1.5607,0.8834,0.8663,1.0411,21.0010
29800000,770570385,384548,2500,689,4403,1744,197495,0.4447,0.1624,0.1542,0.1493,0.8600,1.2155,0.7255,0.1524,0.1577,2.6106,0.7423,1.5254,0.9143,0.1478,0.5665,0.2598,10.7883
30000000,770409194,384759,2647,687,4723,1656,201150,0.2927,0.3140,0.6028,0.2867,1.9709,2.6870,1.7117,0.2971,0.3006,5.5918,1.9403,3.3005,2.0957,0.5745,1.3874,1.0134,24.3669
30200000,769680687,384509,2734,687,4608,1704,193471,0.2928,0.3144,0.4545,0.2866,1.1414,1.5158,0.1408,0.2970,0.1525,3.0774,1.2289,0.1508,1.2146,0.4338,0.8444,0.2479,11.7934
30400000,768388903,384433,2846,687,5039,2097,220639,0.8787,0.9453,1.2103,0.2865,2.5635,3.3297,0.5672,0.8919,0.6116,6.6157,2.9419,0.3092,0.3041,1.1576,1.9642,0.5049,25.0823
30600000,766558126,384060,2982,687,5311,2072,241195,1.1644,1.2556,1.5038,0.2882,2.8282,3.6068,0.2897,1.1837,0.9159,7.0420,3.4120,0.6142,0.6066,0.2877,0.2812,1.0070,26.2870
30800000,765182956,383557,3083,677,5057,2137,221547,0.1438,0.7939,0.1481,0.2875,0.1400,1.9790,0.2904,0.7487,0.1510,3.8071,1.9735,0.4630,0.4585,0.2864,0.2802,0.7597,12.7107
31000000,763562717,383375,3038,703,5410,2521,258032,0.1947,0.6328,0.2008,0.2886,0.1900,1.4101,0.0984,0.5968,0.2054,2.6727,1.4681,0.4115,0.4074,0.2868,0.2806,0.6730,10.0179
31200000,762113569,383262,3241,711,5584,2345,258377,0.2937,2.1952,0.8983,0.2871,0.8480,0.3041,0.2895,2.0656,0.9216,8.3958,0.4922,0.3099,1.5136,1.1359,1.1135,2.4993,23.5631
31400000,760804423,382940,3417,719,5677,2180,248572,0.2935,1.2545,0.5985,0.1434,0.1447,0.1536,0.1435,1.1786,0.1557,0.2397,0.4927,0.3094,0.1535,0.7094,0.1418,0.2531,6.3655
31600000,758716621,382468,3716,724,6289,2688,286540,0.2927,2.8469,1.5043,0.2847,0.5761,0.3053,0.5774,2.6705,0.6260,0.9642,0.4963,0.9329,0.6163,1.7145,0.5667,1.0136,15.9884
31800000,756409624,381725,3459,741,6066,2483,267070,0.2945,0.1639,0.8931,0.2870,0.1460,0.1551,0.4296,1.4607,0.4659,0.7151,0.4939,0.6153,0.1579,0.9861,0.4231,0.7536,8.4407
32000000,755646003,381884,3684,753,6120,2275,270406,0.0964,0.2161,0.6979,0.0940,0.1914,0.2053,0.3829,1.0754,0.1013,0.6366,0.4935,0.1012,0.1017,0.0934,0.3760,0.6706,5.5340
32200000,753329223,381339,3684,766,6704,2474,317903,0.0742,0.2433,0.0757,0.1441,0.2151,0.2315,0.0732,0.0756,0.1550,0.5972,0.4940,0.1551,0.1552,0.0728,0.0714,0.6285,3.4621
32400000,752750873,381227,3687,778,6177,2056,269347,0.6086,1.3602,0.6235,0.2850,1.2041,1.2941,0.6006,0.6179,0.3073,0.4740,2.5994,0.9738,0.9706,0.5961,0.5832,3.1864,16.2848
32600000,751857324,381035,3744,789,5974,2205,257656,0.4447,0.8233,0.4573,0.2864,0.7298,0.7836,0.4400,0.1507,0.1581,0.4743,1.5118,0.6306,0.6278,0.4360,0.4276,1.8027,10.1845
32800000,751035732,380807,3737,797,5999,2457,264435,0.3939,0.6571,0.4065,0.0956,0.5816,0.1015,0.3896,0.1995,0.1030,0.4744,1.1714,0.5228,0.5210,0.0949,0.3779,1.3700,7.4607
33000000,749898548,380733,3897,817,6123,2423,272845,1.4646,0.3208,1.5130,0.2860,0.2850,0.6106,1.4499,0.8929,0.3100,1.8893,3.9817,1.8674,1.8607,0.2877,0.2783,4.5852,21.8831
33200000,747961362,380749,4288,826,6980,2761,316327,1.7432,0.6426,1.8030,0.5715,0.5696,0.9138,1.7259,1.1846,0.6209,2.3501,4.4420,2.1629,2.1566,0.5723,0.5608,5.0505,27.0703
33400000,747208665,380172,3908,832,6510,2745,295462,0.1456,0.4831,1.0514,0.4302,0.4280,0.1540,1.0057,0.7393,0.4652,1.4112,2.4638,0.1550,1.2307,0.1425,0.4199,2.7737,13.4992
33600000,745796386,380096,4258,848,7029,2632,311893,0.5885,1.3072,0.3029,1.1641,0.2870,0.6194,2.3348,1.8013,1.2547,0.4805,5.5116,0.6289,2.8126,0.5734,0.2778,6.1501,26.0947
33800000,744047925,379867,4681,856,7887,2673,348522,0.8646,0.3264,0.5983,1.4225,0.2864,0.9088,2.5587,2.0528,0.3113,0.9495,5.8669,0.9258,3.0521,0.8431,0.2782,6.4935,27.7389
34000000,742648564,378945,4284,873,8023,2661,358046,1.1555,0.6540,0.8967,0.2854,0.2883,1.2150,2.8415,0.2963,0.6236,1.4263,6.3556,1.2389,3.3617,0.2845,0.5578,6.9905,28.4717
34200000,741082649,378503,4450,889,7666,2399,327161,1.4819,0.9985,1.2246,0.5822,0.5820,1.5581,0.2895,0.6043,0.9542,1.9412,7.0270,1.5842,3.7674,0.2850,0.2827,7.6932,30.8560
34400000,739551166,378136,4597,905,8078,2830,344260,1.7461,1.3031,1.5016,0.8616,0.8566,1.8339,0.5725,0.8884,1.2467,2.3747,7.3697,1.8642,3.9993,0.5636,0.5590,8.0345,35.5756
34600000,738567798,377875,4825,920,8446,2906,363263,1.0211,0.1622,0.9027,0.5753,0.5707,1.0728,0.4310,0.5926,0.7812,1.4303,3.9462,1.0927,2.1635,0.4244,0.4198,4.2835,19.8700
34800000,737507466,377079,4488,931,7923,2757,345836,0.2910,0.6349,2.0524,1.4038,1.3912,2.3887,0.2875,1.4474,0.3108,3.2501,8.1471,2.4342,4.5092,0.2850,1.0954,8.8156,38.7443
35000000,736345694,377217,4726,942,7649,2988,335337,0.1429,0.4827,0.1473,0.1396,0.1385,0.1502,0.1420,0.8846,0.3120,1.8928,4.4019,1.3968,0.1529,0.2852,0.1380,4.7489,15.5564
35200000,735053011,377337,4865,952,7751,2807,332029,0.5899,1.3360,0.3020,0.5790,0.2840,0.6214,0.5822,0.2936,0.9651,4.4363,9.7006,3.2359,0.6315,0.2839,0.5701,10.4342,34.8456
35400000,733462694,376990,4842,969,8018,3040,358434,0.8772,1.6573,0.6006,0.8601,0.5667,0.9267,0.2875,0.5881,1.2736,0.4743,10.1312,3.5303,0.9399,0.5692,0.2807,0.5018,24.0653
35600000,732607642,376650,4928,990,8686,2905,370622,0.1492,0.1662,0.4464,0.1480,0.1443,0.6112,0.2866,0.4373,0.7814,0.4739,0.2503,1.8837,0.6195,0.4245,0.2791,0.2563,7.3577
35800000,731469482,377021,5381,990,9225,3131,392361,0.2898,0.6576,1.1861,0.5825,0.5695,1.5251,0.2857,1.1639,1.8657,1.4163,0.9884,4.0634,0.3159,0.2859,0.2795,1.0100,16.4852
36000000,729808533,376452,5194,989,9174,3372,410137,0.1432,0.4947,0.7488,0.4356,0.4289,0.9238,0.2851,0.1455,1.0985,0.9512,0.7439,2.2087,0.3162,0.1404,0.2795,0.7582,10.1022
36200000,728091318,375915,5332,1001,9804,3302,418470,0.1935,0.4381,0.5954,0.3852,0.3797,0.7143,0.0979,0.1013,0.8304,0.7901,0.6592,1.5616,0.3162,0.1905,0.2791,0.1715,7.7040
36400000,725926668,375835,5727,1013,9605,3357,410767,0.2181,0.0820,0.5215,0.3613,0.3560,0.6131,0.0722,0.1498,0.7019,0.7119,0.6178,1.2507,0.3168,0.0715,0.0707,0.2542,6.3696
36600000,723696158,375383,5964,1013,10420,3644,439960,0.2912,0.6674,2.4326,0.2857,1.7398,2.8167,0.2856,0.2927,3.1867,3.3896,0.4952,5.4318,1.6143,0.5770,0.2777,0.5017,24.2854
36800000,721764271,374344,5712,1008,10417,3398,447361,0.1471,0.1678,0.1519,0.1441,1.0062,0.1550,0.2850,0.1492,1.7402,1.9238,0.4943,0.1609,0.1603,0.1427,0.2773,0.5015,7.6074
37000000,720268722,374505,5995,1002,9814,3448,413968,0.1937,0.2205,0.2003,0.1905,0.0924,0.2053,0.2855,0.1973,1.2725,1.4517,0.4958,0.2113,0.2113,0.1890,0.2782,0.1639,5.8591
37200000,718266890,374110,6114,1007,10742,3504,455844,0.8557,0.9696,0.2994,0.8420,0.5524,0.9095,0.2864,0.8666,4.0218,4.7053,1.9371,0.3182,0.9344,0.8355,1.0879,0.5004,19.9223
37400000,716176471,373347,5892,1008,10346,3803,456753,1.1452,0.3301,0.5970,0.2837,0.2826,1.2189,0.5717,1.1587,0.3183,5.1816,2.4333,0.3190,0.3202,0.2817,0.2807,0.4992,15.2219
37600000,715042097,373129,5685,1008,10314,3831,456653,0.1473,0.1675,0.4457,0.1445,0.2831,0.7616,0.4273,0.1478,0.1592,2.8021,1.4518,0.3185,0.3189,0.1442,0.2814,0.4988,8.4999
37800000,714335739,373017,6017,1015,9655,3620,417990,0.2905,0.3285,1.2045,0.5798,0.8593,0.3083,1.1562,0.5959,0.3156,0.4722,0.4877,0.3146,0.9647,0.5779,0.8553,1.5158,10.8269
38000000,712584213,372841,6491,1016,10950,4158,479454,0.2907,0.3311,0.1523,0.4296,0.1436,0.3092,0.1445,0.4434,0.3166,0.4747,0.4902,0.3166,0.6361,0.4279,0.5638,1.0001,6.4706
38200000,711400134,372446,6587,1016,10783,4028,468801,0.0931,0.1068,0.0961,0.3829,0.1886,0.3089,0.1894,0.0952,0.1032,0.4758,0.4918,0.3170,0.1029,0.3812,0.0900,0.8382,4.2612
slurmstepd: error: *** JOB 2073073 ON ruby596 CANCELLED AT 2023-12-08T10:06:57 DUE TO TIME LIMIT ***
