200000,9069635,10207,0,1,0,0,0,0.0234,0.0289,0.0318,0.0295,0.0307,0.0373,0.0340,0.0373,0.0278,0.1662,0.1670,0.0366,0.0308,0.0372,0.0407,0.0118,0.7710
400000,17877587,21963,0,1,0,0,0,0.0270,0.0344,0.0327,0.0280,0.0290,0.0388,0.0326,0.0395,0.0343,0.1578,0.1578,0.0348,0.0365,0.0335,0.0347,0.0193,0.7707
600000,26346667,33819,0,1,0,0,0,0.0672,0.0789,0.1491,0.0781,0.0794,0.0919,0.0835,0.0871,0.0862,0.3492,0.6505,0.0783,0.0787,0.1408,0.0913,0.0637,2.2538
800000,34756704,45768,0,2,0,0,0,0.0779,0.0934,0.1007,0.0854,0.0834,0.0998,0.0931,0.1022,0.0944,0.3469,0.3484,0.0922,0.0954,0.1003,0.0984,0.0885,2.0005
1000000,42923539,56975,0,2,0,0,0,0.0913,0.1035,0.1065,0.0956,0.0981,0.1055,0.0991,0.1129,0.1137,0.3625,0.3663,0.1074,0.1010,0.0999,0.1074,0.1100,2.1807
1200000,50935971,68178,1,3,0,0,0,0.0988,0.2112,0.2158,0.1066,0.1989,0.2195,0.2071,0.1150,0.2231,0.7360,0.7437,0.2188,0.1185,0.1173,0.2201,0.1298,3.8801
[EVENT] Viable replicators have appeared!
1400000,58537784,78660,1,5,1,0,0,0.1137,0.1187,0.1281,0.1157,0.1164,0.1221,0.1175,0.1338,0.1197,0.3694,0.3756,0.1253,0.1211,0.1285,0.1234,0.1485,2.4778
1600000,66129176,89000,2,4,1,1,3,0.1135,0.1207,0.2596,0.1219,0.1244,0.2465,0.2395,0.1310,0.1313,0.3717,0.3767,0.1293,0.1271,0.1323,0.1330,0.1661,2.9247
1800000,73286630,98609,1,3,0,1,1,0.2396,0.1360,0.1406,0.1205,0.2507,0.1330,0.3769,0.1417,0.1375,0.7625,0.3819,0.1359,0.1319,0.1381,0.2807,0.1814,3.6889
2000000,80379458,107834,1,3,0,0,0,0.1279,0.1389,0.1449,0.1245,0.1381,0.1415,0.1345,0.2838,0.1401,0.3731,0.3798,0.1411,0.1421,0.1397,0.1474,0.1958,2.8932
2200000,87581596,117351,2,4,0,3,9,0.1344,0.1454,0.1486,0.1349,0.1401,0.1489,0.1380,0.1528,0.1487,0.4047,0.4122,0.1427,0.1500,0.1406,0.1523,0.2095,2.9036
2400000,94523678,126332,2,4,0,0,0,0.0684,0.0698,0.0767,0.0712,0.0716,0.1531,0.0749,0.0795,0.1478,0.2116,0.2154,0.0744,0.1489,0.0760,0.0765,0.2164,1.8322
2600000,101171102,134528,2,4,0,0,0,0.1469,0.1516,0.1678,0.1490,0.1505,0.1680,0.1598,0.3297,0.1521,0.4102,0.8555,0.1557,0.1565,0.1585,0.3189,0.2357,3.8665
2800000,107839952,142509,2,6,0,0,0,0.1512,0.1534,0.1633,0.1491,0.1558,0.1664,0.1571,0.1629,0.1602,0.8043,1.2530,0.1634,0.3087,0.3171,0.1646,0.4791,4.9095
3000000,114229365,150241,3,7,0,1,10,0.1558,0.1632,0.1677,0.1484,0.1549,0.1671,0.1540,0.1685,0.1623,0.4255,0.4335,0.1652,0.1587,0.1716,0.1663,0.2580,3.2206
3200000,120661745,157834,3,7,1,0,2,0.0799,0.0797,0.0867,0.0786,0.0805,0.0873,0.0825,0.1680,0.0829,0.4155,0.4250,0.0841,0.0835,0.0855,0.0828,0.1345,2.1371
3400000,127026616,165257,3,7,0,0,2,0.0557,0.0561,0.0591,0.0550,0.0558,0.0584,0.0557,0.0629,0.0574,0.1442,0.1490,0.0571,0.0547,0.0586,0.0587,0.0936,1.1319
3600000,133179945,172226,3,7,0,0,4,0.3311,0.3420,0.3593,0.3302,0.3321,0.1818,0.3364,0.3661,0.3459,0.4214,0.4320,0.1822,0.1755,0.3492,0.3536,0.2878,5.1266
3800000,139123235,178731,2,7,2,0,0,0.0876,0.0832,0.0934,0.0838,0.0863,0.0915,0.0828,0.0923,0.0897,0.2129,0.2181,0.0924,0.0862,0.0886,0.0884,0.1469,1.7242
4000000,144955033,185050,2,7,0,0,0,0.3466,0.1795,0.3715,0.3392,0.3522,0.3711,0.3427,0.3798,0.1838,0.8806,0.9035,0.3710,0.1764,0.1799,0.3646,0.5964,6.3388
4200000,150615194,191042,2,7,0,0,0,0.1761,0.1903,0.5638,0.5157,0.1780,0.5665,0.1763,0.5746,0.3667,1.3362,1.3744,0.1946,0.3608,0.3607,0.1955,0.9156,8.0458
4400000,156230319,196960,3,7,0,0,0,0.1822,0.1885,0.1994,0.1816,0.1882,0.1977,0.1819,0.1952,0.1869,1.7734,1.8227,0.2010,0.1904,0.1941,0.3880,0.3218,6.5928
4600000,161859085,202730,4,7,1,0,1,0.0920,0.0924,0.0968,0.0896,0.0903,0.1964,0.1814,0.0956,0.1878,0.2277,0.2343,0.0959,0.0905,0.1926,0.0971,0.1625,2.2229
4800000,167594102,208576,3,7,0,0,0,0.1860,0.3661,0.3846,0.3525,0.3624,0.5678,0.5292,0.1961,0.5492,0.4639,0.9197,0.2005,0.1951,0.1913,0.2025,0.6404,6.3075
5000000,173057445,213948,5,7,0,0,8,0.3885,0.5775,0.6154,0.1884,0.5679,0.2009,0.1879,0.4065,0.7797,0.4516,1.4376,0.2034,0.1930,0.1934,0.1943,0.3418,6.9276
5200000,178485705,219175,4,7,0,0,0,0.1904,0.1978,0.2037,0.1896,0.1874,0.2026,0.1892,0.2055,0.2036,0.9154,1.8937,0.1944,0.2029,0.2002,0.2082,0.6833,6.0679
5400000,183844677,224138,4,7,0,0,1,0.1953,0.1958,0.2090,0.1934,0.1986,0.2089,0.1905,0.2106,0.2025,1.3914,2.3929,0.4012,0.2011,0.4047,0.2090,0.3573,7.1622
5600000,189387805,229269,5,7,0,0,0,0.1968,0.2004,0.2046,0.1912,0.1974,0.2071,0.1931,0.2156,0.2039,0.4712,2.7551,0.5775,0.1947,0.5898,0.4062,0.7014,7.5059
5800000,194576387,234075,5,7,0,0,0,0.0983,0.0991,0.1061,0.0965,0.0972,0.0998,0.0974,0.1040,0.1015,0.2361,0.2446,0.1020,0.1003,0.0993,0.1106,0.1811,1.9738
6000000,199771485,238629,6,7,0,1,0,0.0645,0.0675,0.0702,0.0642,0.0638,0.0684,0.0629,0.0691,0.0683,0.1553,0.1604,0.0674,0.0678,0.0671,0.0686,0.2446,1.4299
6200000,204874551,243111,8,7,0,0,1,0.3940,0.2078,0.2169,0.3934,0.2004,0.4196,0.3891,0.4162,0.4128,0.5047,0.9966,0.4103,0.4061,0.4100,0.2119,1.1105,7.1004
6400000,209890245,247105,11,7,0,2,24,0.2022,0.2093,0.4401,0.1951,0.1987,0.6433,0.2079,0.6331,0.2110,0.9859,1.4991,0.2130,0.2142,0.2081,0.4259,1.5073,7.9942
6600000,214728062,251100,9,7,1,2,10,0.4064,0.2133,0.2272,0.1989,0.2075,0.2101,0.2022,0.2237,0.2180,0.4823,0.4968,0.2168,0.2105,0.2140,0.6481,0.3908,4.7665
6800000,219621684,254960,10,7,0,1,22,0.2086,0.2163,0.4453,0.2024,0.4110,0.2182,0.2067,0.4444,0.2164,0.9729,1.0034,0.2167,0.2169,0.2097,0.2238,0.3961,5.8087
7000000,224524556,258682,7,7,2,0,26,0.1032,0.1045,0.1117,0.1015,0.1017,0.1096,0.2063,0.3310,0.1095,0.7349,0.7598,0.2175,0.1019,0.1055,0.2231,0.1994,3.6207
7200000,229291438,262255,6,7,0,0,2,0.2115,0.2165,0.2240,0.2081,0.2106,0.2257,0.2060,0.2294,0.4365,1.9715,2.0388,0.6571,0.2144,0.2222,0.6662,0.4053,8.3439
7400000,233988517,265767,6,7,0,0,4,0.1088,0.1071,0.2270,0.2080,0.2108,0.1142,0.1125,0.1121,0.1115,1.2387,0.2621,0.4392,0.1061,0.2238,0.4445,0.2047,4.2313
7600000,238612226,269087,8,7,1,1,2,0.2232,0.4337,0.6897,0.6380,0.6404,0.2260,0.2165,0.4529,0.4547,0.5131,1.0551,1.1042,0.2280,0.6754,0.2258,0.8251,8.6018
7800000,243305070,272472,8,8,1,0,5,0.1067,0.1080,0.1151,0.1066,0.1065,0.1126,0.1050,0.1153,0.3372,0.5096,0.2627,0.1108,0.2231,0.1131,0.1109,0.6211,3.1643
8000000,248012028,275828,8,7,0,1,6,0.2164,0.2142,0.2268,0.2101,0.2168,0.2269,0.2136,0.2271,0.2222,1.5293,1.0611,0.2194,0.2176,0.2247,0.2183,0.4233,5.8678
8200000,252793395,279065,6,7,0,0,5,0.2170,0.2162,0.2228,0.2096,0.2124,0.2325,0.2127,0.2322,0.2203,2.0128,1.5703,0.2189,0.2138,0.4400,0.2248,0.4261,7.0823
8400000,257522233,282086,10,7,1,1,19,0.2219,0.2203,0.2312,0.4262,0.2189,0.2256,0.2143,0.2337,0.4449,2.5377,2.1026,0.2223,0.2195,0.2221,0.4532,0.4310,8.6253
8600000,261859527,284936,7,7,0,0,6,0.4585,0.2189,0.4752,0.2208,0.4466,0.4698,0.2278,0.4774,0.2340,3.1299,2.7005,0.2361,0.2314,0.2268,0.2309,0.4356,10.4200
8800000,266318362,287748,9,7,0,1,10,0.2228,0.2222,0.2347,0.2201,0.2282,0.2298,0.2194,0.7088,0.4631,3.5816,3.1802,0.2246,0.2256,0.4501,0.4535,0.4384,11.3030
9000000,270802250,290559,8,7,1,3,13,0.2249,0.2200,0.2411,0.2149,0.2233,0.2357,0.2197,0.2373,0.2347,0.5195,0.5401,0.2342,0.2226,0.2254,0.2386,0.8740,4.9061
9200000,275115742,293351,8,7,0,2,6,0.4530,0.2282,0.4774,0.4395,0.2242,0.4724,0.2247,0.4791,0.4732,1.0515,1.0882,0.2327,0.2374,0.4589,0.2381,0.4457,7.2243
9400000,279414906,295898,10,7,0,2,54,0.6850,0.4555,0.7305,0.6648,0.4474,0.7065,0.2205,0.2389,0.2309,1.5919,1.6475,0.2425,0.4706,0.2260,0.4788,0.8967,9.9340
9600000,283668418,298335,8,7,1,1,2,0.1147,0.1139,0.1222,0.1134,0.1116,0.1186,0.1100,0.1225,0.1199,0.2673,0.2754,0.1213,0.1186,0.1176,0.1164,0.2271,2.2904
9800000,287929677,300892,7,7,1,0,0,0.4534,0.2307,0.2445,0.2317,0.4521,0.2402,0.2229,0.2340,0.2360,1.0632,0.5512,0.2342,0.2343,0.2323,0.4665,0.9064,6.2337
10000000,292100222,303166,13,7,2,1,60,0.2329,0.2277,0.2385,0.2226,0.2338,0.4807,0.2278,0.4773,0.4762,0.5264,0.5469,0.2329,0.4625,0.2335,0.7065,1.3611,6.8872
10200000,296356659,305446,14,7,4,2,110,0.2303,0.2242,0.2468,0.2303,0.2278,0.7168,0.2233,0.2359,0.2441,0.5296,0.5492,0.2357,0.2343,0.2378,0.2472,1.8095,6.4226
10400000,300369031,307746,16,8,0,3,87,0.2378,0.2430,0.2487,0.2330,0.2320,0.2556,0.2296,0.2533,0.2560,0.5550,0.5728,0.2473,0.2340,0.2413,0.2499,0.4671,4.7565
10600000,304458809,309829,18,10,3,3,165,0.4702,0.2366,0.4890,0.2243,0.4616,0.2440,0.4545,0.2452,0.4986,1.0805,1.1168,0.2462,0.2348,0.2438,0.2427,0.4689,6.9574
10800000,308681295,311821,21,12,5,2,277,0.2374,0.2327,0.2477,0.2324,0.2314,0.2433,0.2263,0.2426,0.2417,1.6029,1.6583,0.2399,0.2372,0.2407,0.2389,0.4695,6.8228
11000000,312730265,313873,28,13,4,5,340,0.2398,0.2364,0.2506,0.2267,0.2353,0.2467,0.2265,0.2370,0.2450,0.5273,0.5473,0.2462,0.2374,0.2434,0.2444,0.4732,4.6633
11200000,316620913,315821,31,13,3,5,276,0.2365,0.2395,0.5036,0.4644,0.4736,0.2505,0.2311,0.2505,0.2466,0.5422,0.5644,0.2403,0.2351,0.2488,0.5025,0.9532,6.1827
11400000,320498553,317711,20,14,5,1,284,0.2441,0.2403,0.2558,0.2366,0.2431,0.2509,0.2431,0.4966,0.2463,1.0776,1.1195,0.2478,0.2393,0.2496,0.2589,1.4150,7.0644
11600000,324165473,319428,21,14,4,2,100,0.2463,0.1212,0.1291,0.1182,0.1227,0.1258,0.1180,0.1299,0.1254,0.8155,0.8472,0.1266,0.1269,0.2481,0.1295,0.9506,4.4807
11800000,327935749,321141,17,13,1,1,47,0.0801,0.0806,0.0855,0.0795,0.0809,0.0824,0.0792,0.0852,0.0842,0.1803,0.1879,0.0821,0.0827,0.0828,0.0838,0.1613,1.5987
12000000,331780678,322901,12,13,1,3,49,0.0599,0.0593,0.0649,0.0578,0.0584,0.0619,0.0560,0.0604,0.1253,0.1344,0.1399,0.0593,0.0594,0.1226,0.0613,0.2416,1.4224
12200000,335668731,324589,14,12,1,0,59,0.2466,0.2437,0.2586,0.2365,0.2414,0.4899,0.2372,0.2623,0.2553,0.5571,0.5760,0.2452,0.4858,0.2469,0.5070,0.4896,5.5791
12400000,339307531,326138,13,12,3,0,144,0.2466,0.2447,0.5012,0.2408,0.2445,0.7493,0.4741,0.5180,0.2522,0.5901,0.6073,0.4967,0.7264,0.4889,0.7687,0.9803,8.1297
12600000,342986616,327833,14,12,2,4,58,0.2431,0.2425,0.2527,0.2411,0.2383,0.2525,0.2324,0.2559,0.2544,0.5380,0.5644,0.2507,0.2479,0.2459,0.2565,1.4824,5.7985
12800000,346497766,329246,13,12,1,0,42,0.2488,0.2516,0.2633,0.2475,0.2393,0.2523,0.4723,0.2488,0.2557,0.5913,0.6094,0.2509,0.2515,0.2609,0.2658,0.4972,5.2066
13000000,350003257,330802,21,12,3,12,275,0.2462,0.2434,0.5374,0.2360,0.2418,0.5159,0.2415,0.2536,0.2456,1.1763,1.2159,0.2499,0.2389,0.2528,0.2467,0.4958,6.6378
13200000,353521462,332234,24,13,5,5,324,0.2475,0.2465,0.2548,0.2424,0.2415,0.2574,0.2377,0.2552,0.2566,1.7443,1.8026,0.2603,0.2484,0.2588,0.2654,0.5018,7.3213
13400000,357103571,333641,32,16,1,2,202,0.4946,0.2536,0.5085,0.4824,0.2420,0.5049,0.2495,0.5080,0.2551,0.5489,0.5685,0.2460,0.2368,0.2533,0.2569,0.5030,6.1120
13600000,360665191,334912,24,17,8,4,217,0.2504,0.5065,0.2636,0.2476,0.4851,0.2640,0.2463,0.2607,0.2637,0.5707,0.5900,0.2578,0.2525,0.5066,0.2672,1.0039,6.2366
13800000,364066725,336222,22,19,2,5,57,0.2573,0.2546,0.2668,0.2439,0.7400,0.2587,0.2537,0.5246,0.2624,1.1638,1.2020,0.5210,0.2489,0.7714,0.2706,0.5068,7.7462
14000000,367572667,337522,22,19,0,5,55,0.5134,0.2444,0.2636,0.2427,0.9958,0.2540,0.5016,0.2621,0.2530,1.7545,0.6002,0.7821,0.5088,0.2524,0.2590,0.5073,8.1950
14200000,370774976,338666,23,19,2,5,76,0.2516,0.2543,0.2643,0.2499,0.2462,0.2571,0.2491,0.2620,0.2681,2.3508,1.2126,0.2678,0.7568,0.2556,0.2768,0.5115,7.9343
14400000,374332394,339888,22,19,4,5,65,0.2480,0.2401,0.2622,0.2336,0.2450,0.2562,0.2487,0.2528,0.5159,0.5755,0.5968,0.5135,0.2493,0.2558,0.5302,1.0099,6.2335
14600000,377479251,340969,19,13,1,0,56,0.2552,0.2485,0.2740,0.2543,0.2521,0.2754,0.2525,0.2667,0.2565,0.5606,0.5762,0.2580,0.2602,0.2655,0.2650,0.5168,5.0375
14800000,380499552,341942,20,13,2,3,113,0.5118,0.4931,0.5375,0.5020,0.4967,0.2694,0.2608,0.2827,0.5130,0.6006,1.1773,0.5149,0.2606,0.5248,0.2862,1.0152,8.2466
15000000,383850508,343058,22,13,5,2,94,0.7593,0.7380,0.8010,0.7482,0.2457,0.5236,0.2519,0.5471,0.2599,1.1743,1.7672,0.2626,0.2500,0.2570,0.2572,0.5164,9.3590
15200000,387013609,344096,18,13,4,0,64,1.0254,0.2513,0.2639,0.2496,0.4953,0.8030,0.2482,0.2682,0.2614,0.6034,0.6220,0.2625,0.2588,0.5285,0.2836,0.5199,6.9451
15400000,390207317,345186,26,16,2,1,177,0.2638,0.2625,0.2686,0.2602,0.2640,0.2669,0.5011,0.2668,0.2701,0.5885,0.6083,0.5343,0.2567,0.2583,0.5589,0.5197,5.9487
15600000,393247134,346212,31,17,11,2,383,0.2586,0.2597,0.5393,0.5131,0.5144,0.5356,0.7534,0.2704,0.2691,1.1599,0.5935,0.2656,0.5132,0.5231,0.8328,0.5207,8.3222
15800000,396354487,347126,38,20,9,0,496,0.2629,0.5105,0.2781,0.2512,0.2589,0.7950,0.2469,0.2749,0.2632,0.5954,1.2077,0.2750,0.7808,0.2571,0.2764,1.0451,7.5790
16000000,399408392,348076,44,20,20,5,428,0.5148,0.2671,0.2758,0.2608,0.5136,1.0463,0.2594,0.5582,0.5372,0.5987,0.6173,0.2653,0.2755,0.2630,0.5500,0.5275,7.3303
16200000,402485623,348992,34,20,13,2,487,0.1256,0.1222,0.1374,0.1249,0.1253,0.1275,0.1219,0.1288,0.1321,0.5826,0.6021,0.1347,0.1253,0.1258,0.1354,0.2565,3.1080
16400000,405615653,349827,43,24,13,1,398,0.4993,0.4875,0.2748,0.4924,0.2533,0.2664,0.2520,0.2635,0.2665,0.5951,0.6128,0.2685,0.2650,0.2669,0.5316,0.5272,6.1228
16600000,408716427,350769,47,24,12,4,634,0.7764,0.7558,0.2708,0.2573,0.2547,0.5385,0.2535,0.5390,0.2778,1.2134,1.2478,0.5461,0.2670,0.5336,0.2722,0.5280,8.5317
16800000,411712731,351579,44,26,13,5,511,0.2527,0.2573,0.2746,0.2563,0.2529,0.2637,0.2451,0.2644,0.2679,0.6027,1.8525,0.2754,0.2720,0.2600,0.2692,1.0502,6.9167
17000000,414555444,352472,49,30,26,5,968,0.2734,0.5377,0.2771,0.2599,0.2575,0.5340,0.2599,0.2758,0.5405,0.6113,2.5095,0.2772,0.2572,0.5198,0.5534,0.5314,8.4756
17200000,417511806,353297,50,32,20,2,712,0.2644,0.2632,0.2776,0.2535,0.2575,0.2692,0.2537,0.2700,0.2710,0.6005,0.6185,0.2773,0.2606,0.2754,0.2800,0.5327,5.2251
17400000,420519425,354083,57,36,21,3,778,0.1305,0.1282,0.1400,0.1281,0.1280,0.1366,0.1277,0.1344,0.1323,0.2991,0.3092,0.1362,0.1294,0.1362,0.1361,0.2663,2.5982
17600000,423485271,354919,70,37,22,4,1298,0.2625,0.2599,0.2718,0.2477,0.2566,0.2646,0.2522,0.2675,0.2623,0.6047,0.6233,0.2635,0.5169,0.2678,0.2737,0.5335,5.4285
17800000,426454759,355640,71,38,16,5,1096,0.1340,0.1299,0.1382,0.1295,0.1306,0.1379,0.1315,0.1391,0.1363,0.3025,0.3155,0.1421,0.1344,0.1327,0.1406,0.2706,2.6454
18000000,429220515,356307,67,38,19,6,1082,0.1795,0.1743,0.0920,0.0856,0.1762,0.0907,0.1696,0.1837,0.1801,0.4118,0.4267,0.0904,0.1766,0.0876,0.0948,0.1776,2.7971
18200000,432181305,357034,65,41,18,9,1016,0.2681,0.2639,0.2709,0.2546,0.2540,0.2732,0.2498,0.2807,0.2753,0.6047,0.6289,0.2697,0.2579,0.2654,0.2738,0.5364,5.2270
18400000,435061742,357807,67,45,19,3,794,0.2645,0.2603,0.2797,0.4928,0.2610,0.2747,0.2642,0.2777,0.2704,0.6157,0.6404,0.2710,0.2675,0.2698,0.5411,0.5381,5.7888
18600000,437734302,358523,67,48,18,8,1004,0.2700,0.5313,0.2909,0.7699,0.2656,0.5644,0.5326,0.2833,0.2858,0.6148,0.6332,0.5596,0.5471,0.2736,0.8486,0.5401,7.8107
18800000,440660916,359171,75,48,14,6,1563,0.2623,0.2562,0.2827,0.2530,0.5159,0.2721,0.2509,0.5599,0.2691,0.6203,1.2601,0.2747,0.7980,0.5342,0.2673,1.0703,7.7468
19000000,443405668,359882,72,49,24,7,1215,0.2686,0.2604,0.2809,0.2578,0.2634,0.5513,0.2592,0.2630,0.5499,1.2219,1.8867,0.2736,0.2705,0.2753,0.2847,0.5436,7.7108
19200000,446250540,360645,89,51,18,6,1127,0.2705,0.2702,0.5550,0.2614,0.5184,0.8159,0.5113,0.2768,0.2732,1.8167,2.4913,0.5448,0.5330,0.2661,0.2803,0.5435,10.2282
19400000,449048410,361226,80,51,16,1,813,0.1310,0.1320,0.4196,0.1246,0.1271,0.1351,0.1270,0.2753,0.2708,0.3142,0.3250,0.1375,0.3987,0.2640,0.2843,0.2676,3.7338
19600000,451505375,361728,73,54,13,3,524,0.0903,0.0919,0.0953,0.0873,0.0919,0.0954,0.0897,0.0967,0.0979,0.2249,0.2316,0.0943,0.0935,0.0921,0.0986,0.3617,2.0332
19800000,454180454,362394,69,54,13,8,648,0.2732,0.2681,0.5779,0.2610,0.2691,0.5719,0.2635,0.5822,0.2756,0.6222,1.3440,0.5616,0.5583,0.5465,0.5928,0.5466,8.1144
20000000,456822013,363005,79,55,15,4,709,0.5445,0.2577,0.2751,0.2592,0.2617,0.2749,0.5209,0.8557,0.2766,1.2432,1.9703,0.8277,0.2684,0.8049,0.2796,1.0827,10.0030
20200000,459537134,363592,76,59,10,6,521,0.7993,0.5282,0.5451,0.5149,0.5190,0.5405,0.7689,0.2868,0.5367,1.8199,2.5448,1.0796,0.5306,1.0502,0.5511,0.5499,13.1654
20400000,462122460,364109,72,61,20,7,729,0.2688,0.2692,0.2804,0.2596,0.2631,0.8199,0.2604,0.2781,0.2826,0.6255,0.6438,0.2751,0.2707,0.2686,0.8364,0.5468,6.4491
20600000,464619541,364604,81,63,13,2,631,0.2686,0.5504,0.5657,0.5294,0.5378,1.1288,0.2729,0.5726,0.2748,0.6325,1.3133,0.5641,0.2713,0.5521,1.1504,0.5491,9.7337
20800000,467166751,365081,89,61,19,5,1049,0.2698,0.2736,0.2786,0.2672,0.2623,0.2791,0.2583,0.2879,0.2798,0.6235,0.6423,0.2863,0.2783,0.2769,0.2870,1.0948,5.9456
21000000,469607524,365635,85,61,24,3,1091,0.2696,0.5524,0.2843,0.2724,0.2684,0.2814,0.2536,0.2928,0.2809,0.6403,0.6590,0.5790,0.2719,0.5578,0.2949,0.5513,6.3098
21200000,472210794,366104,92,61,34,0,1482,0.2736,0.2741,0.2883,0.2713,0.2658,0.2830,0.5094,0.2769,0.2800,1.2670,1.3035,0.8740,0.2735,0.8388,0.2872,0.5502,8.1168
21400000,474662224,366580,83,63,23,7,1109,0.2741,0.5336,0.5724,0.2635,0.5247,0.2901,0.2649,0.5591,0.5641,0.6137,0.6349,0.2804,0.2788,1.0951,0.5796,0.5531,7.8821
21600000,477144980,367104,84,65,13,4,783,0.1345,0.4019,0.1446,0.1298,0.3963,0.1415,0.1285,0.4198,0.1322,0.6383,0.6573,0.1409,0.2746,0.1394,0.1438,0.5534,4.5767
21800000,479563610,367467,77,66,17,1,697,0.2713,0.2734,0.2908,0.2720,0.2714,0.2854,0.2748,0.2800,0.2885,0.6585,0.6772,0.2822,0.2742,0.2788,0.2820,0.5539,5.5146
22000000,482022615,367853,83,67,30,2,1075,0.2734,0.2703,0.2764,0.2621,0.2639,0.2902,0.2614,0.2852,0.2866,0.6366,0.6567,0.2855,0.2731,0.2745,0.2850,0.5511,5.4321
22200000,484258212,368242,84,73,26,1,1236,0.2760,0.5471,0.5700,0.2661,0.2764,0.5744,0.2776,0.2927,0.2882,0.6590,0.6767,0.2931,0.5579,0.2865,0.2979,1.1116,7.2512
22400000,486810784,368817,94,75,18,3,1213,0.2759,0.2710,0.2881,0.5241,0.2661,0.2772,0.2646,0.2888,0.5727,0.6225,0.6450,0.2805,0.8393,0.5660,0.2899,1.6702,7.9419
22600000,489217552,369145,86,76,32,3,1226,0.5490,0.5335,0.2773,0.7880,0.5320,0.5667,0.5397,0.2836,0.8562,1.2658,1.3053,0.5742,1.1022,0.2836,0.2858,0.5548,10.2977
22800000,491632118,369577,72,75,11,2,685,0.2712,0.2785,0.2790,0.2706,0.2667,0.2869,0.2597,0.2858,0.2747,0.6461,0.6630,0.2776,0.2710,0.2819,0.2877,0.5591,5.4596
23000000,493955922,369979,66,75,14,5,966,0.2732,0.5596,0.3041,0.2615,0.2731,0.2880,0.2708,0.5847,0.2824,0.6513,1.3451,0.2897,0.2813,0.5749,0.5868,0.5598,7.3863
23200000,496244724,370335,61,75,9,4,906,0.2718,0.8229,0.5957,0.5287,0.2683,0.2878,0.5409,0.8700,0.5740,1.3107,2.0232,0.5737,0.5605,0.8596,0.2965,1.1195,11.5038
23400000,498629601,370740,60,75,4,12,1009,0.2746,0.2793,0.8794,0.2703,0.2690,0.2952,0.8020,0.3017,0.2953,1.9196,2.6434,0.2825,0.2764,0.2852,0.3077,1.6640,11.0455
23600000,500894542,371226,53,75,18,2,1297,0.2732,0.2790,0.2883,0.2678,0.2752,0.2784,0.2716,0.2836,0.2949,0.6347,0.6543,0.2897,0.2751,0.2810,0.2946,0.5573,5.4987
23800000,503220955,371644,49,76,9,2,237,0.2786,0.2745,0.2815,0.2716,0.2640,0.2879,0.2652,0.2913,0.5818,1.2751,1.3187,0.2790,0.2771,0.2858,0.2806,0.5581,7.0707
24000000,505230268,371829,43,62,7,3,158,0.2805,0.2877,0.5748,0.2713,0.2793,0.5751,0.5434,0.5814,0.2843,1.9247,1.9874,0.5675,0.2732,0.5721,0.2941,1.1253,10.4221
24200000,507370327,372175,43,62,7,2,251,0.2795,0.2798,0.2885,0.2658,0.2744,0.8707,0.2698,0.2990,0.5847,0.6654,0.6853,0.2893,0.2662,0.2779,0.6010,0.5572,6.7544
24400000,509637587,372486,49,62,9,5,412,0.2705,0.2757,0.2948,0.5274,0.5336,0.2840,0.2571,0.5762,0.8506,1.2922,1.3281,0.2795,0.2740,0.2824,0.2953,0.5602,8.1815
24600000,511771050,372847,58,67,5,9,605,0.2730,0.2819,0.2845,0.2760,0.2729,0.2819,0.2652,0.2890,0.2903,0.6765,0.6947,0.2928,0.2998,0.2858,0.3029,0.5619,5.6292
24800000,513866266,373191,59,67,10,4,605,0.2782,0.2828,0.2955,0.2781,0.2749,0.2924,0.2709,0.2916,0.2953,0.6774,0.6983,0.2960,0.2918,0.2868,0.3065,0.5646,5.6812
25000000,516078110,373701,57,67,15,5,456,0.1376,0.1334,0.1428,0.1315,0.1387,0.1438,0.1346,0.1462,0.1435,0.3197,0.3303,0.1460,0.1358,0.1389,0.1476,0.5632,3.0332
25200000,518463246,374054,63,73,16,1,486,0.2772,0.5520,0.5815,0.5362,0.5513,0.2909,0.2688,0.2765,0.5772,0.6284,1.3197,0.5718,0.5538,0.5592,0.5892,1.7049,9.8385
25400000,520707979,374528,64,67,10,1,500,0.2802,0.2796,0.2969,0.2749,0.2764,0.2938,0.2731,0.2956,0.2887,1.2714,1.9823,0.2821,0.8292,0.2776,0.3042,2.2639,9.7698
25600000,522804611,374674,55,73,15,2,434,0.5637,0.2771,0.2975,0.2790,0.5529,0.5845,0.2738,0.2961,0.2967,0.6582,0.6748,0.2835,0.2873,0.2875,0.2966,0.5657,6.4748
25800000,525040318,375070,50,72,4,1,181,0.1394,0.1371,0.1459,0.1364,0.4132,0.4417,0.2713,0.2926,0.1455,0.3304,0.6754,0.2888,0.1428,0.1447,0.1531,0.5646,4.4230
26000000,526999058,375414,47,67,5,2,269,0.5578,0.5659,0.2977,0.2696,0.2754,0.2988,0.2767,0.8832,0.2924,1.3364,2.0416,0.3039,0.5758,0.5822,0.3006,1.6954,10.5534
26200000,529010054,375634,47,62,3,3,329,0.8359,0.2781,0.5988,0.5477,0.5545,0.6047,0.5446,1.1889,0.5838,0.6401,2.6947,0.6021,0.8626,0.2897,0.5997,2.2597,13.6854
26400000,530983951,375988,51,63,9,1,520,0.2857,0.2750,0.3165,0.2775,0.8386,0.3030,0.2765,0.3062,0.2999,0.6637,0.6801,0.2988,0.2875,0.2987,0.3121,2.8269,8.5468
26600000,532945980,376220,54,63,4,2,223,0.2809,0.5508,0.3058,0.2816,0.2810,0.2942,0.2742,0.2885,0.3010,1.3049,1.3408,0.3015,0.2833,0.2972,0.6161,0.5711,7.5729
26800000,534845474,376394,52,71,4,3,349,0.2801,0.2796,0.2969,0.2770,0.2778,0.5996,0.2703,0.5976,0.5966,2.0055,2.0624,0.2927,0.5680,0.2931,0.9406,0.5688,10.2067
27000000,536911463,376651,52,76,9,2,618,0.2776,0.5477,0.5874,0.2769,0.5503,0.2922,0.2686,0.8949,0.8760,2.6430,0.6875,0.2928,0.2843,0.5813,0.3113,0.5702,9.9418
27200000,538947536,376919,52,76,7,2,618,0.2838,0.2920,0.3114,0.2765,0.2909,0.2901,0.2744,0.2924,0.2844,0.6834,0.7043,0.2962,0.2938,0.2928,0.6162,1.1340,6.6166
27400000,540813033,377217,59,75,6,3,407,0.1360,0.1391,0.1471,0.2756,0.1344,0.2950,0.1337,0.2935,0.1444,0.6847,0.3427,0.1418,0.1401,0.1493,0.1551,0.2782,3.5908
27600000,542920421,377322,57,75,11,2,508,0.5412,0.2887,0.5877,0.2702,0.2766,0.2850,0.2782,0.8523,0.3053,0.6927,0.7113,0.2910,0.2845,0.2870,0.6175,0.5703,7.1393
27800000,544828723,377467,58,76,6,1,299,0.2830,0.5836,0.8977,0.5574,0.2801,0.5926,0.2818,1.1831,0.2841,1.3689,1.4043,0.2941,0.2831,0.2971,0.9491,1.1553,10.6951
28000000,546510733,377559,60,77,8,1,533,0.1441,0.1443,0.1560,0.1420,0.1439,0.1537,0.1387,0.1481,0.1598,0.3607,0.3688,0.1516,0.1423,0.1504,0.1549,0.2864,2.9457
28200000,548553243,377827,67,71,6,1,644,0.5706,0.2894,0.2981,0.5560,0.2832,0.3055,0.2794,0.5847,0.6006,1.3670,1.3984,0.3040,0.5629,0.5852,0.6192,0.5714,9.1757
28400000,550421065,377948,81,71,16,3,1110,0.8450,0.5737,0.5968,0.8299,0.2822,0.5941,0.2867,0.3035,0.3027,2.0439,2.0960,0.5919,0.8430,0.8619,0.3107,1.1346,12.4964
28600000,552327279,378103,92,71,19,8,1283,0.2826,0.2908,0.2934,0.2798,0.2838,0.3022,0.2824,0.3073,0.2992,2.7569,2.8298,0.2935,0.2861,0.3000,0.3103,1.7298,11.1278
28800000,554167952,378235,94,71,24,4,1252,0.1402,0.1417,0.1513,0.2779,0.1418,0.1431,0.1361,0.2999,0.1442,0.3395,0.3499,0.1503,0.1419,0.1452,0.1516,1.1556,4.0101
29000000,555986376,378437,103,71,31,9,2176,0.5814,0.2887,0.3006,0.8494,0.5784,0.5889,0.2770,0.9234,0.5861,1.3597,1.4021,0.5989,0.3001,0.5930,0.6220,2.9226,12.7723
29200000,558027933,378696,107,71,34,5,2207,0.8358,0.5619,0.2891,1.0947,0.2667,0.2979,0.5371,0.2901,0.8579,1.9722,0.6894,0.2911,0.2875,0.8501,0.8886,3.3738,13.3839
29400000,559823151,378866,103,72,23,2,1291,0.2900,0.8708,0.2968,1.4367,0.2934,0.3064,0.8458,0.2980,1.1913,2.7599,1.4350,0.2981,0.2925,1.1810,0.3124,4.1104,16.2184
29600000,561497858,378931,97,71,21,8,1467,0.1439,0.1528,0.1538,0.1436,0.1420,0.1490,0.1395,0.1522,0.1485,1.7207,1.0741,0.1500,0.1498,0.1510,0.1549,0.2902,5.0157
29800000,563207096,378986,95,68,14,4,940,0.2811,0.2863,0.3019,0.2724,0.2725,0.2893,0.2823,0.3047,0.2866,4.0918,2.8269,0.3009,0.2820,0.2923,0.3117,0.5731,11.2558
30000000,565140122,379310,92,68,21,5,1148,0.1436,0.1445,0.1480,0.1401,0.1378,0.1455,0.1387,0.1444,0.1389,0.3465,0.3561,0.1505,0.1430,0.1473,0.1567,0.2888,2.8703
30200000,566871007,379611,96,70,19,2,2059,0.2907,0.2847,0.2969,0.2820,0.2848,0.2982,0.2816,0.3108,0.2930,0.6543,0.6727,0.6082,0.5850,0.3004,0.2958,0.5756,6.3145
30400000,568491060,379746,103,70,14,7,1820,0.1427,0.1465,0.1531,0.1398,0.1428,0.1442,0.1371,0.1475,0.1488,0.3409,0.3508,0.1465,0.1442,0.1455,0.1560,0.2843,2.8707
30600000,570390049,379894,102,68,35,7,2600,0.5600,0.5666,0.2997,0.5484,0.5540,0.2941,0.5336,0.5813,0.5707,1.3567,1.3995,0.2912,0.5732,0.2931,0.3107,1.1218,9.8545
30800000,572255819,380091,95,68,23,6,2339,0.2793,0.2766,0.5958,0.2735,0.8431,0.2928,0.2764,0.2866,0.2907,2.0533,2.1162,0.2907,0.2783,0.2726,0.2949,0.5738,9.2946
31000000,573948577,380134,101,66,33,4,2418,0.2857,0.2911,0.3112,0.2703,0.2781,0.3108,0.2784,0.3056,0.3041,2.7369,0.7071,0.3011,0.2930,0.3011,0.3192,0.5783,7.8721
31200000,575691788,380354,119,66,25,9,2047,0.5807,0.2768,0.2990,0.5538,0.2806,0.6240,0.2809,0.3027,0.6011,3.5317,1.4634,0.2980,0.5971,0.6034,0.3143,1.1724,11.7798
31400000,577333366,380528,119,66,32,4,1922,0.2944,0.2879,0.5907,0.2808,0.5607,0.9175,0.2775,0.6103,0.8947,4.2046,2.1778,0.3039,0.8891,0.8985,0.3188,1.7369,15.2439
31600000,579060272,380626,117,65,25,4,1126,0.1418,0.1422,0.1462,0.1385,0.1437,0.1516,0.1442,0.1448,0.1490,2.4497,0.3541,0.1526,0.1458,0.1442,0.1604,0.2882,4.9971
31800000,580788870,380720,121,65,34,6,1135,0.0956,0.1000,0.1040,0.0945,0.0956,0.1017,0.0950,0.1016,0.1016,0.2344,0.2415,0.1013,0.0977,0.1052,0.1054,0.1949,1.9702
32000000,582637483,381058,141,72,40,6,1591,0.2882,0.2920,0.2972,0.2775,0.2906,0.2932,0.2804,0.2989,0.2999,0.6584,0.6779,0.2922,0.2935,0.2961,0.3053,1.1848,6.3262
32200000,584384335,381155,133,71,39,7,1209,0.1472,0.2889,0.1583,0.1459,0.1463,0.1556,0.2862,0.1500,0.1475,0.3484,0.3583,0.1592,0.1493,0.2998,0.1645,0.8723,3.9779
32400000,586057137,381350,125,72,29,5,869,0.2889,0.2939,0.3059,0.2868,0.2850,0.5980,0.2891,0.3044,0.3045,1.3647,1.4043,0.6294,0.5816,0.3046,0.6344,0.5778,8.4533
32600000,587950659,381561,123,73,28,8,759,0.1387,0.1478,0.1443,0.1367,0.1345,0.1439,0.1369,0.1487,0.1472,0.3452,1.0602,0.1445,0.4328,0.1456,0.1511,0.2862,3.8443
32800000,589747217,381806,130,74,30,13,1495,0.2848,0.2809,0.3017,0.2779,0.2803,0.3024,0.2758,0.3080,0.2994,0.6979,0.7163,0.3049,0.2879,0.2876,0.3085,0.5786,5.7929
33000000,591261485,381991,135,74,26,4,1579,0.2884,0.2914,0.3029,0.2804,0.2936,0.6293,0.2912,0.3135,0.3047,0.7418,0.7605,0.3089,0.3031,0.3022,0.6475,0.5798,6.6394
33200000,593115908,382252,146,73,40,10,2628,0.5713,0.2946,0.6019,0.2766,0.2837,0.9251,0.2811,0.6084,0.6014,0.6994,0.7215,0.6048,0.5783,0.2851,0.3109,0.5754,8.2196
33400000,594725301,382336,136,73,35,11,1949,0.2836,0.2904,0.8649,0.5381,0.5453,1.1663,0.5471,0.8726,0.2941,1.3930,1.4319,0.3057,0.8367,0.5644,0.6158,0.5838,11.1338
33600000,596343096,382513,156,73,22,9,1730,0.2898,0.2907,0.3004,0.2815,0.8669,1.5403,0.2828,1.2329,0.3066,2.1804,0.7185,0.3041,0.2948,0.2876,0.9828,0.5787,10.7387
33800000,598041706,382587,155,73,36,9,1704,0.2856,0.2823,0.3024,0.2797,1.1454,0.3141,0.2895,0.3077,0.2949,0.6615,0.6828,0.2916,0.2938,0.2900,0.3175,1.1510,7.1897
34000000,599775394,382742,154,73,36,11,1677,0.2874,0.5817,0.2962,0.2751,1.4343,0.3150,0.2838,0.3052,0.5932,1.3570,1.4009,0.3037,0.2901,0.5918,0.6186,0.5767,9.5107
34200000,601300937,382938,172,74,46,11,1598,0.2952,0.8524,0.6044,0.2801,0.2930,0.3064,0.2887,0.6069,0.8902,2.0396,2.0997,0.3190,0.2988,0.2929,0.9284,0.5804,10.9763
34400000,602908297,383177,176,73,37,15,1897,0.5987,0.3007,0.2963,0.5723,0.2781,0.6188,0.2912,0.3074,0.3001,2.8146,2.8955,0.6309,0.2867,0.2927,0.3121,0.5804,11.3766
34600000,604633913,383424,179,73,51,17,1626,0.2824,0.2971,0.3025,0.2898,0.2865,0.3075,0.2900,0.3033,0.3119,0.6773,0.6960,0.3023,0.2985,0.2973,0.3240,0.5814,5.8477
34800000,606137340,383506,180,71,38,18,1669,0.5714,0.3010,0.3119,0.5782,0.2818,0.2943,0.2926,0.6152,0.3022,0.6867,0.7069,0.3157,0.2985,0.3055,0.6425,0.5811,7.0856
35000000,607658764,383666,166,71,36,23,1158,0.4320,0.1490,0.1566,0.1449,0.1431,0.2961,0.1484,0.4585,0.3041,0.3581,0.3684,0.1504,0.1504,0.3008,0.1551,0.2923,4.0081
35200000,609057143,383771,174,71,34,17,1174,0.0986,0.1979,0.2097,0.1914,0.1001,0.3004,0.1913,0.1063,0.3068,0.2385,0.2448,0.2036,0.2007,0.1042,0.1050,0.1962,2.9955
35400000,610455386,383786,168,71,37,13,1763,0.2904,0.2950,0.3129,0.2858,0.5817,1.1994,0.2933,0.6167,0.3003,1.3974,1.4354,0.9107,0.8867,0.3036,0.6286,0.5845,10.3222
35600000,612007541,383876,165,71,35,16,1650,0.2866,0.2986,0.3052,0.2764,0.8909,1.5504,0.5839,0.9514,0.6107,0.6765,0.6902,0.3031,1.1961,0.2935,0.9690,0.5794,10.4620
35800000,613499368,384051,171,72,34,10,1650,0.2880,0.2928,0.3046,0.2830,0.2856,0.2978,0.2792,0.3009,0.3069,1.3432,1.3774,0.3100,0.2976,0.3057,0.3245,0.5828,7.1801
36000000,615055018,384217,166,71,35,10,1996,0.2877,0.2908,0.3192,0.2852,0.5713,0.3060,0.2902,0.3098,0.3051,0.7164,0.7352,0.3024,0.3070,0.2905,0.6306,1.1629,7.1101
36200000,616416767,384225,150,71,33,5,1337,0.5917,0.3063,0.6456,0.2856,0.2911,0.2987,0.5913,0.3020,0.3100,0.7133,0.7291,0.3064,0.6279,0.3102,0.3221,0.5821,7.2134
36400000,617868631,384232,159,71,25,7,1271,0.2947,0.2969,0.2991,0.2863,0.2926,0.3045,0.2848,0.3153,0.2997,0.7213,0.7379,0.3059,0.9224,0.3025,0.3380,0.5848,6.5865
36600000,619376587,384316,153,71,20,9,1236,0.6046,0.6035,0.6200,0.5928,0.6000,0.3051,0.2914,0.6324,0.3005,0.6821,1.4785,0.2985,0.2919,0.6281,0.3188,0.5807,8.8289
36800000,620938947,384478,164,71,31,3,1494,0.2911,0.8508,0.8842,0.2997,0.8425,0.3154,0.5524,0.8926,0.3087,1.3255,2.0728,0.5905,0.2915,0.8770,0.3189,0.5838,11.2974
37000000,622387685,384435,180,71,31,2,3211,0.6011,0.2924,0.3044,0.2909,1.1625,0.6337,0.8685,1.2450,0.6309,2.1079,2.9111,0.9234,0.2884,1.2215,0.3120,1.1932,14.9871
37200000,623815872,384638,197,71,31,6,1812,0.2825,0.5938,0.3160,0.2816,1.4521,0.9414,0.2842,0.2932,0.3025,0.7361,3.6951,1.2396,0.6024,0.3024,0.6250,0.5820,12.5300
37400000,625280813,384709,196,72,43,7,1535,0.2860,0.2935,0.2943,0.2798,0.2842,0.3052,0.2718,0.2928,0.3065,0.7001,0.7179,0.3184,0.2938,0.2999,0.2959,1.1682,6.4082
37600000,626594434,384720,184,72,31,13,974,0.3011,0.2981,0.3007,0.2944,0.3061,0.3111,0.5703,0.3227,0.2999,0.7155,0.7348,0.6458,0.3000,0.3070,0.6356,1.7810,8.1241
37800000,628030333,384910,184,72,36,5,1461,0.5766,0.3006,0.6023,0.2946,0.5853,0.6131,0.8411,0.6221,0.5953,0.6995,1.4303,0.3053,0.3071,0.3030,0.9282,2.3084,11.3128
38000000,629402165,384980,177,72,36,7,1807,0.8604,0.5982,0.9038,0.5924,0.8799,0.9153,1.1247,0.9304,0.9099,1.4124,2.1564,0.3118,0.2996,0.6037,0.3291,2.8695,15.6974
38200000,630779076,385202,187,72,36,4,1529,1.1305,0.8874,1.1950,0.8710,0.2935,1.2127,0.2864,1.2270,1.1977,2.1062,2.8534,0.2995,0.3082,0.3057,0.3324,0.5846,15.0912
38400000,632348773,385346,171,71,31,7,1646,0.2901,1.2155,0.3033,1.1935,0.2921,0.3090,0.2888,0.2955,0.3104,2.8944,3.6889,0.6236,0.2991,0.3004,0.6606,1.1925,14.1577
38600000,633598979,385310,157,71,33,6,1044,0.1479,0.1526,0.1567,0.1458,0.1470,0.1612,0.1485,0.1592,0.1585,0.3589,0.3656,0.4670,0.1522,0.1583,0.1595,0.2952,3.3339
38800000,634823936,385501,155,71,29,4,1042,0.2962,0.2944,0.6478,0.5896,0.5934,0.6455,0.2889,0.3148,0.3137,1.4388,1.4753,0.3133,0.3018,0.6274,0.6402,0.5873,9.3684
39000000,636109948,385713,158,71,33,24,1627,0.2965,0.5911,0.9443,0.2863,0.2980,0.3106,0.5770,0.3176,0.6137,2.1334,2.1882,0.3075,0.3024,0.3145,0.3243,0.5869,10.3923
39200000,637555169,385793,142,71,41,14,1958,0.2957,0.8785,0.3117,0.5708,0.2982,0.3061,0.3004,0.3278,0.2965,2.7977,2.8719,0.6040,0.5950,0.6120,0.3220,1.1629,12.5511
39400000,638842937,385802,158,71,27,15,1823,0.5903,0.2986,0.3237,0.2921,0.5943,0.3066,0.6029,0.6463,0.3149,3.5557,3.6501,0.3022,0.3012,0.3091,0.6538,0.5866,13.3285
39600000,640070672,385878,153,62,30,9,1564,0.3008,0.2991,0.3059,0.2897,0.2921,0.3197,0.2909,0.3176,0.3144,0.7602,0.7835,0.3146,0.2952,0.3052,0.3348,0.5885,6.1122
39800000,641403249,385969,168,62,29,18,1462,0.2972,0.2916,0.3218,0.2868,0.3074,0.6261,0.2944,0.6369,0.6233,0.7191,0.7418,0.3030,0.2954,0.3005,0.6457,0.5868,7.2778
40000000,642558440,385941,171,62,34,20,1988,0.3008,0.5872,0.3282,0.2927,0.6013,0.9295,0.5760,0.9265,0.9284,1.4412,1.4825,0.3052,0.3167,0.5972,0.3213,0.5896,10.5241
40200000,643839735,386058,165,62,32,9,1324,0.2962,0.3018,0.3007,0.2850,0.2960,0.3230,0.2904,0.3160,0.3105,2.2008,2.2617,0.3054,0.2920,0.2986,0.3269,0.5862,8.9911
40400000,645380510,386217,155,62,18,8,831,0.2885,0.6085,0.6141,0.5790,0.6013,0.6380,0.5730,0.6330,0.6236,0.6671,3.0204,0.6167,0.2983,0.3047,0.3112,1.1882,11.5654
40600000,646744799,386305,150,62,17,5,531,0.5840,0.2961,0.9135,0.8539,0.2950,0.3103,0.2921,0.3168,0.3092,1.3611,3.6608,0.9172,0.2976,0.2957,0.3243,1.7391,12.7665
40800000,647980419,386367,144,62,18,11,495,0.8837,0.3012,0.3118,0.2900,0.3056,0.3092,0.3029,0.6349,0.6322,0.7344,0.7536,0.3208,0.5936,0.3090,0.6451,0.5899,7.9178
41000000,649060328,386545,150,62,16,9,708,0.2926,0.3148,0.3205,0.2909,0.2947,0.3092,0.2863,0.3206,0.3093,0.7323,0.7563,0.3108,0.3044,0.6294,0.3350,1.1991,7.0062
41200000,650342888,386624,154,62,24,10,856,0.2975,0.2999,0.3037,0.2851,0.2839,0.3074,0.2849,0.3202,0.3123,1.4228,1.4625,0.3096,0.3052,0.3092,0.3288,0.5874,7.4203
41400000,651818195,386800,142,62,23,14,780,0.5909,0.2888,0.2979,0.5743,0.2792,0.6160,0.5765,0.3015,0.3013,0.6757,2.1669,0.3019,0.2968,0.6118,0.6419,0.5841,9.1054
41600000,653270015,386924,145,62,27,10,623,0.2925,0.2948,0.3130,0.2915,0.5608,0.3012,0.2965,0.5951,0.6066,1.3561,2.8091,0.3095,0.5813,0.8880,0.3195,0.5862,10.4017
41800000,654446879,386901,144,62,25,6,822,0.2921,0.3051,0.3169,0.5999,0.8817,0.3142,0.5889,0.9391,0.3144,0.7309,0.7512,0.3043,0.8999,0.3063,0.3306,0.5880,8.4633
42000000,655425593,386944,153,62,26,5,861,0.2908,0.2961,0.3318,0.2931,0.2932,0.3171,0.3017,0.3235,0.3241,1.4857,1.5222,0.3079,0.3194,0.6139,0.3342,0.5914,7.9461
42200000,656530095,387075,165,61,26,7,980,0.1458,0.2961,0.1587,0.1480,0.1505,0.3149,0.1472,0.3201,0.1580,1.0963,1.1253,0.1532,0.1552,0.1594,0.1660,0.2988,4.9934
42400000,657746117,387096,149,61,28,8,942,0.2970,0.8912,0.6403,0.5830,0.5833,0.9405,0.2823,0.3280,0.3002,0.7215,0.7365,0.6139,0.5979,0.3031,0.3208,1.1834,9.3228
42600000,658925826,387230,157,62,19,11,741,0.3036,0.3035,0.3266,0.2994,0.2994,1.2252,0.2987,0.6406,0.3035,0.7075,0.7292,0.3125,0.3005,0.6184,0.3212,0.5903,7.5802
42800000,660115984,387346,162,61,31,12,1565,0.2990,0.6065,0.3020,0.3031,0.3020,0.3255,0.3054,0.3184,0.3056,0.7190,0.7370,0.3110,0.6070,0.3051,0.3279,0.5901,6.6645
43000000,661163978,387325,158,61,32,10,834,0.3033,0.9279,0.3240,0.2991,0.2981,0.3246,0.6097,0.3153,0.3140,1.4716,1.5092,0.3129,0.3065,0.3054,0.3199,0.5886,8.5300
43200000,662219080,387441,166,61,26,14,1157,0.6009,0.3050,0.3173,0.2895,0.2961,0.6424,0.2994,0.3299,0.3091,0.7346,0.7522,0.6220,0.3036,0.3074,0.3304,1.1722,7.6117
43400000,663248140,387436,177,61,31,15,1311,0.8792,0.3004,0.3140,0.2993,0.2890,0.3156,0.5799,0.3227,0.3217,0.7447,0.7621,0.3088,0.3052,0.3094,0.3332,1.7345,8.1199
43600000,664355670,387476,195,60,41,39,1420,0.2981,0.3005,0.3226,0.2961,0.2921,0.3048,0.2879,0.3153,0.3111,0.7119,0.7320,0.3166,0.3086,0.3134,0.3200,0.5910,6.0219
43800000,665587722,387637,181,60,33,21,1542,0.5958,0.2999,0.3143,0.2938,0.5862,0.6139,0.2976,0.3093,0.3123,0.7004,0.7189,0.3006,0.6092,0.3053,0.6317,1.1713,8.0606
44000000,666675025,387745,172,59,32,16,1099,0.9168,0.6144,0.3168,0.2953,0.2967,0.9353,0.3059,0.3279,0.6238,1.4603,0.7590,0.3125,0.3130,0.6045,0.3249,0.5895,8.9965
44200000,667659375,387857,178,60,29,5,887,0.3001,0.3032,0.3254,0.2967,0.2993,1.2613,0.6065,0.3171,0.3140,2.2331,1.5466,0.6466,0.6236,0.3182,0.3477,0.5928,10.3321
44400000,668543970,387812,181,68,31,27,1096,0.3020,0.3161,0.3211,0.2975,0.3022,0.3308,0.3037,0.3196,0.3238,3.0204,2.3365,0.3293,0.3085,0.3210,0.3383,0.5927,10.0634
44600000,669606216,387723,185,69,33,12,1143,0.5837,0.5954,0.3210,0.3008,0.2862,0.6327,0.5774,0.3231,0.6151,0.7060,0.7214,0.6314,0.3013,0.6056,0.3319,0.5918,8.1247
44800000,670830692,387887,191,71,41,21,1451,0.2985,0.3124,0.3159,0.2878,0.2970,0.9915,0.2949,0.3050,0.2922,0.7077,1.4910,0.3164,0.2890,0.9584,0.3163,1.2219,8.6958
45000000,672081481,387964,180,70,45,23,1641,0.2968,0.2948,0.3111,0.2844,0.2941,0.3145,0.2974,0.3161,0.3225,1.4290,2.2274,0.3022,0.3037,0.2972,0.3288,0.5880,8.2079
45200000,673061195,387921,190,71,28,19,1308,0.1529,0.1493,0.1546,0.1513,0.1498,0.1597,0.1514,0.1640,0.1598,0.3780,0.3868,0.1602,0.1562,0.1580,0.1692,0.2998,3.1010
45400000,674128552,387856,195,72,35,15,1062,0.2964,0.3035,0.3179,0.2952,0.2983,0.3197,0.2924,0.3284,0.3151,1.5009,0.7910,0.6201,0.3052,0.3078,0.6546,0.5934,7.5400
45600000,675475367,388006,182,73,35,17,1185,0.2951,0.2855,0.3209,0.2915,0.2924,0.3082,0.5948,0.3115,0.3035,2.2614,0.7370,0.3069,0.2932,0.3056,0.3158,0.5902,7.8134
45800000,676601404,388081,188,73,28,7,1044,0.2970,0.3130,0.3139,0.3035,0.5853,0.3210,0.2982,0.3160,0.3102,0.7206,0.7355,0.3149,0.2908,0.6085,0.6420,0.5902,6.9608
46000000,677643876,388062,183,73,30,8,959,0.5969,0.3096,0.6342,0.2969,0.3141,0.3164,0.5908,0.3139,0.3254,1.5015,1.5384,0.3289,0.3037,0.9182,1.0025,0.5930,9.8841
46200000,678678096,388127,183,73,36,13,972,0.2900,0.6283,0.3187,0.2919,0.6313,0.3223,0.2928,0.3280,0.3202,2.3250,0.7623,0.3193,0.2904,0.2988,0.3181,0.5921,8.3296
46400000,679525699,388250,186,73,32,20,1832,0.2961,0.9104,0.6243,0.5732,0.2965,0.3240,0.5827,0.3177,0.3260,0.7834,1.5371,0.6283,0.5820,0.5998,0.3264,0.5953,9.3033
46600000,680569210,388375,184,73,50,20,1314,0.2943,0.2958,0.3150,0.8644,0.2973,0.6310,0.2976,0.3263,0.3189,1.5380,0.7742,0.9443,0.3158,0.3026,0.6558,1.1848,9.3561
46800000,681430593,388443,173,73,34,19,1205,0.3044,0.5982,0.6314,0.2951,0.5986,0.9693,0.6039,0.3246,0.3111,2.3336,1.5817,0.3198,0.6341,0.6204,0.3177,1.7860,12.2300
47000000,682450254,388690,184,73,27,10,999,0.3021,0.9182,0.9633,0.5926,0.3105,1.3041,0.2961,0.6541,0.6382,0.7428,0.7600,0.6266,0.9546,0.3155,0.3342,0.5909,10.3037
47200000,683357892,388733,183,73,25,19,1089,0.3019,1.2103,0.3148,0.2876,0.2975,0.3044,0.5875,0.3139,0.3155,1.5068,1.5419,0.3068,1.2445,0.6199,0.3381,1.1740,10.6652
47400000,684467798,388704,180,73,37,15,1537,0.1557,0.7434,0.3163,0.1483,0.1540,0.3083,0.4343,0.1641,0.3195,0.3858,1.1461,0.1622,0.7649,0.1544,0.3287,0.8770,6.5630
47600000,685566633,388752,189,73,34,12,1293,0.2985,0.3140,0.3159,0.2967,0.2972,0.3118,0.2893,0.3179,0.3149,0.7382,0.7609,0.3083,0.3128,0.3076,0.3330,2.4096,7.9264
47800000,686640869,388722,179,73,24,14,1132,0.6013,0.6288,0.3127,0.2955,0.6002,0.6317,0.5806,0.6419,0.6466,1.4806,1.5201,0.6307,0.6185,0.6270,0.3325,0.5922,10.7406
48000000,687674056,388739,172,73,17,17,1027,0.3024,0.3035,0.6342,0.2871,0.2884,0.9681,0.3012,0.3229,0.9805,2.2519,0.7587,0.9618,0.3046,0.9584,0.3314,0.5935,10.5484
48200000,688403975,388781,174,73,24,12,1488,0.3078,0.3035,0.3373,0.3002,0.3077,0.3194,0.3109,0.3317,0.3265,2.9192,1.5112,0.3146,0.3164,0.3135,0.3353,1.1618,9.7169
48400000,689213431,388701,172,73,29,10,1438,0.3029,0.2993,0.6684,0.2974,0.3031,0.3151,0.6103,0.3296,0.3180,0.7347,0.7529,0.6375,0.3131,0.3149,0.3275,1.7603,8.2849
48600000,690263247,388839,175,73,35,16,1477,0.6064,0.3031,0.9982,0.5822,0.5985,0.6328,0.9233,0.6586,0.6426,0.7275,1.5104,0.9723,0.6249,0.6254,0.3402,2.3748,13.1214
48800000,691093229,388818,180,73,34,20,1568,0.2957,0.5966,0.3350,0.8702,0.3013,0.3264,0.2985,0.3323,0.3179,1.4899,2.2785,1.2777,0.3165,0.2991,0.6759,2.9278,12.9393
49000000,691877236,388955,186,73,32,18,1975,0.3158,0.3214,0.3323,0.3010,0.6132,0.3216,0.2931,0.6643,0.3219,0.7542,3.0503,1.5975,0.6219,0.3077,1.0180,0.5930,11.4272
49200000,692766861,389132,182,73,23,30,1502,0.3042,0.3118,0.3202,0.2970,0.2961,0.3095,0.3083,0.3335,0.3030,0.7568,0.7752,0.3173,0.9262,0.3065,1.3592,0.5928,7.8176
49400000,693658892,389161,166,73,23,25,1179,0.3011,0.2990,0.6480,0.5987,0.2945,0.3227,0.2956,0.3159,0.3157,1.5279,1.5643,0.3128,0.2941,0.3051,1.7248,0.5912,9.7113
49600000,694583709,389165,176,73,20,24,1364,0.3017,0.3090,0.3192,0.2944,0.3048,0.3149,0.3051,0.6245,0.3147,2.2027,2.2571,0.3179,0.3145,0.3158,0.3222,0.5940,9.4124
Report usecs used: 2912176
That is 2 seconds
Setup usecs used: 1
That is 0 seconds
Seeding usecs used: 6151233
That is 6 seconds
Random usecs used: 31182715
That is 31 seconds
Execute usecs used: 100368751
That is 100 seconds
Cell Splitting usecs used: 12433530
That is 12 seconds
Report usecs used: 3674054
That is 3 seconds
Setup usecs used: 0
That is 0 seconds
Seeding usecs used: 4826324
That is 4 seconds
Random usecs used: 23791260
That is 23 seconds
Report usecs used: 2202818
That is 2 seconds
Setup usecs used: 0
That is 0 seconds
Seeding usecs used: 4897800
That is 4 seconds
Random usecs used: 24016985
That is 24 seconds
Execute usecs used: 114012120
That is 114 seconds
Cell Splitting usecs used: 11436322
Report usecs used: 2209495
That is 2 seconds
Setup usecs used: 0
That is 0 seconds
Seeding usecs used: 4926384
That is 4 seconds
Random usecs used: 23990672
That is 23 seconds
Execute usecs used: 113895654
That is 113 seconds
Cell Splitting usecs used: 11475025
That is 11 seconds
That is 11 seconds
Execute usecs used: 113499747
That is 113 seconds
Cell Splitting usecs used: 11269876
That is 11 seconds

real	2m57.141s
user	11m43.196s
sys	0m2.439s
