200000,5482218,10924,0,1,0,0,0,0.0239,0.0296,0.0279,0.0257,0.0323,0.0304,0.0289,0.0309,0.0294,0.1291,0.1282,0.0294,0.0292,0.0291,0.0327,0.0154,0.6521
400000,10497612,23036,0,2,0,0,0,0.0459,0.0546,0.0614,0.0516,0.0534,0.0634,0.0625,0.0616,0.0592,0.2208,0.2205,0.0570,0.0550,0.0597,0.0613,0.0444,1.2322
600000,15070620,34825,0,2,0,0,0,0.0297,0.0365,0.0384,0.0337,0.0345,0.0372,0.0360,0.0401,0.0378,0.1329,0.1336,0.0361,0.0385,0.0390,0.0398,0.0366,0.7802
800000,19341747,46241,0,2,0,0,0,0.0771,0.0841,0.0863,0.0777,0.0895,0.0908,0.0827,0.0949,0.0879,0.2720,0.2741,0.0896,0.0879,0.0927,0.0934,0.0981,1.7788
1000000,22543594,54785,0,2,0,0,0,0.0365,0.0405,0.0427,0.0380,0.0405,0.0435,0.0371,0.0941,0.0896,0.1220,0.1224,0.0405,0.0391,0.0417,0.0922,0.0515,0.9719
1200000,25516996,62697,0,2,0,0,0,0.1751,0.0954,0.1940,0.0925,0.1891,0.2026,0.0989,0.1040,0.1003,0.2836,0.2882,0.0949,0.1909,0.2019,0.1019,0.1333,2.5464
1400000,28407945,70444,0,2,0,0,0,0.0942,0.1026,0.1101,0.0961,0.1027,0.1062,0.1056,0.1106,0.1064,0.2890,0.2931,0.1061,0.1059,0.1002,0.1153,0.1495,2.0937
1600000,31202532,77918,0,2,0,0,0,0.1036,0.1066,0.1146,0.1050,0.1078,0.2203,0.2115,0.1117,0.1132,0.5836,0.5935,0.2198,0.1094,0.1099,0.1132,0.1661,3.0897
1800000,33971963,85267,0,2,0,0,0,0.1091,0.1090,0.1127,0.1115,0.1161,0.1227,0.1160,0.1239,0.1213,0.2945,0.3016,0.1143,0.1200,0.1192,0.1198,0.1789,2.2903
2000000,36553307,92208,0,2,0,0,0,0.0580,0.1152,0.0633,0.0578,0.0595,0.0629,0.0583,0.1265,0.0660,0.3126,0.3201,0.1207,0.0608,0.0646,0.0631,0.0961,1.7055
2200000,39185101,99083,0,2,0,0,0,0.1229,0.1226,0.1295,0.1237,0.1250,0.1324,0.1243,0.1287,0.1302,0.3190,0.3278,0.1262,0.1241,0.1302,0.1264,0.2072,2.5004
2400000,41704653,105660,0,2,0,0,0,0.0642,0.0659,0.0671,0.0620,0.0653,0.0687,0.0633,0.0698,0.0664,0.1642,0.1682,0.0667,0.0652,0.0665,0.0669,0.1099,1.3004
2600000,44274922,112208,0,2,0,0,0,0.1323,0.1300,0.1385,0.1267,0.1289,0.1367,0.1306,0.1328,0.1328,0.2929,0.3032,0.1371,0.1334,0.1329,0.1320,0.2331,2.5539
2800000,46725312,118519,0,2,0,0,0,0.1360,0.1382,0.1404,0.1317,0.1320,0.1384,0.1338,0.1415,0.1358,0.3127,0.3247,0.1349,0.1385,0.1394,0.1384,0.2449,2.6614
3000000,49093814,124613,0,2,0,0,0,0.1402,0.1393,0.1432,0.1369,0.2713,0.1451,0.2767,0.1467,0.1451,0.3157,0.6557,0.1445,0.1396,0.1457,0.1459,0.5014,3.5929
3200000,51432531,130514,0,2,0,0,0,0.1448,0.1435,0.1520,0.1395,0.1464,0.1474,0.1399,0.1545,0.1470,0.3160,0.3296,0.1470,0.1474,0.1454,0.1471,0.2660,2.8136
3400000,53644112,135969,0,2,0,0,0,0.0727,0.0702,0.0754,0.0719,0.0730,0.0748,0.0712,0.0756,0.0731,0.1611,0.1675,0.0737,0.0751,0.0741,0.0738,0.1358,1.4190
3600000,55861425,141558,0,2,0,0,0,0.0519,0.0516,0.0542,0.0508,0.0502,0.1035,0.0507,0.0536,0.0534,0.1170,0.1216,0.0509,0.0505,0.0516,0.0524,0.1864,1.1501
3800000,58094472,147015,0,2,0,0,0,0.1524,0.1501,0.1568,0.1456,0.1504,0.1594,0.3020,0.1541,0.1534,0.3255,0.7040,0.1569,0.1587,0.1551,0.1502,0.2967,3.4715
4000000,60172793,152082,0,2,0,0,0,0.0789,0.0807,0.0817,0.0792,0.0780,0.0824,0.0748,0.0830,0.0805,0.1692,0.1766,0.0798,0.0786,0.0804,0.0811,0.1531,1.5379
4200000,62262548,157046,0,2,0,0,0,0.0555,0.0538,0.0567,0.0550,0.0554,0.0544,0.0544,0.0557,0.0536,0.1148,0.1207,0.0562,0.0557,0.0558,0.0546,0.2070,1.1595
4400000,64313213,161833,0,2,0,0,0,0.0822,0.0413,0.0419,0.0393,0.0401,0.0819,0.0800,0.0420,0.0412,0.0887,0.0925,0.0412,0.0406,0.0828,0.0819,0.2359,1.1534
4600000,66347440,166592,0,2,0,0,0,0.0343,0.0337,0.0351,0.0334,0.0339,0.0349,0.0330,0.0346,0.0339,0.0687,0.0719,0.0350,0.0335,0.0350,0.0336,0.2555,0.8401
4800000,68197300,170952,1,3,0,0,0,0.1710,0.1672,0.1747,0.1707,0.1700,0.1747,0.3347,0.3493,0.1751,0.3724,0.7521,0.1789,0.3399,0.1793,0.1757,0.3403,4.2258
[EVENT] Viable replicators have appeared!
5000000,70115322,175440,1,3,0,0,6,0.0888,0.1680,0.0917,0.0896,0.1723,0.0915,0.2489,0.0891,0.1759,0.1859,0.1951,0.0898,0.0895,0.0902,0.0902,0.1765,2.1330
5200000,71907319,179583,1,3,0,0,0,0.1800,0.1712,0.1851,0.1724,0.1773,0.1809,0.6599,0.1783,0.1769,0.7448,0.7824,0.1826,0.1711,0.1772,0.1814,0.3550,4.6765
5400000,73724371,183612,1,4,0,3,6,0.1785,0.1670,0.1829,0.1699,0.1792,0.1830,0.1766,0.1882,0.1827,0.3677,0.3879,0.1771,0.1786,0.1773,0.1778,0.3623,3.4368
5600000,75520246,187468,0,2,0,0,0,0.0905,0.0876,0.0935,0.0882,0.0879,0.0898,0.0871,0.0895,0.0871,0.1810,0.1903,0.0918,0.0891,0.0904,0.0889,0.3657,1.8984
[EVENT] Viable replicators have gone extinct. Please reserve a moment of silence.
5800000,77261039,191305,0,2,0,0,0,0.1852,0.1779,0.1886,0.1825,0.1812,0.1868,0.1800,0.1881,0.1856,0.3750,0.3966,0.1817,0.1826,0.1805,0.1930,0.3777,3.5429
6000000,79035866,195059,1,3,0,0,3,0.1846,0.1828,0.1886,0.1770,0.1798,0.1878,0.1798,0.1926,0.1826,0.3658,0.3857,0.1833,0.1801,0.1839,0.1816,0.3827,3.5188
[EVENT] Viable replicators have appeared!
6200000,80743287,198556,1,3,0,0,0,0.3741,0.1787,0.1901,0.3597,0.3664,0.3805,0.1840,0.3884,0.1907,0.7515,0.7923,0.1859,0.3674,0.1902,0.1859,0.3898,5.4755
6400000,82454947,202028,0,2,1,0,0,0.1877,0.3576,0.1868,0.1824,0.5421,0.5617,0.1780,0.1855,0.3784,0.3666,0.3898,0.1897,0.1824,0.1851,0.1884,0.3951,4.6572
[EVENT] Viable replicators have gone extinct. Please reserve a moment of silence.
6600000,84106729,205294,1,3,1,1,2,0.3797,0.5482,0.1971,0.1848,0.7335,0.7636,0.3670,0.1912,0.1904,0.3851,0.7999,0.3826,0.1841,0.1962,0.1898,0.7967,6.4899
[EVENT] Viable replicators have appeared!
6800000,85755918,208489,1,3,0,0,0,0.1887,0.1847,0.1942,0.1850,0.1928,0.1961,0.1808,0.1983,0.3878,0.3875,0.4102,0.1940,0.1880,0.1941,0.1869,0.4068,3.8760
7000000,87386117,211499,1,3,0,0,0,0.0968,0.1840,0.0999,0.0961,0.0967,0.0970,0.0932,0.0991,0.0962,0.1933,0.2057,0.0970,0.1914,0.0969,0.1895,0.2074,2.1401
7200000,89024856,214632,1,3,0,0,0,0.3885,0.1872,0.3973,0.1918,0.3782,0.3882,0.3691,0.2018,0.1926,0.7587,0.4047,0.3893,0.1907,0.3845,0.2024,0.4177,5.4426
7400000,90570965,217638,1,3,0,0,0,0.1961,0.1941,0.2052,0.1916,0.5787,0.6023,0.1847,0.4055,0.1940,1.1538,0.3992,0.5919,0.1942,0.5918,0.1959,0.8506,6.7295
7600000,92080069,220542,1,3,0,0,0,0.1009,0.0990,0.2013,0.1007,0.0979,0.1019,0.0937,0.1005,0.1001,0.1878,0.2003,0.3954,0.1987,0.3937,0.1003,0.2148,2.6871
7800000,93674553,223360,2,3,0,0,0,0.1957,0.1937,0.2052,0.1924,0.1951,0.2040,0.1895,0.1968,0.1964,0.3784,0.4040,0.2076,0.1907,0.2011,0.1975,0.4309,3.7790
8000000,95170253,226090,2,3,0,0,0,0.1019,0.0988,0.1000,0.1006,0.0993,0.1054,0.0966,0.1046,0.1020,0.2030,0.2161,0.1034,0.0973,0.1029,0.1018,0.2189,1.9525
8200000,96638470,228648,2,3,0,0,5,0.2018,0.3997,0.4079,0.4072,0.1992,0.2029,0.3876,0.4190,0.2057,0.8003,0.8517,0.2060,0.4004,0.2081,0.1999,0.4422,5.9395
8400000,98140596,231273,2,3,0,0,5,0.2016,0.1959,0.2089,0.1963,0.3975,0.2110,0.1892,0.6150,0.4090,0.3832,0.4086,0.1999,0.2035,0.2075,0.2023,0.8830,5.1123
8600000,99564372,233721,2,3,0,0,0,0.2033,0.3922,0.2058,0.1993,0.2038,0.2165,0.1951,0.2064,0.6127,0.4016,0.8298,0.2070,0.4018,0.2028,0.2041,0.4526,5.1349
8800000,101029813,236216,2,3,0,0,0,0.2015,0.1969,0.2042,0.1961,0.2025,0.2061,0.1938,0.2026,0.2092,0.3870,0.4114,0.2077,0.2027,0.2024,0.4162,0.4557,4.0961
9000000,102403216,238423,1,3,0,0,0,0.2071,0.2032,0.2171,0.2000,0.2020,0.2121,0.1932,0.2110,0.2040,0.3986,0.4262,0.2029,0.2094,0.2064,0.2063,0.4591,3.9584
9200000,103818552,240766,2,3,0,1,1,0.2102,0.1971,0.2167,0.3963,0.2084,0.2101,0.1935,0.2133,0.2069,0.3968,0.4228,0.2097,0.2040,0.2072,0.4111,0.4646,4.3686
9400000,105139885,242870,3,4,2,0,0,0.2133,0.2066,0.2177,0.2039,0.2073,0.2144,0.1924,0.2163,0.2183,0.4100,0.4370,0.2153,0.2076,0.2123,0.2104,0.4679,4.0508
9600000,106430699,244890,2,4,0,0,0,0.2133,0.2101,0.2120,0.2079,0.2065,0.2135,0.1989,0.2201,0.2125,0.4233,0.4492,0.2079,0.2142,0.2203,0.2136,0.9170,4.5402
9800000,107849435,247039,3,4,1,0,4,0.4192,0.4103,0.2155,0.2022,0.4070,0.4252,0.2066,0.2070,0.2059,0.4047,0.8786,0.2148,0.2018,0.4302,0.4232,1.3880,6.6403
10000000,109160331,249144,3,4,1,1,10,0.3181,0.3112,0.2149,0.1030,0.1042,0.1053,0.1004,0.1087,0.1071,0.4122,0.2211,0.1035,0.1035,0.1052,0.1048,0.9370,3.4603
10200000,110456372,251232,3,4,0,2,4,0.8618,0.2073,0.2176,0.4135,0.2138,0.2226,0.2011,0.2131,0.2164,0.4083,0.4348,0.2150,0.2088,0.2148,0.4272,0.4816,5.1576
10400000,111702271,253131,3,4,1,0,2,0.2201,0.2075,0.2203,0.2102,0.2119,0.2195,0.1993,0.2163,0.2206,0.4208,0.4489,0.2137,0.2125,0.2247,0.2174,0.4860,4.1496
10600000,112932914,254960,3,4,0,0,5,0.2174,0.1039,0.1072,0.1049,0.1038,0.1100,0.1043,0.1113,0.1043,0.4144,0.2158,0.1068,0.1040,0.1101,0.1071,0.4865,2.6118
10800000,114212062,256881,3,4,0,0,2,0.0735,0.0718,0.0750,0.0697,0.0714,0.0741,0.0699,0.0750,0.0733,0.1388,0.1486,0.0740,0.0724,0.0747,0.0721,0.1654,1.3997
11000000,115470000,258650,4,5,0,0,0,0.0546,0.1063,0.0547,0.1047,0.1059,0.0546,0.0514,0.0551,0.1102,0.1028,0.2219,0.0532,0.0543,0.1106,0.1080,0.2476,1.5960
11200000,116687591,260431,3,5,2,0,9,0.4437,0.2129,0.2243,0.2138,0.2153,0.2246,0.2049,0.4523,0.2264,0.4136,1.3384,0.2197,0.4338,0.2254,0.2165,0.4982,5.7637
11400000,117899590,262263,3,5,0,1,4,0.6607,0.2072,0.4474,0.4231,0.2180,0.2284,0.4110,0.2152,0.4413,0.4342,1.7875,0.2169,0.6502,0.4420,0.2159,0.9944,7.9932
11600000,119129189,263888,4,5,0,0,2,0.8909,0.4213,0.2187,0.6400,0.2156,0.4549,0.2049,0.2225,0.6621,0.4179,0.4467,0.4344,0.8787,0.6640,0.4378,1.5134,8.7238
11800000,120265299,265530,4,5,0,0,0,0.2216,0.2141,0.2222,0.2117,0.2197,0.2254,0.2150,0.2257,0.2224,0.8567,0.9144,0.2240,0.2188,0.8789,0.2233,0.5073,5.8011
12000000,121438300,267202,8,5,0,0,15,0.2226,0.4301,0.4476,0.2208,0.2201,0.4486,0.2143,0.2320,0.2247,0.4221,0.4506,0.2222,0.2214,1.0930,0.2184,1.0117,6.3003
12200000,122606293,268713,8,5,0,0,4,0.2213,0.2204,0.2230,0.2121,0.4370,0.2201,0.4219,0.2264,0.2218,0.8633,0.9202,0.2242,0.2216,1.3102,0.4430,0.5140,6.9004
12400000,123846902,270271,7,5,2,0,4,0.2236,0.2217,0.4531,0.4315,0.2178,0.2245,0.2085,0.2243,0.2193,1.2930,1.3807,0.2219,0.4457,0.2270,0.2119,1.0449,7.2493
12600000,125035623,271785,6,5,0,0,8,0.2257,0.4308,0.6752,0.2162,0.2172,0.2218,0.4215,0.2181,0.2206,1.7083,0.4438,0.2224,0.2203,0.2203,0.2204,1.5647,7.4471
12800000,126167149,273261,9,5,0,0,4,0.2245,0.6387,0.8882,0.4251,0.4361,0.2305,0.2126,0.2329,0.4398,0.4304,0.4608,0.2217,0.4383,0.4468,0.2199,0.5200,6.4662
13000000,127266379,274735,9,5,1,2,10,0.2283,0.2220,0.2254,0.6354,0.6554,0.4543,0.2137,0.4595,0.6638,0.4419,0.4692,0.2213,0.6593,0.2251,0.2262,0.5223,6.5231
13200000,128391257,275983,13,6,2,0,34,0.2321,0.2157,0.2321,0.2226,0.2179,0.2320,0.2134,0.2319,0.2228,0.4117,0.4418,0.2277,0.2183,0.2264,0.2252,0.5259,4.2975
13400000,129518786,277241,15,6,2,2,25,0.4639,0.4365,0.2288,0.2172,0.4370,0.4620,0.4271,0.4595,0.2263,0.8483,0.4608,0.2184,0.2147,0.2286,0.2198,1.0607,6.6095
13600000,130562937,278549,17,7,0,0,48,0.1139,0.1111,0.1152,0.1102,0.1114,0.1156,0.1080,0.1168,0.1156,0.2262,0.2407,0.1131,0.1107,0.1203,0.1128,0.7955,2.7371
13800000,131622734,279975,16,8,0,0,57,0.2318,0.2228,0.2346,0.2238,0.2247,0.2317,0.2128,0.4672,0.2300,0.4358,0.4649,0.2294,0.2222,0.2290,0.2318,0.5337,4.6260
14000000,132637866,281234,18,8,3,0,36,0.2316,0.2193,0.2386,0.4486,0.2240,0.2307,0.2140,0.2352,0.2309,0.4467,0.4791,0.2261,0.2308,0.2312,0.2307,1.0685,5.1860
14200000,133681540,282438,19,8,1,0,58,0.2288,0.2219,0.2326,0.2217,0.2256,0.2289,0.2128,0.2297,0.2298,0.8891,0.4756,0.2215,0.2258,0.4610,0.4641,0.5377,5.3063
14400000,134657468,283459,16,8,1,0,63,0.4579,0.2290,0.4721,0.2228,0.4477,0.2334,0.4330,0.2363,0.2267,1.3255,0.9440,0.2352,0.2326,0.6979,0.6871,0.5416,7.6229
14600000,135693275,284624,18,9,2,0,31,0.2305,0.2168,0.2305,0.2261,0.2205,0.2308,0.2193,0.2324,0.2318,0.4312,0.4609,0.2251,0.2238,0.2303,0.2280,0.5416,4.3797
14800000,136731449,285746,23,9,1,0,84,0.2317,0.2175,0.2308,0.1124,0.1134,0.2323,0.1106,0.1149,0.2302,0.4348,0.2358,0.1147,0.2241,0.1150,0.1141,0.2732,3.1057
15000000,137776436,286766,24,9,0,0,35,0.2369,0.2252,0.2332,0.2255,0.2259,0.2332,0.2188,0.2300,0.2282,0.4259,0.4562,0.2294,0.2232,0.2341,0.2339,0.5467,4.4062
15200000,138784689,287857,26,10,0,0,40,0.2341,0.2280,0.2330,0.2205,0.2271,0.2354,0.2131,0.2299,0.2328,0.4450,0.4737,0.2324,0.2282,0.2265,0.4703,0.5467,4.6766
15400000,139673456,288829,26,10,0,0,17,0.2367,0.4649,0.4749,0.2215,0.2270,0.4767,0.4384,0.2346,0.2348,0.9112,0.4868,0.2360,0.4630,0.2362,0.7205,0.5500,6.6130
15600000,140654175,289844,22,10,1,1,11,0.4609,0.2271,0.6983,0.2244,0.4434,0.6950,0.2187,0.2358,0.2323,0.4532,0.9567,0.2260,0.2263,0.4611,0.2313,0.5516,6.5422
15800000,141635238,290905,21,10,0,1,6,0.6983,0.2253,0.2370,0.2231,0.2297,0.2362,0.2209,0.2319,0.2300,0.4512,0.4805,0.2336,0.2274,0.2272,0.4664,0.5534,5.1719
16000000,142599199,291921,18,11,0,1,3,0.1170,0.1074,0.1134,0.1094,0.1135,0.1160,0.1097,0.1174,0.1150,0.2202,0.2361,0.1088,0.1144,0.1184,0.1173,0.5545,2.4888
16200000,143542935,292928,18,11,0,0,3,0.0777,0.1477,0.1548,0.0734,0.0743,0.0796,0.0730,0.0803,0.0783,0.1531,0.1630,0.0769,0.0765,0.0755,0.0760,0.5555,2.0156
16400000,144447815,293926,19,11,0,1,11,0.2384,0.2278,0.2407,0.2281,0.2303,0.2379,0.2246,0.2325,0.2372,0.8965,0.9557,0.2366,0.2346,0.2378,0.2445,0.5576,5.4607
16600000,145345974,294769,17,11,0,0,1,0.2379,0.2305,0.2436,0.2248,0.2227,0.2388,0.2248,0.2409,0.2429,0.4576,0.4878,0.2290,0.2363,0.2372,0.2443,0.5591,4.5583
16800000,146283061,295690,18,11,0,0,19,0.1174,0.1125,0.1178,0.1140,0.1151,0.1188,0.1090,0.1175,0.1171,0.2258,0.2399,0.1166,0.1157,0.1205,0.1134,0.5599,2.5311
17000000,147204024,296616,15,11,1,0,5,0.2458,0.2292,0.2450,0.2292,0.2296,0.2337,0.2226,0.2395,0.2356,0.8974,0.4683,0.2345,0.2287,0.2396,0.4675,0.5616,5.2079
17200000,148163497,297530,17,11,0,0,5,0.2399,0.2294,0.2452,0.2304,0.2292,0.2359,0.2236,0.2363,0.2336,0.6637,0.4660,0.2312,0.2283,0.1165,0.1163,0.5626,4.4881
17400000,149073104,298380,16,11,0,1,3,0.2387,0.2272,0.2370,0.2295,0.2282,0.2409,0.2170,0.7142,0.2294,0.4393,1.4094,0.2336,0.6840,0.2339,0.2338,0.5660,6.3619
17600000,149945692,299186,16,11,0,0,3,0.1184,0.1122,0.1175,0.1155,0.1159,0.1187,0.1098,0.1191,0.2318,0.2291,0.2467,0.2349,0.4558,0.1213,0.2364,0.2854,2.9684
17800000,150737870,299977,16,11,1,1,8,0.2431,0.2294,0.2438,0.2388,0.2303,0.2372,0.2315,0.2386,0.2372,0.4598,0.4899,0.2314,0.2361,0.2391,0.2424,0.5688,4.5973
18000000,151571306,300749,15,11,0,0,4,0.2388,0.2330,0.2384,0.2265,0.2270,0.2412,0.2300,0.2438,0.2404,0.4644,0.4943,0.2354,0.2238,0.2388,0.2405,1.1289,5.1452
18200000,152473506,301541,14,11,0,0,1,0.2415,0.2305,0.2396,0.2308,0.2315,0.2325,0.2238,0.2363,0.2380,0.4415,0.4709,0.2315,0.2256,0.2396,0.2397,0.5737,4.5269
18400000,153290613,302316,13,11,0,0,2,0.1234,0.1178,0.1208,0.1196,0.1175,0.1204,0.1117,0.1232,0.1226,0.2239,0.2398,0.1194,0.1193,0.1205,0.1251,0.2877,2.3126
18600000,154180525,303070,13,11,1,0,7,0.2388,0.2303,0.2387,0.2295,0.2335,0.2401,0.2295,0.2361,0.2354,0.4540,0.4831,0.2363,0.2367,0.2451,0.4850,0.5728,4.8249
18800000,155022748,303970,14,11,0,0,5,0.4806,0.2306,0.2465,0.4661,0.2400,0.2499,0.4544,0.2443,0.4772,0.4347,0.4650,0.2373,0.2364,0.2445,0.2404,1.1434,6.0912
19000000,155832669,304667,13,11,0,1,4,0.7237,0.2312,0.2389,0.2274,0.2316,0.2377,0.2221,0.2334,0.7205,0.4708,0.4990,0.2309,0.2277,0.4858,0.4808,0.5751,6.0368
19200000,156620143,305464,13,9,0,1,2,0.1219,0.1164,0.1234,0.2305,0.2334,0.2390,0.2266,0.2374,0.1250,0.4737,0.2544,0.1210,0.1183,0.1228,0.1249,0.5766,3.4452
19400000,157413892,306033,14,9,0,0,2,0.0817,0.0791,0.0816,0.0782,0.0785,0.0823,0.0775,0.0798,0.0811,0.1547,0.1652,0.0797,0.0773,0.0818,0.0818,0.1929,1.5533
19600000,158211052,306680,14,11,0,0,25,0.2427,0.2281,0.2462,0.2353,0.2362,0.2451,0.2249,0.2474,0.2441,0.4807,0.5099,0.2380,0.2376,0.2383,0.2447,0.5800,4.6791
19800000,158967447,307292,15,9,0,0,24,0.2456,0.2410,0.2484,0.2303,0.2342,0.2425,0.2281,0.2438,0.2403,0.4793,0.5102,0.2399,0.2401,0.2435,0.2439,0.5823,4.6933
20000000,159762745,307912,12,8,0,0,21,0.2431,0.4712,0.2496,0.2353,0.4650,0.2454,0.2274,0.2392,0.4795,0.4567,0.4877,0.2356,0.2372,0.2418,0.2499,1.1632,5.9277
20200000,160575700,308647,15,8,0,0,35,0.1248,0.3524,0.1236,0.1173,0.1167,0.2443,0.1131,0.1217,0.3611,0.4527,0.4847,0.2387,0.1231,0.1198,0.2464,0.8716,4.2121
20400000,161330292,309311,15,8,1,1,17,0.0814,0.0785,0.0819,0.0771,0.0780,0.0809,0.0767,0.0828,0.0792,0.1507,0.1608,0.0831,0.0774,0.0848,0.0805,0.1948,1.5487
20600000,162035478,309924,16,9,0,0,31,0.0627,0.1193,0.0612,0.1165,0.0593,0.0619,0.1149,0.0636,0.0596,0.1211,0.1287,0.0617,0.1190,0.0616,0.1220,0.1480,1.4810
20800000,162862850,310616,14,10,1,0,9,0.2436,0.2341,0.2453,0.2296,0.2381,0.2451,0.2355,0.2456,0.2329,0.9429,1.0046,0.2364,0.2260,0.2468,0.2408,0.5878,5.6352
21000000,163645720,311268,16,11,0,0,8,0.1238,0.1205,0.1252,0.1185,0.2380,0.1249,0.1152,0.1267,0.1234,0.2325,0.2480,0.1222,0.2294,0.2436,0.1207,0.5875,3.0002
21200000,164405440,311788,12,8,1,0,6,0.0839,0.0782,0.0813,0.0781,0.0786,0.0837,0.0755,0.0819,0.0802,0.1526,0.1634,0.0801,0.0802,0.0817,0.0817,0.5876,1.9488
21400000,165155354,312386,8,8,0,2,4,0.0603,0.1156,0.1217,0.1165,0.0581,0.0606,0.0557,0.0600,0.0581,0.1122,0.1197,0.0595,0.0585,0.1221,0.1219,0.5884,1.8889
21600000,165817344,312949,8,8,0,1,5,0.0498,0.0466,0.0489,0.0484,0.0475,0.0507,0.0463,0.0486,0.0488,0.0935,0.0992,0.0484,0.0489,0.0500,0.0508,0.5889,1.4152
21800000,166541005,313532,8,7,0,0,2,0.5004,0.2349,0.2466,0.4842,0.2354,0.5068,0.2337,0.2425,0.4988,0.9490,0.4987,0.2395,0.2447,0.2449,0.2412,0.5899,6.1912
22000000,167280402,314127,7,7,0,0,1,0.2470,0.4636,0.2493,0.2375,0.4613,0.7325,0.2298,0.4810,0.2442,1.3856,0.9850,0.4703,0.4747,0.2449,0.4780,0.5916,7.9763
22200000,168018461,314634,8,8,0,0,2,0.2515,0.2438,0.5045,0.2371,0.2434,0.2494,0.2351,0.2425,0.5026,0.4599,0.4896,0.2465,0.2448,0.4986,0.7369,0.5936,5.9797
22400000,168739478,315195,8,7,0,0,2,0.4970,0.4829,0.7447,0.2421,0.2394,0.4931,0.2329,0.2541,0.2495,0.4662,0.9800,0.2447,0.4810,0.7454,0.2488,0.5972,7.1991
22600000,169380008,315597,6,8,2,0,8,0.1237,0.1175,0.1255,0.1142,0.1189,0.1204,0.1155,0.1239,0.1213,0.2458,0.2602,0.1203,0.1193,0.1247,0.1248,0.2941,2.3702
22800000,170084310,316110,7,8,0,0,2,0.2499,0.4733,0.2496,0.2347,0.2342,0.2553,0.2296,0.4943,0.2454,0.4832,0.5128,0.2484,0.2338,0.4958,0.2532,1.1936,6.0872
23000000,170747578,316517,6,8,1,1,0,0.1269,0.3563,0.1292,0.1211,0.1185,0.1259,0.2360,0.3682,0.1248,0.2367,0.2512,0.1223,0.1209,0.1271,0.1268,0.8932,3.5851
23200000,171454852,316947,6,8,0,0,0,0.0833,0.0798,0.0845,0.0802,0.0792,0.0824,0.0785,0.0819,0.0808,0.1610,0.1710,0.0806,0.0819,0.0856,0.0828,0.7944,2.1880
23400000,172238525,317555,4,5,1,0,1,0.4943,0.4699,0.2501,0.2365,0.4695,0.4920,0.2344,0.2447,0.4838,0.9267,0.9872,0.2450,0.4754,0.2458,0.4918,0.5984,7.3457
23600000,172964161,317969,4,5,0,1,0,0.2516,0.2304,0.5025,0.2436,0.7244,0.7477,0.4748,0.2509,0.2496,0.4669,0.4965,0.4978,0.2415,0.4954,0.2506,0.6005,6.7247
23800000,173631462,318434,4,5,0,1,3,0.5016,0.2418,0.2511,0.4809,0.9745,0.9975,0.7093,0.2441,0.2424,0.9452,1.0044,0.2428,0.2492,0.2442,0.5103,0.6012,8.4403
24000000,174327900,318909,5,5,0,0,3,0.2510,0.2450,0.2477,0.2358,1.2140,0.2488,0.2283,0.2475,0.2428,1.4184,1.5043,0.4892,0.4920,0.4853,0.7567,0.6041,8.9106
24200000,174957610,319376,7,6,0,1,3,0.2512,0.2329,0.2584,0.2360,0.2382,0.2462,0.2391,0.2520,0.2569,0.4796,0.5107,0.2538,0.2493,0.2549,0.9940,0.6039,5.5570
24400000,175632830,319828,14,7,2,1,22,0.1256,0.1174,0.1252,0.1192,0.1177,0.2464,0.2397,0.1254,0.2579,0.2425,0.2575,0.1215,0.1222,0.1227,0.1239,0.6031,3.0681
24600000,176266879,320212,17,7,1,2,26,0.2527,0.4776,0.5096,0.4873,0.2492,0.7642,0.2299,0.5051,0.2488,0.9888,1.0481,0.2498,0.4981,0.5033,0.2501,1.8461,9.1088
24800000,176976335,320613,15,7,1,2,10,0.1290,0.1225,0.1262,0.1224,0.1251,0.1303,0.1183,0.3783,0.1259,0.2419,0.2574,0.1252,0.1270,0.1275,0.1307,1.2151,3.6029
25000000,177665129,320974,16,7,0,0,4,0.2534,0.2412,0.2548,0.2418,0.2471,0.2493,0.2333,0.2532,0.2478,0.9771,0.5184,0.2502,0.2431,0.2487,0.2437,0.6046,5.3076
25200000,178346851,321409,16,7,0,1,8,0.2516,0.2428,0.5108,0.2335,0.2396,0.2528,0.2345,0.2451,0.2519,1.4456,1.0193,0.2451,0.4959,0.5062,0.2424,1.2057,7.6229
25400000,178936935,321676,21,8,1,1,17,0.2512,0.2469,0.7668,0.2402,0.2400,0.2552,0.2319,0.2463,0.2503,0.4954,0.5208,0.2483,0.2467,0.2542,0.2573,0.6076,5.3591
25600000,179534663,321955,21,10,2,3,25,0.1301,0.1253,0.1289,0.1261,0.2432,0.1331,0.1205,0.1347,0.1311,0.2447,0.2592,0.1285,0.1247,0.1279,0.1278,0.3087,2.5947
25800000,180138641,322373,20,10,1,1,16,0.2571,0.4965,0.2574,0.2452,0.2470,0.5219,0.4883,0.5249,0.2506,0.9867,0.5232,0.5036,0.2458,0.2605,0.5033,0.6080,6.9199
26000000,180738847,322664,23,10,2,0,21,0.1277,0.1215,0.2539,0.2440,0.2458,0.1295,0.1175,0.1266,0.2498,0.2571,0.2715,0.1240,0.1231,0.2552,0.1283,0.6080,3.3835
26200000,181353192,322875,26,10,0,2,23,0.0845,0.0793,0.2560,0.2463,0.2458,0.1724,0.1578,0.0857,0.0832,0.3343,0.1723,0.1653,0.0802,0.0849,0.0877,0.6091,2.9448
26400000,182019769,323334,25,11,0,2,21,0.0627,0.0596,0.0635,0.2428,0.0595,0.0635,0.0582,0.0612,0.1240,0.3718,0.1284,0.0608,0.0619,0.1254,0.0619,0.6089,2.2141
26600000,182648570,323812,23,11,1,1,12,0.2572,0.2353,0.2543,0.2469,0.2442,0.2597,0.4776,0.2559,0.2497,1.9778,1.0322,0.2499,0.2472,0.2462,0.5042,0.6089,7.3471
26800000,183203101,324026,23,11,1,1,11,0.1271,0.1219,0.1288,0.1195,0.1241,0.1284,0.3553,0.1298,0.1267,1.2433,0.7860,0.2503,0.1242,0.1287,0.1283,0.6096,4.6320
27000000,183739748,324336,24,13,0,0,5,0.0844,0.0808,0.0828,0.0803,0.0811,0.0845,0.0783,0.0856,0.0852,0.1750,0.1851,0.0818,0.0842,0.0854,0.0854,0.2039,1.6436
27200000,184291051,324733,27,14,1,0,8,0.2578,0.2506,0.2598,0.2380,0.2446,0.2572,0.2303,0.2584,0.2579,0.4779,0.5094,0.2520,0.2451,0.5107,0.2515,0.6131,5.1143
27400000,184948207,325146,27,14,5,2,25,0.2540,0.4859,0.2614,0.4809,0.2481,0.5126,0.2290,0.5059,0.5101,0.4733,0.5020,0.4949,0.2464,0.2475,0.5014,1.2201,7.1734
27600000,185442400,325523,26,15,1,2,34,0.2553,0.2480,0.2617,0.2512,0.2444,0.2633,0.2363,0.2614,0.2616,0.4995,0.5273,0.2630,0.2502,0.2612,0.2617,0.6161,4.9624
27800000,185973886,325852,28,16,0,1,117,0.1277,0.2497,0.1292,0.1231,0.1248,0.1325,0.1239,0.2582,0.1316,0.4964,0.5245,0.1240,0.1269,0.2591,0.1307,0.6150,3.6773
28000000,186538051,326237,29,18,1,1,117,0.0879,0.2506,0.0858,0.0833,0.0822,0.1752,0.0829,0.0885,0.1726,0.4983,0.5269,0.1688,0.0822,0.2578,0.1759,0.2073,3.0264
28200000,187109475,326663,30,19,2,2,107,0.0639,0.0613,0.0670,0.0631,0.0632,0.0660,0.0620,0.0641,0.0635,0.4969,0.1319,0.0640,0.0646,0.0656,0.1995,0.1554,1.7518
28400000,187657171,326966,32,20,5,1,15,0.0506,0.0496,0.0509,0.0484,0.0991,0.0498,0.0478,0.1028,0.1008,0.4986,0.2120,0.0494,0.0504,0.0512,0.0516,0.2468,1.7598
28600000,188231590,327276,31,20,0,0,14,0.2627,0.2506,0.2557,0.2434,0.2431,0.2529,0.2388,0.2648,0.2477,0.4910,0.5191,0.2490,0.2501,0.2490,0.2538,1.8673,6.1390
28800000,188790899,327639,24,21,1,0,11,0.2620,0.2508,0.2552,0.2419,0.2414,0.2521,0.2370,0.2630,0.2499,0.4885,0.5205,0.2538,0.2436,0.2641,0.2583,0.6171,4.8991
29000000,189299718,328062,26,23,1,1,17,0.1299,0.1228,0.1294,0.1237,0.1233,0.1246,0.2392,0.1293,0.1271,0.2423,0.2578,0.1265,0.1237,0.1301,0.1228,0.3055,2.5581
29200000,189830135,328381,24,22,2,1,11,0.2591,0.2552,0.2571,0.2588,0.2550,0.2625,0.2486,0.2584,0.2583,0.4917,0.5244,0.2589,0.2449,0.2698,0.2582,0.6177,4.9786
29400000,190333216,328769,26,22,3,0,11,0.1309,0.1283,0.1297,0.1218,0.1246,0.1242,0.2464,0.1326,0.2586,0.2548,0.5310,0.1249,0.1254,0.1300,0.1296,0.6185,3.3113
29600000,190818209,329012,30,23,2,0,27,0.5227,0.2496,0.2639,0.4960,0.5054,0.5098,0.7455,0.5353,0.2556,1.0379,1.6293,0.5139,0.2510,0.2695,0.2683,1.8747,9.9284
29800000,191276351,329303,30,25,0,1,27,0.2554,0.2547,0.2655,0.2470,0.2497,0.2548,0.2483,0.2636,0.2563,1.5610,0.5490,0.2587,0.2491,0.2559,0.5342,0.6204,6.3235
30000000,191866400,329645,35,26,4,2,64,0.1321,0.1224,0.1315,0.1234,0.1243,0.1268,0.2441,0.1264,0.1275,0.2430,0.2584,0.1289,0.1239,0.1309,0.3975,0.3115,2.8526
30200000,192344254,329849,38,27,5,0,20,0.5344,0.5067,0.2608,0.2452,0.5076,0.2595,0.7367,0.2679,0.2526,1.0088,1.0686,0.2599,0.2498,0.2645,0.2621,0.6218,7.3068
30400000,192833469,330048,44,27,1,1,124,0.7656,0.7371,0.5087,0.2455,0.7334,0.2615,0.9518,0.2578,0.2627,1.4804,1.5676,0.5061,0.2551,0.5136,0.2656,0.6200,9.9325
30600000,193342042,330286,40,27,5,0,34,0.1291,0.1222,0.1282,0.1213,0.1242,0.1311,0.5995,0.1279,0.1256,0.2458,0.2608,0.1270,0.1257,0.3871,0.1277,0.6204,3.5038
30800000,193843228,330659,41,27,2,1,18,0.2596,0.2459,0.2625,0.2534,0.2500,0.2638,0.2445,0.2607,0.2568,0.9749,1.0386,0.2597,0.2542,0.2614,0.2616,0.6209,5.9685
31000000,194336188,330837,38,27,5,0,8,0.5259,0.5001,0.2648,0.5005,0.2519,0.5339,0.2378,0.2626,0.5217,1.4971,1.5907,0.2635,0.2512,0.2623,0.2704,1.2517,8.9860
31200000,194881658,331152,34,27,3,0,16,0.2559,0.2453,0.2570,0.2445,0.2484,0.2648,0.2418,0.2555,0.2563,0.5101,0.5412,0.2508,0.2522,0.2561,0.2664,0.6247,4.9708
31400000,195341033,331290,30,28,1,1,3,0.1286,0.1284,0.1323,0.1254,0.1239,0.1350,0.1233,0.1289,0.1292,0.2648,0.2790,0.1275,0.1260,0.1296,0.1308,0.6243,2.8369
31600000,195832451,331413,32,28,0,0,2,0.2639,0.2527,0.2583,0.2515,0.2495,0.2647,0.2464,0.2540,0.2609,0.5060,0.5346,0.2515,0.2530,0.2629,0.2572,0.6245,4.9916
31800000,196318688,331690,30,21,2,0,33,0.2599,0.2467,0.5214,0.2446,0.2491,0.2612,0.2362,0.2564,0.5234,1.0086,1.0669,0.2587,0.2541,0.2617,0.2592,0.6215,6.5295
32000000,196833121,331862,30,21,2,1,12,0.1293,0.1243,0.1329,0.1229,0.1250,0.1269,0.1186,0.1313,0.1252,0.7609,0.2685,0.1264,0.1279,0.1296,0.1255,0.6233,3.2983
32200000,197291289,332014,29,21,4,0,8,0.5191,0.2436,0.2649,0.2474,0.2521,0.2635,0.2487,0.2571,0.5132,0.5217,0.5517,0.2531,0.2542,0.2553,0.5119,0.6239,5.7815
32400000,197729485,332099,31,21,0,1,61,0.2599,0.2486,0.2699,0.2472,0.2503,0.2563,0.2566,0.2601,0.2562,0.5316,0.5613,0.2585,0.2576,0.2597,0.2569,0.6250,5.0555
32600000,198240828,332243,27,21,7,3,10,0.2576,0.2439,0.2647,0.4847,0.2530,0.4992,0.2484,0.2644,0.2529,1.0164,1.0764,0.2554,0.2478,0.2582,0.5081,0.6237,6.7545
32800000,198679248,332432,30,21,1,1,5,0.2639,0.5057,0.2612,0.2499,0.2487,0.2628,0.2392,0.5321,0.5237,0.5080,0.5367,0.2675,0.2488,0.2647,0.2713,1.2670,6.4510
33000000,199245789,332737,30,21,2,1,3,0.2629,0.2502,0.2607,0.2497,0.2496,0.2564,0.4786,0.2597,0.2531,0.9891,1.0502,0.5259,0.2449,0.5230,0.2590,1.9032,8.0160
33200000,199681016,332907,29,21,2,2,13,0.2634,0.1251,0.1321,0.1296,0.1252,0.1342,0.1218,0.2613,0.1335,0.2512,0.7898,0.3925,0.2502,0.1326,0.1306,1.2631,4.6364
33400000,200185191,332995,27,21,3,2,7,0.2597,0.2539,0.5173,0.2544,0.5013,0.2609,0.2463,0.2662,0.2599,0.5101,0.5397,0.2625,0.2586,0.2604,0.2513,0.6261,5.5286
33600000,200693587,333378,29,21,4,2,14,0.2604,0.2469,0.2544,0.2564,0.2574,0.2719,0.2527,0.2596,0.2651,1.0105,1.0722,0.2564,0.2563,0.2592,0.5073,0.6278,6.3146
33800000,201150379,333604,30,21,2,0,8,0.2620,0.2522,0.2545,0.2460,0.2478,0.2629,0.2454,0.2673,0.2749,0.4768,0.5067,0.2567,0.2496,0.2618,0.2631,0.6257,4.9534
34000000,201621616,333767,29,21,1,1,8,0.2578,0.2611,0.2621,0.4902,0.4984,0.2604,0.4866,0.5261,0.2585,0.5165,0.5479,0.5092,0.2483,0.2582,0.2584,1.2444,6.8841
34200000,202064726,333965,28,21,2,0,1,0.2625,0.2524,0.2631,0.2514,0.2539,0.2653,0.2388,0.2690,0.2576,0.5018,0.5306,0.2633,0.2562,0.2590,0.2555,0.6274,5.0080
34400000,202477261,334200,28,21,1,0,9,0.2629,0.5073,0.2647,0.2530,0.2580,0.2640,0.2491,0.5384,0.2653,0.5309,0.5611,0.5154,0.5195,0.2620,0.5136,0.6291,6.3943
34600000,202881428,334393,24,21,1,3,20,0.2672,0.2495,0.2697,0.2497,0.2566,0.2651,0.2511,0.2611,0.2573,0.5277,0.5578,0.2580,0.2573,0.2633,0.2706,0.6289,5.0908
34800000,203325882,334569,27,27,4,0,164,0.1312,0.1243,0.1343,0.1262,0.1250,0.1317,0.1238,0.1321,0.1325,0.5113,0.5422,0.1288,0.1269,0.1309,0.2677,0.6285,3.4974
35000000,203760991,334729,27,27,1,1,6,0.2611,0.2621,0.2651,0.2509,0.2530,0.2618,0.2387,0.2579,0.2599,0.5248,0.5546,0.2586,0.2560,0.2589,0.2608,0.6267,5.0507
35200000,204152731,334970,26,28,5,0,69,0.2674,0.2461,0.2662,0.2588,0.2568,0.5172,0.2520,0.2596,0.2609,0.5226,1.0919,0.2671,0.2562,0.5162,0.5163,0.6307,6.3860
35400000,204572055,335185,24,27,0,1,85,0.2654,0.2572,0.2707,0.2557,0.2458,0.2617,0.5020,0.2593,0.2663,0.5081,0.5396,0.5301,0.5182,0.2649,0.8047,0.6289,6.3783
35600000,205000906,335386,22,21,0,0,1,0.2670,0.2536,0.2687,0.2564,0.2572,0.2653,0.2398,0.2662,0.5280,0.5021,0.5344,0.2604,0.2555,0.2540,0.2613,1.2514,5.9213
35800000,205465374,335549,21,21,1,1,3,0.5309,0.2531,0.2654,0.5062,0.2607,0.2651,0.2494,0.5244,0.2626,1.0173,0.5522,0.2664,0.2559,0.5143,0.5320,0.6302,6.8858
36000000,205892556,335693,22,21,1,0,3,0.2616,0.2523,0.2625,0.7727,0.5231,0.2644,0.2486,0.2611,0.5259,0.5109,0.5425,0.2655,0.2596,0.2684,0.2643,1.2801,6.7633
36200000,206229876,335770,22,21,2,0,2,0.5263,0.5022,0.5184,0.2499,0.7695,0.5244,0.2508,0.2632,0.2652,0.5283,1.0865,0.2634,0.5135,0.2656,0.2674,1.8766,8.6711
36400000,206596262,335900,21,21,0,1,4,0.2655,0.2636,0.2704,0.2475,0.2520,0.2650,0.2441,0.2620,0.5318,1.0600,0.5593,0.2639,0.7685,0.2671,0.2686,0.6293,6.4185
36600000,207003116,336012,18,21,2,0,3,0.2623,0.5144,0.5326,0.4880,0.5017,0.2619,0.2425,0.2651,0.7825,1.5438,1.0893,0.5129,1.0082,0.5158,0.2606,0.6279,9.4094
36800000,207348628,336134,16,18,1,0,1,0.1310,0.1224,0.1297,0.1233,0.1237,0.1306,0.1220,0.1318,0.1309,0.2610,0.2764,0.1286,0.1261,0.1292,0.1289,0.6299,2.8257
37000000,207750291,336446,18,18,2,0,4,0.0892,0.0857,0.0897,0.1658,0.0854,0.0911,0.0849,0.0893,0.0863,0.1679,0.3613,0.0900,0.0839,0.0880,0.1721,0.6306,2.4613
37200000,208147010,336663,20,19,1,1,6,0.2673,0.2535,0.2643,0.2550,0.2554,0.2657,0.2460,0.2719,0.2608,0.5065,0.5366,0.2601,0.2571,0.2691,0.2654,0.6298,5.0644
37400000,208493491,336830,21,21,1,1,1,0.1320,0.1282,0.1329,0.1259,0.1274,0.1318,0.1214,0.1372,0.1307,0.2530,0.2692,0.1307,0.1297,0.1324,0.1349,0.3125,2.5299
37600000,208799047,336971,19,18,0,1,6,0.2646,0.2540,0.5433,0.2576,0.2559,0.5447,0.2469,0.2627,0.2735,0.5360,0.5631,0.5371,0.2654,0.5391,0.5437,0.6324,6.5199
37800000,209206386,337243,20,18,2,2,6,0.2655,0.5066,0.8232,0.2510,0.2594,0.8185,0.4966,0.5407,0.2605,1.0638,0.5490,0.8097,0.2570,0.2666,0.2563,0.6333,8.0575
38000000,209541753,337308,21,27,0,2,59,0.2629,0.2549,0.2697,0.2517,0.2533,0.2617,0.2487,0.2632,0.2594,0.5333,0.5653,0.2651,0.2655,0.2663,0.2653,0.6341,5.1204
38200000,209938974,337462,18,28,4,2,40,0.2710,0.2598,0.2646,0.2500,0.5195,0.2648,0.4963,0.2610,0.2608,1.0274,0.5213,0.5241,0.2568,0.2733,0.2708,0.6334,6.3549
38400000,210271121,337514,19,28,1,0,16,0.2646,0.5144,0.2762,0.5091,0.7796,0.2732,0.7470,0.5356,0.2693,0.5398,1.0962,0.7879,0.5156,0.2618,0.2655,1.2711,8.9069
38600000,210688086,337621,17,28,1,1,10,0.2699,0.2506,0.2692,0.2498,0.2522,0.2578,0.2603,0.2640,0.2671,0.5146,0.5463,0.2605,0.2551,0.2636,0.2524,0.6343,5.0676
38800000,211043358,337874,20,29,2,1,12,0.2624,0.5024,0.2603,0.2470,0.5065,0.5218,0.2490,0.2565,0.5218,0.5128,0.5424,0.2609,0.5033,0.5267,0.5192,1.2639,7.4568
39000000,211386189,338067,22,29,2,2,16,0.5234,0.2584,0.5143,0.5017,0.7560,0.2727,0.2588,0.2671,0.2691,1.0117,1.0697,0.5230,0.7442,0.2678,0.2760,1.8748,9.3887
39200000,211718794,338297,22,29,2,2,13,0.2666,0.2615,0.2622,0.2551,0.2588,0.2755,0.2638,0.2785,0.2600,0.5364,0.5646,0.2626,0.2652,0.2714,0.2685,0.6358,5.1866
39400000,212077721,338446,23,29,0,5,24,0.2675,0.2540,0.2665,0.5231,0.2495,0.2683,0.2562,0.2660,0.2559,0.5222,0.5551,0.2645,0.5300,0.2702,0.5469,0.6355,5.9312
39600000,212399678,338651,23,29,1,2,40,0.2678,0.5055,0.2734,0.2531,0.5050,0.5355,0.5096,0.5308,0.2564,1.0344,1.0976,0.5252,0.2556,0.2661,0.2673,0.6354,7.7186
39800000,212793636,338869,21,29,0,0,13,0.2635,0.2543,0.2644,0.2559,0.2555,0.2713,0.2477,0.2577,0.2660,1.5114,0.5443,0.7605,0.4998,0.2620,0.5268,0.6368,7.0780
40000000,213120273,339194,23,32,2,0,7,0.2643,0.2542,0.2659,0.2541,0.5154,0.5409,0.2506,0.5200,0.5411,2.0755,0.5726,1.0362,0.2549,0.5317,0.2708,0.6363,8.7845
40200000,213432998,339322,21,32,1,1,11,0.2659,0.2619,0.2677,0.2548,0.2582,0.7960,0.2588,0.2766,0.2686,2.5277,1.1032,0.2659,0.2668,0.7837,0.5302,0.6358,9.0216
40400000,213753765,339490,23,33,0,1,30,0.1341,0.1313,0.1314,0.1297,0.1270,0.1367,0.1240,0.1347,0.1325,0.2575,0.2751,0.1304,0.1268,0.1328,0.1334,0.3166,2.5541
40600000,214091705,339657,24,35,2,1,12,0.2671,0.2629,0.2731,0.2533,0.2567,0.2666,0.2526,0.2598,0.2616,0.5270,0.5609,0.2692,0.2613,0.2783,0.2712,1.2659,5.7875
40800000,214368637,339669,23,35,0,3,14,0.1306,0.1251,0.1311,0.1245,0.1225,0.1336,0.1245,0.2615,0.2599,0.2611,0.2781,0.1324,0.1247,0.1365,0.2737,0.3132,2.9329
41000000,214681236,339810,27,38,1,2,12,0.0888,0.0847,0.0867,0.0849,0.0869,0.0906,0.0815,0.0870,0.0868,0.1645,0.1747,0.0865,0.0860,0.0863,0.0873,0.2112,1.6744
41200000,215083660,339911,26,39,3,3,26,0.2682,0.2622,0.2595,0.2489,0.2588,0.2595,0.2507,0.2650,0.2556,0.9926,1.0545,0.2565,0.2549,0.2642,0.2590,0.6374,6.0474
41400000,215397478,339875,30,41,2,1,32,0.1356,0.1287,0.1336,0.1269,0.1278,0.1337,0.2558,0.1297,0.1342,0.7548,0.2720,0.1331,0.1296,0.1351,0.1320,0.6379,3.5004
41600000,215662623,339981,28,41,1,0,15,0.5348,0.2542,0.5350,0.5046,0.5006,0.5293,0.2658,0.5255,0.5258,0.5366,0.5675,0.5235,0.5236,0.5339,0.2709,0.6388,7.7704
41800000,216063956,340093,32,41,3,4,17,0.8147,0.5212,0.8159,0.7689,0.2505,0.2686,0.2552,0.2620,0.2730,1.0573,0.5399,0.7887,0.2571,0.8014,0.2620,1.2927,9.2288
42000000,216431000,340226,34,41,1,0,13,0.2652,0.7764,1.0696,1.0147,0.5067,0.5288,0.2541,0.2671,0.2700,1.5656,0.5533,0.2658,0.2656,0.2642,0.2694,1.9164,10.0527
42200000,216737059,340368,30,41,1,3,33,0.5351,1.0418,0.2744,0.2515,0.2578,0.2659,0.5034,0.5329,0.5377,2.1067,0.5628,0.2739,0.2609,0.2607,0.2812,0.6394,8.5861
42400000,217084885,340473,32,41,1,2,27,0.8105,0.2571,0.2680,0.5035,0.2603,0.5339,0.2537,0.8091,0.8078,2.6671,1.1306,0.2668,0.2600,0.2631,0.2633,1.2883,10.6431
42600000,217381968,340534,28,41,3,1,20,0.2704,0.5122,0.2771,0.2589,0.2617,0.2671,0.2588,0.2751,0.2668,3.1599,1.6721,0.5340,0.5222,0.5262,0.2699,0.6394,9.9717
42800000,217695128,340630,31,42,3,0,60,0.5351,0.7692,0.5453,0.5082,0.5162,0.2666,0.5129,0.5442,0.5325,3.6457,2.1992,0.2626,0.7818,0.7950,0.2717,0.6395,13.3254
43000000,217977461,340722,31,42,1,1,9,0.2684,0.2631,0.2776,0.2564,0.2594,0.2681,0.2569,0.2694,0.2683,0.5505,0.5837,0.2643,0.2584,0.2738,0.2715,0.6385,5.2284
43200000,218295484,340751,26,42,2,5,16,0.1337,0.1274,0.1371,0.1271,0.1266,0.1354,0.1303,0.1382,0.1314,0.2646,0.2808,0.1281,0.1288,0.1354,0.1352,0.3214,2.5814
43400000,218566407,340928,26,42,0,3,100,0.0890,0.0885,0.0916,0.0873,0.0849,0.0886,0.0872,0.0935,0.0888,0.1774,0.1875,0.0909,0.0887,0.0937,0.0923,0.2142,1.7443
43600000,218856984,341059,28,42,2,4,117,0.2687,0.2675,0.2805,0.2575,0.2585,0.2659,0.2478,0.2680,0.2644,0.5516,0.5832,0.2669,0.2653,0.2686,0.2662,0.6400,5.2205
43800000,219126952,341204,30,42,4,1,33,0.2705,0.1301,0.1380,0.2580,0.2611,0.2670,0.2528,0.2707,0.1301,0.2569,0.2722,0.2691,0.1342,0.2723,0.1385,0.3216,3.6432
44000000,219501734,341289,27,42,4,5,24,0.2661,0.5166,0.2622,0.2541,0.7812,0.2625,0.2480,0.8102,0.5385,1.0190,0.5316,0.2627,0.2585,0.2664,0.5543,1.2901,8.1219
44200000,219820841,341297,24,42,0,2,12,0.1357,0.1334,0.1355,0.1269,0.5148,0.1339,0.1204,0.5369,0.1313,0.7727,0.5470,0.1310,0.1273,0.1342,0.1312,0.3238,4.1358
44400000,220144085,341336,21,42,2,3,18,0.2662,0.2589,0.2688,0.2619,0.2557,0.2669,0.2482,0.2666,0.2587,0.5170,0.5514,0.2664,0.2618,0.2695,0.2676,0.6395,5.1250
44600000,220532624,341442,18,42,0,2,2,0.2621,0.2561,0.2692,0.2533,0.2506,0.2720,0.2485,0.2578,0.2714,0.4921,0.5248,0.2555,0.2564,0.2625,0.2611,0.6392,5.0327
44800000,220795709,341628,19,42,0,0,19,0.1355,0.1300,0.1409,0.1332,0.1360,0.1339,0.1264,0.1400,0.1356,0.2656,0.2814,0.1314,0.1306,0.1369,0.2675,0.3222,2.7470
45000000,221032052,341773,21,42,1,0,9,0.5474,0.2521,0.5569,0.2560,0.5359,0.5445,0.2527,0.2661,0.2701,1.0914,0.5805,0.5291,0.2569,0.2719,0.2657,0.6423,7.1196
45200000,221184217,341688,19,42,1,0,10,0.2736,0.2665,0.2790,0.2576,0.2598,0.2740,0.2578,0.2700,0.5325,0.5441,0.5752,0.7743,0.2704,0.2746,0.2710,0.6401,6.0203
45400000,221512422,341893,21,43,2,2,7,0.1337,0.1263,0.1325,0.1290,0.1259,0.1368,0.1245,0.1318,0.1299,0.5387,0.5709,0.1299,0.1285,0.1316,0.1320,0.6410,3.4432
45600000,221788966,341936,24,45,4,1,16,0.2771,0.2568,0.5373,0.2632,0.5198,0.2715,0.5036,0.2726,0.2629,1.6223,1.7167,0.2689,0.2587,0.2655,0.2700,0.6405,8.2073
45800000,222008360,342027,23,45,0,2,15,0.1355,0.1287,0.1379,0.1283,0.1300,0.1359,0.1311,0.2740,0.1382,1.0800,1.1415,0.1335,0.1296,0.1386,0.1351,0.6398,4.7377
46000000,222289816,342019,23,46,2,0,25,0.5357,0.5158,0.2707,0.5084,0.2614,0.5456,0.2532,0.2698,0.5487,0.5440,0.5722,0.2667,0.2674,0.5385,0.2752,0.6404,6.8135
46200000,222515730,342069,23,47,1,0,12,0.2722,0.2624,0.2722,0.2554,0.2655,0.2740,0.2575,0.2711,0.2620,0.5219,0.5553,0.2631,0.2568,0.2654,0.2725,0.6402,5.1675
46400000,222705971,341983,25,47,2,1,18,0.2709,0.2629,0.2674,0.2590,0.2646,0.2693,0.2546,0.2799,0.2748,0.5704,0.6008,0.2686,0.2631,0.2724,0.5285,0.6410,5.5482
46600000,223023208,342088,24,48,0,2,48,0.1316,0.1245,0.2624,0.1261,0.1250,0.1330,0.1217,0.1285,0.1264,0.2592,0.2734,0.1285,0.1252,0.1290,0.3997,0.3171,2.9113
46800000,223357237,342129,22,48,5,0,62,0.2652,0.2591,0.2668,0.2547,0.2526,0.5357,0.2460,0.2674,0.2681,1.0263,1.0847,0.2650,0.5091,0.2663,1.0746,0.6414,7.4831
47000000,223600390,342196,24,49,0,2,31,0.2724,0.2654,0.2705,0.2536,0.2597,0.2667,0.2500,0.2784,0.2610,0.5269,0.5589,0.2617,0.2649,0.2709,0.2824,0.6415,5.1848
47200000,223859398,342335,27,50,4,3,37,0.2674,0.2534,0.2657,0.2566,0.2652,0.2715,0.2558,0.2690,0.2660,0.5286,0.5591,0.2711,0.2677,0.2685,0.2750,1.2833,5.8239
47400000,224174746,342418,29,51,3,5,31,0.2640,0.2528,0.2692,0.2498,0.2509,0.2723,0.2423,0.2658,0.2656,0.5314,0.5615,0.2651,0.2584,0.2571,0.2539,0.6395,5.0995
47600000,224453050,342467,31,51,0,1,17,0.5264,0.5070,0.5437,0.4990,0.2649,0.2606,0.2632,0.2721,0.2720,0.5353,1.1178,0.5276,0.5181,0.5182,0.5248,0.6427,7.7935
47800000,224655133,342604,32,51,1,2,59,0.2734,0.7826,0.2712,0.2605,0.5330,0.5361,0.2471,0.2662,0.2681,1.0921,0.5743,0.2727,0.7927,0.2708,0.2753,0.6419,7.3580
48000000,224790912,342654,33,51,1,4,250,0.2734,0.1333,0.2722,0.1302,0.1343,0.1396,0.1331,0.1400,0.1385,0.2781,0.2949,0.1385,0.1359,0.1393,0.1429,0.6426,3.2667
48200000,225129583,342765,33,51,1,8,48,0.8257,0.2608,0.8237,0.5205,0.5311,0.2603,0.2440,0.2683,0.2570,1.0632,1.1294,0.5443,0.5315,0.2640,0.2611,1.9588,9.7439
48400000,225433758,342847,33,51,2,4,33,0.2648,0.2493,0.2665,0.2523,0.7712,0.2673,0.2450,0.2640,0.5152,1.5552,1.6523,0.2608,0.2581,0.5294,0.5245,0.6425,8.5184
48600000,225788460,343059,34,51,5,1,51,0.2717,0.2529,0.2759,0.2542,0.2550,0.2671,0.2443,0.2746,0.2698,0.5169,0.5494,0.2670,0.2561,0.2734,0.2738,0.6425,5.1448
48800000,226047409,343195,38,51,1,1,107,0.2735,0.2538,0.2691,0.2560,0.2625,0.2768,0.2503,0.2725,0.2729,0.5230,0.5550,0.2668,0.2569,0.2709,0.2705,0.6427,5.1734
49000000,226325738,343354,38,51,4,3,110,0.2701,0.2498,0.2620,0.2583,0.5160,0.2759,0.2517,0.5274,0.2649,1.0336,1.0960,0.2572,0.2619,0.2670,0.2654,0.6421,6.6993
49200000,226572868,343493,36,51,7,2,37,0.2731,0.2610,0.2731,0.5214,0.2641,0.5585,0.4937,0.2676,0.5364,0.5119,0.5436,0.5278,0.2646,0.2689,0.2713,0.6425,6.4795
49400000,226872075,343603,33,43,1,2,20,0.2662,0.5148,0.5387,0.2512,0.2566,0.2607,0.2541,0.2764,0.7850,0.5294,0.5607,0.2672,0.5189,0.2760,0.5352,0.6443,6.7354
49600000,227069146,343769,34,43,4,1,28,0.2684,0.3936,0.1375,0.2570,0.1319,0.1362,0.1280,0.1424,0.1390,0.5318,0.5623,0.2663,0.3935,0.2788,0.1402,0.6445,4.5513
49800000,227313723,343755,35,43,4,4,90,0.2701,0.2578,0.5502,0.2583,0.2632,0.2806,0.5182,0.5620,0.2698,0.5169,1.6979,0.2658,0.2571,0.8412,0.2678,0.6445,7.7214
50000000,227516826,343820,34,43,7,1,20,0.5456,0.2675,0.2837,0.2642,0.2558,0.5558,0.2624,0.2816,0.5358,0.5208,2.2154,0.5399,0.5193,0.2736,0.5430,0.6438,8.5084
50200000,227665301,343969,30,43,8,1,19,0.2724,0.2601,0.5591,0.2594,0.2633,0.8341,0.2596,0.2748,0.2798,1.0888,0.5880,0.2705,0.2633,0.2799,0.2785,1.3012,7.3327
50400000,227869310,344018,30,43,0,1,15,0.2746,0.2547,0.8163,0.5122,0.5176,0.2726,0.2547,0.2732,0.5495,1.5949,1.1357,0.2699,0.5126,0.2682,0.2742,1.9167,9.6976
50600000,228169923,344112,25,43,2,0,16,0.5443,0.5102,0.2751,0.7680,0.7753,0.2666,0.5128,0.5464,0.8184,2.1031,0.5469,0.5433,0.7722,0.2642,0.5428,0.6441,10.4336
50800000,228549411,344287,26,43,2,2,15,0.2719,0.2508,0.2707,0.2514,0.2567,0.2623,0.7636,0.2715,1.0817,0.5133,0.5444,0.2644,0.2600,0.2704,0.2631,0.6426,6.4387
51000000,228741265,344319,34,43,2,0,22,0.1308,0.1260,0.1322,0.1247,0.2582,0.1324,0.1225,0.2731,0.1255,0.5325,0.5642,0.1323,0.1300,0.1311,0.1364,0.6440,3.6957
51200000,229056478,344490,35,43,3,1,36,0.2667,0.5068,0.5321,0.5052,0.2577,0.2675,0.4956,0.2684,0.5135,0.5447,0.5769,0.5296,0.2573,0.5375,0.2704,0.6468,6.9767
51400000,229284367,344573,39,43,5,0,36,0.2711,0.7699,0.2722,0.2627,0.5209,0.2763,0.2488,0.5374,0.7865,1.0879,0.5717,0.7995,0.5264,0.2759,0.2733,0.6451,8.1256
51600000,229534501,344735,36,45,5,2,35,0.1351,0.1285,0.1333,0.1331,0.1319,0.1328,0.1244,0.1354,0.1336,0.2573,0.2722,0.1336,0.1302,0.1327,0.1328,0.3208,2.5679
51800000,229780525,344781,39,47,3,2,30,0.5328,0.5149,0.2758,0.5095,0.2564,0.5226,0.5001,0.2713,0.5325,1.0307,1.0911,0.2686,0.2648,0.2672,0.5308,0.6433,8.0122
52000000,230030955,344865,35,47,7,3,31,0.4028,0.1275,0.1352,0.3864,0.2589,0.4001,0.1244,0.1342,0.1350,0.2642,0.2786,0.2699,0.1336,0.2648,0.1323,0.6441,4.0921
52200000,230279305,344831,35,47,3,1,26,0.2652,0.2560,0.5409,0.2511,0.2568,0.2667,0.4948,0.2679,0.2700,1.0512,0.5603,0.2795,0.2597,0.2634,0.5348,0.6457,6.4640
52400000,230531933,344894,38,47,6,2,29,0.2677,0.2561,0.2711,0.2492,0.2587,0.2596,0.2523,0.2658,0.2681,0.5413,0.5739,0.2701,0.2585,0.2739,0.2653,0.6443,5.1757
52600000,230733870,345086,33,47,7,1,18,0.2759,0.2672,0.2722,0.2581,0.2701,0.2733,0.2535,0.2715,0.2756,0.5308,0.5662,0.2737,0.2619,0.2731,0.2722,0.6468,5.2420
52800000,230997661,345117,34,47,3,2,17,0.2665,0.2513,0.5532,0.2564,0.2616,0.2673,0.2550,0.2578,0.2726,0.5215,0.5526,0.5401,0.5280,0.2755,0.2679,0.6444,5.9718
53000000,231193215,345189,35,47,7,4,122,0.2782,0.4996,0.8210,0.5134,0.2661,0.2763,0.2620,0.5281,0.2769,0.5248,0.5565,0.2672,0.2605,0.5405,0.5460,0.6458,7.0628
53200000,231381571,345168,41,47,4,3,150,0.2719,0.2667,0.2691,0.2559,0.2630,0.2714,0.2573,0.2725,0.2712,1.0594,1.1209,0.2679,0.2630,0.2741,0.2704,0.6456,6.3000
53400000,231580134,345034,41,47,3,2,98,0.2686,0.5204,0.5437,0.5036,0.2652,0.5422,0.2530,0.5410,0.5332,0.5288,1.6444,0.5288,0.2690,0.2788,0.2821,0.6442,8.1470
53600000,231854242,345082,43,47,8,3,42,0.2691,0.2674,0.2728,0.2569,0.2554,0.2658,0.2492,0.2607,0.2720,0.5013,0.5312,0.2741,0.2589,0.2785,0.2673,0.6453,5.1260
53800000,232066829,345134,41,43,1,1,31,0.2699,0.2674,0.5531,0.2646,0.2641,0.2717,0.2574,0.2751,0.5458,1.0568,1.1186,0.2711,0.2654,0.2696,0.5388,1.3005,7.7900
54000000,232350219,345275,38,43,7,1,27,0.2688,0.2599,0.8045,0.2622,0.5214,0.2732,0.2600,0.5357,0.2659,1.5398,1.6337,0.2583,0.5214,0.5373,0.2749,0.6465,8.8637
54200000,232635226,345337,35,43,2,2,109,0.2700,0.1280,0.1347,0.1318,0.1308,0.1337,0.1248,0.1339,0.2654,0.2652,0.2806,0.1317,0.1278,0.1338,0.1317,0.3208,2.8447
54400000,232846091,345444,34,43,5,6,20,0.2717,0.1741,0.1780,0.0874,0.0877,0.1805,0.0825,0.1779,0.0896,0.3533,0.3729,0.0878,0.0868,0.0898,0.0895,0.4293,2.8388
54600000,233081442,345478,29,42,3,4,85,0.2726,0.0665,0.0688,0.0650,0.0667,0.0667,0.0624,0.0680,0.0669,0.1293,0.1374,0.1343,0.0659,0.0670,0.0678,0.4836,1.8887
54800000,233255085,345432,29,42,0,2,55,0.0546,0.0524,0.0554,0.0526,0.0515,0.1092,0.0521,0.1094,0.0552,0.1087,0.1145,0.1625,0.1048,0.0543,0.0554,0.5164,1.7089
55000000,233487059,345556,33,42,3,1,178,0.0454,0.0430,0.0445,0.0436,0.0870,0.0458,0.0435,0.1356,0.0458,0.0893,0.0947,0.1796,0.0445,0.0448,0.0464,0.1083,1.1416
55200000,233723683,345729,34,42,1,2,75,0.2758,0.2579,0.2658,0.2652,0.2628,0.2701,0.2481,0.2640,0.2718,0.5257,0.5552,0.2680,0.2677,0.2759,0.2737,0.6478,5.1954
55400000,233965284,345778,34,42,0,0,43,0.1354,0.1321,0.1367,0.1290,0.1307,0.1346,0.1314,0.1364,0.1302,0.5281,0.2805,0.1379,0.1278,0.1314,0.1336,0.6465,3.1824
55600000,234262209,345815,30,42,3,0,19,0.2764,0.2701,0.2665,0.2581,0.2621,0.2690,0.2531,0.2669,0.2670,0.5231,0.5543,0.2664,0.2565,0.2702,0.2754,0.6464,5.1815
55800000,234474027,345882,31,42,1,1,33,0.5523,0.5379,0.2696,0.2609,0.2651,0.2685,0.2542,0.2706,0.5429,0.5250,1.1155,0.2712,0.2700,0.5445,0.5529,0.6471,7.1480
56000000,234661743,345870,31,42,3,1,71,0.2709,0.2556,0.5307,0.2604,0.2588,0.2749,0.2587,0.2735,0.2696,0.5379,0.5656,0.2639,0.2642,0.2699,0.2743,0.6482,5.4769
56200000,234835219,345994,27,42,1,3,42,0.2769,0.2671,0.2766,0.2661,0.2678,0.2719,0.2599,0.2713,0.2713,0.5528,0.5827,0.2626,0.2649,0.2794,0.2760,0.6467,5.2939
56400000,234894987,345936,27,42,0,1,27,0.2708,0.2655,0.5670,0.2633,0.2686,0.2784,0.2602,0.2783,0.5552,1.1241,1.1834,0.2746,0.2678,0.5583,0.2770,1.3060,7.9986
56600000,235115441,345964,26,42,1,0,25,0.2744,0.5208,0.2694,0.2551,0.5332,0.2679,0.5131,0.5456,0.8284,0.5285,1.7452,0.2703,0.5421,0.8337,0.5572,1.9566,10.4412
56800000,235281719,346007,30,42,2,1,34,0.1374,0.1328,0.1383,0.1284,0.1354,0.1357,0.1272,0.1357,0.1343,0.2630,0.2784,0.1346,0.1334,0.1357,0.1398,0.3242,2.6143
57000000,235493166,346043,28,42,3,0,60,0.1825,0.1743,0.1854,0.0866,0.1786,0.1826,0.0851,0.1820,0.0920,0.3559,0.3767,0.0910,0.1780,0.1843,0.0932,0.4324,3.0607
57200000,235670368,346103,26,42,1,1,13,0.0671,0.0634,0.0674,0.0667,0.0654,0.0663,0.0632,0.0684,0.0687,0.1399,0.1471,0.1370,0.0660,0.0672,0.0678,0.1616,1.3832
57400000,235943916,346128,25,42,1,0,7,0.2722,0.2606,0.2705,0.2672,0.2702,0.2729,0.2550,0.2698,0.2703,1.0930,1.1540,0.2743,0.2612,0.2792,0.5463,0.6485,6.6650
57600000,236170600,346241,24,42,2,1,8,0.2742,0.2601,0.2715,0.2621,0.2632,0.2762,0.5028,0.2800,0.2746,0.5277,0.5610,0.2720,0.2707,0.2765,0.2669,0.6474,5.4866
57800000,236247627,346273,25,42,0,1,9,0.1359,0.1354,0.1420,0.1307,0.1306,0.1373,0.1291,0.1348,0.1381,0.2842,0.3003,0.1391,0.1363,0.2790,0.1432,0.3237,2.8197
58000000,236371936,346323,26,42,0,4,10,0.0941,0.1787,0.0939,0.0918,0.0909,0.0938,0.0896,0.0938,0.0929,0.1806,0.1913,0.0949,0.0899,0.0935,0.0933,0.4334,2.0965
58200000,236641240,346493,22,42,0,1,10,0.0679,0.0625,0.0664,0.0630,0.0630,0.0648,0.0621,0.0655,0.0661,0.2673,0.2829,0.1374,0.0644,0.0664,0.0665,0.4860,1.9522
58400000,236801514,346631,22,42,0,0,2,0.2761,0.2645,0.2757,0.2588,0.2651,0.2736,0.2560,0.2768,0.2737,0.5317,0.5627,0.2661,0.2698,0.2729,0.2748,0.6508,5.2490
58600000,236988131,346683,25,42,0,0,14,0.2767,0.2655,0.2874,0.2642,0.2650,0.2740,0.2664,0.2753,0.5295,1.0366,1.0952,0.2679,0.2740,0.2739,0.5378,0.6508,6.8400
58800000,237205716,346706,25,42,1,1,30,0.2727,0.2632,0.2702,0.2624,0.2624,0.2804,0.2550,0.2696,0.2688,0.5539,0.5865,0.2730,0.2687,0.2716,0.2790,1.3278,5.9651
59000000,237397302,346814,25,42,0,0,15,0.2743,0.5152,0.5399,0.2612,0.2583,0.2798,0.5012,0.2779,0.5322,0.5358,0.5667,0.5385,0.2564,0.5410,0.5418,1.9372,8.3574
59200000,237467778,346831,28,42,2,1,4,0.2790,0.2588,0.2871,0.2619,0.2709,0.2785,0.2628,0.2842,0.2762,0.5522,0.5825,0.2811,0.2702,0.2810,0.2854,0.6498,5.3616
59400000,237699625,347075,29,42,1,6,8,0.2762,0.5215,0.5591,0.5255,0.2614,0.2713,0.5189,0.2752,0.5550,1.0778,0.5542,0.2650,0.2589,0.5556,0.5558,0.6490,7.6805
59600000,237831936,347002,29,42,0,3,21,0.5467,0.7690,0.2755,0.2667,0.5274,0.5396,0.2577,0.5448,0.8239,1.6372,1.1439,0.5352,0.5209,0.2813,0.8333,0.6507,10.1537
59800000,238014098,347048,34,42,2,2,52,0.8175,0.2539,0.5386,0.5300,0.2656,0.2753,0.2505,0.2689,1.0922,0.5490,1.7174,0.8046,0.2759,0.2692,0.2722,0.6499,8.8304
60000000,238143321,346921,33,42,1,1,36,0.2791,0.5197,0.2776,0.2604,0.2698,0.2743,0.2633,0.2703,0.2714,0.5295,0.5589,0.2766,0.2706,0.2788,0.5602,1.2993,6.4596
60200000,238409666,347042,30,42,0,4,20,0.2775,0.2692,0.2728,0.2613,0.2707,0.2690,0.2523,0.2745,0.2714,0.5107,0.5410,0.2719,0.2657,0.5559,0.2761,0.6502,5.4901
60400000,238641442,347114,28,42,2,2,30,0.2710,0.2622,0.2802,0.2631,0.2584,0.2667,0.2534,0.2738,0.5459,0.5204,0.5490,0.2736,0.2583,0.2738,0.2735,0.6499,5.4732
60600000,238766464,347150,28,42,0,0,15,0.2746,0.2698,0.2756,0.2709,0.2666,0.2736,0.2587,0.2749,0.2657,0.5462,0.5771,0.2704,0.2745,0.2805,0.2816,0.6497,5.3103
60800000,238953087,347152,26,42,0,1,9,0.1325,0.1310,0.1318,0.1284,0.1309,0.1368,0.1249,0.1306,0.1357,0.2611,0.2762,0.1326,0.1319,0.1323,0.1341,0.6503,2.9012
61000000,239086902,347092,26,42,0,0,15,0.2761,0.2661,0.2807,0.2605,0.2623,0.2758,0.2574,0.2736,0.2691,0.5503,0.5796,0.2804,0.2734,0.2748,0.2812,0.6508,5.3121
61200000,239329526,347194,25,42,1,4,15,0.1358,0.1272,0.1395,0.1317,0.1300,0.1341,0.1241,0.1335,0.1309,0.2584,0.2730,0.1316,0.1251,0.1341,0.2762,0.3209,2.7060
61400000,239423124,347149,26,42,1,0,81,0.2776,0.2610,0.2837,0.5310,0.2632,0.5498,0.5133,0.2735,0.2745,1.0938,1.1529,0.2659,0.2659,0.2745,0.2839,0.6509,7.2155
61600000,239566767,347116,24,42,1,0,67,0.1414,0.1289,0.1431,0.1286,0.1362,0.1348,0.1364,0.1377,0.1378,0.2800,0.8683,0.1383,0.1362,0.2721,0.2820,0.6506,3.8521
61800000,239737022,347091,24,42,0,0,31,0.2750,0.2606,0.2710,0.2581,0.2559,0.2709,0.2639,0.5456,0.2725,0.5488,0.5786,0.2749,0.2683,0.8151,0.8368,1.9510,7.9470
62000000,239917109,347066,26,42,1,3,14,0.2749,0.2658,0.2865,0.2594,0.2660,0.2681,0.2605,0.2745,0.2704,0.5351,0.5673,0.2687,0.5318,0.2786,0.2750,2.5931,7.4758
62200000,240064394,347044,25,42,2,0,11,0.2779,0.2601,0.2843,0.5204,0.2669,0.5513,0.2507,0.2767,0.5524,1.0846,1.1477,0.5435,0.8044,0.5511,0.2764,0.6493,8.2976
62400000,240221883,347252,24,42,1,3,23,0.2737,0.2650,0.2634,0.2537,0.5363,0.8293,0.2595,0.2762,0.8216,1.6301,1.7250,0.2689,0.2646,0.2765,0.2711,0.6508,8.8656
62600000,240360169,347201,25,42,1,1,18,0.2748,0.1296,0.1364,0.1327,0.1311,0.1348,0.2549,0.2769,0.5508,1.0981,1.1613,0.2654,0.1327,0.2763,0.1406,0.6504,5.7469
62800000,240587778,347326,22,42,1,1,16,0.2727,0.2647,0.2692,0.2580,0.2580,0.2700,0.2590,0.2746,0.2755,0.5574,0.5883,0.2644,0.2708,0.2732,0.2714,0.6515,5.2786
63000000,240812775,347261,21,42,3,3,20,0.2730,0.2671,0.2728,0.5096,0.2610,0.5409,0.5128,0.2627,0.5471,1.0746,0.5500,0.5262,0.2601,0.2696,0.5430,0.6513,7.3217
63200000,241003474,347363,22,45,0,2,3,0.5461,0.2618,0.2776,0.7798,0.2675,0.8161,0.7710,0.5420,0.8241,1.6104,0.5547,0.2703,0.5270,0.2750,0.2755,0.6512,9.2499
63400000,241080158,347438,20,45,1,1,18,0.2762,0.2598,0.2819,0.2586,0.2724,0.2692,0.2626,0.2807,0.2740,0.5675,0.5994,0.2669,0.2675,0.2769,0.2778,0.6506,5.3419
63600000,241296950,347530,18,45,1,1,18,0.2742,0.2513,0.5559,0.2635,0.2682,0.5380,0.2662,0.2666,0.5445,0.5161,0.5479,0.5469,0.2628,0.5544,0.2802,0.6509,6.5875
63800000,241507719,347567,18,45,2,2,21,0.1371,0.1301,0.1357,0.1322,0.1364,0.1363,0.1265,0.1354,0.1358,0.5262,0.5587,0.1358,0.1313,0.1384,0.1425,0.3272,3.1655
64000000,241691859,347456,17,45,0,4,13,0.2780,0.2660,0.5406,0.2678,0.5404,0.5508,0.5099,0.2674,0.2718,0.5356,0.5689,0.5436,0.5228,0.2797,0.2800,0.6509,6.8740
64200000,241894575,347707,18,42,3,1,91,0.2697,0.2542,0.2810,0.2587,0.2577,0.2766,0.2549,0.2721,0.2812,1.0880,1.1537,0.2658,0.2615,0.2725,0.2761,0.6489,6.3725
64400000,242089482,347881,16,42,3,2,46,0.2748,0.2585,0.2703,0.2599,0.2620,0.2749,0.2598,0.2697,0.2642,0.5551,0.5874,0.2670,0.2706,0.2742,0.2805,0.6514,5.2801
64600000,242239298,347954,19,42,0,1,34,0.2716,0.2658,0.2743,0.2535,0.2604,0.2678,0.2604,0.2729,0.2724,1.1021,1.1641,0.2686,0.2616,0.2706,0.2784,0.6515,6.3959
64800000,242365638,347833,20,42,2,2,53,0.2789,0.2656,0.2751,0.2581,0.2656,0.2741,0.2554,0.2688,0.2734,1.6703,1.7643,0.2697,0.2635,0.2762,0.2689,0.6514,7.5792
65000000,242440169,347859,18,42,3,1,7,0.2748,0.2631,0.5487,0.2597,0.2589,0.2826,0.5099,0.5425,0.2723,0.5554,0.5874,0.2862,0.2698,0.2855,0.5433,0.6520,6.3923
65200000,242530054,347848,21,42,0,1,6,0.2796,0.2649,0.2795,0.2631,0.2712,0.2738,0.2577,0.2732,0.2775,0.5398,0.5722,0.2742,0.2684,0.2821,0.8437,0.6524,5.8733
65400000,242613556,347730,24,42,2,1,7,0.2742,0.2684,0.2805,0.2601,0.2638,0.2825,0.2532,0.2780,0.2741,0.5359,0.5662,0.2747,0.2637,0.2787,0.2765,0.6512,5.2814
65600000,242757070,347803,27,42,3,1,37,0.2742,0.2677,0.2711,0.2614,0.2610,0.2720,0.2622,0.2651,0.2670,0.5426,0.5756,0.2722,0.2655,0.2719,0.2794,0.6536,5.2625
65800000,242915243,347785,24,42,1,0,40,0.2738,0.2646,0.2834,0.2587,0.2745,0.2694,0.2547,0.2664,0.2743,0.5254,0.5576,0.2648,0.2646,0.2681,0.2696,0.6518,5.2219
66000000,243052352,347689,23,42,1,1,39,0.2715,0.2668,0.5667,0.2613,0.2632,0.2786,0.2637,0.2765,0.2734,0.5394,0.5698,0.2781,0.2789,0.2762,0.2756,1.3019,6.2415
66200000,243158778,347677,25,42,3,3,75,0.2777,0.2704,0.2724,0.2652,0.2772,0.2784,0.2629,0.2755,0.2822,0.5520,0.5858,0.2678,0.2695,0.2769,0.2675,1.9712,6.6526
66400000,243371602,347824,28,42,0,1,16,0.5480,0.5303,0.2756,0.2663,0.2707,0.2742,0.5276,0.2779,0.5521,0.5279,0.5576,0.2726,0.5266,0.5552,0.5393,0.6534,7.1553
66600000,243532164,347805,26,42,1,0,42,0.2788,0.2683,0.2766,0.2569,0.2650,0.2688,0.2512,0.2779,0.2683,0.5427,0.5730,0.2719,0.2695,0.8382,0.2853,0.6528,5.8455
66800000,243688092,347649,30,42,1,2,56,0.2751,0.2608,0.2746,0.2615,0.2681,0.2675,0.2525,0.2816,0.2693,0.5233,0.5593,0.2684,0.2684,0.2725,0.2740,0.6507,5.2274
67000000,243857395,347813,30,42,4,0,66,0.2757,0.1326,0.1384,0.2648,0.2660,0.1365,0.1260,0.1375,0.2689,0.2739,0.2905,0.1391,0.1348,0.2738,0.1432,0.6520,3.6537
67200000,243943605,347933,36,42,2,0,122,0.0909,0.0844,0.0889,0.0868,0.0858,0.0902,0.1714,0.1820,0.2677,0.3732,0.3944,0.0891,0.1791,0.0917,0.0906,0.6528,3.0188
67400000,244123067,347956,35,42,1,1,37,0.0670,0.0647,0.0682,0.0637,0.0638,0.0655,0.0629,0.0679,0.0665,0.1346,0.1422,0.0641,0.0656,0.0663,0.0655,0.6524,1.7811
67600000,244279404,348077,34,42,0,2,42,0.2804,0.2556,0.2732,0.2617,0.2598,0.2730,0.2517,0.2739,0.2745,0.5510,0.5803,0.2791,0.2679,0.2725,0.5345,0.6529,5.5420
67800000,244505124,348155,33,42,0,2,31,0.2734,0.2584,0.2724,0.2560,0.2630,0.2723,0.2494,0.2760,0.2699,0.5225,0.5550,0.2834,0.2699,0.2749,0.2729,1.3165,5.8858
68000000,244681967,348225,27,42,1,4,18,0.1388,0.1333,0.1403,0.1312,0.1323,0.1355,0.1284,0.1386,0.1383,0.2715,0.2872,0.2805,0.1332,0.1384,0.2733,0.9827,3.5836
68200000,244909575,348415,25,42,1,0,34,0.2726,0.2595,0.2814,0.2545,0.2572,0.2688,0.2532,0.5487,0.2644,1.0578,1.1202,0.2630,0.2615,0.2682,0.2706,0.6500,6.5514
68400000,245095645,348494,26,42,1,0,58,0.2740,0.1322,0.1367,0.1324,0.1339,0.1365,0.1253,0.1357,0.1376,0.8087,0.8561,0.1341,0.1354,0.1325,0.2703,0.6505,4.3320
68600000,245184281,348552,28,42,1,0,32,0.2799,0.2667,0.2764,0.2712,0.2693,0.2727,0.2617,0.2787,0.2693,0.5507,0.5802,0.2713,0.2591,0.5413,0.2791,1.9281,6.8556
68800000,245300763,348497,22,42,0,0,13,0.2763,0.2643,0.2718,0.2646,0.2626,0.2771,0.2633,0.2757,0.2727,0.5303,0.5595,0.2777,0.2784,0.2771,0.2803,0.6515,5.2832
69000000,245583548,348580,23,42,0,0,26,0.2741,0.1278,0.1380,0.1286,0.1303,0.1334,0.1262,0.2724,0.1333,0.5252,0.2774,0.1323,0.1288,0.2749,0.1334,0.6517,3.5880
69200000,245655523,348478,22,42,0,0,16,0.2761,0.2731,0.2759,0.2649,0.2683,0.2774,0.2550,0.2732,0.2680,0.5553,0.5858,0.2743,0.2663,0.2779,0.2687,0.6539,5.3140
69400000,245719329,348446,24,43,0,0,19,0.2733,0.2721,0.2812,0.2680,0.2688,0.2806,0.2589,0.2801,0.2807,0.5703,0.6023,0.2807,0.2770,0.2819,0.2848,0.6527,5.4134
69600000,245896020,348539,24,44,0,2,34,0.2741,0.2538,0.2649,0.2604,0.2674,0.2741,0.2521,0.2788,0.2836,0.5464,0.5752,0.2646,0.2634,0.2751,0.5671,0.6544,5.5554
69800000,246005520,348556,22,43,1,1,29,0.2717,0.2780,0.2793,0.2610,0.2669,0.2761,0.2574,0.2750,0.2722,0.5281,0.5578,0.2735,0.2692,0.2731,0.2891,1.3110,5.9392
70000000,246089110,348458,21,43,1,3,34,0.2801,0.2680,0.2707,0.2691,0.2643,0.2705,0.2559,0.2769,0.2759,0.5533,0.5836,0.2764,0.2714,0.2779,0.2854,0.6523,5.3317
70200000,246263110,348558,19,43,1,0,9,0.2797,0.2625,0.2726,0.2637,0.2687,0.2761,0.2556,0.2726,0.5454,1.0978,1.1579,0.2675,0.2731,0.2681,0.2719,0.6509,6.6839
70400000,246393528,348655,21,45,1,0,6,0.1362,0.1290,0.1310,0.1283,0.2682,0.1330,0.2562,0.1351,0.1362,0.2676,0.2819,0.1346,0.1297,0.1344,0.1360,0.6526,3.1901
70600000,246454081,348723,20,45,0,2,22,0.2765,0.2647,0.2719,0.2646,0.2675,0.2795,0.2577,0.2734,0.2761,0.5650,0.5975,0.2788,0.2768,0.2767,0.2899,0.6536,5.3703
70800000,246529243,348794,19,44,1,1,31,0.2762,0.2645,0.2765,0.2628,0.2627,0.2749,0.2648,0.2792,0.2687,1.1384,1.2027,0.2754,0.2760,0.2751,0.2822,0.6532,6.5330
71000000,246719437,348924,20,45,0,0,59,0.1328,0.1294,0.1332,0.1307,0.2594,0.1368,0.1245,0.1348,0.2691,0.2663,0.2809,0.1349,0.1341,0.1348,0.1325,0.3203,2.8548
71200000,246833435,348886,23,44,1,1,112,0.2719,0.2630,0.2793,0.2664,0.7658,0.2844,0.2581,0.2752,0.2748,0.5482,0.5806,0.2736,0.2740,0.2833,0.2810,0.6541,5.8335
71400000,246915859,348839,24,43,0,0,55,0.2734,0.2622,0.2872,0.2649,0.2744,0.2791,0.2686,0.2813,0.2817,0.5528,0.5834,0.2772,0.2730,0.2780,0.2806,0.6530,5.3707
71600000,247099398,348886,27,43,1,1,55,0.1356,0.1263,0.1361,0.2606,0.1288,0.1362,0.2616,0.1337,0.1350,0.2674,0.2822,0.1354,0.1281,0.1307,0.1356,0.3248,2.8580
71800000,247195126,348737,25,43,1,4,86,0.0910,0.0904,0.0957,0.0866,0.1727,0.0919,0.0838,0.0925,0.0937,0.1888,0.1996,0.0903,0.0902,0.0915,0.1834,0.4348,2.1767
72000000,247311062,348700,30,43,2,0,103,0.0680,0.0630,0.0706,0.0662,0.0655,0.0698,0.0628,0.0674,0.0656,0.1405,0.1481,0.0695,0.0669,0.0675,0.0712,0.1631,1.3258
72200000,247471974,348905,30,43,0,0,131,0.5523,0.2632,0.5654,0.5335,0.2635,0.2745,0.5136,0.2668,0.2799,0.5435,1.1834,0.2785,0.5366,0.2708,0.2808,0.6539,7.2600
72400000,247586529,348838,28,43,0,0,47,0.2759,0.2625,0.2773,0.2632,0.2695,0.2708,0.7634,0.2724,0.2788,0.5330,1.7245,0.2784,0.7906,0.2755,0.2803,1.2934,8.1094
72600000,247720799,348882,24,43,1,1,43,0.1422,0.1343,0.1421,0.1337,0.2697,0.1375,0.1268,0.1395,0.1368,0.2806,1.1530,0.1363,0.5278,0.1382,0.1415,0.9714,4.7113
72800000,247882371,348921,23,43,1,0,26,0.2752,0.2618,0.2760,0.2677,0.2634,0.2841,0.2546,0.2726,0.5531,0.5393,0.5711,0.2769,0.2668,0.2755,0.2834,0.6517,5.5732
73000000,247952045,348877,20,43,0,0,5,0.2760,0.2650,0.2947,0.2620,0.2693,0.2782,0.2557,0.2826,0.2710,0.5672,0.5977,0.2681,0.2671,0.2854,0.5591,0.6527,5.6518
73200000,248117579,348994,22,43,1,0,34,0.1380,0.1338,0.1366,0.1300,0.1316,0.1389,0.1256,0.1369,0.1339,0.5578,0.5897,0.1331,0.1333,0.1372,0.1368,0.6525,3.5458
73400000,248161476,348967,23,43,0,0,11,0.2764,0.2651,0.2821,0.2603,0.2709,0.2900,0.2567,0.2844,0.2832,1.6798,1.7757,0.2818,0.2737,0.2719,0.5508,0.6529,7.9558
73600000,248323821,348971,26,43,1,1,148,0.2769,0.2663,0.2731,0.2587,0.2677,0.2802,0.2644,0.2804,0.2679,0.5343,0.5642,0.2635,0.2594,0.2715,0.2791,0.6518,5.2593
73800000,248415318,348929,26,42,0,0,12,0.2782,0.2619,0.2791,0.5273,0.2602,0.2769,0.2606,0.2863,0.2746,0.5543,0.5859,0.2702,0.2664,0.5491,0.2695,1.3084,6.5086
74000000,248599357,349013,26,42,0,1,68,0.2790,0.2717,0.2711,0.2681,0.2658,0.2759,0.2570,0.2721,0.2651,0.5396,0.5700,0.2629,0.2636,0.2724,0.5340,0.6537,5.5220
74200000,248742521,349173,31,43,3,3,84,0.2786,0.1293,0.1412,0.2653,0.1355,0.2759,0.2587,0.2754,0.1373,0.5446,0.5734,0.2700,0.2664,0.1396,0.1327,0.3278,4.1515
74400000,248799103,349005,35,43,1,0,32,0.2735,0.2717,0.2797,0.2651,0.2708,0.2772,0.2598,0.2796,0.2781,1.6412,1.7281,0.2726,0.2820,0.2849,0.5446,0.6537,7.8625
74600000,248905409,349042,34,43,4,4,83,0.2739,0.1330,0.1399,0.1285,0.1303,0.1373,0.1276,0.1361,0.1389,0.2841,0.2982,0.1309,0.1332,0.1361,0.1372,0.6536,3.1189
74800000,248992075,349048,31,43,1,6,60,0.2755,0.2753,0.5591,0.2634,0.2667,0.5553,0.2634,0.2784,0.2786,0.5552,0.5858,0.2754,0.2763,0.5528,0.5503,1.9568,7.7682
75000000,249041377,349035,34,43,4,3,83,0.2730,0.2621,0.2892,0.2671,0.2644,0.2802,0.2675,0.2737,0.2772,0.5592,0.5908,0.2766,0.2721,0.2805,0.2853,0.6554,5.3745
75200000,249142730,349028,37,43,0,7,105,0.2735,0.2655,0.2877,0.1318,0.2675,0.1412,0.1303,0.1385,0.1363,0.5601,0.5905,0.1379,0.1368,0.1405,0.2781,0.6549,4.2710
75400000,249240151,349079,36,43,5,3,58,0.2756,0.2657,0.2830,0.2637,0.2616,0.5686,0.2530,0.5520,0.2792,0.5551,0.5858,0.2732,0.2745,0.2682,0.8331,0.6528,6.4450
75600000,249353914,349196,33,43,1,3,96,0.5481,0.2684,0.2772,0.2633,0.5282,0.2803,0.2598,0.2743,0.2657,1.0918,1.1522,0.2742,0.2700,0.2760,0.2776,0.6547,6.9615
75800000,249523803,349207,32,43,2,3,32,0.2840,0.2621,0.2742,0.5283,0.2655,0.2763,0.2545,0.5549,0.2689,0.5194,0.5521,0.5454,0.2787,0.5543,0.2696,1.3061,6.9941
76000000,249585217,349177,32,43,3,3,21,0.1393,0.1347,0.1384,0.1311,0.1350,0.1404,0.1298,0.1355,0.1371,0.2842,0.2972,0.1358,0.1369,0.1408,0.1398,0.3269,2.6829
76200000,249693225,349278,31,43,2,2,70,0.2748,0.2605,0.5698,0.5350,0.2768,0.2725,0.5330,0.2781,0.5595,0.5454,0.5760,0.2719,0.2734,0.5729,0.5667,0.6542,7.0204
76400000,249783146,349232,29,43,0,2,21,0.5436,0.2685,0.2724,0.2670,0.2665,0.5394,0.2603,0.2813,0.8218,0.5387,1.1264,0.2731,0.2698,0.2794,0.2749,1.2866,7.5696
76600000,249848069,349334,28,43,2,2,43,0.1358,0.1284,0.1443,0.1298,0.1346,0.4111,0.1319,0.1360,0.1387,0.5397,0.8509,0.1363,0.2685,0.1376,0.1380,0.9716,4.5334
76800000,249967594,349405,24,43,1,1,10,0.2821,0.2713,0.2827,0.2651,0.2748,0.2817,0.2682,0.2796,0.2769,1.6325,2.2865,0.2725,0.2747,0.5600,0.2835,0.6547,8.4469
77000000,249979472,349457,30,43,0,1,86,0.2734,0.5442,0.2781,0.5328,0.2616,0.2792,0.5278,0.5595,0.2803,0.5618,0.5957,0.2736,0.2776,0.8450,0.2942,0.6541,7.0388
77200000,250062708,349459,27,43,1,1,28,0.5417,0.7949,0.5545,0.7823,0.5185,0.2789,0.2624,0.2831,0.5510,0.5575,0.5869,0.5390,0.5451,0.2820,0.2847,0.6536,8.0161
77400000,250197867,349353,27,43,1,4,31,0.2763,0.2652,0.2707,0.2608,0.2675,0.2781,0.2550,0.2719,0.2779,0.5499,1.1861,0.2666,0.2736,0.2819,0.5786,0.6533,6.2131
77600000,250326616,349357,25,43,2,7,24,0.5575,0.2620,0.2809,0.5171,0.5287,0.2741,0.2544,0.5562,0.2780,0.5337,0.5635,0.2683,0.2613,0.2712,0.8517,0.6533,6.9120
77800000,250366297,349347,26,43,1,3,24,0.2771,0.2651,0.5468,0.2642,0.2667,0.2817,0.2704,0.2666,0.2726,1.0624,0.5784,0.2750,0.2768,0.5357,0.2736,0.6529,6.3658
78000000,250510182,349335,31,43,2,5,25,0.1377,0.1345,0.1356,0.1290,0.1330,0.1383,0.1246,0.1345,0.1378,0.2678,0.2833,0.1312,0.1278,0.1347,0.1350,0.6525,2.9374
78200000,250643156,349356,26,43,3,3,44,0.2689,0.2661,0.2729,0.2663,0.2627,0.2740,0.2585,0.2755,0.2727,0.5465,0.5776,0.2781,0.2763,0.2813,0.2772,0.6527,5.3072
78400000,250658029,349333,25,43,1,3,16,0.1367,0.1317,0.1411,0.1338,0.1361,0.1371,0.1306,0.1395,0.1391,0.2747,0.2907,0.1368,0.1345,0.1394,0.1406,0.6533,2.9956
78600000,250704867,349299,25,43,1,1,10,0.0925,0.0891,0.0949,0.0893,0.0894,0.0949,0.0877,0.0949,0.0908,0.1966,0.2054,0.0908,0.0918,0.0932,0.0938,0.2186,1.8136
78800000,250757037,349347,25,43,0,1,10,0.2751,0.2621,0.2771,0.2584,0.2657,0.2775,0.2589,0.2942,0.2654,0.5759,0.6073,0.2757,0.2721,0.2717,0.2753,1.2962,6.0083
79000000,250855805,349454,23,14,1,1,17,0.5507,0.2652,0.2875,0.2634,0.2702,0.2716,0.2557,0.5732,0.5421,1.1237,1.1835,0.5563,0.5422,0.5470,0.2866,0.6529,8.1720
79200000,250957853,349375,22,14,1,0,8,0.8497,0.5318,0.2765,0.2633,0.2627,0.2747,0.2560,0.8735,0.2699,0.5577,0.5884,0.8457,0.2693,0.2869,0.2791,1.3343,8.0195
79400000,251021874,349371,18,14,0,0,9,0.2810,0.7973,0.2741,0.2691,0.2762,0.2705,0.2500,0.2760,0.5434,1.1148,1.1752,0.2716,0.2712,0.2796,0.5586,0.6552,7.5637
79600000,251088202,349360,17,14,0,1,5,0.2746,0.2636,0.2753,0.2714,0.2765,0.2727,0.2528,0.2804,0.2719,0.5510,0.5786,0.2760,0.2686,0.2774,0.2788,0.6524,5.3217
79800000,251173628,349408,17,14,0,2,3,0.2779,0.2653,0.2795,0.2618,0.2665,0.5488,0.2566,0.2750,0.2655,0.5594,0.5912,0.2736,0.2645,0.2763,0.5578,0.6546,5.8741
80000000,251217796,349400,17,14,0,0,14,0.1392,0.1370,0.1401,0.1337,0.1348,0.1387,0.1327,0.1438,0.1353,0.2895,0.3068,0.1392,0.1371,0.1402,0.1366,0.3275,2.7122
80200000,251344952,349389,19,14,1,0,17,0.0917,0.0886,0.1858,0.0884,0.0894,0.1848,0.1730,0.0952,0.0895,0.1816,0.1920,0.0914,0.1812,0.0900,0.0933,0.4354,2.3513
80400000,251456777,349384,17,14,1,0,10,0.2757,0.2654,0.2786,0.2625,0.2732,0.2764,0.2594,0.2780,0.2754,0.5657,0.5942,0.2784,0.2748,0.2763,0.2806,0.6536,5.3680
80600000,251635939,349262,19,14,0,0,3,0.1341,0.1318,0.1404,0.1256,0.1295,0.1405,0.1267,0.1382,0.1315,0.2573,0.2736,0.1334,0.1317,0.1328,0.1362,0.6527,2.9161
80800000,251812461,349442,23,14,0,0,18,0.2690,0.5235,0.5647,0.5107,0.5258,0.5547,0.5069,0.5539,0.2755,1.0490,1.1131,0.2711,0.5311,0.2710,0.5469,1.9726,10.0394
81000000,252020889,349633,24,14,0,0,50,0.2708,0.2627,0.2749,0.2571,0.2617,0.2752,0.2536,0.2739,0.2696,0.5212,0.5527,0.2650,0.2657,0.5443,0.2813,0.6542,5.4840
81200000,252146364,349788,23,14,1,4,48,0.2751,0.2720,0.2755,0.2643,0.2661,0.2734,0.2516,0.2750,0.2747,0.5484,0.5785,0.2689,0.2671,0.2669,0.2776,0.6528,5.2881
81400000,252247165,349888,24,14,3,1,23,0.5585,0.2691,0.5627,0.2609,0.5378,0.5599,0.2654,0.2797,0.5580,0.5320,1.1448,0.5394,0.5336,0.2727,0.2762,1.3084,8.4591
81600000,252319056,350017,26,17,1,2,55,0.1382,0.1388,0.1417,0.1319,0.1325,0.1359,0.1273,0.1463,0.1368,0.2797,0.8737,0.1361,0.1345,0.1361,0.1346,0.9855,3.9096
81800000,252380360,349971,22,17,1,0,18,0.2747,0.2663,0.2795,0.2624,0.2665,0.2785,0.2582,0.2805,0.2765,0.5615,0.5905,0.2802,0.2766,0.2860,0.2883,0.6544,5.3805
82000000,252541479,350051,18,14,0,2,47,0.2714,0.5341,0.2767,0.2605,0.2618,0.2737,0.2595,0.2764,0.2765,0.5304,0.5617,0.2784,0.5482,0.2718,0.2751,1.3115,6.4677
82200000,252596896,350013,16,15,0,2,4,0.5475,0.2715,0.2898,0.2554,0.5208,0.2719,0.2658,0.5614,0.5472,1.0858,1.1499,0.2754,0.2696,0.2686,0.5461,0.6545,7.7812
82400000,252616624,350005,15,16,0,1,23,0.2781,0.2698,0.2777,0.2692,0.2694,0.2805,0.2661,0.2872,0.2777,1.6386,0.5891,0.2789,0.2692,0.2815,0.2838,0.6555,6.4724
82600000,252607657,350015,13,17,0,1,3,0.2759,0.2662,0.2822,0.2730,0.2738,0.2863,0.2613,0.2753,0.2743,0.5829,0.6108,0.2819,0.2714,0.2814,0.2853,0.6557,5.4375
82800000,252721966,349982,12,17,0,0,2,0.2736,0.2636,0.2731,0.2636,0.2649,0.2762,0.2510,0.2729,0.2665,0.5290,0.5583,0.2779,0.2739,0.2784,0.2850,1.3270,5.9348
83000000,252855807,350065,12,17,1,1,1,0.1383,0.1340,0.1385,0.1317,0.1337,0.1368,0.1315,0.1394,0.1329,0.2644,0.2811,0.1335,0.2755,0.1428,0.1376,0.3289,2.7807
83200000,252971977,350103,13,17,1,0,5,0.2770,0.2608,0.5568,0.2585,0.2706,0.2772,0.2671,0.2841,0.5295,0.5580,0.5898,0.2729,0.2793,0.5481,0.5541,0.6551,6.4391
83400000,253094301,350061,14,19,0,1,6,0.2820,0.2686,0.2844,0.5302,0.2644,0.2749,0.2624,0.5643,0.2699,1.1019,1.1613,0.2792,0.2737,0.2808,0.2784,0.6533,7.0296
83600000,253171058,350158,15,22,0,0,5,0.1400,0.1373,0.1386,0.1333,0.1337,0.1417,0.1326,0.1435,0.1364,0.2780,0.2949,0.2785,0.2722,0.1371,0.2797,0.3261,3.1037
83800000,253265355,350145,20,21,0,1,47,0.0934,0.0926,0.0958,0.1759,0.0920,0.0918,0.0878,0.0934,0.0952,0.1873,0.1972,0.0914,0.2708,0.0922,0.0932,0.4365,2.2866
84000000,253400351,350194,22,14,1,4,38,0.2756,0.2663,0.5615,0.2577,0.2667,0.5479,0.2649,0.5551,0.2684,1.1017,1.1623,0.5512,0.2663,0.2726,0.2710,0.6541,7.5433
84200000,253466938,350202,21,15,0,6,35,0.2728,0.2791,0.2856,0.2725,0.2632,0.2806,0.2611,0.2808,0.2766,0.5577,0.5881,0.2751,0.2728,0.2792,0.2788,0.6554,5.3794
84400000,253621466,350388,24,21,2,3,30,0.2817,0.5299,0.5606,0.2646,0.2627,0.2771,0.5045,0.2782,0.5516,0.5361,1.1460,0.2609,0.2586,0.2706,0.5656,1.3008,7.8495
84600000,253697639,350459,25,22,0,3,28,0.5597,0.2770,0.8540,0.5326,0.5305,0.5577,0.7687,0.2771,0.2739,0.5547,1.7365,0.5365,0.2756,0.2708,0.2755,0.6557,8.9363
84800000,253747457,350464,22,22,2,3,24,0.2769,0.2725,0.2719,0.7956,0.2666,0.2787,0.2558,0.2790,0.5488,0.5542,0.5824,0.2680,0.2700,0.2724,0.2707,0.6546,6.1181
85000000,253845189,350464,21,22,1,1,34,0.2732,0.2608,0.2763,1.0619,0.5357,0.5548,0.2548,0.2780,0.8269,1.1095,1.1708,0.5513,0.5444,0.2783,0.5447,0.6558,9.1771
85200000,253915773,350480,19,22,2,0,13,0.2759,0.2633,0.1414,0.1354,0.3986,0.1383,0.2543,0.1456,0.1402,0.2764,0.2898,0.1388,0.1382,0.1398,0.1383,0.6548,3.6691
85400000,254002081,350477,17,22,0,2,8,0.2749,0.2709,0.2841,0.2634,0.2713,0.2813,0.2578,0.2820,0.2709,0.5400,0.5690,0.2723,0.2710,0.2783,0.2851,0.6534,5.3258
85600000,254107769,350572,19,22,1,0,7,0.2756,0.2661,0.2812,0.2652,0.2739,0.2865,0.5157,0.5652,0.5528,0.5426,1.1512,0.2779,0.5414,0.2761,0.2780,0.6549,7.0041
85800000,254230867,350545,23,22,3,1,12,0.2767,0.2643,0.2783,0.2627,0.5411,0.5538,0.2627,0.2868,0.2752,1.0956,1.7287,0.2600,0.2739,0.2828,0.2764,0.6553,7.5742
86000000,254316077,350537,22,22,3,0,16,0.2788,0.2636,0.2913,0.2631,0.2684,0.8209,0.5274,0.2817,0.2737,0.5721,0.6036,0.5382,0.2729,0.2688,0.5635,0.6556,6.7435
86200000,254388538,350560,19,22,1,2,24,0.2751,0.2617,0.1371,0.2602,0.1340,0.5444,0.1264,0.1344,0.1388,0.2935,0.6105,0.1364,0.1332,0.1378,0.1412,0.6558,4.1205
86400000,254463221,350615,20,22,0,1,7,0.2782,0.2664,0.2720,0.2601,0.2643,0.2777,0.2674,0.2815,0.2683,0.5495,0.5784,0.2844,0.2737,0.2771,0.2893,0.6545,5.3430
86600000,254502982,350639,21,22,1,2,15,0.2808,0.2720,0.2776,0.2667,0.2764,0.2904,0.2706,0.2779,0.2758,0.5666,0.5989,0.2734,0.2690,0.2766,0.5815,0.6557,5.7099
86800000,254610663,350615,27,15,1,4,44,0.2771,0.5393,0.5552,0.2649,0.2646,0.2694,0.2693,0.2772,0.2744,0.5482,0.5777,0.2692,0.2715,0.2706,0.2743,0.6557,5.8586
87000000,254736826,350724,32,15,2,3,99,0.2782,0.2735,0.2703,0.2641,0.2669,0.2779,0.2504,0.2748,0.2789,0.5221,0.5531,0.2815,0.2707,0.2800,0.2806,0.6532,5.2761
87200000,254792960,350759,33,15,0,3,32,0.2777,0.2706,0.2761,0.2614,0.2672,0.2788,0.2585,0.2830,0.2798,0.5498,0.5794,0.2711,0.2826,0.2773,0.2792,0.6565,5.3487
87400000,254839132,350695,34,9,1,6,114,0.2683,0.2671,0.2790,0.5271,0.2657,0.2766,0.2632,0.2746,0.2677,0.5626,0.5947,0.2707,0.2713,0.2750,0.5681,0.6554,5.8870
87600000,254908345,350715,34,9,1,4,126,0.1391,0.1371,0.1418,0.1319,0.1318,0.1445,0.1308,0.1368,0.1405,0.2729,0.2884,0.1389,0.1378,0.1402,0.1439,0.3318,2.6881
87800000,254980402,350735,31,9,2,6,72,0.0943,0.0881,0.0939,0.0858,0.0870,0.0928,0.0867,0.0936,0.0936,0.1850,0.1959,0.0901,0.0908,0.0917,0.0931,0.4399,2.0024
88000000,255061829,350782,38,10,0,4,63,0.2804,0.2717,0.2786,0.2611,0.2660,0.2824,0.2642,0.2894,0.2683,0.5467,0.5771,0.2665,0.2801,0.5503,0.5638,0.6567,5.9033
88200000,255221585,350769,39,10,0,3,63,0.2734,0.2578,0.2682,0.2594,0.2639,0.2816,0.2553,0.2742,0.2823,1.0749,1.1378,0.5479,0.2722,0.2730,0.2806,0.6572,6.6597
88400000,255244351,350826,36,11,2,6,65,0.2783,0.2746,0.2767,0.2620,0.2639,0.2792,0.2601,0.2772,0.2686,0.5834,0.6143,0.2802,0.2712,0.2815,0.2823,0.6568,5.4102
88600000,255291865,350729,35,12,3,1,34,0.1392,0.1353,0.1430,0.1358,0.1337,0.1412,0.1338,0.1366,0.1394,0.2697,0.2863,0.1426,0.1393,0.2757,0.1431,0.6569,3.1515
88800000,255304045,350647,34,16,3,2,17,0.5560,0.5300,0.5751,0.5330,0.2764,0.5695,0.5293,0.5581,0.5539,0.5537,1.1526,0.5635,0.2835,0.2778,0.2786,0.6559,8.4471
89000000,255344150,350641,30,10,0,1,27,0.1392,0.4001,0.1421,0.3990,0.1328,0.4252,0.3955,0.1449,0.4167,0.2851,0.3018,0.4239,0.1380,0.1425,0.1399,0.6557,4.6824
89200000,255453643,350587,28,10,2,2,13,0.2726,1.0733,0.5717,1.0778,0.5378,0.2836,0.2593,0.2823,1.1188,1.1152,0.5690,0.2675,0.2664,0.2823,0.5617,1.9901,10.5293
89400000,255473863,350652,29,10,1,2,7,0.2842,1.3547,0.2893,0.2679,0.2750,0.2855,0.2622,0.2778,0.2834,0.5512,0.5804,0.2868,0.2732,0.2751,0.8539,0.6569,7.0574
89600000,255491740,350631,31,10,0,1,3,0.2772,0.2679,0.2845,0.2673,0.2680,0.2867,0.2662,0.2821,0.2784,1.1153,0.6144,0.2790,0.2668,0.2751,1.1049,0.6560,6.7899
89800000,255498482,350710,32,10,0,0,6,0.2744,0.2707,0.2755,0.2725,0.2662,0.2787,0.2637,0.2746,0.2805,0.5695,0.5990,0.2736,0.2748,0.2801,0.2930,0.6556,5.4024
90000000,255610528,350829,30,10,0,3,9,0.1369,0.1377,0.1348,0.1320,0.1325,0.1363,0.1280,0.1372,0.1401,0.2598,0.2763,0.1369,0.1351,0.1389,0.1346,0.6556,2.9525
90200000,255642507,350856,32,10,0,5,15,0.2810,0.2673,0.2790,0.2693,0.2629,0.5601,0.5186,0.5558,0.2779,1.0905,0.5967,0.5524,0.5390,0.2791,0.5657,1.9798,8.8750
90400000,255648186,350822,40,11,1,9,22,0.2760,0.2669,0.2789,0.2669,0.2732,0.2869,0.2619,0.2791,0.2829,0.5710,0.6038,0.2715,0.2716,0.2770,0.2849,0.6563,5.4089
90600000,255790534,350888,39,11,2,3,25,0.5550,0.2676,0.2730,0.2643,0.5416,0.2711,0.2577,0.2796,0.5541,0.5372,0.5683,0.2808,0.2739,0.2715,0.5613,1.3059,7.0628
90800000,255912349,350970,36,12,1,1,15,0.1404,0.1306,0.1377,0.2592,0.1351,0.2751,0.2583,0.1367,0.1370,0.2687,0.2843,0.1349,0.1350,0.1355,0.4201,0.9826,3.9714
91000000,256043703,350897,41,14,3,6,47,0.2776,0.5286,0.2766,0.2671,0.2718,0.2730,0.7679,0.2837,0.2774,0.5586,0.5919,0.2712,0.2689,0.5444,0.2789,2.5975,8.3351
91200000,256072733,351016,39,14,1,2,31,0.2786,0.7981,0.2776,0.2646,0.2613,0.2756,1.0282,0.2747,0.2734,0.5780,0.6079,0.2864,0.2704,0.2796,0.5655,0.6549,6.9747
91400000,256117195,350940,36,14,5,0,35,0.2774,0.2662,0.2830,0.2657,0.2693,0.2841,0.2640,0.2835,0.2773,0.5753,0.6064,0.5581,0.2698,0.2736,0.2705,0.6564,5.6805
91600000,256194191,350902,34,14,2,1,10,0.2761,0.1339,0.2847,0.1312,0.1346,0.1409,0.1313,0.1443,0.1413,0.5553,0.2866,0.1385,0.1341,0.1398,0.2703,0.3305,3.3733
91800000,256321532,351019,37,14,2,2,10,0.2780,0.5317,0.8466,0.2670,0.2740,0.5621,0.5183,0.2803,0.2787,0.5292,0.5598,0.2702,0.2789,0.2763,0.8097,0.6536,7.2143
92000000,256417320,351065,36,14,5,1,6,0.2829,0.2740,1.1409,0.2645,0.2677,0.2721,0.2507,0.2731,0.2821,1.0691,1.1353,0.2773,0.2704,0.2742,0.2760,0.6543,7.2645
92200000,256427966,351055,34,14,2,0,9,0.2852,0.2734,0.2853,0.2696,0.2631,0.2872,0.5114,0.2946,0.2846,0.5733,0.6039,0.2741,0.2676,0.5495,0.2830,1.3040,6.6098
92400000,256544704,351039,37,14,1,0,9,0.2761,0.2633,0.5636,0.2644,0.5250,0.2737,0.7780,0.5806,0.5737,1.1479,0.6044,0.5516,0.2726,0.8367,0.2758,1.9649,9.7523
92600000,256643729,351144,36,14,2,2,8,0.2762,0.2641,0.2809,0.2650,0.2712,0.2729,0.2605,0.2873,0.2735,0.5245,0.5560,0.2780,0.2681,0.2835,0.2739,0.6549,5.2903
92800000,256703141,351127,36,14,1,0,11,0.2807,0.2753,0.2801,0.2689,0.2724,0.2898,0.5195,0.2793,0.2813,0.5338,0.5656,0.2761,0.2688,0.2736,0.5523,0.6566,5.8740
93000000,256827666,351178,34,14,2,3,25,0.5623,0.5506,0.2822,0.2642,0.2653,0.2766,0.7878,0.2719,0.2723,0.5199,0.5528,0.2714,0.2684,0.2788,0.2746,0.6545,6.3538
93200000,256889827,351207,33,14,1,1,8,0.1384,0.1348,0.1412,0.1283,0.1317,0.2773,0.1319,0.1399,0.1369,0.2808,0.2974,0.1408,0.1375,0.1391,0.1455,0.6559,3.1574
93400000,256981254,351272,35,14,1,1,16,0.2749,0.2734,0.2768,0.5127,0.5185,0.8038,0.5175,0.2805,0.5417,1.0781,1.1408,0.2813,0.2693,0.2674,0.2848,1.9101,9.2315
93600000,257100454,351338,36,14,1,1,28,0.5687,0.2665,0.2847,0.2718,0.2684,0.2765,0.7954,0.2770,0.8287,0.5236,0.5563,0.2765,0.2724,0.2742,0.5736,2.6360,8.9503
93800000,257184619,351400,43,17,4,1,92,0.2788,0.2652,0.2837,0.2720,0.2666,0.2775,0.2567,0.2694,0.2768,0.5523,0.5827,0.2778,0.2671,0.2815,0.2856,0.6552,5.3488
94000000,257288869,351440,45,19,1,1,35,0.1366,0.1273,0.1369,0.1293,0.1328,0.1337,0.1328,0.1357,0.1397,0.2665,0.2816,0.1322,0.1381,0.1385,0.1310,0.6560,2.9486
94200000,257346114,351523,43,19,4,0,18,0.2803,0.5166,0.2798,0.5254,0.5361,0.2743,0.5254,0.2741,0.5517,1.0918,1.1518,0.2766,0.2680,0.2645,0.2798,0.6590,7.7555
94400000,257387565,351529,47,23,8,0,50,0.2778,0.2594,0.2844,0.7890,0.8106,0.2788,0.7915,0.2806,0.8279,0.5474,0.5805,0.2779,0.5354,0.2781,0.2874,1.3132,8.4197
94600000,257434900,351541,46,23,6,2,102,0.2754,0.2650,0.2836,0.2703,0.2707,0.2736,0.2673,0.2872,0.2772,0.5819,0.6123,0.2886,0.2775,0.2759,0.2781,0.6579,5.4425
94800000,257461369,351520,47,23,5,2,44,0.2781,0.5351,0.5594,0.2639,0.5388,0.5447,0.5291,0.5696,0.5432,0.5452,1.1817,0.2802,0.5469,0.5473,0.5540,0.6570,8.6741
95000000,257437287,351524,46,23,7,1,19,0.2799,0.2646,0.8215,0.2718,0.2834,0.2802,0.2670,0.2846,0.8069,0.5891,1.7711,0.2853,0.2797,0.2739,0.8166,0.6588,8.2343
95200000,257483381,351569,43,23,1,4,18,0.5584,0.2729,0.2832,0.2638,0.5534,0.2734,0.2635,0.2723,1.0923,0.5191,2.3268,0.5601,0.2721,0.5627,1.1000,0.6582,9.8322
95400000,257521953,351575,43,23,2,3,24,0.2807,0.2645,0.2792,0.2685,0.2745,0.2755,0.2642,0.2816,0.2715,0.5747,0.6061,0.2694,0.2776,0.2836,0.2870,0.6587,5.4173
95600000,257627306,351669,40,23,0,0,20,0.5613,0.2734,0.2764,0.2610,0.2682,0.5595,0.2623,0.2768,0.2706,0.5559,1.2018,0.5459,0.2665,0.2720,0.2724,1.3267,7.4508
95800000,257713435,351482,40,23,1,0,17,0.1415,0.1371,0.1406,0.1339,0.1378,0.4177,0.2649,0.1383,0.2723,0.2783,0.2943,0.1372,0.1376,0.1355,0.2729,0.9915,4.0314
96000000,257751369,351400,41,23,5,0,194,0.2763,0.2671,0.2834,0.2695,0.2674,0.2859,0.7922,0.2834,0.8198,1.1122,0.5898,0.5473,0.2707,0.2746,0.2867,0.6598,7.2859
96200000,257834259,351502,40,23,1,2,30,0.1420,0.1347,0.1388,0.1321,0.1363,0.1425,0.1296,0.1397,0.1363,0.2734,0.2880,0.1402,0.1368,0.1385,0.1386,0.3280,2.6753
96400000,257917164,351455,38,23,2,1,5,0.2821,0.2644,0.5571,0.2676,0.2736,0.5663,0.2626,0.2795,0.2813,0.5500,0.5786,0.2658,0.5397,0.2701,0.5559,0.6573,6.4518
96600000,257986321,351469,39,23,1,0,27,0.2793,0.2643,0.2775,0.2660,0.2627,0.2771,0.2697,0.2813,0.2741,1.0919,0.5731,0.2790,0.2720,0.2752,0.8345,0.6569,6.4349
96800000,258034953,351398,42,14,1,1,21,0.2833,0.2707,0.2924,0.2751,0.2740,0.2781,0.2640,0.2801,0.2764,0.5687,0.6016,0.2818,0.2737,0.2808,0.2861,0.6562,5.4431
97000000,258048435,351279,40,14,1,2,10,0.2823,0.2724,0.2829,0.2706,0.2759,0.2751,0.2532,0.5533,0.2803,0.5562,0.5897,0.2849,0.5395,0.2731,0.5756,0.6581,6.2230
97200000,258198188,351453,41,14,0,7,15,0.5647,0.2719,0.2688,0.5350,0.5448,0.2771,0.5175,0.8322,0.5574,1.1106,1.1751,0.2840,0.8076,0.5412,0.2795,1.3160,9.8834
97400000,258163673,351502,39,15,2,0,410,0.2832,0.2710,0.5536,0.2661,0.8296,0.2812,0.2631,1.1226,0.8536,1.7075,1.8039,0.2815,1.0974,0.8276,0.2886,0.6582,11.3888
97600000,258254040,351519,39,15,1,3,39,0.2751,0.2655,0.2757,0.2612,0.2633,0.2851,0.2668,0.2723,0.2840,0.5670,0.5984,0.2746,0.2727,0.2731,0.2776,1.3073,6.0196
97800000,258297273,351451,39,15,1,1,28,0.2789,0.2647,0.2857,0.2624,0.2713,0.2705,0.2602,0.2776,0.2742,0.5645,0.5945,0.2654,0.2607,0.2751,0.2819,0.6573,5.3450
98000000,258221215,351558,41,15,1,3,94,0.2790,0.2665,0.2847,0.5209,0.2714,0.2809,0.2670,0.5560,0.2813,1.1239,1.1880,0.2841,0.5288,0.2849,0.5701,0.6578,7.6453
98200000,258265331,351643,43,15,1,3,13,0.2861,0.2638,0.2780,0.2623,0.2754,0.2765,0.2534,0.2808,0.2815,0.5526,0.5831,0.2774,0.2649,0.2688,0.2813,0.6576,5.3435
98400000,258317029,351555,43,16,2,3,32,0.1410,0.1288,0.1408,0.2640,0.1340,0.1395,0.2573,0.1390,0.1365,0.5577,0.5878,0.1376,0.1360,0.2724,0.1416,0.3269,3.6410
98600000,258390558,351543,42,18,3,2,91,0.2807,0.2737,0.2824,0.2649,0.2648,0.2855,0.2621,0.2883,0.2734,0.5310,0.5597,0.2807,0.2705,0.2806,0.2740,0.6586,5.3307
98800000,258393027,351518,44,18,0,1,70,0.1359,0.1322,0.1422,0.1301,0.1327,0.1362,0.1316,0.1349,0.1390,0.2727,0.2881,0.1371,0.1335,0.1381,0.1374,0.6580,2.9795
99000000,258393357,351456,45,17,0,1,29,0.2780,0.2711,0.2834,0.2637,0.2704,0.2848,0.5200,0.2858,0.5493,1.0911,1.1533,0.2813,0.2691,0.5495,0.2932,0.6598,7.3036
99200000,258478885,351578,41,15,2,2,25,0.1388,0.2711,0.2819,0.2621,0.1320,0.2843,0.1286,0.1377,0.1339,0.2668,0.8685,0.1360,0.1307,0.1361,0.1391,0.6582,4.1059
99400000,258486435,351609,44,15,5,3,32,0.1856,0.0887,0.0889,0.2637,0.1776,0.2811,0.1698,0.1841,0.0933,0.1919,0.2010,0.0883,0.0867,0.1866,0.0943,0.6582,3.0397
99600000,258440926,351554,46,15,3,0,136,0.2093,0.0690,0.1365,0.2646,0.2008,0.2813,0.0657,0.0690,0.1378,0.1473,0.3053,0.0679,0.1355,0.2110,0.0717,0.6580,3.0308
99800000,258482595,351538,43,15,2,0,24,0.0563,0.0526,0.0551,0.0532,0.0522,0.0567,0.0527,0.0577,0.0561,0.1146,0.1208,0.0566,0.0533,0.0557,0.0569,0.6581,1.6084
100000000,258499177,351559,40,15,3,1,24,0.0462,0.0453,0.0452,0.0436,0.0457,0.0933,0.0867,0.0480,0.0453,0.0932,0.0984,0.0946,0.0444,0.0463,0.0472,0.6581,1.5816
lockTime-gtodTime=209116830
that is 209 seconds

real	4m25.458s
user	17m3.767s
sys	0m17.335s
