200000,5609528,10764,0,1,0,0,0,0.0203,0.0223,0.0262,0.0249,0.0257,0.0289,0.0250,0.0298,0.0287,0.1164,0.1170,0.0263,0.0270,0.0277,0.0350,0.0146,0.5958
400000,10856059,22965,0,1,0,0,0,0.0253,0.0302,0.0331,0.0286,0.0283,0.0332,0.0317,0.0355,0.0321,0.1217,0.1220,0.0333,0.0316,0.0318,0.0351,0.0228,0.6762
600000,15756616,35210,0,2,0,0,0,0.0229,0.0273,0.0290,0.0249,0.0255,0.0280,0.0266,0.0299,0.0267,0.0939,0.0943,0.0273,0.0278,0.0278,0.0308,0.0256,0.5683
800000,20425042,47119,0,2,0,0,0,0.0200,0.0232,0.0250,0.0216,0.0224,0.0232,0.0218,0.0250,0.0238,0.0722,0.0728,0.0237,0.0248,0.0242,0.0246,0.0261,0.4746
1000000,24896458,58642,0,2,0,0,0,0.0194,0.0203,0.0212,0.0193,0.0211,0.0218,0.0214,0.0212,0.0213,0.0595,0.0605,0.0215,0.0202,0.0215,0.0216,0.0260,0.4179
1200000,29167629,69483,0,2,0,0,0,0.0952,0.0984,0.2072,0.0966,0.1041,0.1093,0.1016,0.1073,0.1058,0.2831,0.2870,0.1034,0.1067,0.2002,0.1115,0.1410,2.2585
1400000,33398189,80366,0,2,1,0,2,0.1930,0.1048,0.1114,0.1062,0.2064,0.1171,0.2042,0.1121,0.1124,0.2882,0.2949,0.1146,0.2166,0.1105,0.2255,0.1608,2.6788
1600000,37309661,90469,0,2,0,0,0,0.1126,0.1199,0.1190,0.2196,0.3219,0.1228,0.1208,0.2372,0.1226,0.5984,0.6109,0.2391,0.1208,0.1201,0.1202,0.1801,3.4859
1800000,41220376,100369,0,2,0,0,0,0.1194,0.1174,0.1257,0.1204,0.1213,0.1281,0.1279,0.1318,0.1271,0.3022,0.3106,0.1300,0.1250,0.1245,0.1284,0.1986,2.4384
2000000,44932204,109804,0,2,0,0,0,0.1266,0.1270,0.1394,0.1255,0.1316,0.1382,0.1282,0.1417,0.1336,0.6226,0.6385,0.1322,0.1293,0.1348,0.1403,0.4083,3.3980
2200000,48489158,118646,0,2,0,0,0,0.1322,0.1308,0.1401,0.1353,0.1354,0.1391,0.1340,0.1451,0.1400,0.9614,0.9883,0.1374,0.1383,0.1377,0.1366,0.2296,3.9611
2400000,51946991,127120,0,2,0,0,0,0.2695,0.2696,0.2826,0.2706,0.2732,0.2860,0.1349,0.2928,0.2784,1.2574,1.2940,0.2780,0.1435,0.2781,0.1443,0.4728,6.2258
2600000,55274009,135290,1,3,0,0,0,0.1445,0.4136,0.1502,0.4112,0.4172,0.4335,0.1445,0.4439,0.1548,1.5677,1.6157,0.4225,0.2902,0.4226,0.1517,0.2608,7.4446
[EVENT] Viable replicators have appeared!
2800000,58470552,143062,2,4,0,0,2,0.0734,0.2821,0.0776,0.2799,0.0743,0.2945,0.0718,0.0770,0.0748,0.9540,0.9858,0.0774,0.0763,0.2892,0.0744,0.1357,3.8980
3000000,61519211,150834,1,4,0,0,1,0.1023,0.0513,0.0571,0.2385,0.0548,0.2491,0.0530,0.1089,0.0544,0.7463,0.1197,0.0543,0.0539,0.0543,0.0539,0.1864,2.2383
3200000,64559478,157994,0,2,0,0,0,0.4667,0.3140,0.1695,0.8715,0.1635,0.1722,0.1567,0.1708,0.3301,2.5717,0.7140,0.3300,0.3278,0.1610,0.1648,0.8561,7.9405
[EVENT] Viable replicators have gone extinct. Please reserve a moment of silence.
3400000,67574980,165011,0,2,0,0,0,0.1652,0.1602,0.1718,0.1571,0.1616,0.1693,0.1618,0.1725,0.1676,0.3378,0.3531,0.1699,0.1603,0.1650,0.1636,1.1686,4.0053
3600000,70410876,171627,0,2,0,0,0,0.1720,0.1713,0.1743,0.1651,0.1675,0.1772,0.1681,0.1765,0.1733,0.3508,0.3650,0.1715,0.1713,0.1760,0.3388,0.3201,3.4388
3800000,73257590,178040,0,2,0,0,0,0.3416,0.3367,0.3534,0.1666,0.1708,0.1744,0.3357,0.3479,0.3493,0.3375,0.3542,0.3428,0.3383,0.1713,0.1732,0.6473,4.9411
4000000,75996903,183981,1,3,0,0,4,0.0882,0.2568,0.0898,0.1683,0.1710,0.0889,0.0839,0.2647,0.2654,0.1742,0.1825,0.0873,0.0885,0.0876,0.0863,0.4964,2.6796
[EVENT] Viable replicators have appeared!
4200000,78691565,189859,1,3,0,0,0,0.1194,0.2296,0.1210,0.0587,0.1738,0.1203,0.1141,0.0610,0.0606,0.2366,0.2479,0.1198,0.1190,0.0598,0.1184,0.4474,2.4076
4400000,81271168,195447,0,2,0,0,1,0.1834,0.1759,0.1880,0.3584,0.1804,0.1854,0.1747,0.3676,0.1920,0.3674,0.3823,0.1824,0.1819,0.1859,0.5357,0.3610,4.2024
[EVENT] Viable replicators have gone extinct. Please reserve a moment of silence.
4600000,83873176,200962,1,3,0,0,2,0.1839,0.3518,0.3806,0.1791,0.1846,0.1893,0.3571,0.1877,0.1860,0.7327,0.7647,0.1847,0.3665,0.1905,0.1856,0.7297,5.3544
[EVENT] Viable replicators have appeared!
4800000,86386648,206065,1,3,0,0,1,0.0925,0.0901,0.0947,0.0884,0.0899,0.0941,0.2700,0.0935,0.0957,0.5507,0.5762,0.0946,0.0942,0.0950,0.1877,0.5562,3.1634
5000000,88843174,210923,1,3,0,1,0,0.1261,0.0621,0.0660,0.0631,0.1222,0.1278,0.2409,0.1280,0.0666,0.1230,0.5132,0.1269,0.1268,0.0635,0.0665,0.4993,2.5220
5200000,91264196,215748,0,2,0,0,0,0.5640,0.1904,0.3973,0.3743,0.5520,0.2004,0.1850,0.1973,0.3896,0.7414,1.9104,0.1995,0.5666,0.1959,0.2000,1.8671,8.7312
[EVENT] Viable replicators have gone extinct. Please reserve a moment of silence.
5400000,93636625,220295,0,2,0,0,0,0.1959,0.1890,0.2011,0.1874,0.1894,0.1990,0.1894,0.2011,0.1973,1.1294,2.3327,0.1946,0.1928,0.1966,0.1940,0.4011,6.3907
5600000,95903992,224520,1,3,0,0,25,0.1975,0.1002,0.2032,0.1903,0.1929,0.1019,0.0958,0.2020,0.1978,0.1941,1.3636,0.1012,0.1967,0.1004,0.1015,0.2058,3.7450
[EVENT] Viable replicators have appeared!
5800000,98196318,228626,0,2,0,0,1,0.1987,0.0654,0.2025,0.0648,0.1950,0.0699,0.1298,0.2012,0.0693,0.1244,0.1321,0.1345,0.1971,0.0689,0.0679,0.2764,2.1980
[EVENT] Viable replicators have gone extinct. Please reserve a moment of silence.
6000000,100439026,232285,0,2,0,0,0,0.2056,0.1970,0.2061,0.1991,0.2017,0.2075,0.1933,0.2074,0.2014,0.7538,0.8005,0.2049,0.1980,0.2048,0.2014,0.4208,4.6031
6200000,102548163,236048,0,2,0,0,0,0.2086,0.2010,0.2086,0.1959,0.2007,0.2144,0.1989,0.2068,0.2075,0.3979,0.4193,0.4110,0.1993,0.2037,0.4089,0.8494,4.7319
6400000,104752706,239776,0,2,0,0,0,0.4146,0.3967,0.2115,0.3918,0.4049,0.4242,0.3975,0.2077,0.2072,0.7883,0.8296,0.6145,0.4056,0.2069,0.2046,0.4346,6.5400
6600000,106851269,243427,0,2,0,0,0,0.1077,0.1023,0.1094,0.1026,0.3050,0.1092,0.1050,0.2107,0.2079,0.5899,0.2118,0.1061,0.1027,0.2083,0.1062,0.4371,3.1217
6800000,108931773,246738,0,2,0,0,0,0.2087,0.2019,0.2137,0.2008,0.2018,0.2114,0.1988,0.2140,0.2125,0.3905,0.4142,0.2050,0.2050,0.2100,0.2079,0.4459,3.9420
7000000,110993606,249936,0,2,0,0,0,0.4200,0.2034,0.4283,0.2010,0.4099,0.2114,0.2011,0.2146,0.2160,0.4073,0.8438,0.4170,0.2106,0.4229,0.4191,0.9006,6.1271
7200000,112956435,252989,0,2,0,0,0,0.1061,0.1008,0.1077,0.2040,0.1060,0.2150,0.0994,0.2155,0.2160,0.4026,0.2099,0.1063,0.1042,0.1081,0.1078,0.6790,3.0884
7400000,114845833,255901,0,2,0,0,0,0.0728,0.0711,0.0764,0.0697,0.0720,0.0737,0.0697,0.0745,0.0733,0.1395,0.1465,0.0742,0.0732,0.0727,0.0740,0.6061,1.8393
7600000,116719949,258776,0,2,0,1,8,0.2194,0.2099,0.2217,0.2089,0.2134,0.2164,0.2112,0.4463,0.2157,0.4117,0.4347,0.2171,0.2180,0.2179,0.4424,0.4639,4.5684
7800000,118568679,261564,0,2,0,1,0,0.2192,0.2093,0.2213,0.2115,0.2152,0.2208,0.4252,0.6758,0.4387,0.8129,0.4160,0.2239,0.2091,0.2174,0.2155,0.4676,5.3992
8000000,120432699,264115,0,2,0,0,0,0.1103,0.1090,0.1134,0.2108,0.1100,0.1110,0.1081,0.1149,0.1138,0.2095,0.2223,0.1141,0.1101,0.1132,0.1129,0.4718,2.4554
8200000,122298065,266556,0,2,0,0,1,0.0721,0.0704,0.0739,0.0703,0.0710,0.0748,0.0705,0.0728,0.0736,0.1356,0.1434,0.0731,0.0709,0.0745,0.1477,0.1586,1.4531
8400000,124151186,268993,0,2,0,0,0,0.0555,0.0538,0.0569,0.0531,0.0549,0.0556,0.0527,0.0579,0.0561,0.1039,0.1101,0.0559,0.0547,0.0564,0.0569,0.1218,1.0563
8600000,125885828,271309,0,2,1,0,1,0.2282,0.2164,0.2251,0.4368,0.2171,0.2259,0.2041,0.2311,0.2177,0.8510,0.4552,0.2218,0.2193,0.2216,0.4586,0.9806,5.6106
8800000,127664523,273658,2,3,0,0,0,0.2250,0.1093,0.1147,0.3230,0.1121,0.1132,0.1100,0.1164,0.2204,0.2178,0.4551,0.2235,0.1118,0.1120,0.1151,0.2493,2.9286
[EVENT] Viable replicators have appeared!
9000000,129327946,275766,1,4,1,1,1,0.2264,0.4401,0.2251,0.2213,0.2172,0.2268,0.2116,0.2301,0.2247,0.8550,1.3628,0.2243,0.4492,0.2228,0.2276,0.4941,6.0592
9200000,131005132,278057,1,3,1,0,26,0.2270,0.6575,0.4565,0.2173,0.2216,0.2325,0.2188,0.4548,0.2285,0.4351,0.4580,0.2247,0.6675,0.2245,0.2206,0.4976,5.6424
9400000,132696580,280130,1,3,0,0,10,0.4545,0.2147,0.6777,0.4360,0.2202,0.2362,0.4291,0.2280,0.2284,0.8637,0.4613,0.4468,0.8770,0.4536,0.2329,0.5013,6.9613
9600000,134347930,281875,6,4,0,1,14,0.2325,0.2210,0.2301,0.2197,0.2237,0.2285,0.2187,0.2292,0.4532,1.2848,0.9116,0.2318,0.2257,0.2301,0.2232,0.5035,5.8676
9800000,135952999,283721,3,5,0,0,12,0.4627,0.2212,0.4656,0.4406,0.4476,0.2338,0.4392,0.2313,0.2377,1.7004,1.3549,0.2313,0.2296,0.4624,0.4533,0.5083,8.1197
10000000,137618237,285615,1,5,0,0,3,0.6989,0.2183,0.2274,0.2227,0.2219,0.4654,0.6591,0.4665,0.2306,2.1600,1.8353,0.2230,0.4511,0.2246,0.2257,0.5095,9.0400
10200000,139229709,287544,3,5,0,0,1,0.9252,0.4379,0.4565,0.4389,0.2224,0.6967,0.8701,0.6933,0.4611,0.4198,2.2728,0.4507,0.2258,0.4552,0.4566,1.0211,10.5042
10400000,140785463,289303,4,6,0,0,1,1.1726,0.6691,0.2317,0.2193,0.2205,0.9389,0.2165,0.9357,0.2290,0.8567,2.7677,0.2305,0.2275,0.6927,0.2322,0.5167,10.3573
10600000,142296909,291112,5,8,0,0,5,1.3976,0.8918,0.4594,0.2256,0.4468,1.1658,0.4314,0.2353,0.4576,0.4241,3.1963,0.2356,0.4497,0.9221,0.2269,0.5212,11.6871
10800000,143804801,292653,6,9,0,1,5,0.2323,0.2267,0.2372,0.2211,0.2315,0.2298,0.2196,0.2356,0.2357,0.4494,0.4749,0.2302,0.2321,0.2323,0.2345,1.0418,4.9647
11000000,145305125,294222,5,10,0,0,5,0.2372,0.2243,0.2411,0.4471,0.4668,0.2362,0.2217,0.4781,0.2351,0.8905,0.9439,0.4730,0.4628,0.4675,0.2363,0.5262,6.7880
11200000,146798348,295810,6,10,0,0,4,0.2356,0.2292,0.2363,0.2271,0.2269,0.2376,0.2163,0.2342,0.2327,1.3097,0.4602,0.2316,0.2342,0.2376,0.2379,0.5272,5.3144
11400000,148336039,297288,9,10,2,1,37,0.1180,0.1115,0.1171,0.2264,0.1118,0.2369,0.1103,0.1172,0.1185,0.2124,0.2278,0.1169,0.1133,0.2358,0.1166,0.5278,2.8182
11600000,149836544,298978,7,10,0,3,122,0.0805,0.0762,0.0797,0.2290,0.0792,0.0798,0.0754,0.0800,0.0803,0.1455,0.1550,0.0786,0.0771,0.0801,0.0814,0.1801,1.6577
11800000,151234733,300249,7,10,0,0,19,0.4828,0.2268,0.4837,0.2279,0.4723,0.4838,0.2275,0.4792,0.4790,0.8918,0.9464,0.2411,0.2320,0.4812,0.2437,0.5349,7.1338
12000000,152686558,301560,7,10,0,1,5,0.7354,0.4656,0.7288,0.2284,0.7145,0.2398,0.4575,0.7226,0.2366,1.3520,1.4346,0.2318,0.2291,0.2386,0.4814,0.5363,9.0330
12200000,154084156,302864,8,10,4,4,12,0.1229,0.1163,0.1199,0.1147,0.1190,0.1245,0.1133,0.1204,0.1221,0.2254,0.2399,0.1188,0.1181,0.1223,0.1213,0.2740,2.2928
12400000,155349627,304059,6,10,0,2,5,0.2405,0.4605,0.4827,0.2305,0.4671,0.4852,0.2277,0.2427,0.2385,0.4613,0.4851,0.2398,0.2308,0.2343,0.2455,1.0867,6.0589
12600000,156642690,305308,6,10,1,0,16,0.2398,0.2371,0.2396,0.2298,0.2342,0.2414,0.2288,0.2458,0.2425,0.4663,0.4929,0.2379,0.2369,0.2329,0.2454,0.5431,4.5945
12800000,157909442,306565,7,10,0,0,7,0.2456,0.2311,0.2418,0.2277,0.2388,0.2441,0.2282,0.2420,0.2434,0.4544,0.4833,0.2438,0.2369,0.2418,0.4967,0.5462,4.8457
13000000,159279091,307653,5,10,0,5,14,0.2429,0.2279,0.4758,0.2314,0.2375,0.2377,0.2255,0.2426,0.2446,0.8915,0.4716,0.2336,0.2333,0.2460,0.7277,0.5465,5.7159
13200000,160500000,308712,5,10,0,1,5,0.4818,0.4589,0.2459,0.2317,0.2392,0.2481,0.2256,0.4850,0.2475,0.4585,0.4841,0.2409,0.2398,0.2428,0.9684,1.0921,6.5902
13400000,161743522,309809,6,10,0,0,2,0.1210,0.1145,0.1229,0.1159,0.1176,0.1217,0.1125,0.1205,0.1232,0.2296,0.2437,0.1194,0.1180,0.1180,0.1243,0.2747,2.2976
13600000,162983056,310838,7,10,1,0,5,0.2426,0.2362,0.2441,0.2370,0.2365,0.2474,0.2333,0.2420,0.2493,0.4566,0.4855,0.2376,0.2331,0.2464,0.2432,0.5522,4.6229
13800000,164213906,311987,15,10,3,3,20,0.1187,0.1181,0.1193,0.1154,0.1173,0.1201,0.1140,0.1212,0.1196,0.2332,0.2454,0.1196,0.1188,0.1204,0.2439,0.2751,2.4202
14000000,165467502,313136,13,10,2,1,21,0.2477,0.4677,0.4798,0.2340,0.4705,0.2473,0.2281,0.4811,0.2446,0.9113,0.4786,0.2404,0.4720,0.2394,0.7234,1.1002,7.2661
14200000,166788556,314297,11,10,2,0,17,0.1208,0.1168,0.3628,0.2302,0.1181,0.1220,0.2288,0.1245,0.2435,0.6761,0.2344,0.2404,0.3549,0.1188,0.1236,0.8284,4.2440
14400000,167920009,315118,10,10,0,0,2,0.2445,0.2310,0.9966,0.2345,0.2379,0.2416,0.2342,0.5058,0.7443,0.4461,0.9567,0.7369,0.9637,0.2476,0.4970,0.5578,8.0761
14600000,169065430,315964,11,10,1,1,16,0.1244,0.1169,0.1263,0.1185,0.1205,0.1218,0.1161,0.1252,0.1202,0.2297,0.2436,0.1229,0.1178,0.1227,0.1270,0.2779,2.3316
14800000,170115638,316880,9,9,1,1,17,0.2480,0.2404,0.2487,0.2355,0.2433,0.2524,0.2404,0.2499,0.2468,0.4765,0.5075,0.2458,0.2441,0.2497,0.2593,0.5644,4.7527
15000000,171269477,317645,8,9,2,0,2,0.2496,0.2391,0.2481,0.2374,0.2416,0.5015,0.4655,0.2495,0.4969,0.9324,0.9904,0.2472,0.2425,0.2429,0.2520,0.5629,6.3994
15200000,172320384,318344,10,9,0,0,4,0.2506,0.2403,0.2507,0.2423,0.2450,0.2534,0.2370,0.2513,0.2574,1.4020,1.4921,0.2499,0.4917,0.2484,0.2463,0.5640,6.9224
15400000,173384517,319196,10,11,0,0,3,0.2482,0.2415,0.5022,0.2387,0.2418,0.2474,0.4680,0.2536,0.2473,0.4861,0.5111,0.2478,0.7357,0.2439,0.4910,0.5649,5.9694
15600000,174484107,320017,11,14,0,2,7,0.1247,0.1202,0.1288,0.1226,0.2432,0.1274,0.3505,0.2526,0.1254,0.4771,0.5035,0.2493,0.4923,0.2487,0.1275,0.5662,4.2597
15800000,175547671,321000,9,15,0,3,4,0.1672,0.0810,0.0858,0.1632,0.0805,0.0849,0.0786,0.2533,0.0826,0.1565,0.1663,0.2480,0.4087,0.0854,0.0846,0.1911,2.4177
16000000,176626807,321724,10,16,0,2,10,0.0620,0.0598,0.0613,0.1809,0.0599,0.0631,0.1189,0.0614,0.0621,0.2357,0.1251,0.2475,0.0596,0.0619,0.0613,0.2857,1.8061
16200000,177666890,322484,11,19,0,2,3,0.2483,0.2389,0.2491,0.2413,0.2443,0.2509,0.2369,0.2474,0.2471,0.4656,0.4946,0.2500,0.2467,0.2506,0.2506,0.5704,4.7326
16400000,178742604,323215,9,19,0,3,2,0.1262,0.1181,0.1230,0.1187,0.1191,0.1251,0.1171,0.1257,0.1246,0.2280,0.2428,0.1232,0.1217,0.1239,0.1241,0.2859,2.3473
16600000,179819723,323914,10,19,0,0,2,0.2478,0.2441,0.2508,0.2396,0.2383,0.2499,0.2392,0.2500,0.2473,0.4697,0.9862,0.2461,0.2478,0.2534,0.2477,0.5736,5.2314
16800000,180893325,324646,10,5,0,0,1,0.1262,0.1210,0.1281,0.1218,0.1210,0.1240,0.1196,0.2503,0.1258,0.4651,0.2455,0.2459,0.1222,0.2526,0.1266,0.5731,3.2688
17000000,181825405,325216,9,5,1,2,3,0.2568,0.2455,0.2550,0.4859,0.2455,0.2529,0.2357,0.2578,0.2563,0.4722,0.9934,0.2508,0.2472,0.2627,0.5104,0.5766,5.8049
17200000,182772180,325724,11,7,0,2,3,0.2496,0.2436,0.2554,0.2430,0.2475,0.2564,0.2392,0.2614,0.2557,0.4730,0.5024,0.2518,0.2500,0.2540,0.7681,1.1515,5.9024
17400000,183754630,326357,10,7,0,4,9,0.4973,0.4861,0.5067,0.2425,0.2401,0.5079,0.2395,0.2574,0.2569,0.4822,0.5098,0.5002,0.4933,0.5007,1.0149,1.7122,8.4475
17600000,184684698,326833,8,5,0,1,0,0.7525,0.7352,0.7643,0.2390,0.2465,0.7646,0.4842,0.2552,0.2520,0.9809,1.0352,0.2506,0.2505,0.2542,0.2542,2.2943,9.8135
17800000,185692687,327421,9,12,3,3,9,0.1256,0.1203,0.1251,0.2377,0.1207,0.1268,0.1203,0.1276,0.1249,0.2389,0.2528,0.2499,0.1228,0.1277,0.1290,1.4358,3.7860
18000000,186646821,328021,10,12,1,1,2,0.5033,0.2474,0.5105,0.7176,0.2518,0.5088,0.4845,0.2568,0.2519,0.9667,0.5178,0.2500,0.2491,0.2596,0.2628,0.5802,6.8189
18200000,187639885,328585,10,13,0,3,5,0.1256,0.2482,0.1282,0.1194,0.1212,0.3814,0.1195,0.2560,0.1277,0.7143,0.2457,0.1233,0.1203,0.1302,0.2587,0.2899,3.5098
18400000,188645467,329088,10,13,1,1,9,0.0835,0.2475,0.0850,0.0808,0.0819,0.0848,0.1617,0.0852,0.1686,0.1609,0.3339,0.1644,0.0818,0.0847,0.2569,0.3876,2.5491
18600000,189586344,329853,11,13,3,3,23,0.5115,0.2476,0.2496,0.2376,0.4928,0.5137,0.2455,0.2572,0.7629,0.4704,0.5005,0.7490,0.4945,0.5090,0.2561,1.7581,8.2559
18800000,190414781,330400,11,13,0,2,2,0.2616,0.2500,0.2601,0.2444,0.2500,0.2562,0.2502,0.2622,0.2524,0.4968,0.5252,0.2508,0.2556,0.2518,0.2676,0.5856,4.9206
19000000,191331250,330748,12,13,1,8,38,0.1272,0.1210,0.1296,0.1220,0.1236,0.2538,0.1208,0.2580,0.1268,0.4878,0.5153,0.1255,0.1240,0.2537,0.1266,0.2936,3.3095
19200000,192183574,331237,12,13,0,4,19,0.0863,0.0854,0.1710,0.1647,0.0839,0.2550,0.0810,0.2566,0.0851,0.4844,0.5116,0.0870,0.0830,0.2536,0.0866,0.3908,3.1659
19400000,193075988,331755,6,6,0,2,1,0.0656,0.0618,0.0660,0.0618,0.0628,0.0656,0.0599,0.0666,0.0656,0.1247,0.1317,0.0654,0.0638,0.0638,0.0666,0.4405,1.5321
19600000,193939253,332251,7,4,0,0,4,0.2548,0.2485,0.2549,0.2458,0.2456,0.2619,0.2483,0.2568,0.2550,0.4868,1.0319,0.5146,0.2505,0.2486,0.2661,2.3191,7.3894
19800000,194735616,332819,8,4,2,1,24,0.2606,0.2504,0.5145,0.4930,0.4995,0.5206,0.2435,0.5114,0.2612,0.4901,0.5171,0.2577,0.2527,0.2568,0.5354,0.5880,6.4524
20000000,195548733,333186,10,5,5,2,64,0.1288,0.1255,0.1282,0.1228,0.1267,0.1297,0.1255,0.1312,0.1266,0.2457,0.2603,0.1269,0.1248,0.1281,0.1267,0.2955,2.4529
20200000,196473932,333678,9,11,0,1,14,0.0864,0.0818,0.0852,0.0819,0.0827,0.0849,0.1666,0.0876,0.1699,0.1581,0.3414,0.0860,0.0847,0.0843,0.0871,0.3937,2.1620
20400000,197300357,334094,12,4,2,2,77,0.0634,0.0600,0.1282,0.0601,0.1242,0.1291,0.0606,0.0642,0.1920,0.1173,0.1248,0.0636,0.1251,0.0637,0.0649,0.1457,1.5869
20600000,198053341,334491,12,5,2,0,24,0.5168,0.2465,0.2650,0.2468,0.7557,0.7770,0.2425,0.2649,1.0380,0.5004,1.0351,0.5109,0.7628,0.5196,0.2611,0.5902,8.5332
20800000,198955499,334923,13,5,1,1,48,0.2511,0.4882,0.5183,0.4915,0.9926,0.2551,0.2453,0.5168,0.2626,0.4700,0.4967,0.2542,0.2545,0.2554,0.2596,0.5924,6.6042
21000000,199727491,335435,13,5,3,1,27,0.2613,0.2490,0.2601,0.7492,0.2480,0.2622,0.2398,0.2654,0.2593,0.9663,1.0205,0.5164,0.2614,0.5167,0.2676,0.5936,6.9367
21200000,200574719,335915,12,5,1,0,14,0.1311,0.1280,0.1344,0.1232,0.1241,0.1330,0.1212,0.1308,0.1319,0.2452,0.2590,0.1296,0.1267,0.1326,0.1347,0.5939,2.7794
21400000,201390399,336172,12,12,2,1,11,0.2593,0.2511,0.2626,0.2457,0.2514,0.2572,0.2431,0.2607,0.2555,0.9796,1.0369,0.2554,0.2500,0.2581,0.2574,0.5944,5.9184
21600000,202223935,336700,14,14,2,0,17,0.1290,0.1232,0.2585,0.1252,0.1258,0.2601,0.1248,0.2595,0.1293,0.7294,0.7722,0.1270,0.1232,0.1291,0.1308,0.2988,3.8460
21800000,203024390,337168,13,14,0,3,11,0.2577,0.2510,0.7686,0.2448,0.2456,0.2556,0.2429,0.2589,0.2622,0.4929,0.5201,0.2601,0.2568,0.5085,0.5168,0.5941,5.9365
22000000,203729564,337447,9,5,0,4,9,0.1322,0.1282,0.1365,0.1251,0.1274,0.1329,0.1240,0.1298,0.1317,0.4945,0.5209,0.1315,0.2561,0.1312,0.1330,0.3000,3.1349
22200000,204511452,337772,9,4,1,1,10,0.0857,0.0791,0.0846,0.1644,0.0835,0.0848,0.0800,0.1721,0.1735,0.1589,0.1681,0.0847,0.0823,0.0829,0.0860,0.3969,2.0676
22400000,205194233,338009,7,5,0,1,1,0.0648,0.0637,0.0659,0.1850,0.0630,0.0639,0.0598,0.0637,0.0652,0.2441,0.1317,0.0653,0.0615,0.0653,0.0647,0.1490,1.4767
22600000,205921147,338266,10,6,2,0,19,0.5168,0.5064,0.2653,0.2493,0.2561,0.2575,0.2416,0.5175,0.2587,0.4980,0.5235,0.2631,0.2632,0.2636,0.5165,1.1915,6.5883
22800000,206607103,338613,9,6,1,2,5,0.2651,0.7645,0.5300,0.2452,0.5053,0.5197,0.4944,0.2668,0.2595,0.5149,1.0662,0.2546,0.5175,0.2558,0.2679,0.5989,7.3263
23000000,207405916,339084,11,6,2,3,5,0.1286,0.1251,0.1321,0.1215,0.1241,0.1247,0.1233,0.1281,0.1273,0.2344,0.2479,0.2592,0.1258,0.1284,0.2642,0.2943,2.6889
23200000,208160513,339395,18,9,0,3,12,0.2605,0.2499,0.2608,0.2459,0.2537,0.2656,0.4868,0.5186,0.2530,0.4861,0.5135,0.2575,0.2457,0.2590,0.7897,0.5989,5.9452
23400000,208857863,339705,19,9,3,2,13,0.2611,0.1281,0.1289,0.1277,0.2564,0.2671,0.1225,0.1311,0.2548,0.2464,0.5174,0.1296,0.1289,0.2596,0.1298,0.6005,3.6899
23600000,209554867,339932,20,9,1,2,20,0.2596,0.2563,0.2618,0.2499,0.2536,0.2643,0.2475,0.2608,0.2610,1.0055,1.5830,0.5284,0.2578,0.2633,0.2665,0.5998,6.8192
23800000,210308960,340326,22,9,2,3,27,0.2606,0.5033,0.2625,0.2454,0.2554,0.2701,0.4862,0.5131,0.2579,0.5077,0.5364,0.2631,0.2568,0.2588,0.2685,1.1821,6.3279
24000000,211002443,340612,25,9,0,2,28,0.1283,0.1231,0.1298,0.2492,0.1224,0.1288,0.1199,0.3879,0.1285,0.4971,0.2518,0.1287,0.1268,0.1311,0.1340,0.8960,3.6834
24200000,211681248,340963,27,9,3,2,76,0.2580,0.2541,0.5250,0.2576,0.2580,0.5198,0.2531,0.2663,0.2648,0.5015,0.5278,0.2662,0.2512,0.2534,0.2685,0.6021,5.5274
24400000,212411729,341152,23,9,2,5,25,0.2586,0.2486,0.2568,0.2507,0.2495,0.7834,0.2505,0.2633,0.2575,0.4993,0.5255,0.2601,0.2581,0.2610,0.2562,0.6010,5.4799
24600000,213163562,341528,20,9,2,3,17,0.2598,0.5005,0.5183,0.2545,0.2532,0.2647,0.2409,0.5190,0.5163,0.9955,1.0470,0.2566,0.2560,0.2583,0.2661,0.6002,7.0069
24800000,213709627,341756,21,10,1,3,29,0.1318,0.1282,0.1348,0.1251,0.1271,0.2652,0.1265,0.3917,0.1313,0.2649,0.2770,0.1335,0.1318,0.1304,0.2715,0.6026,3.3735
25000000,214411825,342178,27,13,1,3,98,0.0881,0.1710,0.1778,0.1671,0.0854,0.2646,0.0837,0.0906,0.0879,0.3379,0.1720,0.0874,0.1736,0.1751,0.0899,0.6025,2.8546
25200000,215076036,342577,27,13,1,2,117,0.2672,0.2596,0.7896,0.2488,0.5084,1.0390,0.2554,0.2673,0.5216,0.4884,0.5137,0.2582,0.2578,0.2635,0.5348,0.6031,7.0763
25400000,215681048,342685,24,14,3,3,27,0.5416,0.5240,1.0894,0.2552,0.2561,0.2692,0.2544,0.5441,0.8047,0.9989,0.5200,0.2685,0.2545,0.2620,0.8223,0.6048,8.2696
25600000,216223941,342784,26,14,1,2,23,0.2672,0.2603,1.3326,0.2549,0.2605,0.2668,0.2522,0.2701,0.2663,0.4973,1.0347,0.2654,0.5107,0.2671,0.2729,1.1965,7.4756
25800000,216861318,342897,22,14,0,2,48,0.5320,0.2493,1.5949,0.5068,0.2567,0.5298,0.2471,0.2730,0.2656,1.0048,1.5688,0.2638,0.7633,0.2667,0.2648,1.7965,10.3841
26000000,217498363,343127,19,14,1,0,24,0.2685,0.2589,0.2730,0.2581,0.5153,0.7975,0.2444,0.2712,0.2643,1.5217,2.1183,0.5322,1.0288,0.2707,0.2728,0.6060,9.5017
26200000,218092412,343334,17,14,3,0,8,0.5331,0.2566,0.2718,0.5118,0.7717,1.0701,0.2566,0.2695,0.5261,2.0455,2.6704,0.2649,0.2589,0.2649,0.5396,1.2167,11.7283
26400000,218729077,343536,15,9,1,2,7,0.1321,0.1263,0.1330,0.1239,0.1289,0.1297,0.1231,0.1332,0.1297,0.2563,0.2691,0.1291,0.1288,0.1279,0.1318,0.9131,3.1159
26600000,219304087,343844,14,9,2,0,3,0.0925,0.0885,0.1799,0.0879,0.0892,0.0912,0.0881,0.0950,0.0917,0.1740,0.1835,0.0897,0.0881,0.0904,0.0939,0.8073,2.4310
26800000,219869157,344005,14,9,1,0,9,0.2688,0.2562,0.2666,0.2595,0.2576,0.2671,0.2504,0.2634,0.2792,1.0254,1.0824,0.2606,0.2628,0.2673,0.5639,0.6075,6.4388
27000000,220506894,344456,17,9,0,0,11,0.1327,0.1282,0.1343,0.1276,0.1294,0.1360,0.1304,0.1346,0.1312,0.7535,0.7952,0.1338,0.1356,0.1353,0.1297,0.3062,3.5740
27200000,221066674,344689,13,9,3,0,48,0.2649,0.2591,0.2678,0.5056,0.2556,0.5381,0.2490,0.2667,0.5276,1.9995,2.1099,0.2693,0.5309,0.2625,0.2574,0.6072,9.1710
27400000,221653723,344753,12,9,0,1,5,0.2633,0.2513,0.2621,0.7587,0.2549,0.2692,0.2483,0.2654,0.2629,2.5299,0.5298,0.5404,0.2586,0.2659,0.2687,0.6065,7.8356
27600000,222226686,344960,11,9,4,0,19,0.5293,0.2572,0.5297,1.0053,0.5109,0.2632,0.4985,0.5307,0.2631,0.5104,0.5365,0.7952,0.2621,0.5328,0.5331,1.2058,8.7636
27800000,222820902,345280,12,9,0,0,10,0.2701,0.2578,0.2699,0.2518,0.2620,0.2721,0.2554,0.2695,0.2604,0.5106,0.5382,0.2679,0.2644,0.2643,0.2647,0.6094,5.0886
28000000,223369332,345501,13,9,2,0,5,0.1338,0.2560,0.2706,0.1280,0.1280,0.1404,0.1232,0.2724,0.1346,0.5084,0.5360,0.2675,0.2643,0.1313,0.1354,0.6097,4.0395
28200000,223873839,345581,14,9,3,2,12,0.1774,0.0823,0.0866,0.0828,0.0841,0.0880,0.0853,0.0909,0.0876,0.1669,0.1756,0.0866,0.0863,0.0863,0.0885,0.6098,2.1649
28400000,224439196,345859,13,6,2,1,5,0.2677,0.2636,0.5353,0.2509,0.5116,0.5329,0.2528,0.2691,0.2664,0.5092,1.0680,0.5260,0.2600,0.2593,0.2738,2.4482,8.4948
28600000,225018047,346106,19,6,3,2,106,0.2672,0.2591,0.2691,0.2512,0.2535,0.2660,0.2509,0.2641,0.2686,0.5000,0.5299,0.2694,0.2629,0.2727,0.5468,3.0818,7.8133
28800000,225556336,346317,20,6,4,2,52,0.2667,0.5142,0.2733,0.2530,0.2570,0.2634,0.2474,0.2710,0.5293,0.9924,1.0475,0.2576,0.5270,0.2681,0.8118,0.6102,7.3897
29000000,226080098,346437,16,6,3,2,99,0.5359,0.2578,0.5384,0.5075,0.5105,0.5293,0.4973,0.5457,0.7994,0.5031,0.5311,0.2624,0.7899,0.2658,0.2608,0.6108,7.9457
29200000,226587385,346669,17,6,4,2,61,0.2795,0.2596,0.2694,0.2571,0.2679,0.2669,0.7389,0.2681,0.2727,0.4970,0.5250,0.2604,1.0327,0.2689,0.2723,0.6108,6.3471
29400000,227084088,346917,20,6,0,0,96,0.2671,0.2543,0.2664,0.5233,0.5420,0.2692,1.0166,0.5521,0.5493,1.0164,0.5297,0.2677,1.3213,0.2671,0.2764,0.6105,8.5293
29600000,227593823,347091,20,6,1,2,79,0.2689,0.1277,0.1343,0.1301,0.1309,0.2694,0.1257,0.1357,0.1298,0.2579,0.2713,0.2670,0.1310,0.1302,0.1354,0.3034,2.9487
29800000,228128240,347263,20,6,2,2,18,0.2698,0.2529,0.2723,0.2544,0.2595,0.2640,0.2548,0.2717,0.2663,0.4941,0.5208,0.2583,0.2639,0.2635,0.2762,0.6128,5.0553
30000000,228542628,347387,18,6,4,1,14,0.2759,0.2589,0.2719,0.2618,0.2604,0.2740,0.2590,0.2711,0.2625,0.5190,0.5444,0.2660,0.2610,0.2749,0.2681,0.6130,5.1416
30200000,229152053,347733,22,8,1,0,14,0.2648,0.2595,0.2674,0.2519,0.5077,0.2577,0.2502,0.2662,0.2631,1.0082,1.0578,0.2653,0.2643,0.2769,0.2586,0.6123,6.3317
30400000,229614428,347899,21,8,3,1,25,0.2685,0.5287,0.2700,0.5109,0.2568,0.2749,0.2500,0.2700,0.5387,0.5169,1.6254,0.2610,0.2606,0.2684,0.2785,1.2372,7.6165
30600000,230072728,348057,27,9,3,0,106,0.1354,0.3915,0.2736,0.1309,0.1334,0.2737,0.2549,0.2721,0.1361,0.2574,1.0827,0.2645,0.2669,0.1356,0.1362,0.9243,5.0692
30800000,230480209,348189,28,9,2,1,98,0.2687,0.2621,0.2698,0.2540,0.2620,0.2760,0.2533,0.2749,0.2705,0.5193,0.5467,0.2758,0.2663,0.2676,0.2788,2.3965,6.9422
31000000,230976400,348389,31,9,5,0,132,0.1337,0.2602,0.1353,0.1282,0.1301,0.1318,0.1245,0.1370,0.1304,0.5155,0.5418,0.1335,0.1283,0.1296,0.2739,1.5126,4.5464
31200000,231432464,348462,36,10,2,1,67,0.1780,0.0861,0.1825,0.0844,0.0845,0.0887,0.0822,0.0884,0.0895,0.1718,0.1811,0.0888,0.0869,0.0890,0.0882,1.2153,2.8854
31400000,231912536,348594,37,10,4,3,57,0.8084,0.2678,0.2749,0.5140,0.5082,0.5351,0.5058,0.2728,0.2681,1.0531,1.1070,0.5377,0.2609,0.2662,0.2706,0.6132,8.0638
31600000,232404152,348785,34,10,4,3,33,0.1334,0.1295,0.1355,0.1255,0.1298,0.1302,0.1252,0.1400,0.1312,0.7826,0.8234,0.1317,0.1297,0.1354,0.1328,0.3052,3.6211
31800000,232897190,348882,29,10,1,3,30,0.0902,0.0851,0.0912,0.0859,0.0858,0.0905,0.0852,0.1838,0.0882,0.6933,0.1810,0.0879,0.0863,0.0886,0.0923,0.4077,2.5230
32000000,233355948,349102,24,9,7,1,24,0.1348,0.0638,0.0674,0.0651,0.0656,0.0676,0.0647,0.0654,0.0683,0.1324,0.1390,0.0677,0.0646,0.0677,0.0677,0.1546,1.3564
32200000,233821019,349325,19,9,3,1,16,0.0548,0.1045,0.0534,0.0526,0.0533,0.1092,0.0518,0.0540,0.0544,0.1087,0.1140,0.0545,0.0535,0.1095,0.0558,0.2487,1.3326
32400000,234275682,349651,19,9,1,2,50,0.2731,0.2580,0.2741,0.2558,0.2619,0.2689,0.2572,0.2754,0.2691,0.5091,0.5359,0.2733,0.2611,0.2722,0.2636,1.8449,6.3533
32600000,234723512,349759,22,9,5,3,17,0.2711,0.2613,0.2723,0.2633,0.2618,0.2788,0.5098,0.2712,0.2651,1.0170,0.5346,0.2696,0.5238,0.5419,0.5342,0.6163,6.6919
32800000,235160912,349890,18,9,0,1,13,0.5500,0.2520,0.2734,0.5268,0.2579,0.5463,0.2507,0.2710,0.5324,0.5195,0.5465,0.2651,0.2581,0.2672,0.2689,1.2368,6.8225
33000000,235636779,350008,16,9,1,2,27,0.2686,0.2573,0.2702,0.2526,0.2611,0.2717,0.4974,0.2690,0.2672,0.5051,0.5340,0.2612,0.2627,0.2734,0.2747,0.6163,5.3426
33200000,236000891,350131,14,6,3,1,121,0.2775,0.2642,0.2749,0.2595,0.2650,0.2755,0.2566,0.2864,0.2679,1.0285,1.0854,0.2608,0.2710,0.2722,0.2733,0.6165,6.2352
33400000,236456932,350296,14,6,1,3,36,0.2729,0.2639,0.2719,0.2584,0.2677,0.2760,0.2554,0.2718,0.2798,1.5563,0.5420,0.2699,0.2649,0.2797,0.2757,0.6170,6.2234
33600000,236855288,350442,17,6,0,0,19,0.5318,0.2619,0.2754,0.2665,0.5187,0.5406,0.5033,0.2723,0.2708,0.5359,0.5628,0.2694,0.2667,0.2692,0.2792,0.6171,6.2414
33800000,237252570,350492,17,9,2,3,264,0.1364,0.1295,0.1333,0.1286,0.1308,0.1376,0.1276,0.1359,0.1310,0.2574,0.2695,0.1339,0.1309,0.1375,0.1342,0.3040,2.5582
34000000,237633590,350470,15,8,0,1,26,0.1809,0.0856,0.0925,0.1709,0.1743,0.0892,0.1709,0.0909,0.1787,0.3429,0.1792,0.0880,0.0880,0.0893,0.0918,0.4066,2.5195
34200000,238007510,350447,13,8,0,1,10,0.2736,0.5154,0.2811,0.2605,0.7959,0.2796,0.2556,0.5472,0.2823,1.5551,1.0905,0.5329,0.5240,0.5362,0.5524,0.6184,8.9008
34400000,238439167,350570,12,9,0,0,15,0.1346,0.1296,0.2739,0.1278,0.5300,0.2760,0.1325,0.4096,0.2738,0.2694,0.2836,0.1343,0.3925,0.1341,0.1330,0.3067,3.9413
34600000,238837000,350604,12,9,0,0,15,0.2706,0.2718,0.2764,0.2616,1.3106,0.8196,0.2596,0.2740,0.8146,0.5235,0.5503,0.2716,0.2691,0.5381,0.2727,1.2225,8.2065
34800000,239301234,350822,17,9,2,3,13,0.1339,0.1305,0.1361,0.1268,0.1291,0.1337,0.1249,0.1355,0.1331,0.2580,0.2714,0.1287,0.1307,0.1338,0.1386,0.9243,3.1692
35000000,239592330,350923,16,11,0,2,9,0.2716,0.2575,0.2764,0.2649,0.2621,0.2829,0.2585,0.2763,0.2819,0.5313,0.5559,0.2696,0.2639,0.2757,0.5666,2.4773,7.3725
35200000,239992749,350954,15,7,2,2,296,0.2715,0.2603,0.2666,0.2611,0.2649,0.2761,0.2598,0.2726,0.2673,0.5206,0.5460,0.2618,0.2665,0.2775,0.2714,0.6189,5.1629
35400000,240455623,351022,16,7,1,0,163,0.2704,0.2579,0.2656,0.5245,0.5341,0.5561,0.5234,0.5505,0.2570,0.5134,0.5398,0.2672,0.5358,0.2689,0.5434,0.6159,7.0240
35600000,240916369,351211,15,6,2,1,113,0.2683,0.5142,0.5294,0.7692,0.2658,0.2709,0.7692,0.8127,0.2684,1.0192,1.0729,0.5256,0.7899,0.2738,0.8041,0.6173,9.5709
35800000,241240640,351284,15,6,1,1,6,0.2737,0.7864,0.2731,0.2646,0.2671,0.2703,1.0443,0.2714,0.5457,1.5548,1.6344,0.2689,1.0726,0.5561,0.2741,0.6208,9.9781
36000000,241712317,351423,16,6,0,0,11,0.1332,0.1321,0.1380,0.1298,0.1309,0.1371,0.1263,0.1374,0.1353,0.2548,0.2678,0.1330,0.1308,0.1368,0.1349,0.6202,2.8785
36200000,242119947,351530,14,6,0,2,34,0.0892,0.0844,0.0896,0.0865,0.0850,0.0890,0.0812,0.0897,0.0907,0.1659,0.1743,0.0879,0.0858,0.0887,0.0887,0.2035,1.6801
36400000,242534578,351568,16,6,1,2,24,0.5321,0.5065,0.5390,0.2653,0.5106,0.5391,0.2540,0.5366,0.5287,0.5124,1.0482,0.2727,0.2730,0.5300,0.5313,0.6203,7.9999
36600000,242854927,351763,15,6,0,2,6,0.1349,0.1311,0.1362,0.1340,0.1328,0.1378,0.1242,0.4061,0.1358,0.2641,0.8042,0.1362,0.1326,0.1375,0.1400,0.6199,3.7075
36800000,243279414,351915,17,6,1,0,16,0.0904,0.0865,0.1797,0.0867,0.0884,0.0916,0.0856,0.0877,0.0889,0.3444,0.1765,0.0907,0.0868,0.0909,0.0899,0.2047,1.9691
37000000,243514543,351895,15,6,1,3,0,0.2767,0.2665,0.2705,0.2627,0.2699,0.2842,0.2634,0.2800,0.2751,0.5197,0.5462,0.2738,0.2694,0.2780,0.2809,1.2460,5.8629
37200000,243830928,351814,14,6,0,0,7,0.2729,0.1316,0.1416,0.1328,0.1338,0.1388,0.1333,0.1415,0.2749,0.2714,0.2853,0.1369,0.1367,0.1398,0.1401,0.9290,3.5403
37400000,244246848,352000,13,6,0,0,7,0.2724,0.5199,0.2753,0.2583,0.2638,0.2718,0.2598,0.2779,0.2710,0.5074,0.5345,0.2697,0.2657,0.2657,0.2711,0.6184,5.4026
37600000,244570792,352063,12,6,0,0,0,0.2747,0.2564,0.2720,0.5181,0.5242,0.2784,0.5125,0.5460,0.5361,0.5228,1.0769,0.5419,0.2699,0.2762,0.2784,1.2294,7.9138
37800000,244858723,352167,15,6,1,1,29,0.1378,0.1337,0.1401,0.3876,0.1349,0.1403,0.1320,0.1384,0.4009,0.2615,0.2742,0.4077,0.1345,0.1378,0.1396,0.9236,4.0247
38000000,245165129,352315,20,8,3,1,104,0.2702,0.2593,0.5713,0.2611,0.2625,0.5682,0.2722,0.5550,0.2816,1.0862,1.1385,1.1170,0.2722,0.2738,0.5711,0.6197,8.3799
38200000,245548350,352329,20,8,2,0,83,0.1389,0.2646,0.4232,0.1294,0.2636,0.1386,0.1291,0.1356,0.1380,0.2588,0.8389,0.1393,0.1366,0.1378,0.4275,0.6197,4.3196
38400000,245827825,352332,17,8,0,2,3,0.2716,0.2631,0.2821,0.2594,0.2619,0.2769,0.2538,0.5463,0.5442,0.5401,0.5688,0.5485,0.2729,0.5479,0.2797,0.6207,6.3377
38600000,246190795,352351,16,8,1,0,70,0.5394,0.5230,0.2740,0.2617,0.5270,0.2741,0.5049,0.2761,0.2767,0.5250,0.5564,0.2779,0.2722,0.8122,0.5645,0.6223,7.0873
38800000,246616002,352474,16,8,1,0,12,0.1340,0.1299,0.1355,0.1286,0.1314,0.1381,0.1278,0.1345,0.1411,0.2606,0.2746,0.1310,0.1306,0.1366,0.1369,0.6213,2.8925
39000000,246966305,352551,17,8,1,2,8,0.0904,0.0882,0.1831,0.0851,0.1733,0.1840,0.0854,0.1807,0.0890,0.1749,0.1838,0.0898,0.1757,0.1795,0.1846,0.2047,2.3525
39200000,247311685,352711,19,8,0,0,14,0.2706,0.2673,0.2760,0.2639,0.2597,0.2761,0.2500,0.2712,0.2770,1.0366,1.0907,0.2702,0.2655,0.2738,0.2802,0.6210,6.2500
39400000,247586167,352762,19,8,1,2,11,0.5440,0.5281,0.5545,0.5240,0.2678,0.2752,0.2683,0.2780,0.5555,0.5237,0.5512,0.5398,0.5307,0.2834,0.5508,0.6234,7.3983
39600000,247886528,352829,21,8,1,2,13,0.1362,0.1294,0.1357,0.1319,0.1297,0.1372,0.1317,0.2755,0.1340,0.2630,0.2777,0.1360,0.1362,0.1360,0.1400,0.6221,3.0524
39800000,248152997,352872,25,8,2,2,193,0.0913,0.0887,0.1840,0.0867,0.0886,0.0926,0.0845,0.0940,0.0914,0.1816,0.1901,0.0911,0.0903,0.0905,0.0914,0.6224,2.2592
40000000,248433769,352847,27,8,6,5,276,0.5453,0.5286,0.8346,0.5221,0.5344,0.2807,0.5198,0.5579,0.5554,1.0885,1.1430,0.5399,0.5433,0.5489,0.2804,2.4931,11.5160
40200000,248762575,352999,25,8,2,0,425,0.2716,0.2683,0.2795,0.2580,0.2654,0.2790,0.2612,0.2711,0.2711,0.5233,0.5501,0.2712,0.2700,0.2705,0.2790,0.6210,5.2105
40400000,249033474,353028,20,8,4,1,238,0.1345,0.1276,0.1369,0.1294,0.1283,0.1380,0.1268,0.1380,0.1362,0.2623,0.2758,0.1359,0.1334,0.1356,0.2818,0.3066,2.7271
40600000,249270220,353030,18,8,1,0,46,0.2696,0.2656,0.2801,0.2623,0.5270,0.2827,0.2527,0.2780,0.2788,0.5437,0.5733,0.2768,0.2697,0.2755,0.2779,1.2473,6.1610
40800000,249615040,353137,19,8,3,2,92,0.5472,0.5279,0.5601,0.5319,0.7994,0.2823,0.2555,0.5621,0.5520,1.0720,1.1312,0.2735,0.2728,0.5544,0.5619,1.8871,10.3711
41000000,249946201,353285,18,8,0,0,8,0.8138,0.7821,0.2780,0.7864,1.0575,0.5568,0.5139,0.2814,0.8230,0.5261,0.5547,0.5424,0.5379,0.2799,0.8378,0.6217,9.7931
41200000,250171331,353456,18,8,0,1,12,0.2795,0.2631,0.5599,1.0591,0.2701,0.2844,0.2570,0.5643,0.2764,1.0549,0.5503,0.2756,0.2663,0.5550,1.1273,0.6228,8.2661
41400000,250477695,353516,19,8,0,1,8,0.1395,0.1323,0.1392,0.6591,0.1335,0.1379,0.1309,0.1408,0.1402,0.7812,0.2719,0.1399,0.1371,0.1369,0.7001,0.6234,4.5439
41600000,250840510,353561,21,8,0,1,6,0.0939,0.0891,0.0941,0.0900,0.0912,0.0913,0.0890,0.0937,0.0944,0.1783,0.1867,0.0936,0.0918,0.0923,0.0938,0.6232,2.1863
41800000,251133127,353527,23,8,2,3,7,0.5492,0.2638,0.2763,0.5302,0.2590,0.2764,0.5250,0.2740,0.2719,1.0573,1.1073,0.2712,0.2674,0.2792,0.2732,0.6229,7.1041
42000000,251364336,353639,25,8,3,2,13,0.1376,0.1340,0.1394,0.1306,0.1346,0.1378,0.1282,0.1440,0.1412,0.2560,0.2682,0.1375,0.1367,0.1443,0.1402,0.3099,2.6204
42200000,251682571,353765,34,8,3,3,160,0.2777,0.2589,0.2754,0.2618,0.5432,0.5480,0.5175,0.2778,0.5566,1.0493,0.5642,0.5506,0.5498,0.2679,0.2745,0.6236,7.3968
42400000,252012590,353713,35,8,0,0,24,0.2767,0.1337,0.2748,0.2639,0.1331,0.1391,0.3848,0.2767,0.1380,0.7845,0.5567,0.1358,0.1351,0.2740,0.1435,0.3133,4.3637
42600000,252210415,353710,32,8,5,1,218,0.2768,0.2682,0.2749,0.2670,0.2731,0.2788,0.2542,0.2829,0.2777,0.5540,0.5799,0.5440,0.5383,0.2771,0.5685,0.6236,6.1392
42800000,252567221,353828,33,8,2,0,9,0.2727,0.2635,0.5644,0.5420,0.2636,0.5644,0.5157,0.2687,0.5536,0.5216,0.5487,0.2650,0.8358,0.5738,0.2835,0.6230,7.4601
43000000,252863906,353895,36,8,1,1,39,0.2718,0.2608,0.2721,0.2595,0.2662,0.2734,0.2603,0.2741,0.2719,0.5197,1.0804,0.2713,1.0779,0.2778,0.2811,0.6217,6.5401
43200000,253037336,353915,37,8,0,0,22,0.1391,0.1345,0.2767,0.1341,0.1355,0.1378,0.2629,0.1385,0.1388,0.2786,0.8236,0.1399,0.1347,0.1369,0.1448,0.3161,3.4726
43400000,253364772,353909,37,8,1,2,18,0.0918,0.0878,0.0912,0.0874,0.0887,0.0913,0.0852,0.0921,0.0903,0.3617,0.1847,0.0921,0.1811,0.0931,0.0925,0.2074,2.0185
43600000,253623228,353987,36,8,3,0,14,0.5615,0.5375,0.2741,0.2661,0.5507,0.2831,0.5294,0.2750,0.5592,1.6533,1.1312,0.5531,0.8335,0.2731,0.2834,1.2689,9.8331
43800000,253888344,353971,41,8,0,0,26,0.8293,0.7901,0.5444,0.5242,0.8133,0.5552,0.2601,0.5591,0.8275,0.5381,1.6791,0.8209,0.2749,0.2658,0.5717,0.6234,10.4769
44000000,254220211,354042,37,8,2,2,104,0.2730,1.0553,0.2780,0.2649,0.2605,0.8298,0.2632,0.8302,0.2764,0.5346,0.5618,1.0923,0.2723,0.2712,0.2729,0.6216,7.9579
44200000,254489925,354139,40,8,2,0,70,0.5466,1.3346,0.2817,0.5273,0.5258,0.2756,0.2548,0.2775,0.2779,1.0755,1.1290,1.3711,0.2697,0.5400,0.2757,1.2494,10.2121
44400000,254814137,354259,38,8,2,3,47,0.1352,0.1293,0.1373,0.1279,0.1320,0.2746,0.1268,0.2777,0.2751,0.8066,0.2756,0.1363,0.2713,0.1351,0.1387,0.9396,4.3190
44600000,255041819,354293,37,8,4,1,41,0.5368,0.5142,0.5554,0.2681,0.2710,0.2826,0.2629,0.2837,0.2764,0.5308,0.5570,0.2778,0.2679,0.2804,0.5565,2.4603,8.1818
44800000,255367643,354352,37,8,2,2,54,0.2693,0.2612,0.2788,0.2550,0.2695,0.2754,0.2609,0.2747,0.2736,0.5173,0.5465,0.2786,0.2696,0.2779,0.2706,3.1630,7.7419
45000000,255634620,354496,36,8,6,2,190,0.2753,0.2653,0.2750,0.2611,0.2638,0.2812,0.2573,0.2752,0.2755,0.5380,0.5649,0.2754,0.2704,0.2702,0.2733,0.6233,5.2453
45200000,255842045,354461,40,10,4,1,157,0.1362,0.2671,0.1391,0.2635,0.1350,0.1422,0.1287,0.1400,0.2747,0.2668,0.5614,0.2800,0.2685,0.1386,0.1377,0.6229,3.9023
45400000,256089067,354578,40,10,2,1,94,0.0911,0.0877,0.0911,0.0863,0.0902,0.0891,0.0861,0.0903,0.0920,0.3564,0.5628,0.0888,0.0900,0.0889,0.0883,0.6230,2.7020
45600000,256261907,354621,37,10,4,5,106,0.2737,0.2743,0.2755,0.2657,0.2672,0.5471,0.2598,0.2756,0.5587,1.6023,0.5495,0.2782,0.2786,0.5443,0.5474,2.5145,9.3124
45800000,256416345,354585,39,11,0,1,30,0.5501,0.2618,0.2859,0.2671,0.2680,0.2810,0.2601,0.2840,0.8342,2.1289,1.1065,0.5550,0.2766,0.2839,0.8197,0.6229,9.0857
46000000,256629619,354699,36,11,0,4,29,0.2722,0.5327,0.2783,0.2644,0.5419,0.5657,0.2649,0.5640,0.2749,0.5342,1.6877,0.8391,0.5456,0.5654,0.2827,0.6244,8.6380
46200000,256916805,354762,33,9,1,2,29,0.2716,0.3959,0.2795,0.2650,0.4027,0.4167,0.2578,0.4209,0.1402,0.2766,0.2882,0.1345,0.4078,0.1344,0.2806,0.3170,4.6892
46400000,257152014,354841,36,9,1,2,99,0.2773,0.2712,0.2783,0.2632,0.2692,0.2792,0.2591,0.2818,0.2710,0.5456,0.5683,0.2806,0.2756,0.2756,0.2815,0.6244,5.3019
46600000,257437947,354938,35,9,0,1,19,0.2751,0.5446,0.5627,0.2673,0.2704,0.5695,0.2656,0.2778,0.5571,0.5379,0.5644,0.5685,0.2624,0.5544,0.5638,0.6232,7.2649
46800000,257639156,354839,35,9,2,4,43,0.5433,0.8032,0.8348,0.2617,0.2614,0.2835,0.2650,0.5562,0.2746,0.5477,0.5754,0.8387,0.2746,0.8253,0.8330,0.6245,8.6030
47000000,257920475,354910,32,9,1,1,13,0.2741,1.0789,0.2829,0.2564,0.2696,0.5642,0.5307,0.2797,0.5516,0.5326,1.1407,0.2695,0.5495,1.1099,0.2691,0.6234,8.5828
47200000,258192390,355061,33,9,0,0,20,0.2736,0.2678,0.5609,0.2680,0.2680,0.2804,0.2622,0.2785,0.8212,1.0512,1.6810,0.5380,0.8111,0.2755,0.2784,0.6228,8.5387
47400000,258370478,355055,31,9,0,4,44,0.1390,0.1324,0.1383,0.1331,0.1336,0.1416,0.1294,0.1406,0.1371,0.2692,0.2829,0.1386,0.1352,0.1367,0.1405,0.3107,2.6389
47600000,258608072,355138,31,9,0,2,8,0.2780,0.5186,0.2724,0.2638,0.2746,0.2690,0.2596,0.2862,0.2744,0.5150,0.5431,0.2759,0.5336,0.2790,0.2801,0.6249,5.7483
47800000,258798516,355004,30,9,2,1,44,0.1384,0.3961,0.1369,0.1334,0.1314,0.1393,0.1280,0.1398,0.1339,0.5303,0.2856,0.1374,0.1299,0.1346,0.2779,0.3101,3.2829
48000000,259048043,355219,29,9,1,2,18,0.2741,0.2672,0.2817,0.2625,0.2712,0.5596,0.5076,0.2793,0.5470,1.5615,1.1033,0.2746,0.5327,0.2798,0.2841,1.2389,8.5250
48200000,259219612,355188,28,9,0,2,22,0.5550,0.5407,0.2711,0.5344,0.2655,0.2782,0.2637,0.2794,0.8433,2.1401,1.6958,0.5560,0.8174,0.5643,0.2794,1.8974,11.7816
48400000,259476928,355320,27,9,1,1,23,0.2775,0.2708,0.2740,0.2665,0.2691,0.2718,0.2515,0.2830,1.0920,0.5480,0.5773,0.2733,1.0626,0.8270,0.2798,2.4682,9.2925
48600000,259702307,355394,25,9,1,1,88,0.2743,0.2618,0.2771,0.2608,0.2683,0.2739,0.2609,0.2708,0.2739,0.5251,0.5531,0.2698,0.2703,0.2751,0.2728,0.6226,5.2108
48800000,259857963,355557,27,9,1,3,25,0.2768,0.5332,0.5661,0.2624,0.2637,0.2849,0.2648,0.5586,0.2803,0.5653,0.5919,0.2746,0.2706,0.2782,0.5658,0.6250,6.4623
49000000,260084536,355623,28,9,3,2,98,0.1388,0.1333,0.4240,0.1309,0.1334,0.2808,0.2642,0.1435,0.1360,0.2693,0.2846,0.1341,0.1366,0.1362,0.4247,0.3142,3.4847
49200000,260271458,355719,31,10,0,0,64,0.0936,0.0883,0.0931,0.0869,0.1801,0.0940,0.0896,0.0921,0.0916,0.1810,0.1899,0.0937,0.0902,0.0939,0.0945,0.4179,2.0704
49400000,260474676,355738,28,9,3,1,35,0.2767,0.2587,0.2735,0.2666,0.2712,0.5473,0.2629,0.2763,0.5503,1.0845,1.1401,0.5544,0.2753,0.5555,0.2782,0.6234,7.4951
49600000,260614941,355725,30,9,5,0,395,0.1342,0.2628,0.1425,0.1283,0.1317,0.4109,0.2635,0.1339,0.1384,0.2651,0.8523,0.1356,0.1328,0.4161,0.1416,0.6248,4.3145
49800000,260873528,355754,30,9,2,1,24,0.0916,0.0889,0.0946,0.0881,0.0912,0.0938,0.0875,0.0931,0.1844,0.1788,0.1877,0.0926,0.0910,0.0924,0.0924,0.6243,2.2724
50000000,261122447,355844,26,8,3,1,43,0.2730,0.2661,0.2785,0.2694,0.2652,0.2805,0.2593,0.2749,0.2855,1.0411,0.5436,0.2730,0.2744,0.2725,0.2751,2.4566,7.5888
50200000,261366571,355925,24,8,0,0,3,0.2749,0.2665,0.2811,0.5460,0.2650,0.2761,0.5241,0.2819,0.2702,0.5194,0.5463,0.5667,0.2682,0.5545,0.2816,0.6251,6.3473
50400000,261460977,355837,25,8,0,0,13,0.1376,0.2688,0.2826,0.1316,0.1349,0.1403,0.3943,0.1385,0.1407,0.5342,0.5620,0.4250,0.2693,0.1377,0.1433,0.3121,4.1530
50600000,261682411,355854,21,8,2,1,13,0.5476,0.2699,0.8410,0.2660,0.5358,0.2838,0.2703,0.2715,0.2811,0.5214,0.5453,1.1249,0.7989,0.5543,0.5617,1.2467,8.9202
50800000,261906122,355694,23,8,3,3,11,0.1357,0.1306,0.1410,0.1318,0.4006,0.1393,0.1284,0.1404,0.1370,0.5247,0.5497,0.1341,0.5337,0.1343,0.1386,0.3118,3.8117
51000000,262120042,355786,21,8,1,1,19,0.2772,0.2673,0.2741,0.2642,0.2652,0.2813,0.2540,0.2715,0.2766,0.5188,0.5452,0.2832,0.2713,0.2767,0.2706,1.2456,5.8428
51200000,262297277,355999,23,8,2,2,8,0.2799,0.5256,0.2832,0.2679,0.2747,0.5598,0.5238,0.2866,0.5501,1.0531,1.1061,0.2770,0.2717,0.2745,0.5529,0.6254,7.7121
51400000,262416595,355913,24,8,0,1,6,0.2776,0.2678,0.2860,0.2675,0.5498,0.2879,0.2645,0.2808,0.2809,0.5399,1.6748,0.2799,0.2753,0.5633,0.2899,1.2522,7.6380
51600000,262481294,355939,25,8,1,1,44,0.5558,0.2719,0.5714,0.2646,0.8333,0.2859,0.2581,0.5646,0.2823,1.1060,2.2820,0.2806,0.2755,0.8563,0.2924,0.6262,9.6067
51800000,262653844,355859,25,8,3,0,10,0.2758,0.5342,0.2742,0.2652,0.2635,0.2696,0.2615,0.8392,0.2793,1.6240,2.8087,0.5561,0.2711,0.2835,0.2874,1.2431,10.3366
52000000,262724927,355773,24,8,2,2,242,0.2817,0.2706,0.2877,0.5381,0.5328,0.5536,0.5247,0.2923,0.5590,2.1878,0.5798,0.2801,0.5449,0.5639,0.2896,0.6262,8.9128
52200000,262774276,355761,22,8,0,1,5,0.2814,0.2657,0.5784,0.8035,0.8054,0.8419,0.7862,0.5773,0.2840,2.7474,1.1572,0.2818,0.2778,0.2818,0.5813,0.6261,11.1770
52400000,262973202,355678,21,8,0,1,42,0.5581,0.5297,0.8609,0.2657,0.2618,1.1323,0.2553,0.2845,0.5606,3.3029,0.5586,0.2737,0.2734,0.2823,0.8715,0.6263,10.8974
52600000,263063413,355604,22,8,5,1,293,0.4177,0.1346,0.1419,0.2657,0.2659,0.1397,0.1323,0.1415,0.4193,0.2730,0.5648,0.2754,0.2735,0.1399,0.1423,0.6258,4.3532
52800000,263190826,355589,21,8,0,1,8,1.1068,0.5282,0.2789,0.7919,0.2687,0.2788,0.2609,0.2796,0.2772,0.5580,0.5846,0.2747,0.2673,0.2760,0.5697,0.6250,7.2264
53000000,263320895,355589,22,8,2,3,11,0.1381,0.3985,0.1384,0.1347,0.1381,0.1402,0.1303,0.1422,0.1423,0.2722,0.2849,0.1379,0.1396,0.1396,0.4283,0.6250,3.5302
53200000,263392421,355503,30,8,6,2,102,0.1844,0.0867,0.1850,0.1801,0.0896,0.0936,0.1766,0.0940,0.0919,0.1861,0.3844,0.1831,0.1842,0.1858,0.0933,0.6255,3.0241
53400000,263542413,355473,33,8,1,5,46,0.2079,0.0690,0.0699,0.0665,0.0679,0.0700,0.1974,0.0691,0.0692,0.1399,0.1463,0.0687,0.0687,0.0690,0.0701,0.6255,2.0753
53600000,263823318,355604,37,8,2,3,128,0.2216,0.0531,0.0573,0.0532,0.0533,0.0572,0.2103,0.0566,0.1108,0.1063,0.1113,0.0558,0.0539,0.1107,0.1122,0.1248,1.5482
53800000,263917632,355486,35,8,1,0,78,0.2312,0.0448,0.0473,0.0445,0.0447,0.0939,0.0447,0.0949,0.1383,0.0909,0.0956,0.0453,0.0902,0.1393,0.0474,0.1042,1.3971
54000000,264147801,355479,26,9,2,4,16,0.0398,0.0374,0.0394,0.0756,0.0378,0.0393,0.0376,0.0400,0.1590,0.0762,0.0803,0.0784,0.0379,0.1591,0.0400,0.1786,1.1565
54200000,264372294,355690,30,10,3,2,50,0.0698,0.0650,0.0344,0.0997,0.0337,0.0342,0.0653,0.0344,0.1735,0.0667,0.0701,0.0335,0.0661,0.1737,0.0349,0.2342,1.2894
54400000,264609025,355669,26,10,3,4,22,0.2696,0.2629,0.2813,1.0642,0.2610,0.2739,0.7938,0.2780,1.6662,0.5495,0.5781,0.2743,0.2663,0.2733,0.5693,0.6237,8.2854
54600000,264757259,355740,30,10,2,2,24,0.2809,0.2661,0.2757,0.2627,0.2734,0.2824,0.2679,0.2811,0.2839,1.0895,1.1470,0.2746,0.2769,0.2783,0.2792,0.6272,6.4466
54800000,264895901,355707,32,10,2,4,24,0.2804,0.1333,0.1394,0.2640,0.1364,0.1446,0.2661,0.1447,0.2829,0.2773,0.2907,0.2766,0.2791,0.2773,0.1391,0.6271,3.9590
55000000,265166937,355839,29,10,4,1,19,0.8294,0.2653,0.2765,0.7830,0.2684,0.2712,0.2582,0.2779,0.2707,0.5343,0.5621,0.2779,0.8227,0.2731,0.5564,1.8656,8.3926
55200000,265380137,355926,27,10,6,1,31,0.2821,0.2651,0.2812,0.2719,0.2675,0.2812,0.2680,0.2825,0.2743,0.5422,0.5656,0.2767,0.2737,0.2752,0.2839,2.5032,7.1942
55400000,265569725,355814,30,10,2,2,21,0.1403,0.1339,0.1399,0.1321,0.1369,0.1405,0.1301,0.1409,0.1401,0.2632,0.2775,0.1415,0.1359,0.1397,0.1416,1.5511,3.8853
55600000,265905690,355998,28,10,0,4,115,0.0906,0.0860,0.0936,0.0871,0.0858,0.0916,0.0844,0.1856,0.0922,0.1735,0.1830,0.0928,0.1799,0.1840,0.1854,1.2437,3.1392
55800000,266075654,356108,26,8,2,3,24,0.2779,0.2710,0.2846,0.2627,0.2724,0.2833,0.2620,0.2763,0.2827,0.5382,0.5649,0.2846,0.2655,0.2823,0.2731,4.3495,9.0311
56000000,266229074,356196,27,8,3,1,16,0.1371,0.1377,0.1402,0.1315,0.1335,0.1381,0.1310,0.1388,0.1406,0.2726,0.2839,0.1413,0.1351,0.2789,0.1379,2.4786,4.9568
56200000,266263871,356185,23,8,1,0,13,0.5563,0.5465,0.2824,0.2659,0.5346,0.5521,0.5307,0.2861,0.2798,1.1132,0.5971,0.2847,0.5531,0.2835,0.5638,0.6280,7.8577
56400000,266396166,356095,24,8,2,1,37,0.2786,0.2721,0.2752,0.2677,0.8192,0.2811,0.2621,0.2919,0.2773,1.7009,1.1970,0.2812,0.2689,0.2834,0.2902,1.2710,8.3178
56600000,266523565,356116,24,8,2,1,70,0.1381,0.1358,0.1464,0.1335,0.1328,0.1449,0.1314,0.1411,0.1451,0.2756,0.2883,0.1476,0.1356,0.1372,0.1423,0.3183,2.6941
56800000,266683784,356204,23,8,0,0,8,0.5457,0.2718,0.5634,0.2652,0.2669,0.2803,0.2628,0.5550,0.2833,0.5361,1.1237,0.2798,0.5344,0.2818,0.5514,0.6258,7.2274
57000000,266720935,356302,22,8,0,1,4,0.1399,0.1378,0.1438,0.1371,0.1358,0.1428,0.1345,0.1423,0.1436,0.2830,0.2960,0.1378,0.1359,0.1378,0.1418,0.6268,3.0167
57200000,266871991,356331,17,8,2,6,22,0.0925,0.0881,0.0958,0.0899,0.1811,0.1900,0.0881,0.0939,0.1884,0.3662,0.3833,0.0916,0.0896,0.1889,0.0921,0.2083,2.5278
57400000,267049323,356352,18,8,1,1,20,0.5553,0.5338,0.5646,0.5341,0.2668,0.2771,0.5301,0.5527,0.2751,0.5404,0.5669,0.2815,0.5422,0.2793,0.5624,1.2517,8.1139
57600000,267138243,356484,19,8,2,2,27,0.2784,0.2695,0.2816,0.2712,0.5513,0.2908,0.8065,0.2790,0.2817,0.5613,0.5904,0.2792,0.2837,0.5661,0.8638,0.6277,7.0821
57800000,267285249,356554,19,8,0,5,17,0.2794,0.2684,0.2847,0.2631,0.2714,0.5665,0.2698,0.2851,0.2813,1.0934,1.1512,0.5639,0.5532,0.2782,1.1397,1.2453,8.7945
58000000,267355052,356425,17,8,0,1,4,0.2738,0.5350,0.5603,0.2610,0.5376,0.2824,0.2710,0.2858,0.2806,0.5438,0.5700,0.8384,0.2742,0.2841,0.2884,1.8627,7.9491
58200000,267479327,356531,18,14,0,1,5,0.2768,0.2749,0.2849,0.2696,0.2723,0.2813,0.2641,0.2809,0.2760,0.5507,0.5792,0.2822,0.2787,0.2674,0.2866,0.6277,5.3531
58400000,267625767,356570,21,15,1,3,51,0.5589,0.2708,0.5722,0.5402,0.5490,0.2827,0.5344,0.5712,0.5560,1.0894,1.1446,0.5633,0.2734,0.5540,0.5655,0.6262,9.2518
58600000,267704138,356488,23,8,2,0,9,0.2802,0.2679,0.2770,0.2670,0.2707,0.5636,0.2716,0.2819,0.2778,0.5587,0.5854,0.2762,0.2682,0.2818,0.8463,0.6255,6.1998
58800000,267855043,356504,29,8,5,1,173,0.5665,0.2740,0.2777,0.2629,0.5439,0.2828,0.5387,0.2838,0.5521,1.1096,1.1621,0.5614,0.2745,0.2800,1.1243,0.6285,8.7226
59000000,268002831,356514,33,14,0,7,90,0.8421,0.2706,0.2750,0.2632,0.2682,0.2814,0.2617,0.2743,0.2756,1.6340,1.7137,0.2769,0.5398,0.5501,0.2807,1.2518,9.2589
59200000,268106157,356522,32,17,3,9,277,0.1407,0.2695,0.1396,0.1314,0.2693,0.1417,0.1316,0.1439,0.1405,0.2648,0.2785,0.1336,0.1366,0.1387,0.2842,0.3119,3.0565
59400000,268216023,356561,29,10,1,2,67,0.0938,0.2687,0.0935,0.1755,0.2682,0.0936,0.1756,0.0943,0.0964,0.1812,0.1900,0.0921,0.0899,0.0925,0.0939,0.4172,2.5165
59600000,268377149,356717,29,16,3,5,85,0.2705,0.2666,0.2814,0.2609,0.2688,0.2810,0.2642,0.2840,0.2776,0.5511,0.5769,0.2807,0.2728,0.2769,0.5509,0.6261,5.5904
59800000,268536258,356698,28,13,0,3,17,0.5465,0.2651,0.5665,0.2569,0.5354,0.5569,0.5227,0.2823,0.2770,1.1048,1.1561,0.2795,0.5513,0.5556,0.2810,0.6276,8.3651
60000000,268696665,356746,28,15,0,2,136,0.8330,0.5408,0.2760,0.5234,0.8139,0.2731,0.7991,0.2867,0.5614,1.6575,1.7363,0.2789,0.8361,0.8429,0.2784,1.2678,11.8052
60200000,268835641,356835,25,15,3,1,50,0.2793,0.8187,0.2750,0.7974,0.2700,0.5625,0.2610,0.2829,0.2777,2.2285,2.3341,0.2804,0.2691,0.2811,0.2855,0.6262,10.1292
60400000,269021866,356647,19,13,1,2,28,0.2762,0.2640,0.2767,0.2687,0.2687,0.2839,0.2642,0.2839,0.2714,0.5489,0.5762,0.2786,0.2725,0.2749,0.2835,1.2447,5.9369
60600000,269249979,356649,20,14,0,1,7,0.1407,0.2653,0.2784,0.2660,0.2683,0.1380,0.1303,0.1396,0.1407,0.2648,0.2791,0.2800,0.1365,0.2757,0.1421,0.3130,3.4583
60800000,269295466,356653,19,13,0,0,7,0.0937,0.2684,0.2796,0.0909,0.0901,0.0915,0.0890,0.0952,0.0950,0.3588,0.3773,0.0929,0.0934,0.0935,0.1906,0.4176,2.8173
61000000,269420732,356650,19,8,0,0,13,0.2786,0.2714,0.2759,0.2632,0.2678,0.2803,0.2573,0.2802,0.2780,1.5722,1.6486,0.2819,0.2654,0.2864,0.2775,0.6275,7.4123
61200000,269471523,356656,18,8,1,2,10,0.2744,0.2657,0.2877,0.5337,0.5442,0.5681,0.2659,0.2817,0.2819,0.5540,0.5818,0.2866,0.5379,0.2827,0.2920,0.6296,6.4677
61400000,269611079,356650,16,8,1,0,7,0.2767,0.2657,0.2853,0.4004,0.4086,0.4293,0.1296,0.2837,0.1358,0.5457,0.5736,0.2833,0.4073,0.2823,0.1431,0.6285,5.4789
61600000,269770926,356801,15,8,0,2,3,0.0938,0.0906,0.0950,0.0894,0.0931,0.0964,0.0888,0.0947,0.0934,0.1819,0.1904,0.0932,0.0906,0.0960,0.1900,0.6283,2.3056
61800000,269936142,356898,15,8,0,1,10,0.2783,0.2703,0.2803,0.2624,0.2681,0.2807,0.5349,0.2804,0.2775,0.5560,0.5817,0.2779,0.2689,0.2736,0.2826,2.5417,7.5152
62000000,270017002,356937,19,8,2,1,17,0.2765,0.2618,0.2815,0.2644,0.2740,0.2826,0.2657,0.5587,0.5548,1.0931,1.1432,0.5559,0.2717,0.5560,0.2782,0.6259,7.5439
62200000,270086903,356827,21,9,0,2,15,0.1398,0.1333,0.1450,0.1343,0.1349,0.1386,0.1336,0.1443,0.1395,0.2793,0.2929,0.1395,0.1366,0.1456,0.1438,0.3132,2.6941
62400000,270277436,356846,23,13,1,6,59,0.5515,0.5301,0.2809,0.2702,0.2706,0.2823,0.2595,0.5586,0.5426,0.5274,0.5540,0.2724,0.2710,0.5638,0.5610,0.6286,6.9246
62600000,270507059,356963,21,13,2,5,11,0.4154,0.1346,0.1386,0.2664,0.2661,0.2783,0.1282,0.1357,0.1326,0.2567,0.2705,0.2712,0.1321,0.1354,0.1344,0.6273,3.7234
62800000,270658303,356925,20,13,3,4,13,1.1285,0.2680,0.5621,0.8136,0.2695,0.2811,0.2597,0.2885,0.2774,0.5300,1.1069,0.2782,0.2739,0.5537,0.5575,0.6254,8.0740
63000000,270746244,356951,17,14,1,2,7,0.2850,0.2728,0.2880,0.2694,0.2730,0.5658,0.5250,0.2924,0.2784,1.0766,1.6751,0.2783,0.2733,0.2821,0.8372,0.6291,8.1015
63200000,270878244,357032,19,14,0,0,13,0.2792,0.2735,0.2841,0.2666,0.2714,0.8439,0.2634,0.2850,0.5579,1.6108,0.5593,0.2863,0.2772,0.2844,0.2837,1.2575,7.8839
63400000,271010139,357040,20,14,1,0,20,0.1394,0.1356,0.1417,0.1375,0.1357,0.1395,0.1326,0.1430,0.1394,0.2711,0.2836,0.1425,0.1357,0.1413,0.1371,0.9426,3.2985
63600000,271241587,357202,20,14,0,5,12,0.2764,0.2646,0.5564,0.2604,0.2643,0.2758,0.2590,0.5475,0.2693,1.0679,1.1196,0.2674,0.5287,0.2763,0.2800,0.6279,7.1413
63800000,271403513,357442,22,14,1,0,17,0.2774,0.5334,0.8367,0.2678,0.2721,0.5496,0.5137,0.2831,0.2865,1.6035,1.6813,0.2809,0.7976,0.5519,0.2875,1.2533,10.2762
64000000,271488235,357454,19,14,1,1,18,0.2802,0.2682,1.1314,0.5437,0.5454,0.2829,0.2567,0.2903,0.2803,2.1925,2.2986,0.2824,0.2698,0.2797,0.5791,0.6277,10.4088
64200000,271633344,357517,20,14,3,3,37,0.2827,0.2689,0.2856,0.2623,0.2743,0.2850,0.2631,0.2876,0.5648,0.5447,0.5703,0.5588,0.2789,0.5519,0.8523,0.6265,6.7577
64400000,271784044,357601,21,14,1,2,17,0.2774,0.2712,0.2808,0.2737,0.2742,0.5690,0.2702,0.2829,0.2678,0.5488,0.5755,0.2847,0.5508,0.2811,1.1265,0.6281,6.7627
64600000,271927755,357676,20,14,0,5,26,0.2781,0.2688,0.2884,0.2681,0.2719,0.2839,0.2592,0.2795,0.2767,0.5406,0.5656,0.2838,0.2740,0.2725,0.2828,0.6299,5.3239
64800000,272047426,357741,18,14,0,1,24,0.2792,0.2660,0.2832,0.2594,0.2745,0.2828,0.2622,0.5580,0.2760,1.0759,1.1274,0.5553,0.2688,0.5566,0.5675,1.2531,8.1458
65000000,272117067,357703,22,14,1,2,14,0.2802,0.5336,0.5695,0.2700,0.2718,0.2844,0.5272,0.8406,0.2848,1.6263,1.7021,0.2768,0.2784,0.2809,0.2865,0.6289,8.9419
65200000,272286071,357767,22,14,1,0,22,0.1373,0.1336,0.1406,0.2688,0.1370,0.1379,0.1286,0.1348,0.1368,1.0864,1.1368,0.1399,0.1350,0.1390,0.1405,0.3094,4.4424
65400000,272416563,357671,24,11,1,1,41,0.2797,0.5326,0.5555,0.2702,0.2709,0.2855,0.5103,0.2819,0.2820,2.6664,0.5600,0.2822,0.2704,0.2800,0.5605,0.6303,8.5185
65600000,272495751,357773,28,15,2,2,124,0.2809,0.2724,0.2785,0.2713,0.2726,0.5714,0.2613,0.2794,0.2722,3.2392,1.1444,0.2957,0.2700,0.2821,0.2908,0.6291,8.9115
65800000,272664484,357785,32,15,2,1,109,0.2808,0.2702,0.2798,0.2671,0.2684,0.2889,0.2642,0.2782,0.2784,0.5477,0.5760,0.2824,0.2815,0.2743,0.2789,0.6295,5.3463
66000000,272811910,357844,33,15,3,0,190,0.2763,0.5374,0.2854,0.5332,0.2680,0.5637,0.2588,0.2771,0.2821,0.5514,0.5765,0.5550,0.2761,0.5430,0.5573,0.6296,6.9708
66200000,272971217,357812,33,17,3,4,144,0.2787,0.2739,0.2916,0.2666,0.2736,0.2807,0.2643,0.2753,0.2717,0.5351,0.5613,0.2812,0.2674,0.2831,0.8455,0.6287,5.8786
66400000,273037297,357884,30,17,5,7,233,0.2836,0.2685,0.2822,0.2618,0.2771,0.2809,0.2697,0.2814,0.2792,0.5393,0.5651,0.5727,0.2729,0.2801,1.1319,0.6299,6.4762
66600000,273170941,357926,30,17,1,0,36,0.2755,0.2673,0.2845,0.5256,0.2664,0.2798,0.2599,0.2746,0.2721,0.5525,0.5774,0.2805,0.2682,0.2781,0.2737,1.2471,6.1832
66800000,273192133,357856,29,17,1,1,19,0.2817,0.2703,0.2805,0.2672,0.2716,0.5691,0.2716,0.5581,0.2771,0.5749,1.1838,0.5613,0.5467,0.5631,0.5644,0.6301,7.6715
67000000,273370188,357990,30,19,2,3,58,0.2805,0.2720,0.2802,0.1344,0.1372,0.1394,0.1342,0.1399,0.1398,0.5439,0.8577,0.1390,0.1356,0.1420,0.1427,0.6298,4.2481
67200000,273436077,358186,29,19,3,1,25,0.2847,0.2686,0.2875,0.2698,0.2708,0.2905,0.2565,0.2823,0.2776,0.5436,0.5694,0.2830,0.2674,0.2833,0.2845,1.9129,6.6322
67400000,273604301,358226,33,18,1,2,25,0.2791,0.2702,0.2781,0.5351,0.2651,0.2755,0.2604,0.2808,0.2849,1.0836,1.1363,0.2732,0.2790,0.2744,0.2803,0.6297,6.6858
67600000,273745886,358140,32,14,3,1,36,0.2756,0.2691,0.2776,0.2677,0.2695,0.2858,0.2605,0.5607,0.2790,0.5370,0.5632,0.2723,0.5477,0.2822,0.2836,1.2496,6.4810
67800000,273871009,358287,34,15,0,2,16,0.2825,0.2658,0.2880,0.5375,0.5394,0.5668,0.2644,0.2905,0.2864,1.0759,1.1281,0.5546,0.2738,0.2784,0.5608,0.6299,7.8227
68000000,273997136,358398,30,14,0,2,13,0.1403,0.1372,0.2863,0.1327,0.1365,0.4267,0.1340,0.1383,0.2811,0.8103,0.8492,0.1385,0.2740,0.1401,0.1421,0.6295,4.7967
68200000,274163647,358393,33,14,0,2,17,0.0940,0.0889,0.0939,0.0904,0.0903,0.0943,0.0891,0.0961,0.0902,0.1789,0.7503,0.0942,0.0935,0.0956,0.1851,0.2125,2.4373
68400000,274154132,358335,31,14,1,1,7,0.2763,0.2703,0.2896,0.2692,0.5402,0.2772,0.5426,0.2902,0.2823,0.5443,0.5719,0.2807,0.5594,0.5639,0.2854,1.2611,7.1047
68600000,274220788,358376,29,14,0,1,13,0.2805,0.2695,0.2805,0.2654,0.2735,0.2898,0.2605,0.2819,0.5632,0.5528,0.5820,0.2811,0.2697,0.2820,0.2880,0.6304,5.6508
68800000,274321119,358360,25,9,0,0,13,0.2777,0.2679,0.2821,0.5372,0.2674,0.2805,0.5330,0.5637,0.2796,0.5420,0.5728,0.2798,0.5480,0.2816,0.5755,1.2719,7.3607
69000000,274510710,358428,26,9,0,0,16,0.2822,0.2699,0.2847,0.2674,0.2725,0.2855,0.2610,0.2774,0.2802,1.0694,0.5570,0.2777,0.2721,0.2809,0.8543,1.8996,7.6919
69200000,274526225,358312,27,9,0,1,9,0.2762,0.2715,0.5610,0.2654,0.2713,0.2826,0.2633,0.2914,0.2840,1.6208,1.1356,0.2756,0.2715,0.2935,0.2876,0.6314,7.2826
69400000,274566150,358282,26,9,0,2,13,0.2828,0.2767,0.8595,0.2723,0.2705,0.2802,0.2628,0.2864,0.5719,0.5471,0.5720,0.2812,0.2712,0.2849,0.2761,1.2743,6.8702
69600000,274674929,358365,27,9,1,0,23,0.1412,0.1389,0.1418,0.1351,0.1384,0.1411,0.1336,0.1454,0.1401,0.2702,0.2840,0.1441,0.1396,0.1450,0.1420,0.9488,3.3292
69800000,274731461,358341,26,9,1,3,24,0.0950,0.0928,0.0972,0.0926,0.0935,0.0971,0.0893,0.0968,0.0979,0.1834,0.1920,0.0948,0.0925,0.0980,0.0986,0.2152,1.8266
70000000,274748477,358303,25,9,1,3,30,0.2809,0.2654,0.2790,0.2727,0.2750,0.2890,0.2674,0.2805,0.2783,1.1077,1.1613,0.2764,0.2725,0.2806,0.2946,0.6324,6.5135
70200000,274844709,358367,23,9,1,2,12,0.2806,0.5354,0.2866,0.2644,0.2728,0.2752,0.5287,0.5684,0.2802,1.6598,1.7420,0.2830,0.2734,0.2803,0.5849,0.6305,8.7463
70400000,274936243,358368,26,13,1,3,42,0.1401,0.4025,0.1412,0.1356,0.1372,0.1437,0.1335,0.1415,0.1415,0.2829,0.2965,0.1432,0.2694,0.1405,0.1451,0.6311,3.4257
70600000,275048605,358601,24,11,1,2,6,0.1853,0.0912,0.0927,0.0896,0.0896,0.0952,0.0884,0.0929,0.1888,0.1826,0.1912,0.0930,0.0901,0.0946,0.0958,0.2112,1.9722
70800000,275156324,358563,23,12,2,0,12,0.0692,0.0659,0.1408,0.1319,0.0669,0.0678,0.0635,0.1409,0.0702,0.2732,0.2865,0.1369,0.0694,0.1393,0.0706,0.3148,2.1079
71000000,275317763,358669,19,9,0,3,7,0.2744,0.2635,0.2850,0.2740,0.2661,0.2802,0.5140,0.2816,0.2814,0.5411,1.7189,0.2810,0.2764,0.8453,0.5686,0.6325,7.5839
71200000,275433745,358579,18,9,0,4,15,0.1389,0.2664,0.2874,0.2710,0.1394,0.1408,0.1347,0.2841,0.1395,0.5467,1.1484,0.2786,0.2775,0.1422,0.4280,0.6325,5.2561
71400000,275537229,358628,17,9,1,0,9,0.0915,0.0888,0.2857,0.0885,0.0901,0.0906,0.0869,0.0929,0.0931,0.1789,0.1876,0.2795,0.2745,0.1876,0.0932,0.6316,2.8411
71600000,275599448,358622,18,9,0,0,11,0.2780,0.5252,0.2858,0.5287,0.5400,0.5521,0.2662,0.2852,0.2814,0.5563,0.5848,1.1134,0.2712,0.2791,0.5698,2.5035,9.4207
71800000,275665576,358655,20,9,0,0,19,0.1416,0.3995,0.1413,0.1325,0.1369,0.1409,0.1320,0.1415,0.2857,0.2708,0.2831,0.1411,0.2753,0.2802,0.4270,0.3118,3.6413
72000000,275727365,358524,19,9,3,3,16,0.0938,0.0906,0.0942,0.0889,0.0924,0.0935,0.0862,0.0952,0.0931,0.1863,0.1944,0.0917,0.2764,0.0948,0.0962,0.2108,1.9786
72200000,275763371,358536,24,9,2,4,29,0.2821,0.2749,0.2780,0.2665,0.2711,0.2799,0.2624,0.2902,0.2832,0.5494,0.5730,0.2806,0.2817,0.2867,0.2925,1.2710,6.0231
72400000,275794698,358461,23,9,2,3,23,0.5671,0.2715,0.2834,0.2672,0.2734,0.2842,0.2785,0.2817,0.2833,0.5540,0.5789,0.2795,0.2785,0.2864,0.2834,0.6303,5.6813
72600000,275968848,358503,27,13,0,5,36,0.2755,0.2675,0.5610,0.5319,0.2792,0.5591,0.2662,0.5681,0.5601,0.5410,1.1355,0.2798,0.5458,0.2774,0.5590,0.6324,7.8396
72800000,275938512,358448,25,11,0,9,41,0.1404,0.2686,0.1414,0.3959,0.1369,0.1422,0.1329,0.1412,0.1465,0.5452,0.2929,0.2812,0.1400,0.1426,0.1481,0.6320,3.8279
73000000,276047105,358445,25,13,2,9,26,0.2807,0.8065,0.2830,1.0576,0.5412,0.5665,0.5413,0.2820,0.5675,0.5513,1.1684,0.8479,0.2727,0.2811,0.5811,0.6317,9.2604
73200000,276146613,358366,22,13,0,6,36,0.2769,0.2740,0.2820,0.2648,0.2653,0.2786,0.2683,0.2908,0.2792,0.5276,0.5543,0.2809,0.2757,0.2921,0.2834,1.2545,5.9485
73400000,276202472,358238,21,9,0,2,25,0.1415,0.1365,0.1412,0.1349,0.1384,0.1450,0.1323,0.1416,0.1393,0.2701,0.2833,0.1424,0.1408,0.1387,0.1397,0.9433,3.3090
73600000,276314628,358338,24,9,0,8,25,0.5671,0.2718,0.2828,0.5417,0.2702,0.2782,0.2638,0.2825,0.5660,1.0868,1.1390,0.5678,0.5508,0.2778,0.2767,0.6310,7.8540
73800000,276473314,358278,26,8,0,2,16,0.2787,0.5409,0.2765,0.7913,0.2668,0.2810,0.2679,0.2827,0.2902,0.5563,0.5848,0.2689,0.8168,0.2767,0.2888,1.2519,7.3199
74000000,276599832,358295,25,8,2,3,42,0.1355,0.1328,0.1408,0.1309,0.2694,0.1387,0.2673,0.1374,0.1433,0.5486,0.5764,0.1386,0.1368,0.1382,0.1397,0.3134,3.4877
74200000,276691237,358322,23,8,0,3,18,0.1816,0.1781,0.1912,0.1756,0.2706,0.1840,0.2669,0.1863,0.0905,0.1791,0.5734,0.1855,0.0906,0.1844,0.0969,0.4185,3.4533
74400000,276743936,358290,20,8,0,2,12,0.0705,0.0706,0.0722,0.0665,0.2708,0.0711,0.0681,0.0735,0.1373,0.2800,0.5805,0.2095,0.0688,0.0708,0.0732,0.4724,2.6560
74600000,276784951,358157,17,8,0,0,13,0.0556,0.0552,0.0566,0.0545,0.0557,0.0557,0.0534,0.0579,0.0554,0.1091,0.1142,0.0566,0.0533,0.0572,0.1140,0.5041,1.5084
74800000,276737971,357940,18,8,0,0,12,0.0477,0.0454,0.0489,0.0908,0.0468,0.0480,0.0450,0.0483,0.0466,0.0944,0.0987,0.0941,0.0463,0.0484,0.0488,0.5254,1.4235
75000000,276837716,358065,20,8,0,2,9,0.2825,0.2742,0.2842,0.2731,0.2764,0.2865,0.2696,0.2862,0.2790,1.1147,1.1671,0.2844,0.2743,0.2786,0.5749,3.7736,9.9793
75200000,276926564,358094,23,8,2,1,27,0.1390,0.1368,0.1420,0.1302,0.1329,0.2857,0.1332,0.1431,0.1396,0.2658,0.2798,0.1426,0.2694,0.2792,0.1419,0.3102,3.0715
75400000,276896855,358088,23,8,0,1,19,0.2776,0.2740,0.2809,0.2648,0.2708,0.8564,0.2674,0.5758,0.2791,0.5723,1.1638,0.2810,0.8214,0.8455,0.2929,0.6298,7.9537
75600000,276805913,358104,24,8,2,3,15,0.2799,0.2752,0.2813,0.1373,0.1398,0.1411,0.2648,0.1501,0.1438,0.5592,0.8647,0.1431,0.1373,0.1429,0.2886,0.3206,4.2698
75800000,276863419,358079,23,8,0,9,38,0.8432,0.8217,0.2878,0.2687,0.5472,0.5598,0.7893,0.2774,0.2797,1.6686,2.3049,0.2809,0.2662,0.5697,0.8631,1.2710,11.8992
76000000,276872536,358049,23,8,2,1,30,0.1437,0.1386,0.1465,0.1334,0.4123,0.1425,0.5260,0.1444,0.1424,0.2854,0.2974,0.1445,0.1415,0.4216,0.5723,0.9483,4.7406
76200000,276936327,358052,26,8,2,7,46,0.0926,0.1806,0.0937,0.0902,0.3670,0.1898,0.0887,0.0933,0.0950,0.3725,0.3889,0.0951,0.0914,0.0941,0.0971,0.8424,3.2724
76400000,277061471,358178,26,8,4,6,87,0.5576,0.8172,0.5678,0.2601,0.2660,0.8555,0.5261,0.2808,0.5674,0.5289,0.5565,0.5637,0.2703,0.5675,0.5723,0.6309,8.3887
76600000,277087925,358137,24,8,2,4,78,0.2806,0.2681,0.2827,0.5291,0.2738,0.2840,0.8025,0.5675,0.8565,0.5638,0.5901,0.2854,0.2783,0.2761,0.8623,0.6298,7.6308
76800000,277188497,358298,26,10,0,6,71,0.1381,0.2687,0.1371,0.1305,0.1352,0.2834,0.1295,0.4252,0.5723,0.2673,0.2805,0.1418,0.2734,0.2780,0.1419,0.6295,4.2325
77000000,277159874,358254,23,11,4,4,143,0.0924,0.0902,0.0936,0.0859,0.0926,0.0943,0.0889,0.3789,0.0925,0.1767,0.1849,0.0928,0.0892,0.0917,0.1871,0.2077,2.1394
77200000,277166081,358246,27,13,2,4,150,0.0711,0.0679,0.1439,0.0674,0.0690,0.0680,0.1324,0.0717,0.0696,0.1386,0.1447,0.1404,0.0711,0.0717,0.2117,0.1592,1.6983
77400000,277215787,358222,28,13,1,3,132,0.2797,0.5310,0.2870,0.2693,0.2709,0.2842,0.2717,0.2805,0.5558,0.5533,0.5802,0.8377,0.2809,0.2815,1.1117,0.6314,7.3067
77600000,277093593,358165,28,13,5,1,151,0.2847,0.7996,0.2918,0.2669,0.2785,0.2852,0.5434,0.2858,0.2789,1.1197,1.1741,0.2833,0.2722,0.2869,0.2815,1.2594,7.9919
77800000,277147838,358083,27,13,2,3,140,0.1414,0.1311,0.1393,0.1326,0.2770,0.1373,0.4059,0.2848,0.1376,0.8333,0.8742,0.2802,0.1356,0.1402,0.1445,0.9489,5.1437
78000000,277261516,357991,27,13,5,4,173,0.2773,0.2706,0.2832,0.2656,0.2724,0.2799,0.2642,0.2874,0.2827,2.2025,2.3121,0.2726,0.2708,0.2877,0.5694,0.6288,9.0271
78200000,277298725,358020,25,13,4,2,240,0.1388,0.1387,0.1396,0.1336,0.1368,0.2801,0.1291,0.1420,0.1439,1.3682,1.4368,0.1355,0.1399,0.1390,0.1402,0.6290,5.3713
78400000,277325311,358047,22,14,5,3,109,0.2810,0.2672,0.2869,0.2736,0.2791,0.2889,0.2619,0.2924,0.2818,0.5303,0.5571,0.2868,0.2832,0.2939,0.5834,0.6307,5.6784
78600000,277440829,358087,24,14,2,0,29,0.2797,0.1375,0.2867,0.1350,0.1393,0.1397,0.2624,0.1402,0.1381,0.2728,0.2867,0.1355,0.1362,0.1414,0.4325,0.6303,3.6939
78800000,277489795,358100,23,15,1,5,43,0.2794,0.2730,0.2811,0.2674,0.2675,0.2839,0.2771,0.2820,0.2735,0.5369,0.5637,0.2790,0.2738,0.2845,0.2877,0.6322,5.3428
79000000,277516883,358219,20,17,1,0,67,0.1408,0.1355,0.1443,0.1360,0.2727,0.1447,0.1347,0.1450,0.1425,0.2760,0.2878,0.1380,0.1366,0.1418,0.1404,0.6316,3.1483
79200000,277579401,358338,25,20,4,0,174,0.2822,0.5386,0.2851,0.5370,0.2747,0.5737,0.2654,0.2830,0.2915,0.5452,0.5746,0.2769,0.2792,0.5678,0.2870,0.6302,6.4921
79400000,277716471,358459,24,21,3,1,174,0.5651,0.8167,0.2855,0.2648,0.2734,0.8683,0.2608,0.2922,0.2831,1.0909,1.1462,0.2784,0.5634,0.8593,0.2850,1.2710,9.4042
79600000,277713000,358434,26,23,7,3,186,0.2847,0.2740,0.5755,0.2689,0.2759,0.2839,0.2645,0.2854,0.2940,0.5456,0.5746,0.2803,0.8488,0.2847,0.5732,1.9138,7.8278
79800000,277789620,358413,22,24,3,3,80,0.2844,0.2660,0.2807,0.2675,0.2736,0.2854,0.5299,0.2814,0.2789,1.0749,0.5662,0.2769,1.1043,0.5560,0.2864,2.5122,9.1248
80000000,277785085,358473,24,24,0,2,63,0.1425,0.1385,0.1460,0.1386,0.1382,0.1445,0.1427,0.1462,0.1426,0.2800,0.5717,0.1408,0.6822,0.1445,0.2860,1.5537,4.9388
80200000,277799643,358444,23,24,1,3,31,0.2837,0.2825,0.5813,0.2671,0.2734,0.2814,0.2676,0.2900,0.2882,1.1198,1.7376,0.2836,0.2773,0.5786,0.2968,0.6302,7.7391
80400000,277873842,358412,22,25,0,0,34,0.2809,0.2665,0.2861,0.2677,0.2755,0.2760,0.5267,0.2819,0.2832,1.6239,2.2440,0.2820,0.2750,0.2795,0.2893,1.2348,8.9729
80600000,277897227,358385,24,25,0,1,73,0.2808,0.1319,0.1388,0.1336,0.1372,0.1435,0.3955,0.1403,0.1366,1.0895,0.2783,0.2800,0.1334,0.1404,0.2865,0.9391,4.7854
80800000,277982793,358400,28,26,2,2,132,0.2796,0.2678,0.2808,0.2639,0.2736,0.2794,0.2663,0.2802,0.2826,0.5558,0.5820,0.2718,0.5504,0.2769,0.8660,0.6318,6.2088
81000000,278075737,358504,28,26,3,2,167,0.5517,0.2722,0.5580,0.2606,0.5359,0.5503,0.2653,0.2786,0.5521,0.5389,1.1381,0.2755,0.2762,0.2746,0.2894,0.6303,7.2475
81200000,278081362,358484,31,27,8,3,473,0.8467,0.2755,0.2813,0.2690,0.2735,0.2842,0.2723,0.2875,0.2830,0.5649,0.5911,0.2855,0.2904,0.2802,0.2957,0.6300,6.0107
81400000,278066940,358299,30,28,4,1,263,0.2844,0.2636,0.5557,0.2724,0.2817,0.2866,0.2693,0.2818,0.2853,1.1098,1.1595,0.5638,0.2824,0.2794,0.5803,0.6309,7.3869
81600000,278166826,358377,29,29,6,7,243,0.5698,0.2746,0.8662,0.5507,0.5671,0.5754,0.2654,0.2817,0.2789,0.5240,0.5532,0.8638,0.5676,0.2862,0.8855,1.2834,9.1937
81800000,278333381,358342,25,30,2,3,79,0.2833,0.2632,0.2880,0.2701,0.2743,0.2714,0.2668,0.2828,0.2802,0.5400,0.5701,0.2791,0.8387,0.2730,1.1744,0.6297,6.7850
82000000,278375746,358463,21,30,2,1,57,0.2808,0.2747,0.5639,0.2740,0.2803,0.2774,0.2677,0.2856,0.2775,1.0882,1.1444,0.2832,0.2772,0.5501,0.2916,0.6306,7.0471
82200000,278501049,358588,20,30,1,3,57,0.5648,0.2651,0.2802,0.2587,0.5567,0.5648,0.5513,0.5702,0.5639,1.6593,1.7427,0.5599,0.2724,0.2744,0.5854,0.6289,9.8985
82400000,278560374,358611,18,31,2,2,42,0.8322,0.2710,0.2921,0.5236,0.2724,0.8315,0.7980,0.8415,0.2785,2.1752,0.5795,0.8283,0.5406,0.5481,0.3031,1.2462,11.1618
82600000,278736003,358498,21,34,2,1,64,0.5558,0.1346,0.2866,0.1302,0.1335,0.5562,0.5326,0.1412,0.1389,0.2668,0.5707,0.1390,0.1357,0.4140,0.1438,0.9370,5.2166
82800000,278805862,358565,23,34,3,1,82,0.2819,0.2731,0.2817,0.2733,0.2787,0.2789,0.2741,0.2851,0.2842,0.5358,0.5660,0.2771,0.2757,0.2792,0.2929,0.6298,5.3673
83000000,278758465,358624,25,35,3,2,153,0.2811,0.2681,0.2861,0.2698,0.2811,0.2778,0.2649,0.5770,0.2878,0.5478,1.1418,0.2824,0.2878,0.2777,0.2993,1.2599,6.8903
83200000,278636604,358456,25,35,2,3,71,0.5549,0.5360,0.2960,0.5333,0.5520,0.5556,0.5260,0.2905,0.5765,0.5699,0.5983,0.5661,0.5665,0.5566,0.5988,1.8729,9.7499
83400000,278674323,358601,25,35,2,5,48,0.2844,0.2750,0.5885,0.2677,0.8575,0.8645,0.2637,0.5895,0.8961,1.1622,0.5906,0.8814,0.8767,0.2783,0.2839,0.6308,9.5910
83600000,278672916,358722,26,35,7,2,110,0.2848,0.2743,0.2810,0.2685,0.2833,0.2865,0.2696,0.2947,0.2871,0.5558,0.5838,0.2834,1.1180,0.2857,0.2951,1.2308,6.8824
83800000,278674427,358733,22,36,3,1,82,0.1411,0.2727,0.1477,0.1357,0.2811,0.1426,0.1361,0.1418,0.1409,0.2681,0.2816,0.1403,0.6958,0.1443,0.1467,0.3155,3.5322
84000000,278711558,358750,17,33,1,1,15,0.2883,0.2780,0.5905,0.2665,0.2710,0.2825,0.2624,0.2858,0.2762,0.5600,0.5865,0.2856,0.2772,0.5723,0.5940,1.2752,6.9519
84200000,278714346,358735,18,33,0,2,28,0.1389,0.1340,0.1443,0.1369,0.1386,0.1405,0.1373,0.1452,0.1453,0.2779,0.2907,0.1450,0.1394,0.1398,0.1450,0.3178,2.7166
84400000,278781456,358510,22,33,3,2,51,0.2805,0.2684,0.5712,0.2683,0.2701,0.5549,0.2691,0.2754,0.2807,0.5526,1.1557,0.2815,0.2806,0.2776,0.5755,1.2618,7.4237
84600000,278753146,358460,27,18,1,15,99,0.5656,0.2752,0.2852,0.2699,0.2732,0.2776,0.2697,0.5701,0.2807,0.5635,1.7739,0.2775,0.2734,0.2848,0.8803,0.6314,7.7519
84800000,278772744,358455,25,12,2,5,109,0.1422,0.1354,0.1426,0.1385,0.1372,0.1457,0.1336,0.1432,0.1461,0.2874,0.3001,0.2769,0.1390,0.1447,0.1491,0.6302,3.1919
85000000,278865958,358631,24,14,5,9,124,0.2827,0.2661,0.2833,0.2662,0.5404,0.5696,0.5264,0.5595,0.2809,0.5452,0.5692,0.2799,0.2781,0.5692,0.2815,1.8752,7.9735
85200000,278991228,358732,22,15,5,5,95,0.1390,0.1344,0.1403,0.1330,0.1332,0.1385,0.1325,0.1389,0.1370,0.2693,0.2834,0.1377,0.1376,0.1350,0.1413,0.3146,2.6454
85400000,278953376,358614,19,16,2,9,69,0.5672,0.5425,0.5756,0.2728,0.2791,0.5729,0.5397,0.5614,0.5637,1.0759,1.1321,0.5599,0.5617,0.5526,0.5828,1.2623,10.2022
85600000,279010191,358532,16,14,0,2,1,0.1423,0.1345,0.1406,0.1340,0.1350,0.1412,0.1319,0.1437,0.1411,0.2718,0.2846,0.1390,0.1397,0.1422,0.1409,0.9465,3.3091
85800000,279112842,358647,17,10,1,1,43,0.2781,0.5389,0.2819,0.2638,0.2697,0.2840,0.2645,0.2850,0.2833,1.0858,0.5732,0.5626,0.2688,0.5717,0.2865,0.6301,6.7279
86000000,279125039,358532,23,11,2,2,57,0.2848,0.2785,0.2882,0.2720,0.2756,0.2952,0.2695,0.2852,0.5611,0.5520,0.5791,0.2824,0.5471,0.2861,0.5731,0.6310,6.2607
86200000,279145575,358551,25,14,3,4,153,0.2798,0.2757,0.2870,0.2706,0.2690,0.2811,0.2706,0.2881,0.2803,0.5451,0.5715,0.2865,0.2743,0.2782,0.2787,0.6297,5.3663
86400000,279207962,358455,22,14,4,3,149,0.1383,0.1323,0.1401,0.2691,0.2728,0.2844,0.2707,0.2892,0.1438,0.5373,0.2762,0.2837,0.2739,0.2822,0.1433,0.6294,4.3667
86600000,279219862,358455,25,16,1,3,84,0.2812,0.2748,0.2918,0.2737,0.2738,0.2775,0.2660,0.2906,0.2844,0.5508,0.5781,0.2879,0.2716,0.2868,0.2827,1.9153,6.6868
86800000,279265048,358517,34,16,6,4,157,0.2864,0.2688,0.2805,0.2676,0.5414,0.2886,0.2743,0.2741,0.2793,0.5325,0.5585,0.2853,0.2795,0.2810,0.5561,0.6312,5.8851
87000000,279269090,358568,30,16,5,9,178,0.2827,0.2694,0.2893,0.2729,0.2755,0.5740,0.2695,0.2818,0.2874,0.5353,0.5621,0.2770,0.5557,0.5654,0.8447,0.6314,6.7739
87200000,279296454,358539,27,16,5,1,128,0.2790,0.2720,0.2914,0.2662,0.2706,0.2810,0.2711,0.2818,0.2825,1.1103,1.1656,0.2782,0.2793,0.2878,0.2821,0.6290,6.5278
87400000,279365874,358682,26,16,4,4,67,0.2764,0.2736,0.2834,0.2634,0.2623,0.2838,0.2684,0.2817,0.2855,0.5492,0.5788,0.5518,0.2672,0.2817,0.5625,0.6293,5.8990
87600000,279419824,358697,31,16,1,0,48,0.2781,0.2669,0.2916,0.2688,0.2668,0.2798,0.2645,0.2788,0.5584,1.0831,0.5740,0.2853,0.5358,0.2801,0.2912,0.6309,6.4341
87800000,279381900,358565,37,17,1,0,135,0.1418,0.1409,0.2890,0.1376,0.1361,0.2826,0.1321,0.2827,0.1389,0.8152,0.5732,0.1382,0.1369,0.1433,0.1426,0.6306,4.2616
88000000,279321248,358468,41,17,4,2,274,0.0972,0.0934,0.2881,0.0932,0.0920,0.0978,0.1795,0.2818,0.1887,0.1917,0.2009,0.1883,0.0945,0.0972,0.0982,0.2164,2.4990
88200000,279381440,358436,42,17,9,0,226,0.2851,0.2696,0.2770,0.2670,0.2770,0.2802,0.2688,0.2865,0.2806,0.5483,0.5754,0.2768,0.2757,0.2826,0.2978,0.6316,5.3799
88400000,279372206,358372,35,17,2,1,89,0.1385,0.2722,0.1354,0.1326,0.1345,0.2831,0.1313,0.1412,0.1378,0.2723,0.5792,0.2805,0.1370,0.1376,0.1439,0.6316,3.6887
88600000,279423350,358122,29,17,0,0,27,0.2778,0.8093,0.2833,0.2696,0.5349,0.2806,0.2725,0.2849,0.2840,0.5449,1.7096,0.2747,0.2710,0.2831,0.5611,1.8716,8.8129
88800000,279466004,358379,25,17,5,1,17,0.2796,0.2800,0.2872,0.2647,0.2646,0.2746,0.2710,0.2848,0.2825,0.5591,0.5844,0.2803,0.2811,0.2776,0.2863,0.6295,5.3875
89000000,279559201,358399,25,17,1,2,18,0.2779,0.2718,0.2853,0.5353,0.2727,0.2781,0.5287,0.2841,0.2808,0.5383,1.1468,0.2776,0.2701,0.5564,0.2839,0.6290,6.7169
89200000,279586513,358387,24,17,2,0,45,0.1429,0.1359,0.1427,0.1334,0.1380,0.1427,0.1333,0.1416,0.1454,0.2725,0.2864,0.1418,0.1395,0.4196,0.1453,0.6287,3.2895
89400000,279503614,358300,24,17,0,0,23,0.5700,0.2624,0.2879,0.2638,0.2754,0.2859,0.5371,0.2861,0.2812,1.1117,1.1681,0.5702,0.5665,1.1270,0.2892,1.8980,9.7805
89600000,279626166,358385,31,17,2,1,67,0.1408,0.1331,0.1397,0.1321,0.1347,0.1398,0.1342,0.2815,0.1371,0.8282,0.2874,0.1363,0.1355,0.1415,0.1408,1.2639,4.3065
89800000,279718345,358457,24,17,0,1,17,0.2771,0.5257,0.2859,0.2708,0.2709,0.2794,0.5232,0.2763,0.5536,0.5531,0.5784,0.5456,0.2706,0.5611,0.2885,3.1102,9.1703
90000000,279682248,358407,25,21,0,0,145,0.2774,0.2728,0.5729,0.2709,0.2660,0.2758,0.2682,0.5539,0.8370,0.5706,0.5975,0.2810,0.2663,0.2800,0.2916,3.7484,9.6304
90200000,279719356,358315,23,21,1,1,8,0.5614,0.5404,0.2820,0.5362,0.2693,0.2853,0.5371,0.2814,0.2836,0.5659,0.5926,0.2803,0.2771,0.5561,0.2806,4.3903,10.5195
90400000,279748359,358344,29,21,3,3,353,0.2819,0.2783,0.2914,0.7941,0.2672,0.2831,0.2655,0.2810,0.5648,0.5601,0.5890,0.2818,0.2802,0.2735,0.5672,0.6307,6.4900
90600000,279853732,358385,28,21,1,1,114,0.2802,0.5533,0.2868,1.0782,0.5447,0.5720,0.5392,0.5633,0.8562,1.1186,1.1763,0.5611,0.5562,0.2817,0.2844,1.2738,10.5261
90800000,279908186,358296,29,21,1,2,95,0.1401,0.1385,0.1370,0.1332,0.4048,0.4256,0.1291,0.1427,0.5639,0.2744,0.2886,0.1402,0.1389,0.1426,0.2899,0.3177,3.8072
91000000,279888490,358152,29,21,2,5,57,0.0943,0.1838,0.0946,0.1797,0.0920,0.0950,0.0897,0.0956,0.0946,0.3660,0.3844,0.0931,0.0948,0.0927,0.0972,0.4231,2.5707
91200000,279951254,358160,35,21,2,5,98,0.0707,0.0688,0.0732,0.0671,0.0669,0.0717,0.0662,0.0711,0.0722,0.1407,0.1476,0.0728,0.0717,0.0697,0.0735,0.4755,1.6795
91400000,279957797,358209,40,21,6,6,211,0.2834,0.5479,0.5766,0.2714,0.2740,0.2801,0.2711,0.2780,0.5728,0.5557,1.1737,0.2766,0.2835,0.2869,0.2938,2.5348,8.7601
91600000,279969922,358275,47,21,3,7,192,0.2835,0.2689,0.8653,0.2701,0.5488,0.2863,0.2637,0.2874,0.2885,0.5637,1.7763,0.2825,0.5740,0.2891,0.2834,3.1904,10.3219
91800000,280101575,358257,56,21,4,10,177,0.2776,0.2684,0.2863,0.2644,0.2745,0.2868,0.5273,0.5715,0.2815,1.1046,0.5787,0.2826,0.2785,0.5726,0.5718,0.6307,7.0576
92000000,280159452,358362,64,21,4,15,305,0.2774,0.2737,0.2877,0.2647,0.2675,0.2825,0.2608,0.2712,0.2752,0.5650,0.5895,0.2816,0.2782,0.2795,0.8550,0.6306,5.9399
92200000,280226538,358365,60,21,6,14,272,0.2794,0.1320,0.1416,0.1310,0.1345,0.2829,0.1318,0.1459,0.2764,0.2867,0.2992,0.1383,0.2767,0.1387,0.5735,0.3152,3.6840
92400000,280211475,358259,46,21,6,5,193,0.0934,0.0894,0.0946,0.1779,0.0893,0.2855,0.1750,0.1905,0.0935,0.1884,0.1974,0.0939,0.0914,0.0958,0.1003,0.4209,2.4770
92600000,280319812,358308,41,21,9,5,182,0.2801,0.2588,0.5658,0.2678,0.2789,0.2865,0.2661,0.2836,0.2808,1.1095,0.5751,0.2817,0.2726,0.2756,0.5817,0.6305,6.4952
92800000,280373010,358330,33,21,2,1,114,0.1376,0.1321,0.1381,0.1353,0.1367,0.1405,0.1311,0.1416,0.1396,0.2813,0.2943,0.1380,0.1367,0.1379,0.1467,0.6304,2.9980
93000000,280393131,358379,26,21,1,2,9,0.2784,0.2647,0.2837,0.2677,0.2742,0.2883,0.2708,0.2869,0.2790,0.5322,0.5599,0.2972,0.2687,0.2898,0.2931,0.6317,5.3662
93200000,280443599,358417,28,17,1,2,40,0.2785,0.2724,0.2838,0.2647,0.2707,0.2835,0.2595,0.2812,0.2843,0.5441,0.5669,0.2783,0.2755,0.2874,0.2918,1.2877,6.0102
93400000,280429002,358431,31,17,2,0,100,0.2774,0.2793,0.2861,0.2626,0.5382,0.2833,0.2643,0.2857,0.2886,0.5579,0.5827,0.2872,0.2738,0.2857,0.2878,1.8973,6.9378
93600000,280529565,358462,31,17,1,5,107,0.2805,0.5544,0.5706,0.5309,0.8181,0.2835,0.5325,0.2790,0.2824,1.1010,1.1525,0.5642,0.2713,0.5619,0.2835,0.6311,8.6974
93800000,280548879,358570,30,17,1,2,152,0.1408,0.1369,0.1418,0.1323,0.1391,0.1437,0.1313,0.1456,0.1412,0.2767,0.2882,0.1422,0.1390,0.1373,0.1429,0.3167,2.6956
94000000,280612325,358598,28,17,3,2,126,0.0932,0.0876,0.0927,0.0893,0.0903,0.0928,0.0879,0.0935,0.0942,0.1827,0.1919,0.0918,0.0911,0.0941,0.0946,0.4202,1.9879
94200000,280622937,358617,29,17,3,1,244,0.2834,0.2719,0.5555,0.2684,0.2803,0.2794,0.2633,0.2768,0.2786,1.0998,1.1541,0.5585,0.2814,0.5681,0.5710,0.6317,7.6221
94400000,280731736,358752,27,32,3,1,76,0.2780,0.2644,0.2802,0.2666,0.2683,0.2765,0.2642,0.2834,0.2825,0.5310,0.5580,0.2805,0.2765,0.2783,0.2765,0.6301,5.2951
94600000,280770066,358656,30,32,1,2,73,0.2839,0.5394,0.2835,0.2644,0.2756,0.2812,0.2571,0.2858,0.2768,1.0739,0.5680,0.2849,0.2726,0.2831,0.2873,0.6303,6.1477
94800000,280771953,358614,32,32,2,2,36,0.1401,0.4073,0.2806,0.2643,0.1374,0.2817,0.2608,0.2866,0.1389,0.8083,0.5680,0.2827,0.1412,0.1404,0.1438,0.6303,4.9122
95000000,280969571,358808,27,32,1,0,53,0.0927,0.0886,0.2783,0.0865,0.0890,0.2820,0.2599,0.2834,0.0895,0.1702,0.1794,0.0910,0.1868,0.0886,0.0917,0.6298,2.9876
95200000,281083708,358698,26,32,2,3,164,0.2820,0.2734,0.2769,0.2650,0.5302,0.2798,1.0358,1.1223,0.2788,0.5486,1.1064,0.2809,0.2746,0.2751,0.2827,0.6303,7.7427
95400000,281136794,358706,26,32,0,4,73,0.1403,0.1353,0.1431,0.1304,0.1347,0.1418,0.6505,0.7040,0.1425,0.2736,0.2872,0.1394,0.1400,0.1420,0.1477,0.6303,4.0827
95600000,281145177,358809,29,32,3,5,103,0.2801,0.2767,0.2888,0.2683,0.2696,0.2764,0.2686,0.2840,0.2785,0.5354,0.5617,0.2744,0.2731,0.2777,0.5738,0.6296,5.6169
95800000,281169065,358921,23,32,2,0,107,0.2815,0.5486,0.5721,0.5380,0.5454,0.5674,0.2608,0.2863,0.5689,0.5522,1.1522,0.2729,0.2679,0.5582,0.8804,0.6282,8.4811
96000000,281179988,358864,23,32,3,1,164,0.1420,0.1328,0.1412,0.1366,0.1339,0.1435,0.1299,0.1429,0.1460,0.2809,0.2945,0.1419,0.1398,0.1382,0.1430,0.6288,3.0158
96200000,281159564,358903,24,32,1,7,176,0.2807,0.2720,0.2854,0.2733,0.5418,0.2912,0.2718,0.2959,0.2851,0.5580,0.5828,0.2759,0.2794,0.2897,0.2919,1.8743,6.9492
96400000,281193019,358886,24,32,1,6,69,0.1393,0.1348,0.1385,0.1316,0.1339,0.1384,0.1319,0.1417,0.1381,0.2646,0.2783,0.1365,0.1337,0.1361,0.1407,1.2608,3.5789
96600000,281223570,358887,23,32,1,4,34,0.1869,0.0935,0.0964,0.0908,0.0941,0.0949,0.0886,0.0977,0.0945,0.1782,0.1883,0.0956,0.0949,0.0969,0.0967,1.0488,2.7369
96800000,281262780,358987,24,32,2,2,86,0.2845,0.2769,0.2866,0.2699,0.2776,0.2864,0.2731,0.2904,0.2792,0.5345,0.5621,0.2816,0.2832,0.2839,0.2913,3.7343,8.4954
97000000,281310163,358907,28,32,2,2,119,0.5683,0.2675,0.2832,0.5390,0.5490,0.5818,0.5351,0.5792,0.2845,1.0833,0.5715,0.2815,0.2802,0.2739,0.2872,4.3896,11.3547
97200000,281262166,358887,30,32,2,2,191,0.2824,0.2766,0.2842,0.2656,0.2703,0.2846,0.2650,0.2967,0.2848,0.5598,0.5863,0.2827,0.2793,0.2790,0.2960,4.9413,9.7345
97400000,281168693,358876,26,32,3,2,231,0.5715,0.2720,0.2894,0.5483,0.2767,0.5722,0.2661,0.2877,0.5750,1.1264,1.1818,0.5671,0.2783,0.5607,0.2931,5.6523,13.3187
97600000,281243000,358957,31,32,1,1,121,0.1384,0.1342,0.1399,0.1310,0.1324,0.1410,0.1284,0.1363,0.1389,0.8395,0.8808,0.1412,0.1354,0.1402,0.1389,3.1549,6.6515
97800000,281257860,359009,27,32,8,2,182,0.5568,0.2758,0.2913,0.2721,0.5363,0.5560,0.2645,0.2761,0.5534,2.2135,2.3220,0.5639,0.2871,0.5562,0.5581,0.6340,10.7169
98000000,281312459,359076,36,32,2,2,273,0.2767,0.5498,0.5830,0.5483,0.8244,0.8493,0.2702,0.5668,0.2805,2.7895,0.5776,0.2849,0.5727,0.8494,0.8534,0.6307,11.3071
98200000,281368124,359135,38,32,5,1,260,0.2793,0.2729,0.2866,0.8194,1.1040,1.1340,0.2720,0.2822,0.5603,0.5311,0.5604,0.2852,0.2865,1.1384,1.1566,0.6306,9.5995
98400000,281334953,358994,44,32,4,4,237,0.2798,0.5515,0.2835,1.0909,0.2763,1.4207,0.2642,0.5685,0.2832,0.5617,0.5906,0.2844,0.2798,0.2838,0.2956,1.2590,8.5734
98600000,281308315,358983,40,20,4,3,185,0.2818,0.2745,0.5697,0.2694,0.2785,0.2899,0.2711,0.2804,0.2898,0.5526,0.5810,0.2779,0.5572,0.5637,0.3009,1.8764,7.5147
98800000,281290097,359062,40,22,3,1,140,0.5675,0.2682,0.2811,0.5467,0.2737,0.2884,0.2700,0.2876,0.2801,1.1279,1.1853,0.2876,0.2801,0.8627,0.6056,0.6306,8.0429
99000000,281255756,359092,43,22,4,3,226,0.1415,0.1395,0.1444,0.4080,0.2744,0.2841,0.1356,0.1462,0.1440,0.2786,0.8813,0.2871,0.1440,0.1431,0.1513,0.6312,4.3341
99200000,281220355,358967,38,23,4,2,187,0.2832,0.2882,0.2833,0.2701,0.2722,0.8482,0.2702,0.2838,0.2857,1.1030,2.3210,0.8510,0.2827,0.2814,0.2907,0.6307,8.8454
99400000,281135541,358934,39,23,6,2,241,0.2874,0.2745,0.2935,0.2660,0.2833,0.2888,0.2638,0.2833,0.2928,1.6742,0.5840,0.2914,0.2822,0.2880,0.5905,0.6327,6.8763
99600000,281136140,358815,38,24,5,2,328,0.1409,0.1367,0.1419,0.1348,0.1359,0.1414,0.1306,0.1399,0.1385,0.2726,0.2869,0.1394,0.1370,0.1419,0.1521,0.6315,3.0021
99800000,281159231,358745,42,26,3,3,297,0.2854,0.5428,0.2758,0.2670,0.2708,0.2792,0.2666,0.2862,0.5457,0.5646,0.5883,0.2803,0.2790,0.2792,0.2812,1.8708,7.1628
100000000,281105447,358679,36,26,5,2,118,0.1395,0.1334,0.1422,0.1324,0.1341,0.1413,0.1335,0.1384,0.1377,0.2760,0.2897,0.1390,0.1346,0.1365,0.2919,0.3098,2.8097

real	5m50.353s
user	23m8.668s
sys	0m6.356s
