200000,2135755,2148,0,1,0,0,0,0.0074,0.0079,0.0046,0.0045,0.0114,0.0117,0.0122,0.0058,0.0082,0.0536,0.0533,0.0087,0.0072,0.0075,0.0130,0.0020,0.2190
400000,4177742,4450,0,1,0,0,0,0.0130,0.0169,0.0182,0.0177,0.0161,0.0163,0.0200,0.0210,0.0221,0.1117,0.1110,0.0185,0.0137,0.0146,0.0178,0.0062,0.4547
600000,6180797,6904,0,1,0,0,0,0.0209,0.0262,0.0275,0.0244,0.0260,0.0328,0.0296,0.0407,0.0307,0.1843,0.1835,0.0336,0.0300,0.0239,0.0320,0.0108,0.7570
800000,8121853,9461,0,1,0,0,0,0.0242,0.0330,0.0367,0.0367,0.0275,0.0443,0.0295,0.0363,0.0395,0.2065,0.2060,0.0373,0.0347,0.0361,0.0459,0.0157,0.8899
1000000,10022135,12077,0,1,0,0,0,0.0299,0.0439,0.0463,0.0316,0.0391,0.0404,0.0341,0.0491,0.0462,0.2570,0.2564,0.0391,0.0477,0.0462,0.0497,0.0212,1.0778
1200000,11836872,14652,0,1,0,0,0,0.0324,0.0479,0.0446,0.0375,0.0454,0.0457,0.0506,0.0616,0.0450,0.2626,0.2610,0.0548,0.0540,0.0574,0.0498,0.0264,1.1767
1400000,13630645,17271,0,2,0,0,0,0.0471,0.0496,0.0541,0.0511,0.0526,0.0567,0.0593,0.0574,0.0574,0.3081,0.3074,0.0553,0.0530,0.0512,0.0761,0.0314,1.3678
1600000,15437575,19828,0,2,0,0,0,0.0440,0.0582,0.0559,0.0507,0.0582,0.0563,0.0553,0.0561,0.0542,0.3145,0.3136,0.0507,0.0575,0.0560,0.0578,0.0362,1.3754
1800000,17210767,22421,0,2,0,0,0,0.0508,0.0570,0.0590,0.0514,0.0526,0.0601,0.0579,0.0524,0.0624,0.2858,0.2853,0.0679,0.0562,0.0648,0.0699,0.0423,1.3758
2000000,18967832,25031,0,2,0,0,0,0.0469,0.0640,0.0638,0.0503,0.0574,0.0559,0.0575,0.0637,0.0714,0.2994,0.2969,0.0580,0.0633,0.0647,0.0749,0.0480,1.4360
2200000,20706706,27581,0,2,0,0,0,0.0516,0.0663,0.0754,0.0573,0.0549,0.0597,0.0751,0.0772,0.0649,0.3372,0.3373,0.0689,0.0640,0.0642,0.0654,0.0528,1.5720
2400000,22466484,30173,0,2,0,0,0,0.0502,0.0520,0.0545,0.0613,0.0638,0.0744,0.0572,0.0686,0.0673,0.2719,0.2714,0.0610,0.0724,0.0612,0.0609,0.0578,1.4060
2600000,24183087,32649,0,2,0,0,0,0.0540,0.0750,0.0817,0.0588,0.0676,0.0719,0.0670,0.0784,0.0749,0.3316,0.3314,0.0844,0.0702,0.0685,0.0772,0.0638,1.6564
2800000,25881303,35154,0,2,0,0,0,0.0528,0.0596,0.0695,0.0615,0.0545,0.0725,0.0649,0.0825,0.0710,0.2952,0.2947,0.0748,0.0695,0.0624,0.0851,0.0678,1.5383
3000000,27579448,37680,0,2,0,0,0,0.0573,0.0713,0.0766,0.0601,0.0740,0.0793,0.0663,0.0662,0.0833,0.3089,0.3096,0.0760,0.0787,0.0688,0.0731,0.0729,1.6225
3200000,29250232,40156,0,2,0,0,0,0.0551,0.0705,0.0777,0.0672,0.0677,0.0795,0.0710,0.0819,0.0766,0.3609,0.3617,0.0900,0.0789,0.0698,0.0871,0.0799,1.7756
3400000,30884916,42540,0,2,0,0,0,0.0727,0.0828,0.0757,0.0793,0.0804,0.0892,0.0786,0.0815,0.0779,0.3772,0.3771,0.0684,0.0734,0.0789,0.0936,0.0845,1.8711
3600000,32574736,44967,0,2,0,0,0,0.0672,0.0749,0.0723,0.0671,0.0762,0.0861,0.0797,0.0828,0.0795,0.3015,0.3039,0.0746,0.0864,0.0727,0.0795,0.0905,1.6950
3800000,34202494,47344,0,2,0,0,0,0.0736,0.0934,0.0916,0.0643,0.0748,0.0778,0.0724,0.0853,0.0852,0.3522,0.3528,0.0855,0.0812,0.0912,0.1014,0.0951,1.8777
4000000,35854592,49742,0,2,0,0,0,0.0668,0.0896,0.0921,0.0762,0.0750,0.0900,0.0826,0.0937,0.0837,0.3370,0.3407,0.0874,0.0820,0.0787,0.1014,0.0984,1.8754
4200000,37451989,52105,1,3,0,0,0,0.0740,0.0811,0.0952,0.0731,0.0833,0.0848,0.0939,0.0940,0.0923,0.3572,0.3603,0.0940,0.0845,0.0809,0.1004,0.1042,1.9530
[EVENT] Viable replicators have appeared!
4400000,39056600,54380,1,3,0,0,0,0.0842,0.0882,0.0989,0.0854,0.0845,0.0962,0.0934,0.0935,0.0931,0.3184,0.3210,0.0944,0.0848,0.1006,0.0938,0.1086,1.9392
4600000,40655820,56638,1,3,0,0,0,0.0772,0.0969,0.0962,0.0944,0.0821,0.0965,0.0874,0.1001,0.0876,0.3213,0.3238,0.0909,0.0869,0.0858,0.0906,0.1126,1.9301
4800000,42259709,58992,1,3,0,0,0,0.0793,0.0897,0.0901,0.0810,0.0864,0.0887,0.0927,0.0925,0.0932,0.3355,0.3391,0.0994,0.1036,0.0991,0.1113,0.1175,1.9991
5000000,43829896,61259,1,3,0,0,0,0.0853,0.0968,0.0829,0.0869,0.0892,0.0837,0.0827,0.0874,0.0951,0.3909,0.3952,0.1001,0.0963,0.0946,0.0975,0.1233,2.0878
5200000,45389684,63462,1,3,0,0,0,0.0903,0.0971,0.1020,0.0997,0.0917,0.0950,0.0864,0.1024,0.1003,0.3594,0.3634,0.0892,0.0972,0.1022,0.1022,0.1278,2.1062
5400000,46952266,65726,1,3,0,0,0,0.0880,0.0888,0.1114,0.0863,0.0849,0.1040,0.0889,0.1025,0.0938,0.3710,0.3749,0.0968,0.0923,0.0969,0.0983,0.1325,2.1113
5600000,48491140,67915,1,3,0,1,0,0.0914,0.0914,0.1072,0.0962,0.0990,0.1024,0.1035,0.1194,0.1026,0.3607,0.3627,0.0971,0.0967,0.1088,0.1165,0.1367,2.1923
5800000,50000330,70125,1,3,0,0,0,0.1006,0.1127,0.1164,0.1014,0.1085,0.1167,0.1070,0.1083,0.1039,0.3836,0.3889,0.1035,0.0991,0.1216,0.1172,0.1428,2.3321
6000000,51542527,72318,1,3,0,0,0,0.0917,0.1070,0.1101,0.0944,0.1088,0.1051,0.1020,0.1067,0.1119,0.3905,0.3958,0.1004,0.1054,0.1024,0.1207,0.1462,2.2990
6200000,53082003,74431,1,3,0,1,0,0.0995,0.1101,0.1089,0.1021,0.1034,0.1138,0.1006,0.1014,0.1047,0.3609,0.3654,0.1030,0.0919,0.1147,0.1100,0.1506,2.2409
6400000,54618402,76543,1,3,0,0,1,0.0985,0.1157,0.1182,0.0972,0.1078,0.1220,0.1091,0.1204,0.1188,0.3594,0.3649,0.1195,0.1126,0.1255,0.1250,0.1560,2.3706
6600000,56136989,78763,1,3,0,1,0,0.0993,0.1048,0.1111,0.0970,0.0996,0.1082,0.0964,0.1076,0.1084,0.3540,0.3618,0.1024,0.1049,0.1147,0.1224,0.1595,2.2521
6800000,57604064,80891,2,3,0,0,0,0.1074,0.1263,0.1265,0.1041,0.1275,0.1244,0.1179,0.1296,0.1284,0.3872,0.3944,0.1262,0.1303,0.1177,0.1423,0.1638,2.5541
7000000,59054551,83000,2,3,0,0,1,0.1006,0.1214,0.1296,0.1128,0.1118,0.1178,0.1245,0.1328,0.1201,0.3717,0.3791,0.1236,0.1177,0.1413,0.1353,0.1689,2.5090
7200000,60517672,85075,2,3,0,0,4,0.1040,0.1124,0.1289,0.1112,0.1181,0.1195,0.1159,0.1238,0.1130,0.3855,0.3924,0.1134,0.1191,0.1228,0.1248,0.1718,2.4767
7400000,62011844,87224,2,3,0,0,0,0.1026,0.1057,0.1175,0.1135,0.1075,0.1207,0.1036,0.1082,0.1087,0.3888,0.3964,0.1056,0.1121,0.1177,0.1351,0.1756,2.4194
7600000,63479621,89287,2,3,0,0,0,0.1104,0.1118,0.1286,0.1065,0.1130,0.1186,0.1175,0.1250,0.1161,0.3512,0.3593,0.1047,0.1107,0.1006,0.1197,0.1827,2.3764
7800000,64925241,91348,2,3,0,0,1,0.1040,0.1140,0.1227,0.1122,0.1188,0.1307,0.1159,0.1223,0.1167,0.3679,0.3783,0.1328,0.1328,0.1191,0.1437,0.1842,2.5162
8000000,66385643,93352,2,3,0,0,1,0.1089,0.1116,0.1221,0.1136,0.1179,0.1368,0.1136,0.1289,0.1363,0.3801,0.3900,0.1378,0.1146,0.1340,0.1466,0.1890,2.5819
8200000,67831954,95345,2,3,0,0,1,0.1090,0.1183,0.1240,0.1145,0.1094,0.1270,0.1317,0.1374,0.1208,0.3639,0.3741,0.1244,0.1190,0.1343,0.1339,0.1955,2.5372
8400000,69239210,97285,2,3,0,0,0,0.1192,0.1365,0.1344,0.1186,0.1274,0.1271,0.1210,0.1312,0.1218,0.4371,0.4454,0.1283,0.1201,0.1481,0.1514,0.1973,2.7647
8600000,70654600,99221,2,3,0,0,0,0.1222,0.1307,0.1214,0.1208,0.1205,0.1319,0.1301,0.1472,0.1227,0.4409,0.4521,0.1378,0.1376,0.1294,0.1399,0.2031,2.7880
8800000,72091779,101198,2,3,0,0,0,0.1213,0.1075,0.1393,0.1106,0.1149,0.1346,0.1219,0.1368,0.1247,0.3779,0.3872,0.1174,0.1254,0.1276,0.1364,0.2072,2.5906
9000000,73484477,103048,2,3,0,0,0,0.1166,0.1283,0.1310,0.1109,0.1240,0.1268,0.1434,0.1373,0.1205,0.3938,0.4036,0.1323,0.1310,0.1169,0.1383,0.2101,2.6648
9200000,74902459,104919,2,3,0,0,0,0.1230,0.1237,0.1418,0.1213,0.1311,0.1340,0.1276,0.1496,0.1387,0.4027,0.4156,0.1157,0.1401,0.1337,0.1446,0.2128,2.7558
9400000,76273070,106872,1,3,0,0,0,0.1249,0.1268,0.1478,0.1123,0.1233,0.1274,0.1185,0.1294,0.1290,0.4235,0.4362,0.1381,0.1333,0.1274,0.1507,0.2193,2.7678
9600000,77669990,108801,1,3,0,0,0,0.1213,0.1294,0.1340,0.1155,0.1204,0.1308,0.1152,0.1321,0.1368,0.3959,0.4073,0.1328,0.1427,0.1353,0.1469,0.2224,2.7188
9800000,79063524,110660,1,3,0,0,0,0.1230,0.1501,0.1420,0.1263,0.1335,0.1343,0.1373,0.1327,0.1327,0.3814,0.3937,0.1465,0.1216,0.1211,0.1437,0.2247,2.7447
10000000,80389624,112520,1,3,0,0,0,0.1435,0.1356,0.1496,0.1297,0.1500,0.1551,0.1349,0.1454,0.1450,0.3973,0.4103,0.1359,0.1389,0.1539,0.1651,0.2283,2.9185
10200000,81767760,114324,1,3,0,0,0,0.1249,0.1260,0.1383,0.1293,0.1390,0.1314,0.1404,0.1574,0.1464,0.3806,0.3926,0.1352,0.1344,0.1392,0.1483,0.2339,2.7971
10400000,83123454,116168,1,3,0,0,0,0.1345,0.1406,0.1365,0.1446,0.1361,0.1481,0.1247,0.1418,0.1538,0.4341,0.4462,0.1331,0.1334,0.1373,0.1522,0.2369,2.9340
10600000,84440537,117985,1,3,0,0,0,0.1407,0.1323,0.1442,0.1343,0.1329,0.1573,0.1476,0.1534,0.1467,0.4386,0.4510,0.1590,0.1463,0.1466,0.1524,0.2420,3.0254
10800000,85801870,119798,1,3,0,0,0,0.1324,0.1291,0.1456,0.1329,0.1422,0.1530,0.1257,0.1437,0.1396,0.4024,0.4149,0.1341,0.1430,0.1257,0.1420,0.2447,2.8509
11000000,87133642,121521,1,3,0,0,0,0.1346,0.1292,0.1441,0.1250,0.1425,0.1420,0.1389,0.1480,0.1441,0.3932,0.4073,0.1527,0.1289,0.1459,0.1548,0.2477,2.8790
11200000,88477007,123278,1,3,0,0,0,0.1405,0.1396,0.1494,0.1380,0.1385,0.1435,0.1351,0.1435,0.1466,0.3953,0.4060,0.1330,0.1347,0.1470,0.1751,0.2524,2.9183
11400000,89806390,125005,1,3,0,0,0,0.1370,0.1451,0.1486,0.1386,0.1395,0.1699,0.1394,0.1567,0.1420,0.3702,0.3866,0.1413,0.1372,0.1490,0.1610,0.2541,2.9162
11600000,91166739,126719,1,3,0,0,0,0.1316,0.1337,0.1718,0.1396,0.1418,0.1433,0.1367,0.1381,0.1448,0.3909,0.4042,0.1437,0.1422,0.1470,0.1521,0.2589,2.9204
11800000,92505296,128365,1,3,0,0,0,0.1405,0.1495,0.1424,0.1295,0.1479,0.1549,0.1255,0.1475,0.1559,0.4115,0.4263,0.1548,0.1361,0.1643,0.1716,0.2620,3.0203
12000000,93880887,130073,2,3,1,0,3,0.1362,0.1438,0.1394,0.1389,0.1456,0.1412,0.1416,0.1370,0.1413,0.3634,0.3795,0.1454,0.1505,0.1371,0.1442,0.2681,2.8533
12200000,95245563,131764,2,3,0,0,0,0.1421,0.1379,0.1419,0.1375,0.1420,0.1491,0.1529,0.1520,0.1475,0.3916,0.4076,0.1584,0.1450,0.1533,0.1706,0.2705,2.9999
12400000,96536200,133413,2,3,0,0,0,0.1449,0.1554,0.1561,0.1450,0.1494,0.1659,0.1428,0.1673,0.1473,0.4026,0.4181,0.1673,0.1479,0.1478,0.1643,0.2736,3.0956
12600000,97829273,135047,2,3,0,0,0,0.1413,0.1470,0.1546,0.1421,0.1491,0.1654,0.1522,0.1527,0.1512,0.4438,0.4578,0.1575,0.1543,0.1478,0.1706,0.2760,3.1634
12800000,99138269,136751,2,3,0,0,0,0.1615,0.1515,0.1635,0.1527,0.1546,0.1582,0.1394,0.1705,0.1562,0.3950,0.4094,0.1529,0.1524,0.1518,0.1723,0.2805,3.1220
13000000,100383670,138397,1,3,0,1,0,0.1558,0.1674,0.1648,0.1531,0.1564,0.1629,0.1483,0.1612,0.1753,0.4576,0.4723,0.1540,0.1713,0.1635,0.1762,0.2841,3.3242
13200000,101663723,139989,1,3,0,0,0,0.1539,0.1579,0.1594,0.1402,0.1521,0.1444,0.1403,0.1587,0.1720,0.4316,0.4486,0.1512,0.1657,0.1544,0.1713,0.2875,3.1895
13400000,102936329,141584,1,3,0,0,0,0.1410,0.1398,0.1630,0.1418,0.1463,0.1567,0.1398,0.1579,0.1621,0.4384,0.4560,0.1515,0.1515,0.1448,0.1661,0.2898,3.1465
13600000,104166785,143192,1,3,0,0,0,0.1521,0.1500,0.1653,0.1578,0.1604,0.1709,0.1478,0.1683,0.1543,0.4417,0.4562,0.1702,0.1590,0.1653,0.1768,0.2927,3.2889
13800000,105466223,144738,1,3,0,0,0,0.1514,0.1542,0.1750,0.1543,0.1500,0.1638,0.1433,0.1566,0.1596,0.3889,0.4060,0.1635,0.1603,0.1651,0.1664,0.2979,3.1564
14000000,106712428,146366,1,3,0,0,0,0.1499,0.1564,0.1643,0.1576,0.1584,0.1814,0.1478,0.1621,0.1612,0.4416,0.4579,0.1706,0.1554,0.1661,0.1693,0.3007,3.3006
14200000,107966202,147933,1,3,0,0,0,0.1596,0.1532,0.1759,0.1632,0.1713,0.1678,0.1603,0.1799,0.1667,0.4572,0.4743,0.1646,0.1578,0.1615,0.1743,0.3038,3.3914
14400000,109200772,149432,1,3,0,0,0,0.1541,0.1609,0.1698,0.1601,0.1686,0.1754,0.1559,0.1889,0.1768,0.4718,0.4876,0.1618,0.1548,0.1743,0.1934,0.3060,3.4602
14600000,110438569,150951,1,3,0,0,0,0.1579,0.1529,0.1839,0.1634,0.1550,0.1746,0.1570,0.1759,0.1621,0.4465,0.4616,0.1691,0.1677,0.1799,0.1922,0.3111,3.4109
14800000,111680414,152638,1,3,0,0,0,0.1635,0.1630,0.1691,0.1460,0.1600,0.1859,0.1633,0.1678,0.1576,0.4643,0.4848,0.1684,0.1599,0.1609,0.1889,0.3143,3.4178
15000000,112927560,154195,1,3,0,0,0,0.1598,0.1533,0.1714,0.1585,0.1591,0.1773,0.1633,0.1691,0.1726,0.4248,0.4423,0.1680,0.1535,0.1852,0.1853,0.3161,3.3597
15200000,114155378,155699,1,3,0,0,0,0.1607,0.1708,0.1712,0.1552,0.1646,0.1682,0.1615,0.1707,0.1643,0.4449,0.4632,0.1661,0.1741,0.1761,0.1751,0.3203,3.4070
15400000,115366460,157260,2,3,0,0,0,0.1765,0.1859,0.1780,0.1733,0.1609,0.1772,0.1704,0.1877,0.1607,0.4211,0.4369,0.1772,0.1681,0.1761,0.1927,0.3233,3.4660
15600000,116578688,158715,2,4,0,0,0,0.1643,0.1596,0.1968,0.1557,0.1659,0.1668,0.1614,0.1667,0.1812,0.4599,0.4804,0.1799,0.1686,0.1671,0.1979,0.3258,3.4979
15800000,117779303,160093,4,6,0,0,1,0.1674,0.1700,0.1781,0.1677,0.1647,0.1680,0.1571,0.1719,0.1684,0.4225,0.4414,0.1642,0.1697,0.1738,0.2018,0.3286,3.4152
16000000,118973383,161589,4,6,0,0,0,0.1746,0.1754,0.1809,0.1724,0.1757,0.1778,0.1523,0.1753,0.1703,0.4824,0.5030,0.1792,0.1689,0.1786,0.1927,0.3327,3.5921
16200000,120224595,163138,4,6,0,0,0,0.1664,0.1544,0.1660,0.1578,0.1713,0.1672,0.1589,0.1685,0.1552,0.4248,0.4432,0.1714,0.1675,0.1674,0.1534,0.3357,3.3291
16400000,121455842,164587,3,5,0,0,0,0.1687,0.1680,0.1862,0.1578,0.1686,0.1672,0.1614,0.1833,0.1714,0.4439,0.4661,0.1714,0.1657,0.1824,0.1835,0.3379,3.4836
16600000,122644289,166005,4,6,0,0,0,0.1676,0.1752,0.1721,0.1695,0.1707,0.1792,0.1606,0.1825,0.1798,0.4823,0.5011,0.1739,0.1626,0.1716,0.1843,0.3409,3.5739
16800000,123822194,167436,4,6,0,0,0,0.1689,0.1659,0.1835,0.1691,0.1671,0.1843,0.1712,0.1799,0.1698,0.4318,0.4493,0.1864,0.1723,0.1881,0.1901,0.3444,3.5221
17000000,124978906,168853,4,6,0,0,0,0.1793,0.1688,0.1846,0.1804,0.1690,0.1871,0.1725,0.1989,0.1769,0.4634,0.4808,0.1766,0.1807,0.1873,0.1928,0.3465,3.6457
17200000,126126133,170284,4,6,0,0,1,0.1680,0.1786,0.1906,0.1733,0.1887,0.1866,0.1687,0.1963,0.1873,0.5107,0.5301,0.1816,0.1697,0.1940,0.2049,0.3507,3.7798
17400000,127309266,171746,4,6,0,0,1,0.1785,0.1778,0.1733,0.1815,0.1791,0.1989,0.1668,0.1816,0.1737,0.4619,0.4835,0.1756,0.1782,0.1899,0.1932,0.3537,3.6470
17600000,128466367,173107,4,6,0,1,2,0.1686,0.1681,0.1822,0.1711,0.1749,0.1696,0.1745,0.1839,0.1844,0.4553,0.4764,0.1757,0.1800,0.1752,0.1987,0.3548,3.5936
17800000,129665177,174479,3,6,0,0,1,0.1691,0.1724,0.1865,0.1630,0.1691,0.1787,0.1788,0.1759,0.1741,0.4252,0.4441,0.1776,0.1701,0.1889,0.1969,0.3588,3.5291
18000000,130790623,175835,3,6,0,0,0,0.1724,0.1717,0.1889,0.1696,0.1725,0.1866,0.1651,0.1840,0.1861,0.5136,0.5347,0.1940,0.1710,0.1804,0.1833,0.3605,3.7344
18200000,131918774,177154,3,6,0,0,1,0.1782,0.1809,0.1960,0.1722,0.1725,0.1810,0.1693,0.1919,0.1843,0.5152,0.5350,0.1835,0.1918,0.1755,0.1991,0.3642,3.7908
18400000,133092235,178500,4,6,0,1,1,0.1763,0.1748,0.1877,0.1771,0.1773,0.1764,0.1635,0.1914,0.1913,0.4463,0.4660,0.1836,0.1638,0.1712,0.1945,0.3657,3.6069
18600000,134209220,179822,4,6,0,0,0,0.1874,0.1803,0.1893,0.1857,0.1898,0.1968,0.1896,0.2019,0.1893,0.4871,0.5090,0.1900,0.1803,0.1866,0.2236,0.3721,3.8589
18800000,135360774,181125,4,6,0,0,3,0.1818,0.1843,0.1994,0.1755,0.1765,0.1895,0.1658,0.1951,0.1780,0.4386,0.4612,0.1702,0.1774,0.1899,0.2043,0.3744,3.6621
19000000,136487538,182382,5,6,0,0,0,0.1898,0.1842,0.1901,0.1821,0.1884,0.1931,0.1898,0.1955,0.1898,0.4478,0.4667,0.1948,0.1927,0.1876,0.2150,0.3756,3.7830
19200000,137590715,183671,5,6,0,0,0,0.1824,0.1816,0.1864,0.1840,0.1832,0.2046,0.1795,0.1951,0.1796,0.5115,0.5328,0.2101,0.1838,0.1922,0.2248,0.3785,3.9100
19400000,138674335,184976,5,6,0,0,1,0.1876,0.1770,0.1997,0.1779,0.1898,0.1933,0.1920,0.2065,0.2059,0.5208,0.5400,0.1882,0.1990,0.1907,0.2204,0.3802,3.9690
19600000,139768447,186181,6,6,0,0,0,0.1878,0.1835,0.1962,0.1762,0.1824,0.1905,0.1729,0.1792,0.1935,0.4909,0.5148,0.2104,0.1793,0.1897,0.1974,0.3841,3.8286
19800000,140931936,187440,6,6,0,0,2,0.1874,0.1699,0.1891,0.1782,0.1870,0.1861,0.1866,0.2135,0.1698,0.4470,0.4700,0.1911,0.1965,0.1896,0.2087,0.3858,3.7564
20000000,142042964,188637,6,6,0,0,1,0.1886,0.1878,0.1928,0.1754,0.1896,0.2033,0.1786,0.1996,0.1874,0.4344,0.4559,0.2047,0.1764,0.1920,0.2178,0.3886,3.7728
20200000,143141700,189857,6,6,0,0,0,0.1795,0.1799,0.1974,0.1726,0.1823,0.1862,0.1823,0.2072,0.1917,0.4634,0.4833,0.1927,0.1805,0.1840,0.2162,0.3922,3.7913
20400000,144273232,191063,6,6,0,0,0,0.1865,0.1834,0.1955,0.1942,0.1967,0.1941,0.1722,0.2068,0.1999,0.4725,0.4946,0.2015,0.1830,0.1934,0.2079,0.3934,3.8755
20600000,145399084,192234,7,6,1,0,2,0.1909,0.1743,0.2089,0.1798,0.1915,0.1925,0.1842,0.1851,0.2020,0.4836,0.5041,0.1944,0.2015,0.1853,0.2037,0.3959,3.8778
20800000,146482812,193394,7,6,0,0,0,0.1893,0.1894,0.2034,0.1955,0.1851,0.1983,0.1908,0.2056,0.1864,0.5061,0.5285,0.1991,0.2122,0.2032,0.2117,0.4000,4.0046
21000000,147595913,194561,7,6,0,0,0,0.1876,0.1732,0.1956,0.1962,0.1824,0.2031,0.1849,0.2051,0.1855,0.5020,0.5255,0.1891,0.1983,0.1894,0.2259,0.3987,3.9425
21200000,148707031,195738,6,6,0,0,0,0.1981,0.2041,0.2142,0.1934,0.1872,0.2114,0.1823,0.1999,0.2003,0.4954,0.5179,0.1941,0.1947,0.1999,0.2109,0.4040,4.0079
21400000,149806097,196922,6,6,1,0,1,0.2003,0.1777,0.1933,0.1924,0.2017,0.2075,0.1862,0.1958,0.2005,0.4924,0.5165,0.1955,0.1891,0.1964,0.2112,0.4045,3.9610
21600000,150910310,198121,7,6,0,0,0,0.1895,0.1879,0.1970,0.1709,0.1882,0.2071,0.1805,0.2026,0.1801,0.5124,0.5329,0.1960,0.1877,0.1911,0.2131,0.4075,3.9445
21800000,152032728,199277,6,6,0,0,1,0.1885,0.1884,0.1950,0.1863,0.1863,0.1947,0.1760,0.1986,0.1966,0.4482,0.4719,0.1903,0.1814,0.2024,0.2031,0.4097,3.8173
22000000,153132177,200413,6,6,0,0,0,0.1822,0.1889,0.1986,0.1771,0.1786,0.1901,0.1700,0.1793,0.2000,0.4942,0.5142,0.1893,0.1755,0.2060,0.2079,0.4123,3.8641
22200000,154267177,201550,7,6,0,0,0,0.1857,0.1768,0.1922,0.1834,0.1904,0.1942,0.1907,0.1925,0.1872,0.4574,0.4809,0.1992,0.1790,0.1972,0.2008,0.4162,3.8237
22400000,155314925,202697,7,6,0,1,1,0.1916,0.1826,0.1959,0.1946,0.1976,0.2077,0.1888,0.2130,0.2008,0.5655,0.5891,0.2270,0.1896,0.2014,0.2348,0.4169,4.1968
22600000,156410740,203827,8,7,0,0,0,0.1955,0.1838,0.2016,0.1890,0.1881,0.2065,0.1820,0.2073,0.2002,0.4910,0.5161,0.1992,0.2098,0.1995,0.1989,0.4217,3.9903
22800000,157498588,204943,8,7,2,0,0,0.1893,0.1828,0.2161,0.1987,0.2015,0.2138,0.1924,0.2145,0.2008,0.5030,0.5284,0.1870,0.1973,0.1966,0.2266,0.4216,4.0703
23000000,158594057,206015,8,7,0,0,0,0.1971,0.1967,0.1893,0.1839,0.2012,0.2022,0.1981,0.1935,0.1916,0.4863,0.5118,0.2022,0.1929,0.2072,0.2110,0.4236,3.9887
23200000,159647547,207083,8,7,1,0,0,0.2027,0.1981,0.2161,0.1978,0.2177,0.2057,0.2063,0.2041,0.2011,0.5047,0.5296,0.1928,0.1906,0.2099,0.2331,0.4271,4.1373
23400000,160681406,208146,8,7,1,0,0,0.1986,0.1854,0.2012,0.1924,0.1946,0.2056,0.1967,0.1945,0.2029,0.5139,0.5406,0.2033,0.1872,0.2146,0.2102,0.4304,4.0723
23600000,161722019,209152,8,7,0,0,0,0.1910,0.1925,0.2362,0.1954,0.1907,0.2109,0.1995,0.2091,0.2001,0.5136,0.5382,0.2021,0.2104,0.2089,0.2171,0.4318,4.1475
23800000,162798509,210244,8,7,0,0,2,0.1974,0.1971,0.2090,0.1879,0.1962,0.2112,0.1787,0.2098,0.1908,0.4422,0.4668,0.1950,0.1830,0.1978,0.2112,0.4328,3.9070
24000000,163853496,211315,8,7,1,0,4,0.2056,0.2076,0.2017,0.1981,0.2089,0.2171,0.1885,0.2173,0.2033,0.4967,0.5220,0.2093,0.2066,0.2045,0.2312,0.4364,4.1547
24200000,164877136,212297,8,7,0,0,0,0.2026,0.1931,0.2140,0.1974,0.2079,0.2216,0.2169,0.2103,0.2017,0.5254,0.5537,0.2157,0.1960,0.1996,0.2324,0.4370,4.2251
24400000,165960260,213334,8,7,3,0,0,0.1930,0.1966,0.2078,0.1934,0.2043,0.1977,0.1824,0.1932,0.2216,0.4762,0.5015,0.2016,0.1902,0.2013,0.2398,0.4396,4.0402
24600000,166963819,214282,6,7,1,1,1,0.2023,0.1964,0.2164,0.2044,0.2099,0.2144,0.1990,0.2222,0.1970,0.5393,0.5658,0.1999,0.2034,0.2353,0.2311,0.4437,4.2805
24800000,167998758,215324,6,7,0,0,0,0.2023,0.2016,0.2335,0.1935,0.2075,0.2231,0.1968,0.1945,0.2181,0.5466,0.5728,0.2060,0.2053,0.2046,0.2231,0.4431,4.2723
25000000,169095298,216415,6,7,1,0,0,0.1943,0.1980,0.2013,0.1932,0.1860,0.2102,0.1834,0.1985,0.1966,0.4760,0.5009,0.1935,0.1937,0.2043,0.2204,0.4479,3.9983
25200000,170117113,217434,6,7,0,0,0,0.2018,0.2029,0.2343,0.1964,0.2008,0.2147,0.2044,0.2183,0.2073,0.5431,0.5673,0.2028,0.2112,0.2112,0.2325,0.4464,4.2954
25400000,171120446,218460,6,7,0,0,0,0.2053,0.2108,0.2102,0.1983,0.2199,0.2042,0.1851,0.2174,0.1953,0.5216,0.5452,0.2203,0.1965,0.2162,0.2270,0.4513,4.2244
25600000,172179301,219398,6,7,2,0,0,0.1908,0.1849,0.1990,0.1959,0.2028,0.2056,0.1944,0.1980,0.1944,0.4959,0.5219,0.1994,0.1976,0.2127,0.2184,0.4530,4.0649
25800000,173212599,220380,6,7,1,0,0,0.1993,0.2109,0.2053,0.2062,0.2053,0.2097,0.1995,0.2190,0.2209,0.5042,0.5319,0.2248,0.1965,0.2122,0.2343,0.4549,4.2349
26000000,174222562,221367,6,7,1,0,0,0.2158,0.1968,0.2176,0.1972,0.2133,0.2171,0.2024,0.2056,0.2185,0.5031,0.5295,0.1998,0.2228,0.2231,0.2237,0.4554,4.2417
26200000,175243909,222313,6,7,0,0,0,0.1864,0.1979,0.2103,0.1876,0.1947,0.2075,0.2064,0.2169,0.2235,0.5008,0.5289,0.1998,0.2010,0.2081,0.2185,0.4576,4.1458
26400000,176259941,223261,6,7,0,0,0,0.2050,0.2070,0.2173,0.2131,0.2182,0.2332,0.2081,0.2332,0.2198,0.5273,0.5519,0.2171,0.2200,0.2221,0.2327,0.4609,4.3868
26600000,177268226,224167,6,7,0,0,0,0.1990,0.2177,0.2191,0.1955,0.2058,0.2196,0.2022,0.2299,0.2039,0.5085,0.5333,0.2201,0.1958,0.2091,0.2492,0.4633,4.2719
26800000,178259095,225068,5,7,0,0,0,0.2002,0.1911,0.2201,0.2085,0.1989,0.2088,0.1987,0.2157,0.2059,0.5365,0.5621,0.2284,0.2191,0.2298,0.2312,0.4648,4.3197
27000000,179253473,226067,5,7,0,0,0,0.2163,0.2001,0.2268,0.2004,0.2068,0.2250,0.2145,0.2280,0.2281,0.5486,0.5750,0.2163,0.2105,0.2131,0.2378,0.4666,4.4140
27200000,180281834,227029,5,7,0,0,0,0.2018,0.1890,0.2153,0.2021,0.2046,0.2191,0.1968,0.2180,0.2081,0.5352,0.5627,0.2241,0.2039,0.2050,0.2199,0.4673,4.2730
27400000,181256427,227923,5,7,0,0,0,0.2041,0.2017,0.2349,0.1990,0.2107,0.2176,0.2222,0.2276,0.2220,0.5339,0.5592,0.2234,0.2169,0.2174,0.2491,0.4694,4.4091
27600000,182237883,228910,5,7,0,0,0,0.2056,0.1978,0.2305,0.2022,0.1994,0.2167,0.1983,0.2236,0.2265,0.5339,0.5583,0.2119,0.2230,0.2242,0.2485,0.4718,4.3721
27800000,183289237,229843,5,7,0,0,0,0.1995,0.1929,0.2050,0.1915,0.2010,0.2137,0.2089,0.2193,0.2122,0.5455,0.5730,0.2216,0.2002,0.1979,0.2407,0.4723,4.2954
28000000,184216252,230721,5,7,0,0,0,0.2163,0.2182,0.2258,0.2216,0.2116,0.2258,0.2299,0.2462,0.2239,0.5308,0.5565,0.2286,0.2168,0.2204,0.2694,0.4772,4.5190
28200000,185204284,231599,4,7,0,0,0,0.2051,0.2098,0.2166,0.2138,0.1989,0.2099,0.2195,0.2148,0.2041,0.5293,0.5575,0.2155,0.2069,0.2099,0.2215,0.4780,4.3110
28400000,186184219,232432,4,7,0,0,0,0.2154,0.2042,0.2314,0.2105,0.2298,0.2176,0.2112,0.2331,0.2160,0.5576,0.5850,0.2160,0.1989,0.2352,0.2301,0.4801,4.4719
28600000,187150029,233335,3,7,0,0,0,0.2160,0.2003,0.2101,0.2226,0.2149,0.2331,0.2105,0.2337,0.2156,0.5201,0.5462,0.2397,0.2052,0.2194,0.2384,0.4824,4.4082
28800000,188163165,234192,3,7,0,0,0,0.2067,0.2083,0.2124,0.2064,0.2084,0.2321,0.2245,0.2230,0.2244,0.4816,0.5084,0.2172,0.2119,0.2040,0.2099,0.4840,4.2630
29000000,189154405,235124,3,7,0,0,0,0.2093,0.2044,0.2240,0.2067,0.2161,0.2421,0.2009,0.2006,0.2257,0.4981,0.5260,0.2214,0.2123,0.2384,0.2284,0.4845,4.3389
29200000,190069748,236020,3,7,0,0,0,0.2172,0.2092,0.2374,0.2208,0.2270,0.2356,0.2292,0.2250,0.2253,0.5580,0.5832,0.2348,0.2272,0.2401,0.2635,0.4867,4.6201
29400000,191032908,236922,3,7,0,0,0,0.2157,0.2006,0.2203,0.2249,0.2206,0.2276,0.2141,0.2180,0.2203,0.5168,0.5452,0.2257,0.2159,0.2011,0.2314,0.4905,4.3887
29600000,192035013,237721,5,7,0,0,0,0.2014,0.2082,0.2268,0.2003,0.2071,0.2119,0.1963,0.2050,0.2110,0.5245,0.5547,0.2100,0.2083,0.2257,0.2339,0.4900,4.3150
29800000,193054184,238594,5,7,0,0,0,0.2068,0.1958,0.2226,0.2063,0.2021,0.2183,0.1969,0.2173,0.2508,0.5175,0.5428,0.2104,0.2129,0.2238,0.2369,0.4897,4.3509
30000000,193981134,239402,5,7,0,0,0,0.2203,0.2122,0.2268,0.2145,0.2295,0.2345,0.2135,0.2318,0.2260,0.5423,0.5704,0.2427,0.2212,0.2235,0.2677,0.4958,4.5726
30200000,194917901,240308,5,7,0,0,0,0.2124,0.2316,0.2307,0.2278,0.2159,0.2237,0.2109,0.2360,0.2184,0.5556,0.5834,0.2118,0.2175,0.2320,0.2653,0.4954,4.5683
30400000,195849441,241090,5,7,0,0,0,0.2243,0.2123,0.2417,0.2113,0.2160,0.2294,0.2097,0.2299,0.2382,0.5422,0.5708,0.2210,0.2276,0.2221,0.2289,0.4988,4.5241
30600000,196791510,241914,4,7,0,0,0,0.2178,0.2080,0.2438,0.2214,0.2245,0.2448,0.2048,0.2195,0.2265,0.5194,0.5439,0.2432,0.2095,0.2297,0.2379,0.4976,4.4921
30800000,197727389,242762,4,7,0,0,0,0.2243,0.2212,0.2153,0.2185,0.2203,0.2354,0.2094,0.2381,0.2376,0.5376,0.5678,0.2283,0.2144,0.2254,0.2548,0.5018,4.5502
31000000,198676380,243531,4,7,0,0,0,0.2235,0.1987,0.2293,0.2149,0.2204,0.2296,0.2034,0.2273,0.2281,0.5072,0.5380,0.2240,0.2249,0.2325,0.2556,0.5024,4.4599
31200000,199651247,244324,4,7,0,0,0,0.2186,0.2119,0.2280,0.2180,0.2131,0.2265,0.2075,0.2213,0.2119,0.5438,0.5705,0.2159,0.2130,0.2049,0.2210,0.5048,4.4306
31400000,200572227,245104,4,7,0,0,0,0.2203,0.2175,0.2353,0.2223,0.2231,0.2278,0.2142,0.2331,0.2265,0.5416,0.5707,0.2325,0.2163,0.2443,0.2563,0.5032,4.5852
31600000,201522101,245860,3,7,0,0,0,0.2197,0.2248,0.2397,0.2005,0.2299,0.2345,0.2239,0.2125,0.2380,0.5284,0.5560,0.2258,0.2129,0.2313,0.2259,0.5088,4.5126
31800000,202455593,246706,3,7,0,0,0,0.2187,0.2062,0.2340,0.2078,0.2208,0.2323,0.2178,0.2362,0.2055,0.5370,0.5638,0.2196,0.2076,0.2283,0.2259,0.5077,4.4690
32000000,203392486,247465,3,7,0,0,0,0.2361,0.2178,0.2353,0.2340,0.2190,0.2302,0.2058,0.2340,0.2333,0.5895,0.6197,0.2362,0.2277,0.2287,0.2476,0.5092,4.7042
32200000,204348480,248286,3,7,0,0,0,0.2202,0.2192,0.2259,0.2162,0.2230,0.2287,0.2093,0.2285,0.2252,0.5629,0.5916,0.2207,0.2121,0.2167,0.2426,0.5126,4.5556
32400000,205230062,249042,4,7,0,0,19,0.2190,0.2337,0.2284,0.2232,0.2221,0.2384,0.2158,0.2323,0.2363,0.5782,0.6054,0.2251,0.2297,0.2445,0.2459,0.5146,4.6925
32600000,206151606,249817,5,7,0,0,17,0.2139,0.2355,0.2209,0.2198,0.2068,0.2226,0.2052,0.2301,0.2218,0.5384,0.5683,0.2277,0.2166,0.2434,0.2502,0.5172,4.5384
32800000,207070437,250639,5,7,0,0,0,0.2252,0.2196,0.2336,0.2151,0.2261,0.2317,0.2214,0.2256,0.2326,0.5344,0.5615,0.2193,0.2333,0.2349,0.2556,0.5170,4.5871
33000000,207997367,251381,5,7,0,0,0,0.2209,0.2267,0.2453,0.2350,0.2200,0.2470,0.2248,0.2358,0.2312,0.5120,0.5423,0.2222,0.2324,0.2386,0.2505,0.5192,4.6039
33200000,208955000,252204,5,7,0,0,0,0.2211,0.2073,0.2256,0.2221,0.2103,0.2313,0.2149,0.2188,0.2168,0.5222,0.5504,0.2212,0.2017,0.2309,0.2576,0.5236,4.4758
33400000,209922423,252930,5,7,0,0,17,0.2208,0.2187,0.2305,0.2164,0.2299,0.2249,0.2114,0.2308,0.2326,0.4787,0.5083,0.2257,0.2060,0.2280,0.2636,0.5219,4.4481
33600000,210814027,253618,6,7,0,0,0,0.2290,0.2327,0.2422,0.2243,0.2345,0.2340,0.2148,0.2485,0.2389,0.5752,0.6046,0.2530,0.2141,0.2338,0.2574,0.5236,4.7605
33800000,211750465,254283,6,7,0,0,0,0.2301,0.2308,0.2327,0.2134,0.2092,0.2439,0.2193,0.2344,0.2367,0.5710,0.6015,0.2203,0.2185,0.2454,0.2459,0.5267,4.6798
34000000,212645355,255040,8,7,0,0,37,0.2268,0.2364,0.2420,0.2228,0.2305,0.2373,0.2044,0.2415,0.2177,0.5409,0.5708,0.2430,0.2349,0.2138,0.2644,0.5281,4.6552
34200000,213552837,255774,6,7,1,0,32,0.2253,0.2289,0.2690,0.2140,0.2227,0.2408,0.2309,0.2476,0.2401,0.5992,0.6283,0.2245,0.2368,0.2417,0.2472,0.5290,4.8259
34400000,214441303,256487,5,7,0,0,15,0.2372,0.2232,0.2528,0.2316,0.2243,0.2400,0.2184,0.2537,0.2235,0.5657,0.5934,0.2381,0.2310,0.2441,0.2719,0.5312,4.7802
34600000,215305669,257205,6,7,0,0,0,0.2249,0.2135,0.2426,0.2192,0.2302,0.2100,0.2387,0.2376,0.2213,0.6253,0.6545,0.2473,0.2306,0.2211,0.2557,0.5313,4.8037
34800000,216183075,257883,8,7,0,0,0,0.2267,0.2245,0.2469,0.2206,0.2256,0.2362,0.2182,0.2479,0.2424,0.5757,0.6023,0.2599,0.2340,0.2280,0.2627,0.5330,4.7845
35000000,217093681,258626,9,7,0,0,18,0.2288,0.2294,0.2373,0.2170,0.2398,0.2393,0.2205,0.2381,0.2282,0.5910,0.6222,0.2362,0.2225,0.2367,0.2589,0.5340,4.7800
35200000,218002228,259353,11,7,0,0,0,0.2294,0.2142,0.2310,0.2292,0.2341,0.2426,0.2317,0.2290,0.2325,0.5367,0.5654,0.2483,0.2342,0.2366,0.2479,0.5356,4.6784
35400000,218901802,260096,11,7,0,0,18,0.2180,0.2230,0.2338,0.2113,0.2260,0.2353,0.2109,0.2323,0.2336,0.5902,0.6217,0.2303,0.2502,0.2415,0.2523,0.5366,4.7472
35600000,219814367,260841,11,7,0,0,18,0.2360,0.2402,0.2353,0.2206,0.2267,0.2414,0.2233,0.2391,0.2315,0.5514,0.5813,0.2382,0.2320,0.2370,0.2738,0.5382,4.7462
35800000,220697613,261472,11,8,0,1,19,0.2254,0.2217,0.2492,0.2307,0.2230,0.2347,0.2073,0.2341,0.2341,0.5774,0.6061,0.2372,0.2207,0.2293,0.2573,0.5417,4.7299
36000000,221587461,262135,13,9,0,0,20,0.2312,0.2161,0.2370,0.2232,0.2304,0.2552,0.2353,0.2369,0.2334,0.5675,0.5943,0.2291,0.2298,0.2518,0.2614,0.5422,4.7748
36200000,222449473,262777,16,11,0,0,49,0.2312,0.2280,0.2480,0.2252,0.2442,0.2606,0.2303,0.2461,0.2303,0.5833,0.6127,0.2477,0.2390,0.2411,0.2676,0.5423,4.8776
36400000,223292080,263343,15,11,0,0,71,0.2265,0.2420,0.2482,0.2288,0.2375,0.2523,0.2228,0.2599,0.2279,0.5725,0.6022,0.2412,0.2362,0.2436,0.2599,0.5433,4.8448
36600000,224201826,264023,15,11,0,0,7,0.2216,0.2412,0.2465,0.2247,0.2251,0.2334,0.2200,0.2215,0.2524,0.5790,0.6098,0.2356,0.2271,0.2383,0.2577,0.5431,4.7772
36800000,225047595,264671,15,11,0,0,0,0.2451,0.2370,0.2406,0.2264,0.2413,0.2400,0.2310,0.2341,0.2304,0.5803,0.6111,0.2482,0.2385,0.2403,0.2598,0.5468,4.8511
37000000,225933941,265331,15,11,0,0,3,0.2329,0.2272,0.2338,0.2172,0.2310,0.2368,0.2370,0.2478,0.2351,0.5576,0.5867,0.2190,0.2356,0.2329,0.2593,0.5496,4.7395
37200000,226812938,265998,15,12,0,0,19,0.2224,0.2168,0.2346,0.2147,0.2326,0.2275,0.2286,0.2432,0.2433,0.5994,0.6310,0.2330,0.2167,0.2485,0.2509,0.5492,4.7925
37400000,227643010,266600,14,12,0,0,10,0.2388,0.2321,0.2686,0.2272,0.2493,0.2315,0.2367,0.2440,0.2561,0.6263,0.6557,0.2509,0.2432,0.2732,0.2850,0.5508,5.0694
37600000,228477000,267196,13,12,0,0,0,0.2420,0.2474,0.2643,0.2242,0.2347,0.2585,0.2364,0.2472,0.2544,0.5799,0.6110,0.2522,0.2407,0.2534,0.2825,0.5522,4.9809
37800000,229348099,267764,13,12,1,0,0,0.2242,0.2322,0.2461,0.2223,0.2296,0.2191,0.2246,0.2377,0.2300,0.5588,0.5926,0.2329,0.2200,0.2290,0.2747,0.5529,4.7268
38000000,230210200,268414,13,12,0,0,18,0.2227,0.2350,0.2535,0.2303,0.2367,0.2441,0.2240,0.2481,0.2374,0.5434,0.5752,0.2420,0.2291,0.2426,0.2498,0.5558,4.7699
38200000,231091565,269023,12,12,0,0,0,0.2401,0.2227,0.2611,0.2267,0.2250,0.2453,0.2359,0.2389,0.2416,0.5413,0.5749,0.2447,0.2276,0.2458,0.2876,0.5578,4.8171
38400000,231933743,269695,13,12,0,0,19,0.2391,0.2214,0.2450,0.2189,0.2547,0.2476,0.2279,0.2502,0.2410,0.5811,0.6095,0.2354,0.2489,0.2502,0.2655,0.5588,4.8952
38600000,232821489,270313,12,12,1,1,46,0.2252,0.2230,0.2405,0.2396,0.2352,0.2340,0.2198,0.2462,0.2267,0.5575,0.5922,0.2450,0.2382,0.2349,0.2558,0.5588,4.7726
38800000,233661616,270923,11,12,0,0,2,0.2391,0.2374,0.2390,0.2377,0.2374,0.2537,0.2232,0.2448,0.2429,0.5984,0.6269,0.2632,0.2588,0.2519,0.2849,0.5572,4.9965
39000000,234546473,271512,12,13,0,0,1,0.2273,0.2253,0.2491,0.2251,0.2294,0.2454,0.2126,0.2529,0.2485,0.5420,0.5728,0.2494,0.2426,0.2341,0.2747,0.5606,4.7916
39200000,235365675,272119,13,13,0,1,10,0.2517,0.2341,0.2463,0.2279,0.2409,0.2534,0.2052,0.2688,0.2359,0.6053,0.6333,0.2529,0.2473,0.2574,0.2733,0.5634,4.9972
39400000,236198643,272757,13,13,1,0,1,0.2394,0.2250,0.2608,0.2209,0.2328,0.2500,0.2413,0.2380,0.2562,0.6470,0.6744,0.2417,0.2535,0.2450,0.2864,0.5624,5.0746
39600000,237030884,273377,13,13,0,1,12,0.2382,0.2448,0.2663,0.2363,0.2408,0.2657,0.2214,0.2367,0.2470,0.6041,0.6352,0.2523,0.2283,0.2352,0.2539,0.5656,4.9717
39800000,237853734,273948,12,13,0,0,17,0.2266,0.2226,0.2333,0.2257,0.2397,0.2422,0.2150,0.2433,0.2538,0.6181,0.6459,0.2411,0.2438,0.2440,0.2526,0.5648,4.9127
40000000,238735740,274554,12,13,2,0,0,0.2326,0.2294,0.2476,0.2217,0.2281,0.2341,0.2147,0.2402,0.2422,0.5677,0.5998,0.2437,0.2461,0.2534,0.2485,0.5670,4.8169
40200000,239562282,275186,13,13,0,0,0,0.2430,0.2293,0.2545,0.2312,0.2407,0.2535,0.2210,0.2464,0.2579,0.5498,0.5807,0.2463,0.2448,0.2497,0.2901,0.5701,4.9091
40400000,240401366,275736,13,13,0,0,1,0.2341,0.2301,0.2537,0.2284,0.2412,0.2452,0.2237,0.2680,0.2389,0.6085,0.6387,0.2426,0.2321,0.2488,0.2743,0.5689,4.9771
40600000,241207205,276311,13,13,0,1,24,0.2329,0.2503,0.2592,0.2340,0.2416,0.2478,0.2366,0.2553,0.2421,0.6272,0.6555,0.2712,0.2458,0.2432,0.2874,0.5712,5.1014
40800000,242041372,276900,13,13,2,0,14,0.2446,0.2263,0.2528,0.2304,0.2391,0.2605,0.2521,0.2566,0.2497,0.5772,0.6097,0.2492,0.2460,0.2515,0.2756,0.5729,4.9943
41000000,242837456,277443,13,13,0,0,0,0.2449,0.2337,0.2490,0.2503,0.2385,0.2562,0.2535,0.2606,0.2706,0.6540,0.6871,0.2643,0.2635,0.2616,0.2998,0.5722,5.2598
41200000,243648874,277947,13,13,0,0,1,0.2381,0.2427,0.2430,0.2297,0.2352,0.2372,0.2310,0.2663,0.2474,0.6235,0.6539,0.2509,0.2376,0.2610,0.2830,0.5760,5.0566
41400000,244476849,278562,13,13,0,0,1,0.2430,0.2398,0.2410,0.2359,0.2368,0.2465,0.2438,0.2545,0.2488,0.6073,0.6385,0.2352,0.2219,0.2454,0.2646,0.5750,4.9780
41600000,245243886,279172,13,13,0,0,2,0.2611,0.2388,0.2559,0.2319,0.2576,0.2615,0.2465,0.2542,0.2575,0.6498,0.6798,0.2473,0.2660,0.2456,0.2839,0.5781,5.2154
41800000,246115556,279730,14,13,1,0,3,0.2445,0.2343,0.2654,0.2470,0.2440,0.2491,0.2137,0.2553,0.2392,0.5413,0.5722,0.2448,0.2383,0.2310,0.2800,0.5783,4.8784
42000000,246965174,280320,16,13,0,0,1,0.2445,0.2298,0.2666,0.2373,0.2533,0.2629,0.2361,0.2833,0.2438,0.5475,0.5790,0.2597,0.2463,0.2382,0.2792,0.5816,4.9892
42200000,247843254,280851,17,13,0,0,2,0.2547,0.2297,0.2678,0.2332,0.2427,0.2522,0.2288,0.2415,0.2545,0.5258,0.5582,0.2420,0.2358,0.2615,0.2593,0.5792,4.8669
42400000,248614119,281360,16,13,0,0,1,0.2440,0.2434,0.2672,0.2410,0.2457,0.2469,0.2445,0.2588,0.2607,0.6023,0.6333,0.2708,0.2351,0.2510,0.2754,0.5811,5.1012
42600000,249394722,281836,14,13,0,0,1,0.2484,0.2696,0.2589,0.2387,0.2465,0.2640,0.2401,0.2659,0.2568,0.6283,0.6586,0.2487,0.2522,0.2480,0.2853,0.5819,5.1920
42800000,250261974,282440,14,13,0,0,4,0.2365,0.2401,0.2595,0.2324,0.2407,0.2523,0.2356,0.2822,0.2589,0.5270,0.5614,0.2414,0.2308,0.2593,0.2651,0.5833,4.9065
43000000,251001760,282950,16,13,1,0,3,0.2601,0.2520,0.2612,0.2546,0.2630,0.2932,0.2584,0.2788,0.2799,0.6200,0.6512,0.2525,0.2525,0.2746,0.2867,0.5855,5.3242
43200000,251797655,283448,18,13,0,0,20,0.2511,0.2531,0.2724,0.2409,0.2531,0.2545,0.2435,0.2385,0.2418,0.6286,0.6606,0.2622,0.2449,0.2699,0.2731,0.5868,5.1751
43400000,252615427,283998,17,13,2,0,3,0.2381,0.2412,0.2603,0.2365,0.2506,0.2602,0.2238,0.2635,0.2552,0.5803,0.6125,0.2608,0.2584,0.2575,0.2703,0.5865,5.0556
43600000,253374521,284496,19,13,1,1,4,0.2460,0.2516,0.2678,0.2346,0.2329,0.2572,0.2468,0.2523,0.2423,0.6581,0.6922,0.2495,0.2376,0.2568,0.2676,0.5885,5.1816
43800000,254174049,285081,21,13,1,0,30,0.2366,0.2381,0.2429,0.2239,0.2410,0.2457,0.2300,0.2446,0.2639,0.6211,0.6510,0.2790,0.2385,0.2456,0.2601,0.5875,5.0495
44000000,254939101,285509,21,11,0,0,16,0.2508,0.2471,0.2479,0.2437,0.2566,0.2546,0.2466,0.2613,0.2518,0.6633,0.6949,0.2503,0.2485,0.2520,0.2738,0.5912,5.2346
44200000,255735497,286055,20,11,0,1,20,0.2404,0.2372,0.2520,0.2242,0.2595,0.2422,0.2407,0.2395,0.2411,0.5567,0.5870,0.2422,0.2543,0.2577,0.2675,0.5895,4.9315
44400000,256550877,286539,20,11,0,0,1,0.2374,0.2087,0.2542,0.2256,0.2306,0.2335,0.2275,0.2291,0.2577,0.6312,0.6654,0.2466,0.2367,0.2420,0.2505,0.5918,4.9682
44600000,257264865,287032,18,12,1,1,25,0.2562,0.2507,0.2872,0.2528,0.2445,0.2663,0.2502,0.2946,0.2733,0.6688,0.7036,0.2760,0.2551,0.2632,0.3085,0.5951,5.4463
44800000,258060274,287488,18,12,0,0,2,0.2336,0.2309,0.2532,0.2374,0.2375,0.2412,0.2264,0.2418,0.2445,0.6710,0.7053,0.2402,0.2393,0.2574,0.2672,0.5953,5.1223
45000000,258884241,287971,17,8,0,0,9,0.2485,0.2461,0.2573,0.2294,0.2490,0.2725,0.2352,0.2418,0.2491,0.5821,0.6142,0.2373,0.2547,0.2412,0.2809,0.5936,5.0329
45200000,259663691,288426,15,8,0,0,2,0.2396,0.2616,0.2553,0.2411,0.2467,0.2514,0.2490,0.2432,0.2512,0.6538,0.6873,0.2717,0.2587,0.2737,0.2886,0.5969,5.2698
45400000,260459458,288881,16,8,0,0,2,0.2579,0.2410,0.2515,0.2556,0.2438,0.2743,0.2386,0.2589,0.2560,0.6099,0.6421,0.2540,0.2495,0.2502,0.2833,0.5962,5.1630
45600000,261205868,289356,17,8,1,0,5,0.2678,0.2308,0.2429,0.2458,0.2330,0.2525,0.2460,0.2766,0.2578,0.5890,0.6192,0.2631,0.2464,0.2724,0.2816,0.6005,5.1253
45800000,262031011,289785,17,8,1,0,6,0.2345,0.2328,0.2745,0.2223,0.2447,0.2464,0.2319,0.2539,0.2610,0.5873,0.6193,0.2545,0.2534,0.2441,0.2890,0.5993,5.0488
46000000,262808162,290257,15,8,1,1,7,0.2501,0.2479,0.2585,0.2288,0.2428,0.2505,0.2420,0.2610,0.2505,0.6184,0.6512,0.2636,0.2415,0.2525,0.2837,0.6017,5.1447
46200000,263533260,290720,12,8,1,0,4,0.2613,0.2685,0.2645,0.2380,0.2542,0.2566,0.2571,0.2664,0.2608,0.6757,0.7051,0.2570,0.2710,0.2663,0.2951,0.6020,5.3998
46400000,264264361,291204,12,8,0,0,6,0.2586,0.2381,0.2553,0.2540,0.2582,0.2671,0.2459,0.2750,0.2568,0.6676,0.7016,0.2660,0.2486,0.2810,0.2967,0.6023,5.3728
46600000,265091166,291702,13,8,0,0,1,0.2535,0.2418,0.2519,0.2419,0.2483,0.2548,0.2489,0.2741,0.2579,0.5534,0.5827,0.2486,0.2371,0.2418,0.2713,0.6028,5.0110
46800000,265809383,292123,13,8,0,0,2,0.2545,0.2444,0.2531,0.2520,0.2631,0.2592,0.2568,0.2565,0.2543,0.6751,0.7069,0.2650,0.2374,0.2791,0.2866,0.6047,5.3486
47000000,266645628,292615,12,8,0,1,2,0.2394,0.2437,0.2422,0.2308,0.2333,0.2446,0.2550,0.2599,0.2217,0.6270,0.6606,0.2330,0.2430,0.2411,0.2631,0.6063,5.0446
47200000,267406715,293112,12,9,0,0,2,0.2539,0.2671,0.2663,0.2421,0.2564,0.2510,0.2474,0.2632,0.2463,0.6193,0.6540,0.2567,0.2588,0.2567,0.2973,0.6037,5.2402
47400000,268220842,293588,13,9,0,1,5,0.2457,0.2382,0.2458,0.2389,0.2350,0.2594,0.2377,0.2659,0.2689,0.5524,0.5855,0.2473,0.2342,0.2560,0.2772,0.6070,4.9953
47600000,269006367,294083,15,9,0,0,2,0.2451,0.2322,0.2443,0.2481,0.2391,0.2531,0.2345,0.2375,0.2403,0.6299,0.6677,0.2441,0.2417,0.2688,0.2567,0.6081,5.0911
47800000,269778179,294551,16,9,0,0,0,0.2415,0.2426,0.2520,0.2522,0.2504,0.2570,0.2288,0.2567,0.2471,0.6141,0.6458,0.2635,0.2459,0.2351,0.2560,0.6073,5.0959
48000000,270530110,294990,17,9,0,0,4,0.2542,0.2426,0.2560,0.2418,0.2482,0.2630,0.2718,0.2708,0.2642,0.6627,0.6942,0.2725,0.2579,0.2830,0.2877,0.6093,5.3798
48200000,271309850,295374,18,9,0,0,7,0.2680,0.2467,0.2662,0.2553,0.2504,0.2540,0.2220,0.2474,0.2534,0.6405,0.6713,0.2580,0.2638,0.2513,0.2878,0.6115,5.2475
48400000,272080871,295770,18,11,0,0,1,0.2488,0.2655,0.2622,0.2551,0.2487,0.2655,0.2569,0.2661,0.2699,0.6577,0.6895,0.2465,0.2540,0.2590,0.2571,0.6114,5.3141
48600000,272762292,296176,19,11,0,0,5,0.2606,0.2522,0.2604,0.2515,0.2566,0.2657,0.2430,0.2606,0.2942,0.7505,0.7840,0.2677,0.2484,0.2927,0.3042,0.6140,5.6063
48800000,273487026,296588,19,12,0,0,3,0.2566,0.2774,0.2741,0.2455,0.2733,0.2769,0.2396,0.2613,0.2560,0.6107,0.6424,0.2475,0.2754,0.2526,0.3037,0.6141,5.3071
49000000,274243377,297065,19,12,0,0,2,0.2432,0.2452,0.2599,0.2597,0.2470,0.2629,0.2502,0.2822,0.2584,0.6077,0.6424,0.2706,0.2679,0.2796,0.2860,0.6132,5.2762
49200000,274995406,297463,18,12,0,0,6,0.2583,0.2471,0.2694,0.2402,0.2475,0.2625,0.2431,0.2676,0.2488,0.6494,0.6812,0.2629,0.2655,0.2617,0.2844,0.6148,5.3046
49400000,275713640,297870,20,12,0,0,6,0.2686,0.2611,0.2768,0.2718,0.2647,0.2820,0.2625,0.2723,0.2661,0.6558,0.6882,0.2794,0.2549,0.2883,0.2990,0.6166,5.5079
49600000,276464485,298256,22,13,4,1,23,0.2544,0.2380,0.2478,0.2506,0.2468,0.2712,0.2285,0.2748,0.2476,0.6044,0.6405,0.2323,0.2465,0.2540,0.2964,0.6177,5.1515
49800000,277241058,298699,20,13,0,0,7,0.2527,0.2463,0.2616,0.2602,0.2495,0.2808,0.2374,0.2469,0.2505,0.6202,0.6552,0.2480,0.2516,0.2642,0.2734,0.6178,5.2161
50000000,277997410,299093,20,14,0,1,10,0.2487,0.2370,0.2765,0.2338,0.2500,0.2769,0.2353,0.2680,0.2603,0.6286,0.6605,0.2426,0.2352,0.2474,0.2778,0.6187,5.1974
50200000,278772431,299515,19,14,0,1,4,0.2534,0.2372,0.2451,0.2411,0.2562,0.2646,0.2430,0.2507,0.2461,0.6008,0.6361,0.2696,0.2813,0.2723,0.2788,0.6204,5.1967
50400000,279469653,299940,20,14,2,0,6,0.2493,0.2680,0.2849,0.2510,0.2491,0.2734,0.2623,0.2718,0.2830,0.6736,0.7057,0.2671,0.2746,0.2577,0.2926,0.6190,5.4833
50600000,280203412,300304,18,16,1,1,33,0.2494,0.2267,0.2557,0.2581,0.2491,0.2791,0.2465,0.2751,0.2705,0.6319,0.6644,0.2628,0.2604,0.2651,0.2756,0.6229,5.2934
50800000,280955105,300728,16,13,0,0,2,0.2496,0.2476,0.2596,0.2485,0.2590,0.2762,0.2579,0.2677,0.2663,0.6580,0.6938,0.2495,0.2572,0.2437,0.2787,0.6209,5.3339
51000000,281727662,301170,18,13,1,0,7,0.2509,0.2277,0.2537,0.2356,0.2406,0.2637,0.2409,0.2596,0.2495,0.6139,0.6436,0.2809,0.2503,0.2734,0.2729,0.6234,5.1807
51200000,282466063,301570,21,14,0,1,11,0.2582,0.2349,0.2636,0.2532,0.2520,0.2692,0.2416,0.2750,0.2472,0.6322,0.6652,0.2717,0.2442,0.2459,0.2807,0.6246,5.2594
51400000,283258394,301961,22,14,0,0,12,0.2510,0.2339,0.2501,0.2441,0.2361,0.2459,0.2276,0.2693,0.2669,0.5620,0.5987,0.2514,0.2504,0.2469,0.2733,0.6246,5.0320
51600000,283986950,302342,21,13,0,2,11,0.2476,0.2472,0.2677,0.2489,0.2490,0.2611,0.2579,0.2757,0.2600,0.6180,0.6525,0.2690,0.2654,0.2715,0.3021,0.6256,5.3194
51800000,284709173,302800,21,13,0,0,12,0.2520,0.2523,0.2577,0.2550,0.2599,0.2850,0.2623,0.2903,0.2671,0.6167,0.6533,0.2735,0.2651,0.2607,0.2957,0.6261,5.3728
52000000,285425194,303215,24,13,0,0,12,0.2507,0.2654,0.2587,0.2419,0.2476,0.2667,0.2756,0.2598,0.2830,0.6824,0.7113,0.2600,0.2597,0.2564,0.3054,0.6269,5.4517
52200000,286196901,303640,28,14,1,1,39,0.2391,0.2347,0.2580,0.2394,0.2428,0.2637,0.2164,0.2434,0.2483,0.6405,0.6741,0.2692,0.2545,0.2727,0.2870,0.6289,5.2129
52400000,286883216,303952,26,14,2,0,12,0.2615,0.2442,0.2546,0.2358,0.2686,0.2683,0.2448,0.2807,0.2612,0.6708,0.7019,0.2567,0.2554,0.2639,0.3072,0.6289,5.4046
52600000,287658637,304366,26,13,0,1,13,0.2542,0.2430,0.2697,0.2496,0.2496,0.2618,0.2317,0.2749,0.2641,0.5964,0.6307,0.2492,0.2411,0.2685,0.2720,0.6294,5.1858
52800000,288410942,304692,24,13,1,0,6,0.2616,0.2384,0.2771,0.2356,0.2552,0.2782,0.2444,0.2738,0.2556,0.6247,0.6575,0.2696,0.2734,0.2610,0.3044,0.6289,5.3396
53000000,289150637,305120,26,13,0,0,5,0.2610,0.2409,0.2613,0.2458,0.2645,0.2686,0.2499,0.2507,0.2751,0.6474,0.6783,0.2497,0.2587,0.2569,0.2864,0.6315,5.3268
53200000,289815980,305461,27,13,0,0,5,0.2639,0.2513,0.2873,0.2645,0.2469,0.2820,0.2447,0.2727,0.2867,0.7480,0.7840,0.2672,0.2570,0.2743,0.3353,0.6324,5.6980
53400000,290508688,305867,27,14,1,1,6,0.2525,0.2625,0.2866,0.2505,0.2593,0.2877,0.2427,0.2622,0.2696,0.6794,0.7168,0.2781,0.2706,0.2709,0.3058,0.6342,5.5294
53600000,291272416,306239,28,14,0,1,57,0.2506,0.2335,0.2868,0.2316,0.2591,0.2638,0.2413,0.2651,0.2650,0.6407,0.6757,0.2752,0.2564,0.2680,0.2842,0.6339,5.3308
53800000,292005454,306592,27,14,2,2,15,0.2638,0.2637,0.2764,0.2559,0.2569,0.2723,0.2441,0.2513,0.2621,0.6705,0.7026,0.2711,0.2545,0.2679,0.2982,0.6342,5.4454
54000000,292733521,306986,28,14,0,1,37,0.2597,0.2601,0.2718,0.2535,0.2582,0.2538,0.2410,0.2640,0.2655,0.6589,0.6946,0.2629,0.2561,0.2512,0.2934,0.6356,5.3802
54200000,293438128,307396,29,14,0,0,3,0.2490,0.2478,0.2624,0.2515,0.2576,0.2597,0.2596,0.2608,0.2523,0.6212,0.6515,0.2749,0.2668,0.2648,0.2883,0.6354,5.3036
54400000,294160766,307772,30,14,0,2,13,0.2588,0.2418,0.2644,0.2527,0.2596,0.2755,0.2544,0.2758,0.2852,0.6179,0.6518,0.2759,0.2564,0.2624,0.3265,0.6372,5.3964
54600000,294852895,308162,30,14,0,4,6,0.2739,0.2407,0.2734,0.2464,0.2651,0.2666,0.2376,0.2780,0.2704,0.7309,0.7623,0.2636,0.2580,0.2762,0.3004,0.6368,5.5803
54800000,295614490,308512,27,14,0,2,3,0.2532,0.2402,0.2715,0.2408,0.2535,0.2607,0.2333,0.2459,0.2612,0.5878,0.6210,0.2378,0.2362,0.2546,0.2715,0.6384,5.1075
55000000,296359480,308928,27,14,0,0,4,0.2487,0.2374,0.2532,0.2437,0.2573,0.2716,0.2521,0.2585,0.2636,0.6237,0.6587,0.2498,0.2524,0.2539,0.2775,0.6385,5.2407
55200000,297035732,309293,29,14,1,1,8,0.2576,0.2741,0.2904,0.2494,0.2642,0.2825,0.2498,0.2757,0.2686,0.6977,0.7342,0.2798,0.2735,0.2705,0.3025,0.6405,5.6108
55400000,297718575,309584,27,14,0,1,3,0.2672,0.2719,0.2837,0.2454,0.2537,0.2954,0.2574,0.2872,0.2714,0.6352,0.6666,0.2897,0.2773,0.2869,0.2874,0.6413,5.5179
55600000,298466503,309930,27,14,1,1,18,0.2653,0.2486,0.2636,0.2540,0.2557,0.2497,0.2457,0.2712,0.2542,0.5648,0.5966,0.2584,0.2534,0.2776,0.3060,0.6427,5.2075
55800000,299205935,310331,27,14,0,0,2,0.2655,0.2546,0.2693,0.2552,0.2611,0.2563,0.2670,0.2844,0.2643,0.6507,0.6846,0.2582,0.2422,0.2670,0.2660,0.6427,5.3891
56000000,299937822,310738,28,14,2,0,4,0.2581,0.2495,0.2546,0.2569,0.2515,0.2688,0.2659,0.2488,0.2549,0.5828,0.6160,0.2642,0.2725,0.2768,0.2840,0.6441,5.2493
56200000,300706138,311095,26,14,0,0,4,0.2577,0.2449,0.2627,0.2409,0.2627,0.2585,0.2547,0.2685,0.2556,0.5689,0.6037,0.2713,0.2596,0.2694,0.2863,0.6421,5.2076
56400000,301438937,311458,26,14,0,1,7,0.2710,0.2482,0.2903,0.2499,0.2531,0.2821,0.2599,0.2728,0.2557,0.6665,0.6982,0.2714,0.2625,0.2742,0.2927,0.6449,5.4936
56600000,302161125,311832,25,8,0,0,5,0.2526,0.2619,0.2688,0.2511,0.2628,0.2792,0.2521,0.2710,0.2744,0.6486,0.6834,0.2592,0.2822,0.2663,0.2896,0.6450,5.4481
56800000,302829101,312188,26,8,0,1,24,0.2775,0.2647,0.2832,0.2608,0.2466,0.2965,0.2561,0.2776,0.2902,0.6400,0.6710,0.2643,0.2694,0.2733,0.3065,0.6464,5.5241
57000000,303530067,312530,26,8,0,0,4,0.2627,0.2577,0.2669,0.2471,0.2623,0.2780,0.2655,0.2896,0.2580,0.6606,0.6935,0.2763,0.2786,0.2782,0.3014,0.6464,5.5230
57200000,304267835,312928,25,8,1,0,1,0.2735,0.2678,0.3042,0.2609,0.2587,0.2614,0.2589,0.2720,0.2853,0.6527,0.6891,0.2728,0.2472,0.2571,0.2674,0.6483,5.4773
57400000,304987417,313295,23,8,1,0,15,0.2513,0.2529,0.2721,0.2693,0.2601,0.2913,0.2442,0.2687,0.2716,0.6697,0.7019,0.2830,0.2465,0.2690,0.2951,0.6490,5.4958
57600000,305736973,313669,21,8,0,0,0,0.2431,0.2421,0.2670,0.2496,0.2517,0.2633,0.2289,0.2593,0.2524,0.5890,0.6238,0.2661,0.2437,0.2607,0.2725,0.6501,5.1632
57800000,306470284,313925,21,8,0,0,1,0.2578,0.2419,0.2783,0.2518,0.2549,0.2728,0.2471,0.2383,0.2852,0.6486,0.6810,0.2805,0.2675,0.2773,0.3041,0.6490,5.4362
58000000,307188492,314189,20,8,2,0,2,0.2646,0.2744,0.2672,0.2630,0.2505,0.2619,0.2396,0.2660,0.2660,0.5984,0.6337,0.2809,0.2451,0.2568,0.2932,0.6507,5.3122
58200000,307856609,314500,20,8,0,0,1,0.2591,0.2599,0.2807,0.2610,0.2615,0.2704,0.2459,0.2731,0.2551,0.7476,0.7830,0.2753,0.2490,0.2705,0.3024,0.6509,5.6451
58400000,308592891,314870,22,8,0,0,9,0.2638,0.2566,0.2786,0.2728,0.2509,0.2742,0.2495,0.2674,0.2714,0.6419,0.6748,0.2590,0.2362,0.2665,0.3023,0.6507,5.4165
58600000,309354264,315206,20,8,2,0,3,0.2646,0.2449,0.2644,0.2542,0.2622,0.2594,0.2288,0.2655,0.2608,0.6186,0.6510,0.2619,0.2548,0.2615,0.2581,0.6505,5.2611
58800000,310077882,315554,18,8,0,0,2,0.2598,0.2410,0.2613,0.2501,0.2614,0.2659,0.2387,0.2875,0.2591,0.5947,0.6300,0.2722,0.2572,0.2813,0.2989,0.6534,5.3125
59000000,310760311,315827,20,8,0,0,4,0.2616,0.2410,0.2947,0.2493,0.2559,0.2669,0.2624,0.2961,0.2812,0.7051,0.7390,0.2879,0.2918,0.2955,0.2939,0.6529,5.6751
59200000,311421171,316098,21,8,0,0,2,0.2608,0.2792,0.2971,0.2677,0.2626,0.3059,0.2434,0.3104,0.2828,0.7254,0.7601,0.2596,0.2751,0.2683,0.3179,0.6545,5.7709
59400000,312141462,316363,21,8,1,0,5,0.2569,0.2606,0.2590,0.2560,0.2781,0.2931,0.2508,0.2884,0.2910,0.6220,0.6552,0.2641,0.2830,0.2815,0.2947,0.6539,5.4883
59600000,312906789,316686,20,8,1,0,226,0.2697,0.2647,0.2523,0.2441,0.2589,0.2751,0.2593,0.2765,0.2593,0.6294,0.6582,0.2577,0.2483,0.2849,0.2826,0.6550,5.3760
59800000,313630232,317127,19,8,0,0,0,0.2554,0.2432,0.2742,0.2620,0.2480,0.2575,0.2365,0.2768,0.2563,0.6262,0.6602,0.2756,0.2567,0.2669,0.3036,0.6589,5.3579
60000000,314334772,317450,20,8,0,0,6,0.2697,0.2612,0.2797,0.2553,0.2693,0.2699,0.2499,0.2689,0.2501,0.6244,0.6602,0.2740,0.2698,0.2716,0.3051,0.6561,5.4351
60200000,315021282,317847,21,8,1,0,8,0.2633,0.2578,0.2617,0.2573,0.2685,0.2778,0.2318,0.2634,0.2850,0.6467,0.6845,0.2805,0.2669,0.2791,0.3077,0.6597,5.4916
60400000,315704416,318177,21,8,0,0,4,0.2603,0.2642,0.2844,0.2634,0.2713,0.2647,0.2582,0.2793,0.2681,0.6196,0.6557,0.2672,0.2911,0.2722,0.3194,0.6609,5.4999
60600000,316319922,318489,21,8,0,0,1,0.2631,0.2651,0.2836,0.2589,0.2726,0.2617,0.2565,0.2691,0.2815,0.7218,0.7554,0.2926,0.3070,0.2667,0.3046,0.6596,5.7198
60800000,316974126,318807,21,8,0,1,3,0.2705,0.2589,0.2932,0.2943,0.2730,0.2800,0.2788,0.2966,0.2769,0.6425,0.6784,0.2619,0.2694,0.2749,0.3272,0.6581,5.6343
61000000,317660593,319159,20,8,0,0,3,0.2592,0.2810,0.2817,0.2623,0.2604,0.2686,0.2475,0.2696,0.2562,0.5831,0.6168,0.2659,0.2722,0.2706,0.2804,0.6602,5.3359
61200000,318349702,319443,20,10,0,0,4,0.2594,0.2606,0.2734,0.2421,0.2462,0.2539,0.2290,0.2696,0.2712,0.7015,0.7344,0.2609,0.2552,0.2734,0.2809,0.6616,5.4732
61400000,318986594,319718,20,11,0,0,3,0.2746,0.2466,0.2820,0.2671,0.2595,0.2887,0.2646,0.2831,0.2545,0.7082,0.7409,0.2685,0.2766,0.2798,0.3004,0.6609,5.6559
61600000,319618962,319986,19,11,1,0,0,0.2780,0.2674,0.2854,0.2599,0.2712,0.2732,0.2762,0.3039,0.2842,0.6707,0.7040,0.2966,0.2826,0.2699,0.3023,0.6616,5.6872
61800000,320247972,320240,18,8,0,1,1,0.2699,0.2718,0.3041,0.2797,0.2727,0.2768,0.2673,0.3042,0.2717,0.7234,0.7551,0.2800,0.2636,0.2749,0.3157,0.6632,5.7941
62000000,320958799,320570,19,8,0,0,2,0.2581,0.2770,0.2687,0.2765,0.2556,0.2779,0.2481,0.2664,0.2744,0.5885,0.6223,0.2571,0.2546,0.2718,0.3173,0.6639,5.3783
62200000,321655069,320896,19,8,0,0,2,0.2650,0.2500,0.2854,0.2686,0.2685,0.2790,0.2582,0.2986,0.2798,0.6282,0.6593,0.2741,0.2584,0.2811,0.2945,0.6640,5.5127
62400000,322317123,321179,19,8,1,1,6,0.2792,0.2737,0.2883,0.2685,0.2632,0.2819,0.2895,0.2954,0.2759,0.6388,0.6674,0.2638,0.2839,0.2808,0.3192,0.6642,5.6336
62600000,322944116,321523,19,8,0,0,22,0.2642,0.2531,0.2803,0.2627,0.2792,0.2712,0.2728,0.2627,0.2826,0.7199,0.7549,0.2796,0.2533,0.2927,0.3100,0.6652,5.7044
62800000,323552425,321804,19,8,0,0,7,0.2708,0.2437,0.2578,0.2624,0.2665,0.2912,0.2714,0.2847,0.2894,0.6999,0.7290,0.2803,0.2648,0.2756,0.3090,0.6646,5.6611
63000000,324260136,322090,19,8,0,0,4,0.2654,0.2577,0.2620,0.2530,0.2599,0.2686,0.2391,0.2835,0.2773,0.6114,0.6422,0.2711,0.2571,0.2702,0.2820,0.6665,5.3669
63200000,324906036,322368,19,8,0,0,4,0.2686,0.2710,0.2921,0.2687,0.2753,0.2936,0.2678,0.2671,0.2726,0.7386,0.7715,0.2814,0.2760,0.3032,0.3269,0.6687,5.8431
63400000,325557700,322635,19,8,0,0,2,0.2557,0.2638,0.2842,0.2649,0.2754,0.2858,0.2522,0.2807,0.2753,0.6538,0.6876,0.2672,0.2658,0.2900,0.3086,0.6670,5.5781
63600000,326237927,322884,20,8,0,0,4,0.2741,0.2564,0.2719,0.2540,0.2563,0.2748,0.2690,0.2544,0.2653,0.6449,0.6792,0.2863,0.2567,0.2935,0.2981,0.6705,5.5054
63800000,326880786,323169,20,8,0,0,1,0.2650,0.2678,0.2727,0.2503,0.2513,0.2606,0.2799,0.2769,0.2666,0.6654,0.7010,0.2655,0.2833,0.2574,0.2940,0.6682,5.5259
64000000,327528038,323522,20,9,0,0,8,0.2820,0.2666,0.2751,0.2679,0.2828,0.2835,0.2749,0.2953,0.2900,0.6919,0.7238,0.2818,0.2824,0.2978,0.3160,0.6714,5.7832
64200000,328104474,323809,19,10,0,0,1,0.2741,0.2779,0.2840,0.2861,0.2821,0.2752,0.2731,0.2817,0.2832,0.7540,0.7868,0.2897,0.2944,0.3164,0.3129,0.6702,5.9419
64400000,328861518,324125,20,10,0,0,50,0.2597,0.2501,0.2642,0.2377,0.2567,0.2773,0.2403,0.2655,0.2647,0.5694,0.6044,0.2467,0.2486,0.2421,0.2799,0.6717,5.1790
64600000,329479838,324392,21,10,0,0,3,0.2703,0.2607,0.2784,0.2720,0.2730,0.2781,0.2567,0.2855,0.2642,0.6859,0.7186,0.2796,0.2726,0.2838,0.2935,0.6697,5.6425
64800000,330091015,324615,20,10,1,0,34,0.2646,0.2710,0.2743,0.2631,0.2681,0.2731,0.2620,0.2815,0.2787,0.6938,0.7302,0.2790,0.2715,0.2897,0.3268,0.6715,5.6989
65000000,330752743,324911,21,10,0,0,2,0.2930,0.2607,0.2777,0.2618,0.2786,0.2842,0.2528,0.2706,0.2758,0.5980,0.6339,0.2593,0.2861,0.2781,0.2853,0.6731,5.4689
65200000,331394458,325221,22,10,2,0,7,0.2644,0.2631,0.2749,0.2526,0.2594,0.2873,0.2410,0.2606,0.2872,0.6167,0.6539,0.2854,0.2570,0.2842,0.3021,0.6728,5.4626
65400000,332032162,325457,23,10,0,0,3,0.2739,0.2764,0.2954,0.2505,0.2748,0.2798,0.2553,0.2872,0.2867,0.6815,0.7145,0.2679,0.2927,0.2679,0.2786,0.6725,5.6556
65600000,332696777,325750,22,8,1,0,15,0.2732,0.2646,0.2770,0.2723,0.2655,0.2849,0.2518,0.2983,0.2768,0.5919,0.6268,0.2863,0.2765,0.2614,0.3040,0.6757,5.4871
65800000,333342219,325976,23,8,1,0,10,0.2705,0.2657,0.2801,0.2741,0.2608,0.2791,0.2446,0.2771,0.2704,0.6698,0.7044,0.2758,0.2901,0.2861,0.2955,0.6743,5.6185
66000000,333984338,326210,23,8,0,0,4,0.2672,0.2648,0.2705,0.2612,0.2736,0.2724,0.2827,0.2881,0.2854,0.6647,0.6991,0.2865,0.2822,0.2853,0.3160,0.6750,5.6748
66200000,334637574,326494,24,8,2,0,5,0.2727,0.2715,0.2871,0.2749,0.2669,0.2610,0.2442,0.3031,0.2604,0.7372,0.7738,0.2751,0.2574,0.2812,0.3407,0.6752,5.7822
66400000,335279352,326828,24,8,0,0,1,0.2733,0.2618,0.2999,0.2597,0.2660,0.2842,0.2637,0.2771,0.2879,0.6817,0.7129,0.2878,0.2726,0.2768,0.3326,0.6765,5.7145
66600000,335948691,327062,22,9,0,1,31,0.2617,0.2688,0.2808,0.2630,0.2732,0.2749,0.2543,0.2683,0.2655,0.6568,0.6921,0.2598,0.2800,0.2711,0.3074,0.6781,5.5558
66800000,336616694,327318,23,9,0,0,4,0.2667,0.2546,0.2734,0.2492,0.2592,0.2673,0.2574,0.2773,0.2638,0.6347,0.6711,0.2793,0.2585,0.2630,0.2860,0.6759,5.4373
67000000,337244385,327605,22,9,1,0,5,0.2784,0.2573,0.2858,0.2497,0.2654,0.2763,0.2636,0.2881,0.2790,0.6766,0.7131,0.2718,0.2610,0.2690,0.2983,0.6792,5.6127
67200000,337840531,327826,24,10,2,0,7,0.2655,0.2701,0.2866,0.2871,0.2665,0.2752,0.2852,0.3007,0.2929,0.6934,0.7300,0.2625,0.2597,0.3047,0.3244,0.6806,5.7849
67400000,338435152,328047,25,10,0,1,8,0.2905,0.2615,0.2895,0.2830,0.2711,0.3037,0.2522,0.2821,0.2936,0.7577,0.7927,0.2968,0.2812,0.3145,0.3241,0.6774,5.9714
67600000,339082340,328373,24,10,0,0,5,0.2649,0.2723,0.2570,0.2449,0.2494,0.2705,0.2645,0.2770,0.2688,0.6784,0.7117,0.2545,0.2902,0.2761,0.3185,0.6812,5.5799
67800000,339738469,328578,24,10,0,0,4,0.2868,0.2866,0.2734,0.2508,0.2779,0.2958,0.2582,0.2806,0.2686,0.6677,0.6993,0.2651,0.2593,0.2653,0.2908,0.6801,5.6065
68000000,340395348,328842,23,10,0,0,2,0.2693,0.2627,0.2954,0.2761,0.2684,0.2853,0.2563,0.2737,0.2572,0.6286,0.6616,0.2802,0.2616,0.2811,0.3047,0.6798,5.5419
68200000,341044719,329080,24,11,0,0,1,0.2839,0.2668,0.2863,0.2648,0.2804,0.2890,0.2413,0.2701,0.2737,0.6735,0.7096,0.2944,0.2848,0.2707,0.3138,0.6817,5.6847
68400000,341615021,329308,24,11,0,0,2,0.2788,0.2645,0.2787,0.2610,0.2704,0.2797,0.2736,0.2737,0.2801,0.7349,0.7699,0.2940,0.2809,0.2855,0.3128,0.6840,5.8225
68600000,342239221,329531,24,12,0,0,3,0.2874,0.2493,0.3027,0.2833,0.2515,0.2864,0.2537,0.2767,0.2832,0.7232,0.7567,0.2818,0.2770,0.2856,0.3165,0.6830,5.7980
68800000,342874222,329770,24,12,2,0,6,0.2836,0.2600,0.2908,0.2551,0.2682,0.2671,0.2552,0.2672,0.2805,0.6463,0.6791,0.2750,0.2832,0.2692,0.3034,0.6820,5.5657
69000000,343434450,329995,24,12,0,0,3,0.2760,0.2594,0.2837,0.2692,0.2849,0.2846,0.2517,0.3257,0.2796,0.7156,0.7510,0.2753,0.2926,0.3083,0.3226,0.6840,5.8640
69200000,344040978,330236,23,13,1,0,2,0.2716,0.2637,0.2922,0.2614,0.2681,0.2918,0.2748,0.2901,0.2920,0.6677,0.7007,0.2800,0.2713,0.2719,0.3098,0.6827,5.6898
69400000,344696381,330393,23,13,1,0,3,0.2832,0.2645,0.2821,0.2554,0.2729,0.2870,0.2630,0.2874,0.2626,0.6334,0.6677,0.2796,0.2622,0.2999,0.3253,0.6842,5.6105
69600000,345333719,330617,23,13,1,0,3,0.2935,0.2607,0.2842,0.2799,0.2868,0.2898,0.2638,0.2819,0.2811,0.6431,0.6801,0.2771,0.2775,0.3008,0.3275,0.6860,5.7138
69800000,345946510,330816,24,13,0,0,6,0.2747,0.2717,0.3108,0.2602,0.2691,0.2946,0.2842,0.2878,0.2804,0.7029,0.7396,0.2976,0.2938,0.2873,0.3335,0.6863,5.8747
70000000,346584191,331066,23,13,0,0,2,0.2732,0.2678,0.2706,0.2545,0.2500,0.2593,0.2618,0.2805,0.2710,0.6047,0.6386,0.2812,0.2554,0.2904,0.3069,0.6854,5.4514
70200000,347200700,331321,22,14,2,0,1,0.2746,0.2849,0.2788,0.2617,0.2771,0.2763,0.2691,0.2857,0.2712,0.6921,0.7256,0.2825,0.2733,0.3017,0.3353,0.6859,5.7759
70400000,347780100,331520,22,14,0,0,5,0.2710,0.2913,0.2879,0.2691,0.2811,0.3009,0.2685,0.2755,0.2735,0.7616,0.7944,0.3015,0.2862,0.3233,0.3263,0.6869,5.9990
70600000,348384313,331763,20,14,1,1,2,0.2700,0.2630,0.2676,0.2629,0.2586,0.2637,0.2487,0.2771,0.2751,0.6694,0.7040,0.2533,0.2686,0.2892,0.3104,0.6868,5.5684
70800000,348961498,331956,21,14,0,0,1,0.2767,0.2809,0.2922,0.2660,0.2954,0.2957,0.2883,0.2880,0.2861,0.6633,0.6978,0.2952,0.2836,0.3076,0.3342,0.6860,5.8368
71000000,349521276,332123,20,11,1,0,2,0.2705,0.2762,0.3081,0.2867,0.2664,0.3131,0.2653,0.2932,0.2843,0.7481,0.7864,0.2952,0.2713,0.2901,0.3336,0.6869,5.9755
71200000,350145293,332370,20,11,1,0,2,0.2692,0.2732,0.2766,0.2626,0.2683,0.2867,0.2559,0.2783,0.2602,0.6839,0.7184,0.2666,0.2737,0.2594,0.2985,0.6886,5.6202
71400000,350762553,332609,20,11,0,0,0,0.2809,0.2783,0.2896,0.3201,0.2896,0.2968,0.2590,0.2993,0.2872,0.7106,0.7467,0.2908,0.2710,0.2893,0.3567,0.6887,5.9546
71600000,351377759,332829,19,11,0,0,3,0.2682,0.2620,0.2983,0.2643,0.2729,0.2841,0.2623,0.2661,0.2733,0.7038,0.7362,0.2861,0.2713,0.2583,0.3197,0.6888,5.7156
71800000,352015353,333055,19,11,0,1,1,0.2622,0.2548,0.2687,0.2626,0.2739,0.2791,0.2740,0.2874,0.2888,0.6514,0.6872,0.2707,0.2659,0.2784,0.3096,0.6891,5.6037
72000000,352605874,333217,22,11,0,0,7,0.2746,0.2760,0.2897,0.2746,0.2728,0.2840,0.2744,0.3059,0.2906,0.7003,0.7354,0.2836,0.2884,0.2940,0.3174,0.6888,5.8504
72200000,353276537,333447,22,11,0,0,4,0.2667,0.2437,0.2730,0.2569,0.2548,0.2689,0.2541,0.2587,0.2690,0.6832,0.7171,0.2666,0.2649,0.2787,0.3241,0.6909,5.5714
72400000,353912966,333707,22,11,2,0,20,0.2652,0.2633,0.2759,0.2571,0.2557,0.2739,0.2350,0.2777,0.2631,0.6173,0.6527,0.2888,0.2828,0.2787,0.3155,0.6902,5.4929
72600000,354522430,333924,23,11,1,0,66,0.2752,0.2662,0.2821,0.2472,0.2651,0.2964,0.2469,0.2781,0.2661,0.6838,0.7208,0.2715,0.2791,0.2805,0.3255,0.6918,5.6761
72800000,355162857,334106,22,12,1,0,19,0.2849,0.2631,0.2747,0.2889,0.2918,0.2892,0.2741,0.2960,0.2803,0.6863,0.7231,0.2737,0.2723,0.2853,0.3217,0.6911,5.7965
73000000,355811914,334394,19,7,1,0,4,0.2871,0.2620,0.2832,0.2746,0.2637,0.2782,0.2577,0.2744,0.3010,0.6445,0.6815,0.2739,0.2615,0.2707,0.2950,0.6929,5.6020
73200000,356461127,334608,20,7,0,0,7,0.2895,0.2850,0.2807,0.2752,0.2772,0.2837,0.2641,0.2926,0.2745,0.7049,0.7392,0.2768,0.2725,0.2918,0.3459,0.6925,5.8462
73400000,357092797,334864,21,7,1,0,5,0.2739,0.2862,0.2889,0.2559,0.2683,0.2773,0.2532,0.2938,0.2985,0.6609,0.6996,0.2728,0.2856,0.2924,0.3172,0.6946,5.7190
73600000,357720427,335102,21,7,0,0,12,0.2735,0.2657,0.2890,0.2807,0.2780,0.2889,0.2612,0.2743,0.2761,0.6662,0.7025,0.2840,0.2983,0.3044,0.3012,0.6949,5.7390
73800000,358377496,335342,22,7,0,0,2,0.2612,0.2658,0.2952,0.2586,0.2603,0.2718,0.2419,0.2755,0.2802,0.6927,0.7284,0.2702,0.2657,0.2732,0.3304,0.6952,5.6662
74000000,358956788,335546,22,7,0,0,0,0.2701,0.2753,0.2876,0.2740,0.2661,0.2835,0.2800,0.2936,0.2951,0.7468,0.7833,0.3027,0.2769,0.2795,0.3298,0.6944,5.9388
74200000,359575269,335757,23,7,1,0,2,0.2863,0.2813,0.2903,0.2650,0.2692,0.2705,0.2638,0.2914,0.2863,0.6275,0.6626,0.2864,0.2765,0.3110,0.3306,0.6955,5.6941
74400000,360115843,335955,26,8,1,1,5,0.2928,0.2802,0.2918,0.2815,0.2998,0.2987,0.2804,0.2745,0.3075,0.7226,0.7600,0.2922,0.2851,0.2973,0.3382,0.6962,5.9989
74600000,360715117,336181,24,8,0,0,4,0.2700,0.2538,0.2777,0.2868,0.2608,0.2945,0.2815,0.2963,0.2857,0.6735,0.7070,0.2931,0.2619,0.2840,0.3255,0.6945,5.7466
74800000,361264557,336419,23,8,1,0,4,0.2842,0.2785,0.2803,0.2723,0.2635,0.3066,0.2638,0.3000,0.2839,0.7480,0.7838,0.2934,0.2837,0.3001,0.3244,0.6988,5.9654
75000000,361819341,336614,21,8,0,1,5,0.2945,0.2819,0.2928,0.2817,0.2902,0.2801,0.2763,0.2819,0.2794,0.7275,0.7632,0.2758,0.3029,0.2714,0.3225,0.6969,5.9189
75200000,362488897,336845,20,8,1,0,3,0.2871,0.2573,0.2617,0.2639,0.2747,0.2894,0.2517,0.2857,0.2644,0.6163,0.6517,0.2660,0.2563,0.3040,0.3131,0.6983,5.5415
75400000,363055897,337066,19,8,2,0,4,0.2923,0.2789,0.2985,0.2640,0.2821,0.2911,0.2748,0.2967,0.2878,0.7428,0.7821,0.2866,0.2992,0.2811,0.3388,0.6976,5.9946
75600000,363692368,337327,18,8,1,0,3,0.2758,0.2716,0.2892,0.2682,0.2668,0.2834,0.2563,0.2932,0.3070,0.6871,0.7232,0.2745,0.2718,0.2664,0.3075,0.6980,5.7400
75800000,364306367,337553,20,8,0,0,1,0.2744,0.2765,0.2970,0.2651,0.2735,0.2642,0.2603,0.2658,0.2889,0.6584,0.6966,0.2738,0.2702,0.2833,0.3405,0.6995,5.6882
76000000,364869454,337681,20,8,0,0,1,0.2779,0.2780,0.2973,0.2792,0.2895,0.3149,0.2767,0.3044,0.2761,0.7248,0.7611,0.2982,0.2651,0.2674,0.3244,0.6998,5.9351
76200000,365322421,337877,19,8,0,0,4,0.2908,0.3105,0.3095,0.2950,0.2816,0.3070,0.2637,0.2875,0.3007,0.8545,0.8886,0.3047,0.2885,0.3259,0.3508,0.6994,6.3586
76400000,365948885,338083,20,8,2,0,4,0.2658,0.2610,0.2717,0.2712,0.2611,0.2725,0.2591,0.3057,0.2739,0.7029,0.7372,0.2796,0.2766,0.2796,0.3437,0.6993,5.7609
76600000,366558459,338379,20,8,0,1,6,0.2976,0.2660,0.2696,0.2699,0.2726,0.3014,0.2639,0.2930,0.3039,0.6696,0.7060,0.2764,0.2641,0.2747,0.3268,0.7022,5.7578
76800000,367123096,338568,21,8,0,0,1,0.2872,0.2708,0.3025,0.2759,0.2773,0.2940,0.2852,0.2844,0.2959,0.7067,0.7436,0.3095,0.2913,0.2816,0.3223,0.7016,5.9299
77000000,367631034,338816,20,8,0,0,73,0.2993,0.2762,0.3084,0.2939,0.2945,0.3248,0.3052,0.2934,0.3034,0.7264,0.7609,0.3127,0.3030,0.3150,0.3553,0.7021,6.1746
77200000,368207976,339034,21,8,0,1,6,0.2927,0.2880,0.2945,0.2886,0.2887,0.3099,0.2582,0.3056,0.2848,0.6594,0.6914,0.2808,0.2828,0.2950,0.3266,0.7045,5.8516
77400000,368781373,339238,21,8,0,2,2,0.2832,0.2954,0.3188,0.2729,0.2694,0.2782,0.2442,0.2932,0.2957,0.7434,0.7808,0.2799,0.2712,0.2830,0.3432,0.7032,5.9556
77600000,369320565,339425,21,8,0,0,0,0.2902,0.2698,0.3081,0.3051,0.2715,0.3140,0.2707,0.3070,0.2954,0.7542,0.7901,0.3027,0.2840,0.2916,0.3268,0.7034,6.0846
77800000,369929579,339695,20,8,0,0,23,0.2822,0.2825,0.2593,0.2640,0.2764,0.2969,0.2531,0.2968,0.2722,0.6989,0.7365,0.2798,0.2768,0.2981,0.3091,0.7030,5.7857
78000000,370491388,339818,20,8,1,1,3,0.2847,0.2750,0.2763,0.2827,0.2940,0.3006,0.2639,0.3099,0.2802,0.6793,0.7111,0.2832,0.2933,0.2762,0.3262,0.7048,5.8415
78200000,371030331,339988,22,8,0,0,3,0.2851,0.2807,0.3050,0.2682,0.2747,0.2909,0.2516,0.2931,0.3073,0.8056,0.8399,0.3022,0.2898,0.3189,0.3604,0.7057,6.1790
78400000,371600091,340190,21,8,0,0,8,0.2964,0.2645,0.2725,0.2834,0.3075,0.2790,0.2682,0.3082,0.2827,0.7598,0.7962,0.2887,0.2712,0.3095,0.3348,0.7052,6.0279
78600000,372176741,340371,23,8,3,0,12,0.2842,0.2765,0.2956,0.2670,0.2681,0.2996,0.2656,0.2904,0.2978,0.6730,0.7087,0.2977,0.3057,0.3009,0.3126,0.7051,5.8484
78800000,372749771,340531,24,8,1,1,77,0.2786,0.2569,0.2804,0.2762,0.2769,0.2806,0.2836,0.2805,0.2870,0.7364,0.7712,0.2780,0.2738,0.2928,0.3134,0.7062,5.8724
79000000,373351128,340682,24,8,1,1,0,0.2734,0.2680,0.2809,0.2763,0.2627,0.2929,0.2609,0.2817,0.2752,0.6737,0.7086,0.2801,0.2783,0.3016,0.2926,0.7062,5.7133
79200000,373983129,340855,22,8,3,0,17,0.2751,0.2664,0.2815,0.2535,0.2804,0.2911,0.2511,0.2924,0.3037,0.7040,0.7401,0.2978,0.2714,0.2824,0.2987,0.7054,5.7951
79400000,374564395,341061,21,7,0,1,1,0.2948,0.2587,0.3032,0.2726,0.2750,0.3008,0.2652,0.3043,0.2887,0.7120,0.7463,0.3011,0.2860,0.2967,0.3132,0.7055,5.9244
79600000,375085947,341202,22,7,0,0,3,0.2793,0.2563,0.3132,0.2775,0.2712,0.3049,0.2709,0.2764,0.2767,0.7438,0.7763,0.2927,0.2830,0.2843,0.3372,0.7033,5.9469
79800000,375635752,341349,21,7,1,2,7,0.2841,0.2631,0.2979,0.2718,0.2879,0.3153,0.2719,0.2953,0.2923,0.7799,0.8155,0.2915,0.2866,0.3240,0.3702,0.7084,6.1556
80000000,376239953,341514,21,7,1,1,10,0.2690,0.2699,0.2868,0.2600,0.2634,0.2675,0.2748,0.2713,0.2696,0.7098,0.7452,0.2993,0.2790,0.2749,0.2856,0.7085,5.7344
80200000,376816688,341687,21,7,0,0,9,0.2947,0.2798,0.3042,0.2816,0.2724,0.2945,0.2653,0.3092,0.2740,0.7330,0.7653,0.2625,0.2808,0.3163,0.3349,0.7079,5.9764
80400000,377356180,341851,23,7,0,0,1,0.2764,0.2844,0.2951,0.2653,0.2930,0.2860,0.2629,0.3102,0.2828,0.7450,0.7827,0.2954,0.2846,0.2781,0.3351,0.7083,5.9852
80600000,377883789,341982,23,7,1,3,20,0.2803,0.2977,0.2761,0.2871,0.2951,0.2929,0.2660,0.2888,0.2802,0.7732,0.8105,0.2824,0.2797,0.2914,0.3387,0.7071,6.0473
80800000,378436894,342195,22,7,1,0,2,0.2858,0.2939,0.3048,0.2730,0.2842,0.2866,0.2758,0.3064,0.2864,0.7095,0.7460,0.2970,0.2862,0.3284,0.3199,0.7093,5.9932
81000000,379014073,342374,19,7,3,2,39,0.2957,0.2967,0.3051,0.2679,0.2729,0.3087,0.2773,0.3040,0.2864,0.7402,0.7728,0.2759,0.2882,0.2805,0.3453,0.7104,6.0281
81200000,379554825,342526,18,7,1,0,31,0.2673,0.2749,0.3154,0.2747,0.2616,0.2966,0.2590,0.3079,0.2840,0.7894,0.8251,0.2923,0.2827,0.2904,0.3217,0.7095,6.0526
81400000,380106948,342696,18,7,0,0,26,0.2694,0.2698,0.2912,0.2692,0.2748,0.2953,0.2585,0.2898,0.3012,0.7120,0.7475,0.2849,0.2740,0.2948,0.3334,0.7070,5.8728
81600000,380626271,342912,18,7,1,0,26,0.2859,0.2948,0.3013,0.2738,0.2886,0.3057,0.2847,0.3165,0.2961,0.7313,0.7666,0.2979,0.3067,0.3015,0.3250,0.7115,6.0878
81800000,381153555,343135,18,7,0,0,16,0.3004,0.2989,0.3044,0.2985,0.2901,0.3050,0.2879,0.3021,0.2938,0.7201,0.7570,0.3027,0.3110,0.2916,0.3459,0.7099,6.1196
82000000,381660293,343343,17,7,0,0,17,0.2974,0.3041,0.3107,0.2947,0.3007,0.3192,0.2795,0.3160,0.2900,0.7548,0.7888,0.3033,0.2646,0.3199,0.3543,0.7107,6.2087
82200000,382201148,343394,16,7,0,0,9,0.2813,0.2638,0.3000,0.2844,0.2710,0.2772,0.2631,0.2928,0.2791,0.7917,0.8300,0.2717,0.2629,0.3006,0.3616,0.7107,6.0420
82400000,382734725,343573,19,7,0,0,143,0.2876,0.2889,0.3018,0.2689,0.2877,0.3058,0.2682,0.3071,0.2904,0.7019,0.7385,0.2796,0.2759,0.2905,0.3269,0.7129,5.9326
82600000,383306360,343719,19,7,1,0,25,0.2838,0.2629,0.3129,0.2865,0.2808,0.2848,0.2575,0.2981,0.2767,0.7272,0.7623,0.2560,0.2735,0.3033,0.3175,0.7106,5.8944
82800000,383876862,343865,19,7,0,0,23,0.2860,0.2712,0.3129,0.2828,0.2839,0.3069,0.2695,0.3065,0.2887,0.6900,0.7226,0.3097,0.2843,0.2843,0.3389,0.7117,5.9500
83000000,384488627,344033,20,7,0,0,31,0.2810,0.2462,0.2891,0.2527,0.2604,0.2850,0.2609,0.2946,0.2690,0.6946,0.7282,0.2844,0.2870,0.2897,0.3245,0.7119,5.7591
83200000,385034167,344225,18,7,2,0,37,0.2906,0.2687,0.3111,0.2732,0.2904,0.3147,0.2856,0.3137,0.3212,0.6875,0.7223,0.3205,0.2802,0.3170,0.2979,0.7124,6.0070
83400000,385597980,344401,19,7,0,0,2,0.2957,0.2714,0.3063,0.2975,0.2849,0.3275,0.2565,0.2952,0.2976,0.7157,0.7507,0.2871,0.2742,0.2987,0.3260,0.7121,5.9968
83600000,386142888,344568,20,7,0,0,14,0.2802,0.2875,0.3132,0.2785,0.2633,0.3150,0.3089,0.2961,0.2993,0.7953,0.8307,0.3131,0.2748,0.3185,0.3481,0.7129,6.2352
83800000,386696383,344727,19,7,1,0,3,0.2959,0.2728,0.2953,0.2829,0.2782,0.2840,0.2578,0.3002,0.2855,0.7532,0.7887,0.2664,0.3043,0.2952,0.3080,0.7130,5.9813
84000000,387259416,344866,21,7,0,0,5,0.2779,0.2581,0.2903,0.2856,0.2804,0.2995,0.2740,0.3011,0.2746,0.6729,0.7077,0.2793,0.2860,0.3021,0.3069,0.7143,5.8107
84200000,387824205,345061,22,7,0,0,1,0.2833,0.2581,0.3042,0.2806,0.2789,0.2948,0.2895,0.2820,0.2794,0.7262,0.7603,0.2825,0.2717,0.2986,0.3277,0.7155,5.9334
84400000,388342954,345124,20,7,2,1,20,0.2838,0.2837,0.3217,0.2649,0.2788,0.3245,0.2752,0.3038,0.2851,0.7335,0.7669,0.3054,0.2815,0.3203,0.3532,0.7153,6.0976
84600000,388834542,345292,21,7,1,0,1,0.2857,0.2984,0.3123,0.2923,0.2807,0.3216,0.2787,0.2913,0.2949,0.7623,0.7946,0.3066,0.2945,0.2829,0.3150,0.7157,6.1274
84800000,389380459,345434,21,7,2,1,51,0.2939,0.2773,0.3099,0.2802,0.2741,0.3019,0.3002,0.3149,0.2848,0.7179,0.7507,0.2955,0.2858,0.3022,0.3386,0.7164,6.0442
85000000,389918250,345661,19,7,3,0,1,0.2829,0.2812,0.2947,0.2979,0.2850,0.3148,0.2619,0.2894,0.2901,0.7144,0.7470,0.3086,0.2816,0.2836,0.3379,0.7164,5.9874
85200000,390433780,345806,19,7,1,0,12,0.2883,0.2820,0.2951,0.2713,0.2766,0.3042,0.2805,0.3096,0.2829,0.7598,0.7963,0.3014,0.2830,0.2927,0.3284,0.7176,6.0697
85400000,390959965,345990,18,7,2,1,26,0.2930,0.2865,0.2957,0.2870,0.2946,0.3056,0.2630,0.2991,0.2778,0.7566,0.7935,0.3098,0.2776,0.2998,0.3200,0.7158,6.0755
85600000,391573416,346177,20,8,0,0,0,0.2893,0.2836,0.3077,0.2676,0.2822,0.3064,0.2848,0.3049,0.2706,0.6933,0.7275,0.2939,0.2768,0.2655,0.3189,0.7170,5.8899
85800000,392171893,346374,23,8,2,0,77,0.2808,0.2800,0.2932,0.2659,0.2733,0.2856,0.2564,0.3070,0.2806,0.7530,0.7884,0.2883,0.2928,0.2737,0.3305,0.7162,5.9656
86000000,392766913,346533,23,8,0,0,0,0.2818,0.2880,0.3055,0.2590,0.2685,0.2800,0.2604,0.2932,0.2855,0.6584,0.6920,0.2858,0.3051,0.2860,0.2884,0.7178,5.7556
86200000,393315629,346688,23,8,1,1,29,0.3020,0.2647,0.3083,0.2848,0.2554,0.2952,0.2848,0.2962,0.2982,0.7319,0.7664,0.2936,0.2847,0.2893,0.3528,0.7182,6.0265
86400000,393813040,346860,22,8,0,0,294,0.2811,0.3223,0.3102,0.2821,0.2896,0.2949,0.3033,0.3193,0.3034,0.7074,0.7423,0.2993,0.2941,0.3033,0.3672,0.7183,6.1379
86600000,394359320,347006,21,8,1,0,31,0.2778,0.2659,0.3038,0.2768,0.2795,0.2967,0.2667,0.2891,0.2903,0.7165,0.7507,0.2985,0.2778,0.3080,0.3082,0.7198,5.9262
86800000,394869506,347182,21,8,1,0,99,0.2774,0.2977,0.3095,0.2907,0.2851,0.2865,0.2938,0.3016,0.2891,0.8051,0.8380,0.3007,0.2559,0.3221,0.3336,0.7191,6.2061
87000000,395382323,347370,22,8,1,0,16,0.2897,0.3012,0.3040,0.2815,0.2866,0.2997,0.2946,0.2865,0.2930,0.7626,0.7988,0.3012,0.2989,0.3143,0.3474,0.7214,6.1813
87200000,395873467,347488,24,8,0,0,36,0.2894,0.3085,0.3042,0.2851,0.3096,0.2899,0.2641,0.3085,0.2845,0.7583,0.7960,0.3022,0.2793,0.3222,0.3433,0.7205,6.1658
87400000,396426699,347664,25,8,1,0,16,0.2952,0.2758,0.3040,0.2804,0.2840,0.3089,0.2670,0.2805,0.2795,0.7389,0.7756,0.2956,0.3146,0.2960,0.3191,0.7220,6.0371
87600000,396972480,347767,23,8,0,0,21,0.2868,0.2703,0.2955,0.2869,0.2764,0.2928,0.2605,0.2791,0.2899,0.6998,0.7375,0.2829,0.2723,0.2787,0.3102,0.7189,5.8384
87800000,397461778,347866,24,8,0,0,2,0.3083,0.2736,0.3104,0.3111,0.2903,0.3184,0.2872,0.3033,0.3007,0.7100,0.7431,0.2939,0.2799,0.3086,0.3465,0.7209,6.1061
88000000,398097118,348044,23,8,0,0,45,0.2882,0.2847,0.2849,0.2764,0.2789,0.2902,0.2512,0.2928,0.2917,0.6683,0.7070,0.2794,0.2736,0.2843,0.2933,0.7236,5.7685
88200000,398683746,348204,24,8,1,0,7,0.2796,0.2701,0.2803,0.2779,0.2821,0.2935,0.2689,0.3099,0.2666,0.7265,0.7631,0.2807,0.2925,0.2939,0.3226,0.7221,5.9303
88400000,399186588,348336,28,9,1,0,105,0.3168,0.2914,0.3301,0.3022,0.2971,0.3218,0.2681,0.3262,0.2864,0.7662,0.8026,0.2945,0.2984,0.2806,0.3341,0.7224,6.2390
88600000,399714183,348461,30,10,1,0,23,0.3069,0.2760,0.2949,0.2895,0.2844,0.3384,0.2768,0.3189,0.3104,0.7375,0.7769,0.2983,0.2915,0.2993,0.3367,0.7212,6.1575
88800000,400191988,348567,27,10,3,2,104,0.3004,0.3108,0.3431,0.2892,0.2986,0.3056,0.3013,0.3153,0.3459,0.8117,0.8458,0.2886,0.2869,0.3195,0.3808,0.7223,6.4656
89000000,400698454,348656,28,10,2,1,127,0.2872,0.2656,0.2973,0.2684,0.2681,0.3347,0.2817,0.2878,0.2835,0.7792,0.8132,0.2801,0.2896,0.3047,0.3129,0.7231,6.0770
89200000,401167126,348794,27,11,0,2,36,0.2997,0.2919,0.3264,0.3058,0.2899,0.3095,0.3045,0.3294,0.3059,0.7660,0.8004,0.3018,0.3032,0.3154,0.3585,0.7212,6.3296
89400000,401680745,348979,26,11,1,0,40,0.2841,0.2856,0.2927,0.2871,0.2976,0.3068,0.2829,0.2883,0.2792,0.7698,0.8026,0.2927,0.3242,0.3027,0.3480,0.7227,6.1669
89600000,402189559,349125,27,12,0,0,40,0.2935,0.2777,0.3271,0.2727,0.2757,0.2964,0.2727,0.2972,0.2977,0.7272,0.7658,0.2823,0.3039,0.2865,0.3005,0.7232,6.0001
89800000,402694844,349323,25,12,0,1,4,0.2971,0.2802,0.2967,0.2791,0.2877,0.2885,0.2814,0.2993,0.3045,0.7437,0.7795,0.3045,0.2765,0.2988,0.3611,0.7259,6.1045
90000000,403169950,349482,25,12,2,0,106,0.3022,0.3078,0.3238,0.2958,0.2826,0.3144,0.3011,0.3288,0.3001,0.7385,0.7744,0.3071,0.3148,0.3009,0.3437,0.7269,6.2630
90200000,403709880,349666,26,12,1,0,25,0.2877,0.2685,0.3046,0.2810,0.2792,0.3125,0.3081,0.3063,0.2792,0.6840,0.7233,0.2754,0.2913,0.3260,0.3155,0.7247,5.9674
90400000,404164016,349799,23,12,3,0,69,0.3115,0.2934,0.3174,0.2748,0.3086,0.3194,0.3215,0.2938,0.3147,0.7911,0.8193,0.3254,0.3069,0.3141,0.3530,0.7249,6.3900
90600000,404639960,349971,24,14,2,1,105,0.2817,0.3118,0.3361,0.2845,0.2806,0.3036,0.3155,0.3171,0.3073,0.7581,0.7886,0.3120,0.2965,0.2925,0.3683,0.7260,6.2801
90800000,405180972,350166,25,14,1,0,48,0.2821,0.2846,0.2923,0.2829,0.2863,0.2976,0.2626,0.2945,0.3041,0.7508,0.7858,0.2951,0.2722,0.2980,0.3483,0.7253,6.0628
91000000,405619240,350265,29,14,1,0,89,0.2942,0.2926,0.3295,0.2920,0.2958,0.3241,0.2892,0.3365,0.2991,0.8224,0.8560,0.3315,0.3058,0.3191,0.3707,0.7265,6.4851
91200000,406114074,350369,28,14,3,0,64,0.2951,0.2865,0.2935,0.2888,0.2894,0.3266,0.2901,0.3027,0.3185,0.7519,0.7867,0.2880,0.2829,0.3050,0.3466,0.7244,6.1767
91400000,406576116,350478,28,14,3,0,97,0.2966,0.2810,0.3220,0.2815,0.2721,0.3074,0.3048,0.3205,0.3319,0.7211,0.7541,0.3033,0.2925,0.3201,0.3609,0.7272,6.1972
91600000,407125173,350636,26,14,0,0,38,0.2927,0.2663,0.2886,0.2753,0.2685,0.3170,0.2496,0.2806,0.2983,0.7285,0.7672,0.2980,0.2872,0.2921,0.3249,0.7263,5.9611
91800000,407606029,350772,25,14,2,1,69,0.3084,0.2850,0.3114,0.2794,0.3011,0.3124,0.2841,0.3198,0.3232,0.8076,0.8429,0.3134,0.2958,0.2882,0.3427,0.7273,6.3427
92000000,408035704,350930,26,14,0,0,43,0.2950,0.2841,0.3261,0.2992,0.2915,0.3103,0.2932,0.3212,0.3262,0.8466,0.8826,0.3262,0.3094,0.3152,0.3560,0.7267,6.5094
92200000,408542372,350975,26,14,2,0,44,0.2932,0.2774,0.3148,0.2766,0.2953,0.2864,0.2688,0.3066,0.2762,0.7036,0.7394,0.3007,0.2843,0.3121,0.3446,0.7293,6.0094
92400000,409028964,351100,31,14,1,1,65,0.2911,0.2835,0.3154,0.3052,0.2897,0.2957,0.2945,0.3040,0.3095,0.7349,0.7731,0.3004,0.2979,0.3105,0.3473,0.7296,6.1824
92600000,409510967,351162,34,14,1,0,27,0.2910,0.2740,0.3082,0.2799,0.2823,0.3040,0.2611,0.3068,0.2921,0.7946,0.8296,0.3115,0.3046,0.2891,0.3306,0.7287,6.1881
92800000,410019781,351328,32,14,3,1,182,0.2895,0.2760,0.2981,0.2641,0.2825,0.3153,0.2924,0.2962,0.2843,0.7795,0.8142,0.3035,0.3097,0.3020,0.3327,0.7279,6.1678
93000000,410495487,351426,32,14,3,1,219,0.2846,0.2705,0.3067,0.3058,0.2804,0.3306,0.3005,0.3016,0.3199,0.7994,0.8364,0.2905,0.2807,0.3169,0.3500,0.7295,6.3038
93200000,410969731,351470,33,14,0,0,116,0.3071,0.2945,0.3241,0.2853,0.2999,0.3050,0.2569,0.2857,0.3142,0.7753,0.8127,0.2997,0.3068,0.3006,0.3274,0.7280,6.2231
93400000,411501232,351611,33,14,2,0,87,0.2867,0.2799,0.3132,0.2727,0.2765,0.3070,0.2781,0.2870,0.2784,0.7526,0.7895,0.2709,0.2796,0.2890,0.3444,0.7292,6.0348
93600000,411988376,351678,34,14,1,0,15,0.2945,0.2724,0.3020,0.2857,0.2820,0.3090,0.2833,0.3151,0.2996,0.8090,0.8410,0.2800,0.2803,0.3124,0.3478,0.7297,6.2437
93800000,412531262,351861,33,14,0,0,68,0.2850,0.2998,0.3156,0.2728,0.2949,0.3177,0.2888,0.3096,0.3088,0.6636,0.7005,0.2939,0.2870,0.3236,0.3456,0.7306,6.0377
94000000,413046180,351979,37,14,1,1,127,0.2824,0.2996,0.2883,0.2782,0.2804,0.2852,0.2613,0.3084,0.2924,0.6749,0.7129,0.2865,0.2895,0.3146,0.3215,0.7293,5.9056
94200000,413542996,352053,38,14,2,0,59,0.3036,0.2918,0.3288,0.2828,0.2831,0.3048,0.2842,0.2841,0.2994,0.7976,0.8290,0.2923,0.2961,0.2944,0.3199,0.7289,6.2211
94400000,414124401,352155,40,14,0,0,150,0.2917,0.2623,0.2975,0.2656,0.2761,0.2734,0.2597,0.2783,0.2994,0.6761,0.7106,0.2784,0.2925,0.2913,0.3206,0.7296,5.8032
94600000,414623991,352285,40,14,0,0,14,0.3095,0.2787,0.3131,0.3008,0.2941,0.2946,0.2793,0.2870,0.2820,0.7864,0.8236,0.2736,0.3053,0.2982,0.3716,0.7303,6.2282
94800000,415057708,352349,35,14,2,1,96,0.3010,0.3168,0.3284,0.2828,0.2992,0.3006,0.3008,0.3500,0.3082,0.8424,0.8734,0.2917,0.3270,0.3162,0.3387,0.7286,6.5059
95000000,415538855,352543,32,14,0,1,63,0.3009,0.2842,0.3042,0.2731,0.2916,0.3137,0.2671,0.3203,0.3079,0.7489,0.7846,0.3244,0.3018,0.3226,0.3382,0.7305,6.2139
95200000,416015788,352665,32,14,1,1,31,0.2942,0.3059,0.3110,0.2633,0.3040,0.3120,0.2843,0.2987,0.3111,0.7646,0.8004,0.2842,0.2900,0.2980,0.3672,0.7302,6.2192
95400000,416474317,352785,31,14,1,1,17,0.2947,0.2756,0.3055,0.2862,0.2977,0.2925,0.2704,0.3159,0.2933,0.7869,0.8253,0.2854,0.2787,0.3190,0.3592,0.7309,6.2172
95600000,417055982,352977,32,14,1,1,5,0.2837,0.2713,0.2924,0.2750,0.2792,0.2929,0.2642,0.2911,0.2703,0.6886,0.7238,0.2989,0.2990,0.2924,0.3111,0.7318,5.8658
95800000,417551900,353106,32,14,1,0,70,0.2906,0.2924,0.3021,0.2901,0.3035,0.2970,0.2848,0.3255,0.3079,0.7480,0.7847,0.3055,0.2953,0.2958,0.3172,0.7316,6.1720
96000000,418081886,353276,29,14,0,0,9,0.2984,0.2974,0.2996,0.2974,0.3027,0.3191,0.2913,0.3176,0.3009,0.6981,0.7354,0.2874,0.2969,0.3138,0.3509,0.7313,6.1383
96200000,418547469,353377,29,14,2,1,79,0.3131,0.2610,0.2931,0.2731,0.2921,0.3045,0.2946,0.3146,0.2960,0.7739,0.8119,0.3007,0.2932,0.2878,0.3348,0.7315,6.1758
96400000,419013164,353564,33,15,0,0,29,0.3157,0.2821,0.3048,0.2981,0.3034,0.2982,0.2923,0.3214,0.3057,0.7310,0.7621,0.3246,0.3382,0.3064,0.3821,0.7321,6.2983
96600000,419497502,353654,32,16,0,0,4,0.3072,0.2927,0.3099,0.2868,0.2832,0.3032,0.2889,0.3048,0.2970,0.7803,0.8170,0.3066,0.2829,0.2816,0.3091,0.7334,6.1846
96800000,420015112,353804,33,16,2,1,104,0.2799,0.2810,0.2928,0.2911,0.2898,0.2935,0.2770,0.3088,0.3085,0.7395,0.7754,0.2910,0.2950,0.2979,0.3366,0.7332,6.0909
97000000,420542531,353882,30,16,0,2,5,0.2900,0.3062,0.3065,0.2863,0.3074,0.3071,0.2962,0.3113,0.2979,0.7538,0.7869,0.3199,0.2901,0.3161,0.3343,0.7336,6.2438
97200000,421038444,353981,32,17,1,1,19,0.2835,0.2754,0.2944,0.2827,0.3011,0.2797,0.2653,0.3066,0.2928,0.7816,0.8188,0.3022,0.2869,0.3037,0.3460,0.7340,6.1547
97400000,421506847,354078,30,17,0,0,2,0.2930,0.3282,0.2956,0.2762,0.2814,0.3279,0.3116,0.3233,0.2938,0.7881,0.8239,0.3110,0.3291,0.2961,0.3492,0.7335,6.3619
97600000,421982428,354259,26,14,1,0,3,0.2832,0.2739,0.2849,0.2897,0.2871,0.2995,0.2688,0.2807,0.2840,0.7839,0.8148,0.3108,0.2885,0.2809,0.3312,0.7364,6.0984
97800000,422533326,354398,26,14,1,0,3,0.2846,0.2889,0.2848,0.2927,0.2744,0.2871,0.2675,0.2897,0.3007,0.6871,0.7273,0.3112,0.2748,0.3001,0.3540,0.7375,5.9623
98000000,423012498,354498,24,14,0,0,18,0.2872,0.2812,0.3033,0.2817,0.3003,0.3065,0.2938,0.3339,0.3115,0.7645,0.8022,0.3204,0.3030,0.3266,0.3536,0.7362,6.3058
98200000,423501153,354540,23,14,0,0,4,0.2717,0.2800,0.2967,0.2940,0.2846,0.2763,0.2822,0.3204,0.2963,0.7134,0.7473,0.2992,0.2828,0.3107,0.3322,0.7346,6.0224
98400000,423982177,354654,22,14,1,1,3,0.2808,0.2748,0.3071,0.2707,0.2715,0.3128,0.2842,0.2843,0.2907,0.7869,0.8224,0.3016,0.2947,0.3015,0.2984,0.7332,6.1156
98600000,424481511,354805,20,14,1,0,8,0.2850,0.2770,0.2982,0.2640,0.2941,0.2845,0.2748,0.2853,0.3069,0.7863,0.8267,0.3161,0.2936,0.2962,0.3473,0.7353,6.1713
98800000,424988280,354848,21,14,0,0,7,0.3064,0.2824,0.3163,0.3027,0.2919,0.3199,0.2903,0.3329,0.3414,0.7723,0.8059,0.2981,0.2963,0.2968,0.3942,0.7348,6.3828
99000000,425524860,354940,19,14,0,1,0,0.2948,0.3024,0.3177,0.2931,0.2798,0.2960,0.2785,0.2937,0.2923,0.7275,0.7652,0.2902,0.3044,0.2921,0.3514,0.7356,6.1147
99200000,426017806,355053,19,14,1,1,5,0.3063,0.2807,0.3180,0.3109,0.3003,0.3009,0.2696,0.3144,0.3043,0.7517,0.7866,0.2991,0.2910,0.2946,0.3523,0.7361,6.2168
99400000,426523703,355213,16,14,0,1,3,0.3054,0.2911,0.3135,0.2994,0.2999,0.3181,0.2715,0.3374,0.3239,0.7290,0.7679,0.3089,0.3080,0.3241,0.3275,0.7369,6.2625
99600000,426966722,355264,16,14,1,2,4,0.2930,0.3043,0.3178,0.2963,0.3003,0.2998,0.3059,0.3136,0.3078,0.7620,0.8007,0.3031,0.2898,0.3154,0.3141,0.7354,6.2591
99800000,427410795,355349,16,14,0,0,3,0.2920,0.2747,0.3225,0.2965,0.2950,0.3094,0.2742,0.3179,0.2835,0.8485,0.8849,0.3124,0.2789,0.2941,0.3433,0.7366,6.3644
100000000,427857354,355565,16,14,0,0,0,0.2981,0.2722,0.3004,0.2847,0.2773,0.2994,0.2811,0.3003,0.3160,0.7965,0.8309,0.2939,0.2940,0.3141,0.3433,0.7375,6.2398
Report usecs used: 3167327
That is 3 seconds
Setup usecs used: 0
That is 0 seconds
Seeding usecs used: 1871312
That is 1 seconds
Random usecs used: 6780537
That is 6 seconds
Execute usecs used: 7097117
That is 7 seconds
Cell Splitting usecs used: 1727595
That is 1 seconds

real	0m28.528s
user	0m28.329s
sys	0m0.105s
